\BOOKMARK [0][-]{chapter*.1}{Preface}{}% 1
\BOOKMARK [0][-]{chapter*.2}{Abstract}{}% 2
\BOOKMARK [0][-]{chapter*.3}{List of Figures and Tables}{}% 3
\BOOKMARK [0][-]{chapter*.6}{List of Abbreviations}{}% 4
\BOOKMARK [0][-]{chapter*.7}{List of Symbols}{}% 5
\BOOKMARK [0][-]{chapter.1}{Introduction}{}% 6
\BOOKMARK [1][-]{section.1.1}{Problem Statement}{chapter.1}% 7
\BOOKMARK [1][-]{section.1.2}{Existing Solutions}{chapter.1}% 8
\BOOKMARK [1][-]{section.1.3}{Goals of this Thesis}{chapter.1}% 9
\BOOKMARK [1][-]{section.1.4}{Structure of this Thesis}{chapter.1}% 10
\BOOKMARK [0][-]{chapter.2}{Background}{}% 11
\BOOKMARK [1][-]{section.2.1}{Complexity Theory}{chapter.2}% 12
\BOOKMARK [1][-]{section.2.2}{Probability Theory}{chapter.2}% 13
\BOOKMARK [1][-]{section.2.3}{Abstract Algebra}{chapter.2}% 14
\BOOKMARK [1][-]{section.2.4}{Number Theoretic Assumptions}{chapter.2}% 15
\BOOKMARK [1][-]{section.2.5}{Bilinear Maps}{chapter.2}% 16
\BOOKMARK [1][-]{section.2.6}{Cryptography}{chapter.2}% 17
\BOOKMARK [1][-]{section.2.7}{Summary}{chapter.2}% 18
\BOOKMARK [0][-]{chapter.3}{Literature Review}{}% 19
\BOOKMARK [1][-]{section.3.1}{Public Key Infrastructures}{chapter.3}% 20
\BOOKMARK [1][-]{section.3.2}{Identity-Based Encryption}{chapter.3}% 21
\BOOKMARK [1][-]{section.3.3}{Broadcast Encryption}{chapter.3}% 22
\BOOKMARK [1][-]{section.3.4}{Secret Sharing}{chapter.3}% 23
\BOOKMARK [1][-]{section.3.5}{Distributed Key Generation}{chapter.3}% 24
\BOOKMARK [0][-]{chapter.4}{Design of a Practical Encryption Scheme for Online Social Networks}{}% 25
\BOOKMARK [1][-]{section.4.1}{Online Social Network}{chapter.4}% 26
\BOOKMARK [1][-]{section.4.2}{Issues with Current OSN Situation}{chapter.4}% 27
\BOOKMARK [1][-]{section.4.3}{Cryptographic Goals}{chapter.4}% 28
\BOOKMARK [1][-]{section.4.4}{Design Decisions}{chapter.4}% 29
\BOOKMARK [1][-]{section.4.5}{Security Model}{chapter.4}% 30
\BOOKMARK [1][-]{section.4.6}{Threat Model}{chapter.4}% 31
\BOOKMARK [1][-]{section.4.7}{Proposed Scheme}{chapter.4}% 32
\BOOKMARK [1][-]{section.4.8}{Summary}{chapter.4}% 33
\BOOKMARK [0][-]{chapter.5}{Implementation}{}% 34
\BOOKMARK [1][-]{section.5.1}{Software Architecture}{chapter.5}% 35
\BOOKMARK [1][-]{section.5.2}{Practical Design Decisions}{chapter.5}% 36
\BOOKMARK [1][-]{section.5.3}{Implemented Scheme}{chapter.5}% 37
\BOOKMARK [1][-]{section.5.4}{Evaluation}{chapter.5}% 38
\BOOKMARK [1][-]{section.5.5}{Performance Analysis}{chapter.5}% 39
\BOOKMARK [1][-]{section.5.6}{Conclusion}{chapter.5}% 40
\BOOKMARK [0][-]{chapter.6}{Conclusion}{}% 41
\BOOKMARK [0][-]{appendix.A}{Gentry's IBE Scheme}{}% 42
\BOOKMARK [0][-]{appendix.B}{Installing and Executing the Code}{}% 43
\BOOKMARK [1][-]{section.B.1}{Setting up the DKG}{appendix.B}% 44
\BOOKMARK [1][-]{section.B.2}{Setting up Scramble}{appendix.B}% 45
\BOOKMARK [0][-]{appendix.C}{Dutch Summary}{}% 46
\BOOKMARK [0][-]{appendix.D}{English Paper}{}% 47
\BOOKMARK [0][-]{section*.38}{Bibliography}{}% 48
