-Run node 12 starting at 1316051237.743173 with version 5.2
-Function node 12 starting at 1316051247.743553
LEADER_CHANGE 1 for * SENT from 12 to 1 at 1316051247.745977 standard 1
VSS_SEND 14 for * RECEIVED from 1 to 12 at 1316051247.746534
VSSECHO_STAGE3 * for * SENT from * to * at 1316051247.767294
VSSECHO_STAGE4 * for * SENT from * to * at 1316051247.767393
BEFORE_LOCK * for 1 SENT from 12 to 1 at 1316051247.767400 standard 1
AFTER_LOCK * for 1 SENT from 12 to 1 at 1316051247.767400 standard 1
AFTER_AFTER_LOCK * for 1 SENT from 12 to 1 at 1316051247.767671 standard 1
AFTER_LOCK2 * for 1 SENT from 12 to 1 at 1316051247.767671 standard 1
VSS_ECHO 4 for 1 SENT from 12 to 1 at 1316051247.767691 standard 1
VSSECHO_STAGE3 * for * SENT from * to * at 1316051247.767706
VSSECHO_STAGE4 * for * SENT from * to * at 1316051247.767908
BEFORE_LOCK * for 1 SENT from 12 to 2 at 1316051247.767916 standard 1
AFTER_LOCK * for 1 SENT from 12 to 2 at 1316051247.767916 standard 1
AFTER_AFTER_LOCK * for 1 SENT from 12 to 2 at 1316051247.767927 standard 1
AFTER_LOCK2 * for 1 SENT from 12 to 2 at 1316051247.767928 standard 1
VSS_ECHO 5 for 1 SENT from 12 to 2 at 1316051247.767945 standard 1
VSSECHO_STAGE3 * for * SENT from * to * at 1316051247.767960
VSSECHO_STAGE4 * for * SENT from * to * at 1316051247.768037
BEFORE_LOCK * for 1 SENT from 12 to 3 at 1316051247.768043 standard 1
AFTER_LOCK * for 1 SENT from 12 to 3 at 1316051247.768044 standard 1
AFTER_AFTER_LOCK * for 1 SENT from 12 to 3 at 1316051247.768067 standard 1
AFTER_LOCK2 * for 1 SENT from 12 to 3 at 1316051247.768067 standard 1
VSS_ECHO 6 for 1 SENT from 12 to 3 at 1316051247.768085 standard 1
VSSECHO_STAGE3 * for * SENT from * to * at 1316051247.768097
VSSECHO_STAGE4 * for * SENT from * to * at 1316051247.768181
BEFORE_LOCK * for 1 SENT from 12 to 4 at 1316051247.768186 standard 1
AFTER_LOCK * for 1 SENT from 12 to 4 at 1316051247.768187 standard 1
AFTER_AFTER_LOCK * for 1 SENT from 12 to 4 at 1316051247.768295 standard 1
AFTER_LOCK2 * for 1 SENT from 12 to 4 at 1316051247.768295 standard 1
VSS_ECHO 7 for 1 SENT from 12 to 4 at 1316051247.768313 standard 1
VSSECHO_STAGE3 * for * SENT from * to * at 1316051247.768326
VSSECHO_STAGE4 * for * SENT from * to * at 1316051247.768399
BEFORE_LOCK * for 1 SENT from 12 to 5 at 1316051247.768404 standard 1
AFTER_LOCK * for 1 SENT from 12 to 5 at 1316051247.768405 standard 1
AFTER_AFTER_LOCK * for 1 SENT from 12 to 5 at 1316051247.768426 standard 1
AFTER_LOCK2 * for 1 SENT from 12 to 5 at 1316051247.768427 standard 1
VSS_ECHO 8 for 1 SENT from 12 to 5 at 1316051247.768901 standard 1
VSSECHO_STAGE3 * for * SENT from * to * at 1316051247.768915
VSSECHO_STAGE4 * for * SENT from * to * at 1316051247.768989
BEFORE_LOCK * for 1 SENT from 12 to 6 at 1316051247.768994 standard 1
AFTER_LOCK * for 1 SENT from 12 to 6 at 1316051247.768995 standard 1
AFTER_AFTER_LOCK * for 1 SENT from 12 to 6 at 1316051247.769121 standard 1
AFTER_LOCK2 * for 1 SENT from 12 to 6 at 1316051247.769122 standard 1
VSS_ECHO 9 for 1 SENT from 12 to 6 at 1316051247.769153 standard 1
VSSECHO_STAGE3 * for * SENT from * to * at 1316051247.769165
VSSECHO_STAGE4 * for * SENT from * to * at 1316051247.769290
BEFORE_LOCK * for 1 SENT from 12 to 7 at 1316051247.769296 standard 1
AFTER_LOCK * for 1 SENT from 12 to 7 at 1316051247.769297 standard 1
AFTER_AFTER_LOCK * for 1 SENT from 12 to 7 at 1316051247.769483 standard 1
AFTER_LOCK2 * for 1 SENT from 12 to 7 at 1316051247.769484 standard 1
VSS_ECHO 10 for 1 SENT from 12 to 7 at 1316051247.769640 standard 1
VSSECHO_STAGE3 * for * SENT from * to * at 1316051247.769951
VSSECHO_STAGE4 * for * SENT from * to * at 1316051247.770032
BEFORE_LOCK * for 1 SENT from 12 to 8 at 1316051247.770037 standard 1
AFTER_LOCK * for 1 SENT from 12 to 8 at 1316051247.770038 standard 1
AFTER_AFTER_LOCK * for 1 SENT from 12 to 8 at 1316051247.770670 standard 1
AFTER_LOCK2 * for 1 SENT from 12 to 8 at 1316051247.770670 standard 1
VSS_ECHO 11 for 1 SENT from 12 to 8 at 1316051247.770690 standard 1
VSSECHO_STAGE3 * for * SENT from * to * at 1316051247.770704
VSSECHO_STAGE4 * for * SENT from * to * at 1316051247.770778
BEFORE_LOCK * for 1 SENT from 12 to 9 at 1316051247.770812 standard 1
AFTER_LOCK * for 1 SENT from 12 to 9 at 1316051247.770813 standard 1
AFTER_AFTER_LOCK * for 1 SENT from 12 to 9 at 1316051247.770922 standard 1
AFTER_LOCK2 * for 1 SENT from 12 to 9 at 1316051247.770922 standard 1
VSS_ECHO 12 for 1 SENT from 12 to 9 at 1316051247.770940 standard 1
VSSECHO_STAGE3 * for * SENT from * to * at 1316051247.770953
VSSECHO_STAGE4 * for * SENT from * to * at 1316051247.771026
BEFORE_LOCK * for 1 SENT from 12 to 10 at 1316051247.771031 standard 1
AFTER_LOCK * for 1 SENT from 12 to 10 at 1316051247.771032 standard 1
AFTER_AFTER_LOCK * for 1 SENT from 12 to 10 at 1316051247.771052 standard 1
AFTER_LOCK2 * for 1 SENT from 12 to 10 at 1316051247.771052 standard 1
VSS_ECHO 13 for 1 SENT from 12 to 10 at 1316051247.771070 standard 1
VSSECHO_STAGE3 * for * SENT from * to * at 1316051247.771082
VSSECHO_STAGE4 * for * SENT from * to * at 1316051247.771159
BEFORE_LOCK * for 1 SENT from 12 to 11 at 1316051247.771165 standard 1
AFTER_LOCK * for 1 SENT from 12 to 11 at 1316051247.771165 standard 1
AFTER_AFTER_LOCK * for 1 SENT from 12 to 11 at 1316051247.771186 standard 1
AFTER_LOCK2 * for 1 SENT from 12 to 11 at 1316051247.771186 standard 1
VSS_ECHO 14 for 1 SENT from 12 to 11 at 1316051247.771203 standard 1
VSSECHO_STAGE3 * for * SENT from * to * at 1316051247.771216
VSSECHO_STAGE4 * for * SENT from * to * at 1316051247.771292
BEFORE_LOCK * for 1 SENT from 12 to 12 at 1316051247.771297 standard 1
AFTER_LOCK * for 1 SENT from 12 to 12 at 1316051247.771298 standard 1
AFTER_AFTER_LOCK * for 1 SENT from 12 to 12 at 1316051247.771413 standard 1
AFTER_LOCK2 * for 1 SENT from 12 to 12 at 1316051247.771413 standard 1
VSS_ECHO 15 for 1 SENT from 12 to 12 at 1316051247.771431 standard 1
VSSECHO_STAGE3 * for * SENT from * to * at 1316051247.771444
VSSECHO_STAGE4 * for * SENT from * to * at 1316051247.771521
BEFORE_LOCK * for 1 SENT from 12 to 13 at 1316051247.771527 standard 1
AFTER_LOCK * for 1 SENT from 12 to 13 at 1316051247.771528 standard 1
AFTER_AFTER_LOCK * for 1 SENT from 12 to 13 at 1316051247.771555 standard 1
AFTER_LOCK2 * for 1 SENT from 12 to 13 at 1316051247.771556 standard 1
VSS_ECHO 16 for 1 SENT from 12 to 13 at 1316051247.771574 standard 1
VSSECHO_STAGE3 * for * SENT from * to * at 1316051247.771586
VSSECHO_STAGE4 * for * SENT from * to * at 1316051247.771659
BEFORE_LOCK * for 1 SENT from 12 to 14 at 1316051247.771665 standard 1
AFTER_LOCK * for 1 SENT from 12 to 14 at 1316051247.771666 standard 1
AFTER_AFTER_LOCK * for 1 SENT from 12 to 14 at 1316051247.771742 standard 1
AFTER_LOCK2 * for 1 SENT from 12 to 14 at 1316051247.771743 standard 1
VSS_ECHO 17 for 1 SENT from 12 to 14 at 1316051247.771762 standard 1
VSSECHO_STAGE3 * for * SENT from * to * at 1316051247.771775
VSSECHO_STAGE4 * for * SENT from * to * at 1316051247.771848
BEFORE_LOCK * for 1 SENT from 12 to 15 at 1316051247.771855 standard 1
AFTER_LOCK * for 1 SENT from 12 to 15 at 1316051247.771856 standard 1
AFTER_AFTER_LOCK * for 1 SENT from 12 to 15 at 1316051247.771876 standard 1
AFTER_LOCK2 * for 1 SENT from 12 to 15 at 1316051247.771876 standard 1
VSS_ECHO 18 for 1 SENT from 12 to 15 at 1316051247.771894 standard 1
VSSECHO_STAGE3 * for * SENT from * to * at 1316051247.771907
VSSECHO_STAGE4 * for * SENT from * to * at 1316051247.771979
BEFORE_LOCK * for 1 SENT from 12 to 16 at 1316051247.771985 standard 1
AFTER_LOCK * for 1 SENT from 12 to 16 at 1316051247.771986 standard 1
AFTER_AFTER_LOCK * for 1 SENT from 12 to 16 at 1316051247.772007 standard 1
AFTER_LOCK2 * for 1 SENT from 12 to 16 at 1316051247.772007 standard 1
VSS_ECHO 19 for 1 SENT from 12 to 16 at 1316051247.772025 standard 1
VSSECHO_STAGE3 * for * SENT from * to * at 1316051247.772037
VSSECHO_STAGE4 * for * SENT from * to * at 1316051247.772109
BEFORE_LOCK * for 1 SENT from 12 to 17 at 1316051247.772115 standard 1
AFTER_LOCK * for 1 SENT from 12 to 17 at 1316051247.772116 standard 1
AFTER_AFTER_LOCK * for 1 SENT from 12 to 17 at 1316051247.772138 standard 1
AFTER_LOCK2 * for 1 SENT from 12 to 17 at 1316051247.772139 standard 1
VSS_ECHO 20 for 1 SENT from 12 to 17 at 1316051247.772172 standard 1
VSSECHO_STAGE3 * for * SENT from * to * at 1316051247.772184
VSSECHO_STAGE4 * for * SENT from * to * at 1316051247.772257
BEFORE_LOCK * for 1 SENT from 12 to 18 at 1316051247.772262 standard 1
AFTER_LOCK * for 1 SENT from 12 to 18 at 1316051247.772263 standard 1
AFTER_AFTER_LOCK * for 1 SENT from 12 to 18 at 1316051247.772282 standard 1
AFTER_LOCK2 * for 1 SENT from 12 to 18 at 1316051247.772283 standard 1
VSS_ECHO 21 for 1 SENT from 12 to 18 at 1316051247.772300 standard 1
VSSECHO_STAGE3 * for * SENT from * to * at 1316051247.772312
VSSECHO_STAGE4 * for * SENT from * to * at 1316051247.772397
BEFORE_LOCK * for 1 SENT from 12 to 19 at 1316051247.772403 standard 1
AFTER_LOCK * for 1 SENT from 12 to 19 at 1316051247.772403 standard 1
AFTER_AFTER_LOCK * for 1 SENT from 12 to 19 at 1316051247.772423 standard 1
AFTER_LOCK2 * for 1 SENT from 12 to 19 at 1316051247.772424 standard 1
VSS_ECHO 22 for 1 SENT from 12 to 19 at 1316051247.772441 standard 1
VSSECHO_STAGE3 * for * SENT from * to * at 1316051247.772454
VSSECHO_STAGE4 * for * SENT from * to * at 1316051247.772527
BEFORE_LOCK * for 1 SENT from 12 to 20 at 1316051247.772533 standard 1
AFTER_LOCK * for 1 SENT from 12 to 20 at 1316051247.772533 standard 1
AFTER_AFTER_LOCK * for 1 SENT from 12 to 20 at 1316051247.772733 standard 1
AFTER_LOCK2 * for 1 SENT from 12 to 20 at 1316051247.772734 standard 1
VSS_ECHO 23 for 1 SENT from 12 to 20 at 1316051247.772754 standard 1
VSS_ECHO 15 for 1 RECEIVED from 12 to 12 at 1316051247.773563
VSS_READY 213 for 1 RECEIVED from 1 to 12 at 1316051251.445659
VSS_ECHO 15 for 1 RECEIVED from 7 to 12 at 1316051251.464513
VSS_ECHO 15 for 1 RECEIVED from 6 to 12 at 1316051251.475419
VSS_ECHO 15 for 1 RECEIVED from 9 to 12 at 1316051251.486079
VSS_ECHO 15 for 1 RECEIVED from 16 to 12 at 1316051251.496815
VSS_ECHO 15 for 1 RECEIVED from 17 to 12 at 1316051251.507603
VSS_ECHO 15 for 1 RECEIVED from 18 to 12 at 1316051251.518316
VSS_ECHO 15 for 1 RECEIVED from 19 to 12 at 1316051251.529013
VSS_ECHO 15 for 1 RECEIVED from 14 to 12 at 1316051251.540940
VSS_ECHO 15 for 1 RECEIVED from 15 to 12 at 1316051251.551676
VSS_READY 47 for 1 RECEIVED from 17 to 12 at 1316051251.562473
VSS_READY 47 for 1 RECEIVED from 14 to 12 at 1316051251.599091



============================================
*1ENOUGH VSS_READY message for 12 at 1316051251.599091
*Threshold : Ready = 3
*Received Ready Message Num = 3
*Ready messages are sending out...
============================================

BEFORE_LOCK * for 1 SENT from 12 to 1 at 1316051251.621757 standard 1
AFTER_LOCK * for 1 SENT from 12 to 1 at 1316051251.621759 standard 1
AFTER_AFTER_LOCK * for 1 SENT from 12 to 1 at 1316051251.621833 standard 1
AFTER_LOCK2 * for 1 SENT from 12 to 1 at 1316051251.621833 standard 1
VSS_READY 52 for 1 SENT from 12 to 1 at 1316051251.621834 standard 1
BEFORE_LOCK * for 1 SENT from 12 to 2 at 1316051251.623883 standard 1
AFTER_LOCK * for 1 SENT from 12 to 2 at 1316051251.623884 standard 1
AFTER_AFTER_LOCK * for 1 SENT from 12 to 2 at 1316051251.624165 standard 1
AFTER_LOCK2 * for 1 SENT from 12 to 2 at 1316051251.624165 standard 1
VSS_READY 53 for 1 SENT from 12 to 2 at 1316051251.624165 standard 1
BEFORE_LOCK * for 1 SENT from 12 to 3 at 1316051251.626366 standard 1
AFTER_LOCK * for 1 SENT from 12 to 3 at 1316051251.626367 standard 1
AFTER_AFTER_LOCK * for 1 SENT from 12 to 3 at 1316051251.626450 standard 1
AFTER_LOCK2 * for 1 SENT from 12 to 3 at 1316051251.626450 standard 1
VSS_READY 54 for 1 SENT from 12 to 3 at 1316051251.626450 standard 1
BEFORE_LOCK * for 1 SENT from 12 to 4 at 1316051251.628653 standard 1
AFTER_LOCK * for 1 SENT from 12 to 4 at 1316051251.628654 standard 1
AFTER_AFTER_LOCK * for 1 SENT from 12 to 4 at 1316051251.628712 standard 1
AFTER_LOCK2 * for 1 SENT from 12 to 4 at 1316051251.628713 standard 1
VSS_READY 55 for 1 SENT from 12 to 4 at 1316051251.628713 standard 1
BEFORE_LOCK * for 1 SENT from 12 to 5 at 1316051251.630853 standard 1
AFTER_LOCK * for 1 SENT from 12 to 5 at 1316051251.630854 standard 1
AFTER_AFTER_LOCK * for 1 SENT from 12 to 5 at 1316051251.630961 standard 1
AFTER_LOCK2 * for 1 SENT from 12 to 5 at 1316051251.630961 standard 1
VSS_READY 56 for 1 SENT from 12 to 5 at 1316051251.630962 standard 1
BEFORE_LOCK * for 1 SENT from 12 to 6 at 1316051251.633509 standard 1
AFTER_LOCK * for 1 SENT from 12 to 6 at 1316051251.633510 standard 1
AFTER_AFTER_LOCK * for 1 SENT from 12 to 6 at 1316051251.633644 standard 1
AFTER_LOCK2 * for 1 SENT from 12 to 6 at 1316051251.633644 standard 1
VSS_READY 57 for 1 SENT from 12 to 6 at 1316051251.633644 standard 1
BEFORE_LOCK * for 1 SENT from 12 to 7 at 1316051251.635836 standard 1
AFTER_LOCK * for 1 SENT from 12 to 7 at 1316051251.635837 standard 1
AFTER_AFTER_LOCK * for 1 SENT from 12 to 7 at 1316051251.635898 standard 1
AFTER_LOCK2 * for 1 SENT from 12 to 7 at 1316051251.635899 standard 1
VSS_READY 58 for 1 SENT from 12 to 7 at 1316051251.635899 standard 1
BEFORE_LOCK * for 1 SENT from 12 to 8 at 1316051251.638199 standard 1
AFTER_LOCK * for 1 SENT from 12 to 8 at 1316051251.638199 standard 1
AFTER_AFTER_LOCK * for 1 SENT from 12 to 8 at 1316051251.638200 standard 1
AFTER_LOCK2 * for 1 SENT from 12 to 8 at 1316051251.638200 standard 1
VSS_READY 59 for 1 SENT from 12 to 8 at 1316051251.638200 standard 1
BEFORE_LOCK * for 1 SENT from 12 to 9 at 1316051251.640281 standard 1
AFTER_LOCK * for 1 SENT from 12 to 9 at 1316051251.640282 standard 1
AFTER_AFTER_LOCK * for 1 SENT from 12 to 9 at 1316051251.640370 standard 1
AFTER_LOCK2 * for 1 SENT from 12 to 9 at 1316051251.640370 standard 1
VSS_READY 60 for 1 SENT from 12 to 9 at 1316051251.640370 standard 1
BEFORE_LOCK * for 1 SENT from 12 to 10 at 1316051251.642670 standard 1
AFTER_LOCK * for 1 SENT from 12 to 10 at 1316051251.642671 standard 1
AFTER_AFTER_LOCK * for 1 SENT from 12 to 10 at 1316051251.642786 standard 1
AFTER_LOCK2 * for 1 SENT from 12 to 10 at 1316051251.642786 standard 1
VSS_READY 61 for 1 SENT from 12 to 10 at 1316051251.642786 standard 1
BEFORE_LOCK * for 1 SENT from 12 to 11 at 1316051251.644890 standard 1
AFTER_LOCK * for 1 SENT from 12 to 11 at 1316051251.644891 standard 1
AFTER_AFTER_LOCK * for 1 SENT from 12 to 11 at 1316051251.644951 standard 1
AFTER_LOCK2 * for 1 SENT from 12 to 11 at 1316051251.644951 standard 1
VSS_READY 62 for 1 SENT from 12 to 11 at 1316051251.644951 standard 1
BEFORE_LOCK * for 1 SENT from 12 to 12 at 1316051251.647070 standard 1
AFTER_LOCK * for 1 SENT from 12 to 12 at 1316051251.647071 standard 1
AFTER_AFTER_LOCK * for 1 SENT from 12 to 12 at 1316051251.647131 standard 1
AFTER_LOCK2 * for 1 SENT from 12 to 12 at 1316051251.647131 standard 1
VSS_READY 63 for 1 SENT from 12 to 12 at 1316051251.647132 standard 1
BEFORE_LOCK * for 1 SENT from 12 to 13 at 1316051251.649680 standard 1
AFTER_LOCK * for 1 SENT from 12 to 13 at 1316051251.649681 standard 1
AFTER_AFTER_LOCK * for 1 SENT from 12 to 13 at 1316051251.649681 standard 1
AFTER_LOCK2 * for 1 SENT from 12 to 13 at 1316051251.649682 standard 1
VSS_READY 64 for 1 SENT from 12 to 13 at 1316051251.649682 standard 1
BEFORE_LOCK * for 1 SENT from 12 to 14 at 1316051251.651873 standard 1
AFTER_LOCK * for 1 SENT from 12 to 14 at 1316051251.651873 standard 1
AFTER_AFTER_LOCK * for 1 SENT from 12 to 14 at 1316051251.651959 standard 1
AFTER_LOCK2 * for 1 SENT from 12 to 14 at 1316051251.651959 standard 1
VSS_READY 65 for 1 SENT from 12 to 14 at 1316051251.651959 standard 1
BEFORE_LOCK * for 1 SENT from 12 to 15 at 1316051251.654005 standard 1
AFTER_LOCK * for 1 SENT from 12 to 15 at 1316051251.654006 standard 1
AFTER_AFTER_LOCK * for 1 SENT from 12 to 15 at 1316051251.654064 standard 1
AFTER_LOCK2 * for 1 SENT from 12 to 15 at 1316051251.654064 standard 1
VSS_READY 66 for 1 SENT from 12 to 15 at 1316051251.654064 standard 1
BEFORE_LOCK * for 1 SENT from 12 to 16 at 1316051251.656182 standard 1
AFTER_LOCK * for 1 SENT from 12 to 16 at 1316051251.656182 standard 1
AFTER_AFTER_LOCK * for 1 SENT from 12 to 16 at 1316051251.656275 standard 1
AFTER_LOCK2 * for 1 SENT from 12 to 16 at 1316051251.656275 standard 1
VSS_READY 67 for 1 SENT from 12 to 16 at 1316051251.656276 standard 1
BEFORE_LOCK * for 1 SENT from 12 to 17 at 1316051251.658649 standard 1
AFTER_LOCK * for 1 SENT from 12 to 17 at 1316051251.658649 standard 1
AFTER_AFTER_LOCK * for 1 SENT from 12 to 17 at 1316051251.658747 standard 1
AFTER_LOCK2 * for 1 SENT from 12 to 17 at 1316051251.658747 standard 1
VSS_READY 68 for 1 SENT from 12 to 17 at 1316051251.658748 standard 1
BEFORE_LOCK * for 1 SENT from 12 to 18 at 1316051251.661045 standard 1
AFTER_LOCK * for 1 SENT from 12 to 18 at 1316051251.661045 standard 1
AFTER_AFTER_LOCK * for 1 SENT from 12 to 18 at 1316051251.661170 standard 1
AFTER_LOCK2 * for 1 SENT from 12 to 18 at 1316051251.661170 standard 1
VSS_READY 69 for 1 SENT from 12 to 18 at 1316051251.661171 standard 1
BEFORE_LOCK * for 1 SENT from 12 to 19 at 1316051251.663338 standard 1
AFTER_LOCK * for 1 SENT from 12 to 19 at 1316051251.663339 standard 1
AFTER_AFTER_LOCK * for 1 SENT from 12 to 19 at 1316051251.663433 standard 1
AFTER_LOCK2 * for 1 SENT from 12 to 19 at 1316051251.663433 standard 1
VSS_READY 70 for 1 SENT from 12 to 19 at 1316051251.663433 standard 1
BEFORE_LOCK * for 1 SENT from 12 to 20 at 1316051251.665581 standard 1
AFTER_LOCK * for 1 SENT from 12 to 20 at 1316051251.665581 standard 1
AFTER_AFTER_LOCK * for 1 SENT from 12 to 20 at 1316051251.665581 standard 1
AFTER_LOCK2 * for 1 SENT from 12 to 20 at 1316051251.665582 standard 1
VSS_READY 71 for 1 SENT from 12 to 20 at 1316051251.665582 standard 1
VSS_READY 64 for 1 RECEIVED from 9 to 12 at 1316051251.665628
VSS_READY 63 for 1 RECEIVED from 12 to 12 at 1316051251.684033
VSS_READY 47 for 1 RECEIVED from 15 to 12 at 1316051251.702564
VSS_READY 40 for 1 RECEIVED from 11 to 12 at 1316051251.777240
VSS_READY 62 for 1 RECEIVED from 7 to 12 at 1316051251.801980
VSS_READY 61 for 1 RECEIVED from 16 to 12 at 1316051251.820460
VSS_ECHO 41 for 1 RECEIVED from 4 to 12 at 1316051251.859001
VSS_READY 60 for 1 RECEIVED from 19 to 12 at 1316051251.871461
VSS_ECHO 123 for 4 RECEIVED from 17 to 12 at 1316051252.004772
VSS_ECHO 303 for 4 RECEIVED from 1 to 12 at 1316051252.016411
VSS_SEND 14 for * RECEIVED from 4 to 12 at 1316051252.028272
VSSECHO_STAGE3 * for * SENT from * to * at 1316051252.048718
VSSECHO_STAGE4 * for * SENT from * to * at 1316051252.048905
BEFORE_LOCK * for 4 SENT from 12 to 1 at 1316051252.048913 standard 1
AFTER_LOCK * for 4 SENT from 12 to 1 at 1316051252.048915 standard 1
AFTER_AFTER_LOCK * for 4 SENT from 12 to 1 at 1316051252.049055 standard 1
AFTER_LOCK2 * for 4 SENT from 12 to 1 at 1316051252.049055 standard 1
VSS_ECHO 118 for 4 SENT from 12 to 1 at 1316051252.049074 standard 1
VSSECHO_STAGE3 * for * SENT from * to * at 1316051252.049087
VSSECHO_STAGE4 * for * SENT from * to * at 1316051252.049178
BEFORE_LOCK * for 4 SENT from 12 to 2 at 1316051252.049184 standard 1
AFTER_LOCK * for 4 SENT from 12 to 2 at 1316051252.049184 standard 1
AFTER_AFTER_LOCK * for 4 SENT from 12 to 2 at 1316051252.049194 standard 1
AFTER_LOCK2 * for 4 SENT from 12 to 2 at 1316051252.049194 standard 1
VSS_ECHO 119 for 4 SENT from 12 to 2 at 1316051252.049212 standard 1
VSSECHO_STAGE3 * for * SENT from * to * at 1316051252.049225
VSSECHO_STAGE4 * for * SENT from * to * at 1316051252.049303
BEFORE_LOCK * for 4 SENT from 12 to 3 at 1316051252.049308 standard 1
AFTER_LOCK * for 4 SENT from 12 to 3 at 1316051252.049309 standard 1
AFTER_AFTER_LOCK * for 4 SENT from 12 to 3 at 1316051252.049318 standard 1
AFTER_LOCK2 * for 4 SENT from 12 to 3 at 1316051252.049319 standard 1
VSS_ECHO 120 for 4 SENT from 12 to 3 at 1316051252.049337 standard 1
VSSECHO_STAGE3 * for * SENT from * to * at 1316051252.049349
VSSECHO_STAGE4 * for * SENT from * to * at 1316051252.049423
BEFORE_LOCK * for 4 SENT from 12 to 4 at 1316051252.049428 standard 1
AFTER_LOCK * for 4 SENT from 12 to 4 at 1316051252.049429 standard 1
AFTER_AFTER_LOCK * for 4 SENT from 12 to 4 at 1316051252.049437 standard 1
AFTER_LOCK2 * for 4 SENT from 12 to 4 at 1316051252.049437 standard 1
VSS_ECHO 121 for 4 SENT from 12 to 4 at 1316051252.049454 standard 1
VSSECHO_STAGE3 * for * SENT from * to * at 1316051252.049493
VSSECHO_STAGE4 * for * SENT from * to * at 1316051252.049566
BEFORE_LOCK * for 4 SENT from 12 to 5 at 1316051252.049572 standard 1
AFTER_LOCK * for 4 SENT from 12 to 5 at 1316051252.049573 standard 1
AFTER_AFTER_LOCK * for 4 SENT from 12 to 5 at 1316051252.049581 standard 1
AFTER_LOCK2 * for 4 SENT from 12 to 5 at 1316051252.049582 standard 1
VSS_ECHO 122 for 4 SENT from 12 to 5 at 1316051252.049599 standard 1
VSSECHO_STAGE3 * for * SENT from * to * at 1316051252.049611
VSSECHO_STAGE4 * for * SENT from * to * at 1316051252.049683
BEFORE_LOCK * for 4 SENT from 12 to 6 at 1316051252.049688 standard 1
AFTER_LOCK * for 4 SENT from 12 to 6 at 1316051252.049689 standard 1
AFTER_AFTER_LOCK * for 4 SENT from 12 to 6 at 1316051252.049772 standard 1
AFTER_LOCK2 * for 4 SENT from 12 to 6 at 1316051252.049772 standard 1
VSS_ECHO 123 for 4 SENT from 12 to 6 at 1316051252.049791 standard 1
VSSECHO_STAGE3 * for * SENT from * to * at 1316051252.049804
VSSECHO_STAGE4 * for * SENT from * to * at 1316051252.049964
BEFORE_LOCK * for 4 SENT from 12 to 7 at 1316051252.049971 standard 1
AFTER_LOCK * for 4 SENT from 12 to 7 at 1316051252.049972 standard 1
AFTER_AFTER_LOCK * for 4 SENT from 12 to 7 at 1316051252.049982 standard 1
AFTER_LOCK2 * for 4 SENT from 12 to 7 at 1316051252.049983 standard 1
VSS_ECHO 124 for 4 SENT from 12 to 7 at 1316051252.050001 standard 1
VSSECHO_STAGE3 * for * SENT from * to * at 1316051252.050013
VSSECHO_STAGE4 * for * SENT from * to * at 1316051252.050088
BEFORE_LOCK * for 4 SENT from 12 to 8 at 1316051252.050093 standard 1
AFTER_LOCK * for 4 SENT from 12 to 8 at 1316051252.050094 standard 1
AFTER_AFTER_LOCK * for 4 SENT from 12 to 8 at 1316051252.050094 standard 1
AFTER_LOCK2 * for 4 SENT from 12 to 8 at 1316051252.050095 standard 1
VSS_ECHO 125 for 4 SENT from 12 to 8 at 1316051252.050110 standard 1
VSSECHO_STAGE3 * for * SENT from * to * at 1316051252.050121
VSSECHO_STAGE4 * for * SENT from * to * at 1316051252.050194
BEFORE_LOCK * for 4 SENT from 12 to 9 at 1316051252.050199 standard 1
AFTER_LOCK * for 4 SENT from 12 to 9 at 1316051252.050200 standard 1
AFTER_AFTER_LOCK * for 4 SENT from 12 to 9 at 1316051252.050209 standard 1
AFTER_LOCK2 * for 4 SENT from 12 to 9 at 1316051252.050210 standard 1
VSS_ECHO 126 for 4 SENT from 12 to 9 at 1316051252.050228 standard 1
VSSECHO_STAGE3 * for * SENT from * to * at 1316051252.050239
VSSECHO_STAGE4 * for * SENT from * to * at 1316051252.050312
BEFORE_LOCK * for 4 SENT from 12 to 10 at 1316051252.050317 standard 1
AFTER_LOCK * for 4 SENT from 12 to 10 at 1316051252.050318 standard 1
AFTER_AFTER_LOCK * for 4 SENT from 12 to 10 at 1316051252.050327 standard 1
AFTER_LOCK2 * for 4 SENT from 12 to 10 at 1316051252.050328 standard 1
VSS_ECHO 127 for 4 SENT from 12 to 10 at 1316051252.050349 standard 1
VSSECHO_STAGE3 * for * SENT from * to * at 1316051252.050362
VSSECHO_STAGE4 * for * SENT from * to * at 1316051252.050543
BEFORE_LOCK * for 4 SENT from 12 to 11 at 1316051252.050549 standard 1
AFTER_LOCK * for 4 SENT from 12 to 11 at 1316051252.050550 standard 1
AFTER_AFTER_LOCK * for 4 SENT from 12 to 11 at 1316051252.050613 standard 1
AFTER_LOCK2 * for 4 SENT from 12 to 11 at 1316051252.050614 standard 1
VSS_ECHO 128 for 4 SENT from 12 to 11 at 1316051252.050707 standard 1
VSSECHO_STAGE3 * for * SENT from * to * at 1316051252.050721
VSSECHO_STAGE4 * for * SENT from * to * at 1316051252.050793
BEFORE_LOCK * for 4 SENT from 12 to 12 at 1316051252.050799 standard 1
AFTER_LOCK * for 4 SENT from 12 to 12 at 1316051252.050800 standard 1
AFTER_AFTER_LOCK * for 4 SENT from 12 to 12 at 1316051252.050811 standard 1
AFTER_LOCK2 * for 4 SENT from 12 to 12 at 1316051252.050811 standard 1
VSS_ECHO 129 for 4 SENT from 12 to 12 at 1316051252.050829 standard 1
VSSECHO_STAGE3 * for * SENT from * to * at 1316051252.050841
VSSECHO_STAGE4 * for * SENT from * to * at 1316051252.050918
BEFORE_LOCK * for 4 SENT from 12 to 13 at 1316051252.050923 standard 1
AFTER_LOCK * for 4 SENT from 12 to 13 at 1316051252.050924 standard 1
AFTER_AFTER_LOCK * for 4 SENT from 12 to 13 at 1316051252.050925 standard 1
AFTER_LOCK2 * for 4 SENT from 12 to 13 at 1316051252.050925 standard 1
VSS_ECHO 130 for 4 SENT from 12 to 13 at 1316051252.050955 standard 1
VSSECHO_STAGE3 * for * SENT from * to * at 1316051252.050966
VSSECHO_STAGE4 * for * SENT from * to * at 1316051252.051038
BEFORE_LOCK * for 4 SENT from 12 to 14 at 1316051252.051044 standard 1
AFTER_LOCK * for 4 SENT from 12 to 14 at 1316051252.051044 standard 1
AFTER_AFTER_LOCK * for 4 SENT from 12 to 14 at 1316051252.051053 standard 1
AFTER_LOCK2 * for 4 SENT from 12 to 14 at 1316051252.051053 standard 1
VSS_ECHO 131 for 4 SENT from 12 to 14 at 1316051252.051070 standard 1
VSSECHO_STAGE3 * for * SENT from * to * at 1316051252.051082
VSSECHO_STAGE4 * for * SENT from * to * at 1316051252.051155
BEFORE_LOCK * for 4 SENT from 12 to 15 at 1316051252.051160 standard 1
AFTER_LOCK * for 4 SENT from 12 to 15 at 1316051252.051161 standard 1
AFTER_AFTER_LOCK * for 4 SENT from 12 to 15 at 1316051252.051170 standard 1
AFTER_LOCK2 * for 4 SENT from 12 to 15 at 1316051252.051170 standard 1
VSS_ECHO 132 for 4 SENT from 12 to 15 at 1316051252.051188 standard 1
VSSECHO_STAGE3 * for * SENT from * to * at 1316051252.051200
VSSECHO_STAGE4 * for * SENT from * to * at 1316051252.051369
BEFORE_LOCK * for 4 SENT from 12 to 16 at 1316051252.051376 standard 1
AFTER_LOCK * for 4 SENT from 12 to 16 at 1316051252.051376 standard 1
AFTER_AFTER_LOCK * for 4 SENT from 12 to 16 at 1316051252.051489 standard 1
AFTER_LOCK2 * for 4 SENT from 12 to 16 at 1316051252.051489 standard 1
VSS_ECHO 133 for 4 SENT from 12 to 16 at 1316051252.051507 standard 1
VSSECHO_STAGE3 * for * SENT from * to * at 1316051252.051520
VSSECHO_STAGE4 * for * SENT from * to * at 1316051252.051594
BEFORE_LOCK * for 4 SENT from 12 to 17 at 1316051252.051599 standard 1
AFTER_LOCK * for 4 SENT from 12 to 17 at 1316051252.051600 standard 1
AFTER_AFTER_LOCK * for 4 SENT from 12 to 17 at 1316051252.051609 standard 1
AFTER_LOCK2 * for 4 SENT from 12 to 17 at 1316051252.051610 standard 1
VSS_ECHO 134 for 4 SENT from 12 to 17 at 1316051252.051627 standard 1
VSSECHO_STAGE3 * for * SENT from * to * at 1316051252.051639
VSSECHO_STAGE4 * for * SENT from * to * at 1316051252.051713
BEFORE_LOCK * for 4 SENT from 12 to 18 at 1316051252.051719 standard 1
AFTER_LOCK * for 4 SENT from 12 to 18 at 1316051252.051719 standard 1
AFTER_AFTER_LOCK * for 4 SENT from 12 to 18 at 1316051252.051729 standard 1
AFTER_LOCK2 * for 4 SENT from 12 to 18 at 1316051252.051729 standard 1
VSS_ECHO 135 for 4 SENT from 12 to 18 at 1316051252.051748 standard 1
VSSECHO_STAGE3 * for * SENT from * to * at 1316051252.051759
VSSECHO_STAGE4 * for * SENT from * to * at 1316051252.051832
BEFORE_LOCK * for 4 SENT from 12 to 19 at 1316051252.051838 standard 1
AFTER_LOCK * for 4 SENT from 12 to 19 at 1316051252.051839 standard 1
AFTER_AFTER_LOCK * for 4 SENT from 12 to 19 at 1316051252.051848 standard 1
AFTER_LOCK2 * for 4 SENT from 12 to 19 at 1316051252.051848 standard 1
VSS_ECHO 136 for 4 SENT from 12 to 19 at 1316051252.051866 standard 1
VSSECHO_STAGE3 * for * SENT from * to * at 1316051252.051882
VSSECHO_STAGE4 * for * SENT from * to * at 1316051252.051955
BEFORE_LOCK * for 4 SENT from 12 to 20 at 1316051252.051960 standard 1
AFTER_LOCK * for 4 SENT from 12 to 20 at 1316051252.051961 standard 1
AFTER_AFTER_LOCK * for 4 SENT from 12 to 20 at 1316051252.051961 standard 1
AFTER_LOCK2 * for 4 SENT from 12 to 20 at 1316051252.051961 standard 1
VSS_ECHO 137 for 4 SENT from 12 to 20 at 1316051252.051976 standard 1
VSS_ECHO 137 for 4 RECEIVED from 9 to 12 at 1316051252.051992
VSS_ECHO 129 for 4 RECEIVED from 12 to 12 at 1316051252.062920
VSS_READY 79 for 1 RECEIVED from 4 to 12 at 1316051252.073796
VSS_ECHO 136 for 4 RECEIVED from 14 to 12 at 1316051252.098139
VSS_READY 58 for 1 RECEIVED from 18 to 12 at 1316051252.270013



*============================================
*2ENOUGH VSS_READY message for 12 at 1316051252.270013
*Threshold : Ready = 12
*Received Ready Message Num = 12
*VSS Share is complete for dealer 1
============================================

BEFORE_LOCK * for 1 SENT from 12 to 1 at 1316051252.290010 standard 1
AFTER_LOCK * for 1 SENT from 12 to 1 at 1316051252.290011 standard 1
AFTER_AFTER_LOCK * for 1 SENT from 12 to 1 at 1316051252.290090 standard 1
AFTER_LOCK2 * for 1 SENT from 12 to 1 at 1316051252.290090 standard 1
VSS_SHARED 158 for 1 SENT from 12 to 1 at 1316051252.290109 standard 1
VSS_ECHO 109 for 4 RECEIVED from 11 to 12 at 1316051252.318189
VSS_ECHO 139 for 4 RECEIVED from 16 to 12 at 1316051252.382210
VSS_ECHO 139 for 4 RECEIVED from 15 to 12 at 1316051252.394456
VSS_ECHO 156 for 4 RECEIVED from 7 to 12 at 1316051252.513583
VSS_ECHO 128 for 4 RECEIVED from 19 to 12 at 1316051253.083689
VSS_ECHO 123 for 4 RECEIVED from 18 to 12 at 1316051253.752645
VSS_READY 364 for 4 RECEIVED from 1 to 12 at 1316051253.788413
VSS_READY 185 for 4 RECEIVED from 9 to 12 at 1316051253.806918
VSS_READY 124 for 4 RECEIVED from 4 to 12 at 1316051253.888067



============================================
*1ENOUGH VSS_READY message for 12 at 1316051253.888067
*Threshold : Ready = 3
*Received Ready Message Num = 3
*Ready messages are sending out...
============================================

BEFORE_LOCK * for 4 SENT from 12 to 1 at 1316051253.909784 standard 1
AFTER_LOCK * for 4 SENT from 12 to 1 at 1316051253.909785 standard 1
AFTER_AFTER_LOCK * for 4 SENT from 12 to 1 at 1316051253.909931 standard 1
AFTER_LOCK2 * for 4 SENT from 12 to 1 at 1316051253.909931 standard 1
VSS_READY 196 for 4 SENT from 12 to 1 at 1316051253.909931 standard 1
BEFORE_LOCK * for 4 SENT from 12 to 2 at 1316051253.912187 standard 1
AFTER_LOCK * for 4 SENT from 12 to 2 at 1316051253.912188 standard 1
AFTER_AFTER_LOCK * for 4 SENT from 12 to 2 at 1316051253.912248 standard 1
AFTER_LOCK2 * for 4 SENT from 12 to 2 at 1316051253.912249 standard 1
VSS_READY 197 for 4 SENT from 12 to 2 at 1316051253.912249 standard 1
BEFORE_LOCK * for 4 SENT from 12 to 3 at 1316051253.914373 standard 1
AFTER_LOCK * for 4 SENT from 12 to 3 at 1316051253.914373 standard 1
AFTER_AFTER_LOCK * for 4 SENT from 12 to 3 at 1316051253.914461 standard 1
AFTER_LOCK2 * for 4 SENT from 12 to 3 at 1316051253.914461 standard 1
VSS_READY 198 for 4 SENT from 12 to 3 at 1316051253.914462 standard 1
BEFORE_LOCK * for 4 SENT from 12 to 4 at 1316051253.916709 standard 1
AFTER_LOCK * for 4 SENT from 12 to 4 at 1316051253.916710 standard 1
AFTER_AFTER_LOCK * for 4 SENT from 12 to 4 at 1316051253.916830 standard 1
AFTER_LOCK2 * for 4 SENT from 12 to 4 at 1316051253.916830 standard 1
VSS_READY 199 for 4 SENT from 12 to 4 at 1316051253.916831 standard 1
BEFORE_LOCK * for 4 SENT from 12 to 5 at 1316051253.918965 standard 1
AFTER_LOCK * for 4 SENT from 12 to 5 at 1316051253.918965 standard 1
AFTER_AFTER_LOCK * for 4 SENT from 12 to 5 at 1316051253.919107 standard 1
AFTER_LOCK2 * for 4 SENT from 12 to 5 at 1316051253.919107 standard 1
VSS_READY 200 for 4 SENT from 12 to 5 at 1316051253.919107 standard 1
BEFORE_LOCK * for 4 SENT from 12 to 6 at 1316051253.921235 standard 1
AFTER_LOCK * for 4 SENT from 12 to 6 at 1316051253.921235 standard 1
AFTER_AFTER_LOCK * for 4 SENT from 12 to 6 at 1316051253.921294 standard 1
AFTER_LOCK2 * for 4 SENT from 12 to 6 at 1316051253.921294 standard 1
VSS_READY 201 for 4 SENT from 12 to 6 at 1316051253.921295 standard 1
BEFORE_LOCK * for 4 SENT from 12 to 7 at 1316051253.923542 standard 1
AFTER_LOCK * for 4 SENT from 12 to 7 at 1316051253.923543 standard 1
AFTER_AFTER_LOCK * for 4 SENT from 12 to 7 at 1316051253.923629 standard 1
AFTER_LOCK2 * for 4 SENT from 12 to 7 at 1316051253.923629 standard 1
VSS_READY 202 for 4 SENT from 12 to 7 at 1316051253.923629 standard 1
BEFORE_LOCK * for 4 SENT from 12 to 8 at 1316051253.926081 standard 1
AFTER_LOCK * for 4 SENT from 12 to 8 at 1316051253.926082 standard 1
AFTER_AFTER_LOCK * for 4 SENT from 12 to 8 at 1316051253.926082 standard 1
AFTER_LOCK2 * for 4 SENT from 12 to 8 at 1316051253.926083 standard 1
VSS_READY 203 for 4 SENT from 12 to 8 at 1316051253.926083 standard 1
BEFORE_LOCK * for 4 SENT from 12 to 9 at 1316051253.928092 standard 1
AFTER_LOCK * for 4 SENT from 12 to 9 at 1316051253.928093 standard 1
AFTER_AFTER_LOCK * for 4 SENT from 12 to 9 at 1316051253.928273 standard 1
AFTER_LOCK2 * for 4 SENT from 12 to 9 at 1316051253.928274 standard 1
VSS_READY 204 for 4 SENT from 12 to 9 at 1316051253.928274 standard 1
BEFORE_LOCK * for 4 SENT from 12 to 10 at 1316051253.930491 standard 1
AFTER_LOCK * for 4 SENT from 12 to 10 at 1316051253.930491 standard 1
AFTER_AFTER_LOCK * for 4 SENT from 12 to 10 at 1316051253.930597 standard 1
AFTER_LOCK2 * for 4 SENT from 12 to 10 at 1316051253.930597 standard 1
VSS_READY 205 for 4 SENT from 12 to 10 at 1316051253.930598 standard 1
BEFORE_LOCK * for 4 SENT from 12 to 11 at 1316051253.932870 standard 1
AFTER_LOCK * for 4 SENT from 12 to 11 at 1316051253.932871 standard 1
AFTER_AFTER_LOCK * for 4 SENT from 12 to 11 at 1316051253.932931 standard 1
AFTER_LOCK2 * for 4 SENT from 12 to 11 at 1316051253.932932 standard 1
VSS_READY 206 for 4 SENT from 12 to 11 at 1316051253.932932 standard 1
BEFORE_LOCK * for 4 SENT from 12 to 12 at 1316051253.935328 standard 1
AFTER_LOCK * for 4 SENT from 12 to 12 at 1316051253.935328 standard 1
AFTER_AFTER_LOCK * for 4 SENT from 12 to 12 at 1316051253.935386 standard 1
AFTER_LOCK2 * for 4 SENT from 12 to 12 at 1316051253.935386 standard 1
VSS_READY 207 for 4 SENT from 12 to 12 at 1316051253.935387 standard 1
BEFORE_LOCK * for 4 SENT from 12 to 13 at 1316051253.937495 standard 1
AFTER_LOCK * for 4 SENT from 12 to 13 at 1316051253.937496 standard 1
AFTER_AFTER_LOCK * for 4 SENT from 12 to 13 at 1316051253.937497 standard 1
AFTER_LOCK2 * for 4 SENT from 12 to 13 at 1316051253.937497 standard 1
VSS_READY 208 for 4 SENT from 12 to 13 at 1316051253.937497 standard 1
BEFORE_LOCK * for 4 SENT from 12 to 14 at 1316051253.939524 standard 1
AFTER_LOCK * for 4 SENT from 12 to 14 at 1316051253.939524 standard 1
AFTER_AFTER_LOCK * for 4 SENT from 12 to 14 at 1316051253.939583 standard 1
AFTER_LOCK2 * for 4 SENT from 12 to 14 at 1316051253.939583 standard 1
VSS_READY 209 for 4 SENT from 12 to 14 at 1316051253.939584 standard 1
BEFORE_LOCK * for 4 SENT from 12 to 15 at 1316051253.941996 standard 1
AFTER_LOCK * for 4 SENT from 12 to 15 at 1316051253.941997 standard 1
AFTER_AFTER_LOCK * for 4 SENT from 12 to 15 at 1316051253.942056 standard 1
AFTER_LOCK2 * for 4 SENT from 12 to 15 at 1316051253.942056 standard 1
VSS_READY 210 for 4 SENT from 12 to 15 at 1316051253.942056 standard 1
BEFORE_LOCK * for 4 SENT from 12 to 16 at 1316051253.944344 standard 1
AFTER_LOCK * for 4 SENT from 12 to 16 at 1316051253.944345 standard 1
AFTER_AFTER_LOCK * for 4 SENT from 12 to 16 at 1316051253.944355 standard 1
AFTER_LOCK2 * for 4 SENT from 12 to 16 at 1316051253.944355 standard 1
VSS_READY 211 for 4 SENT from 12 to 16 at 1316051253.944355 standard 1
BEFORE_LOCK * for 4 SENT from 12 to 17 at 1316051253.946641 standard 1
AFTER_LOCK * for 4 SENT from 12 to 17 at 1316051253.946641 standard 1
AFTER_AFTER_LOCK * for 4 SENT from 12 to 17 at 1316051253.946699 standard 1
AFTER_LOCK2 * for 4 SENT from 12 to 17 at 1316051253.946700 standard 1
VSS_READY 212 for 4 SENT from 12 to 17 at 1316051253.946700 standard 1
BEFORE_LOCK * for 4 SENT from 12 to 18 at 1316051253.948870 standard 1
AFTER_LOCK * for 4 SENT from 12 to 18 at 1316051253.948871 standard 1
AFTER_AFTER_LOCK * for 4 SENT from 12 to 18 at 1316051253.948932 standard 1
AFTER_LOCK2 * for 4 SENT from 12 to 18 at 1316051253.948932 standard 1
VSS_READY 213 for 4 SENT from 12 to 18 at 1316051253.948932 standard 1
BEFORE_LOCK * for 4 SENT from 12 to 19 at 1316051253.951263 standard 1
AFTER_LOCK * for 4 SENT from 12 to 19 at 1316051253.951263 standard 1
AFTER_AFTER_LOCK * for 4 SENT from 12 to 19 at 1316051253.951321 standard 1
AFTER_LOCK2 * for 4 SENT from 12 to 19 at 1316051253.951321 standard 1
VSS_READY 214 for 4 SENT from 12 to 19 at 1316051253.951322 standard 1
BEFORE_LOCK * for 4 SENT from 12 to 20 at 1316051253.953348 standard 1
AFTER_LOCK * for 4 SENT from 12 to 20 at 1316051253.953349 standard 1
AFTER_AFTER_LOCK * for 4 SENT from 12 to 20 at 1316051253.953349 standard 1
AFTER_LOCK2 * for 4 SENT from 12 to 20 at 1316051253.953349 standard 1
VSS_READY 215 for 4 SENT from 12 to 20 at 1316051253.953350 standard 1
VSS_READY 157 for 4 RECEIVED from 11 to 12 at 1316051253.953416
VSS_READY 207 for 4 RECEIVED from 12 to 12 at 1316051253.972333
VSS_READY 186 for 4 RECEIVED from 17 to 12 at 1316051253.991397
VSS_READY 186 for 4 RECEIVED from 14 to 12 at 1316051254.010104
VSS_READY 186 for 4 RECEIVED from 7 to 12 at 1316051254.028742
VSS_READY 186 for 4 RECEIVED from 16 to 12 at 1316051254.047645
VSS_READY 193 for 4 RECEIVED from 19 to 12 at 1316051254.157228
VSS_READY 215 for 4 RECEIVED from 15 to 12 at 1316051254.203882
VSS_READY 156 for 4 RECEIVED from 18 to 12 at 1316051254.330424



*============================================
*2ENOUGH VSS_READY message for 12 at 1316051254.330424
*Threshold : Ready = 12
*Received Ready Message Num = 12
*VSS Share is complete for dealer 4
============================================

BEFORE_LOCK * for 4 SENT from 12 to 1 at 1316051254.352403 standard 1
AFTER_LOCK * for 4 SENT from 12 to 1 at 1316051254.352404 standard 1
AFTER_AFTER_LOCK * for 4 SENT from 12 to 1 at 1316051254.352482 standard 1
AFTER_LOCK2 * for 4 SENT from 12 to 1 at 1316051254.352482 standard 1
VSS_SHARED 297 for 4 SENT from 12 to 1 at 1316051254.352501 standard 1
VSS_ECHO 504 for 5 RECEIVED from 1 to 12 at 1316051254.756089
VSS_ECHO 42 for 1 RECEIVED from 5 to 12 at 1316051254.829325
VSS_READY 98 for 1 RECEIVED from 5 to 12 at 1316051255.059663
VSS_ECHO 283 for 4 RECEIVED from 4 to 12 at 1316051255.078648
VSS_ECHO 338 for 5 RECEIVED from 4 to 12 at 1316051255.395993
VSS_ECHO 302 for 5 RECEIVED from 11 to 12 at 1316051255.406837
VSS_ECHO 305 for 5 RECEIVED from 19 to 12 at 1316051255.417586
VSS_SEND 14 for * RECEIVED from 5 to 12 at 1316051255.428297
VSSECHO_STAGE3 * for * SENT from * to * at 1316051255.449504
VSSECHO_STAGE4 * for * SENT from * to * at 1316051255.449597
BEFORE_LOCK * for 5 SENT from 12 to 1 at 1316051255.449604 standard 1
AFTER_LOCK * for 5 SENT from 12 to 1 at 1316051255.449605 standard 1
AFTER_AFTER_LOCK * for 5 SENT from 12 to 1 at 1316051255.449741 standard 1
AFTER_LOCK2 * for 5 SENT from 12 to 1 at 1316051255.449741 standard 1
VSS_ECHO 314 for 5 SENT from 12 to 1 at 1316051255.449761 standard 1
VSSECHO_STAGE3 * for * SENT from * to * at 1316051255.449776
VSSECHO_STAGE4 * for * SENT from * to * at 1316051255.449866
BEFORE_LOCK * for 5 SENT from 12 to 2 at 1316051255.449872 standard 1
AFTER_LOCK * for 5 SENT from 12 to 2 at 1316051255.449873 standard 1
AFTER_AFTER_LOCK * for 5 SENT from 12 to 2 at 1316051255.449891 standard 1
AFTER_LOCK2 * for 5 SENT from 12 to 2 at 1316051255.449891 standard 1
VSS_ECHO 315 for 5 SENT from 12 to 2 at 1316051255.449908 standard 1
VSSECHO_STAGE3 * for * SENT from * to * at 1316051255.449925
VSSECHO_STAGE4 * for * SENT from * to * at 1316051255.450003
BEFORE_LOCK * for 5 SENT from 12 to 3 at 1316051255.450008 standard 1
AFTER_LOCK * for 5 SENT from 12 to 3 at 1316051255.450009 standard 1
AFTER_AFTER_LOCK * for 5 SENT from 12 to 3 at 1316051255.450019 standard 1
AFTER_LOCK2 * for 5 SENT from 12 to 3 at 1316051255.450020 standard 1
VSS_ECHO 316 for 5 SENT from 12 to 3 at 1316051255.450039 standard 1
VSSECHO_STAGE3 * for * SENT from * to * at 1316051255.450154
VSSECHO_STAGE4 * for * SENT from * to * at 1316051255.450246
BEFORE_LOCK * for 5 SENT from 12 to 4 at 1316051255.450252 standard 1
AFTER_LOCK * for 5 SENT from 12 to 4 at 1316051255.450253 standard 1
AFTER_AFTER_LOCK * for 5 SENT from 12 to 4 at 1316051255.450265 standard 1
AFTER_LOCK2 * for 5 SENT from 12 to 4 at 1316051255.450265 standard 1
VSS_ECHO 317 for 5 SENT from 12 to 4 at 1316051255.450282 standard 1
VSSECHO_STAGE3 * for * SENT from * to * at 1316051255.450294
VSSECHO_STAGE4 * for * SENT from * to * at 1316051255.450367
BEFORE_LOCK * for 5 SENT from 12 to 5 at 1316051255.450374 standard 1
AFTER_LOCK * for 5 SENT from 12 to 5 at 1316051255.450374 standard 1
AFTER_AFTER_LOCK * for 5 SENT from 12 to 5 at 1316051255.450497 standard 1
AFTER_LOCK2 * for 5 SENT from 12 to 5 at 1316051255.450497 standard 1
VSS_ECHO 318 for 5 SENT from 12 to 5 at 1316051255.450542 standard 1
VSSECHO_STAGE3 * for * SENT from * to * at 1316051255.450555
VSSECHO_STAGE4 * for * SENT from * to * at 1316051255.450628
BEFORE_LOCK * for 5 SENT from 12 to 6 at 1316051255.450633 standard 1
AFTER_LOCK * for 5 SENT from 12 to 6 at 1316051255.450634 standard 1
AFTER_AFTER_LOCK * for 5 SENT from 12 to 6 at 1316051255.450645 standard 1
AFTER_LOCK2 * for 5 SENT from 12 to 6 at 1316051255.450645 standard 1
VSS_ECHO 319 for 5 SENT from 12 to 6 at 1316051255.450662 standard 1
VSSECHO_STAGE3 * for * SENT from * to * at 1316051255.450675
VSSECHO_STAGE4 * for * SENT from * to * at 1316051255.450746
BEFORE_LOCK * for 5 SENT from 12 to 7 at 1316051255.450753 standard 1
AFTER_LOCK * for 5 SENT from 12 to 7 at 1316051255.450753 standard 1
AFTER_AFTER_LOCK * for 5 SENT from 12 to 7 at 1316051255.450766 standard 1
AFTER_LOCK2 * for 5 SENT from 12 to 7 at 1316051255.450766 standard 1
VSS_ECHO 320 for 5 SENT from 12 to 7 at 1316051255.450785 standard 1
VSSECHO_STAGE3 * for * SENT from * to * at 1316051255.451189
VSSECHO_STAGE4 * for * SENT from * to * at 1316051255.451281
BEFORE_LOCK * for 5 SENT from 12 to 8 at 1316051255.451287 standard 1
AFTER_LOCK * for 5 SENT from 12 to 8 at 1316051255.451288 standard 1
AFTER_AFTER_LOCK * for 5 SENT from 12 to 8 at 1316051255.451288 standard 1
AFTER_LOCK2 * for 5 SENT from 12 to 8 at 1316051255.451289 standard 1
VSS_ECHO 321 for 5 SENT from 12 to 8 at 1316051255.451304 standard 1
VSSECHO_STAGE3 * for * SENT from * to * at 1316051255.451315
VSSECHO_STAGE4 * for * SENT from * to * at 1316051255.451387
BEFORE_LOCK * for 5 SENT from 12 to 9 at 1316051255.451392 standard 1
AFTER_LOCK * for 5 SENT from 12 to 9 at 1316051255.451393 standard 1
AFTER_AFTER_LOCK * for 5 SENT from 12 to 9 at 1316051255.451506 standard 1
AFTER_LOCK2 * for 5 SENT from 12 to 9 at 1316051255.451506 standard 1
VSS_ECHO 322 for 5 SENT from 12 to 9 at 1316051255.451526 standard 1
VSSECHO_STAGE3 * for * SENT from * to * at 1316051255.451537
VSSECHO_STAGE4 * for * SENT from * to * at 1316051255.451611
BEFORE_LOCK * for 5 SENT from 12 to 10 at 1316051255.451617 standard 1
AFTER_LOCK * for 5 SENT from 12 to 10 at 1316051255.451617 standard 1
AFTER_AFTER_LOCK * for 5 SENT from 12 to 10 at 1316051255.451629 standard 1
AFTER_LOCK2 * for 5 SENT from 12 to 10 at 1316051255.451629 standard 1
VSS_ECHO 323 for 5 SENT from 12 to 10 at 1316051255.451645 standard 1
VSSECHO_STAGE3 * for * SENT from * to * at 1316051255.451657
VSSECHO_STAGE4 * for * SENT from * to * at 1316051255.451729
BEFORE_LOCK * for 5 SENT from 12 to 11 at 1316051255.451735 standard 1
AFTER_LOCK * for 5 SENT from 12 to 11 at 1316051255.451736 standard 1
AFTER_AFTER_LOCK * for 5 SENT from 12 to 11 at 1316051255.451748 standard 1
AFTER_LOCK2 * for 5 SENT from 12 to 11 at 1316051255.451748 standard 1
VSS_ECHO 324 for 5 SENT from 12 to 11 at 1316051255.451769 standard 1
VSSECHO_STAGE3 * for * SENT from * to * at 1316051255.451780
VSSECHO_STAGE4 * for * SENT from * to * at 1316051255.451857
BEFORE_LOCK * for 5 SENT from 12 to 12 at 1316051255.451862 standard 1
AFTER_LOCK * for 5 SENT from 12 to 12 at 1316051255.451863 standard 1
AFTER_AFTER_LOCK * for 5 SENT from 12 to 12 at 1316051255.451874 standard 1
AFTER_LOCK2 * for 5 SENT from 12 to 12 at 1316051255.451879 standard 1
VSS_ECHO 325 for 5 SENT from 12 to 12 at 1316051255.451899 standard 1
VSSECHO_STAGE3 * for * SENT from * to * at 1316051255.451911
VSSECHO_STAGE4 * for * SENT from * to * at 1316051255.451984
BEFORE_LOCK * for 5 SENT from 12 to 13 at 1316051255.451990 standard 1
AFTER_LOCK * for 5 SENT from 12 to 13 at 1316051255.451991 standard 1
AFTER_AFTER_LOCK * for 5 SENT from 12 to 13 at 1316051255.451991 standard 1
AFTER_LOCK2 * for 5 SENT from 12 to 13 at 1316051255.451991 standard 1
VSS_ECHO 326 for 5 SENT from 12 to 13 at 1316051255.452006 standard 1
VSSECHO_STAGE3 * for * SENT from * to * at 1316051255.452017
VSSECHO_STAGE4 * for * SENT from * to * at 1316051255.452089
BEFORE_LOCK * for 5 SENT from 12 to 14 at 1316051255.452094 standard 1
AFTER_LOCK * for 5 SENT from 12 to 14 at 1316051255.452094 standard 1
AFTER_AFTER_LOCK * for 5 SENT from 12 to 14 at 1316051255.452105 standard 1
AFTER_LOCK2 * for 5 SENT from 12 to 14 at 1316051255.452106 standard 1
VSS_ECHO 327 for 5 SENT from 12 to 14 at 1316051255.452150 standard 1
VSSECHO_STAGE3 * for * SENT from * to * at 1316051255.452164
VSSECHO_STAGE4 * for * SENT from * to * at 1316051255.452237
BEFORE_LOCK * for 5 SENT from 12 to 15 at 1316051255.452242 standard 1
AFTER_LOCK * for 5 SENT from 12 to 15 at 1316051255.452243 standard 1
AFTER_AFTER_LOCK * for 5 SENT from 12 to 15 at 1316051255.452449 standard 1
AFTER_LOCK2 * for 5 SENT from 12 to 15 at 1316051255.452450 standard 1
VSS_ECHO 328 for 5 SENT from 12 to 15 at 1316051255.452472 standard 1
VSSECHO_STAGE3 * for * SENT from * to * at 1316051255.452485
VSSECHO_STAGE4 * for * SENT from * to * at 1316051255.452570
BEFORE_LOCK * for 5 SENT from 12 to 16 at 1316051255.452576 standard 1
AFTER_LOCK * for 5 SENT from 12 to 16 at 1316051255.452577 standard 1
AFTER_AFTER_LOCK * for 5 SENT from 12 to 16 at 1316051255.452589 standard 1
AFTER_LOCK2 * for 5 SENT from 12 to 16 at 1316051255.452590 standard 1
VSS_ECHO 329 for 5 SENT from 12 to 16 at 1316051255.452606 standard 1
VSSECHO_STAGE3 * for * SENT from * to * at 1316051255.452619
VSSECHO_STAGE4 * for * SENT from * to * at 1316051255.452704
BEFORE_LOCK * for 5 SENT from 12 to 17 at 1316051255.452711 standard 1
AFTER_LOCK * for 5 SENT from 12 to 17 at 1316051255.452711 standard 1
AFTER_AFTER_LOCK * for 5 SENT from 12 to 17 at 1316051255.452722 standard 1
AFTER_LOCK2 * for 5 SENT from 12 to 17 at 1316051255.452722 standard 1
VSS_ECHO 330 for 5 SENT from 12 to 17 at 1316051255.452742 standard 1
VSSECHO_STAGE3 * for * SENT from * to * at 1316051255.452754
VSSECHO_STAGE4 * for * SENT from * to * at 1316051255.452881
BEFORE_LOCK * for 5 SENT from 12 to 18 at 1316051255.452888 standard 1
AFTER_LOCK * for 5 SENT from 12 to 18 at 1316051255.452889 standard 1
AFTER_AFTER_LOCK * for 5 SENT from 12 to 18 at 1316051255.452900 standard 1
AFTER_LOCK2 * for 5 SENT from 12 to 18 at 1316051255.452900 standard 1
VSS_ECHO 331 for 5 SENT from 12 to 18 at 1316051255.452921 standard 1
VSSECHO_STAGE3 * for * SENT from * to * at 1316051255.452934
VSSECHO_STAGE4 * for * SENT from * to * at 1316051255.453017
BEFORE_LOCK * for 5 SENT from 12 to 19 at 1316051255.453024 standard 1
AFTER_LOCK * for 5 SENT from 12 to 19 at 1316051255.453024 standard 1
AFTER_AFTER_LOCK * for 5 SENT from 12 to 19 at 1316051255.453038 standard 1
AFTER_LOCK2 * for 5 SENT from 12 to 19 at 1316051255.453038 standard 1
VSS_ECHO 332 for 5 SENT from 12 to 19 at 1316051255.453054 standard 1
VSSECHO_STAGE3 * for * SENT from * to * at 1316051255.453066
VSSECHO_STAGE4 * for * SENT from * to * at 1316051255.453143
BEFORE_LOCK * for 5 SENT from 12 to 20 at 1316051255.453149 standard 1
AFTER_LOCK * for 5 SENT from 12 to 20 at 1316051255.453150 standard 1
AFTER_AFTER_LOCK * for 5 SENT from 12 to 20 at 1316051255.453150 standard 1
AFTER_LOCK2 * for 5 SENT from 12 to 20 at 1316051255.453151 standard 1
VSS_ECHO 333 for 5 SENT from 12 to 20 at 1316051255.453166 standard 1
VSS_ECHO 331 for 5 RECEIVED from 7 to 12 at 1316051255.453189
VSS_ECHO 325 for 5 RECEIVED from 12 to 12 at 1316051255.464599
VSS_ECHO 342 for 5 RECEIVED from 9 to 12 at 1316051255.497350
VSS_ECHO 330 for 5 RECEIVED from 16 to 12 at 1316051255.511427
VSS_READY 173 for 4 RECEIVED from 5 to 12 at 1316051255.599555
VSS_ECHO 344 for 5 RECEIVED from 14 to 12 at 1316051255.630356
VSS_ECHO 219 for 4 RECEIVED from 5 to 12 at 1316051255.997416
VSS_ECHO 554 for 2 RECEIVED from 1 to 12 at 1316051256.096115
VSS_SEND 14 for * RECEIVED from 2 to 12 at 1316051256.181510
VSSECHO_STAGE3 * for * SENT from * to * at 1316051256.201982
VSSECHO_STAGE4 * for * SENT from * to * at 1316051256.202069
BEFORE_LOCK * for 2 SENT from 12 to 1 at 1316051256.202076 standard 1
AFTER_LOCK * for 2 SENT from 12 to 1 at 1316051256.202078 standard 1
AFTER_AFTER_LOCK * for 2 SENT from 12 to 1 at 1316051256.202389 standard 1
AFTER_LOCK2 * for 2 SENT from 12 to 1 at 1316051256.202389 standard 1
VSS_ECHO 350 for 2 SENT from 12 to 1 at 1316051256.202453 standard 1
VSSECHO_STAGE3 * for * SENT from * to * at 1316051256.202467
VSSECHO_STAGE4 * for * SENT from * to * at 1316051256.202540
BEFORE_LOCK * for 2 SENT from 12 to 2 at 1316051256.202545 standard 1
AFTER_LOCK * for 2 SENT from 12 to 2 at 1316051256.202545 standard 1
AFTER_AFTER_LOCK * for 2 SENT from 12 to 2 at 1316051256.202556 standard 1
AFTER_LOCK2 * for 2 SENT from 12 to 2 at 1316051256.202557 standard 1
VSS_ECHO 351 for 2 SENT from 12 to 2 at 1316051256.202574 standard 1
VSSECHO_STAGE3 * for * SENT from * to * at 1316051256.202586
VSSECHO_STAGE4 * for * SENT from * to * at 1316051256.202658
BEFORE_LOCK * for 2 SENT from 12 to 3 at 1316051256.202664 standard 1
AFTER_LOCK * for 2 SENT from 12 to 3 at 1316051256.202665 standard 1
AFTER_AFTER_LOCK * for 2 SENT from 12 to 3 at 1316051256.202674 standard 1
AFTER_LOCK2 * for 2 SENT from 12 to 3 at 1316051256.202674 standard 1
VSS_ECHO 352 for 2 SENT from 12 to 3 at 1316051256.202694 standard 1
VSSECHO_STAGE3 * for * SENT from * to * at 1316051256.202706
VSSECHO_STAGE4 * for * SENT from * to * at 1316051256.202778
BEFORE_LOCK * for 2 SENT from 12 to 4 at 1316051256.202783 standard 1
AFTER_LOCK * for 2 SENT from 12 to 4 at 1316051256.202784 standard 1
AFTER_AFTER_LOCK * for 2 SENT from 12 to 4 at 1316051256.202793 standard 1
AFTER_LOCK2 * for 2 SENT from 12 to 4 at 1316051256.202794 standard 1
VSS_ECHO 353 for 2 SENT from 12 to 4 at 1316051256.202812 standard 1
VSSECHO_STAGE3 * for * SENT from * to * at 1316051256.202825
VSSECHO_STAGE4 * for * SENT from * to * at 1316051256.202898
BEFORE_LOCK * for 2 SENT from 12 to 5 at 1316051256.202904 standard 1
AFTER_LOCK * for 2 SENT from 12 to 5 at 1316051256.202905 standard 1
AFTER_AFTER_LOCK * for 2 SENT from 12 to 5 at 1316051256.203091 standard 1
AFTER_LOCK2 * for 2 SENT from 12 to 5 at 1316051256.203092 standard 1
VSS_ECHO 354 for 2 SENT from 12 to 5 at 1316051256.203109 standard 1
VSSECHO_STAGE3 * for * SENT from * to * at 1316051256.203164
VSSECHO_STAGE4 * for * SENT from * to * at 1316051256.203286
BEFORE_LOCK * for 2 SENT from 12 to 6 at 1316051256.203292 standard 1
AFTER_LOCK * for 2 SENT from 12 to 6 at 1316051256.203293 standard 1
AFTER_AFTER_LOCK * for 2 SENT from 12 to 6 at 1316051256.203303 standard 1
AFTER_LOCK2 * for 2 SENT from 12 to 6 at 1316051256.203303 standard 1
VSS_ECHO 355 for 2 SENT from 12 to 6 at 1316051256.203321 standard 1
VSSECHO_STAGE3 * for * SENT from * to * at 1316051256.203333
VSSECHO_STAGE4 * for * SENT from * to * at 1316051256.203425
BEFORE_LOCK * for 2 SENT from 12 to 7 at 1316051256.203430 standard 1
AFTER_LOCK * for 2 SENT from 12 to 7 at 1316051256.203431 standard 1
AFTER_AFTER_LOCK * for 2 SENT from 12 to 7 at 1316051256.203440 standard 1
AFTER_LOCK2 * for 2 SENT from 12 to 7 at 1316051256.203441 standard 1
VSS_ECHO 356 for 2 SENT from 12 to 7 at 1316051256.203458 standard 1
VSSECHO_STAGE3 * for * SENT from * to * at 1316051256.203470
VSSECHO_STAGE4 * for * SENT from * to * at 1316051256.203544
BEFORE_LOCK * for 2 SENT from 12 to 8 at 1316051256.203550 standard 1
AFTER_LOCK * for 2 SENT from 12 to 8 at 1316051256.203550 standard 1
AFTER_AFTER_LOCK * for 2 SENT from 12 to 8 at 1316051256.203551 standard 1
AFTER_LOCK2 * for 2 SENT from 12 to 8 at 1316051256.203551 standard 1
VSS_ECHO 357 for 2 SENT from 12 to 8 at 1316051256.203566 standard 1
VSSECHO_STAGE3 * for * SENT from * to * at 1316051256.203577
VSSECHO_STAGE4 * for * SENT from * to * at 1316051256.203648
BEFORE_LOCK * for 2 SENT from 12 to 9 at 1316051256.203653 standard 1
AFTER_LOCK * for 2 SENT from 12 to 9 at 1316051256.203654 standard 1
AFTER_AFTER_LOCK * for 2 SENT from 12 to 9 at 1316051256.203663 standard 1
AFTER_LOCK2 * for 2 SENT from 12 to 9 at 1316051256.203664 standard 1
VSS_ECHO 358 for 2 SENT from 12 to 9 at 1316051256.203681 standard 1
VSSECHO_STAGE3 * for * SENT from * to * at 1316051256.203693
VSSECHO_STAGE4 * for * SENT from * to * at 1316051256.203769
BEFORE_LOCK * for 2 SENT from 12 to 10 at 1316051256.203774 standard 1
AFTER_LOCK * for 2 SENT from 12 to 10 at 1316051256.203775 standard 1
AFTER_AFTER_LOCK * for 2 SENT from 12 to 10 at 1316051256.203995 standard 1
AFTER_LOCK2 * for 2 SENT from 12 to 10 at 1316051256.203995 standard 1
VSS_ECHO 359 for 2 SENT from 12 to 10 at 1316051256.204031 standard 1
VSSECHO_STAGE3 * for * SENT from * to * at 1316051256.204137
VSSECHO_STAGE4 * for * SENT from * to * at 1316051256.204241
BEFORE_LOCK * for 2 SENT from 12 to 11 at 1316051256.204247 standard 1
AFTER_LOCK * for 2 SENT from 12 to 11 at 1316051256.204248 standard 1
AFTER_AFTER_LOCK * for 2 SENT from 12 to 11 at 1316051256.204257 standard 1
AFTER_LOCK2 * for 2 SENT from 12 to 11 at 1316051256.204257 standard 1
VSS_ECHO 360 for 2 SENT from 12 to 11 at 1316051256.204275 standard 1
VSSECHO_STAGE3 * for * SENT from * to * at 1316051256.204287
VSSECHO_STAGE4 * for * SENT from * to * at 1316051256.204367
BEFORE_LOCK * for 2 SENT from 12 to 12 at 1316051256.204372 standard 1
AFTER_LOCK * for 2 SENT from 12 to 12 at 1316051256.204373 standard 1
AFTER_AFTER_LOCK * for 2 SENT from 12 to 12 at 1316051256.204383 standard 1
AFTER_LOCK2 * for 2 SENT from 12 to 12 at 1316051256.204383 standard 1
VSS_ECHO 361 for 2 SENT from 12 to 12 at 1316051256.204401 standard 1
VSSECHO_STAGE3 * for * SENT from * to * at 1316051256.204413
VSSECHO_STAGE4 * for * SENT from * to * at 1316051256.204485
BEFORE_LOCK * for 2 SENT from 12 to 13 at 1316051256.204491 standard 1
AFTER_LOCK * for 2 SENT from 12 to 13 at 1316051256.204492 standard 1
AFTER_AFTER_LOCK * for 2 SENT from 12 to 13 at 1316051256.204492 standard 1
AFTER_LOCK2 * for 2 SENT from 12 to 13 at 1316051256.204492 standard 1
VSS_ECHO 362 for 2 SENT from 12 to 13 at 1316051256.204507 standard 1
VSSECHO_STAGE3 * for * SENT from * to * at 1316051256.204519
VSSECHO_STAGE4 * for * SENT from * to * at 1316051256.204590
BEFORE_LOCK * for 2 SENT from 12 to 14 at 1316051256.204595 standard 1
AFTER_LOCK * for 2 SENT from 12 to 14 at 1316051256.204596 standard 1
AFTER_AFTER_LOCK * for 2 SENT from 12 to 14 at 1316051256.204687 standard 1
AFTER_LOCK2 * for 2 SENT from 12 to 14 at 1316051256.204688 standard 1
VSS_ECHO 363 for 2 SENT from 12 to 14 at 1316051256.204706 standard 1
VSSECHO_STAGE3 * for * SENT from * to * at 1316051256.204718
VSSECHO_STAGE4 * for * SENT from * to * at 1316051256.204792
BEFORE_LOCK * for 2 SENT from 12 to 15 at 1316051256.204797 standard 1
AFTER_LOCK * for 2 SENT from 12 to 15 at 1316051256.204798 standard 1
AFTER_AFTER_LOCK * for 2 SENT from 12 to 15 at 1316051256.204806 standard 1
AFTER_LOCK2 * for 2 SENT from 12 to 15 at 1316051256.204807 standard 1
VSS_ECHO 364 for 2 SENT from 12 to 15 at 1316051256.204824 standard 1
VSSECHO_STAGE3 * for * SENT from * to * at 1316051256.204836
VSSECHO_STAGE4 * for * SENT from * to * at 1316051256.204909
BEFORE_LOCK * for 2 SENT from 12 to 16 at 1316051256.204914 standard 1
AFTER_LOCK * for 2 SENT from 12 to 16 at 1316051256.204915 standard 1
AFTER_AFTER_LOCK * for 2 SENT from 12 to 16 at 1316051256.204925 standard 1
AFTER_LOCK2 * for 2 SENT from 12 to 16 at 1316051256.204925 standard 1
VSS_ECHO 365 for 2 SENT from 12 to 16 at 1316051256.204943 standard 1
VSSECHO_STAGE3 * for * SENT from * to * at 1316051256.204955
VSSECHO_STAGE4 * for * SENT from * to * at 1316051256.205025
BEFORE_LOCK * for 2 SENT from 12 to 17 at 1316051256.205031 standard 1
AFTER_LOCK * for 2 SENT from 12 to 17 at 1316051256.205031 standard 1
AFTER_AFTER_LOCK * for 2 SENT from 12 to 17 at 1316051256.205040 standard 1
AFTER_LOCK2 * for 2 SENT from 12 to 17 at 1316051256.205041 standard 1
VSS_ECHO 366 for 2 SENT from 12 to 17 at 1316051256.205057 standard 1
VSSECHO_STAGE3 * for * SENT from * to * at 1316051256.205069
VSSECHO_STAGE4 * for * SENT from * to * at 1316051256.205145
BEFORE_LOCK * for 2 SENT from 12 to 18 at 1316051256.205150 standard 1
AFTER_LOCK * for 2 SENT from 12 to 18 at 1316051256.205151 standard 1
AFTER_AFTER_LOCK * for 2 SENT from 12 to 18 at 1316051256.205160 standard 1
AFTER_LOCK2 * for 2 SENT from 12 to 18 at 1316051256.205160 standard 1
VSS_ECHO 367 for 2 SENT from 12 to 18 at 1316051256.205178 standard 1
VSSECHO_STAGE3 * for * SENT from * to * at 1316051256.205203
VSSECHO_STAGE4 * for * SENT from * to * at 1316051256.205276
BEFORE_LOCK * for 2 SENT from 12 to 19 at 1316051256.205281 standard 1
AFTER_LOCK * for 2 SENT from 12 to 19 at 1316051256.205282 standard 1
AFTER_AFTER_LOCK * for 2 SENT from 12 to 19 at 1316051256.205291 standard 1
AFTER_LOCK2 * for 2 SENT from 12 to 19 at 1316051256.205291 standard 1
VSS_ECHO 368 for 2 SENT from 12 to 19 at 1316051256.205309 standard 1
VSSECHO_STAGE3 * for * SENT from * to * at 1316051256.205321
VSSECHO_STAGE4 * for * SENT from * to * at 1316051256.205394
BEFORE_LOCK * for 2 SENT from 12 to 20 at 1316051256.205400 standard 1
AFTER_LOCK * for 2 SENT from 12 to 20 at 1316051256.205400 standard 1
AFTER_AFTER_LOCK * for 2 SENT from 12 to 20 at 1316051256.205401 standard 1
AFTER_LOCK2 * for 2 SENT from 12 to 20 at 1316051256.205401 standard 1
VSS_ECHO 369 for 2 SENT from 12 to 20 at 1316051256.205416 standard 1
VSS_ECHO 378 for 2 RECEIVED from 9 to 12 at 1316051256.205445
VSS_ECHO 361 for 2 RECEIVED from 12 to 12 at 1316051256.216218
VSS_ECHO 42 for 1 RECEIVED from 2 to 12 at 1316051256.227172
VSS_ECHO 351 for 2 RECEIVED from 11 to 12 at 1316051256.352989
VSS_ECHO 402 for 2 RECEIVED from 4 to 12 at 1316051256.381218
VSS_ECHO 380 for 2 RECEIVED from 7 to 12 at 1316051256.399589
VSS_ECHO 379 for 2 RECEIVED from 16 to 12 at 1316051256.467653
VSS_ECHO 365 for 2 RECEIVED from 17 to 12 at 1316051256.538350
VSS_ECHO 371 for 2 RECEIVED from 19 to 12 at 1316051256.549606
VSS_ECHO 387 for 2 RECEIVED from 14 to 12 at 1316051256.561299
VSS_READY 98 for 1 RECEIVED from 2 to 12 at 1316051256.614799
VSS_READY 410 for 2 RECEIVED from 9 to 12 at 1316051256.636042
VSS_ECHO 342 for 2 RECEIVED from 15 to 12 at 1316051256.657711
VSS_READY 595 for 2 RECEIVED from 1 to 12 at 1316051256.669798
VSS_READY 432 for 2 RECEIVED from 4 to 12 at 1316051256.692674



============================================
*1ENOUGH VSS_READY message for 12 at 1316051256.692674
*Threshold : Ready = 3
*Received Ready Message Num = 3
*Ready messages are sending out...
============================================

BEFORE_LOCK * for 2 SENT from 12 to 1 at 1316051256.713971 standard 1
AFTER_LOCK * for 2 SENT from 12 to 1 at 1316051256.713973 standard 1
AFTER_AFTER_LOCK * for 2 SENT from 12 to 1 at 1316051256.714128 standard 1
AFTER_LOCK2 * for 2 SENT from 12 to 1 at 1316051256.714128 standard 1
VSS_READY 425 for 2 SENT from 12 to 1 at 1316051256.714128 standard 1
BEFORE_LOCK * for 2 SENT from 12 to 2 at 1316051256.716549 standard 1
AFTER_LOCK * for 2 SENT from 12 to 2 at 1316051256.716550 standard 1
AFTER_AFTER_LOCK * for 2 SENT from 12 to 2 at 1316051256.716666 standard 1
AFTER_LOCK2 * for 2 SENT from 12 to 2 at 1316051256.716667 standard 1
VSS_READY 426 for 2 SENT from 12 to 2 at 1316051256.716667 standard 1
BEFORE_LOCK * for 2 SENT from 12 to 3 at 1316051256.718775 standard 1
AFTER_LOCK * for 2 SENT from 12 to 3 at 1316051256.718776 standard 1
AFTER_AFTER_LOCK * for 2 SENT from 12 to 3 at 1316051256.718833 standard 1
AFTER_LOCK2 * for 2 SENT from 12 to 3 at 1316051256.718834 standard 1
VSS_READY 427 for 2 SENT from 12 to 3 at 1316051256.718834 standard 1
BEFORE_LOCK * for 2 SENT from 12 to 4 at 1316051256.720995 standard 1
AFTER_LOCK * for 2 SENT from 12 to 4 at 1316051256.720996 standard 1
AFTER_AFTER_LOCK * for 2 SENT from 12 to 4 at 1316051256.721190 standard 1
AFTER_LOCK2 * for 2 SENT from 12 to 4 at 1316051256.721191 standard 1
VSS_READY 428 for 2 SENT from 12 to 4 at 1316051256.721191 standard 1
BEFORE_LOCK * for 2 SENT from 12 to 5 at 1316051256.723429 standard 1
AFTER_LOCK * for 2 SENT from 12 to 5 at 1316051256.723430 standard 1
AFTER_AFTER_LOCK * for 2 SENT from 12 to 5 at 1316051256.723515 standard 1
AFTER_LOCK2 * for 2 SENT from 12 to 5 at 1316051256.723515 standard 1
VSS_READY 429 for 2 SENT from 12 to 5 at 1316051256.723515 standard 1
BEFORE_LOCK * for 2 SENT from 12 to 6 at 1316051256.725630 standard 1
AFTER_LOCK * for 2 SENT from 12 to 6 at 1316051256.725631 standard 1
AFTER_AFTER_LOCK * for 2 SENT from 12 to 6 at 1316051256.725690 standard 1
AFTER_LOCK2 * for 2 SENT from 12 to 6 at 1316051256.725690 standard 1
VSS_READY 430 for 2 SENT from 12 to 6 at 1316051256.725690 standard 1
BEFORE_LOCK * for 2 SENT from 12 to 7 at 1316051256.727930 standard 1
AFTER_LOCK * for 2 SENT from 12 to 7 at 1316051256.727931 standard 1
AFTER_AFTER_LOCK * for 2 SENT from 12 to 7 at 1316051256.728033 standard 1
AFTER_LOCK2 * for 2 SENT from 12 to 7 at 1316051256.728033 standard 1
VSS_READY 431 for 2 SENT from 12 to 7 at 1316051256.728033 standard 1
BEFORE_LOCK * for 2 SENT from 12 to 8 at 1316051256.730205 standard 1
AFTER_LOCK * for 2 SENT from 12 to 8 at 1316051256.730206 standard 1
AFTER_AFTER_LOCK * for 2 SENT from 12 to 8 at 1316051256.730206 standard 1
AFTER_LOCK2 * for 2 SENT from 12 to 8 at 1316051256.730207 standard 1
VSS_READY 432 for 2 SENT from 12 to 8 at 1316051256.730207 standard 1
BEFORE_LOCK * for 2 SENT from 12 to 9 at 1316051256.732440 standard 1
AFTER_LOCK * for 2 SENT from 12 to 9 at 1316051256.732441 standard 1
AFTER_AFTER_LOCK * for 2 SENT from 12 to 9 at 1316051256.732561 standard 1
AFTER_LOCK2 * for 2 SENT from 12 to 9 at 1316051256.732561 standard 1
VSS_READY 433 for 2 SENT from 12 to 9 at 1316051256.732561 standard 1
BEFORE_LOCK * for 2 SENT from 12 to 10 at 1316051256.734763 standard 1
AFTER_LOCK * for 2 SENT from 12 to 10 at 1316051256.734764 standard 1
AFTER_AFTER_LOCK * for 2 SENT from 12 to 10 at 1316051256.734823 standard 1
AFTER_LOCK2 * for 2 SENT from 12 to 10 at 1316051256.734823 standard 1
VSS_READY 434 for 2 SENT from 12 to 10 at 1316051256.734823 standard 1
BEFORE_LOCK * for 2 SENT from 12 to 11 at 1316051256.736915 standard 1
AFTER_LOCK * for 2 SENT from 12 to 11 at 1316051256.736916 standard 1
AFTER_AFTER_LOCK * for 2 SENT from 12 to 11 at 1316051256.737186 standard 1
AFTER_LOCK2 * for 2 SENT from 12 to 11 at 1316051256.737186 standard 1
VSS_READY 435 for 2 SENT from 12 to 11 at 1316051256.737187 standard 1
BEFORE_LOCK * for 2 SENT from 12 to 12 at 1316051256.739423 standard 1
AFTER_LOCK * for 2 SENT from 12 to 12 at 1316051256.739424 standard 1
AFTER_AFTER_LOCK * for 2 SENT from 12 to 12 at 1316051256.739514 standard 1
AFTER_LOCK2 * for 2 SENT from 12 to 12 at 1316051256.739514 standard 1
VSS_READY 436 for 2 SENT from 12 to 12 at 1316051256.739514 standard 1
BEFORE_LOCK * for 2 SENT from 12 to 13 at 1316051256.741693 standard 1
AFTER_LOCK * for 2 SENT from 12 to 13 at 1316051256.741694 standard 1
AFTER_AFTER_LOCK * for 2 SENT from 12 to 13 at 1316051256.741694 standard 1
AFTER_LOCK2 * for 2 SENT from 12 to 13 at 1316051256.741695 standard 1
VSS_READY 437 for 2 SENT from 12 to 13 at 1316051256.741695 standard 1
BEFORE_LOCK * for 2 SENT from 12 to 14 at 1316051256.743799 standard 1
AFTER_LOCK * for 2 SENT from 12 to 14 at 1316051256.743800 standard 1
AFTER_AFTER_LOCK * for 2 SENT from 12 to 14 at 1316051256.743912 standard 1
AFTER_LOCK2 * for 2 SENT from 12 to 14 at 1316051256.743913 standard 1
VSS_READY 438 for 2 SENT from 12 to 14 at 1316051256.743914 standard 1
BEFORE_LOCK * for 2 SENT from 12 to 15 at 1316051256.746093 standard 1
AFTER_LOCK * for 2 SENT from 12 to 15 at 1316051256.746094 standard 1
AFTER_AFTER_LOCK * for 2 SENT from 12 to 15 at 1316051256.746157 standard 1
AFTER_LOCK2 * for 2 SENT from 12 to 15 at 1316051256.746157 standard 1
VSS_READY 439 for 2 SENT from 12 to 15 at 1316051256.746157 standard 1
BEFORE_LOCK * for 2 SENT from 12 to 16 at 1316051256.748272 standard 1
AFTER_LOCK * for 2 SENT from 12 to 16 at 1316051256.748273 standard 1
AFTER_AFTER_LOCK * for 2 SENT from 12 to 16 at 1316051256.748383 standard 1
AFTER_LOCK2 * for 2 SENT from 12 to 16 at 1316051256.748383 standard 1
VSS_READY 440 for 2 SENT from 12 to 16 at 1316051256.748383 standard 1
BEFORE_LOCK * for 2 SENT from 12 to 17 at 1316051256.750566 standard 1
AFTER_LOCK * for 2 SENT from 12 to 17 at 1316051256.750567 standard 1
AFTER_AFTER_LOCK * for 2 SENT from 12 to 17 at 1316051256.750709 standard 1
AFTER_LOCK2 * for 2 SENT from 12 to 17 at 1316051256.750709 standard 1
VSS_READY 441 for 2 SENT from 12 to 17 at 1316051256.750709 standard 1
BEFORE_LOCK * for 2 SENT from 12 to 18 at 1316051256.752942 standard 1
AFTER_LOCK * for 2 SENT from 12 to 18 at 1316051256.752943 standard 1
AFTER_AFTER_LOCK * for 2 SENT from 12 to 18 at 1316051256.753001 standard 1
AFTER_LOCK2 * for 2 SENT from 12 to 18 at 1316051256.753001 standard 1
VSS_READY 442 for 2 SENT from 12 to 18 at 1316051256.753001 standard 1
BEFORE_LOCK * for 2 SENT from 12 to 19 at 1316051256.755163 standard 1
AFTER_LOCK * for 2 SENT from 12 to 19 at 1316051256.755164 standard 1
AFTER_AFTER_LOCK * for 2 SENT from 12 to 19 at 1316051256.755221 standard 1
AFTER_LOCK2 * for 2 SENT from 12 to 19 at 1316051256.755222 standard 1
VSS_READY 443 for 2 SENT from 12 to 19 at 1316051256.755222 standard 1
BEFORE_LOCK * for 2 SENT from 12 to 20 at 1316051256.757624 standard 1
AFTER_LOCK * for 2 SENT from 12 to 20 at 1316051256.757625 standard 1
AFTER_AFTER_LOCK * for 2 SENT from 12 to 20 at 1316051256.757626 standard 1
AFTER_LOCK2 * for 2 SENT from 12 to 20 at 1316051256.757626 standard 1
VSS_READY 444 for 2 SENT from 12 to 20 at 1316051256.757626 standard 1
VSS_READY 436 for 2 RECEIVED from 12 to 12 at 1316051256.757674
VSS_READY 411 for 2 RECEIVED from 7 to 12 at 1316051256.776303
VSS_READY 390 for 2 RECEIVED from 11 to 12 at 1316051256.797645
VSS_READY 447 for 2 RECEIVED from 14 to 12 at 1316051256.823359
VSS_READY 433 for 2 RECEIVED from 17 to 12 at 1316051256.842201
VSS_READY 269 for 2 RECEIVED from 5 to 12 at 1316051256.860758
VSS_READY 400 for 2 RECEIVED from 19 to 12 at 1316051256.881577
DKG_SEND 802 for * RECEIVED from 1 to 12 at 1316051256.913759
DKG_ECHO 536 for 1 SENT from 12 to 1 at 1316051257.050826 standard 1
DKG_ECHO 537 for 1 SENT from 12 to 2 at 1316051257.053396 standard 1
DKG_ECHO 538 for 1 SENT from 12 to 3 at 1316051257.055545 standard 1
DKG_ECHO 539 for 1 SENT from 12 to 4 at 1316051257.057832 standard 1
DKG_ECHO 540 for 1 SENT from 12 to 5 at 1316051257.059876 standard 1
DKG_ECHO 541 for 1 SENT from 12 to 6 at 1316051257.062066 standard 1
DKG_ECHO 542 for 1 SENT from 12 to 7 at 1316051257.064311 standard 1
DKG_ECHO 543 for 1 SENT from 12 to 8 at 1316051257.066340 standard 1
DKG_ECHO 544 for 1 SENT from 12 to 9 at 1316051257.068447 standard 1
DKG_ECHO 545 for 1 SENT from 12 to 10 at 1316051257.070584 standard 1
DKG_ECHO 546 for 1 SENT from 12 to 11 at 1316051257.072705 standard 1
DKG_ECHO 547 for 1 SENT from 12 to 12 at 1316051257.074931 standard 1
DKG_ECHO 548 for 1 SENT from 12 to 13 at 1316051257.076966 standard 1
DKG_ECHO 549 for 1 SENT from 12 to 14 at 1316051257.079405 standard 1
DKG_ECHO 550 for 1 SENT from 12 to 15 at 1316051257.081589 standard 1
DKG_ECHO 551 for 1 SENT from 12 to 16 at 1316051257.083981 standard 1
DKG_ECHO 552 for 1 SENT from 12 to 17 at 1316051257.086185 standard 1
DKG_ECHO 553 for 1 SENT from 12 to 18 at 1316051257.088340 standard 1
DKG_ECHO 554 for 1 SENT from 12 to 19 at 1316051257.090373 standard 1
DKG_ECHO 555 for 1 SENT from 12 to 20 at 1316051257.092353 standard 1
DKG_ECHO 596 for 1 RECEIVED from 9 to 12 at 1316051257.092377
DKG_ECHO 547 for 1 RECEIVED from 12 to 12 at 1316051257.094691
VSS_READY 454 for 2 RECEIVED from 16 to 12 at 1316051257.097059
DKG_ECHO 911 for 1 RECEIVED from 1 to 12 at 1316051257.116820
DKG_ECHO 597 for 1 RECEIVED from 7 to 12 at 1316051257.164476
DKG_ECHO 576 for 1 RECEIVED from 17 to 12 at 1316051257.193170
DKG_ECHO 595 for 1 RECEIVED from 4 to 12 at 1316051257.207991
VSS_READY 161 for 2 RECEIVED from 2 to 12 at 1316051257.225437



*============================================
*2ENOUGH VSS_READY message for 12 at 1316051257.225437
*Threshold : Ready = 12
*Received Ready Message Num = 12
*VSS Share is complete for dealer 2
============================================

BEFORE_LOCK * for 2 SENT from 12 to 1 at 1316051257.245517 standard 1
AFTER_LOCK * for 2 SENT from 12 to 1 at 1316051257.245519 standard 1
AFTER_AFTER_LOCK * for 2 SENT from 12 to 1 at 1316051257.245592 standard 1
AFTER_LOCK2 * for 2 SENT from 12 to 1 at 1316051257.245592 standard 1
VSS_SHARED 651 for 2 SENT from 12 to 1 at 1316051257.245611 standard 1
DKG_ECHO 574 for 1 RECEIVED from 16 to 12 at 1316051257.245677
DKG_ECHO 597 for 1 RECEIVED from 14 to 12 at 1316051257.251142
DKG_ECHO 568 for 1 RECEIVED from 11 to 12 at 1316051257.346938
DKG_ECHO 563 for 1 RECEIVED from 19 to 12 at 1316051257.379183
DKG_READY 1071 for 1 RECEIVED from 1 to 12 at 1316051257.448105
DKG_ECHO 424 for 1 RECEIVED from 5 to 12 at 1316051257.462511
DKG_READY 781 for 1 RECEIVED from 9 to 12 at 1316051257.485347
DKG_READY 778 for 1 RECEIVED from 4 to 12 at 1316051257.562744



============================================
*1ENOUGH DKG_READY message for 12 at 1316051257.562744
*Threshold : Ready = 3
*Received Ready Message Num = 3
*DKG_Readys are sent out...
============================================

DKG_READY 763 for 1 SENT from 12 to 1 at 1316051257.567659 standard 1
DKG_READY 764 for 1 SENT from 12 to 2 at 1316051257.569837 standard 1
DKG_READY 765 for 1 SENT from 12 to 3 at 1316051257.571955 standard 1
DKG_READY 766 for 1 SENT from 12 to 4 at 1316051257.574017 standard 1
DKG_READY 767 for 1 SENT from 12 to 5 at 1316051257.576312 standard 1
DKG_READY 768 for 1 SENT from 12 to 6 at 1316051257.578625 standard 1
DKG_READY 769 for 1 SENT from 12 to 7 at 1316051257.580728 standard 1
DKG_READY 770 for 1 SENT from 12 to 8 at 1316051257.582913 standard 1
DKG_READY 771 for 1 SENT from 12 to 9 at 1316051257.584882 standard 1
DKG_READY 772 for 1 SENT from 12 to 10 at 1316051257.586985 standard 1
DKG_READY 773 for 1 SENT from 12 to 11 at 1316051257.588966 standard 1
DKG_READY 774 for 1 SENT from 12 to 12 at 1316051257.590986 standard 1
DKG_READY 775 for 1 SENT from 12 to 13 at 1316051257.592967 standard 1
DKG_READY 776 for 1 SENT from 12 to 14 at 1316051257.595097 standard 1
DKG_READY 777 for 1 SENT from 12 to 15 at 1316051257.597381 standard 1
DKG_READY 778 for 1 SENT from 12 to 16 at 1316051257.599542 standard 1
DKG_READY 779 for 1 SENT from 12 to 17 at 1316051257.601521 standard 1
DKG_READY 780 for 1 SENT from 12 to 18 at 1316051257.603567 standard 1
DKG_READY 781 for 1 SENT from 12 to 19 at 1316051257.606170 standard 1
DKG_READY 782 for 1 SENT from 12 to 20 at 1316051257.608872 standard 1
DKG_READY 728 for 1 RECEIVED from 11 to 12 at 1316051257.608900
DKG_READY 774 for 1 RECEIVED from 12 to 12 at 1316051257.611364
DKG_READY 757 for 1 RECEIVED from 7 to 12 at 1316051257.613695
DKG_READY 761 for 1 RECEIVED from 17 to 12 at 1316051257.619254
DKG_READY 757 for 1 RECEIVED from 14 to 12 at 1316051257.637498
VSS_ECHO 1241 for 3 RECEIVED from 1 to 12 at 1316051257.652651
DKG_READY 782 for 1 RECEIVED from 16 to 12 at 1316051257.672232
DKG_READY 746 for 1 RECEIVED from 19 to 12 at 1316051257.730264
VSS_READY 403 for 2 RECEIVED from 15 to 12 at 1316051257.732612
VSS_SEND 14 for * RECEIVED from 3 to 12 at 1316051257.752385
VSSECHO_STAGE3 * for * SENT from * to * at 1316051257.772997
VSSECHO_STAGE4 * for * SENT from * to * at 1316051257.773113
BEFORE_LOCK * for 3 SENT from 12 to 1 at 1316051257.773121 standard 1
AFTER_LOCK * for 3 SENT from 12 to 1 at 1316051257.773123 standard 1
AFTER_AFTER_LOCK * for 3 SENT from 12 to 1 at 1316051257.773204 standard 1
AFTER_LOCK2 * for 3 SENT from 12 to 1 at 1316051257.773204 standard 1
VSS_ECHO 898 for 3 SENT from 12 to 1 at 1316051257.773224 standard 1
VSSECHO_STAGE3 * for * SENT from * to * at 1316051257.773238
VSSECHO_STAGE4 * for * SENT from * to * at 1316051257.773313
BEFORE_LOCK * for 3 SENT from 12 to 2 at 1316051257.773318 standard 1
AFTER_LOCK * for 3 SENT from 12 to 2 at 1316051257.773319 standard 1
AFTER_AFTER_LOCK * for 3 SENT from 12 to 2 at 1316051257.773329 standard 1
AFTER_LOCK2 * for 3 SENT from 12 to 2 at 1316051257.773329 standard 1
VSS_ECHO 899 for 3 SENT from 12 to 2 at 1316051257.773347 standard 1
VSSECHO_STAGE3 * for * SENT from * to * at 1316051257.773359
VSSECHO_STAGE4 * for * SENT from * to * at 1316051257.773433
BEFORE_LOCK * for 3 SENT from 12 to 3 at 1316051257.773438 standard 1
AFTER_LOCK * for 3 SENT from 12 to 3 at 1316051257.773439 standard 1
AFTER_AFTER_LOCK * for 3 SENT from 12 to 3 at 1316051257.773449 standard 1
AFTER_LOCK2 * for 3 SENT from 12 to 3 at 1316051257.773450 standard 1
VSS_ECHO 900 for 3 SENT from 12 to 3 at 1316051257.773495 standard 1
VSSECHO_STAGE3 * for * SENT from * to * at 1316051257.773507
VSSECHO_STAGE4 * for * SENT from * to * at 1316051257.773579
BEFORE_LOCK * for 3 SENT from 12 to 4 at 1316051257.773584 standard 1
AFTER_LOCK * for 3 SENT from 12 to 4 at 1316051257.773585 standard 1
AFTER_AFTER_LOCK * for 3 SENT from 12 to 4 at 1316051257.773593 standard 1
AFTER_LOCK2 * for 3 SENT from 12 to 4 at 1316051257.773593 standard 1
VSS_ECHO 901 for 3 SENT from 12 to 4 at 1316051257.773609 standard 1
VSSECHO_STAGE3 * for * SENT from * to * at 1316051257.773621
VSSECHO_STAGE4 * for * SENT from * to * at 1316051257.773693
BEFORE_LOCK * for 3 SENT from 12 to 5 at 1316051257.773698 standard 1
AFTER_LOCK * for 3 SENT from 12 to 5 at 1316051257.773699 standard 1
AFTER_AFTER_LOCK * for 3 SENT from 12 to 5 at 1316051257.773708 standard 1
AFTER_LOCK2 * for 3 SENT from 12 to 5 at 1316051257.773709 standard 1
VSS_ECHO 902 for 3 SENT from 12 to 5 at 1316051257.773726 standard 1
VSSECHO_STAGE3 * for * SENT from * to * at 1316051257.773738
VSSECHO_STAGE4 * for * SENT from * to * at 1316051257.773829
BEFORE_LOCK * for 3 SENT from 12 to 6 at 1316051257.773835 standard 1
AFTER_LOCK * for 3 SENT from 12 to 6 at 1316051257.773835 standard 1
AFTER_AFTER_LOCK * for 3 SENT from 12 to 6 at 1316051257.773845 standard 1
AFTER_LOCK2 * for 3 SENT from 12 to 6 at 1316051257.773845 standard 1
VSS_ECHO 903 for 3 SENT from 12 to 6 at 1316051257.773862 standard 1
VSSECHO_STAGE3 * for * SENT from * to * at 1316051257.773875
VSSECHO_STAGE4 * for * SENT from * to * at 1316051257.773951
BEFORE_LOCK * for 3 SENT from 12 to 7 at 1316051257.773957 standard 1
AFTER_LOCK * for 3 SENT from 12 to 7 at 1316051257.773957 standard 1
AFTER_AFTER_LOCK * for 3 SENT from 12 to 7 at 1316051257.774015 standard 1
AFTER_LOCK2 * for 3 SENT from 12 to 7 at 1316051257.774016 standard 1
VSS_ECHO 904 for 3 SENT from 12 to 7 at 1316051257.774034 standard 1
VSSECHO_STAGE3 * for * SENT from * to * at 1316051257.774046
VSSECHO_STAGE4 * for * SENT from * to * at 1316051257.774118
BEFORE_LOCK * for 3 SENT from 12 to 8 at 1316051257.774123 standard 1
AFTER_LOCK * for 3 SENT from 12 to 8 at 1316051257.774124 standard 1
AFTER_AFTER_LOCK * for 3 SENT from 12 to 8 at 1316051257.774124 standard 1
AFTER_LOCK2 * for 3 SENT from 12 to 8 at 1316051257.774129 standard 1
VSS_ECHO 905 for 3 SENT from 12 to 8 at 1316051257.774145 standard 1
VSSECHO_STAGE3 * for * SENT from * to * at 1316051257.774156
VSSECHO_STAGE4 * for * SENT from * to * at 1316051257.774227
BEFORE_LOCK * for 3 SENT from 12 to 9 at 1316051257.774232 standard 1
AFTER_LOCK * for 3 SENT from 12 to 9 at 1316051257.774233 standard 1
AFTER_AFTER_LOCK * for 3 SENT from 12 to 9 at 1316051257.774242 standard 1
AFTER_LOCK2 * for 3 SENT from 12 to 9 at 1316051257.774243 standard 1
VSS_ECHO 906 for 3 SENT from 12 to 9 at 1316051257.774260 standard 1
VSSECHO_STAGE3 * for * SENT from * to * at 1316051257.774273
VSSECHO_STAGE4 * for * SENT from * to * at 1316051257.774345
BEFORE_LOCK * for 3 SENT from 12 to 10 at 1316051257.774351 standard 1
AFTER_LOCK * for 3 SENT from 12 to 10 at 1316051257.774351 standard 1
AFTER_AFTER_LOCK * for 3 SENT from 12 to 10 at 1316051257.774359 standard 1
AFTER_LOCK2 * for 3 SENT from 12 to 10 at 1316051257.774359 standard 1
VSS_ECHO 907 for 3 SENT from 12 to 10 at 1316051257.774376 standard 1
VSSECHO_STAGE3 * for * SENT from * to * at 1316051257.774387
VSSECHO_STAGE4 * for * SENT from * to * at 1316051257.774459
BEFORE_LOCK * for 3 SENT from 12 to 11 at 1316051257.774464 standard 1
AFTER_LOCK * for 3 SENT from 12 to 11 at 1316051257.774464 standard 1
AFTER_AFTER_LOCK * for 3 SENT from 12 to 11 at 1316051257.774472 standard 1
AFTER_LOCK2 * for 3 SENT from 12 to 11 at 1316051257.774472 standard 1
VSS_ECHO 908 for 3 SENT from 12 to 11 at 1316051257.774489 standard 1
VSSECHO_STAGE3 * for * SENT from * to * at 1316051257.774501
VSSECHO_STAGE4 * for * SENT from * to * at 1316051257.774573
BEFORE_LOCK * for 3 SENT from 12 to 12 at 1316051257.774578 standard 1
AFTER_LOCK * for 3 SENT from 12 to 12 at 1316051257.774579 standard 1
AFTER_AFTER_LOCK * for 3 SENT from 12 to 12 at 1316051257.774588 standard 1
AFTER_LOCK2 * for 3 SENT from 12 to 12 at 1316051257.774588 standard 1
VSS_ECHO 909 for 3 SENT from 12 to 12 at 1316051257.774624 standard 1
VSSECHO_STAGE3 * for * SENT from * to * at 1316051257.774636
VSSECHO_STAGE4 * for * SENT from * to * at 1316051257.774711
BEFORE_LOCK * for 3 SENT from 12 to 13 at 1316051257.774718 standard 1
AFTER_LOCK * for 3 SENT from 12 to 13 at 1316051257.774719 standard 1
AFTER_AFTER_LOCK * for 3 SENT from 12 to 13 at 1316051257.774719 standard 1
AFTER_LOCK2 * for 3 SENT from 12 to 13 at 1316051257.774719 standard 1
VSS_ECHO 910 for 3 SENT from 12 to 13 at 1316051257.774736 standard 1
VSSECHO_STAGE3 * for * SENT from * to * at 1316051257.774748
VSSECHO_STAGE4 * for * SENT from * to * at 1316051257.774826
BEFORE_LOCK * for 3 SENT from 12 to 14 at 1316051257.774831 standard 1
AFTER_LOCK * for 3 SENT from 12 to 14 at 1316051257.774832 standard 1
AFTER_AFTER_LOCK * for 3 SENT from 12 to 14 at 1316051257.774945 standard 1
AFTER_LOCK2 * for 3 SENT from 12 to 14 at 1316051257.774946 standard 1
VSS_ECHO 911 for 3 SENT from 12 to 14 at 1316051257.774964 standard 1
VSSECHO_STAGE3 * for * SENT from * to * at 1316051257.774976
VSSECHO_STAGE4 * for * SENT from * to * at 1316051257.775049
BEFORE_LOCK * for 3 SENT from 12 to 15 at 1316051257.775054 standard 1
AFTER_LOCK * for 3 SENT from 12 to 15 at 1316051257.775055 standard 1
AFTER_AFTER_LOCK * for 3 SENT from 12 to 15 at 1316051257.775066 standard 1
AFTER_LOCK2 * for 3 SENT from 12 to 15 at 1316051257.775067 standard 1
VSS_ECHO 912 for 3 SENT from 12 to 15 at 1316051257.775084 standard 1
VSSECHO_STAGE3 * for * SENT from * to * at 1316051257.775096
VSSECHO_STAGE4 * for * SENT from * to * at 1316051257.775172
BEFORE_LOCK * for 3 SENT from 12 to 16 at 1316051257.775177 standard 1
AFTER_LOCK * for 3 SENT from 12 to 16 at 1316051257.775178 standard 1
AFTER_AFTER_LOCK * for 3 SENT from 12 to 16 at 1316051257.775191 standard 1
AFTER_LOCK2 * for 3 SENT from 12 to 16 at 1316051257.775191 standard 1
VSS_ECHO 913 for 3 SENT from 12 to 16 at 1316051257.775207 standard 1
VSSECHO_STAGE3 * for * SENT from * to * at 1316051257.775219
VSSECHO_STAGE4 * for * SENT from * to * at 1316051257.775291
BEFORE_LOCK * for 3 SENT from 12 to 17 at 1316051257.775297 standard 1
AFTER_LOCK * for 3 SENT from 12 to 17 at 1316051257.775297 standard 1
AFTER_AFTER_LOCK * for 3 SENT from 12 to 17 at 1316051257.775306 standard 1
AFTER_LOCK2 * for 3 SENT from 12 to 17 at 1316051257.775306 standard 1
VSS_ECHO 914 for 3 SENT from 12 to 17 at 1316051257.775323 standard 1
VSSECHO_STAGE3 * for * SENT from * to * at 1316051257.775335
VSSECHO_STAGE4 * for * SENT from * to * at 1316051257.775407
BEFORE_LOCK * for 3 SENT from 12 to 18 at 1316051257.775413 standard 1
AFTER_LOCK * for 3 SENT from 12 to 18 at 1316051257.775413 standard 1
AFTER_AFTER_LOCK * for 3 SENT from 12 to 18 at 1316051257.775422 standard 1
AFTER_LOCK2 * for 3 SENT from 12 to 18 at 1316051257.775422 standard 1
VSS_ECHO 915 for 3 SENT from 12 to 18 at 1316051257.775440 standard 1
VSSECHO_STAGE3 * for * SENT from * to * at 1316051257.775452
VSSECHO_STAGE4 * for * SENT from * to * at 1316051257.775524
BEFORE_LOCK * for 3 SENT from 12 to 19 at 1316051257.775530 standard 1
AFTER_LOCK * for 3 SENT from 12 to 19 at 1316051257.775530 standard 1
AFTER_AFTER_LOCK * for 3 SENT from 12 to 19 at 1316051257.775539 standard 1
AFTER_LOCK2 * for 3 SENT from 12 to 19 at 1316051257.775539 standard 1
VSS_ECHO 916 for 3 SENT from 12 to 19 at 1316051257.775557 standard 1
VSSECHO_STAGE3 * for * SENT from * to * at 1316051257.775569
VSSECHO_STAGE4 * for * SENT from * to * at 1316051257.775640
BEFORE_LOCK * for 3 SENT from 12 to 20 at 1316051257.775645 standard 1
AFTER_LOCK * for 3 SENT from 12 to 20 at 1316051257.775646 standard 1
AFTER_AFTER_LOCK * for 3 SENT from 12 to 20 at 1316051257.775646 standard 1
AFTER_LOCK2 * for 3 SENT from 12 to 20 at 1316051257.775646 standard 1
VSS_ECHO 917 for 3 SENT from 12 to 20 at 1316051257.775675 standard 1
VSS_ECHO 961 for 3 RECEIVED from 9 to 12 at 1316051257.775697
VSS_ECHO 909 for 3 RECEIVED from 12 to 12 at 1316051257.786636
DKG_READY 631 for 1 RECEIVED from 5 to 12 at 1316051257.797290
VSS_ECHO 42 for 1 RECEIVED from 3 to 12 at 1316051257.839381
DKG_ECHO 511 for 1 RECEIVED from 15 to 12 at 1316051257.968869
VSS_ECHO 772 for 5 RECEIVED from 5 to 12 at 1316051258.001229
VSS_READY 300 for 4 RECEIVED from 2 to 12 at 1316051258.120206
DKG_READY 748 for 1 RECEIVED from 15 to 12 at 1316051258.172948



============================================
*2ENOUGH DKG_READY message for 12 at 1316051258.172948
*Threshold : Ready = 12
*Received Ready Message Num = 12
============================================

DKG_COMPLETE * for 1 RS from 12 to * at 1316051258.172948 :)
