-Run node 11 starting at 1316051239.508340 with version 5.2
-Function node 11 starting at 1316051249.508961
LEADER_CHANGE 1 for * SENT from 11 to 1 at 1316051249.512614 standard 1
VSS_ECHO 14 for 1 RECEIVED from 12 to 11 at 1316051249.879724
VSS_ECHO 14 for 1 RECEIVED from 9 to 11 at 1316051249.894664
VSS_ECHO 14 for 1 RECEIVED from 17 to 11 at 1316051249.909005
VSS_ECHO 14 for 1 RECEIVED from 7 to 11 at 1316051249.923591
VSS_ECHO 14 for 1 RECEIVED from 10 to 11 at 1316051249.937953
VSS_ECHO 14 for 1 RECEIVED from 14 to 11 at 1316051249.952170
VSS_ECHO 14 for 1 RECEIVED from 16 to 11 at 1316051250.731431
VSS_ECHO 14 for 1 RECEIVED from 15 to 11 at 1316051251.308733
VSS_READY 212 for 1 RECEIVED from 1 to 11 at 1316051251.598405
VSS_READY 46 for 1 RECEIVED from 17 to 11 at 1316051251.623392
VSS_READY 63 for 1 RECEIVED from 10 to 11 at 1316051251.648491



============================================
*1ENOUGH VSS_READY message for 11 at 1316051251.648491
*Threshold : Ready = 3
*Received Ready Message Num = 3
*Ready messages are sending out...
============================================

BEFORE_LOCK * for 1 SENT from 11 to 1 at 1316051251.677032 standard 1
AFTER_LOCK * for 1 SENT from 11 to 1 at 1316051251.677034 standard 1
AFTER_AFTER_LOCK * for 1 SENT from 11 to 1 at 1316051251.677389 standard 1
AFTER_LOCK2 * for 1 SENT from 11 to 1 at 1316051251.677390 standard 1
VSS_READY 29 for 1 SENT from 11 to 1 at 1316051251.677390 standard 1
BEFORE_LOCK * for 1 SENT from 11 to 2 at 1316051251.680420 standard 1
AFTER_LOCK * for 1 SENT from 11 to 2 at 1316051251.680421 standard 1
AFTER_AFTER_LOCK * for 1 SENT from 11 to 2 at 1316051251.680716 standard 1
AFTER_LOCK2 * for 1 SENT from 11 to 2 at 1316051251.680716 standard 1
VSS_READY 30 for 1 SENT from 11 to 2 at 1316051251.680717 standard 1
BEFORE_LOCK * for 1 SENT from 11 to 3 at 1316051251.683816 standard 1
AFTER_LOCK * for 1 SENT from 11 to 3 at 1316051251.683817 standard 1
AFTER_AFTER_LOCK * for 1 SENT from 11 to 3 at 1316051251.684302 standard 1
AFTER_LOCK2 * for 1 SENT from 11 to 3 at 1316051251.684303 standard 1
VSS_READY 31 for 1 SENT from 11 to 3 at 1316051251.684304 standard 1
BEFORE_LOCK * for 1 SENT from 11 to 4 at 1316051251.687724 standard 1
AFTER_LOCK * for 1 SENT from 11 to 4 at 1316051251.687725 standard 1
AFTER_AFTER_LOCK * for 1 SENT from 11 to 4 at 1316051251.688244 standard 1
AFTER_LOCK2 * for 1 SENT from 11 to 4 at 1316051251.688244 standard 1
VSS_READY 32 for 1 SENT from 11 to 4 at 1316051251.688245 standard 1
BEFORE_LOCK * for 1 SENT from 11 to 5 at 1316051251.691284 standard 1
AFTER_LOCK * for 1 SENT from 11 to 5 at 1316051251.691285 standard 1
AFTER_AFTER_LOCK * for 1 SENT from 11 to 5 at 1316051251.691627 standard 1
AFTER_LOCK2 * for 1 SENT from 11 to 5 at 1316051251.691628 standard 1
VSS_READY 33 for 1 SENT from 11 to 5 at 1316051251.691628 standard 1
BEFORE_LOCK * for 1 SENT from 11 to 6 at 1316051251.694645 standard 1
AFTER_LOCK * for 1 SENT from 11 to 6 at 1316051251.694646 standard 1
AFTER_AFTER_LOCK * for 1 SENT from 11 to 6 at 1316051251.694831 standard 1
AFTER_LOCK2 * for 1 SENT from 11 to 6 at 1316051251.694832 standard 1
VSS_READY 34 for 1 SENT from 11 to 6 at 1316051251.694832 standard 1
BEFORE_LOCK * for 1 SENT from 11 to 7 at 1316051251.697868 standard 1
AFTER_LOCK * for 1 SENT from 11 to 7 at 1316051251.697869 standard 1
AFTER_AFTER_LOCK * for 1 SENT from 11 to 7 at 1316051251.698144 standard 1
AFTER_LOCK2 * for 1 SENT from 11 to 7 at 1316051251.698144 standard 1
VSS_READY 35 for 1 SENT from 11 to 7 at 1316051251.698145 standard 1
BEFORE_LOCK * for 1 SENT from 11 to 8 at 1316051251.701174 standard 1
AFTER_LOCK * for 1 SENT from 11 to 8 at 1316051251.701175 standard 1
AFTER_AFTER_LOCK * for 1 SENT from 11 to 8 at 1316051251.701600 standard 1
AFTER_LOCK2 * for 1 SENT from 11 to 8 at 1316051251.701601 standard 1
VSS_READY 36 for 1 SENT from 11 to 8 at 1316051251.701601 standard 1
BEFORE_LOCK * for 1 SENT from 11 to 9 at 1316051251.704561 standard 1
AFTER_LOCK * for 1 SENT from 11 to 9 at 1316051251.704562 standard 1
AFTER_AFTER_LOCK * for 1 SENT from 11 to 9 at 1316051251.704846 standard 1
AFTER_LOCK2 * for 1 SENT from 11 to 9 at 1316051251.704846 standard 1
VSS_READY 37 for 1 SENT from 11 to 9 at 1316051251.704847 standard 1
BEFORE_LOCK * for 1 SENT from 11 to 10 at 1316051251.707869 standard 1
AFTER_LOCK * for 1 SENT from 11 to 10 at 1316051251.707870 standard 1
AFTER_AFTER_LOCK * for 1 SENT from 11 to 10 at 1316051251.708232 standard 1
AFTER_LOCK2 * for 1 SENT from 11 to 10 at 1316051251.708233 standard 1
VSS_READY 38 for 1 SENT from 11 to 10 at 1316051251.708233 standard 1
BEFORE_LOCK * for 1 SENT from 11 to 11 at 1316051251.711600 standard 1
AFTER_LOCK * for 1 SENT from 11 to 11 at 1316051251.711601 standard 1
AFTER_AFTER_LOCK * for 1 SENT from 11 to 11 at 1316051251.712194 standard 1
AFTER_LOCK2 * for 1 SENT from 11 to 11 at 1316051251.712194 standard 1
VSS_READY 39 for 1 SENT from 11 to 11 at 1316051251.712195 standard 1
BEFORE_LOCK * for 1 SENT from 11 to 12 at 1316051251.715210 standard 1
AFTER_LOCK * for 1 SENT from 11 to 12 at 1316051251.715211 standard 1
AFTER_AFTER_LOCK * for 1 SENT from 11 to 12 at 1316051251.715375 standard 1
AFTER_LOCK2 * for 1 SENT from 11 to 12 at 1316051251.715375 standard 1
VSS_READY 40 for 1 SENT from 11 to 12 at 1316051251.715375 standard 1
BEFORE_LOCK * for 1 SENT from 11 to 13 at 1316051251.718583 standard 1
AFTER_LOCK * for 1 SENT from 11 to 13 at 1316051251.718584 standard 1
AFTER_AFTER_LOCK * for 1 SENT from 11 to 13 at 1316051251.718905 standard 1
AFTER_LOCK2 * for 1 SENT from 11 to 13 at 1316051251.718906 standard 1
VSS_READY 41 for 1 SENT from 11 to 13 at 1316051251.718906 standard 1
BEFORE_LOCK * for 1 SENT from 11 to 14 at 1316051251.722313 standard 1
AFTER_LOCK * for 1 SENT from 11 to 14 at 1316051251.722314 standard 1
AFTER_AFTER_LOCK * for 1 SENT from 11 to 14 at 1316051251.722753 standard 1
AFTER_LOCK2 * for 1 SENT from 11 to 14 at 1316051251.722753 standard 1
VSS_READY 42 for 1 SENT from 11 to 14 at 1316051251.722754 standard 1
BEFORE_LOCK * for 1 SENT from 11 to 15 at 1316051251.725875 standard 1
AFTER_LOCK * for 1 SENT from 11 to 15 at 1316051251.725876 standard 1
AFTER_AFTER_LOCK * for 1 SENT from 11 to 15 at 1316051251.726038 standard 1
AFTER_LOCK2 * for 1 SENT from 11 to 15 at 1316051251.726039 standard 1
VSS_READY 43 for 1 SENT from 11 to 15 at 1316051251.726039 standard 1
BEFORE_LOCK * for 1 SENT from 11 to 16 at 1316051251.729290 standard 1
AFTER_LOCK * for 1 SENT from 11 to 16 at 1316051251.729291 standard 1
AFTER_AFTER_LOCK * for 1 SENT from 11 to 16 at 1316051251.729658 standard 1
AFTER_LOCK2 * for 1 SENT from 11 to 16 at 1316051251.729658 standard 1
VSS_READY 44 for 1 SENT from 11 to 16 at 1316051251.729659 standard 1
BEFORE_LOCK * for 1 SENT from 11 to 17 at 1316051251.733163 standard 1
AFTER_LOCK * for 1 SENT from 11 to 17 at 1316051251.733164 standard 1
AFTER_AFTER_LOCK * for 1 SENT from 11 to 17 at 1316051251.733519 standard 1
AFTER_LOCK2 * for 1 SENT from 11 to 17 at 1316051251.733520 standard 1
VSS_READY 45 for 1 SENT from 11 to 17 at 1316051251.733520 standard 1
BEFORE_LOCK * for 1 SENT from 11 to 18 at 1316051251.736487 standard 1
AFTER_LOCK * for 1 SENT from 11 to 18 at 1316051251.736488 standard 1
AFTER_AFTER_LOCK * for 1 SENT from 11 to 18 at 1316051251.737045 standard 1
AFTER_LOCK2 * for 1 SENT from 11 to 18 at 1316051251.737046 standard 1
VSS_READY 46 for 1 SENT from 11 to 18 at 1316051251.737046 standard 1
BEFORE_LOCK * for 1 SENT from 11 to 19 at 1316051251.740071 standard 1
AFTER_LOCK * for 1 SENT from 11 to 19 at 1316051251.740071 standard 1
AFTER_AFTER_LOCK * for 1 SENT from 11 to 19 at 1316051251.740493 standard 1
AFTER_LOCK2 * for 1 SENT from 11 to 19 at 1316051251.740494 standard 1
VSS_READY 47 for 1 SENT from 11 to 19 at 1316051251.740494 standard 1
BEFORE_LOCK * for 1 SENT from 11 to 20 at 1316051251.743817 standard 1
AFTER_LOCK * for 1 SENT from 11 to 20 at 1316051251.743818 standard 1
AFTER_AFTER_LOCK * for 1 SENT from 11 to 20 at 1316051251.744040 standard 1
AFTER_LOCK2 * for 1 SENT from 11 to 20 at 1316051251.744040 standard 1
VSS_READY 48 for 1 SENT from 11 to 20 at 1316051251.744041 standard 1
VSS_READY 46 for 1 RECEIVED from 14 to 11 at 1316051251.744170
VSS_READY 60 for 1 RECEIVED from 16 to 11 at 1316051251.769747
VSS_READY 46 for 1 RECEIVED from 15 to 11 at 1316051251.794909
VSS_ECHO 14 for 1 RECEIVED from 6 to 11 at 1316051251.820593
VSS_ECHO 302 for 4 RECEIVED from 1 to 11 at 1316051252.053023
VSS_READY 62 for 1 RECEIVED from 12 to 11 at 1316051252.067631
VSS_READY 63 for 1 RECEIVED from 9 to 11 at 1316051252.092899
VSS_ECHO 122 for 4 RECEIVED from 17 to 11 at 1316051252.117657
VSS_READY 61 for 1 RECEIVED from 7 to 11 at 1316051252.132245
VSS_ECHO 126 for 4 RECEIVED from 10 to 11 at 1316051252.156994
VSS_ECHO 135 for 4 RECEIVED from 14 to 11 at 1316051252.171560
VSS_READY 39 for 1 RECEIVED from 11 to 11 at 1316051252.186062
VSS_ECHO 14 for 1 RECEIVED from 18 to 11 at 1316051252.210981
VSS_SEND 13 for * RECEIVED from 4 to 11 at 1316051252.225256
VSSECHO_STAGE3 * for * SENT from * to * at 1316051252.252265
VSSECHO_STAGE4 * for * SENT from * to * at 1316051252.252370
BEFORE_LOCK * for 4 SENT from 11 to 1 at 1316051252.252378 standard 1
AFTER_LOCK * for 4 SENT from 11 to 1 at 1316051252.252380 standard 1
AFTER_AFTER_LOCK * for 4 SENT from 11 to 1 at 1316051252.252886 standard 1
AFTER_LOCK2 * for 4 SENT from 11 to 1 at 1316051252.252886 standard 1
VSS_ECHO 98 for 4 SENT from 11 to 1 at 1316051252.252912 standard 1
VSSECHO_STAGE3 * for * SENT from * to * at 1316051252.252932
VSSECHO_STAGE4 * for * SENT from * to * at 1316051252.253065
BEFORE_LOCK * for 4 SENT from 11 to 2 at 1316051252.253074 standard 1
AFTER_LOCK * for 4 SENT from 11 to 2 at 1316051252.253076 standard 1
AFTER_AFTER_LOCK * for 4 SENT from 11 to 2 at 1316051252.253076 standard 1
AFTER_LOCK2 * for 4 SENT from 11 to 2 at 1316051252.253077 standard 1
VSS_ECHO 99 for 4 SENT from 11 to 2 at 1316051252.253098 standard 1
VSSECHO_STAGE3 * for * SENT from * to * at 1316051252.253115
VSSECHO_STAGE4 * for * SENT from * to * at 1316051252.253223
BEFORE_LOCK * for 4 SENT from 11 to 3 at 1316051252.253231 standard 1
AFTER_LOCK * for 4 SENT from 11 to 3 at 1316051252.253231 standard 1
AFTER_AFTER_LOCK * for 4 SENT from 11 to 3 at 1316051252.253232 standard 1
AFTER_LOCK2 * for 4 SENT from 11 to 3 at 1316051252.253232 standard 1
VSS_ECHO 100 for 4 SENT from 11 to 3 at 1316051252.253253 standard 1
VSSECHO_STAGE3 * for * SENT from * to * at 1316051252.253269
VSSECHO_STAGE4 * for * SENT from * to * at 1316051252.253371
BEFORE_LOCK * for 4 SENT from 11 to 4 at 1316051252.253378 standard 1
AFTER_LOCK * for 4 SENT from 11 to 4 at 1316051252.253379 standard 1
AFTER_AFTER_LOCK * for 4 SENT from 11 to 4 at 1316051252.253409 standard 1
AFTER_LOCK2 * for 4 SENT from 11 to 4 at 1316051252.253410 standard 1
VSS_ECHO 101 for 4 SENT from 11 to 4 at 1316051252.253440 standard 1
VSSECHO_STAGE3 * for * SENT from * to * at 1316051252.253457
VSSECHO_STAGE4 * for * SENT from * to * at 1316051252.253561
BEFORE_LOCK * for 4 SENT from 11 to 5 at 1316051252.253571 standard 1
AFTER_LOCK * for 4 SENT from 11 to 5 at 1316051252.253572 standard 1
AFTER_AFTER_LOCK * for 4 SENT from 11 to 5 at 1316051252.253572 standard 1
AFTER_LOCK2 * for 4 SENT from 11 to 5 at 1316051252.253573 standard 1
VSS_ECHO 102 for 4 SENT from 11 to 5 at 1316051252.253603 standard 1
VSSECHO_STAGE3 * for * SENT from * to * at 1316051252.253619
VSSECHO_STAGE4 * for * SENT from * to * at 1316051252.253732
BEFORE_LOCK * for 4 SENT from 11 to 6 at 1316051252.253740 standard 1
AFTER_LOCK * for 4 SENT from 11 to 6 at 1316051252.253740 standard 1
AFTER_AFTER_LOCK * for 4 SENT from 11 to 6 at 1316051252.254092 standard 1
AFTER_LOCK2 * for 4 SENT from 11 to 6 at 1316051252.254092 standard 1
VSS_ECHO 103 for 4 SENT from 11 to 6 at 1316051252.254126 standard 1
VSSECHO_STAGE3 * for * SENT from * to * at 1316051252.254146
VSSECHO_STAGE4 * for * SENT from * to * at 1316051252.254524
BEFORE_LOCK * for 4 SENT from 11 to 7 at 1316051252.254535 standard 1
AFTER_LOCK * for 4 SENT from 11 to 7 at 1316051252.254536 standard 1
AFTER_AFTER_LOCK * for 4 SENT from 11 to 7 at 1316051252.254559 standard 1
AFTER_LOCK2 * for 4 SENT from 11 to 7 at 1316051252.254560 standard 1
VSS_ECHO 104 for 4 SENT from 11 to 7 at 1316051252.254619 standard 1
VSSECHO_STAGE3 * for * SENT from * to * at 1316051252.254638
VSSECHO_STAGE4 * for * SENT from * to * at 1316051252.254740
BEFORE_LOCK * for 4 SENT from 11 to 8 at 1316051252.254747 standard 1
AFTER_LOCK * for 4 SENT from 11 to 8 at 1316051252.254747 standard 1
AFTER_AFTER_LOCK * for 4 SENT from 11 to 8 at 1316051252.254748 standard 1
AFTER_LOCK2 * for 4 SENT from 11 to 8 at 1316051252.254748 standard 1
VSS_ECHO 105 for 4 SENT from 11 to 8 at 1316051252.254769 standard 1
VSSECHO_STAGE3 * for * SENT from * to * at 1316051252.254784
VSSECHO_STAGE4 * for * SENT from * to * at 1316051252.254884
BEFORE_LOCK * for 4 SENT from 11 to 9 at 1316051252.254894 standard 1
AFTER_LOCK * for 4 SENT from 11 to 9 at 1316051252.254895 standard 1
AFTER_AFTER_LOCK * for 4 SENT from 11 to 9 at 1316051252.255508 standard 1
AFTER_LOCK2 * for 4 SENT from 11 to 9 at 1316051252.255509 standard 1
VSS_ECHO 106 for 4 SENT from 11 to 9 at 1316051252.255545 standard 1
VSSECHO_STAGE3 * for * SENT from * to * at 1316051252.255565
VSSECHO_STAGE4 * for * SENT from * to * at 1316051252.255681
BEFORE_LOCK * for 4 SENT from 11 to 10 at 1316051252.255700 standard 1
AFTER_LOCK * for 4 SENT from 11 to 10 at 1316051252.255701 standard 1
AFTER_AFTER_LOCK * for 4 SENT from 11 to 10 at 1316051252.255724 standard 1
AFTER_LOCK2 * for 4 SENT from 11 to 10 at 1316051252.255725 standard 1
VSS_ECHO 107 for 4 SENT from 11 to 10 at 1316051252.255747 standard 1
VSSECHO_STAGE3 * for * SENT from * to * at 1316051252.255764
VSSECHO_STAGE4 * for * SENT from * to * at 1316051252.255864
BEFORE_LOCK * for 4 SENT from 11 to 11 at 1316051252.255871 standard 1
AFTER_LOCK * for 4 SENT from 11 to 11 at 1316051252.255872 standard 1
AFTER_AFTER_LOCK * for 4 SENT from 11 to 11 at 1316051252.255891 standard 1
AFTER_LOCK2 * for 4 SENT from 11 to 11 at 1316051252.255891 standard 1
VSS_ECHO 108 for 4 SENT from 11 to 11 at 1316051252.255914 standard 1
VSSECHO_STAGE3 * for * SENT from * to * at 1316051252.255931
VSSECHO_STAGE4 * for * SENT from * to * at 1316051252.256038
BEFORE_LOCK * for 4 SENT from 11 to 12 at 1316051252.256046 standard 1
AFTER_LOCK * for 4 SENT from 11 to 12 at 1316051252.256046 standard 1
AFTER_AFTER_LOCK * for 4 SENT from 11 to 12 at 1316051252.256663 standard 1
AFTER_LOCK2 * for 4 SENT from 11 to 12 at 1316051252.256663 standard 1
VSS_ECHO 109 for 4 SENT from 11 to 12 at 1316051252.256700 standard 1
VSSECHO_STAGE3 * for * SENT from * to * at 1316051252.256720
VSSECHO_STAGE4 * for * SENT from * to * at 1316051252.257074
BEFORE_LOCK * for 4 SENT from 11 to 13 at 1316051252.257085 standard 1
AFTER_LOCK * for 4 SENT from 11 to 13 at 1316051252.257086 standard 1
AFTER_AFTER_LOCK * for 4 SENT from 11 to 13 at 1316051252.257086 standard 1
AFTER_LOCK2 * for 4 SENT from 11 to 13 at 1316051252.257087 standard 1
VSS_ECHO 110 for 4 SENT from 11 to 13 at 1316051252.257108 standard 1
VSSECHO_STAGE3 * for * SENT from * to * at 1316051252.257123
VSSECHO_STAGE4 * for * SENT from * to * at 1316051252.257226
BEFORE_LOCK * for 4 SENT from 11 to 14 at 1316051252.257233 standard 1
AFTER_LOCK * for 4 SENT from 11 to 14 at 1316051252.257234 standard 1
AFTER_AFTER_LOCK * for 4 SENT from 11 to 14 at 1316051252.257813 standard 1
AFTER_LOCK2 * for 4 SENT from 11 to 14 at 1316051252.257813 standard 1
VSS_ECHO 111 for 4 SENT from 11 to 14 at 1316051252.257847 standard 1
VSSECHO_STAGE3 * for * SENT from * to * at 1316051252.257869
VSSECHO_STAGE4 * for * SENT from * to * at 1316051252.257985
BEFORE_LOCK * for 4 SENT from 11 to 15 at 1316051252.257996 standard 1
AFTER_LOCK * for 4 SENT from 11 to 15 at 1316051252.257997 standard 1
AFTER_AFTER_LOCK * for 4 SENT from 11 to 15 at 1316051252.258020 standard 1
AFTER_LOCK2 * for 4 SENT from 11 to 15 at 1316051252.258021 standard 1
VSS_ECHO 112 for 4 SENT from 11 to 15 at 1316051252.258043 standard 1
VSSECHO_STAGE3 * for * SENT from * to * at 1316051252.258068
VSSECHO_STAGE4 * for * SENT from * to * at 1316051252.258168
BEFORE_LOCK * for 4 SENT from 11 to 16 at 1316051252.258175 standard 1
AFTER_LOCK * for 4 SENT from 11 to 16 at 1316051252.258176 standard 1
AFTER_AFTER_LOCK * for 4 SENT from 11 to 16 at 1316051252.258192 standard 1
AFTER_LOCK2 * for 4 SENT from 11 to 16 at 1316051252.258193 standard 1
VSS_ECHO 113 for 4 SENT from 11 to 16 at 1316051252.258243 standard 1
VSSECHO_STAGE3 * for * SENT from * to * at 1316051252.258261
VSSECHO_STAGE4 * for * SENT from * to * at 1316051252.258367
BEFORE_LOCK * for 4 SENT from 11 to 17 at 1316051252.258377 standard 1
AFTER_LOCK * for 4 SENT from 11 to 17 at 1316051252.258378 standard 1
AFTER_AFTER_LOCK * for 4 SENT from 11 to 17 at 1316051252.258851 standard 1
AFTER_LOCK2 * for 4 SENT from 11 to 17 at 1316051252.258852 standard 1
VSS_ECHO 114 for 4 SENT from 11 to 17 at 1316051252.258878 standard 1
VSSECHO_STAGE3 * for * SENT from * to * at 1316051252.258906
VSSECHO_STAGE4 * for * SENT from * to * at 1316051252.259010
BEFORE_LOCK * for 4 SENT from 11 to 18 at 1316051252.259018 standard 1
AFTER_LOCK * for 4 SENT from 11 to 18 at 1316051252.259019 standard 1
AFTER_AFTER_LOCK * for 4 SENT from 11 to 18 at 1316051252.259045 standard 1
AFTER_LOCK2 * for 4 SENT from 11 to 18 at 1316051252.259045 standard 1
VSS_ECHO 115 for 4 SENT from 11 to 18 at 1316051252.259077 standard 1
VSSECHO_STAGE3 * for * SENT from * to * at 1316051252.259095
VSSECHO_STAGE4 * for * SENT from * to * at 1316051252.259483
BEFORE_LOCK * for 4 SENT from 11 to 19 at 1316051252.259493 standard 1
AFTER_LOCK * for 4 SENT from 11 to 19 at 1316051252.259494 standard 1
AFTER_AFTER_LOCK * for 4 SENT from 11 to 19 at 1316051252.260046 standard 1
AFTER_LOCK2 * for 4 SENT from 11 to 19 at 1316051252.260047 standard 1
VSS_ECHO 116 for 4 SENT from 11 to 19 at 1316051252.260080 standard 1
VSSECHO_STAGE3 * for * SENT from * to * at 1316051252.260102
VSSECHO_STAGE4 * for * SENT from * to * at 1316051252.260231
BEFORE_LOCK * for 4 SENT from 11 to 20 at 1316051252.260241 standard 1
AFTER_LOCK * for 4 SENT from 11 to 20 at 1316051252.260242 standard 1
AFTER_AFTER_LOCK * for 4 SENT from 11 to 20 at 1316051252.260262 standard 1
AFTER_LOCK2 * for 4 SENT from 11 to 20 at 1316051252.260262 standard 1
VSS_ECHO 117 for 4 SENT from 11 to 20 at 1316051252.260292 standard 1
VSS_ECHO 128 for 4 RECEIVED from 12 to 11 at 1316051252.260335
VSS_ECHO 136 for 4 RECEIVED from 9 to 11 at 1316051252.275205
VSS_ECHO 138 for 4 RECEIVED from 16 to 11 at 1316051252.289709
VSS_ECHO 108 for 4 RECEIVED from 11 to 11 at 1316051252.304435
VSS_ECHO 40 for 1 RECEIVED from 4 to 11 at 1316051252.318914
VSS_READY 78 for 1 RECEIVED from 4 to 11 at 1316051252.333281
VSS_READY 57 for 1 RECEIVED from 18 to 11 at 1316051252.358425



*============================================
*2ENOUGH VSS_READY message for 11 at 1316051252.358425
*Threshold : Ready = 12
*Received Ready Message Num = 12
*VSS Share is complete for dealer 1
============================================

BEFORE_LOCK * for 1 SENT from 11 to 1 at 1316051252.384909 standard 1
AFTER_LOCK * for 1 SENT from 11 to 1 at 1316051252.384910 standard 1
AFTER_AFTER_LOCK * for 1 SENT from 11 to 1 at 1316051252.385088 standard 1
AFTER_LOCK2 * for 1 SENT from 11 to 1 at 1316051252.385088 standard 1
VSS_SHARED 140 for 1 SENT from 11 to 1 at 1316051252.385115 standard 1
VSS_ECHO 138 for 4 RECEIVED from 15 to 11 at 1316051252.410702
VSS_ECHO 155 for 4 RECEIVED from 7 to 11 at 1316051252.472194
VSS_ECHO 127 for 4 RECEIVED from 19 to 11 at 1316051253.075371
VSS_ECHO 122 for 4 RECEIVED from 18 to 11 at 1316051253.802721



============================================
*ENOUGH VSS_ECHO message for 4 at 1316051253.802721
*Threshold : echo = 12
*Received Echo Message Num = 12
*Ready messages are sending out...
============================================

PRE_VSS_READY * for 4 SENT from 11 to 1 at 1316051253.824354 standard 1
BEFORE_LOCK * for 4 SENT from 11 to 1 at 1316051253.824366 standard 1
AFTER_LOCK * for 4 SENT from 11 to 1 at 1316051253.824368 standard 1
AFTER_AFTER_LOCK * for 4 SENT from 11 to 1 at 1316051253.824713 standard 1
AFTER_LOCK2 * for 4 SENT from 11 to 1 at 1316051253.824714 standard 1
VSS_READY 146 for 4 SENT from 11 to 1 at 1316051253.824714 standard 1
PRE_VSS_READY * for 4 SENT from 11 to 2 at 1316051253.827906 standard 1
BEFORE_LOCK * for 4 SENT from 11 to 2 at 1316051253.827917 standard 1
AFTER_LOCK * for 4 SENT from 11 to 2 at 1316051253.827918 standard 1
AFTER_AFTER_LOCK * for 4 SENT from 11 to 2 at 1316051253.827919 standard 1
AFTER_LOCK2 * for 4 SENT from 11 to 2 at 1316051253.827919 standard 1
VSS_READY 147 for 4 SENT from 11 to 2 at 1316051253.827920 standard 1
PRE_VSS_READY * for 4 SENT from 11 to 3 at 1316051253.830965 standard 1
BEFORE_LOCK * for 4 SENT from 11 to 3 at 1316051253.830975 standard 1
AFTER_LOCK * for 4 SENT from 11 to 3 at 1316051253.830976 standard 1
AFTER_AFTER_LOCK * for 4 SENT from 11 to 3 at 1316051253.830977 standard 1
AFTER_LOCK2 * for 4 SENT from 11 to 3 at 1316051253.830977 standard 1
VSS_READY 148 for 4 SENT from 11 to 3 at 1316051253.830978 standard 1
PRE_VSS_READY * for 4 SENT from 11 to 4 at 1316051253.834037 standard 1
BEFORE_LOCK * for 4 SENT from 11 to 4 at 1316051253.834049 standard 1
AFTER_LOCK * for 4 SENT from 11 to 4 at 1316051253.834050 standard 1
AFTER_AFTER_LOCK * for 4 SENT from 11 to 4 at 1316051253.834614 standard 1
AFTER_LOCK2 * for 4 SENT from 11 to 4 at 1316051253.834614 standard 1
VSS_READY 149 for 4 SENT from 11 to 4 at 1316051253.834615 standard 1
PRE_VSS_READY * for 4 SENT from 11 to 5 at 1316051253.837931 standard 1
BEFORE_LOCK * for 4 SENT from 11 to 5 at 1316051253.837943 standard 1
AFTER_LOCK * for 4 SENT from 11 to 5 at 1316051253.837944 standard 1
AFTER_AFTER_LOCK * for 4 SENT from 11 to 5 at 1316051253.837945 standard 1
AFTER_LOCK2 * for 4 SENT from 11 to 5 at 1316051253.837945 standard 1
VSS_READY 150 for 4 SENT from 11 to 5 at 1316051253.837945 standard 1
PRE_VSS_READY * for 4 SENT from 11 to 6 at 1316051253.840800 standard 1
BEFORE_LOCK * for 4 SENT from 11 to 6 at 1316051253.840810 standard 1
AFTER_LOCK * for 4 SENT from 11 to 6 at 1316051253.840811 standard 1
AFTER_AFTER_LOCK * for 4 SENT from 11 to 6 at 1316051253.841320 standard 1
AFTER_LOCK2 * for 4 SENT from 11 to 6 at 1316051253.841321 standard 1
VSS_READY 151 for 4 SENT from 11 to 6 at 1316051253.841321 standard 1
PRE_VSS_READY * for 4 SENT from 11 to 7 at 1316051253.844287 standard 1
BEFORE_LOCK * for 4 SENT from 11 to 7 at 1316051253.844299 standard 1
AFTER_LOCK * for 4 SENT from 11 to 7 at 1316051253.844300 standard 1
AFTER_AFTER_LOCK * for 4 SENT from 11 to 7 at 1316051253.844857 standard 1
AFTER_LOCK2 * for 4 SENT from 11 to 7 at 1316051253.844857 standard 1
VSS_READY 152 for 4 SENT from 11 to 7 at 1316051253.844867 standard 1
PRE_VSS_READY * for 4 SENT from 11 to 8 at 1316051253.847806 standard 1
BEFORE_LOCK * for 4 SENT from 11 to 8 at 1316051253.847818 standard 1
AFTER_LOCK * for 4 SENT from 11 to 8 at 1316051253.847819 standard 1
AFTER_AFTER_LOCK * for 4 SENT from 11 to 8 at 1316051253.847819 standard 1
AFTER_LOCK2 * for 4 SENT from 11 to 8 at 1316051253.847820 standard 1
VSS_READY 153 for 4 SENT from 11 to 8 at 1316051253.847820 standard 1
PRE_VSS_READY * for 4 SENT from 11 to 9 at 1316051253.850862 standard 1
BEFORE_LOCK * for 4 SENT from 11 to 9 at 1316051253.850872 standard 1
AFTER_LOCK * for 4 SENT from 11 to 9 at 1316051253.850873 standard 1
AFTER_AFTER_LOCK * for 4 SENT from 11 to 9 at 1316051253.851236 standard 1
AFTER_LOCK2 * for 4 SENT from 11 to 9 at 1316051253.851237 standard 1
VSS_READY 154 for 4 SENT from 11 to 9 at 1316051253.851237 standard 1
PRE_VSS_READY * for 4 SENT from 11 to 10 at 1316051253.854638 standard 1
BEFORE_LOCK * for 4 SENT from 11 to 10 at 1316051253.854651 standard 1
AFTER_LOCK * for 4 SENT from 11 to 10 at 1316051253.854651 standard 1
AFTER_AFTER_LOCK * for 4 SENT from 11 to 10 at 1316051253.855006 standard 1
AFTER_LOCK2 * for 4 SENT from 11 to 10 at 1316051253.855007 standard 1
VSS_READY 155 for 4 SENT from 11 to 10 at 1316051253.855007 standard 1
PRE_VSS_READY * for 4 SENT from 11 to 11 at 1316051253.858071 standard 1
BEFORE_LOCK * for 4 SENT from 11 to 11 at 1316051253.858083 standard 1
AFTER_LOCK * for 4 SENT from 11 to 11 at 1316051253.858084 standard 1
AFTER_AFTER_LOCK * for 4 SENT from 11 to 11 at 1316051253.858403 standard 1
AFTER_LOCK2 * for 4 SENT from 11 to 11 at 1316051253.858403 standard 1
VSS_READY 156 for 4 SENT from 11 to 11 at 1316051253.858404 standard 1
PRE_VSS_READY * for 4 SENT from 11 to 12 at 1316051253.861494 standard 1
BEFORE_LOCK * for 4 SENT from 11 to 12 at 1316051253.861506 standard 1
AFTER_LOCK * for 4 SENT from 11 to 12 at 1316051253.861507 standard 1
AFTER_AFTER_LOCK * for 4 SENT from 11 to 12 at 1316051253.861959 standard 1
AFTER_LOCK2 * for 4 SENT from 11 to 12 at 1316051253.861960 standard 1
VSS_READY 157 for 4 SENT from 11 to 12 at 1316051253.861960 standard 1
PRE_VSS_READY * for 4 SENT from 11 to 13 at 1316051253.865078 standard 1
BEFORE_LOCK * for 4 SENT from 11 to 13 at 1316051253.865092 standard 1
AFTER_LOCK * for 4 SENT from 11 to 13 at 1316051253.865093 standard 1
AFTER_AFTER_LOCK * for 4 SENT from 11 to 13 at 1316051253.865093 standard 1
AFTER_LOCK2 * for 4 SENT from 11 to 13 at 1316051253.865094 standard 1
VSS_READY 158 for 4 SENT from 11 to 13 at 1316051253.865094 standard 1
PRE_VSS_READY * for 4 SENT from 11 to 14 at 1316051253.868176 standard 1
BEFORE_LOCK * for 4 SENT from 11 to 14 at 1316051253.868186 standard 1
AFTER_LOCK * for 4 SENT from 11 to 14 at 1316051253.868187 standard 1
AFTER_AFTER_LOCK * for 4 SENT from 11 to 14 at 1316051253.868743 standard 1
AFTER_LOCK2 * for 4 SENT from 11 to 14 at 1316051253.868743 standard 1
VSS_READY 159 for 4 SENT from 11 to 14 at 1316051253.868744 standard 1
PRE_VSS_READY * for 4 SENT from 11 to 15 at 1316051253.871878 standard 1
BEFORE_LOCK * for 4 SENT from 11 to 15 at 1316051253.871890 standard 1
AFTER_LOCK * for 4 SENT from 11 to 15 at 1316051253.871891 standard 1
AFTER_AFTER_LOCK * for 4 SENT from 11 to 15 at 1316051253.872214 standard 1
AFTER_LOCK2 * for 4 SENT from 11 to 15 at 1316051253.872214 standard 1
VSS_READY 160 for 4 SENT from 11 to 15 at 1316051253.872215 standard 1
PRE_VSS_READY * for 4 SENT from 11 to 16 at 1316051253.875338 standard 1
BEFORE_LOCK * for 4 SENT from 11 to 16 at 1316051253.875351 standard 1
AFTER_LOCK * for 4 SENT from 11 to 16 at 1316051253.875352 standard 1
AFTER_AFTER_LOCK * for 4 SENT from 11 to 16 at 1316051253.875791 standard 1
AFTER_LOCK2 * for 4 SENT from 11 to 16 at 1316051253.875792 standard 1
VSS_READY 161 for 4 SENT from 11 to 16 at 1316051253.875792 standard 1
PRE_VSS_READY * for 4 SENT from 11 to 17 at 1316051253.878825 standard 1
BEFORE_LOCK * for 4 SENT from 11 to 17 at 1316051253.878837 standard 1
AFTER_LOCK * for 4 SENT from 11 to 17 at 1316051253.878838 standard 1
AFTER_AFTER_LOCK * for 4 SENT from 11 to 17 at 1316051253.879157 standard 1
AFTER_LOCK2 * for 4 SENT from 11 to 17 at 1316051253.879157 standard 1
VSS_READY 162 for 4 SENT from 11 to 17 at 1316051253.879158 standard 1
PRE_VSS_READY * for 4 SENT from 11 to 18 at 1316051253.882657 standard 1
BEFORE_LOCK * for 4 SENT from 11 to 18 at 1316051253.882672 standard 1
AFTER_LOCK * for 4 SENT from 11 to 18 at 1316051253.882673 standard 1
AFTER_AFTER_LOCK * for 4 SENT from 11 to 18 at 1316051253.882914 standard 1
AFTER_LOCK2 * for 4 SENT from 11 to 18 at 1316051253.882915 standard 1
VSS_READY 163 for 4 SENT from 11 to 18 at 1316051253.882915 standard 1
PRE_VSS_READY * for 4 SENT from 11 to 19 at 1316051253.886095 standard 1
BEFORE_LOCK * for 4 SENT from 11 to 19 at 1316051253.886109 standard 1
AFTER_LOCK * for 4 SENT from 11 to 19 at 1316051253.886110 standard 1
AFTER_AFTER_LOCK * for 4 SENT from 11 to 19 at 1316051253.886264 standard 1
AFTER_LOCK2 * for 4 SENT from 11 to 19 at 1316051253.886265 standard 1
VSS_READY 164 for 4 SENT from 11 to 19 at 1316051253.886265 standard 1
PRE_VSS_READY * for 4 SENT from 11 to 20 at 1316051253.889310 standard 1
BEFORE_LOCK * for 4 SENT from 11 to 20 at 1316051253.889322 standard 1
AFTER_LOCK * for 4 SENT from 11 to 20 at 1316051253.889323 standard 1
AFTER_AFTER_LOCK * for 4 SENT from 11 to 20 at 1316051253.889651 standard 1
AFTER_LOCK2 * for 4 SENT from 11 to 20 at 1316051253.889651 standard 1
VSS_READY 165 for 4 SENT from 11 to 20 at 1316051253.889652 standard 1
VSS_READY 156 for 4 RECEIVED from 11 to 11 at 1316051253.889758
VSS_READY 123 for 4 RECEIVED from 4 to 11 at 1316051253.914975
VSS_READY 363 for 4 RECEIVED from 1 to 11 at 1316051253.939947
VSS_READY 184 for 4 RECEIVED from 9 to 11 at 1316051253.964903
VSS_READY 185 for 4 RECEIVED from 17 to 11 at 1316051253.989818
VSS_READY 185 for 4 RECEIVED from 7 to 11 at 1316051254.014905
VSS_READY 184 for 4 RECEIVED from 10 to 11 at 1316051254.039952
VSS_READY 185 for 4 RECEIVED from 14 to 11 at 1316051254.064878
VSS_READY 185 for 4 RECEIVED from 16 to 11 at 1316051254.089913
VSS_READY 206 for 4 RECEIVED from 12 to 11 at 1316051254.115487
VSS_READY 192 for 4 RECEIVED from 19 to 11 at 1316051254.146227
VSS_READY 214 for 4 RECEIVED from 15 to 11 at 1316051254.225706



*============================================
*2ENOUGH VSS_READY message for 11 at 1316051254.225706
*Threshold : Ready = 12
*Received Ready Message Num = 12
*VSS Share is complete for dealer 4
============================================

BEFORE_LOCK * for 4 SENT from 11 to 1 at 1316051254.252067 standard 1
AFTER_LOCK * for 4 SENT from 11 to 1 at 1316051254.252069 standard 1
AFTER_AFTER_LOCK * for 4 SENT from 11 to 1 at 1316051254.252271 standard 1
AFTER_LOCK2 * for 4 SENT from 11 to 1 at 1316051254.252271 standard 1
VSS_SHARED 277 for 4 SENT from 11 to 1 at 1316051254.252306 standard 1
VSS_READY 155 for 4 RECEIVED from 18 to 11 at 1316051254.363367
VSS_ECHO 503 for 5 RECEIVED from 1 to 11 at 1316051254.816339
VSS_ECHO 282 for 4 RECEIVED from 4 to 11 at 1316051255.032836
VSS_ECHO 304 for 5 RECEIVED from 19 to 11 at 1316051255.235279
VSS_SEND 13 for * RECEIVED from 5 to 11 at 1316051255.291172
VSSECHO_STAGE3 * for * SENT from * to * at 1316051255.317872
VSSECHO_STAGE4 * for * SENT from * to * at 1316051255.317988
BEFORE_LOCK * for 5 SENT from 11 to 1 at 1316051255.317997 standard 1
AFTER_LOCK * for 5 SENT from 11 to 1 at 1316051255.317998 standard 1
AFTER_AFTER_LOCK * for 5 SENT from 11 to 1 at 1316051255.318640 standard 1
AFTER_LOCK2 * for 5 SENT from 11 to 1 at 1316051255.318650 standard 1
VSS_ECHO 291 for 5 SENT from 11 to 1 at 1316051255.318678 standard 1
VSSECHO_STAGE3 * for * SENT from * to * at 1316051255.318705
VSSECHO_STAGE4 * for * SENT from * to * at 1316051255.318829
BEFORE_LOCK * for 5 SENT from 11 to 2 at 1316051255.318839 standard 1
AFTER_LOCK * for 5 SENT from 11 to 2 at 1316051255.318840 standard 1
AFTER_AFTER_LOCK * for 5 SENT from 11 to 2 at 1316051255.318840 standard 1
AFTER_LOCK2 * for 5 SENT from 11 to 2 at 1316051255.318841 standard 1
VSS_ECHO 292 for 5 SENT from 11 to 2 at 1316051255.318862 standard 1
VSSECHO_STAGE3 * for * SENT from * to * at 1316051255.318879
VSSECHO_STAGE4 * for * SENT from * to * at 1316051255.318995
BEFORE_LOCK * for 5 SENT from 11 to 3 at 1316051255.319002 standard 1
AFTER_LOCK * for 5 SENT from 11 to 3 at 1316051255.319003 standard 1
AFTER_AFTER_LOCK * for 5 SENT from 11 to 3 at 1316051255.319004 standard 1
AFTER_LOCK2 * for 5 SENT from 11 to 3 at 1316051255.319004 standard 1
VSS_ECHO 293 for 5 SENT from 11 to 3 at 1316051255.319025 standard 1
VSSECHO_STAGE3 * for * SENT from * to * at 1316051255.319041
VSSECHO_STAGE4 * for * SENT from * to * at 1316051255.319143
BEFORE_LOCK * for 5 SENT from 11 to 4 at 1316051255.319151 standard 1
AFTER_LOCK * for 5 SENT from 11 to 4 at 1316051255.319152 standard 1
AFTER_AFTER_LOCK * for 5 SENT from 11 to 4 at 1316051255.319522 standard 1
AFTER_LOCK2 * for 5 SENT from 11 to 4 at 1316051255.319522 standard 1
VSS_ECHO 294 for 5 SENT from 11 to 4 at 1316051255.319547 standard 1
VSSECHO_STAGE3 * for * SENT from * to * at 1316051255.319567
VSSECHO_STAGE4 * for * SENT from * to * at 1316051255.319681
BEFORE_LOCK * for 5 SENT from 11 to 5 at 1316051255.319701 standard 1
AFTER_LOCK * for 5 SENT from 11 to 5 at 1316051255.319702 standard 1
AFTER_AFTER_LOCK * for 5 SENT from 11 to 5 at 1316051255.319736 standard 1
AFTER_LOCK2 * for 5 SENT from 11 to 5 at 1316051255.319737 standard 1
VSS_ECHO 295 for 5 SENT from 11 to 5 at 1316051255.319774 standard 1
VSSECHO_STAGE3 * for * SENT from * to * at 1316051255.319837
VSSECHO_STAGE4 * for * SENT from * to * at 1316051255.319957
BEFORE_LOCK * for 5 SENT from 11 to 6 at 1316051255.319967 standard 1
AFTER_LOCK * for 5 SENT from 11 to 6 at 1316051255.319968 standard 1
AFTER_AFTER_LOCK * for 5 SENT from 11 to 6 at 1316051255.319992 standard 1
AFTER_LOCK2 * for 5 SENT from 11 to 6 at 1316051255.319992 standard 1
VSS_ECHO 296 for 5 SENT from 11 to 6 at 1316051255.320015 standard 1
VSSECHO_STAGE3 * for * SENT from * to * at 1316051255.320032
VSSECHO_STAGE4 * for * SENT from * to * at 1316051255.320137
BEFORE_LOCK * for 5 SENT from 11 to 7 at 1316051255.320144 standard 1
AFTER_LOCK * for 5 SENT from 11 to 7 at 1316051255.320145 standard 1
AFTER_AFTER_LOCK * for 5 SENT from 11 to 7 at 1316051255.320162 standard 1
AFTER_LOCK2 * for 5 SENT from 11 to 7 at 1316051255.320163 standard 1
VSS_ECHO 297 for 5 SENT from 11 to 7 at 1316051255.320188 standard 1
VSSECHO_STAGE3 * for * SENT from * to * at 1316051255.320205
VSSECHO_STAGE4 * for * SENT from * to * at 1316051255.320310
BEFORE_LOCK * for 5 SENT from 11 to 8 at 1316051255.320317 standard 1
AFTER_LOCK * for 5 SENT from 11 to 8 at 1316051255.320318 standard 1
AFTER_AFTER_LOCK * for 5 SENT from 11 to 8 at 1316051255.320319 standard 1
AFTER_LOCK2 * for 5 SENT from 11 to 8 at 1316051255.320319 standard 1
VSS_ECHO 298 for 5 SENT from 11 to 8 at 1316051255.320340 standard 1
VSSECHO_STAGE3 * for * SENT from * to * at 1316051255.320356
VSSECHO_STAGE4 * for * SENT from * to * at 1316051255.320467
BEFORE_LOCK * for 5 SENT from 11 to 9 at 1316051255.320476 standard 1
AFTER_LOCK * for 5 SENT from 11 to 9 at 1316051255.320477 standard 1
AFTER_AFTER_LOCK * for 5 SENT from 11 to 9 at 1316051255.321328 standard 1
AFTER_LOCK2 * for 5 SENT from 11 to 9 at 1316051255.321328 standard 1
VSS_ECHO 299 for 5 SENT from 11 to 9 at 1316051255.321359 standard 1
VSSECHO_STAGE3 * for * SENT from * to * at 1316051255.321385
VSSECHO_STAGE4 * for * SENT from * to * at 1316051255.321517
BEFORE_LOCK * for 5 SENT from 11 to 10 at 1316051255.321528 standard 1
AFTER_LOCK * for 5 SENT from 11 to 10 at 1316051255.321529 standard 1
AFTER_AFTER_LOCK * for 5 SENT from 11 to 10 at 1316051255.322326 standard 1
AFTER_LOCK2 * for 5 SENT from 11 to 10 at 1316051255.322326 standard 1
VSS_ECHO 300 for 5 SENT from 11 to 10 at 1316051255.322353 standard 1
VSSECHO_STAGE3 * for * SENT from * to * at 1316051255.322372
VSSECHO_STAGE4 * for * SENT from * to * at 1316051255.322509
BEFORE_LOCK * for 5 SENT from 11 to 11 at 1316051255.322526 standard 1
AFTER_LOCK * for 5 SENT from 11 to 11 at 1316051255.322527 standard 1
AFTER_AFTER_LOCK * for 5 SENT from 11 to 11 at 1316051255.322548 standard 1
AFTER_LOCK2 * for 5 SENT from 11 to 11 at 1316051255.322549 standard 1
VSS_ECHO 301 for 5 SENT from 11 to 11 at 1316051255.322587 standard 1
VSSECHO_STAGE3 * for * SENT from * to * at 1316051255.322607
VSSECHO_STAGE4 * for * SENT from * to * at 1316051255.322718
BEFORE_LOCK * for 5 SENT from 11 to 12 at 1316051255.322727 standard 1
AFTER_LOCK * for 5 SENT from 11 to 12 at 1316051255.322728 standard 1
AFTER_AFTER_LOCK * for 5 SENT from 11 to 12 at 1316051255.323019 standard 1
AFTER_LOCK2 * for 5 SENT from 11 to 12 at 1316051255.323020 standard 1
VSS_ECHO 302 for 5 SENT from 11 to 12 at 1316051255.323057 standard 1
VSSECHO_STAGE3 * for * SENT from * to * at 1316051255.323077
VSSECHO_STAGE4 * for * SENT from * to * at 1316051255.323492
BEFORE_LOCK * for 5 SENT from 11 to 13 at 1316051255.323502 standard 1
AFTER_LOCK * for 5 SENT from 11 to 13 at 1316051255.323504 standard 1
AFTER_AFTER_LOCK * for 5 SENT from 11 to 13 at 1316051255.323531 standard 1
AFTER_LOCK2 * for 5 SENT from 11 to 13 at 1316051255.323531 standard 1
VSS_ECHO 303 for 5 SENT from 11 to 13 at 1316051255.323554 standard 1
VSSECHO_STAGE3 * for * SENT from * to * at 1316051255.323572
VSSECHO_STAGE4 * for * SENT from * to * at 1316051255.323676
BEFORE_LOCK * for 5 SENT from 11 to 14 at 1316051255.323683 standard 1
AFTER_LOCK * for 5 SENT from 11 to 14 at 1316051255.323684 standard 1
AFTER_AFTER_LOCK * for 5 SENT from 11 to 14 at 1316051255.323706 standard 1
AFTER_LOCK2 * for 5 SENT from 11 to 14 at 1316051255.323706 standard 1
VSS_ECHO 304 for 5 SENT from 11 to 14 at 1316051255.323752 standard 1
VSSECHO_STAGE3 * for * SENT from * to * at 1316051255.323770
VSSECHO_STAGE4 * for * SENT from * to * at 1316051255.323873
BEFORE_LOCK * for 5 SENT from 11 to 15 at 1316051255.323880 standard 1
AFTER_LOCK * for 5 SENT from 11 to 15 at 1316051255.323881 standard 1
AFTER_AFTER_LOCK * for 5 SENT from 11 to 15 at 1316051255.324654 standard 1
AFTER_LOCK2 * for 5 SENT from 11 to 15 at 1316051255.324654 standard 1
VSS_ECHO 305 for 5 SENT from 11 to 15 at 1316051255.324688 standard 1
VSSECHO_STAGE3 * for * SENT from * to * at 1316051255.324709
VSSECHO_STAGE4 * for * SENT from * to * at 1316051255.326362
BEFORE_LOCK * for 5 SENT from 11 to 16 at 1316051255.326376 standard 1
AFTER_LOCK * for 5 SENT from 11 to 16 at 1316051255.326378 standard 1
AFTER_AFTER_LOCK * for 5 SENT from 11 to 16 at 1316051255.327865 standard 1
AFTER_LOCK2 * for 5 SENT from 11 to 16 at 1316051255.327866 standard 1
VSS_ECHO 306 for 5 SENT from 11 to 16 at 1316051255.327901 standard 1
VSSECHO_STAGE3 * for * SENT from * to * at 1316051255.327938
VSSECHO_STAGE4 * for * SENT from * to * at 1316051255.328915
BEFORE_LOCK * for 5 SENT from 11 to 17 at 1316051255.328927 standard 1
AFTER_LOCK * for 5 SENT from 11 to 17 at 1316051255.328928 standard 1
AFTER_AFTER_LOCK * for 5 SENT from 11 to 17 at 1316051255.328957 standard 1
AFTER_LOCK2 * for 5 SENT from 11 to 17 at 1316051255.328958 standard 1
VSS_ECHO 307 for 5 SENT from 11 to 17 at 1316051255.328981 standard 1
VSSECHO_STAGE3 * for * SENT from * to * at 1316051255.329000
VSSECHO_STAGE4 * for * SENT from * to * at 1316051255.329104
BEFORE_LOCK * for 5 SENT from 11 to 18 at 1316051255.329116 standard 1
AFTER_LOCK * for 5 SENT from 11 to 18 at 1316051255.329116 standard 1
AFTER_AFTER_LOCK * for 5 SENT from 11 to 18 at 1316051255.329134 standard 1
AFTER_LOCK2 * for 5 SENT from 11 to 18 at 1316051255.329134 standard 1
VSS_ECHO 308 for 5 SENT from 11 to 18 at 1316051255.329169 standard 1
VSSECHO_STAGE3 * for * SENT from * to * at 1316051255.329191
VSSECHO_STAGE4 * for * SENT from * to * at 1316051255.330494
BEFORE_LOCK * for 5 SENT from 11 to 19 at 1316051255.330506 standard 1
AFTER_LOCK * for 5 SENT from 11 to 19 at 1316051255.330507 standard 1
AFTER_AFTER_LOCK * for 5 SENT from 11 to 19 at 1316051255.331051 standard 1
AFTER_LOCK2 * for 5 SENT from 11 to 19 at 1316051255.331052 standard 1
VSS_ECHO 309 for 5 SENT from 11 to 19 at 1316051255.331081 standard 1
VSSECHO_STAGE3 * for * SENT from * to * at 1316051255.331104
VSSECHO_STAGE4 * for * SENT from * to * at 1316051255.331217
BEFORE_LOCK * for 5 SENT from 11 to 20 at 1316051255.331227 standard 1
AFTER_LOCK * for 5 SENT from 11 to 20 at 1316051255.331228 standard 1
AFTER_AFTER_LOCK * for 5 SENT from 11 to 20 at 1316051255.331265 standard 1
AFTER_LOCK2 * for 5 SENT from 11 to 20 at 1316051255.331266 standard 1
VSS_ECHO 310 for 5 SENT from 11 to 20 at 1316051255.331288 standard 1
VSS_ECHO 301 for 5 RECEIVED from 11 to 11 at 1316051255.331349
VSS_ECHO 41 for 1 RECEIVED from 5 to 11 at 1316051255.345919
VSS_ECHO 324 for 5 RECEIVED from 12 to 11 at 1316051255.588010
VSS_ECHO 341 for 5 RECEIVED from 9 to 11 at 1316051255.602451
VSS_ECHO 330 for 5 RECEIVED from 7 to 11 at 1316051255.616821
VSS_ECHO 342 for 5 RECEIVED from 10 to 11 at 1316051255.631319
VSS_ECHO 343 for 5 RECEIVED from 14 to 11 at 1316051255.646174
VSS_ECHO 329 for 5 RECEIVED from 16 to 11 at 1316051255.660626
VSS_ECHO 337 for 5 RECEIVED from 4 to 11 at 1316051255.675232
VSS_READY 97 for 1 RECEIVED from 5 to 11 at 1316051255.689557
VSS_READY 172 for 4 RECEIVED from 5 to 11 at 1316051255.714631
VSS_ECHO 218 for 4 RECEIVED from 5 to 11 at 1316051256.038732
VSS_ECHO 553 for 2 RECEIVED from 1 to 11 at 1316051256.156217
VSS_ECHO 377 for 2 RECEIVED from 9 to 11 at 1316051256.244898
VSS_SEND 13 for * RECEIVED from 2 to 11 at 1316051256.259955
VSSECHO_STAGE3 * for * SENT from * to * at 1316051256.286567
VSSECHO_STAGE4 * for * SENT from * to * at 1316051256.286725
BEFORE_LOCK * for 2 SENT from 11 to 1 at 1316051256.286734 standard 1
AFTER_LOCK * for 2 SENT from 11 to 1 at 1316051256.286736 standard 1
AFTER_AFTER_LOCK * for 2 SENT from 11 to 1 at 1316051256.287124 standard 1
AFTER_LOCK2 * for 2 SENT from 11 to 1 at 1316051256.287124 standard 1
VSS_ECHO 340 for 2 SENT from 11 to 1 at 1316051256.287150 standard 1
VSSECHO_STAGE3 * for * SENT from * to * at 1316051256.287174
VSSECHO_STAGE4 * for * SENT from * to * at 1316051256.287294
BEFORE_LOCK * for 2 SENT from 11 to 2 at 1316051256.287303 standard 1
AFTER_LOCK * for 2 SENT from 11 to 2 at 1316051256.287304 standard 1
AFTER_AFTER_LOCK * for 2 SENT from 11 to 2 at 1316051256.287335 standard 1
AFTER_LOCK2 * for 2 SENT from 11 to 2 at 1316051256.287336 standard 1
VSS_ECHO 341 for 2 SENT from 11 to 2 at 1316051256.287367 standard 1
VSSECHO_STAGE3 * for * SENT from * to * at 1316051256.287385
VSSECHO_STAGE4 * for * SENT from * to * at 1316051256.287505
BEFORE_LOCK * for 2 SENT from 11 to 3 at 1316051256.287515 standard 1
AFTER_LOCK * for 2 SENT from 11 to 3 at 1316051256.287516 standard 1
AFTER_AFTER_LOCK * for 2 SENT from 11 to 3 at 1316051256.287516 standard 1
AFTER_LOCK2 * for 2 SENT from 11 to 3 at 1316051256.287517 standard 1
VSS_ECHO 342 for 2 SENT from 11 to 3 at 1316051256.287538 standard 1
VSSECHO_STAGE3 * for * SENT from * to * at 1316051256.287553
VSSECHO_STAGE4 * for * SENT from * to * at 1316051256.287654
BEFORE_LOCK * for 2 SENT from 11 to 4 at 1316051256.287661 standard 1
AFTER_LOCK * for 2 SENT from 11 to 4 at 1316051256.287662 standard 1
AFTER_AFTER_LOCK * for 2 SENT from 11 to 4 at 1316051256.287683 standard 1
AFTER_LOCK2 * for 2 SENT from 11 to 4 at 1316051256.287683 standard 1
VSS_ECHO 343 for 2 SENT from 11 to 4 at 1316051256.287706 standard 1
VSSECHO_STAGE3 * for * SENT from * to * at 1316051256.287723
VSSECHO_STAGE4 * for * SENT from * to * at 1316051256.287823
BEFORE_LOCK * for 2 SENT from 11 to 5 at 1316051256.287831 standard 1
AFTER_LOCK * for 2 SENT from 11 to 5 at 1316051256.287832 standard 1
AFTER_AFTER_LOCK * for 2 SENT from 11 to 5 at 1316051256.288257 standard 1
AFTER_LOCK2 * for 2 SENT from 11 to 5 at 1316051256.288258 standard 1
VSS_ECHO 344 for 2 SENT from 11 to 5 at 1316051256.288295 standard 1
VSSECHO_STAGE3 * for * SENT from * to * at 1316051256.288315
VSSECHO_STAGE4 * for * SENT from * to * at 1316051256.288434
BEFORE_LOCK * for 2 SENT from 11 to 6 at 1316051256.288442 standard 1
AFTER_LOCK * for 2 SENT from 11 to 6 at 1316051256.288443 standard 1
AFTER_AFTER_LOCK * for 2 SENT from 11 to 6 at 1316051256.288469 standard 1
AFTER_LOCK2 * for 2 SENT from 11 to 6 at 1316051256.288469 standard 1
VSS_ECHO 345 for 2 SENT from 11 to 6 at 1316051256.288495 standard 1
VSSECHO_STAGE3 * for * SENT from * to * at 1316051256.288512
VSSECHO_STAGE4 * for * SENT from * to * at 1316051256.288636
BEFORE_LOCK * for 2 SENT from 11 to 7 at 1316051256.288645 standard 1
AFTER_LOCK * for 2 SENT from 11 to 7 at 1316051256.288646 standard 1
AFTER_AFTER_LOCK * for 2 SENT from 11 to 7 at 1316051256.288667 standard 1
AFTER_LOCK2 * for 2 SENT from 11 to 7 at 1316051256.288667 standard 1
VSS_ECHO 346 for 2 SENT from 11 to 7 at 1316051256.288690 standard 1
VSSECHO_STAGE3 * for * SENT from * to * at 1316051256.288708
VSSECHO_STAGE4 * for * SENT from * to * at 1316051256.288814
BEFORE_LOCK * for 2 SENT from 11 to 8 at 1316051256.288823 standard 1
AFTER_LOCK * for 2 SENT from 11 to 8 at 1316051256.288824 standard 1
AFTER_AFTER_LOCK * for 2 SENT from 11 to 8 at 1316051256.288824 standard 1
AFTER_LOCK2 * for 2 SENT from 11 to 8 at 1316051256.288825 standard 1
VSS_ECHO 347 for 2 SENT from 11 to 8 at 1316051256.288846 standard 1
VSSECHO_STAGE3 * for * SENT from * to * at 1316051256.288862
VSSECHO_STAGE4 * for * SENT from * to * at 1316051256.288965
BEFORE_LOCK * for 2 SENT from 11 to 9 at 1316051256.288973 standard 1
AFTER_LOCK * for 2 SENT from 11 to 9 at 1316051256.288974 standard 1
AFTER_AFTER_LOCK * for 2 SENT from 11 to 9 at 1316051256.289609 standard 1
AFTER_LOCK2 * for 2 SENT from 11 to 9 at 1316051256.289610 standard 1
VSS_ECHO 348 for 2 SENT from 11 to 9 at 1316051256.289659 standard 1
VSSECHO_STAGE3 * for * SENT from * to * at 1316051256.289679
VSSECHO_STAGE4 * for * SENT from * to * at 1316051256.289792
BEFORE_LOCK * for 2 SENT from 11 to 10 at 1316051256.289800 standard 1
AFTER_LOCK * for 2 SENT from 11 to 10 at 1316051256.289801 standard 1
AFTER_AFTER_LOCK * for 2 SENT from 11 to 10 at 1316051256.289821 standard 1
AFTER_LOCK2 * for 2 SENT from 11 to 10 at 1316051256.289822 standard 1
VSS_ECHO 349 for 2 SENT from 11 to 10 at 1316051256.289852 standard 1
VSSECHO_STAGE3 * for * SENT from * to * at 1316051256.289869
VSSECHO_STAGE4 * for * SENT from * to * at 1316051256.289985
BEFORE_LOCK * for 2 SENT from 11 to 11 at 1316051256.290004 standard 1
AFTER_LOCK * for 2 SENT from 11 to 11 at 1316051256.290005 standard 1
AFTER_AFTER_LOCK * for 2 SENT from 11 to 11 at 1316051256.290577 standard 1
AFTER_LOCK2 * for 2 SENT from 11 to 11 at 1316051256.290577 standard 1
VSS_ECHO 350 for 2 SENT from 11 to 11 at 1316051256.290611 standard 1
VSSECHO_STAGE3 * for * SENT from * to * at 1316051256.290630
VSSECHO_STAGE4 * for * SENT from * to * at 1316051256.290766
BEFORE_LOCK * for 2 SENT from 11 to 12 at 1316051256.290775 standard 1
AFTER_LOCK * for 2 SENT from 11 to 12 at 1316051256.290776 standard 1
AFTER_AFTER_LOCK * for 2 SENT from 11 to 12 at 1316051256.290798 standard 1
AFTER_LOCK2 * for 2 SENT from 11 to 12 at 1316051256.290798 standard 1
VSS_ECHO 351 for 2 SENT from 11 to 12 at 1316051256.290820 standard 1
VSSECHO_STAGE3 * for * SENT from * to * at 1316051256.290838
VSSECHO_STAGE4 * for * SENT from * to * at 1316051256.290944
BEFORE_LOCK * for 2 SENT from 11 to 13 at 1316051256.290952 standard 1
AFTER_LOCK * for 2 SENT from 11 to 13 at 1316051256.290953 standard 1
AFTER_AFTER_LOCK * for 2 SENT from 11 to 13 at 1316051256.290969 standard 1
AFTER_LOCK2 * for 2 SENT from 11 to 13 at 1316051256.290969 standard 1
VSS_ECHO 352 for 2 SENT from 11 to 13 at 1316051256.290992 standard 1
VSSECHO_STAGE3 * for * SENT from * to * at 1316051256.291009
VSSECHO_STAGE4 * for * SENT from * to * at 1316051256.291112
BEFORE_LOCK * for 2 SENT from 11 to 14 at 1316051256.291119 standard 1
AFTER_LOCK * for 2 SENT from 11 to 14 at 1316051256.291120 standard 1
AFTER_AFTER_LOCK * for 2 SENT from 11 to 14 at 1316051256.291542 standard 1
AFTER_LOCK2 * for 2 SENT from 11 to 14 at 1316051256.291552 standard 1
VSS_ECHO 353 for 2 SENT from 11 to 14 at 1316051256.291583 standard 1
VSSECHO_STAGE3 * for * SENT from * to * at 1316051256.291604
VSSECHO_STAGE4 * for * SENT from * to * at 1316051256.291968
BEFORE_LOCK * for 2 SENT from 11 to 15 at 1316051256.291978 standard 1
AFTER_LOCK * for 2 SENT from 11 to 15 at 1316051256.291979 standard 1
AFTER_AFTER_LOCK * for 2 SENT from 11 to 15 at 1316051256.292006 standard 1
AFTER_LOCK2 * for 2 SENT from 11 to 15 at 1316051256.292007 standard 1
VSS_ECHO 354 for 2 SENT from 11 to 15 at 1316051256.292030 standard 1
VSSECHO_STAGE3 * for * SENT from * to * at 1316051256.292049
VSSECHO_STAGE4 * for * SENT from * to * at 1316051256.292154
BEFORE_LOCK * for 2 SENT from 11 to 16 at 1316051256.292161 standard 1
AFTER_LOCK * for 2 SENT from 11 to 16 at 1316051256.292162 standard 1
AFTER_AFTER_LOCK * for 2 SENT from 11 to 16 at 1316051256.292779 standard 1
AFTER_LOCK2 * for 2 SENT from 11 to 16 at 1316051256.292779 standard 1
VSS_ECHO 355 for 2 SENT from 11 to 16 at 1316051256.292804 standard 1
VSSECHO_STAGE3 * for * SENT from * to * at 1316051256.292823
VSSECHO_STAGE4 * for * SENT from * to * at 1316051256.292927
BEFORE_LOCK * for 2 SENT from 11 to 17 at 1316051256.292938 standard 1
AFTER_LOCK * for 2 SENT from 11 to 17 at 1316051256.292939 standard 1
AFTER_AFTER_LOCK * for 2 SENT from 11 to 17 at 1316051256.292959 standard 1
AFTER_LOCK2 * for 2 SENT from 11 to 17 at 1316051256.292959 standard 1
VSS_ECHO 356 for 2 SENT from 11 to 17 at 1316051256.292989 standard 1
VSSECHO_STAGE3 * for * SENT from * to * at 1316051256.293010
VSSECHO_STAGE4 * for * SENT from * to * at 1316051256.294261
BEFORE_LOCK * for 2 SENT from 11 to 18 at 1316051256.294274 standard 1
AFTER_LOCK * for 2 SENT from 11 to 18 at 1316051256.294275 standard 1
AFTER_AFTER_LOCK * for 2 SENT from 11 to 18 at 1316051256.294311 standard 1
AFTER_LOCK2 * for 2 SENT from 11 to 18 at 1316051256.294312 standard 1
VSS_ECHO 357 for 2 SENT from 11 to 18 at 1316051256.294372 standard 1
VSSECHO_STAGE3 * for * SENT from * to * at 1316051256.294390
VSSECHO_STAGE4 * for * SENT from * to * at 1316051256.294510
BEFORE_LOCK * for 2 SENT from 11 to 19 at 1316051256.294520 standard 1
AFTER_LOCK * for 2 SENT from 11 to 19 at 1316051256.294521 standard 1
AFTER_AFTER_LOCK * for 2 SENT from 11 to 19 at 1316051256.294996 standard 1
AFTER_LOCK2 * for 2 SENT from 11 to 19 at 1316051256.294996 standard 1
VSS_ECHO 358 for 2 SENT from 11 to 19 at 1316051256.295020 standard 1
VSSECHO_STAGE3 * for * SENT from * to * at 1316051256.295038
VSSECHO_STAGE4 * for * SENT from * to * at 1316051256.295138
BEFORE_LOCK * for 2 SENT from 11 to 20 at 1316051256.295145 standard 1
AFTER_LOCK * for 2 SENT from 11 to 20 at 1316051256.295146 standard 1
AFTER_AFTER_LOCK * for 2 SENT from 11 to 20 at 1316051256.295165 standard 1
AFTER_LOCK2 * for 2 SENT from 11 to 20 at 1316051256.295166 standard 1
VSS_ECHO 359 for 2 SENT from 11 to 20 at 1316051256.295196 standard 1
VSS_ECHO 360 for 2 RECEIVED from 12 to 11 at 1316051256.295238
VSS_ECHO 378 for 2 RECEIVED from 10 to 11 at 1316051256.309598
VSS_ECHO 350 for 2 RECEIVED from 11 to 11 at 1316051256.324169
VSS_ECHO 41 for 1 RECEIVED from 2 to 11 at 1316051256.338710
VSS_ECHO 379 for 2 RECEIVED from 7 to 11 at 1316051256.408088
VSS_ECHO 378 for 2 RECEIVED from 16 to 11 at 1316051256.422329
VSS_ECHO 401 for 2 RECEIVED from 4 to 11 at 1316051256.437004
VSS_ECHO 364 for 2 RECEIVED from 17 to 11 at 1316051256.491839
VSS_ECHO 386 for 2 RECEIVED from 14 to 11 at 1316051256.513412
VSS_ECHO 370 for 2 RECEIVED from 19 to 11 at 1316051256.536089
VSS_READY 97 for 1 RECEIVED from 2 to 11 at 1316051256.650525
VSS_ECHO 341 for 2 RECEIVED from 15 to 11 at 1316051256.676310



============================================
*ENOUGH VSS_ECHO message for 2 at 1316051256.676310
*Threshold : echo = 12
*Received Echo Message Num = 12
*Ready messages are sending out...
============================================

PRE_VSS_READY * for 2 SENT from 11 to 1 at 1316051256.697709 standard 1
BEFORE_LOCK * for 2 SENT from 11 to 1 at 1316051256.697721 standard 1
AFTER_LOCK * for 2 SENT from 11 to 1 at 1316051256.697722 standard 1
AFTER_AFTER_LOCK * for 2 SENT from 11 to 1 at 1316051256.697911 standard 1
AFTER_LOCK2 * for 2 SENT from 11 to 1 at 1316051256.697912 standard 1
VSS_READY 379 for 2 SENT from 11 to 1 at 1316051256.697912 standard 1
PRE_VSS_READY * for 2 SENT from 11 to 2 at 1316051256.700948 standard 1
BEFORE_LOCK * for 2 SENT from 11 to 2 at 1316051256.700961 standard 1
AFTER_LOCK * for 2 SENT from 11 to 2 at 1316051256.700961 standard 1
AFTER_AFTER_LOCK * for 2 SENT from 11 to 2 at 1316051256.701512 standard 1
AFTER_LOCK2 * for 2 SENT from 11 to 2 at 1316051256.701513 standard 1
VSS_READY 380 for 2 SENT from 11 to 2 at 1316051256.701513 standard 1
PRE_VSS_READY * for 2 SENT from 11 to 3 at 1316051256.705147 standard 1
BEFORE_LOCK * for 2 SENT from 11 to 3 at 1316051256.705159 standard 1
AFTER_LOCK * for 2 SENT from 11 to 3 at 1316051256.705160 standard 1
AFTER_AFTER_LOCK * for 2 SENT from 11 to 3 at 1316051256.705161 standard 1
AFTER_LOCK2 * for 2 SENT from 11 to 3 at 1316051256.705161 standard 1
VSS_READY 381 for 2 SENT from 11 to 3 at 1316051256.705162 standard 1
PRE_VSS_READY * for 2 SENT from 11 to 4 at 1316051256.708219 standard 1
BEFORE_LOCK * for 2 SENT from 11 to 4 at 1316051256.708238 standard 1
AFTER_LOCK * for 2 SENT from 11 to 4 at 1316051256.708239 standard 1
AFTER_AFTER_LOCK * for 2 SENT from 11 to 4 at 1316051256.708738 standard 1
AFTER_LOCK2 * for 2 SENT from 11 to 4 at 1316051256.708738 standard 1
VSS_READY 382 for 2 SENT from 11 to 4 at 1316051256.708739 standard 1
PRE_VSS_READY * for 2 SENT from 11 to 5 at 1316051256.712071 standard 1
BEFORE_LOCK * for 2 SENT from 11 to 5 at 1316051256.712086 standard 1
AFTER_LOCK * for 2 SENT from 11 to 5 at 1316051256.712087 standard 1
AFTER_AFTER_LOCK * for 2 SENT from 11 to 5 at 1316051256.712934 standard 1
AFTER_LOCK2 * for 2 SENT from 11 to 5 at 1316051256.712934 standard 1
VSS_READY 383 for 2 SENT from 11 to 5 at 1316051256.712935 standard 1
PRE_VSS_READY * for 2 SENT from 11 to 6 at 1316051256.715952 standard 1
BEFORE_LOCK * for 2 SENT from 11 to 6 at 1316051256.715964 standard 1
AFTER_LOCK * for 2 SENT from 11 to 6 at 1316051256.715965 standard 1
AFTER_AFTER_LOCK * for 2 SENT from 11 to 6 at 1316051256.716204 standard 1
AFTER_LOCK2 * for 2 SENT from 11 to 6 at 1316051256.716204 standard 1
VSS_READY 384 for 2 SENT from 11 to 6 at 1316051256.716205 standard 1
PRE_VSS_READY * for 2 SENT from 11 to 7 at 1316051256.719714 standard 1
BEFORE_LOCK * for 2 SENT from 11 to 7 at 1316051256.719728 standard 1
AFTER_LOCK * for 2 SENT from 11 to 7 at 1316051256.719729 standard 1
AFTER_AFTER_LOCK * for 2 SENT from 11 to 7 at 1316051256.720102 standard 1
AFTER_LOCK2 * for 2 SENT from 11 to 7 at 1316051256.720103 standard 1
VSS_READY 385 for 2 SENT from 11 to 7 at 1316051256.720103 standard 1
PRE_VSS_READY * for 2 SENT from 11 to 8 at 1316051256.723436 standard 1
BEFORE_LOCK * for 2 SENT from 11 to 8 at 1316051256.723451 standard 1
AFTER_LOCK * for 2 SENT from 11 to 8 at 1316051256.723451 standard 1
AFTER_AFTER_LOCK * for 2 SENT from 11 to 8 at 1316051256.723452 standard 1
AFTER_LOCK2 * for 2 SENT from 11 to 8 at 1316051256.723452 standard 1
VSS_READY 386 for 2 SENT from 11 to 8 at 1316051256.723453 standard 1
PRE_VSS_READY * for 2 SENT from 11 to 9 at 1316051256.726419 standard 1
BEFORE_LOCK * for 2 SENT from 11 to 9 at 1316051256.726430 standard 1
AFTER_LOCK * for 2 SENT from 11 to 9 at 1316051256.726431 standard 1
AFTER_AFTER_LOCK * for 2 SENT from 11 to 9 at 1316051256.726714 standard 1
AFTER_LOCK2 * for 2 SENT from 11 to 9 at 1316051256.726714 standard 1
VSS_READY 387 for 2 SENT from 11 to 9 at 1316051256.726715 standard 1
PRE_VSS_READY * for 2 SENT from 11 to 10 at 1316051256.729793 standard 1
BEFORE_LOCK * for 2 SENT from 11 to 10 at 1316051256.729805 standard 1
AFTER_LOCK * for 2 SENT from 11 to 10 at 1316051256.729806 standard 1
AFTER_AFTER_LOCK * for 2 SENT from 11 to 10 at 1316051256.730085 standard 1
AFTER_LOCK2 * for 2 SENT from 11 to 10 at 1316051256.730085 standard 1
VSS_READY 388 for 2 SENT from 11 to 10 at 1316051256.730086 standard 1
PRE_VSS_READY * for 2 SENT from 11 to 11 at 1316051256.732894 standard 1
BEFORE_LOCK * for 2 SENT from 11 to 11 at 1316051256.732908 standard 1
AFTER_LOCK * for 2 SENT from 11 to 11 at 1316051256.732909 standard 1
AFTER_AFTER_LOCK * for 2 SENT from 11 to 11 at 1316051256.733079 standard 1
AFTER_LOCK2 * for 2 SENT from 11 to 11 at 1316051256.733080 standard 1
VSS_READY 389 for 2 SENT from 11 to 11 at 1316051256.733080 standard 1
PRE_VSS_READY * for 2 SENT from 11 to 12 at 1316051256.735998 standard 1
BEFORE_LOCK * for 2 SENT from 11 to 12 at 1316051256.736010 standard 1
AFTER_LOCK * for 2 SENT from 11 to 12 at 1316051256.736011 standard 1
AFTER_AFTER_LOCK * for 2 SENT from 11 to 12 at 1316051256.736166 standard 1
AFTER_LOCK2 * for 2 SENT from 11 to 12 at 1316051256.736167 standard 1
VSS_READY 390 for 2 SENT from 11 to 12 at 1316051256.736167 standard 1
PRE_VSS_READY * for 2 SENT from 11 to 13 at 1316051256.739167 standard 1
BEFORE_LOCK * for 2 SENT from 11 to 13 at 1316051256.739179 standard 1
AFTER_LOCK * for 2 SENT from 11 to 13 at 1316051256.739180 standard 1
AFTER_AFTER_LOCK * for 2 SENT from 11 to 13 at 1316051256.739602 standard 1
AFTER_LOCK2 * for 2 SENT from 11 to 13 at 1316051256.739603 standard 1
VSS_READY 391 for 2 SENT from 11 to 13 at 1316051256.739603 standard 1
PRE_VSS_READY * for 2 SENT from 11 to 14 at 1316051256.742863 standard 1
BEFORE_LOCK * for 2 SENT from 11 to 14 at 1316051256.742877 standard 1
AFTER_LOCK * for 2 SENT from 11 to 14 at 1316051256.742878 standard 1
AFTER_AFTER_LOCK * for 2 SENT from 11 to 14 at 1316051256.743044 standard 1
AFTER_LOCK2 * for 2 SENT from 11 to 14 at 1316051256.743045 standard 1
VSS_READY 392 for 2 SENT from 11 to 14 at 1316051256.743045 standard 1
PRE_VSS_READY * for 2 SENT from 11 to 15 at 1316051256.746343 standard 1
BEFORE_LOCK * for 2 SENT from 11 to 15 at 1316051256.746355 standard 1
AFTER_LOCK * for 2 SENT from 11 to 15 at 1316051256.746356 standard 1
AFTER_AFTER_LOCK * for 2 SENT from 11 to 15 at 1316051256.746530 standard 1
AFTER_LOCK2 * for 2 SENT from 11 to 15 at 1316051256.746531 standard 1
VSS_READY 393 for 2 SENT from 11 to 15 at 1316051256.746531 standard 1
PRE_VSS_READY * for 2 SENT from 11 to 16 at 1316051256.749602 standard 1
BEFORE_LOCK * for 2 SENT from 11 to 16 at 1316051256.749613 standard 1
AFTER_LOCK * for 2 SENT from 11 to 16 at 1316051256.749615 standard 1
AFTER_AFTER_LOCK * for 2 SENT from 11 to 16 at 1316051256.749883 standard 1
AFTER_LOCK2 * for 2 SENT from 11 to 16 at 1316051256.749883 standard 1
VSS_READY 394 for 2 SENT from 11 to 16 at 1316051256.749884 standard 1
PRE_VSS_READY * for 2 SENT from 11 to 17 at 1316051256.753149 standard 1
BEFORE_LOCK * for 2 SENT from 11 to 17 at 1316051256.753163 standard 1
AFTER_LOCK * for 2 SENT from 11 to 17 at 1316051256.753164 standard 1
AFTER_AFTER_LOCK * for 2 SENT from 11 to 17 at 1316051256.753342 standard 1
AFTER_LOCK2 * for 2 SENT from 11 to 17 at 1316051256.753342 standard 1
VSS_READY 395 for 2 SENT from 11 to 17 at 1316051256.753343 standard 1
PRE_VSS_READY * for 2 SENT from 11 to 18 at 1316051256.756327 standard 1
BEFORE_LOCK * for 2 SENT from 11 to 18 at 1316051256.756339 standard 1
AFTER_LOCK * for 2 SENT from 11 to 18 at 1316051256.756340 standard 1
AFTER_AFTER_LOCK * for 2 SENT from 11 to 18 at 1316051256.756506 standard 1
AFTER_LOCK2 * for 2 SENT from 11 to 18 at 1316051256.756507 standard 1
VSS_READY 396 for 2 SENT from 11 to 18 at 1316051256.756507 standard 1
PRE_VSS_READY * for 2 SENT from 11 to 19 at 1316051256.759448 standard 1
BEFORE_LOCK * for 2 SENT from 11 to 19 at 1316051256.759459 standard 1
AFTER_LOCK * for 2 SENT from 11 to 19 at 1316051256.759460 standard 1
AFTER_AFTER_LOCK * for 2 SENT from 11 to 19 at 1316051256.759748 standard 1
AFTER_LOCK2 * for 2 SENT from 11 to 19 at 1316051256.759749 standard 1
VSS_READY 397 for 2 SENT from 11 to 19 at 1316051256.759750 standard 1
PRE_VSS_READY * for 2 SENT from 11 to 20 at 1316051256.762650 standard 1
BEFORE_LOCK * for 2 SENT from 11 to 20 at 1316051256.762662 standard 1
AFTER_LOCK * for 2 SENT from 11 to 20 at 1316051256.762662 standard 1
AFTER_AFTER_LOCK * for 2 SENT from 11 to 20 at 1316051256.763253 standard 1
AFTER_LOCK2 * for 2 SENT from 11 to 20 at 1316051256.763254 standard 1
VSS_READY 398 for 2 SENT from 11 to 20 at 1316051256.763254 standard 1
VSS_READY 431 for 2 RECEIVED from 4 to 11 at 1316051256.763366
VSS_READY 389 for 2 RECEIVED from 11 to 11 at 1316051256.788698
VSS_READY 594 for 2 RECEIVED from 1 to 11 at 1316051256.814437
VSS_READY 435 for 2 RECEIVED from 12 to 11 at 1316051256.839430
VSS_READY 409 for 2 RECEIVED from 9 to 11 at 1316051256.864294
VSS_READY 432 for 2 RECEIVED from 17 to 11 at 1316051256.889391
VSS_READY 410 for 2 RECEIVED from 7 to 11 at 1316051256.915038
VSS_READY 437 for 2 RECEIVED from 10 to 11 at 1316051256.939667
VSS_READY 446 for 2 RECEIVED from 14 to 11 at 1316051256.964875
VSS_READY 453 for 2 RECEIVED from 16 to 11 at 1316051256.989892
VSS_READY 268 for 2 RECEIVED from 5 to 11 at 1316051257.015049
VSS_READY 399 for 2 RECEIVED from 19 to 11 at 1316051257.039945



*============================================
*2ENOUGH VSS_READY message for 11 at 1316051257.039945
*Threshold : Ready = 12
*Received Ready Message Num = 12
*VSS Share is complete for dealer 2
============================================

BEFORE_LOCK * for 2 SENT from 11 to 1 at 1316051257.066274 standard 1
AFTER_LOCK * for 2 SENT from 11 to 1 at 1316051257.066275 standard 1
AFTER_AFTER_LOCK * for 2 SENT from 11 to 1 at 1316051257.066714 standard 1
AFTER_LOCK2 * for 2 SENT from 11 to 1 at 1316051257.066714 standard 1
VSS_SHARED 520 for 2 SENT from 11 to 1 at 1316051257.066744 standard 1
DKG_SEND 795 for * RECEIVED from 1 to 11 at 1316051257.066796
DKG_ECHO 557 for 1 SENT from 11 to 1 at 1316051257.250460 standard 1
DKG_ECHO 558 for 1 SENT from 11 to 2 at 1316051257.253575 standard 1
DKG_ECHO 559 for 1 SENT from 11 to 3 at 1316051257.256629 standard 1
DKG_ECHO 560 for 1 SENT from 11 to 4 at 1316051257.259973 standard 1
DKG_ECHO 561 for 1 SENT from 11 to 5 at 1316051257.263032 standard 1
DKG_ECHO 562 for 1 SENT from 11 to 6 at 1316051257.266342 standard 1
DKG_ECHO 563 for 1 SENT from 11 to 7 at 1316051257.269831 standard 1
DKG_ECHO 564 for 1 SENT from 11 to 8 at 1316051257.272569 standard 1
DKG_ECHO 565 for 1 SENT from 11 to 9 at 1316051257.275654 standard 1
DKG_ECHO 566 for 1 SENT from 11 to 10 at 1316051257.278905 standard 1
DKG_ECHO 567 for 1 SENT from 11 to 11 at 1316051257.282035 standard 1
DKG_ECHO 568 for 1 SENT from 11 to 12 at 1316051257.285476 standard 1
DKG_ECHO 569 for 1 SENT from 11 to 13 at 1316051257.288580 standard 1
DKG_ECHO 570 for 1 SENT from 11 to 14 at 1316051257.291661 standard 1
DKG_ECHO 571 for 1 SENT from 11 to 15 at 1316051257.294785 standard 1
DKG_ECHO 572 for 1 SENT from 11 to 16 at 1316051257.297711 standard 1
DKG_ECHO 573 for 1 SENT from 11 to 17 at 1316051257.300635 standard 1
DKG_ECHO 574 for 1 SENT from 11 to 18 at 1316051257.303613 standard 1
DKG_ECHO 575 for 1 SENT from 11 to 19 at 1316051257.306744 standard 1
DKG_ECHO 576 for 1 SENT from 11 to 20 at 1316051257.309792 standard 1
DKG_ECHO 546 for 1 RECEIVED from 12 to 11 at 1316051257.309839
DKG_ECHO 595 for 1 RECEIVED from 9 to 11 at 1316051257.313125
DKG_ECHO 575 for 1 RECEIVED from 17 to 11 at 1316051257.316742
DKG_ECHO 596 for 1 RECEIVED from 7 to 11 at 1316051257.320186
DKG_ECHO 595 for 1 RECEIVED from 10 to 11 at 1316051257.323654
DKG_ECHO 596 for 1 RECEIVED from 14 to 11 at 1316051257.326952
DKG_ECHO 573 for 1 RECEIVED from 16 to 11 at 1316051257.330170
DKG_ECHO 594 for 1 RECEIVED from 4 to 11 at 1316051257.333610
DKG_ECHO 567 for 1 RECEIVED from 11 to 11 at 1316051257.337025
VSS_READY 160 for 2 RECEIVED from 2 to 11 at 1316051257.340368
DKG_ECHO 910 for 1 RECEIVED from 1 to 11 at 1316051257.365104
DKG_ECHO 562 for 1 RECEIVED from 19 to 11 at 1316051257.368626
DKG_ECHO 423 for 1 RECEIVED from 5 to 11 at 1316051257.500166



============================================
*ENOUGH DKG_ECHO message for 11 at 1316051257.500166
*Threshold : Echo = 12
*Received Echo Message Num = 12
*DKG_Readys are sent out...
============================================

DKG_READY 717 for 1 SENT from 11 to 1 at 1316051257.506801 standard 1
DKG_READY 718 for 1 SENT from 11 to 2 at 1316051257.509930 standard 1
DKG_READY 719 for 1 SENT from 11 to 3 at 1316051257.512886 standard 1
DKG_READY 720 for 1 SENT from 11 to 4 at 1316051257.516121 standard 1
DKG_READY 721 for 1 SENT from 11 to 5 at 1316051257.519235 standard 1
DKG_READY 722 for 1 SENT from 11 to 6 at 1316051257.522308 standard 1
DKG_READY 723 for 1 SENT from 11 to 7 at 1316051257.526119 standard 1
DKG_READY 724 for 1 SENT from 11 to 8 at 1316051257.529400 standard 1
DKG_READY 725 for 1 SENT from 11 to 9 at 1316051257.532578 standard 1
DKG_READY 726 for 1 SENT from 11 to 10 at 1316051257.535769 standard 1
DKG_READY 727 for 1 SENT from 11 to 11 at 1316051257.538722 standard 1
DKG_READY 728 for 1 SENT from 11 to 12 at 1316051257.541911 standard 1
DKG_READY 729 for 1 SENT from 11 to 13 at 1316051257.545040 standard 1
DKG_READY 730 for 1 SENT from 11 to 14 at 1316051257.548083 standard 1
DKG_READY 731 for 1 SENT from 11 to 15 at 1316051257.551201 standard 1
DKG_READY 732 for 1 SENT from 11 to 16 at 1316051257.554065 standard 1
DKG_READY 733 for 1 SENT from 11 to 17 at 1316051257.557259 standard 1
DKG_READY 734 for 1 SENT from 11 to 18 at 1316051257.560508 standard 1
DKG_READY 735 for 1 SENT from 11 to 19 at 1316051257.563773 standard 1
DKG_READY 736 for 1 SENT from 11 to 20 at 1316051257.566998 standard 1
DKG_READY 727 for 1 RECEIVED from 11 to 11 at 1316051257.567045
DKG_READY 1070 for 1 RECEIVED from 1 to 11 at 1316051257.570362
DKG_READY 780 for 1 RECEIVED from 9 to 11 at 1316051257.573907
DKG_READY 760 for 1 RECEIVED from 17 to 11 at 1316051257.577280
DKG_READY 756 for 1 RECEIVED from 7 to 11 at 1316051257.580696
DKG_READY 755 for 1 RECEIVED from 10 to 11 at 1316051257.584022
DKG_READY 756 for 1 RECEIVED from 14 to 11 at 1316051257.587330
DKG_READY 781 for 1 RECEIVED from 16 to 11 at 1316051257.590611
DKG_READY 777 for 1 RECEIVED from 4 to 11 at 1316051257.594029
DKG_READY 773 for 1 RECEIVED from 12 to 11 at 1316051257.649705
DKG_READY 745 for 1 RECEIVED from 19 to 11 at 1316051257.683444
VSS_READY 402 for 2 RECEIVED from 15 to 11 at 1316051257.695908
VSS_ECHO 1240 for 3 RECEIVED from 1 to 11 at 1316051257.721561
VSS_ECHO 960 for 3 RECEIVED from 9 to 11 at 1316051257.782951
DKG_READY 630 for 1 RECEIVED from 5 to 11 at 1316051257.797563



============================================
*2ENOUGH DKG_READY message for 11 at 1316051257.797563
*Threshold : Ready = 12
*Received Ready Message Num = 12
============================================

DKG_COMPLETE * for 1 RS from 11 to * at 1316051257.797563 :)
