-Run node 20 starting at 1316051249.490393 with version 5.2
-Function node 20 starting at 1316051259.490688
LEADER_CHANGE 1 for * SENT from 20 to 1 at 1316051259.492667 standard 1
VSS_ECHO 23 for 1 RECEIVED from 14 to 20 at 1316051259.494467
VSS_ECHO 23 for 1 RECEIVED from 16 to 20 at 1316051259.504873
VSS_ECHO 23 for 1 RECEIVED from 15 to 20 at 1316051259.515140
VSS_ECHO 23 for 1 RECEIVED from 6 to 20 at 1316051259.526176
VSS_ECHO 23 for 1 RECEIVED from 19 to 20 at 1316051259.536346
VSS_ECHO 23 for 1 RECEIVED from 18 to 20 at 1316051259.546564
VSS_READY 55 for 1 RECEIVED from 14 to 20 at 1316051259.556841
VSS_READY 69 for 1 RECEIVED from 16 to 20 at 1316051259.574172
VSS_READY 55 for 1 RECEIVED from 15 to 20 at 1316051259.591686



============================================
*1ENOUGH VSS_READY message for 20 at 1316051259.591686
*Threshold : Ready = 3
*Received Ready Message Num = 3
*Ready messages are sending out...
============================================

BEFORE_LOCK * for 1 SENT from 20 to 1 at 1316051259.611610 standard 1
AFTER_LOCK * for 1 SENT from 20 to 1 at 1316051259.611611 standard 1
AFTER_AFTER_LOCK * for 1 SENT from 20 to 1 at 1316051259.611611 standard 1
AFTER_LOCK2 * for 1 SENT from 20 to 1 at 1316051259.611612 standard 1
VSS_READY 27 for 1 SENT from 20 to 1 at 1316051259.611612 standard 1
BEFORE_LOCK * for 1 SENT from 20 to 2 at 1316051259.613570 standard 1
AFTER_LOCK * for 1 SENT from 20 to 2 at 1316051259.613571 standard 1
AFTER_AFTER_LOCK * for 1 SENT from 20 to 2 at 1316051259.613644 standard 1
AFTER_LOCK2 * for 1 SENT from 20 to 2 at 1316051259.613645 standard 1
VSS_READY 28 for 1 SENT from 20 to 2 at 1316051259.613645 standard 1
BEFORE_LOCK * for 1 SENT from 20 to 3 at 1316051259.615625 standard 1
AFTER_LOCK * for 1 SENT from 20 to 3 at 1316051259.615626 standard 1
AFTER_AFTER_LOCK * for 1 SENT from 20 to 3 at 1316051259.615681 standard 1
AFTER_LOCK2 * for 1 SENT from 20 to 3 at 1316051259.615681 standard 1
VSS_READY 29 for 1 SENT from 20 to 3 at 1316051259.615682 standard 1
BEFORE_LOCK * for 1 SENT from 20 to 4 at 1316051259.617670 standard 1
AFTER_LOCK * for 1 SENT from 20 to 4 at 1316051259.617671 standard 1
AFTER_AFTER_LOCK * for 1 SENT from 20 to 4 at 1316051259.617725 standard 1
AFTER_LOCK2 * for 1 SENT from 20 to 4 at 1316051259.617725 standard 1
VSS_READY 30 for 1 SENT from 20 to 4 at 1316051259.617726 standard 1
BEFORE_LOCK * for 1 SENT from 20 to 5 at 1316051259.619836 standard 1
AFTER_LOCK * for 1 SENT from 20 to 5 at 1316051259.619836 standard 1
AFTER_AFTER_LOCK * for 1 SENT from 20 to 5 at 1316051259.619893 standard 1
AFTER_LOCK2 * for 1 SENT from 20 to 5 at 1316051259.619893 standard 1
VSS_READY 31 for 1 SENT from 20 to 5 at 1316051259.619894 standard 1
BEFORE_LOCK * for 1 SENT from 20 to 6 at 1316051259.621919 standard 1
AFTER_LOCK * for 1 SENT from 20 to 6 at 1316051259.621920 standard 1
AFTER_AFTER_LOCK * for 1 SENT from 20 to 6 at 1316051259.621984 standard 1
AFTER_LOCK2 * for 1 SENT from 20 to 6 at 1316051259.621985 standard 1
VSS_READY 32 for 1 SENT from 20 to 6 at 1316051259.621985 standard 1
BEFORE_LOCK * for 1 SENT from 20 to 7 at 1316051259.623912 standard 1
AFTER_LOCK * for 1 SENT from 20 to 7 at 1316051259.623913 standard 1
AFTER_AFTER_LOCK * for 1 SENT from 20 to 7 at 1316051259.623959 standard 1
AFTER_LOCK2 * for 1 SENT from 20 to 7 at 1316051259.623960 standard 1
VSS_READY 33 for 1 SENT from 20 to 7 at 1316051259.623960 standard 1
BEFORE_LOCK * for 1 SENT from 20 to 8 at 1316051259.625888 standard 1
AFTER_LOCK * for 1 SENT from 20 to 8 at 1316051259.625888 standard 1
AFTER_AFTER_LOCK * for 1 SENT from 20 to 8 at 1316051259.625933 standard 1
AFTER_LOCK2 * for 1 SENT from 20 to 8 at 1316051259.625934 standard 1
VSS_READY 34 for 1 SENT from 20 to 8 at 1316051259.625934 standard 1
BEFORE_LOCK * for 1 SENT from 20 to 9 at 1316051259.627885 standard 1
AFTER_LOCK * for 1 SENT from 20 to 9 at 1316051259.627885 standard 1
AFTER_AFTER_LOCK * for 1 SENT from 20 to 9 at 1316051259.627941 standard 1
AFTER_LOCK2 * for 1 SENT from 20 to 9 at 1316051259.627942 standard 1
VSS_READY 35 for 1 SENT from 20 to 9 at 1316051259.627942 standard 1
BEFORE_LOCK * for 1 SENT from 20 to 10 at 1316051259.629880 standard 1
AFTER_LOCK * for 1 SENT from 20 to 10 at 1316051259.629880 standard 1
AFTER_AFTER_LOCK * for 1 SENT from 20 to 10 at 1316051259.629935 standard 1
AFTER_LOCK2 * for 1 SENT from 20 to 10 at 1316051259.629935 standard 1
VSS_READY 36 for 1 SENT from 20 to 10 at 1316051259.629936 standard 1
BEFORE_LOCK * for 1 SENT from 20 to 11 at 1316051259.631923 standard 1
AFTER_LOCK * for 1 SENT from 20 to 11 at 1316051259.631923 standard 1
AFTER_AFTER_LOCK * for 1 SENT from 20 to 11 at 1316051259.631979 standard 1
AFTER_LOCK2 * for 1 SENT from 20 to 11 at 1316051259.631979 standard 1
VSS_READY 37 for 1 SENT from 20 to 11 at 1316051259.631980 standard 1
BEFORE_LOCK * for 1 SENT from 20 to 12 at 1316051259.634158 standard 1
AFTER_LOCK * for 1 SENT from 20 to 12 at 1316051259.634158 standard 1
AFTER_AFTER_LOCK * for 1 SENT from 20 to 12 at 1316051259.634213 standard 1
AFTER_LOCK2 * for 1 SENT from 20 to 12 at 1316051259.634214 standard 1
VSS_READY 38 for 1 SENT from 20 to 12 at 1316051259.634214 standard 1
BEFORE_LOCK * for 1 SENT from 20 to 13 at 1316051259.636298 standard 1
AFTER_LOCK * for 1 SENT from 20 to 13 at 1316051259.636298 standard 1
AFTER_AFTER_LOCK * for 1 SENT from 20 to 13 at 1316051259.636354 standard 1
AFTER_LOCK2 * for 1 SENT from 20 to 13 at 1316051259.636354 standard 1
VSS_READY 39 for 1 SENT from 20 to 13 at 1316051259.636355 standard 1
BEFORE_LOCK * for 1 SENT from 20 to 14 at 1316051259.638378 standard 1
AFTER_LOCK * for 1 SENT from 20 to 14 at 1316051259.638378 standard 1
AFTER_AFTER_LOCK * for 1 SENT from 20 to 14 at 1316051259.638424 standard 1
AFTER_LOCK2 * for 1 SENT from 20 to 14 at 1316051259.638424 standard 1
VSS_READY 40 for 1 SENT from 20 to 14 at 1316051259.638424 standard 1
BEFORE_LOCK * for 1 SENT from 20 to 15 at 1316051259.640457 standard 1
AFTER_LOCK * for 1 SENT from 20 to 15 at 1316051259.640457 standard 1
AFTER_AFTER_LOCK * for 1 SENT from 20 to 15 at 1316051259.640503 standard 1
AFTER_LOCK2 * for 1 SENT from 20 to 15 at 1316051259.640503 standard 1
VSS_READY 41 for 1 SENT from 20 to 15 at 1316051259.640504 standard 1
BEFORE_LOCK * for 1 SENT from 20 to 16 at 1316051259.642563 standard 1
AFTER_LOCK * for 1 SENT from 20 to 16 at 1316051259.642564 standard 1
AFTER_AFTER_LOCK * for 1 SENT from 20 to 16 at 1316051259.642608 standard 1
AFTER_LOCK2 * for 1 SENT from 20 to 16 at 1316051259.642609 standard 1
VSS_READY 42 for 1 SENT from 20 to 16 at 1316051259.642609 standard 1
BEFORE_LOCK * for 1 SENT from 20 to 17 at 1316051259.644566 standard 1
AFTER_LOCK * for 1 SENT from 20 to 17 at 1316051259.644567 standard 1
AFTER_AFTER_LOCK * for 1 SENT from 20 to 17 at 1316051259.644612 standard 1
AFTER_LOCK2 * for 1 SENT from 20 to 17 at 1316051259.644612 standard 1
VSS_READY 43 for 1 SENT from 20 to 17 at 1316051259.644613 standard 1
BEFORE_LOCK * for 1 SENT from 20 to 18 at 1316051259.646574 standard 1
AFTER_LOCK * for 1 SENT from 20 to 18 at 1316051259.646575 standard 1
AFTER_AFTER_LOCK * for 1 SENT from 20 to 18 at 1316051259.647135 standard 1
AFTER_LOCK2 * for 1 SENT from 20 to 18 at 1316051259.647135 standard 1
VSS_READY 44 for 1 SENT from 20 to 18 at 1316051259.647136 standard 1
BEFORE_LOCK * for 1 SENT from 20 to 19 at 1316051259.649198 standard 1
AFTER_LOCK * for 1 SENT from 20 to 19 at 1316051259.649199 standard 1
AFTER_AFTER_LOCK * for 1 SENT from 20 to 19 at 1316051259.649246 standard 1
AFTER_LOCK2 * for 1 SENT from 20 to 19 at 1316051259.649246 standard 1
VSS_READY 45 for 1 SENT from 20 to 19 at 1316051259.649247 standard 1
BEFORE_LOCK * for 1 SENT from 20 to 20 at 1316051259.651310 standard 1
AFTER_LOCK * for 1 SENT from 20 to 20 at 1316051259.651310 standard 1
AFTER_AFTER_LOCK * for 1 SENT from 20 to 20 at 1316051259.651356 standard 1
AFTER_LOCK2 * for 1 SENT from 20 to 20 at 1316051259.651356 standard 1
VSS_READY 46 for 1 SENT from 20 to 20 at 1316051259.651356 standard 1
VSS_READY 68 for 1 RECEIVED from 19 to 20 at 1316051259.651407
VSS_READY 66 for 1 RECEIVED from 18 to 20 at 1316051259.668877
VSS_ECHO 144 for 4 RECEIVED from 14 to 20 at 1316051259.686613
VSS_ECHO 147 for 4 RECEIVED from 16 to 20 at 1316051259.696780
VSS_ECHO 147 for 4 RECEIVED from 15 to 20 at 1316051259.707015
VSS_ECHO 136 for 4 RECEIVED from 19 to 20 at 1316051259.717306
VSS_ECHO 131 for 4 RECEIVED from 18 to 20 at 1316051259.727534
VSS_READY 46 for 1 RECEIVED from 20 to 20 at 1316051259.737807
VSS_READY 194 for 4 RECEIVED from 14 to 20 at 1316051259.755206
VSS_READY 194 for 4 RECEIVED from 16 to 20 at 1316051259.772478
VSS_READY 223 for 4 RECEIVED from 15 to 20 at 1316051259.789961



============================================
*1ENOUGH VSS_READY message for 20 at 1316051259.789961
*Threshold : Ready = 3
*Received Ready Message Num = 3
*Ready messages are sending out...
============================================

BEFORE_LOCK * for 4 SENT from 20 to 1 at 1316051259.810039 standard 1
AFTER_LOCK * for 4 SENT from 20 to 1 at 1316051259.810040 standard 1
AFTER_AFTER_LOCK * for 4 SENT from 20 to 1 at 1316051259.810095 standard 1
AFTER_LOCK2 * for 4 SENT from 20 to 1 at 1316051259.810095 standard 1
VSS_READY 100 for 4 SENT from 20 to 1 at 1316051259.810096 standard 1
BEFORE_LOCK * for 4 SENT from 20 to 2 at 1316051259.812123 standard 1
AFTER_LOCK * for 4 SENT from 20 to 2 at 1316051259.812124 standard 1
AFTER_AFTER_LOCK * for 4 SENT from 20 to 2 at 1316051259.812169 standard 1
AFTER_LOCK2 * for 4 SENT from 20 to 2 at 1316051259.812170 standard 1
VSS_READY 101 for 4 SENT from 20 to 2 at 1316051259.812170 standard 1
BEFORE_LOCK * for 4 SENT from 20 to 3 at 1316051259.814222 standard 1
AFTER_LOCK * for 4 SENT from 20 to 3 at 1316051259.814222 standard 1
AFTER_AFTER_LOCK * for 4 SENT from 20 to 3 at 1316051259.814268 standard 1
AFTER_LOCK2 * for 4 SENT from 20 to 3 at 1316051259.814269 standard 1
VSS_READY 102 for 4 SENT from 20 to 3 at 1316051259.814269 standard 1
BEFORE_LOCK * for 4 SENT from 20 to 4 at 1316051259.816440 standard 1
AFTER_LOCK * for 4 SENT from 20 to 4 at 1316051259.816441 standard 1
AFTER_AFTER_LOCK * for 4 SENT from 20 to 4 at 1316051259.816486 standard 1
AFTER_LOCK2 * for 4 SENT from 20 to 4 at 1316051259.816486 standard 1
VSS_READY 103 for 4 SENT from 20 to 4 at 1316051259.816486 standard 1
BEFORE_LOCK * for 4 SENT from 20 to 5 at 1316051259.818486 standard 1
AFTER_LOCK * for 4 SENT from 20 to 5 at 1316051259.818487 standard 1
AFTER_AFTER_LOCK * for 4 SENT from 20 to 5 at 1316051259.818487 standard 1
AFTER_LOCK2 * for 4 SENT from 20 to 5 at 1316051259.818488 standard 1
VSS_READY 104 for 4 SENT from 20 to 5 at 1316051259.818488 standard 1
BEFORE_LOCK * for 4 SENT from 20 to 6 at 1316051259.820561 standard 1
AFTER_LOCK * for 4 SENT from 20 to 6 at 1316051259.820562 standard 1
AFTER_AFTER_LOCK * for 4 SENT from 20 to 6 at 1316051259.820607 standard 1
AFTER_LOCK2 * for 4 SENT from 20 to 6 at 1316051259.820607 standard 1
VSS_READY 105 for 4 SENT from 20 to 6 at 1316051259.820607 standard 1
BEFORE_LOCK * for 4 SENT from 20 to 7 at 1316051259.822565 standard 1
AFTER_LOCK * for 4 SENT from 20 to 7 at 1316051259.822566 standard 1
AFTER_AFTER_LOCK * for 4 SENT from 20 to 7 at 1316051259.822611 standard 1
AFTER_LOCK2 * for 4 SENT from 20 to 7 at 1316051259.822612 standard 1
VSS_READY 106 for 4 SENT from 20 to 7 at 1316051259.822612 standard 1
BEFORE_LOCK * for 4 SENT from 20 to 8 at 1316051259.824533 standard 1
AFTER_LOCK * for 4 SENT from 20 to 8 at 1316051259.824534 standard 1
AFTER_AFTER_LOCK * for 4 SENT from 20 to 8 at 1316051259.824534 standard 1
AFTER_LOCK2 * for 4 SENT from 20 to 8 at 1316051259.824534 standard 1
VSS_READY 107 for 4 SENT from 20 to 8 at 1316051259.824535 standard 1
BEFORE_LOCK * for 4 SENT from 20 to 9 at 1316051259.826498 standard 1
AFTER_LOCK * for 4 SENT from 20 to 9 at 1316051259.826499 standard 1
AFTER_AFTER_LOCK * for 4 SENT from 20 to 9 at 1316051259.826543 standard 1
AFTER_LOCK2 * for 4 SENT from 20 to 9 at 1316051259.826544 standard 1
VSS_READY 108 for 4 SENT from 20 to 9 at 1316051259.826544 standard 1
BEFORE_LOCK * for 4 SENT from 20 to 10 at 1316051259.828485 standard 1
AFTER_LOCK * for 4 SENT from 20 to 10 at 1316051259.828486 standard 1
AFTER_AFTER_LOCK * for 4 SENT from 20 to 10 at 1316051259.828532 standard 1
AFTER_LOCK2 * for 4 SENT from 20 to 10 at 1316051259.828533 standard 1
VSS_READY 109 for 4 SENT from 20 to 10 at 1316051259.828533 standard 1
BEFORE_LOCK * for 4 SENT from 20 to 11 at 1316051259.830642 standard 1
AFTER_LOCK * for 4 SENT from 20 to 11 at 1316051259.830643 standard 1
AFTER_AFTER_LOCK * for 4 SENT from 20 to 11 at 1316051259.830689 standard 1
AFTER_LOCK2 * for 4 SENT from 20 to 11 at 1316051259.830689 standard 1
VSS_READY 110 for 4 SENT from 20 to 11 at 1316051259.830689 standard 1
BEFORE_LOCK * for 4 SENT from 20 to 12 at 1316051259.832738 standard 1
AFTER_LOCK * for 4 SENT from 20 to 12 at 1316051259.832739 standard 1
AFTER_AFTER_LOCK * for 4 SENT from 20 to 12 at 1316051259.832784 standard 1
AFTER_LOCK2 * for 4 SENT from 20 to 12 at 1316051259.832785 standard 1
VSS_READY 111 for 4 SENT from 20 to 12 at 1316051259.832785 standard 1
BEFORE_LOCK * for 4 SENT from 20 to 13 at 1316051259.834767 standard 1
AFTER_LOCK * for 4 SENT from 20 to 13 at 1316051259.834768 standard 1
AFTER_AFTER_LOCK * for 4 SENT from 20 to 13 at 1316051259.834817 standard 1
AFTER_LOCK2 * for 4 SENT from 20 to 13 at 1316051259.834817 standard 1
VSS_READY 112 for 4 SENT from 20 to 13 at 1316051259.834818 standard 1
BEFORE_LOCK * for 4 SENT from 20 to 14 at 1316051259.836837 standard 1
AFTER_LOCK * for 4 SENT from 20 to 14 at 1316051259.836837 standard 1
AFTER_AFTER_LOCK * for 4 SENT from 20 to 14 at 1316051259.836883 standard 1
AFTER_LOCK2 * for 4 SENT from 20 to 14 at 1316051259.836883 standard 1
VSS_READY 113 for 4 SENT from 20 to 14 at 1316051259.836883 standard 1
BEFORE_LOCK * for 4 SENT from 20 to 15 at 1316051259.838903 standard 1
AFTER_LOCK * for 4 SENT from 20 to 15 at 1316051259.838904 standard 1
AFTER_AFTER_LOCK * for 4 SENT from 20 to 15 at 1316051259.838949 standard 1
AFTER_LOCK2 * for 4 SENT from 20 to 15 at 1316051259.838949 standard 1
VSS_READY 114 for 4 SENT from 20 to 15 at 1316051259.838950 standard 1
BEFORE_LOCK * for 4 SENT from 20 to 16 at 1316051259.840989 standard 1
AFTER_LOCK * for 4 SENT from 20 to 16 at 1316051259.840989 standard 1
AFTER_AFTER_LOCK * for 4 SENT from 20 to 16 at 1316051259.841037 standard 1
AFTER_LOCK2 * for 4 SENT from 20 to 16 at 1316051259.841038 standard 1
VSS_READY 115 for 4 SENT from 20 to 16 at 1316051259.841038 standard 1
BEFORE_LOCK * for 4 SENT from 20 to 17 at 1316051259.843008 standard 1
AFTER_LOCK * for 4 SENT from 20 to 17 at 1316051259.843009 standard 1
AFTER_AFTER_LOCK * for 4 SENT from 20 to 17 at 1316051259.843053 standard 1
AFTER_LOCK2 * for 4 SENT from 20 to 17 at 1316051259.843053 standard 1
VSS_READY 116 for 4 SENT from 20 to 17 at 1316051259.843054 standard 1
BEFORE_LOCK * for 4 SENT from 20 to 18 at 1316051259.845012 standard 1
AFTER_LOCK * for 4 SENT from 20 to 18 at 1316051259.845013 standard 1
AFTER_AFTER_LOCK * for 4 SENT from 20 to 18 at 1316051259.845058 standard 1
AFTER_LOCK2 * for 4 SENT from 20 to 18 at 1316051259.845058 standard 1
VSS_READY 117 for 4 SENT from 20 to 18 at 1316051259.845058 standard 1
BEFORE_LOCK * for 4 SENT from 20 to 19 at 1316051259.847017 standard 1
AFTER_LOCK * for 4 SENT from 20 to 19 at 1316051259.847018 standard 1
AFTER_AFTER_LOCK * for 4 SENT from 20 to 19 at 1316051259.847062 standard 1
AFTER_LOCK2 * for 4 SENT from 20 to 19 at 1316051259.847063 standard 1
VSS_READY 118 for 4 SENT from 20 to 19 at 1316051259.847063 standard 1
BEFORE_LOCK * for 4 SENT from 20 to 20 at 1316051259.848966 standard 1
AFTER_LOCK * for 4 SENT from 20 to 20 at 1316051259.848967 standard 1
AFTER_AFTER_LOCK * for 4 SENT from 20 to 20 at 1316051259.849015 standard 1
AFTER_LOCK2 * for 4 SENT from 20 to 20 at 1316051259.849015 standard 1
VSS_READY 119 for 4 SENT from 20 to 20 at 1316051259.849016 standard 1
VSS_READY 201 for 4 RECEIVED from 19 to 20 at 1316051259.849061
VSS_READY 164 for 4 RECEIVED from 18 to 20 at 1316051259.867922
VSS_READY 119 for 4 RECEIVED from 20 to 20 at 1316051259.885644
VSS_ECHO 352 for 5 RECEIVED from 14 to 20 at 1316051259.903035
VSS_ECHO 338 for 5 RECEIVED from 16 to 20 at 1316051259.913308
VSS_ECHO 350 for 2 RECEIVED from 15 to 20 at 1316051259.923504
VSS_ECHO 313 for 5 RECEIVED from 19 to 20 at 1316051259.933900
VSS_READY 328 for 2 RECEIVED from 18 to 20 at 1316051259.944211
VSS_ECHO 395 for 2 RECEIVED from 14 to 20 at 1316051259.961747
VSS_ECHO 387 for 2 RECEIVED from 16 to 20 at 1316051259.971904
VSS_READY 411 for 2 RECEIVED from 15 to 20 at 1316051259.982042
VSS_ECHO 379 for 2 RECEIVED from 19 to 20 at 1316051259.999590
VSS_ECHO 385 for 2 RECEIVED from 18 to 20 at 1316051260.009760
VSS_READY 455 for 2 RECEIVED from 14 to 20 at 1316051260.019840



============================================
*1ENOUGH VSS_READY message for 20 at 1316051260.019840
*Threshold : Ready = 3
*Received Ready Message Num = 3
*Ready messages are sending out...
============================================

BEFORE_LOCK * for 2 SENT from 20 to 1 at 1316051260.039848 standard 1
AFTER_LOCK * for 2 SENT from 20 to 1 at 1316051260.039850 standard 1
AFTER_AFTER_LOCK * for 2 SENT from 20 to 1 at 1316051260.039906 standard 1
AFTER_LOCK2 * for 2 SENT from 20 to 1 at 1316051260.039907 standard 1
VSS_READY 188 for 2 SENT from 20 to 1 at 1316051260.039907 standard 1
BEFORE_LOCK * for 2 SENT from 20 to 2 at 1316051260.041823 standard 1
AFTER_LOCK * for 2 SENT from 20 to 2 at 1316051260.041824 standard 1
AFTER_AFTER_LOCK * for 2 SENT from 20 to 2 at 1316051260.041869 standard 1
AFTER_LOCK2 * for 2 SENT from 20 to 2 at 1316051260.041870 standard 1
VSS_READY 189 for 2 SENT from 20 to 2 at 1316051260.041870 standard 1
BEFORE_LOCK * for 2 SENT from 20 to 3 at 1316051260.043937 standard 1
AFTER_LOCK * for 2 SENT from 20 to 3 at 1316051260.043937 standard 1
AFTER_AFTER_LOCK * for 2 SENT from 20 to 3 at 1316051260.043983 standard 1
AFTER_LOCK2 * for 2 SENT from 20 to 3 at 1316051260.043984 standard 1
VSS_READY 190 for 2 SENT from 20 to 3 at 1316051260.043984 standard 1
BEFORE_LOCK * for 2 SENT from 20 to 4 at 1316051260.046006 standard 1
AFTER_LOCK * for 2 SENT from 20 to 4 at 1316051260.046007 standard 1
AFTER_AFTER_LOCK * for 2 SENT from 20 to 4 at 1316051260.046052 standard 1
AFTER_LOCK2 * for 2 SENT from 20 to 4 at 1316051260.046053 standard 1
VSS_READY 191 for 2 SENT from 20 to 4 at 1316051260.046053 standard 1
BEFORE_LOCK * for 2 SENT from 20 to 5 at 1316051260.048189 standard 1
AFTER_LOCK * for 2 SENT from 20 to 5 at 1316051260.048190 standard 1
AFTER_AFTER_LOCK * for 2 SENT from 20 to 5 at 1316051260.048235 standard 1
AFTER_LOCK2 * for 2 SENT from 20 to 5 at 1316051260.048235 standard 1
VSS_READY 192 for 2 SENT from 20 to 5 at 1316051260.048235 standard 1
BEFORE_LOCK * for 2 SENT from 20 to 6 at 1316051260.050140 standard 1
AFTER_LOCK * for 2 SENT from 20 to 6 at 1316051260.050141 standard 1
AFTER_AFTER_LOCK * for 2 SENT from 20 to 6 at 1316051260.050186 standard 1
AFTER_LOCK2 * for 2 SENT from 20 to 6 at 1316051260.050186 standard 1
VSS_READY 193 for 2 SENT from 20 to 6 at 1316051260.050186 standard 1
BEFORE_LOCK * for 2 SENT from 20 to 7 at 1316051260.052082 standard 1
AFTER_LOCK * for 2 SENT from 20 to 7 at 1316051260.052083 standard 1
AFTER_AFTER_LOCK * for 2 SENT from 20 to 7 at 1316051260.052128 standard 1
AFTER_LOCK2 * for 2 SENT from 20 to 7 at 1316051260.052128 standard 1
VSS_READY 194 for 2 SENT from 20 to 7 at 1316051260.052129 standard 1
BEFORE_LOCK * for 2 SENT from 20 to 8 at 1316051260.054160 standard 1
AFTER_LOCK * for 2 SENT from 20 to 8 at 1316051260.054160 standard 1
AFTER_AFTER_LOCK * for 2 SENT from 20 to 8 at 1316051260.054161 standard 1
AFTER_LOCK2 * for 2 SENT from 20 to 8 at 1316051260.054161 standard 1
VSS_READY 195 for 2 SENT from 20 to 8 at 1316051260.054161 standard 1
BEFORE_LOCK * for 2 SENT from 20 to 9 at 1316051260.056224 standard 1
AFTER_LOCK * for 2 SENT from 20 to 9 at 1316051260.056225 standard 1
AFTER_AFTER_LOCK * for 2 SENT from 20 to 9 at 1316051260.056270 standard 1
AFTER_LOCK2 * for 2 SENT from 20 to 9 at 1316051260.056270 standard 1
VSS_READY 196 for 2 SENT from 20 to 9 at 1316051260.056270 standard 1
BEFORE_LOCK * for 2 SENT from 20 to 10 at 1316051260.058244 standard 1
AFTER_LOCK * for 2 SENT from 20 to 10 at 1316051260.058245 standard 1
AFTER_AFTER_LOCK * for 2 SENT from 20 to 10 at 1316051260.058290 standard 1
AFTER_LOCK2 * for 2 SENT from 20 to 10 at 1316051260.058290 standard 1
VSS_READY 197 for 2 SENT from 20 to 10 at 1316051260.058290 standard 1
BEFORE_LOCK * for 2 SENT from 20 to 11 at 1316051260.060478 standard 1
AFTER_LOCK * for 2 SENT from 20 to 11 at 1316051260.060479 standard 1
AFTER_AFTER_LOCK * for 2 SENT from 20 to 11 at 1316051260.060488 standard 1
AFTER_LOCK2 * for 2 SENT from 20 to 11 at 1316051260.060488 standard 1
VSS_READY 198 for 2 SENT from 20 to 11 at 1316051260.060488 standard 1
BEFORE_LOCK * for 2 SENT from 20 to 12 at 1316051260.062519 standard 1
AFTER_LOCK * for 2 SENT from 20 to 12 at 1316051260.062520 standard 1
AFTER_AFTER_LOCK * for 2 SENT from 20 to 12 at 1316051260.062565 standard 1
AFTER_LOCK2 * for 2 SENT from 20 to 12 at 1316051260.062566 standard 1
VSS_READY 199 for 2 SENT from 20 to 12 at 1316051260.062566 standard 1
BEFORE_LOCK * for 2 SENT from 20 to 13 at 1316051260.064598 standard 1
AFTER_LOCK * for 2 SENT from 20 to 13 at 1316051260.064599 standard 1
AFTER_AFTER_LOCK * for 2 SENT from 20 to 13 at 1316051260.064644 standard 1
AFTER_LOCK2 * for 2 SENT from 20 to 13 at 1316051260.064645 standard 1
VSS_READY 200 for 2 SENT from 20 to 13 at 1316051260.064645 standard 1
BEFORE_LOCK * for 2 SENT from 20 to 14 at 1316051260.066621 standard 1
AFTER_LOCK * for 2 SENT from 20 to 14 at 1316051260.066621 standard 1
AFTER_AFTER_LOCK * for 2 SENT from 20 to 14 at 1316051260.066666 standard 1
AFTER_LOCK2 * for 2 SENT from 20 to 14 at 1316051260.066666 standard 1
VSS_READY 201 for 2 SENT from 20 to 14 at 1316051260.066667 standard 1
BEFORE_LOCK * for 2 SENT from 20 to 15 at 1316051260.068677 standard 1
AFTER_LOCK * for 2 SENT from 20 to 15 at 1316051260.068678 standard 1
AFTER_AFTER_LOCK * for 2 SENT from 20 to 15 at 1316051260.068723 standard 1
AFTER_LOCK2 * for 2 SENT from 20 to 15 at 1316051260.068723 standard 1
VSS_READY 202 for 2 SENT from 20 to 15 at 1316051260.068723 standard 1
BEFORE_LOCK * for 2 SENT from 20 to 16 at 1316051260.070792 standard 1
AFTER_LOCK * for 2 SENT from 20 to 16 at 1316051260.070792 standard 1
AFTER_AFTER_LOCK * for 2 SENT from 20 to 16 at 1316051260.070838 standard 1
AFTER_LOCK2 * for 2 SENT from 20 to 16 at 1316051260.070838 standard 1
VSS_READY 203 for 2 SENT from 20 to 16 at 1316051260.070839 standard 1
BEFORE_LOCK * for 2 SENT from 20 to 17 at 1316051260.072892 standard 1
AFTER_LOCK * for 2 SENT from 20 to 17 at 1316051260.072893 standard 1
AFTER_AFTER_LOCK * for 2 SENT from 20 to 17 at 1316051260.072937 standard 1
AFTER_LOCK2 * for 2 SENT from 20 to 17 at 1316051260.072938 standard 1
VSS_READY 204 for 2 SENT from 20 to 17 at 1316051260.072938 standard 1
BEFORE_LOCK * for 2 SENT from 20 to 18 at 1316051260.074966 standard 1
AFTER_LOCK * for 2 SENT from 20 to 18 at 1316051260.074967 standard 1
AFTER_AFTER_LOCK * for 2 SENT from 20 to 18 at 1316051260.075015 standard 1
AFTER_LOCK2 * for 2 SENT from 20 to 18 at 1316051260.075015 standard 1
VSS_READY 205 for 2 SENT from 20 to 18 at 1316051260.075016 standard 1
BEFORE_LOCK * for 2 SENT from 20 to 19 at 1316051260.077009 standard 1
AFTER_LOCK * for 2 SENT from 20 to 19 at 1316051260.077009 standard 1
AFTER_AFTER_LOCK * for 2 SENT from 20 to 19 at 1316051260.077054 standard 1
AFTER_LOCK2 * for 2 SENT from 20 to 19 at 1316051260.077054 standard 1
VSS_READY 206 for 2 SENT from 20 to 19 at 1316051260.077054 standard 1
BEFORE_LOCK * for 2 SENT from 20 to 20 at 1316051260.079053 standard 1
AFTER_LOCK * for 2 SENT from 20 to 20 at 1316051260.079054 standard 1
AFTER_AFTER_LOCK * for 2 SENT from 20 to 20 at 1316051260.079100 standard 1
AFTER_LOCK2 * for 2 SENT from 20 to 20 at 1316051260.079100 standard 1
VSS_READY 207 for 2 SENT from 20 to 20 at 1316051260.079100 standard 1
VSS_READY 462 for 2 RECEIVED from 16 to 20 at 1316051260.079146
DKG_ECHO 519 for 1 RECEIVED from 15 to 20 at 1316051260.096645
VSS_READY 408 for 2 RECEIVED from 19 to 20 at 1316051260.099011
VSS_READY 207 for 2 RECEIVED from 20 to 20 at 1316051260.116357
DKG_ECHO 605 for 1 RECEIVED from 14 to 20 at 1316051260.133872
DKG_ECHO 582 for 1 RECEIVED from 16 to 20 at 1316051260.136070
DKG_READY 756 for 1 RECEIVED from 15 to 20 at 1316051260.138481
DKG_ECHO 571 for 1 RECEIVED from 19 to 20 at 1316051260.140937
DKG_READY 765 for 1 RECEIVED from 14 to 20 at 1316051260.267963
DKG_READY 790 for 1 RECEIVED from 16 to 20 at 1316051260.270617



============================================
*1ENOUGH DKG_READY message for 20 at 1316051260.270617
*Threshold : Ready = 3
*Received Ready Message Num = 3
*DKG_Readys are sent out...
============================================

DKG_READY 331 for 1 SENT from 20 to 1 at 1316051260.275014 standard 1
DKG_READY 332 for 1 SENT from 20 to 2 at 1316051260.276935 standard 1
DKG_READY 333 for 1 SENT from 20 to 3 at 1316051260.278830 standard 1
DKG_READY 334 for 1 SENT from 20 to 4 at 1316051260.280726 standard 1
DKG_READY 335 for 1 SENT from 20 to 5 at 1316051260.282849 standard 1
DKG_READY 336 for 1 SENT from 20 to 6 at 1316051260.284807 standard 1
DKG_READY 337 for 1 SENT from 20 to 7 at 1316051260.286677 standard 1
DKG_READY 338 for 1 SENT from 20 to 8 at 1316051260.288508 standard 1
DKG_READY 339 for 1 SENT from 20 to 9 at 1316051260.290436 standard 1
DKG_READY 340 for 1 SENT from 20 to 10 at 1316051260.292778 standard 1
DKG_READY 341 for 1 SENT from 20 to 11 at 1316051260.294789 standard 1
DKG_READY 342 for 1 SENT from 20 to 12 at 1316051260.296784 standard 1
DKG_READY 343 for 1 SENT from 20 to 13 at 1316051260.299119 standard 1
DKG_READY 344 for 1 SENT from 20 to 14 at 1316051260.301083 standard 1
DKG_READY 345 for 1 SENT from 20 to 15 at 1316051260.302991 standard 1
DKG_READY 346 for 1 SENT from 20 to 16 at 1316051260.304914 standard 1
DKG_READY 347 for 1 SENT from 20 to 17 at 1316051260.306964 standard 1
DKG_READY 348 for 1 SENT from 20 to 18 at 1316051260.308886 standard 1
DKG_READY 349 for 1 SENT from 20 to 19 at 1316051260.310889 standard 1
DKG_READY 350 for 1 SENT from 20 to 20 at 1316051260.312803 standard 1
VSS_ECHO 897 for 3 RECEIVED from 15 to 20 at 1316051260.312824
DKG_READY 754 for 1 RECEIVED from 19 to 20 at 1316051260.323235
DKG_READY 350 for 1 RECEIVED from 20 to 20 at 1316051260.325530
VSS_SEND 22 for * RECEIVED from 4 to 20 at 1316051260.327819
VSSECHO_STAGE3 * for * SENT from * to * at 1316051260.346858
VSSECHO_STAGE4 * for * SENT from * to * at 1316051260.346941
BEFORE_LOCK * for 4 SENT from 20 to 1 at 1316051260.346947 standard 1
AFTER_LOCK * for 4 SENT from 20 to 1 at 1316051260.346948 standard 1
AFTER_AFTER_LOCK * for 4 SENT from 20 to 1 at 1316051260.346997 standard 1
AFTER_LOCK2 * for 4 SENT from 20 to 1 at 1316051260.346998 standard 1
VSS_ECHO 383 for 4 SENT from 20 to 1 at 1316051260.347017 standard 1
VSSECHO_STAGE3 * for * SENT from * to * at 1316051260.347029
VSSECHO_STAGE4 * for * SENT from * to * at 1316051260.347107
BEFORE_LOCK * for 4 SENT from 20 to 2 at 1316051260.347112 standard 1
AFTER_LOCK * for 4 SENT from 20 to 2 at 1316051260.347112 standard 1
AFTER_AFTER_LOCK * for 4 SENT from 20 to 2 at 1316051260.347122 standard 1
AFTER_LOCK2 * for 4 SENT from 20 to 2 at 1316051260.347122 standard 1
VSS_ECHO 384 for 4 SENT from 20 to 2 at 1316051260.347140 standard 1
VSSECHO_STAGE3 * for * SENT from * to * at 1316051260.347162
VSSECHO_STAGE4 * for * SENT from * to * at 1316051260.347237
BEFORE_LOCK * for 4 SENT from 20 to 3 at 1316051260.347242 standard 1
AFTER_LOCK * for 4 SENT from 20 to 3 at 1316051260.347243 standard 1
AFTER_AFTER_LOCK * for 4 SENT from 20 to 3 at 1316051260.347252 standard 1
AFTER_LOCK2 * for 4 SENT from 20 to 3 at 1316051260.347253 standard 1
VSS_ECHO 385 for 4 SENT from 20 to 3 at 1316051260.347270 standard 1
VSSECHO_STAGE3 * for * SENT from * to * at 1316051260.347282
VSSECHO_STAGE4 * for * SENT from * to * at 1316051260.347374
BEFORE_LOCK * for 4 SENT from 20 to 4 at 1316051260.347379 standard 1
AFTER_LOCK * for 4 SENT from 20 to 4 at 1316051260.347380 standard 1
AFTER_AFTER_LOCK * for 4 SENT from 20 to 4 at 1316051260.347389 standard 1
AFTER_LOCK2 * for 4 SENT from 20 to 4 at 1316051260.347390 standard 1
VSS_ECHO 386 for 4 SENT from 20 to 4 at 1316051260.347431 standard 1
VSSECHO_STAGE3 * for * SENT from * to * at 1316051260.347444
VSSECHO_STAGE4 * for * SENT from * to * at 1316051260.347516
BEFORE_LOCK * for 4 SENT from 20 to 5 at 1316051260.347521 standard 1
AFTER_LOCK * for 4 SENT from 20 to 5 at 1316051260.347522 standard 1
AFTER_AFTER_LOCK * for 4 SENT from 20 to 5 at 1316051260.347568 standard 1
AFTER_LOCK2 * for 4 SENT from 20 to 5 at 1316051260.347568 standard 1
VSS_ECHO 387 for 4 SENT from 20 to 5 at 1316051260.347588 standard 1
VSSECHO_STAGE3 * for * SENT from * to * at 1316051260.347659
VSSECHO_STAGE4 * for * SENT from * to * at 1316051260.347733
BEFORE_LOCK * for 4 SENT from 20 to 6 at 1316051260.347738 standard 1
AFTER_LOCK * for 4 SENT from 20 to 6 at 1316051260.347738 standard 1
AFTER_AFTER_LOCK * for 4 SENT from 20 to 6 at 1316051260.347748 standard 1
AFTER_LOCK2 * for 4 SENT from 20 to 6 at 1316051260.347748 standard 1
VSS_ECHO 388 for 4 SENT from 20 to 6 at 1316051260.347766 standard 1
VSSECHO_STAGE3 * for * SENT from * to * at 1316051260.347778
VSSECHO_STAGE4 * for * SENT from * to * at 1316051260.347854
BEFORE_LOCK * for 4 SENT from 20 to 7 at 1316051260.347859 standard 1
AFTER_LOCK * for 4 SENT from 20 to 7 at 1316051260.347859 standard 1
AFTER_AFTER_LOCK * for 4 SENT from 20 to 7 at 1316051260.347873 standard 1
AFTER_LOCK2 * for 4 SENT from 20 to 7 at 1316051260.347873 standard 1
VSS_ECHO 389 for 4 SENT from 20 to 7 at 1316051260.347891 standard 1
VSSECHO_STAGE3 * for * SENT from * to * at 1316051260.347903
VSSECHO_STAGE4 * for * SENT from * to * at 1316051260.347986
BEFORE_LOCK * for 4 SENT from 20 to 8 at 1316051260.347991 standard 1
AFTER_LOCK * for 4 SENT from 20 to 8 at 1316051260.347997 standard 1
AFTER_AFTER_LOCK * for 4 SENT from 20 to 8 at 1316051260.347997 standard 1
AFTER_LOCK2 * for 4 SENT from 20 to 8 at 1316051260.347997 standard 1
VSS_ECHO 390 for 4 SENT from 20 to 8 at 1316051260.348013 standard 1
VSSECHO_STAGE3 * for * SENT from * to * at 1316051260.348024
VSSECHO_STAGE4 * for * SENT from * to * at 1316051260.348093
BEFORE_LOCK * for 4 SENT from 20 to 9 at 1316051260.348098 standard 1
AFTER_LOCK * for 4 SENT from 20 to 9 at 1316051260.348099 standard 1
AFTER_AFTER_LOCK * for 4 SENT from 20 to 9 at 1316051260.348166 standard 1
AFTER_LOCK2 * for 4 SENT from 20 to 9 at 1316051260.348167 standard 1
VSS_ECHO 391 for 4 SENT from 20 to 9 at 1316051260.348186 standard 1
VSSECHO_STAGE3 * for * SENT from * to * at 1316051260.348199
VSSECHO_STAGE4 * for * SENT from * to * at 1316051260.348276
BEFORE_LOCK * for 4 SENT from 20 to 10 at 1316051260.348281 standard 1
AFTER_LOCK * for 4 SENT from 20 to 10 at 1316051260.348282 standard 1
AFTER_AFTER_LOCK * for 4 SENT from 20 to 10 at 1316051260.348291 standard 1
AFTER_LOCK2 * for 4 SENT from 20 to 10 at 1316051260.348291 standard 1
VSS_ECHO 392 for 4 SENT from 20 to 10 at 1316051260.348309 standard 1
VSSECHO_STAGE3 * for * SENT from * to * at 1316051260.348321
VSSECHO_STAGE4 * for * SENT from * to * at 1316051260.348394
BEFORE_LOCK * for 4 SENT from 20 to 11 at 1316051260.348400 standard 1
AFTER_LOCK * for 4 SENT from 20 to 11 at 1316051260.348400 standard 1
AFTER_AFTER_LOCK * for 4 SENT from 20 to 11 at 1316051260.348414 standard 1
AFTER_LOCK2 * for 4 SENT from 20 to 11 at 1316051260.348415 standard 1
VSS_ECHO 393 for 4 SENT from 20 to 11 at 1316051260.348432 standard 1
VSSECHO_STAGE3 * for * SENT from * to * at 1316051260.348710
VSSECHO_STAGE4 * for * SENT from * to * at 1316051260.348786
BEFORE_LOCK * for 4 SENT from 20 to 12 at 1316051260.348791 standard 1
AFTER_LOCK * for 4 SENT from 20 to 12 at 1316051260.348792 standard 1
AFTER_AFTER_LOCK * for 4 SENT from 20 to 12 at 1316051260.348801 standard 1
AFTER_LOCK2 * for 4 SENT from 20 to 12 at 1316051260.348801 standard 1
VSS_ECHO 394 for 4 SENT from 20 to 12 at 1316051260.348819 standard 1
VSSECHO_STAGE3 * for * SENT from * to * at 1316051260.348840
VSSECHO_STAGE4 * for * SENT from * to * at 1316051260.348919
BEFORE_LOCK * for 4 SENT from 20 to 13 at 1316051260.348935 standard 1
AFTER_LOCK * for 4 SENT from 20 to 13 at 1316051260.348936 standard 1
AFTER_AFTER_LOCK * for 4 SENT from 20 to 13 at 1316051260.348946 standard 1
AFTER_LOCK2 * for 4 SENT from 20 to 13 at 1316051260.348946 standard 1
VSS_ECHO 395 for 4 SENT from 20 to 13 at 1316051260.348964 standard 1
VSSECHO_STAGE3 * for * SENT from * to * at 1316051260.348976
VSSECHO_STAGE4 * for * SENT from * to * at 1316051260.349048
BEFORE_LOCK * for 4 SENT from 20 to 14 at 1316051260.349053 standard 1
AFTER_LOCK * for 4 SENT from 20 to 14 at 1316051260.349054 standard 1
AFTER_AFTER_LOCK * for 4 SENT from 20 to 14 at 1316051260.349063 standard 1
AFTER_LOCK2 * for 4 SENT from 20 to 14 at 1316051260.349064 standard 1
VSS_ECHO 396 for 4 SENT from 20 to 14 at 1316051260.349081 standard 1
VSSECHO_STAGE3 * for * SENT from * to * at 1316051260.349093
VSSECHO_STAGE4 * for * SENT from * to * at 1316051260.349166
BEFORE_LOCK * for 4 SENT from 20 to 15 at 1316051260.349171 standard 1
AFTER_LOCK * for 4 SENT from 20 to 15 at 1316051260.349172 standard 1
AFTER_AFTER_LOCK * for 4 SENT from 20 to 15 at 1316051260.349224 standard 1
AFTER_LOCK2 * for 4 SENT from 20 to 15 at 1316051260.349224 standard 1
VSS_ECHO 397 for 4 SENT from 20 to 15 at 1316051260.349243 standard 1
VSSECHO_STAGE3 * for * SENT from * to * at 1316051260.349255
VSSECHO_STAGE4 * for * SENT from * to * at 1316051260.349326
BEFORE_LOCK * for 4 SENT from 20 to 16 at 1316051260.349330 standard 1
AFTER_LOCK * for 4 SENT from 20 to 16 at 1316051260.349331 standard 1
AFTER_AFTER_LOCK * for 4 SENT from 20 to 16 at 1316051260.349340 standard 1
AFTER_LOCK2 * for 4 SENT from 20 to 16 at 1316051260.349340 standard 1
VSS_ECHO 398 for 4 SENT from 20 to 16 at 1316051260.349357 standard 1
VSSECHO_STAGE3 * for * SENT from * to * at 1316051260.349370
VSSECHO_STAGE4 * for * SENT from * to * at 1316051260.349444
BEFORE_LOCK * for 4 SENT from 20 to 17 at 1316051260.349449 standard 1
AFTER_LOCK * for 4 SENT from 20 to 17 at 1316051260.349449 standard 1
AFTER_AFTER_LOCK * for 4 SENT from 20 to 17 at 1316051260.349458 standard 1
AFTER_LOCK2 * for 4 SENT from 20 to 17 at 1316051260.349459 standard 1
VSS_ECHO 399 for 4 SENT from 20 to 17 at 1316051260.349476 standard 1
VSSECHO_STAGE3 * for * SENT from * to * at 1316051260.349488
VSSECHO_STAGE4 * for * SENT from * to * at 1316051260.349571
BEFORE_LOCK * for 4 SENT from 20 to 18 at 1316051260.349581 standard 1
AFTER_LOCK * for 4 SENT from 20 to 18 at 1316051260.349581 standard 1
AFTER_AFTER_LOCK * for 4 SENT from 20 to 18 at 1316051260.349591 standard 1
AFTER_LOCK2 * for 4 SENT from 20 to 18 at 1316051260.349592 standard 1
VSS_ECHO 400 for 4 SENT from 20 to 18 at 1316051260.349609 standard 1
VSSECHO_STAGE3 * for * SENT from * to * at 1316051260.349630
VSSECHO_STAGE4 * for * SENT from * to * at 1316051260.349704
BEFORE_LOCK * for 4 SENT from 20 to 19 at 1316051260.349709 standard 1
AFTER_LOCK * for 4 SENT from 20 to 19 at 1316051260.349710 standard 1
AFTER_AFTER_LOCK * for 4 SENT from 20 to 19 at 1316051260.349757 standard 1
AFTER_LOCK2 * for 4 SENT from 20 to 19 at 1316051260.349758 standard 1
VSS_ECHO 401 for 4 SENT from 20 to 19 at 1316051260.349774 standard 1
VSSECHO_STAGE3 * for * SENT from * to * at 1316051260.349788
VSSECHO_STAGE4 * for * SENT from * to * at 1316051260.349912
BEFORE_LOCK * for 4 SENT from 20 to 20 at 1316051260.349917 standard 1
AFTER_LOCK * for 4 SENT from 20 to 20 at 1316051260.349918 standard 1
AFTER_AFTER_LOCK * for 4 SENT from 20 to 20 at 1316051260.349927 standard 1
AFTER_LOCK2 * for 4 SENT from 20 to 20 at 1316051260.349928 standard 1
VSS_ECHO 402 for 4 SENT from 20 to 20 at 1316051260.349945 standard 1
VSS_ECHO 918 for 5 RECEIVED from 15 to 20 at 1316051260.349964
VSS_ECHO 402 for 4 RECEIVED from 20 to 20 at 1316051260.360286
VSS_ECHO 49 for 1 RECEIVED from 4 to 20 at 1316051260.370661
VSS_READY 87 for 1 RECEIVED from 4 to 20 at 1316051260.380839
VSS_READY 132 for 4 RECEIVED from 4 to 20 at 1316051260.398366
VSS_ECHO 291 for 4 RECEIVED from 4 to 20 at 1316051260.416239
DKG_READY 534 for 1 RECEIVED from 13 to 20 at 1316051260.647098
VSS_ECHO 346 for 5 RECEIVED from 4 to 20 at 1316051260.649608
VSS_SEND 22 for * RECEIVED from 3 to 20 at 1316051260.659931
VSSECHO_STAGE3 * for * SENT from * to * at 1316051260.678876
VSSECHO_STAGE4 * for * SENT from * to * at 1316051260.678958
BEFORE_LOCK * for 3 SENT from 20 to 1 at 1316051260.678964 standard 1
AFTER_LOCK * for 3 SENT from 20 to 1 at 1316051260.678965 standard 1
AFTER_AFTER_LOCK * for 3 SENT from 20 to 1 at 1316051260.679026 standard 1
AFTER_LOCK2 * for 3 SENT from 20 to 1 at 1316051260.679027 standard 1
VSS_ECHO 440 for 3 SENT from 20 to 1 at 1316051260.679045 standard 1
VSSECHO_STAGE3 * for * SENT from * to * at 1316051260.679059
VSSECHO_STAGE4 * for * SENT from * to * at 1316051260.679142
BEFORE_LOCK * for 3 SENT from 20 to 2 at 1316051260.679147 standard 1
AFTER_LOCK * for 3 SENT from 20 to 2 at 1316051260.679148 standard 1
AFTER_AFTER_LOCK * for 3 SENT from 20 to 2 at 1316051260.679164 standard 1
AFTER_LOCK2 * for 3 SENT from 20 to 2 at 1316051260.679164 standard 1
VSS_ECHO 441 for 3 SENT from 20 to 2 at 1316051260.679183 standard 1
VSSECHO_STAGE3 * for * SENT from * to * at 1316051260.679195
VSSECHO_STAGE4 * for * SENT from * to * at 1316051260.679266
BEFORE_LOCK * for 3 SENT from 20 to 3 at 1316051260.679272 standard 1
AFTER_LOCK * for 3 SENT from 20 to 3 at 1316051260.679272 standard 1
AFTER_AFTER_LOCK * for 3 SENT from 20 to 3 at 1316051260.679286 standard 1
AFTER_LOCK2 * for 3 SENT from 20 to 3 at 1316051260.679286 standard 1
VSS_ECHO 442 for 3 SENT from 20 to 3 at 1316051260.679304 standard 1
VSSECHO_STAGE3 * for * SENT from * to * at 1316051260.679317
VSSECHO_STAGE4 * for * SENT from * to * at 1316051260.679388
BEFORE_LOCK * for 3 SENT from 20 to 4 at 1316051260.679393 standard 1
AFTER_LOCK * for 3 SENT from 20 to 4 at 1316051260.679393 standard 1
AFTER_AFTER_LOCK * for 3 SENT from 20 to 4 at 1316051260.679407 standard 1
AFTER_LOCK2 * for 3 SENT from 20 to 4 at 1316051260.679408 standard 1
VSS_ECHO 443 for 3 SENT from 20 to 4 at 1316051260.679425 standard 1
VSSECHO_STAGE3 * for * SENT from * to * at 1316051260.679437
VSSECHO_STAGE4 * for * SENT from * to * at 1316051260.679508
BEFORE_LOCK * for 3 SENT from 20 to 5 at 1316051260.679513 standard 1
AFTER_LOCK * for 3 SENT from 20 to 5 at 1316051260.679514 standard 1
AFTER_AFTER_LOCK * for 3 SENT from 20 to 5 at 1316051260.679566 standard 1
AFTER_LOCK2 * for 3 SENT from 20 to 5 at 1316051260.679566 standard 1
VSS_ECHO 444 for 3 SENT from 20 to 5 at 1316051260.679584 standard 1
VSSECHO_STAGE3 * for * SENT from * to * at 1316051260.679597
VSSECHO_STAGE4 * for * SENT from * to * at 1316051260.679670
BEFORE_LOCK * for 3 SENT from 20 to 6 at 1316051260.679675 standard 1
AFTER_LOCK * for 3 SENT from 20 to 6 at 1316051260.679675 standard 1
AFTER_AFTER_LOCK * for 3 SENT from 20 to 6 at 1316051260.679685 standard 1
AFTER_LOCK2 * for 3 SENT from 20 to 6 at 1316051260.679686 standard 1
VSS_ECHO 445 for 3 SENT from 20 to 6 at 1316051260.679703 standard 1
VSSECHO_STAGE3 * for * SENT from * to * at 1316051260.679717
VSSECHO_STAGE4 * for * SENT from * to * at 1316051260.679787
BEFORE_LOCK * for 3 SENT from 20 to 7 at 1316051260.679792 standard 1
AFTER_LOCK * for 3 SENT from 20 to 7 at 1316051260.679793 standard 1
AFTER_AFTER_LOCK * for 3 SENT from 20 to 7 at 1316051260.679803 standard 1
AFTER_LOCK2 * for 3 SENT from 20 to 7 at 1316051260.679803 standard 1
VSS_ECHO 446 for 3 SENT from 20 to 7 at 1316051260.679821 standard 1
VSSECHO_STAGE3 * for * SENT from * to * at 1316051260.679833
VSSECHO_STAGE4 * for * SENT from * to * at 1316051260.679911
BEFORE_LOCK * for 3 SENT from 20 to 8 at 1316051260.679916 standard 1
AFTER_LOCK * for 3 SENT from 20 to 8 at 1316051260.679921 standard 1
AFTER_AFTER_LOCK * for 3 SENT from 20 to 8 at 1316051260.679921 standard 1
AFTER_LOCK2 * for 3 SENT from 20 to 8 at 1316051260.679922 standard 1
VSS_ECHO 447 for 3 SENT from 20 to 8 at 1316051260.679937 standard 1
VSSECHO_STAGE3 * for * SENT from * to * at 1316051260.679948
VSSECHO_STAGE4 * for * SENT from * to * at 1316051260.680017
BEFORE_LOCK * for 3 SENT from 20 to 9 at 1316051260.680042 standard 1
AFTER_LOCK * for 3 SENT from 20 to 9 at 1316051260.680043 standard 1
AFTER_AFTER_LOCK * for 3 SENT from 20 to 9 at 1316051260.680091 standard 1
AFTER_LOCK2 * for 3 SENT from 20 to 9 at 1316051260.680091 standard 1
VSS_ECHO 448 for 3 SENT from 20 to 9 at 1316051260.680111 standard 1
VSSECHO_STAGE3 * for * SENT from * to * at 1316051260.680123
VSSECHO_STAGE4 * for * SENT from * to * at 1316051260.680194
BEFORE_LOCK * for 3 SENT from 20 to 10 at 1316051260.680200 standard 1
AFTER_LOCK * for 3 SENT from 20 to 10 at 1316051260.680200 standard 1
AFTER_AFTER_LOCK * for 3 SENT from 20 to 10 at 1316051260.680214 standard 1
AFTER_LOCK2 * for 3 SENT from 20 to 10 at 1316051260.680215 standard 1
VSS_ECHO 449 for 3 SENT from 20 to 10 at 1316051260.680232 standard 1
VSSECHO_STAGE3 * for * SENT from * to * at 1316051260.680244
VSSECHO_STAGE4 * for * SENT from * to * at 1316051260.680316
BEFORE_LOCK * for 3 SENT from 20 to 11 at 1316051260.680322 standard 1
AFTER_LOCK * for 3 SENT from 20 to 11 at 1316051260.680322 standard 1
AFTER_AFTER_LOCK * for 3 SENT from 20 to 11 at 1316051260.680335 standard 1
AFTER_LOCK2 * for 3 SENT from 20 to 11 at 1316051260.680335 standard 1
VSS_ECHO 450 for 3 SENT from 20 to 11 at 1316051260.680353 standard 1
VSSECHO_STAGE3 * for * SENT from * to * at 1316051260.680365
VSSECHO_STAGE4 * for * SENT from * to * at 1316051260.680436
BEFORE_LOCK * for 3 SENT from 20 to 12 at 1316051260.680441 standard 1
AFTER_LOCK * for 3 SENT from 20 to 12 at 1316051260.680442 standard 1
AFTER_AFTER_LOCK * for 3 SENT from 20 to 12 at 1316051260.680456 standard 1
AFTER_LOCK2 * for 3 SENT from 20 to 12 at 1316051260.680456 standard 1
VSS_ECHO 451 for 3 SENT from 20 to 12 at 1316051260.680474 standard 1
VSSECHO_STAGE3 * for * SENT from * to * at 1316051260.680747
VSSECHO_STAGE4 * for * SENT from * to * at 1316051260.680821
BEFORE_LOCK * for 3 SENT from 20 to 13 at 1316051260.680826 standard 1
AFTER_LOCK * for 3 SENT from 20 to 13 at 1316051260.680827 standard 1
AFTER_AFTER_LOCK * for 3 SENT from 20 to 13 at 1316051260.680836 standard 1
AFTER_LOCK2 * for 3 SENT from 20 to 13 at 1316051260.680836 standard 1
VSS_ECHO 452 for 3 SENT from 20 to 13 at 1316051260.680854 standard 1
VSSECHO_STAGE3 * for * SENT from * to * at 1316051260.680873
VSSECHO_STAGE4 * for * SENT from * to * at 1316051260.680945
BEFORE_LOCK * for 3 SENT from 20 to 14 at 1316051260.680950 standard 1
AFTER_LOCK * for 3 SENT from 20 to 14 at 1316051260.680951 standard 1
AFTER_AFTER_LOCK * for 3 SENT from 20 to 14 at 1316051260.680966 standard 1
AFTER_LOCK2 * for 3 SENT from 20 to 14 at 1316051260.680966 standard 1
VSS_ECHO 453 for 3 SENT from 20 to 14 at 1316051260.680984 standard 1
VSSECHO_STAGE3 * for * SENT from * to * at 1316051260.680997
VSSECHO_STAGE4 * for * SENT from * to * at 1316051260.681067
BEFORE_LOCK * for 3 SENT from 20 to 15 at 1316051260.681072 standard 1
AFTER_LOCK * for 3 SENT from 20 to 15 at 1316051260.681073 standard 1
AFTER_AFTER_LOCK * for 3 SENT from 20 to 15 at 1316051260.681123 standard 1
AFTER_LOCK2 * for 3 SENT from 20 to 15 at 1316051260.681124 standard 1
VSS_ECHO 454 for 3 SENT from 20 to 15 at 1316051260.681142 standard 1
VSSECHO_STAGE3 * for * SENT from * to * at 1316051260.681155
VSSECHO_STAGE4 * for * SENT from * to * at 1316051260.681227
BEFORE_LOCK * for 3 SENT from 20 to 16 at 1316051260.681232 standard 1
AFTER_LOCK * for 3 SENT from 20 to 16 at 1316051260.681232 standard 1
AFTER_AFTER_LOCK * for 3 SENT from 20 to 16 at 1316051260.681242 standard 1
AFTER_LOCK2 * for 3 SENT from 20 to 16 at 1316051260.681243 standard 1
VSS_ECHO 455 for 3 SENT from 20 to 16 at 1316051260.681260 standard 1
VSSECHO_STAGE3 * for * SENT from * to * at 1316051260.681272
VSSECHO_STAGE4 * for * SENT from * to * at 1316051260.681344
BEFORE_LOCK * for 3 SENT from 20 to 17 at 1316051260.681349 standard 1
AFTER_LOCK * for 3 SENT from 20 to 17 at 1316051260.681350 standard 1
AFTER_AFTER_LOCK * for 3 SENT from 20 to 17 at 1316051260.681364 standard 1
AFTER_LOCK2 * for 3 SENT from 20 to 17 at 1316051260.681364 standard 1
VSS_ECHO 456 for 3 SENT from 20 to 17 at 1316051260.681395 standard 1
VSSECHO_STAGE3 * for * SENT from * to * at 1316051260.681408
VSSECHO_STAGE4 * for * SENT from * to * at 1316051260.681483
BEFORE_LOCK * for 3 SENT from 20 to 18 at 1316051260.681488 standard 1
AFTER_LOCK * for 3 SENT from 20 to 18 at 1316051260.681489 standard 1
AFTER_AFTER_LOCK * for 3 SENT from 20 to 18 at 1316051260.681498 standard 1
AFTER_LOCK2 * for 3 SENT from 20 to 18 at 1316051260.681498 standard 1
VSS_ECHO 457 for 3 SENT from 20 to 18 at 1316051260.681516 standard 1
VSSECHO_STAGE3 * for * SENT from * to * at 1316051260.681530
VSSECHO_STAGE4 * for * SENT from * to * at 1316051260.681600
BEFORE_LOCK * for 3 SENT from 20 to 19 at 1316051260.681606 standard 1
AFTER_LOCK * for 3 SENT from 20 to 19 at 1316051260.681606 standard 1
AFTER_AFTER_LOCK * for 3 SENT from 20 to 19 at 1316051260.681652 standard 1
AFTER_LOCK2 * for 3 SENT from 20 to 19 at 1316051260.681652 standard 1
VSS_ECHO 458 for 3 SENT from 20 to 19 at 1316051260.681671 standard 1
VSSECHO_STAGE3 * for * SENT from * to * at 1316051260.681684
VSSECHO_STAGE4 * for * SENT from * to * at 1316051260.681755
BEFORE_LOCK * for 3 SENT from 20 to 20 at 1316051260.681760 standard 1
AFTER_LOCK * for 3 SENT from 20 to 20 at 1316051260.681761 standard 1
AFTER_AFTER_LOCK * for 3 SENT from 20 to 20 at 1316051260.681770 standard 1
AFTER_LOCK2 * for 3 SENT from 20 to 20 at 1316051260.681771 standard 1
VSS_ECHO 459 for 3 SENT from 20 to 20 at 1316051260.681789 standard 1
VSS_ECHO 459 for 3 RECEIVED from 20 to 20 at 1316051260.681813
VSS_ECHO 410 for 2 RECEIVED from 4 to 20 at 1316051260.692070
VSS_ECHO 50 for 1 RECEIVED from 3 to 20 at 1316051260.702426
VSS_READY 440 for 2 RECEIVED from 4 to 20 at 1316051260.712719
VSS_READY 105 for 1 RECEIVED from 3 to 20 at 1316051260.730363
DKG_ECHO 603 for 1 RECEIVED from 4 to 20 at 1316051260.747688
VSS_ECHO 144 for 3 RECEIVED from 3 to 20 at 1316051260.750077
DKG_READY 786 for 1 RECEIVED from 4 to 20 at 1316051260.760746
VSS_READY 196 for 4 RECEIVED from 3 to 20 at 1316051260.763181
VSS_ECHO 217 for 5 RECEIVED from 3 to 20 at 1316051260.781209
VSS_ECHO 287 for 2 RECEIVED from 3 to 20 at 1316051260.791272
VSS_ECHO 757 for 3 RECEIVED from 13 to 20 at 1316051261.141151
DKG_ECHO 342 for 1 RECEIVED from 3 to 20 at 1316051261.278923
VSS_ECHO 981 for 4 RECEIVED from 2 to 20 at 1316051261.726893
VSS_ECHO 1015 for 2 RECEIVED from 5 to 20 at 1316051261.935231
VSS_READY 46 for 1 RECEIVED from 13 to 20 at 1316051262.105683
VSS_READY 126 for 4 RECEIVED from 13 to 20 at 1316051262.123440
VSS_ECHO 193 for 2 RECEIVED from 13 to 20 at 1316051262.234636
VSS_ECHO 214 for 4 RECEIVED from 13 to 20 at 1316051262.245047
VSS_READY 289 for 2 RECEIVED from 13 to 20 at 1316051262.255268
VSS_ECHO 362 for 5 RECEIVED from 13 to 20 at 1316051262.273342
VSS_READY 423 for 2 RECEIVED from 3 to 20 at 1316051262.325807
DKG_ECHO 579 for 1 RECEIVED from 18 to 20 at 1316051262.595026
VSS_ECHO 486 for 4 RECEIVED from 3 to 20 at 1316051262.823703
VSS_READY 70 for 1 RECEIVED from 6 to 20 at 1316051262.973662
DKG_READY 534 for 1 RECEIVED from 3 to 20 at 1316051263.279570
VSS_SEND 22 for * RECEIVED from 2 to 20 at 1316051263.281998
VSSECHO_STAGE3 * for * SENT from * to * at 1316051263.301752
VSSECHO_STAGE4 * for * SENT from * to * at 1316051263.301864
BEFORE_LOCK * for 2 SENT from 20 to 1 at 1316051263.301887 standard 1
AFTER_LOCK * for 2 SENT from 20 to 1 at 1316051263.301888 standard 1
AFTER_AFTER_LOCK * for 2 SENT from 20 to 1 at 1316051263.301963 standard 1
AFTER_LOCK2 * for 2 SENT from 20 to 1 at 1316051263.301963 standard 1
VSS_ECHO 613 for 2 SENT from 20 to 1 at 1316051263.301982 standard 1
VSSECHO_STAGE3 * for * SENT from * to * at 1316051263.301998
VSSECHO_STAGE4 * for * SENT from * to * at 1316051263.302076
BEFORE_LOCK * for 2 SENT from 20 to 2 at 1316051263.302082 standard 1
AFTER_LOCK * for 2 SENT from 20 to 2 at 1316051263.302083 standard 1
AFTER_AFTER_LOCK * for 2 SENT from 20 to 2 at 1316051263.302097 standard 1
AFTER_LOCK2 * for 2 SENT from 20 to 2 at 1316051263.302097 standard 1
VSS_ECHO 614 for 2 SENT from 20 to 2 at 1316051263.302152 standard 1
VSSECHO_STAGE3 * for * SENT from * to * at 1316051263.302167
VSSECHO_STAGE4 * for * SENT from * to * at 1316051263.302243
BEFORE_LOCK * for 2 SENT from 20 to 3 at 1316051263.302249 standard 1
AFTER_LOCK * for 2 SENT from 20 to 3 at 1316051263.302250 standard 1
AFTER_AFTER_LOCK * for 2 SENT from 20 to 3 at 1316051263.302263 standard 1
AFTER_LOCK2 * for 2 SENT from 20 to 3 at 1316051263.302263 standard 1
VSS_ECHO 615 for 2 SENT from 20 to 3 at 1316051263.302280 standard 1
VSSECHO_STAGE3 * for * SENT from * to * at 1316051263.302293
VSSECHO_STAGE4 * for * SENT from * to * at 1316051263.302369
BEFORE_LOCK * for 2 SENT from 20 to 4 at 1316051263.302374 standard 1
AFTER_LOCK * for 2 SENT from 20 to 4 at 1316051263.302375 standard 1
AFTER_AFTER_LOCK * for 2 SENT from 20 to 4 at 1316051263.302385 standard 1
AFTER_LOCK2 * for 2 SENT from 20 to 4 at 1316051263.302386 standard 1
VSS_ECHO 616 for 2 SENT from 20 to 4 at 1316051263.302403 standard 1
VSSECHO_STAGE3 * for * SENT from * to * at 1316051263.302415
VSSECHO_STAGE4 * for * SENT from * to * at 1316051263.302490
BEFORE_LOCK * for 2 SENT from 20 to 5 at 1316051263.302495 standard 1
AFTER_LOCK * for 2 SENT from 20 to 5 at 1316051263.302496 standard 1
AFTER_AFTER_LOCK * for 2 SENT from 20 to 5 at 1316051263.302715 standard 1
AFTER_LOCK2 * for 2 SENT from 20 to 5 at 1316051263.302716 standard 1
VSS_ECHO 617 for 2 SENT from 20 to 5 at 1316051263.302741 standard 1
VSSECHO_STAGE3 * for * SENT from * to * at 1316051263.302765
VSSECHO_STAGE4 * for * SENT from * to * at 1316051263.302861
BEFORE_LOCK * for 2 SENT from 20 to 6 at 1316051263.302893 standard 1
AFTER_LOCK * for 2 SENT from 20 to 6 at 1316051263.302894 standard 1
AFTER_AFTER_LOCK * for 2 SENT from 20 to 6 at 1316051263.302936 standard 1
AFTER_LOCK2 * for 2 SENT from 20 to 6 at 1316051263.302936 standard 1
VSS_ECHO 618 for 2 SENT from 20 to 6 at 1316051263.302955 standard 1
VSSECHO_STAGE3 * for * SENT from * to * at 1316051263.302969
VSSECHO_STAGE4 * for * SENT from * to * at 1316051263.303042
BEFORE_LOCK * for 2 SENT from 20 to 7 at 1316051263.303047 standard 1
AFTER_LOCK * for 2 SENT from 20 to 7 at 1316051263.303048 standard 1
AFTER_AFTER_LOCK * for 2 SENT from 20 to 7 at 1316051263.303191 standard 1
AFTER_LOCK2 * for 2 SENT from 20 to 7 at 1316051263.303191 standard 1
VSS_ECHO 619 for 2 SENT from 20 to 7 at 1316051263.303209 standard 1
VSSECHO_STAGE3 * for * SENT from * to * at 1316051263.303223
VSSECHO_STAGE4 * for * SENT from * to * at 1316051263.303296
BEFORE_LOCK * for 2 SENT from 20 to 8 at 1316051263.303301 standard 1
AFTER_LOCK * for 2 SENT from 20 to 8 at 1316051263.303302 standard 1
AFTER_AFTER_LOCK * for 2 SENT from 20 to 8 at 1316051263.303302 standard 1
AFTER_LOCK2 * for 2 SENT from 20 to 8 at 1316051263.303302 standard 1
VSS_ECHO 620 for 2 SENT from 20 to 8 at 1316051263.303317 standard 1
VSSECHO_STAGE3 * for * SENT from * to * at 1316051263.303328
VSSECHO_STAGE4 * for * SENT from * to * at 1316051263.303399
BEFORE_LOCK * for 2 SENT from 20 to 9 at 1316051263.303405 standard 1
AFTER_LOCK * for 2 SENT from 20 to 9 at 1316051263.303406 standard 1
AFTER_AFTER_LOCK * for 2 SENT from 20 to 9 at 1316051263.303430 standard 1
AFTER_LOCK2 * for 2 SENT from 20 to 9 at 1316051263.303431 standard 1
VSS_ECHO 621 for 2 SENT from 20 to 9 at 1316051263.303449 standard 1
VSSECHO_STAGE3 * for * SENT from * to * at 1316051263.303462
VSSECHO_STAGE4 * for * SENT from * to * at 1316051263.303538
BEFORE_LOCK * for 2 SENT from 20 to 10 at 1316051263.303544 standard 1
AFTER_LOCK * for 2 SENT from 20 to 10 at 1316051263.303544 standard 1
AFTER_AFTER_LOCK * for 2 SENT from 20 to 10 at 1316051263.303568 standard 1
AFTER_LOCK2 * for 2 SENT from 20 to 10 at 1316051263.303569 standard 1
VSS_ECHO 622 for 2 SENT from 20 to 10 at 1316051263.303586 standard 1
VSSECHO_STAGE3 * for * SENT from * to * at 1316051263.303599
VSSECHO_STAGE4 * for * SENT from * to * at 1316051263.303674
BEFORE_LOCK * for 2 SENT from 20 to 11 at 1316051263.303680 standard 1
AFTER_LOCK * for 2 SENT from 20 to 11 at 1316051263.303681 standard 1
AFTER_AFTER_LOCK * for 2 SENT from 20 to 11 at 1316051263.303858 standard 1
AFTER_LOCK2 * for 2 SENT from 20 to 11 at 1316051263.303858 standard 1
VSS_ECHO 623 for 2 SENT from 20 to 11 at 1316051263.303925 standard 1
VSSECHO_STAGE3 * for * SENT from * to * at 1316051263.303946
VSSECHO_STAGE4 * for * SENT from * to * at 1316051263.304029
BEFORE_LOCK * for 2 SENT from 20 to 12 at 1316051263.304035 standard 1
AFTER_LOCK * for 2 SENT from 20 to 12 at 1316051263.304036 standard 1
AFTER_AFTER_LOCK * for 2 SENT from 20 to 12 at 1316051263.304077 standard 1
AFTER_LOCK2 * for 2 SENT from 20 to 12 at 1316051263.304077 standard 1
VSS_ECHO 624 for 2 SENT from 20 to 12 at 1316051263.304095 standard 1
VSSECHO_STAGE3 * for * SENT from * to * at 1316051263.304108
VSSECHO_STAGE4 * for * SENT from * to * at 1316051263.304183
BEFORE_LOCK * for 2 SENT from 20 to 13 at 1316051263.304189 standard 1
AFTER_LOCK * for 2 SENT from 20 to 13 at 1316051263.304189 standard 1
AFTER_AFTER_LOCK * for 2 SENT from 20 to 13 at 1316051263.305435 standard 1
AFTER_LOCK2 * for 2 SENT from 20 to 13 at 1316051263.305435 standard 1
VSS_ECHO 625 for 2 SENT from 20 to 13 at 1316051263.305492 standard 1
VSSECHO_STAGE3 * for * SENT from * to * at 1316051263.305538
VSSECHO_STAGE4 * for * SENT from * to * at 1316051263.305641
BEFORE_LOCK * for 2 SENT from 20 to 14 at 1316051263.305650 standard 1
AFTER_LOCK * for 2 SENT from 20 to 14 at 1316051263.305651 standard 1
AFTER_AFTER_LOCK * for 2 SENT from 20 to 14 at 1316051263.309653 standard 1
AFTER_LOCK2 * for 2 SENT from 20 to 14 at 1316051263.309653 standard 1
VSS_ECHO 626 for 2 SENT from 20 to 14 at 1316051263.309678 standard 1
VSSECHO_STAGE3 * for * SENT from * to * at 1316051263.309720
VSSECHO_STAGE4 * for * SENT from * to * at 1316051263.309820
BEFORE_LOCK * for 2 SENT from 20 to 15 at 1316051263.309829 standard 1
AFTER_LOCK * for 2 SENT from 20 to 15 at 1316051263.309830 standard 1
AFTER_AFTER_LOCK * for 2 SENT from 20 to 15 at 1316051263.309846 standard 1
AFTER_LOCK2 * for 2 SENT from 20 to 15 at 1316051263.309846 standard 1
VSS_ECHO 627 for 2 SENT from 20 to 15 at 1316051263.309864 standard 1
VSSECHO_STAGE3 * for * SENT from * to * at 1316051263.309895
VSSECHO_STAGE4 * for * SENT from * to * at 1316051263.309972
BEFORE_LOCK * for 2 SENT from 20 to 16 at 1316051263.309978 standard 1
AFTER_LOCK * for 2 SENT from 20 to 16 at 1316051263.309979 standard 1
AFTER_AFTER_LOCK * for 2 SENT from 20 to 16 at 1316051263.309990 standard 1
AFTER_LOCK2 * for 2 SENT from 20 to 16 at 1316051263.309990 standard 1
VSS_ECHO 628 for 2 SENT from 20 to 16 at 1316051263.310008 standard 1
VSSECHO_STAGE3 * for * SENT from * to * at 1316051263.310020
VSSECHO_STAGE4 * for * SENT from * to * at 1316051263.310095
BEFORE_LOCK * for 2 SENT from 20 to 17 at 1316051263.310101 standard 1
AFTER_LOCK * for 2 SENT from 20 to 17 at 1316051263.310102 standard 1
AFTER_AFTER_LOCK * for 2 SENT from 20 to 17 at 1316051263.310267 standard 1
AFTER_LOCK2 * for 2 SENT from 20 to 17 at 1316051263.310267 standard 1
VSS_ECHO 629 for 2 SENT from 20 to 17 at 1316051263.310285 standard 1
VSSECHO_STAGE3 * for * SENT from * to * at 1316051263.310300
VSSECHO_STAGE4 * for * SENT from * to * at 1316051263.310376
BEFORE_LOCK * for 2 SENT from 20 to 18 at 1316051263.310382 standard 1
AFTER_LOCK * for 2 SENT from 20 to 18 at 1316051263.310383 standard 1
AFTER_AFTER_LOCK * for 2 SENT from 20 to 18 at 1316051263.310397 standard 1
AFTER_LOCK2 * for 2 SENT from 20 to 18 at 1316051263.310397 standard 1
VSS_ECHO 630 for 2 SENT from 20 to 18 at 1316051263.310414 standard 1
VSSECHO_STAGE3 * for * SENT from * to * at 1316051263.310427
VSSECHO_STAGE4 * for * SENT from * to * at 1316051263.310501
BEFORE_LOCK * for 2 SENT from 20 to 19 at 1316051263.310507 standard 1
AFTER_LOCK * for 2 SENT from 20 to 19 at 1316051263.310508 standard 1
AFTER_AFTER_LOCK * for 2 SENT from 20 to 19 at 1316051263.310552 standard 1
AFTER_LOCK2 * for 2 SENT from 20 to 19 at 1316051263.310552 standard 1
VSS_ECHO 631 for 2 SENT from 20 to 19 at 1316051263.310570 standard 1
VSSECHO_STAGE3 * for * SENT from * to * at 1316051263.310615
VSSECHO_STAGE4 * for * SENT from * to * at 1316051263.310693
BEFORE_LOCK * for 2 SENT from 20 to 20 at 1316051263.310698 standard 1
AFTER_LOCK * for 2 SENT from 20 to 20 at 1316051263.310699 standard 1
AFTER_AFTER_LOCK * for 2 SENT from 20 to 20 at 1316051263.310891 standard 1
AFTER_LOCK2 * for 2 SENT from 20 to 20 at 1316051263.310891 standard 1
VSS_ECHO 632 for 2 SENT from 20 to 20 at 1316051263.310914 standard 1
VSS_ECHO 50 for 1 RECEIVED from 2 to 20 at 1316051263.310967
VSS_ECHO 632 for 2 RECEIVED from 20 to 20 at 1316051263.322839
VSS_READY 106 for 1 RECEIVED from 2 to 20 at 1316051263.333305
VSS_ECHO 233 for 4 RECEIVED from 6 to 20 at 1316051263.351015
VSS_READY 169 for 2 RECEIVED from 2 to 20 at 1316051263.361311
VSS_READY 308 for 4 RECEIVED from 2 to 20 at 1316051263.378915
DKG_READY 484 for 1 RECEIVED from 2 to 20 at 1316051263.396338
VSS_ECHO 545 for 3 RECEIVED from 2 to 20 at 1316051263.398686
DKG_ECHO 600 for 1 RECEIVED from 2 to 20 at 1316051263.438955
VSS_ECHO 746 for 5 RECEIVED from 2 to 20 at 1316051263.441305
VSS_ECHO 801 for 2 RECEIVED from 2 to 20 at 1316051263.451324
VSS_ECHO 256 for 2 RECEIVED from 6 to 20 at 1316051263.466779
VSS_ECHO 277 for 3 RECEIVED from 6 to 20 at 1316051263.477166
VSS_READY 321 for 4 RECEIVED from 6 to 20 at 1316051263.487583
DKG_READY 720 for 1 RECEIVED from 18 to 20 at 1316051263.854644
VSS_READY 411 for 2 RECEIVED from 6 to 20 at 1316051263.856966
DKG_READY 610 for 1 RECEIVED from 6 to 20 at 1316051264.025163
VSS_ECHO 801 for 5 RECEIVED from 18 to 20 at 1316051264.163131
VSS_SEND 22 for * RECEIVED from 5 to 20 at 1316051264.258746
VSSECHO_STAGE3 * for * SENT from * to * at 1316051264.277875
VSSECHO_STAGE4 * for * SENT from * to * at 1316051264.277956
BEFORE_LOCK * for 5 SENT from 20 to 1 at 1316051264.277962 standard 1
AFTER_LOCK * for 5 SENT from 20 to 1 at 1316051264.277963 standard 1
AFTER_AFTER_LOCK * for 5 SENT from 20 to 1 at 1316051264.278021 standard 1
AFTER_LOCK2 * for 5 SENT from 20 to 1 at 1316051264.278021 standard 1
VSS_ECHO 743 for 5 SENT from 20 to 1 at 1316051264.278041 standard 1
VSSECHO_STAGE3 * for * SENT from * to * at 1316051264.278053
VSSECHO_STAGE4 * for * SENT from * to * at 1316051264.278133
BEFORE_LOCK * for 5 SENT from 20 to 2 at 1316051264.278139 standard 1
AFTER_LOCK * for 5 SENT from 20 to 2 at 1316051264.278139 standard 1
AFTER_AFTER_LOCK * for 5 SENT from 20 to 2 at 1316051264.278149 standard 1
AFTER_LOCK2 * for 5 SENT from 20 to 2 at 1316051264.278149 standard 1
VSS_ECHO 744 for 5 SENT from 20 to 2 at 1316051264.278172 standard 1
VSSECHO_STAGE3 * for * SENT from * to * at 1316051264.278185
VSSECHO_STAGE4 * for * SENT from * to * at 1316051264.278259
BEFORE_LOCK * for 5 SENT from 20 to 3 at 1316051264.278265 standard 1
AFTER_LOCK * for 5 SENT from 20 to 3 at 1316051264.278265 standard 1
AFTER_AFTER_LOCK * for 5 SENT from 20 to 3 at 1316051264.278275 standard 1
AFTER_LOCK2 * for 5 SENT from 20 to 3 at 1316051264.278275 standard 1
VSS_ECHO 745 for 5 SENT from 20 to 3 at 1316051264.278299 standard 1
VSSECHO_STAGE3 * for * SENT from * to * at 1316051264.278311
VSSECHO_STAGE4 * for * SENT from * to * at 1316051264.278410
BEFORE_LOCK * for 5 SENT from 20 to 4 at 1316051264.278416 standard 1
AFTER_LOCK * for 5 SENT from 20 to 4 at 1316051264.278417 standard 1
AFTER_AFTER_LOCK * for 5 SENT from 20 to 4 at 1316051264.278427 standard 1
AFTER_LOCK2 * for 5 SENT from 20 to 4 at 1316051264.278427 standard 1
VSS_ECHO 746 for 5 SENT from 20 to 4 at 1316051264.278445 standard 1
VSSECHO_STAGE3 * for * SENT from * to * at 1316051264.278457
VSSECHO_STAGE4 * for * SENT from * to * at 1316051264.278529
BEFORE_LOCK * for 5 SENT from 20 to 5 at 1316051264.278534 standard 1
AFTER_LOCK * for 5 SENT from 20 to 5 at 1316051264.278535 standard 1
AFTER_AFTER_LOCK * for 5 SENT from 20 to 5 at 1316051264.278590 standard 1
AFTER_LOCK2 * for 5 SENT from 20 to 5 at 1316051264.278590 standard 1
VSS_ECHO 747 for 5 SENT from 20 to 5 at 1316051264.278612 standard 1
VSSECHO_STAGE3 * for * SENT from * to * at 1316051264.278624
VSSECHO_STAGE4 * for * SENT from * to * at 1316051264.278717
BEFORE_LOCK * for 5 SENT from 20 to 6 at 1316051264.278722 standard 1
AFTER_LOCK * for 5 SENT from 20 to 6 at 1316051264.278723 standard 1
AFTER_AFTER_LOCK * for 5 SENT from 20 to 6 at 1316051264.278732 standard 1
AFTER_LOCK2 * for 5 SENT from 20 to 6 at 1316051264.278732 standard 1
VSS_ECHO 748 for 5 SENT from 20 to 6 at 1316051264.278750 standard 1
VSSECHO_STAGE3 * for * SENT from * to * at 1316051264.278762
VSSECHO_STAGE4 * for * SENT from * to * at 1316051264.278834
BEFORE_LOCK * for 5 SENT from 20 to 7 at 1316051264.278839 standard 1
AFTER_LOCK * for 5 SENT from 20 to 7 at 1316051264.278840 standard 1
AFTER_AFTER_LOCK * for 5 SENT from 20 to 7 at 1316051264.278854 standard 1
AFTER_LOCK2 * for 5 SENT from 20 to 7 at 1316051264.278854 standard 1
VSS_ECHO 749 for 5 SENT from 20 to 7 at 1316051264.278877 standard 1
VSSECHO_STAGE3 * for * SENT from * to * at 1316051264.278889
VSSECHO_STAGE4 * for * SENT from * to * at 1316051264.278960
BEFORE_LOCK * for 5 SENT from 20 to 8 at 1316051264.278965 standard 1
AFTER_LOCK * for 5 SENT from 20 to 8 at 1316051264.278966 standard 1
AFTER_AFTER_LOCK * for 5 SENT from 20 to 8 at 1316051264.278966 standard 1
AFTER_LOCK2 * for 5 SENT from 20 to 8 at 1316051264.278966 standard 1
VSS_ECHO 750 for 5 SENT from 20 to 8 at 1316051264.278985 standard 1
VSSECHO_STAGE3 * for * SENT from * to * at 1316051264.278996
VSSECHO_STAGE4 * for * SENT from * to * at 1316051264.279066
BEFORE_LOCK * for 5 SENT from 20 to 9 at 1316051264.279071 standard 1
AFTER_LOCK * for 5 SENT from 20 to 9 at 1316051264.279071 standard 1
AFTER_AFTER_LOCK * for 5 SENT from 20 to 9 at 1316051264.279118 standard 1
AFTER_LOCK2 * for 5 SENT from 20 to 9 at 1316051264.279118 standard 1
VSS_ECHO 751 for 5 SENT from 20 to 9 at 1316051264.279138 standard 1
VSSECHO_STAGE3 * for * SENT from * to * at 1316051264.279150
VSSECHO_STAGE4 * for * SENT from * to * at 1316051264.279224
BEFORE_LOCK * for 5 SENT from 20 to 10 at 1316051264.279229 standard 1
AFTER_LOCK * for 5 SENT from 20 to 10 at 1316051264.279230 standard 1
AFTER_AFTER_LOCK * for 5 SENT from 20 to 10 at 1316051264.279243 standard 1
AFTER_LOCK2 * for 5 SENT from 20 to 10 at 1316051264.279243 standard 1
VSS_ECHO 752 for 5 SENT from 20 to 10 at 1316051264.279261 standard 1
VSSECHO_STAGE3 * for * SENT from * to * at 1316051264.279273
VSSECHO_STAGE4 * for * SENT from * to * at 1316051264.279346
BEFORE_LOCK * for 5 SENT from 20 to 11 at 1316051264.279351 standard 1
AFTER_LOCK * for 5 SENT from 20 to 11 at 1316051264.279351 standard 1
AFTER_AFTER_LOCK * for 5 SENT from 20 to 11 at 1316051264.279365 standard 1
AFTER_LOCK2 * for 5 SENT from 20 to 11 at 1316051264.279365 standard 1
VSS_ECHO 753 for 5 SENT from 20 to 11 at 1316051264.279383 standard 1
VSSECHO_STAGE3 * for * SENT from * to * at 1316051264.279395
VSSECHO_STAGE4 * for * SENT from * to * at 1316051264.279466
BEFORE_LOCK * for 5 SENT from 20 to 12 at 1316051264.279471 standard 1
AFTER_LOCK * for 5 SENT from 20 to 12 at 1316051264.279472 standard 1
AFTER_AFTER_LOCK * for 5 SENT from 20 to 12 at 1316051264.279485 standard 1
AFTER_LOCK2 * for 5 SENT from 20 to 12 at 1316051264.279486 standard 1
VSS_ECHO 754 for 5 SENT from 20 to 12 at 1316051264.279503 standard 1
VSSECHO_STAGE3 * for * SENT from * to * at 1316051264.279711
VSSECHO_STAGE4 * for * SENT from * to * at 1316051264.279783
BEFORE_LOCK * for 5 SENT from 20 to 13 at 1316051264.279789 standard 1
AFTER_LOCK * for 5 SENT from 20 to 13 at 1316051264.279789 standard 1
AFTER_AFTER_LOCK * for 5 SENT from 20 to 13 at 1316051264.279799 standard 1
AFTER_LOCK2 * for 5 SENT from 20 to 13 at 1316051264.279799 standard 1
VSS_ECHO 755 for 5 SENT from 20 to 13 at 1316051264.279817 standard 1
VSSECHO_STAGE3 * for * SENT from * to * at 1316051264.279829
VSSECHO_STAGE4 * for * SENT from * to * at 1316051264.279908
BEFORE_LOCK * for 5 SENT from 20 to 14 at 1316051264.279918 standard 1
AFTER_LOCK * for 5 SENT from 20 to 14 at 1316051264.279919 standard 1
AFTER_AFTER_LOCK * for 5 SENT from 20 to 14 at 1316051264.279928 standard 1
AFTER_LOCK2 * for 5 SENT from 20 to 14 at 1316051264.279929 standard 1
VSS_ECHO 756 for 5 SENT from 20 to 14 at 1316051264.279959 standard 1
VSSECHO_STAGE3 * for * SENT from * to * at 1316051264.279972
VSSECHO_STAGE4 * for * SENT from * to * at 1316051264.280042
BEFORE_LOCK * for 5 SENT from 20 to 15 at 1316051264.280052 standard 1
AFTER_LOCK * for 5 SENT from 20 to 15 at 1316051264.280053 standard 1
AFTER_AFTER_LOCK * for 5 SENT from 20 to 15 at 1316051264.280062 standard 1
AFTER_LOCK2 * for 5 SENT from 20 to 15 at 1316051264.280063 standard 1
VSS_ECHO 757 for 5 SENT from 20 to 15 at 1316051264.280080 standard 1
VSSECHO_STAGE3 * for * SENT from * to * at 1316051264.280092
VSSECHO_STAGE4 * for * SENT from * to * at 1316051264.280165
BEFORE_LOCK * for 5 SENT from 20 to 16 at 1316051264.280170 standard 1
AFTER_LOCK * for 5 SENT from 20 to 16 at 1316051264.280170 standard 1
AFTER_AFTER_LOCK * for 5 SENT from 20 to 16 at 1316051264.280222 standard 1
AFTER_LOCK2 * for 5 SENT from 20 to 16 at 1316051264.280222 standard 1
VSS_ECHO 758 for 5 SENT from 20 to 16 at 1316051264.280241 standard 1
VSSECHO_STAGE3 * for * SENT from * to * at 1316051264.280253
VSSECHO_STAGE4 * for * SENT from * to * at 1316051264.280326
BEFORE_LOCK * for 5 SENT from 20 to 17 at 1316051264.280331 standard 1
AFTER_LOCK * for 5 SENT from 20 to 17 at 1316051264.280331 standard 1
AFTER_AFTER_LOCK * for 5 SENT from 20 to 17 at 1316051264.280344 standard 1
AFTER_LOCK2 * for 5 SENT from 20 to 17 at 1316051264.280345 standard 1
VSS_ECHO 759 for 5 SENT from 20 to 17 at 1316051264.280365 standard 1
VSSECHO_STAGE3 * for * SENT from * to * at 1316051264.280377
VSSECHO_STAGE4 * for * SENT from * to * at 1316051264.280450
BEFORE_LOCK * for 5 SENT from 20 to 18 at 1316051264.280455 standard 1
AFTER_LOCK * for 5 SENT from 20 to 18 at 1316051264.280455 standard 1
AFTER_AFTER_LOCK * for 5 SENT from 20 to 18 at 1316051264.280469 standard 1
AFTER_LOCK2 * for 5 SENT from 20 to 18 at 1316051264.280470 standard 1
VSS_ECHO 760 for 5 SENT from 20 to 18 at 1316051264.280487 standard 1
VSSECHO_STAGE3 * for * SENT from * to * at 1316051264.280500
VSSECHO_STAGE4 * for * SENT from * to * at 1316051264.280572
BEFORE_LOCK * for 5 SENT from 20 to 19 at 1316051264.280577 standard 1
AFTER_LOCK * for 5 SENT from 20 to 19 at 1316051264.280578 standard 1
AFTER_AFTER_LOCK * for 5 SENT from 20 to 19 at 1316051264.280592 standard 1
AFTER_LOCK2 * for 5 SENT from 20 to 19 at 1316051264.280592 standard 1
VSS_ECHO 761 for 5 SENT from 20 to 19 at 1316051264.280610 standard 1
VSSECHO_STAGE3 * for * SENT from * to * at 1316051264.280622
VSSECHO_STAGE4 * for * SENT from * to * at 1316051264.280693
BEFORE_LOCK * for 5 SENT from 20 to 20 at 1316051264.280698 standard 1
AFTER_LOCK * for 5 SENT from 20 to 20 at 1316051264.280699 standard 1
AFTER_AFTER_LOCK * for 5 SENT from 20 to 20 at 1316051264.280750 standard 1
AFTER_LOCK2 * for 5 SENT from 20 to 20 at 1316051264.280750 standard 1
VSS_ECHO 762 for 5 SENT from 20 to 20 at 1316051264.280768 standard 1
VSS_ECHO 762 for 5 RECEIVED from 20 to 20 at 1316051264.280797
VSS_ECHO 50 for 1 RECEIVED from 5 to 20 at 1316051264.290986
VSS_READY 793 for 5 RECEIVED from 6 to 20 at 1316051264.558921
VSS_READY 106 for 1 RECEIVED from 5 to 20 at 1316051264.576586



*============================================
*2ENOUGH VSS_READY message for 20 at 1316051264.576586
*Threshold : Ready = 12
*Received Ready Message Num = 12
*VSS Share is complete for dealer 1
============================================

BEFORE_LOCK * for 1 SENT from 20 to 1 at 1316051264.595380 standard 1
AFTER_LOCK * for 1 SENT from 20 to 1 at 1316051264.595382 standard 1
AFTER_AFTER_LOCK * for 1 SENT from 20 to 1 at 1316051264.595440 standard 1
AFTER_LOCK2 * for 1 SENT from 20 to 1 at 1316051264.595440 standard 1
VSS_SHARED 796 for 1 SENT from 20 to 1 at 1316051264.595461 standard 1
VSS_READY 181 for 4 RECEIVED from 5 to 20 at 1316051264.595500



*============================================
*2ENOUGH VSS_READY message for 20 at 1316051264.595500
*Threshold : Ready = 12
*Received Ready Message Num = 12
*VSS Share is complete for dealer 4
============================================

BEFORE_LOCK * for 4 SENT from 20 to 1 at 1316051264.614495 standard 1
AFTER_LOCK * for 4 SENT from 20 to 1 at 1316051264.614496 standard 1
AFTER_AFTER_LOCK * for 4 SENT from 20 to 1 at 1316051264.614550 standard 1
AFTER_LOCK2 * for 4 SENT from 20 to 1 at 1316051264.614550 standard 1
VSS_SHARED 817 for 4 SENT from 20 to 1 at 1316051264.614571 standard 1
VSS_ECHO 227 for 4 RECEIVED from 5 to 20 at 1316051264.614614
VSS_READY 277 for 2 RECEIVED from 5 to 20 at 1316051264.625696



*============================================
*2ENOUGH VSS_READY message for 20 at 1316051264.625696
*Threshold : Ready = 12
*Received Ready Message Num = 12
*VSS Share is complete for dealer 2
============================================

BEFORE_LOCK * for 2 SENT from 20 to 1 at 1316051264.644360 standard 1
AFTER_LOCK * for 2 SENT from 20 to 1 at 1316051264.644361 standard 1
AFTER_AFTER_LOCK * for 2 SENT from 20 to 1 at 1316051264.644416 standard 1
AFTER_LOCK2 * for 2 SENT from 20 to 1 at 1316051264.644416 standard 1
VSS_SHARED 841 for 2 SENT from 20 to 1 at 1316051264.644435 standard 1
DKG_ECHO 432 for 1 RECEIVED from 5 to 20 at 1316051264.644474
DKG_READY 639 for 1 RECEIVED from 5 to 20 at 1316051264.646912



============================================
*2ENOUGH DKG_READY message for 20 at 1316051264.646912
*Threshold : Ready = 12
*Received Ready Message Num = 12
============================================

DKG_COMPLETE * for 1 RS from 20 to * at 1316051264.646912 :)
