-Run node 14 starting at 1316051239.506895 with version 5.2
-Function node 14 starting at 1316051249.507209
LEADER_CHANGE 1 for * SENT from 14 to 1 at 1316051249.510778 standard 1
VSS_SEND 16 for * RECEIVED from 1 to 14 at 1316051249.524055
VSSECHO_STAGE3 * for * SENT from * to * at 1316051249.542062
VSSECHO_STAGE4 * for * SENT from * to * at 1316051249.542124
BEFORE_LOCK * for 1 SENT from 14 to 1 at 1316051249.542129 standard 1
AFTER_LOCK * for 1 SENT from 14 to 1 at 1316051249.542130 standard 1
AFTER_AFTER_LOCK * for 1 SENT from 14 to 1 at 1316051249.542191 standard 1
AFTER_LOCK2 * for 1 SENT from 14 to 1 at 1316051249.542191 standard 1
VSS_ECHO 4 for 1 SENT from 14 to 1 at 1316051249.542211 standard 1
VSSECHO_STAGE3 * for * SENT from * to * at 1316051249.542225
VSSECHO_STAGE4 * for * SENT from * to * at 1316051249.542289
BEFORE_LOCK * for 1 SENT from 14 to 2 at 1316051249.542293 standard 1
AFTER_LOCK * for 1 SENT from 14 to 2 at 1316051249.542294 standard 1
AFTER_AFTER_LOCK * for 1 SENT from 14 to 2 at 1316051249.542361 standard 1
AFTER_LOCK2 * for 1 SENT from 14 to 2 at 1316051249.542361 standard 1
VSS_ECHO 5 for 1 SENT from 14 to 2 at 1316051249.542376 standard 1
VSSECHO_STAGE3 * for * SENT from * to * at 1316051249.542387
VSSECHO_STAGE4 * for * SENT from * to * at 1316051249.542447
BEFORE_LOCK * for 1 SENT from 14 to 3 at 1316051249.542452 standard 1
AFTER_LOCK * for 1 SENT from 14 to 3 at 1316051249.542452 standard 1
AFTER_AFTER_LOCK * for 1 SENT from 14 to 3 at 1316051249.542497 standard 1
AFTER_LOCK2 * for 1 SENT from 14 to 3 at 1316051249.542497 standard 1
VSS_ECHO 6 for 1 SENT from 14 to 3 at 1316051249.542511 standard 1
VSSECHO_STAGE3 * for * SENT from * to * at 1316051249.542521
VSSECHO_STAGE4 * for * SENT from * to * at 1316051249.542581
BEFORE_LOCK * for 1 SENT from 14 to 4 at 1316051249.542586 standard 1
AFTER_LOCK * for 1 SENT from 14 to 4 at 1316051249.542586 standard 1
AFTER_AFTER_LOCK * for 1 SENT from 14 to 4 at 1316051249.542631 standard 1
AFTER_LOCK2 * for 1 SENT from 14 to 4 at 1316051249.542631 standard 1
VSS_ECHO 7 for 1 SENT from 14 to 4 at 1316051249.542645 standard 1
VSSECHO_STAGE3 * for * SENT from * to * at 1316051249.542655
VSSECHO_STAGE4 * for * SENT from * to * at 1316051249.542726
BEFORE_LOCK * for 1 SENT from 14 to 5 at 1316051249.542731 standard 1
AFTER_LOCK * for 1 SENT from 14 to 5 at 1316051249.542731 standard 1
AFTER_AFTER_LOCK * for 1 SENT from 14 to 5 at 1316051249.542752 standard 1
AFTER_LOCK2 * for 1 SENT from 14 to 5 at 1316051249.542753 standard 1
VSS_ECHO 8 for 1 SENT from 14 to 5 at 1316051249.542769 standard 1
VSSECHO_STAGE3 * for * SENT from * to * at 1316051249.542780
VSSECHO_STAGE4 * for * SENT from * to * at 1316051249.542836
BEFORE_LOCK * for 1 SENT from 14 to 6 at 1316051249.542840 standard 1
AFTER_LOCK * for 1 SENT from 14 to 6 at 1316051249.542841 standard 1
AFTER_AFTER_LOCK * for 1 SENT from 14 to 6 at 1316051249.542856 standard 1
AFTER_LOCK2 * for 1 SENT from 14 to 6 at 1316051249.542857 standard 1
VSS_ECHO 9 for 1 SENT from 14 to 6 at 1316051249.542870 standard 1
VSSECHO_STAGE3 * for * SENT from * to * at 1316051249.542882
VSSECHO_STAGE4 * for * SENT from * to * at 1316051249.542940
BEFORE_LOCK * for 1 SENT from 14 to 7 at 1316051249.542944 standard 1
AFTER_LOCK * for 1 SENT from 14 to 7 at 1316051249.542944 standard 1
AFTER_AFTER_LOCK * for 1 SENT from 14 to 7 at 1316051249.543041 standard 1
AFTER_LOCK2 * for 1 SENT from 14 to 7 at 1316051249.543042 standard 1
VSS_ECHO 10 for 1 SENT from 14 to 7 at 1316051249.543058 standard 1
VSSECHO_STAGE3 * for * SENT from * to * at 1316051249.543069
VSSECHO_STAGE4 * for * SENT from * to * at 1316051249.543129
BEFORE_LOCK * for 1 SENT from 14 to 8 at 1316051249.543134 standard 1
AFTER_LOCK * for 1 SENT from 14 to 8 at 1316051249.543135 standard 1
AFTER_AFTER_LOCK * for 1 SENT from 14 to 8 at 1316051249.543178 standard 1
AFTER_LOCK2 * for 1 SENT from 14 to 8 at 1316051249.543178 standard 1
VSS_ECHO 11 for 1 SENT from 14 to 8 at 1316051249.543193 standard 1
VSSECHO_STAGE3 * for * SENT from * to * at 1316051249.543204
VSSECHO_STAGE4 * for * SENT from * to * at 1316051249.543260
BEFORE_LOCK * for 1 SENT from 14 to 9 at 1316051249.543281 standard 1
AFTER_LOCK * for 1 SENT from 14 to 9 at 1316051249.543281 standard 1
AFTER_AFTER_LOCK * for 1 SENT from 14 to 9 at 1316051249.543298 standard 1
AFTER_LOCK2 * for 1 SENT from 14 to 9 at 1316051249.543299 standard 1
VSS_ECHO 12 for 1 SENT from 14 to 9 at 1316051249.543313 standard 1
VSSECHO_STAGE3 * for * SENT from * to * at 1316051249.543324
VSSECHO_STAGE4 * for * SENT from * to * at 1316051249.543394
BEFORE_LOCK * for 1 SENT from 14 to 10 at 1316051249.543399 standard 1
AFTER_LOCK * for 1 SENT from 14 to 10 at 1316051249.543399 standard 1
AFTER_AFTER_LOCK * for 1 SENT from 14 to 10 at 1316051249.543447 standard 1
AFTER_LOCK2 * for 1 SENT from 14 to 10 at 1316051249.543447 standard 1
VSS_ECHO 13 for 1 SENT from 14 to 10 at 1316051249.543461 standard 1
VSSECHO_STAGE3 * for * SENT from * to * at 1316051249.543473
VSSECHO_STAGE4 * for * SENT from * to * at 1316051249.543531
BEFORE_LOCK * for 1 SENT from 14 to 11 at 1316051249.543535 standard 1
AFTER_LOCK * for 1 SENT from 14 to 11 at 1316051249.543536 standard 1
AFTER_AFTER_LOCK * for 1 SENT from 14 to 11 at 1316051249.543551 standard 1
AFTER_LOCK2 * for 1 SENT from 14 to 11 at 1316051249.543551 standard 1
VSS_ECHO 14 for 1 SENT from 14 to 11 at 1316051249.543565 standard 1
VSSECHO_STAGE3 * for * SENT from * to * at 1316051249.543577
VSSECHO_STAGE4 * for * SENT from * to * at 1316051249.543633
BEFORE_LOCK * for 1 SENT from 14 to 12 at 1316051249.543637 standard 1
AFTER_LOCK * for 1 SENT from 14 to 12 at 1316051249.543637 standard 1
AFTER_AFTER_LOCK * for 1 SENT from 14 to 12 at 1316051249.543652 standard 1
AFTER_LOCK2 * for 1 SENT from 14 to 12 at 1316051249.543653 standard 1
VSS_ECHO 15 for 1 SENT from 14 to 12 at 1316051249.543668 standard 1
VSSECHO_STAGE3 * for * SENT from * to * at 1316051249.543679
VSSECHO_STAGE4 * for * SENT from * to * at 1316051249.543739
BEFORE_LOCK * for 1 SENT from 14 to 13 at 1316051249.543743 standard 1
AFTER_LOCK * for 1 SENT from 14 to 13 at 1316051249.543744 standard 1
AFTER_AFTER_LOCK * for 1 SENT from 14 to 13 at 1316051249.543806 standard 1
AFTER_LOCK2 * for 1 SENT from 14 to 13 at 1316051249.543807 standard 1
VSS_ECHO 16 for 1 SENT from 14 to 13 at 1316051249.543823 standard 1
VSSECHO_STAGE3 * for * SENT from * to * at 1316051249.543835
VSSECHO_STAGE4 * for * SENT from * to * at 1316051249.543891
BEFORE_LOCK * for 1 SENT from 14 to 14 at 1316051249.543895 standard 1
AFTER_LOCK * for 1 SENT from 14 to 14 at 1316051249.543896 standard 1
AFTER_AFTER_LOCK * for 1 SENT from 14 to 14 at 1316051249.543912 standard 1
AFTER_LOCK2 * for 1 SENT from 14 to 14 at 1316051249.543913 standard 1
VSS_ECHO 17 for 1 SENT from 14 to 14 at 1316051249.543928 standard 1
VSSECHO_STAGE3 * for * SENT from * to * at 1316051249.543939
VSSECHO_STAGE4 * for * SENT from * to * at 1316051249.543998
BEFORE_LOCK * for 1 SENT from 14 to 15 at 1316051249.544002 standard 1
AFTER_LOCK * for 1 SENT from 14 to 15 at 1316051249.544003 standard 1
AFTER_AFTER_LOCK * for 1 SENT from 14 to 15 at 1316051249.544020 standard 1
AFTER_LOCK2 * for 1 SENT from 14 to 15 at 1316051249.544021 standard 1
VSS_ECHO 18 for 1 SENT from 14 to 15 at 1316051249.544035 standard 1
VSSECHO_STAGE3 * for * SENT from * to * at 1316051249.544047
VSSECHO_STAGE4 * for * SENT from * to * at 1316051249.544105
BEFORE_LOCK * for 1 SENT from 14 to 16 at 1316051249.544109 standard 1
AFTER_LOCK * for 1 SENT from 14 to 16 at 1316051249.544110 standard 1
AFTER_AFTER_LOCK * for 1 SENT from 14 to 16 at 1316051249.544125 standard 1
AFTER_LOCK2 * for 1 SENT from 14 to 16 at 1316051249.544125 standard 1
VSS_ECHO 19 for 1 SENT from 14 to 16 at 1316051249.544138 standard 1
VSSECHO_STAGE3 * for * SENT from * to * at 1316051249.544149
VSSECHO_STAGE4 * for * SENT from * to * at 1316051249.544208
BEFORE_LOCK * for 1 SENT from 14 to 17 at 1316051249.544212 standard 1
AFTER_LOCK * for 1 SENT from 14 to 17 at 1316051249.544212 standard 1
AFTER_AFTER_LOCK * for 1 SENT from 14 to 17 at 1316051249.544227 standard 1
AFTER_LOCK2 * for 1 SENT from 14 to 17 at 1316051249.544227 standard 1
VSS_ECHO 20 for 1 SENT from 14 to 17 at 1316051249.544250 standard 1
VSSECHO_STAGE3 * for * SENT from * to * at 1316051249.544261
VSSECHO_STAGE4 * for * SENT from * to * at 1316051249.544323
BEFORE_LOCK * for 1 SENT from 14 to 18 at 1316051249.544328 standard 1
AFTER_LOCK * for 1 SENT from 14 to 18 at 1316051249.544328 standard 1
AFTER_AFTER_LOCK * for 1 SENT from 14 to 18 at 1316051249.544346 standard 1
AFTER_LOCK2 * for 1 SENT from 14 to 18 at 1316051249.544346 standard 1
VSS_ECHO 21 for 1 SENT from 14 to 18 at 1316051249.544361 standard 1
VSSECHO_STAGE3 * for * SENT from * to * at 1316051249.544372
VSSECHO_STAGE4 * for * SENT from * to * at 1316051249.544428
BEFORE_LOCK * for 1 SENT from 14 to 19 at 1316051249.544432 standard 1
AFTER_LOCK * for 1 SENT from 14 to 19 at 1316051249.544433 standard 1
AFTER_AFTER_LOCK * for 1 SENT from 14 to 19 at 1316051249.544447 standard 1
AFTER_LOCK2 * for 1 SENT from 14 to 19 at 1316051249.544448 standard 1
VSS_ECHO 22 for 1 SENT from 14 to 19 at 1316051249.544463 standard 1
VSSECHO_STAGE3 * for * SENT from * to * at 1316051249.544474
VSSECHO_STAGE4 * for * SENT from * to * at 1316051249.544532
BEFORE_LOCK * for 1 SENT from 14 to 20 at 1316051249.544536 standard 1
AFTER_LOCK * for 1 SENT from 14 to 20 at 1316051249.544537 standard 1
AFTER_AFTER_LOCK * for 1 SENT from 14 to 20 at 1316051249.544601 standard 1
AFTER_LOCK2 * for 1 SENT from 14 to 20 at 1316051249.544601 standard 1
VSS_ECHO 23 for 1 SENT from 14 to 20 at 1316051249.544617 standard 1
VSS_ECHO 17 for 1 RECEIVED from 12 to 14 at 1316051249.544631
VSS_ECHO 17 for 1 RECEIVED from 9 to 14 at 1316051249.553941
VSS_ECHO 17 for 1 RECEIVED from 17 to 14 at 1316051249.563274
VSS_ECHO 17 for 1 RECEIVED from 10 to 14 at 1316051249.572538
VSS_ECHO 49 for 1 RECEIVED from 1 to 14 at 1316051249.582203
VSS_ECHO 17 for 1 RECEIVED from 14 to 14 at 1316051249.591615
VSS_ECHO 17 for 1 RECEIVED from 7 to 14 at 1316051250.275346
VSS_ECHO 17 for 1 RECEIVED from 15 to 14 at 1316051250.734324
VSS_ECHO 17 for 1 RECEIVED from 16 to 14 at 1316051250.754514
VSS_ECHO 17 for 1 RECEIVED from 6 to 14 at 1316051250.941600
VSS_ECHO 17 for 1 RECEIVED from 19 to 14 at 1316051251.243835
VSS_ECHO 17 for 1 RECEIVED from 18 to 14 at 1316051251.457983



============================================
*ENOUGH VSS_ECHO message for 1 at 1316051251.457983
*Threshold : echo = 12
*Received Echo Message Num = 12
*Ready messages are sending out...
============================================

PRE_VSS_READY * for 1 SENT from 14 to 1 at 1316051251.487110 standard 1
BEFORE_LOCK * for 1 SENT from 14 to 1 at 1316051251.487126 standard 1
AFTER_LOCK * for 1 SENT from 14 to 1 at 1316051251.487127 standard 1
AFTER_AFTER_LOCK * for 1 SENT from 14 to 1 at 1316051251.487233 standard 1
AFTER_LOCK2 * for 1 SENT from 14 to 1 at 1316051251.487234 standard 1
VSS_READY 36 for 1 SENT from 14 to 1 at 1316051251.487234 standard 1
PRE_VSS_READY * for 1 SENT from 14 to 2 at 1316051251.491387 standard 1
BEFORE_LOCK * for 1 SENT from 14 to 2 at 1316051251.491402 standard 1
AFTER_LOCK * for 1 SENT from 14 to 2 at 1316051251.491403 standard 1
AFTER_AFTER_LOCK * for 1 SENT from 14 to 2 at 1316051251.491505 standard 1
AFTER_LOCK2 * for 1 SENT from 14 to 2 at 1316051251.491505 standard 1
VSS_READY 37 for 1 SENT from 14 to 2 at 1316051251.491506 standard 1
PRE_VSS_READY * for 1 SENT from 14 to 3 at 1316051251.495383 standard 1
BEFORE_LOCK * for 1 SENT from 14 to 3 at 1316051251.495398 standard 1
AFTER_LOCK * for 1 SENT from 14 to 3 at 1316051251.495399 standard 1
AFTER_AFTER_LOCK * for 1 SENT from 14 to 3 at 1316051251.495500 standard 1
AFTER_LOCK2 * for 1 SENT from 14 to 3 at 1316051251.495501 standard 1
VSS_READY 38 for 1 SENT from 14 to 3 at 1316051251.495501 standard 1
PRE_VSS_READY * for 1 SENT from 14 to 4 at 1316051251.499845 standard 1
BEFORE_LOCK * for 1 SENT from 14 to 4 at 1316051251.499865 standard 1
AFTER_LOCK * for 1 SENT from 14 to 4 at 1316051251.499866 standard 1
AFTER_AFTER_LOCK * for 1 SENT from 14 to 4 at 1316051251.499969 standard 1
AFTER_LOCK2 * for 1 SENT from 14 to 4 at 1316051251.499970 standard 1
VSS_READY 39 for 1 SENT from 14 to 4 at 1316051251.499970 standard 1
PRE_VSS_READY * for 1 SENT from 14 to 5 at 1316051251.503914 standard 1
BEFORE_LOCK * for 1 SENT from 14 to 5 at 1316051251.503930 standard 1
AFTER_LOCK * for 1 SENT from 14 to 5 at 1316051251.503931 standard 1
AFTER_AFTER_LOCK * for 1 SENT from 14 to 5 at 1316051251.504033 standard 1
AFTER_LOCK2 * for 1 SENT from 14 to 5 at 1316051251.504034 standard 1
VSS_READY 40 for 1 SENT from 14 to 5 at 1316051251.504034 standard 1
PRE_VSS_READY * for 1 SENT from 14 to 6 at 1316051251.508253 standard 1
BEFORE_LOCK * for 1 SENT from 14 to 6 at 1316051251.508277 standard 1
AFTER_LOCK * for 1 SENT from 14 to 6 at 1316051251.508278 standard 1
AFTER_AFTER_LOCK * for 1 SENT from 14 to 6 at 1316051251.508380 standard 1
AFTER_LOCK2 * for 1 SENT from 14 to 6 at 1316051251.508381 standard 1
VSS_READY 41 for 1 SENT from 14 to 6 at 1316051251.508381 standard 1
PRE_VSS_READY * for 1 SENT from 14 to 7 at 1316051251.512281 standard 1
BEFORE_LOCK * for 1 SENT from 14 to 7 at 1316051251.512297 standard 1
AFTER_LOCK * for 1 SENT from 14 to 7 at 1316051251.512298 standard 1
AFTER_AFTER_LOCK * for 1 SENT from 14 to 7 at 1316051251.512399 standard 1
AFTER_LOCK2 * for 1 SENT from 14 to 7 at 1316051251.512400 standard 1
VSS_READY 42 for 1 SENT from 14 to 7 at 1316051251.512400 standard 1
PRE_VSS_READY * for 1 SENT from 14 to 8 at 1316051251.516338 standard 1
BEFORE_LOCK * for 1 SENT from 14 to 8 at 1316051251.516353 standard 1
AFTER_LOCK * for 1 SENT from 14 to 8 at 1316051251.516354 standard 1
AFTER_AFTER_LOCK * for 1 SENT from 14 to 8 at 1316051251.516354 standard 1
AFTER_LOCK2 * for 1 SENT from 14 to 8 at 1316051251.516355 standard 1
VSS_READY 43 for 1 SENT from 14 to 8 at 1316051251.516356 standard 1
PRE_VSS_READY * for 1 SENT from 14 to 9 at 1316051251.520296 standard 1
BEFORE_LOCK * for 1 SENT from 14 to 9 at 1316051251.520313 standard 1
AFTER_LOCK * for 1 SENT from 14 to 9 at 1316051251.520314 standard 1
AFTER_AFTER_LOCK * for 1 SENT from 14 to 9 at 1316051251.520416 standard 1
AFTER_LOCK2 * for 1 SENT from 14 to 9 at 1316051251.520417 standard 1
VSS_READY 44 for 1 SENT from 14 to 9 at 1316051251.520417 standard 1
PRE_VSS_READY * for 1 SENT from 14 to 10 at 1316051251.524235 standard 1
BEFORE_LOCK * for 1 SENT from 14 to 10 at 1316051251.524250 standard 1
AFTER_LOCK * for 1 SENT from 14 to 10 at 1316051251.524251 standard 1
AFTER_AFTER_LOCK * for 1 SENT from 14 to 10 at 1316051251.524401 standard 1
AFTER_LOCK2 * for 1 SENT from 14 to 10 at 1316051251.524402 standard 1
VSS_READY 45 for 1 SENT from 14 to 10 at 1316051251.524402 standard 1
PRE_VSS_READY * for 1 SENT from 14 to 11 at 1316051251.528906 standard 1
BEFORE_LOCK * for 1 SENT from 14 to 11 at 1316051251.528920 standard 1
AFTER_LOCK * for 1 SENT from 14 to 11 at 1316051251.528921 standard 1
AFTER_AFTER_LOCK * for 1 SENT from 14 to 11 at 1316051251.529022 standard 1
AFTER_LOCK2 * for 1 SENT from 14 to 11 at 1316051251.529023 standard 1
VSS_READY 46 for 1 SENT from 14 to 11 at 1316051251.529023 standard 1
PRE_VSS_READY * for 1 SENT from 14 to 12 at 1316051251.533260 standard 1
BEFORE_LOCK * for 1 SENT from 14 to 12 at 1316051251.533280 standard 1
AFTER_LOCK * for 1 SENT from 14 to 12 at 1316051251.533282 standard 1
AFTER_AFTER_LOCK * for 1 SENT from 14 to 12 at 1316051251.533382 standard 1
AFTER_LOCK2 * for 1 SENT from 14 to 12 at 1316051251.533383 standard 1
VSS_READY 47 for 1 SENT from 14 to 12 at 1316051251.533383 standard 1
PRE_VSS_READY * for 1 SENT from 14 to 13 at 1316051251.537480 standard 1
BEFORE_LOCK * for 1 SENT from 14 to 13 at 1316051251.537497 standard 1
AFTER_LOCK * for 1 SENT from 14 to 13 at 1316051251.537498 standard 1
AFTER_AFTER_LOCK * for 1 SENT from 14 to 13 at 1316051251.537599 standard 1
AFTER_LOCK2 * for 1 SENT from 14 to 13 at 1316051251.537599 standard 1
VSS_READY 48 for 1 SENT from 14 to 13 at 1316051251.537600 standard 1
PRE_VSS_READY * for 1 SENT from 14 to 14 at 1316051251.541613 standard 1
BEFORE_LOCK * for 1 SENT from 14 to 14 at 1316051251.541628 standard 1
AFTER_LOCK * for 1 SENT from 14 to 14 at 1316051251.541629 standard 1
AFTER_AFTER_LOCK * for 1 SENT from 14 to 14 at 1316051251.541730 standard 1
AFTER_LOCK2 * for 1 SENT from 14 to 14 at 1316051251.541730 standard 1
VSS_READY 49 for 1 SENT from 14 to 14 at 1316051251.541731 standard 1
PRE_VSS_READY * for 1 SENT from 14 to 15 at 1316051251.545652 standard 1
BEFORE_LOCK * for 1 SENT from 14 to 15 at 1316051251.545668 standard 1
AFTER_LOCK * for 1 SENT from 14 to 15 at 1316051251.545670 standard 1
AFTER_AFTER_LOCK * for 1 SENT from 14 to 15 at 1316051251.545771 standard 1
AFTER_LOCK2 * for 1 SENT from 14 to 15 at 1316051251.545771 standard 1
VSS_READY 50 for 1 SENT from 14 to 15 at 1316051251.545772 standard 1
PRE_VSS_READY * for 1 SENT from 14 to 16 at 1316051251.549873 standard 1
BEFORE_LOCK * for 1 SENT from 14 to 16 at 1316051251.549890 standard 1
AFTER_LOCK * for 1 SENT from 14 to 16 at 1316051251.549891 standard 1
AFTER_AFTER_LOCK * for 1 SENT from 14 to 16 at 1316051251.549993 standard 1
AFTER_LOCK2 * for 1 SENT from 14 to 16 at 1316051251.549994 standard 1
VSS_READY 51 for 1 SENT from 14 to 16 at 1316051251.549994 standard 1
PRE_VSS_READY * for 1 SENT from 14 to 17 at 1316051251.554246 standard 1
BEFORE_LOCK * for 1 SENT from 14 to 17 at 1316051251.554262 standard 1
AFTER_LOCK * for 1 SENT from 14 to 17 at 1316051251.554263 standard 1
AFTER_AFTER_LOCK * for 1 SENT from 14 to 17 at 1316051251.554372 standard 1
AFTER_LOCK2 * for 1 SENT from 14 to 17 at 1316051251.554372 standard 1
VSS_READY 52 for 1 SENT from 14 to 17 at 1316051251.554373 standard 1
PRE_VSS_READY * for 1 SENT from 14 to 18 at 1316051251.558603 standard 1
BEFORE_LOCK * for 1 SENT from 14 to 18 at 1316051251.558620 standard 1
AFTER_LOCK * for 1 SENT from 14 to 18 at 1316051251.558621 standard 1
AFTER_AFTER_LOCK * for 1 SENT from 14 to 18 at 1316051251.558722 standard 1
AFTER_LOCK2 * for 1 SENT from 14 to 18 at 1316051251.558723 standard 1
VSS_READY 53 for 1 SENT from 14 to 18 at 1316051251.558723 standard 1
PRE_VSS_READY * for 1 SENT from 14 to 19 at 1316051251.562915 standard 1
BEFORE_LOCK * for 1 SENT from 14 to 19 at 1316051251.562930 standard 1
AFTER_LOCK * for 1 SENT from 14 to 19 at 1316051251.562931 standard 1
AFTER_AFTER_LOCK * for 1 SENT from 14 to 19 at 1316051251.563033 standard 1
AFTER_LOCK2 * for 1 SENT from 14 to 19 at 1316051251.563033 standard 1
VSS_READY 54 for 1 SENT from 14 to 19 at 1316051251.563034 standard 1
PRE_VSS_READY * for 1 SENT from 14 to 20 at 1316051251.567306 standard 1
BEFORE_LOCK * for 1 SENT from 14 to 20 at 1316051251.567322 standard 1
AFTER_LOCK * for 1 SENT from 14 to 20 at 1316051251.567323 standard 1
AFTER_AFTER_LOCK * for 1 SENT from 14 to 20 at 1316051251.567425 standard 1
AFTER_LOCK2 * for 1 SENT from 14 to 20 at 1316051251.567425 standard 1
VSS_READY 55 for 1 SENT from 14 to 20 at 1316051251.567426 standard 1
VSS_READY 215 for 1 RECEIVED from 1 to 14 at 1316051251.567488
VSS_READY 49 for 1 RECEIVED from 17 to 14 at 1316051251.601427
VSS_READY 66 for 1 RECEIVED from 10 to 14 at 1316051251.636363
VSS_READY 49 for 1 RECEIVED from 14 to 14 at 1316051251.670667
VSS_READY 66 for 1 RECEIVED from 9 to 14 at 1316051251.705094
VSS_READY 49 for 1 RECEIVED from 15 to 14 at 1316051251.739649
VSS_READY 63 for 1 RECEIVED from 16 to 14 at 1316051251.774610
VSS_READY 65 for 1 RECEIVED from 12 to 14 at 1316051251.809092
VSS_ECHO 129 for 4 RECEIVED from 10 to 14 at 1316051251.843707
VSS_READY 64 for 1 RECEIVED from 7 to 14 at 1316051251.863871
VSS_READY 42 for 1 RECEIVED from 11 to 14 at 1316051251.898913
VSS_READY 62 for 1 RECEIVED from 19 to 14 at 1316051251.934912
VSS_ECHO 125 for 4 RECEIVED from 17 to 14 at 1316051251.970636
VSS_SEND 16 for * RECEIVED from 4 to 14 at 1316051251.991895
VSSECHO_STAGE3 * for * SENT from * to * at 1316051252.029806
VSSECHO_STAGE4 * for * SENT from * to * at 1316051252.029940
BEFORE_LOCK * for 4 SENT from 14 to 1 at 1316051252.029950 standard 1
AFTER_LOCK * for 4 SENT from 14 to 1 at 1316051252.029952 standard 1
AFTER_AFTER_LOCK * for 4 SENT from 14 to 1 at 1316051252.030057 standard 1
AFTER_LOCK2 * for 4 SENT from 14 to 1 at 1316051252.030058 standard 1
VSS_ECHO 125 for 4 SENT from 14 to 1 at 1316051252.030125 standard 1
VSSECHO_STAGE3 * for * SENT from * to * at 1316051252.030147
VSSECHO_STAGE4 * for * SENT from * to * at 1316051252.030264
BEFORE_LOCK * for 4 SENT from 14 to 2 at 1316051252.030283 standard 1
AFTER_LOCK * for 4 SENT from 14 to 2 at 1316051252.030284 standard 1
AFTER_AFTER_LOCK * for 4 SENT from 14 to 2 at 1316051252.030301 standard 1
AFTER_LOCK2 * for 4 SENT from 14 to 2 at 1316051252.030301 standard 1
VSS_ECHO 126 for 4 SENT from 14 to 2 at 1316051252.030330 standard 1
VSSECHO_STAGE3 * for * SENT from * to * at 1316051252.030350
VSSECHO_STAGE4 * for * SENT from * to * at 1316051252.030475
BEFORE_LOCK * for 4 SENT from 14 to 3 at 1316051252.030484 standard 1
AFTER_LOCK * for 4 SENT from 14 to 3 at 1316051252.030485 standard 1
AFTER_AFTER_LOCK * for 4 SENT from 14 to 3 at 1316051252.030499 standard 1
AFTER_LOCK2 * for 4 SENT from 14 to 3 at 1316051252.030500 standard 1
VSS_ECHO 127 for 4 SENT from 14 to 3 at 1316051252.030528 standard 1
VSSECHO_STAGE3 * for * SENT from * to * at 1316051252.030548
VSSECHO_STAGE4 * for * SENT from * to * at 1316051252.030661
BEFORE_LOCK * for 4 SENT from 14 to 4 at 1316051252.030670 standard 1
AFTER_LOCK * for 4 SENT from 14 to 4 at 1316051252.030671 standard 1
AFTER_AFTER_LOCK * for 4 SENT from 14 to 4 at 1316051252.030682 standard 1
AFTER_LOCK2 * for 4 SENT from 14 to 4 at 1316051252.030683 standard 1
VSS_ECHO 128 for 4 SENT from 14 to 4 at 1316051252.030710 standard 1
VSSECHO_STAGE3 * for * SENT from * to * at 1316051252.030729
VSSECHO_STAGE4 * for * SENT from * to * at 1316051252.030843
BEFORE_LOCK * for 4 SENT from 14 to 5 at 1316051252.030851 standard 1
AFTER_LOCK * for 4 SENT from 14 to 5 at 1316051252.030852 standard 1
AFTER_AFTER_LOCK * for 4 SENT from 14 to 5 at 1316051252.030954 standard 1
AFTER_LOCK2 * for 4 SENT from 14 to 5 at 1316051252.030955 standard 1
VSS_ECHO 129 for 4 SENT from 14 to 5 at 1316051252.030985 standard 1
VSSECHO_STAGE3 * for * SENT from * to * at 1316051252.031006
VSSECHO_STAGE4 * for * SENT from * to * at 1316051252.031127
BEFORE_LOCK * for 4 SENT from 14 to 6 at 1316051252.031136 standard 1
AFTER_LOCK * for 4 SENT from 14 to 6 at 1316051252.031137 standard 1
AFTER_AFTER_LOCK * for 4 SENT from 14 to 6 at 1316051252.031151 standard 1
AFTER_LOCK2 * for 4 SENT from 14 to 6 at 1316051252.031151 standard 1
VSS_ECHO 130 for 4 SENT from 14 to 6 at 1316051252.031178 standard 1
VSSECHO_STAGE3 * for * SENT from * to * at 1316051252.031197
VSSECHO_STAGE4 * for * SENT from * to * at 1316051252.031322
BEFORE_LOCK * for 4 SENT from 14 to 7 at 1316051252.031335 standard 1
AFTER_LOCK * for 4 SENT from 14 to 7 at 1316051252.031336 standard 1
AFTER_AFTER_LOCK * for 4 SENT from 14 to 7 at 1316051252.031348 standard 1
AFTER_LOCK2 * for 4 SENT from 14 to 7 at 1316051252.031349 standard 1
VSS_ECHO 131 for 4 SENT from 14 to 7 at 1316051252.031376 standard 1
VSSECHO_STAGE3 * for * SENT from * to * at 1316051252.031396
VSSECHO_STAGE4 * for * SENT from * to * at 1316051252.031511
BEFORE_LOCK * for 4 SENT from 14 to 8 at 1316051252.031519 standard 1
AFTER_LOCK * for 4 SENT from 14 to 8 at 1316051252.031520 standard 1
AFTER_AFTER_LOCK * for 4 SENT from 14 to 8 at 1316051252.031524 standard 1
AFTER_LOCK2 * for 4 SENT from 14 to 8 at 1316051252.031524 standard 1
VSS_ECHO 132 for 4 SENT from 14 to 8 at 1316051252.031550 standard 1
VSSECHO_STAGE3 * for * SENT from * to * at 1316051252.031567
VSSECHO_STAGE4 * for * SENT from * to * at 1316051252.031679
BEFORE_LOCK * for 4 SENT from 14 to 9 at 1316051252.031687 standard 1
AFTER_LOCK * for 4 SENT from 14 to 9 at 1316051252.031688 standard 1
AFTER_AFTER_LOCK * for 4 SENT from 14 to 9 at 1316051252.031788 standard 1
AFTER_LOCK2 * for 4 SENT from 14 to 9 at 1316051252.031788 standard 1
VSS_ECHO 133 for 4 SENT from 14 to 9 at 1316051252.031818 standard 1
VSSECHO_STAGE3 * for * SENT from * to * at 1316051252.031839
VSSECHO_STAGE4 * for * SENT from * to * at 1316051252.031953
BEFORE_LOCK * for 4 SENT from 14 to 10 at 1316051252.031981 standard 1
AFTER_LOCK * for 4 SENT from 14 to 10 at 1316051252.031982 standard 1
AFTER_AFTER_LOCK * for 4 SENT from 14 to 10 at 1316051252.031996 standard 1
AFTER_LOCK2 * for 4 SENT from 14 to 10 at 1316051252.031997 standard 1
VSS_ECHO 134 for 4 SENT from 14 to 10 at 1316051252.032026 standard 1
VSSECHO_STAGE3 * for * SENT from * to * at 1316051252.032045
VSSECHO_STAGE4 * for * SENT from * to * at 1316051252.032167
BEFORE_LOCK * for 4 SENT from 14 to 11 at 1316051252.032176 standard 1
AFTER_LOCK * for 4 SENT from 14 to 11 at 1316051252.032177 standard 1
AFTER_AFTER_LOCK * for 4 SENT from 14 to 11 at 1316051252.032190 standard 1
AFTER_LOCK2 * for 4 SENT from 14 to 11 at 1316051252.032190 standard 1
VSS_ECHO 135 for 4 SENT from 14 to 11 at 1316051252.032218 standard 1
VSSECHO_STAGE3 * for * SENT from * to * at 1316051252.032237
VSSECHO_STAGE4 * for * SENT from * to * at 1316051252.032363
BEFORE_LOCK * for 4 SENT from 14 to 12 at 1316051252.032373 standard 1
AFTER_LOCK * for 4 SENT from 14 to 12 at 1316051252.032374 standard 1
AFTER_AFTER_LOCK * for 4 SENT from 14 to 12 at 1316051252.032386 standard 1
AFTER_LOCK2 * for 4 SENT from 14 to 12 at 1316051252.032386 standard 1
VSS_ECHO 136 for 4 SENT from 14 to 12 at 1316051252.032413 standard 1
VSSECHO_STAGE3 * for * SENT from * to * at 1316051252.032432
VSSECHO_STAGE4 * for * SENT from * to * at 1316051252.032550
BEFORE_LOCK * for 4 SENT from 14 to 13 at 1316051252.032558 standard 1
AFTER_LOCK * for 4 SENT from 14 to 13 at 1316051252.032562 standard 1
AFTER_AFTER_LOCK * for 4 SENT from 14 to 13 at 1316051252.032661 standard 1
AFTER_LOCK2 * for 4 SENT from 14 to 13 at 1316051252.032662 standard 1
VSS_ECHO 137 for 4 SENT from 14 to 13 at 1316051252.032692 standard 1
VSSECHO_STAGE3 * for * SENT from * to * at 1316051252.032714
VSSECHO_STAGE4 * for * SENT from * to * at 1316051252.032831
BEFORE_LOCK * for 4 SENT from 14 to 14 at 1316051252.032844 standard 1
AFTER_LOCK * for 4 SENT from 14 to 14 at 1316051252.032845 standard 1
AFTER_AFTER_LOCK * for 4 SENT from 14 to 14 at 1316051252.032858 standard 1
AFTER_LOCK2 * for 4 SENT from 14 to 14 at 1316051252.032858 standard 1
VSS_ECHO 138 for 4 SENT from 14 to 14 at 1316051252.032885 standard 1
VSSECHO_STAGE3 * for * SENT from * to * at 1316051252.032904
VSSECHO_STAGE4 * for * SENT from * to * at 1316051252.033019
BEFORE_LOCK * for 4 SENT from 14 to 15 at 1316051252.033027 standard 1
AFTER_LOCK * for 4 SENT from 14 to 15 at 1316051252.033028 standard 1
AFTER_AFTER_LOCK * for 4 SENT from 14 to 15 at 1316051252.033040 standard 1
AFTER_LOCK2 * for 4 SENT from 14 to 15 at 1316051252.033041 standard 1
VSS_ECHO 139 for 4 SENT from 14 to 15 at 1316051252.033067 standard 1
VSSECHO_STAGE3 * for * SENT from * to * at 1316051252.033086
VSSECHO_STAGE4 * for * SENT from * to * at 1316051252.033202
BEFORE_LOCK * for 4 SENT from 14 to 16 at 1316051252.033210 standard 1
AFTER_LOCK * for 4 SENT from 14 to 16 at 1316051252.033211 standard 1
AFTER_AFTER_LOCK * for 4 SENT from 14 to 16 at 1316051252.033223 standard 1
AFTER_LOCK2 * for 4 SENT from 14 to 16 at 1316051252.033224 standard 1
VSS_ECHO 140 for 4 SENT from 14 to 16 at 1316051252.033254 standard 1
VSSECHO_STAGE3 * for * SENT from * to * at 1316051252.033338
VSSECHO_STAGE4 * for * SENT from * to * at 1316051252.033460
BEFORE_LOCK * for 4 SENT from 14 to 17 at 1316051252.033469 standard 1
AFTER_LOCK * for 4 SENT from 14 to 17 at 1316051252.033470 standard 1
AFTER_AFTER_LOCK * for 4 SENT from 14 to 17 at 1316051252.033570 standard 1
AFTER_LOCK2 * for 4 SENT from 14 to 17 at 1316051252.033571 standard 1
VSS_ECHO 141 for 4 SENT from 14 to 17 at 1316051252.033601 standard 1
VSSECHO_STAGE3 * for * SENT from * to * at 1316051252.033622
VSSECHO_STAGE4 * for * SENT from * to * at 1316051252.033739
BEFORE_LOCK * for 4 SENT from 14 to 18 at 1316051252.033751 standard 1
AFTER_LOCK * for 4 SENT from 14 to 18 at 1316051252.033752 standard 1
AFTER_AFTER_LOCK * for 4 SENT from 14 to 18 at 1316051252.033765 standard 1
AFTER_LOCK2 * for 4 SENT from 14 to 18 at 1316051252.033766 standard 1
VSS_ECHO 142 for 4 SENT from 14 to 18 at 1316051252.033805 standard 1
VSSECHO_STAGE3 * for * SENT from * to * at 1316051252.033826
VSSECHO_STAGE4 * for * SENT from * to * at 1316051252.033945
BEFORE_LOCK * for 4 SENT from 14 to 19 at 1316051252.033954 standard 1
AFTER_LOCK * for 4 SENT from 14 to 19 at 1316051252.033955 standard 1
AFTER_AFTER_LOCK * for 4 SENT from 14 to 19 at 1316051252.033967 standard 1
AFTER_LOCK2 * for 4 SENT from 14 to 19 at 1316051252.033968 standard 1
VSS_ECHO 143 for 4 SENT from 14 to 19 at 1316051252.033994 standard 1
VSSECHO_STAGE3 * for * SENT from * to * at 1316051252.034014
VSSECHO_STAGE4 * for * SENT from * to * at 1316051252.034139
BEFORE_LOCK * for 4 SENT from 14 to 20 at 1316051252.034148 standard 1
AFTER_LOCK * for 4 SENT from 14 to 20 at 1316051252.034149 standard 1
AFTER_AFTER_LOCK * for 4 SENT from 14 to 20 at 1316051252.034160 standard 1
AFTER_LOCK2 * for 4 SENT from 14 to 20 at 1316051252.034161 standard 1
VSS_ECHO 144 for 4 SENT from 14 to 20 at 1316051252.034188 standard 1
VSS_ECHO 305 for 4 RECEIVED from 1 to 14 at 1316051252.034215
VSS_ECHO 138 for 4 RECEIVED from 14 to 14 at 1316051252.054294
VSS_ECHO 43 for 1 RECEIVED from 4 to 14 at 1316051252.074475
VSS_READY 81 for 1 RECEIVED from 4 to 14 at 1316051252.094870



*============================================
*2ENOUGH VSS_READY message for 14 at 1316051252.094870
*Threshold : Ready = 12
*Received Ready Message Num = 12
*VSS Share is complete for dealer 1
============================================

BEFORE_LOCK * for 1 SENT from 14 to 1 at 1316051252.130785 standard 1
AFTER_LOCK * for 1 SENT from 14 to 1 at 1316051252.130786 standard 1
AFTER_AFTER_LOCK * for 1 SENT from 14 to 1 at 1316051252.130891 standard 1
AFTER_LOCK2 * for 1 SENT from 14 to 1 at 1316051252.130891 standard 1
VSS_SHARED 159 for 1 SENT from 14 to 1 at 1316051252.130924 standard 1
VSS_ECHO 131 for 4 RECEIVED from 12 to 14 at 1316051252.130968
VSS_ECHO 139 for 4 RECEIVED from 9 to 14 at 1316051252.151312
VSS_ECHO 111 for 4 RECEIVED from 11 to 14 at 1316051252.279566
VSS_ECHO 141 for 4 RECEIVED from 16 to 14 at 1316051252.302676
VSS_READY 60 for 1 RECEIVED from 18 to 14 at 1316051252.354843
VSS_ECHO 141 for 4 RECEIVED from 15 to 14 at 1316051252.457588
VSS_ECHO 158 for 4 RECEIVED from 7 to 14 at 1316051252.503656
VSS_ECHO 130 for 4 RECEIVED from 19 to 14 at 1316051253.074720
VSS_ECHO 125 for 4 RECEIVED from 18 to 14 at 1316051253.809743



============================================
*ENOUGH VSS_ECHO message for 4 at 1316051253.809743
*Threshold : echo = 12
*Received Echo Message Num = 12
*Ready messages are sending out...
============================================

PRE_VSS_READY * for 4 SENT from 14 to 1 at 1316051253.839112 standard 1
BEFORE_LOCK * for 4 SENT from 14 to 1 at 1316051253.839128 standard 1
AFTER_LOCK * for 4 SENT from 14 to 1 at 1316051253.839130 standard 1
AFTER_AFTER_LOCK * for 4 SENT from 14 to 1 at 1316051253.839236 standard 1
AFTER_LOCK2 * for 4 SENT from 14 to 1 at 1316051253.839236 standard 1
VSS_READY 175 for 4 SENT from 14 to 1 at 1316051253.839237 standard 1
PRE_VSS_READY * for 4 SENT from 14 to 2 at 1316051253.843321 standard 1
BEFORE_LOCK * for 4 SENT from 14 to 2 at 1316051253.843336 standard 1
AFTER_LOCK * for 4 SENT from 14 to 2 at 1316051253.843337 standard 1
AFTER_AFTER_LOCK * for 4 SENT from 14 to 2 at 1316051253.843439 standard 1
AFTER_LOCK2 * for 4 SENT from 14 to 2 at 1316051253.843440 standard 1
VSS_READY 176 for 4 SENT from 14 to 2 at 1316051253.843440 standard 1
PRE_VSS_READY * for 4 SENT from 14 to 3 at 1316051253.847548 standard 1
BEFORE_LOCK * for 4 SENT from 14 to 3 at 1316051253.847562 standard 1
AFTER_LOCK * for 4 SENT from 14 to 3 at 1316051253.847564 standard 1
AFTER_AFTER_LOCK * for 4 SENT from 14 to 3 at 1316051253.847664 standard 1
AFTER_LOCK2 * for 4 SENT from 14 to 3 at 1316051253.847665 standard 1
VSS_READY 177 for 4 SENT from 14 to 3 at 1316051253.847665 standard 1
PRE_VSS_READY * for 4 SENT from 14 to 4 at 1316051253.851583 standard 1
BEFORE_LOCK * for 4 SENT from 14 to 4 at 1316051253.851598 standard 1
AFTER_LOCK * for 4 SENT from 14 to 4 at 1316051253.851599 standard 1
AFTER_AFTER_LOCK * for 4 SENT from 14 to 4 at 1316051253.851701 standard 1
AFTER_LOCK2 * for 4 SENT from 14 to 4 at 1316051253.851701 standard 1
VSS_READY 178 for 4 SENT from 14 to 4 at 1316051253.851702 standard 1
PRE_VSS_READY * for 4 SENT from 14 to 5 at 1316051253.855989 standard 1
BEFORE_LOCK * for 4 SENT from 14 to 5 at 1316051253.856004 standard 1
AFTER_LOCK * for 4 SENT from 14 to 5 at 1316051253.856005 standard 1
AFTER_AFTER_LOCK * for 4 SENT from 14 to 5 at 1316051253.856106 standard 1
AFTER_LOCK2 * for 4 SENT from 14 to 5 at 1316051253.856106 standard 1
VSS_READY 179 for 4 SENT from 14 to 5 at 1316051253.856107 standard 1
PRE_VSS_READY * for 4 SENT from 14 to 6 at 1316051253.860183 standard 1
BEFORE_LOCK * for 4 SENT from 14 to 6 at 1316051253.860200 standard 1
AFTER_LOCK * for 4 SENT from 14 to 6 at 1316051253.860201 standard 1
AFTER_AFTER_LOCK * for 4 SENT from 14 to 6 at 1316051253.860317 standard 1
AFTER_LOCK2 * for 4 SENT from 14 to 6 at 1316051253.860318 standard 1
VSS_READY 180 for 4 SENT from 14 to 6 at 1316051253.860318 standard 1
PRE_VSS_READY * for 4 SENT from 14 to 7 at 1316051253.864400 standard 1
BEFORE_LOCK * for 4 SENT from 14 to 7 at 1316051253.864417 standard 1
AFTER_LOCK * for 4 SENT from 14 to 7 at 1316051253.864418 standard 1
AFTER_AFTER_LOCK * for 4 SENT from 14 to 7 at 1316051253.864520 standard 1
AFTER_LOCK2 * for 4 SENT from 14 to 7 at 1316051253.864520 standard 1
VSS_READY 181 for 4 SENT from 14 to 7 at 1316051253.864521 standard 1
PRE_VSS_READY * for 4 SENT from 14 to 8 at 1316051253.868446 standard 1
BEFORE_LOCK * for 4 SENT from 14 to 8 at 1316051253.868463 standard 1
AFTER_LOCK * for 4 SENT from 14 to 8 at 1316051253.868464 standard 1
AFTER_AFTER_LOCK * for 4 SENT from 14 to 8 at 1316051253.868464 standard 1
AFTER_LOCK2 * for 4 SENT from 14 to 8 at 1316051253.868465 standard 1
VSS_READY 182 for 4 SENT from 14 to 8 at 1316051253.868466 standard 1
PRE_VSS_READY * for 4 SENT from 14 to 9 at 1316051253.872324 standard 1
BEFORE_LOCK * for 4 SENT from 14 to 9 at 1316051253.872338 standard 1
AFTER_LOCK * for 4 SENT from 14 to 9 at 1316051253.872340 standard 1
AFTER_AFTER_LOCK * for 4 SENT from 14 to 9 at 1316051253.872442 standard 1
AFTER_LOCK2 * for 4 SENT from 14 to 9 at 1316051253.872442 standard 1
VSS_READY 183 for 4 SENT from 14 to 9 at 1316051253.872443 standard 1
PRE_VSS_READY * for 4 SENT from 14 to 10 at 1316051253.876579 standard 1
BEFORE_LOCK * for 4 SENT from 14 to 10 at 1316051253.876594 standard 1
AFTER_LOCK * for 4 SENT from 14 to 10 at 1316051253.876595 standard 1
AFTER_AFTER_LOCK * for 4 SENT from 14 to 10 at 1316051253.876697 standard 1
AFTER_LOCK2 * for 4 SENT from 14 to 10 at 1316051253.876697 standard 1
VSS_READY 184 for 4 SENT from 14 to 10 at 1316051253.876698 standard 1
PRE_VSS_READY * for 4 SENT from 14 to 11 at 1316051253.880973 standard 1
BEFORE_LOCK * for 4 SENT from 14 to 11 at 1316051253.880989 standard 1
AFTER_LOCK * for 4 SENT from 14 to 11 at 1316051253.880990 standard 1
AFTER_AFTER_LOCK * for 4 SENT from 14 to 11 at 1316051253.881098 standard 1
AFTER_LOCK2 * for 4 SENT from 14 to 11 at 1316051253.881099 standard 1
VSS_READY 185 for 4 SENT from 14 to 11 at 1316051253.881100 standard 1
PRE_VSS_READY * for 4 SENT from 14 to 12 at 1316051253.884966 standard 1
BEFORE_LOCK * for 4 SENT from 14 to 12 at 1316051253.884983 standard 1
AFTER_LOCK * for 4 SENT from 14 to 12 at 1316051253.884984 standard 1
AFTER_AFTER_LOCK * for 4 SENT from 14 to 12 at 1316051253.885086 standard 1
AFTER_LOCK2 * for 4 SENT from 14 to 12 at 1316051253.885087 standard 1
VSS_READY 186 for 4 SENT from 14 to 12 at 1316051253.885087 standard 1
PRE_VSS_READY * for 4 SENT from 14 to 13 at 1316051253.889125 standard 1
BEFORE_LOCK * for 4 SENT from 14 to 13 at 1316051253.889139 standard 1
AFTER_LOCK * for 4 SENT from 14 to 13 at 1316051253.889141 standard 1
AFTER_AFTER_LOCK * for 4 SENT from 14 to 13 at 1316051253.889242 standard 1
AFTER_LOCK2 * for 4 SENT from 14 to 13 at 1316051253.889242 standard 1
VSS_READY 187 for 4 SENT from 14 to 13 at 1316051253.889243 standard 1
PRE_VSS_READY * for 4 SENT from 14 to 14 at 1316051253.893312 standard 1
BEFORE_LOCK * for 4 SENT from 14 to 14 at 1316051253.893329 standard 1
AFTER_LOCK * for 4 SENT from 14 to 14 at 1316051253.893330 standard 1
AFTER_AFTER_LOCK * for 4 SENT from 14 to 14 at 1316051253.893432 standard 1
AFTER_LOCK2 * for 4 SENT from 14 to 14 at 1316051253.893433 standard 1
VSS_READY 188 for 4 SENT from 14 to 14 at 1316051253.893434 standard 1
PRE_VSS_READY * for 4 SENT from 14 to 15 at 1316051253.897526 standard 1
BEFORE_LOCK * for 4 SENT from 14 to 15 at 1316051253.897541 standard 1
AFTER_LOCK * for 4 SENT from 14 to 15 at 1316051253.897542 standard 1
AFTER_AFTER_LOCK * for 4 SENT from 14 to 15 at 1316051253.897643 standard 1
AFTER_LOCK2 * for 4 SENT from 14 to 15 at 1316051253.897644 standard 1
VSS_READY 189 for 4 SENT from 14 to 15 at 1316051253.897644 standard 1
PRE_VSS_READY * for 4 SENT from 14 to 16 at 1316051253.901886 standard 1
BEFORE_LOCK * for 4 SENT from 14 to 16 at 1316051253.901902 standard 1
AFTER_LOCK * for 4 SENT from 14 to 16 at 1316051253.901904 standard 1
AFTER_AFTER_LOCK * for 4 SENT from 14 to 16 at 1316051253.902005 standard 1
AFTER_LOCK2 * for 4 SENT from 14 to 16 at 1316051253.902006 standard 1
VSS_READY 190 for 4 SENT from 14 to 16 at 1316051253.902007 standard 1
PRE_VSS_READY * for 4 SENT from 14 to 17 at 1316051253.906028 standard 1
BEFORE_LOCK * for 4 SENT from 14 to 17 at 1316051253.906042 standard 1
AFTER_LOCK * for 4 SENT from 14 to 17 at 1316051253.906044 standard 1
AFTER_AFTER_LOCK * for 4 SENT from 14 to 17 at 1316051253.906145 standard 1
AFTER_LOCK2 * for 4 SENT from 14 to 17 at 1316051253.906146 standard 1
VSS_READY 191 for 4 SENT from 14 to 17 at 1316051253.906146 standard 1
PRE_VSS_READY * for 4 SENT from 14 to 18 at 1316051253.910137 standard 1
BEFORE_LOCK * for 4 SENT from 14 to 18 at 1316051253.910153 standard 1
AFTER_LOCK * for 4 SENT from 14 to 18 at 1316051253.910154 standard 1
AFTER_AFTER_LOCK * for 4 SENT from 14 to 18 at 1316051253.910255 standard 1
AFTER_LOCK2 * for 4 SENT from 14 to 18 at 1316051253.910256 standard 1
VSS_READY 192 for 4 SENT from 14 to 18 at 1316051253.910256 standard 1
PRE_VSS_READY * for 4 SENT from 14 to 19 at 1316051253.914242 standard 1
BEFORE_LOCK * for 4 SENT from 14 to 19 at 1316051253.914256 standard 1
AFTER_LOCK * for 4 SENT from 14 to 19 at 1316051253.914257 standard 1
AFTER_AFTER_LOCK * for 4 SENT from 14 to 19 at 1316051253.914366 standard 1
AFTER_LOCK2 * for 4 SENT from 14 to 19 at 1316051253.914367 standard 1
VSS_READY 193 for 4 SENT from 14 to 19 at 1316051253.914367 standard 1
PRE_VSS_READY * for 4 SENT from 14 to 20 at 1316051253.918949 standard 1
BEFORE_LOCK * for 4 SENT from 14 to 20 at 1316051253.918966 standard 1
AFTER_LOCK * for 4 SENT from 14 to 20 at 1316051253.918968 standard 1
AFTER_AFTER_LOCK * for 4 SENT from 14 to 20 at 1316051253.919070 standard 1
AFTER_LOCK2 * for 4 SENT from 14 to 20 at 1316051253.919070 standard 1
VSS_READY 194 for 4 SENT from 14 to 20 at 1316051253.919071 standard 1
VSS_READY 366 for 4 RECEIVED from 1 to 14 at 1316051253.919138
VSS_READY 187 for 4 RECEIVED from 9 to 14 at 1316051253.953653
VSS_READY 188 for 4 RECEIVED from 17 to 14 at 1316051253.989085
VSS_READY 187 for 4 RECEIVED from 10 to 14 at 1316051254.023969
VSS_READY 126 for 4 RECEIVED from 4 to 14 at 1316051254.058113
VSS_READY 188 for 4 RECEIVED from 7 to 14 at 1316051254.092373
VSS_READY 159 for 4 RECEIVED from 11 to 14 at 1316051254.126326
VSS_READY 188 for 4 RECEIVED from 14 to 14 at 1316051254.162561
VSS_READY 188 for 4 RECEIVED from 16 to 14 at 1316051254.196644
VSS_READY 195 for 4 RECEIVED from 19 to 14 at 1316051254.231129
VSS_READY 209 for 4 RECEIVED from 12 to 14 at 1316051254.265531
VSS_READY 217 for 4 RECEIVED from 15 to 14 at 1316051254.299448



*============================================
*2ENOUGH VSS_READY message for 14 at 1316051254.299448
*Threshold : Ready = 12
*Received Ready Message Num = 12
*VSS Share is complete for dealer 4
============================================

BEFORE_LOCK * for 4 SENT from 14 to 1 at 1316051254.335175 standard 1
AFTER_LOCK * for 4 SENT from 14 to 1 at 1316051254.335176 standard 1
AFTER_AFTER_LOCK * for 4 SENT from 14 to 1 at 1316051254.335285 standard 1
AFTER_LOCK2 * for 4 SENT from 14 to 1 at 1316051254.335285 standard 1
VSS_SHARED 306 for 4 SENT from 14 to 1 at 1316051254.335317 standard 1
VSS_READY 158 for 4 RECEIVED from 18 to 14 at 1316051254.424776
VSS_ECHO 506 for 5 RECEIVED from 1 to 14 at 1316051254.822846
VSS_ECHO 44 for 1 RECEIVED from 5 to 14 at 1316051254.878733
VSS_ECHO 285 for 4 RECEIVED from 4 to 14 at 1316051255.036987
VSS_READY 100 for 1 RECEIVED from 5 to 14 at 1316051255.171681
VSS_ECHO 307 for 5 RECEIVED from 19 to 14 at 1316051255.234563
VSS_ECHO 340 for 5 RECEIVED from 4 to 14 at 1316051255.508531
VSS_ECHO 333 for 5 RECEIVED from 7 to 14 at 1316051255.517914
VSS_ECHO 304 for 5 RECEIVED from 11 to 14 at 1316051255.527297
VSS_ECHO 332 for 5 RECEIVED from 16 to 14 at 1316051255.536462
VSS_SEND 16 for * RECEIVED from 5 to 14 at 1316051255.545739
VSSECHO_STAGE3 * for * SENT from * to * at 1316051255.563545
VSSECHO_STAGE4 * for * SENT from * to * at 1316051255.563603
BEFORE_LOCK * for 5 SENT from 14 to 1 at 1316051255.563607 standard 1
AFTER_LOCK * for 5 SENT from 14 to 1 at 1316051255.563608 standard 1
AFTER_AFTER_LOCK * for 5 SENT from 14 to 1 at 1316051255.563665 standard 1
AFTER_LOCK2 * for 5 SENT from 14 to 1 at 1316051255.563665 standard 1
VSS_ECHO 333 for 5 SENT from 14 to 1 at 1316051255.563684 standard 1
VSSECHO_STAGE3 * for * SENT from * to * at 1316051255.563696
VSSECHO_STAGE4 * for * SENT from * to * at 1316051255.563751
BEFORE_LOCK * for 5 SENT from 14 to 2 at 1316051255.563756 standard 1
AFTER_LOCK * for 5 SENT from 14 to 2 at 1316051255.563756 standard 1
AFTER_AFTER_LOCK * for 5 SENT from 14 to 2 at 1316051255.563764 standard 1
AFTER_LOCK2 * for 5 SENT from 14 to 2 at 1316051255.563765 standard 1
VSS_ECHO 334 for 5 SENT from 14 to 2 at 1316051255.563778 standard 1
VSSECHO_STAGE3 * for * SENT from * to * at 1316051255.563787
VSSECHO_STAGE4 * for * SENT from * to * at 1316051255.563843
BEFORE_LOCK * for 5 SENT from 14 to 3 at 1316051255.563847 standard 1
AFTER_LOCK * for 5 SENT from 14 to 3 at 1316051255.563848 standard 1
AFTER_AFTER_LOCK * for 5 SENT from 14 to 3 at 1316051255.563854 standard 1
AFTER_LOCK2 * for 5 SENT from 14 to 3 at 1316051255.563854 standard 1
VSS_ECHO 335 for 5 SENT from 14 to 3 at 1316051255.563868 standard 1
VSSECHO_STAGE3 * for * SENT from * to * at 1316051255.563877
VSSECHO_STAGE4 * for * SENT from * to * at 1316051255.563939
BEFORE_LOCK * for 5 SENT from 14 to 4 at 1316051255.563943 standard 1
AFTER_LOCK * for 5 SENT from 14 to 4 at 1316051255.563944 standard 1
AFTER_AFTER_LOCK * for 5 SENT from 14 to 4 at 1316051255.563950 standard 1
AFTER_LOCK2 * for 5 SENT from 14 to 4 at 1316051255.563950 standard 1
VSS_ECHO 336 for 5 SENT from 14 to 4 at 1316051255.563963 standard 1
VSSECHO_STAGE3 * for * SENT from * to * at 1316051255.563973
VSSECHO_STAGE4 * for * SENT from * to * at 1316051255.564030
BEFORE_LOCK * for 5 SENT from 14 to 5 at 1316051255.564035 standard 1
AFTER_LOCK * for 5 SENT from 14 to 5 at 1316051255.564035 standard 1
AFTER_AFTER_LOCK * for 5 SENT from 14 to 5 at 1316051255.564041 standard 1
AFTER_LOCK2 * for 5 SENT from 14 to 5 at 1316051255.564042 standard 1
VSS_ECHO 337 for 5 SENT from 14 to 5 at 1316051255.564054 standard 1
VSSECHO_STAGE3 * for * SENT from * to * at 1316051255.564064
VSSECHO_STAGE4 * for * SENT from * to * at 1316051255.564122
BEFORE_LOCK * for 5 SENT from 14 to 6 at 1316051255.564126 standard 1
AFTER_LOCK * for 5 SENT from 14 to 6 at 1316051255.564127 standard 1
AFTER_AFTER_LOCK * for 5 SENT from 14 to 6 at 1316051255.564135 standard 1
AFTER_LOCK2 * for 5 SENT from 14 to 6 at 1316051255.564136 standard 1
VSS_ECHO 338 for 5 SENT from 14 to 6 at 1316051255.564149 standard 1
VSSECHO_STAGE3 * for * SENT from * to * at 1316051255.564158
VSSECHO_STAGE4 * for * SENT from * to * at 1316051255.564217
BEFORE_LOCK * for 5 SENT from 14 to 7 at 1316051255.564222 standard 1
AFTER_LOCK * for 5 SENT from 14 to 7 at 1316051255.564222 standard 1
AFTER_AFTER_LOCK * for 5 SENT from 14 to 7 at 1316051255.564228 standard 1
AFTER_LOCK2 * for 5 SENT from 14 to 7 at 1316051255.564229 standard 1
VSS_ECHO 339 for 5 SENT from 14 to 7 at 1316051255.564254 standard 1
VSSECHO_STAGE3 * for * SENT from * to * at 1316051255.564264
VSSECHO_STAGE4 * for * SENT from * to * at 1316051255.564325
BEFORE_LOCK * for 5 SENT from 14 to 8 at 1316051255.564330 standard 1
AFTER_LOCK * for 5 SENT from 14 to 8 at 1316051255.564331 standard 1
AFTER_AFTER_LOCK * for 5 SENT from 14 to 8 at 1316051255.564331 standard 1
AFTER_LOCK2 * for 5 SENT from 14 to 8 at 1316051255.564331 standard 1
VSS_ECHO 340 for 5 SENT from 14 to 8 at 1316051255.564343 standard 1
VSSECHO_STAGE3 * for * SENT from * to * at 1316051255.564353
VSSECHO_STAGE4 * for * SENT from * to * at 1316051255.564409
BEFORE_LOCK * for 5 SENT from 14 to 9 at 1316051255.564413 standard 1
AFTER_LOCK * for 5 SENT from 14 to 9 at 1316051255.564414 standard 1
AFTER_AFTER_LOCK * for 5 SENT from 14 to 9 at 1316051255.564466 standard 1
AFTER_LOCK2 * for 5 SENT from 14 to 9 at 1316051255.564466 standard 1
VSS_ECHO 341 for 5 SENT from 14 to 9 at 1316051255.564484 standard 1
VSSECHO_STAGE3 * for * SENT from * to * at 1316051255.564495
VSSECHO_STAGE4 * for * SENT from * to * at 1316051255.564583
BEFORE_LOCK * for 5 SENT from 14 to 10 at 1316051255.564594 standard 1
AFTER_LOCK * for 5 SENT from 14 to 10 at 1316051255.564595 standard 1
AFTER_AFTER_LOCK * for 5 SENT from 14 to 10 at 1316051255.564613 standard 1
AFTER_LOCK2 * for 5 SENT from 14 to 10 at 1316051255.564614 standard 1
VSS_ECHO 342 for 5 SENT from 14 to 10 at 1316051255.564641 standard 1
VSSECHO_STAGE3 * for * SENT from * to * at 1316051255.564661
VSSECHO_STAGE4 * for * SENT from * to * at 1316051255.564745
BEFORE_LOCK * for 5 SENT from 14 to 11 at 1316051255.564750 standard 1
AFTER_LOCK * for 5 SENT from 14 to 11 at 1316051255.564750 standard 1
AFTER_AFTER_LOCK * for 5 SENT from 14 to 11 at 1316051255.564757 standard 1
AFTER_LOCK2 * for 5 SENT from 14 to 11 at 1316051255.564757 standard 1
VSS_ECHO 343 for 5 SENT from 14 to 11 at 1316051255.564770 standard 1
VSSECHO_STAGE3 * for * SENT from * to * at 1316051255.564780
VSSECHO_STAGE4 * for * SENT from * to * at 1316051255.564884
BEFORE_LOCK * for 5 SENT from 14 to 12 at 1316051255.564902 standard 1
AFTER_LOCK * for 5 SENT from 14 to 12 at 1316051255.564903 standard 1
AFTER_AFTER_LOCK * for 5 SENT from 14 to 12 at 1316051255.564917 standard 1
AFTER_LOCK2 * for 5 SENT from 14 to 12 at 1316051255.564918 standard 1
VSS_ECHO 344 for 5 SENT from 14 to 12 at 1316051255.564945 standard 1
VSSECHO_STAGE3 * for * SENT from * to * at 1316051255.564967
VSSECHO_STAGE4 * for * SENT from * to * at 1316051255.565034
BEFORE_LOCK * for 5 SENT from 14 to 13 at 1316051255.565039 standard 1
AFTER_LOCK * for 5 SENT from 14 to 13 at 1316051255.565040 standard 1
AFTER_AFTER_LOCK * for 5 SENT from 14 to 13 at 1316051255.565046 standard 1
AFTER_LOCK2 * for 5 SENT from 14 to 13 at 1316051255.565046 standard 1
VSS_ECHO 345 for 5 SENT from 14 to 13 at 1316051255.565061 standard 1
VSSECHO_STAGE3 * for * SENT from * to * at 1316051255.565070
VSSECHO_STAGE4 * for * SENT from * to * at 1316051255.565125
BEFORE_LOCK * for 5 SENT from 14 to 14 at 1316051255.565129 standard 1
AFTER_LOCK * for 5 SENT from 14 to 14 at 1316051255.565130 standard 1
AFTER_AFTER_LOCK * for 5 SENT from 14 to 14 at 1316051255.565136 standard 1
AFTER_LOCK2 * for 5 SENT from 14 to 14 at 1316051255.565136 standard 1
VSS_ECHO 346 for 5 SENT from 14 to 14 at 1316051255.565148 standard 1
VSSECHO_STAGE3 * for * SENT from * to * at 1316051255.565158
VSSECHO_STAGE4 * for * SENT from * to * at 1316051255.565215
BEFORE_LOCK * for 5 SENT from 14 to 15 at 1316051255.565220 standard 1
AFTER_LOCK * for 5 SENT from 14 to 15 at 1316051255.565220 standard 1
AFTER_AFTER_LOCK * for 5 SENT from 14 to 15 at 1316051255.565278 standard 1
AFTER_LOCK2 * for 5 SENT from 14 to 15 at 1316051255.565278 standard 1
VSS_ECHO 347 for 5 SENT from 14 to 15 at 1316051255.565294 standard 1
VSSECHO_STAGE3 * for * SENT from * to * at 1316051255.565314
VSSECHO_STAGE4 * for * SENT from * to * at 1316051255.565544
BEFORE_LOCK * for 5 SENT from 14 to 16 at 1316051255.565559 standard 1
AFTER_LOCK * for 5 SENT from 14 to 16 at 1316051255.565560 standard 1
AFTER_AFTER_LOCK * for 5 SENT from 14 to 16 at 1316051255.565574 standard 1
AFTER_LOCK2 * for 5 SENT from 14 to 16 at 1316051255.565574 standard 1
VSS_ECHO 348 for 5 SENT from 14 to 16 at 1316051255.565601 standard 1
VSSECHO_STAGE3 * for * SENT from * to * at 1316051255.565624
VSSECHO_STAGE4 * for * SENT from * to * at 1316051255.565680
BEFORE_LOCK * for 5 SENT from 14 to 17 at 1316051255.565685 standard 1
AFTER_LOCK * for 5 SENT from 14 to 17 at 1316051255.565685 standard 1
AFTER_AFTER_LOCK * for 5 SENT from 14 to 17 at 1316051255.565692 standard 1
AFTER_LOCK2 * for 5 SENT from 14 to 17 at 1316051255.565692 standard 1
VSS_ECHO 349 for 5 SENT from 14 to 17 at 1316051255.565705 standard 1
VSSECHO_STAGE3 * for * SENT from * to * at 1316051255.565714
VSSECHO_STAGE4 * for * SENT from * to * at 1316051255.565782
BEFORE_LOCK * for 5 SENT from 14 to 18 at 1316051255.565787 standard 1
AFTER_LOCK * for 5 SENT from 14 to 18 at 1316051255.565788 standard 1
AFTER_AFTER_LOCK * for 5 SENT from 14 to 18 at 1316051255.565794 standard 1
AFTER_LOCK2 * for 5 SENT from 14 to 18 at 1316051255.565794 standard 1
VSS_ECHO 350 for 5 SENT from 14 to 18 at 1316051255.565808 standard 1
VSSECHO_STAGE3 * for * SENT from * to * at 1316051255.565818
VSSECHO_STAGE4 * for * SENT from * to * at 1316051255.565875
BEFORE_LOCK * for 5 SENT from 14 to 19 at 1316051255.565879 standard 1
AFTER_LOCK * for 5 SENT from 14 to 19 at 1316051255.565879 standard 1
AFTER_AFTER_LOCK * for 5 SENT from 14 to 19 at 1316051255.565886 standard 1
AFTER_LOCK2 * for 5 SENT from 14 to 19 at 1316051255.565886 standard 1
VSS_ECHO 351 for 5 SENT from 14 to 19 at 1316051255.565899 standard 1
VSSECHO_STAGE3 * for * SENT from * to * at 1316051255.565908
VSSECHO_STAGE4 * for * SENT from * to * at 1316051255.565965
BEFORE_LOCK * for 5 SENT from 14 to 20 at 1316051255.565970 standard 1
AFTER_LOCK * for 5 SENT from 14 to 20 at 1316051255.565970 standard 1
AFTER_AFTER_LOCK * for 5 SENT from 14 to 20 at 1316051255.565976 standard 1
AFTER_LOCK2 * for 5 SENT from 14 to 20 at 1316051255.565977 standard 1
VSS_ECHO 352 for 5 SENT from 14 to 20 at 1316051255.565990 standard 1
VSS_ECHO 327 for 5 RECEIVED from 12 to 14 at 1316051255.566005
VSS_ECHO 344 for 5 RECEIVED from 9 to 14 at 1316051255.575286
VSS_ECHO 345 for 5 RECEIVED from 10 to 14 at 1316051255.584456
VSS_ECHO 346 for 5 RECEIVED from 14 to 14 at 1316051255.593721
VSS_READY 175 for 4 RECEIVED from 5 to 14 at 1316051255.602947
VSS_ECHO 221 for 4 RECEIVED from 5 to 14 at 1316051256.046343
VSS_ECHO 556 for 2 RECEIVED from 1 to 14 at 1316051256.163330
VSS_ECHO 380 for 2 RECEIVED from 9 to 14 at 1316051256.251309
VSS_ECHO 44 for 1 RECEIVED from 2 to 14 at 1316051256.261319
VSS_ECHO 363 for 2 RECEIVED from 12 to 14 at 1316051256.271850
VSS_ECHO 381 for 2 RECEIVED from 10 to 14 at 1316051256.428129
VSS_ECHO 404 for 2 RECEIVED from 4 to 14 at 1316051256.437799
VSS_ECHO 382 for 2 RECEIVED from 7 to 14 at 1316051256.446960
VSS_ECHO 353 for 2 RECEIVED from 11 to 14 at 1316051256.456090
VSS_ECHO 381 for 2 RECEIVED from 16 to 14 at 1316051256.465286
VSS_SEND 16 for * RECEIVED from 2 to 14 at 1316051256.474403
VSSECHO_STAGE3 * for * SENT from * to * at 1316051256.493176
VSSECHO_STAGE4 * for * SENT from * to * at 1316051256.493244
BEFORE_LOCK * for 2 SENT from 14 to 1 at 1316051256.493249 standard 1
AFTER_LOCK * for 2 SENT from 14 to 1 at 1316051256.493250 standard 1
AFTER_AFTER_LOCK * for 2 SENT from 14 to 1 at 1316051256.493401 standard 1
AFTER_LOCK2 * for 2 SENT from 14 to 1 at 1316051256.493402 standard 1
VSS_ECHO 376 for 2 SENT from 14 to 1 at 1316051256.493431 standard 1
VSSECHO_STAGE3 * for * SENT from * to * at 1316051256.493443
VSSECHO_STAGE4 * for * SENT from * to * at 1316051256.493502
BEFORE_LOCK * for 2 SENT from 14 to 2 at 1316051256.493507 standard 1
AFTER_LOCK * for 2 SENT from 14 to 2 at 1316051256.493507 standard 1
AFTER_AFTER_LOCK * for 2 SENT from 14 to 2 at 1316051256.493516 standard 1
AFTER_LOCK2 * for 2 SENT from 14 to 2 at 1316051256.493516 standard 1
VSS_ECHO 377 for 2 SENT from 14 to 2 at 1316051256.493544 standard 1
VSSECHO_STAGE3 * for * SENT from * to * at 1316051256.493554
VSSECHO_STAGE4 * for * SENT from * to * at 1316051256.493614
BEFORE_LOCK * for 2 SENT from 14 to 3 at 1316051256.493618 standard 1
AFTER_LOCK * for 2 SENT from 14 to 3 at 1316051256.493619 standard 1
AFTER_AFTER_LOCK * for 2 SENT from 14 to 3 at 1316051256.493625 standard 1
AFTER_LOCK2 * for 2 SENT from 14 to 3 at 1316051256.493626 standard 1
VSS_ECHO 378 for 2 SENT from 14 to 3 at 1316051256.493638 standard 1
VSSECHO_STAGE3 * for * SENT from * to * at 1316051256.493648
VSSECHO_STAGE4 * for * SENT from * to * at 1316051256.493704
BEFORE_LOCK * for 2 SENT from 14 to 4 at 1316051256.493709 standard 1
AFTER_LOCK * for 2 SENT from 14 to 4 at 1316051256.493709 standard 1
AFTER_AFTER_LOCK * for 2 SENT from 14 to 4 at 1316051256.493715 standard 1
AFTER_LOCK2 * for 2 SENT from 14 to 4 at 1316051256.493716 standard 1
VSS_ECHO 379 for 2 SENT from 14 to 4 at 1316051256.493728 standard 1
VSSECHO_STAGE3 * for * SENT from * to * at 1316051256.493738
VSSECHO_STAGE4 * for * SENT from * to * at 1316051256.493806
BEFORE_LOCK * for 2 SENT from 14 to 5 at 1316051256.493811 standard 1
AFTER_LOCK * for 2 SENT from 14 to 5 at 1316051256.493811 standard 1
AFTER_AFTER_LOCK * for 2 SENT from 14 to 5 at 1316051256.493819 standard 1
AFTER_LOCK2 * for 2 SENT from 14 to 5 at 1316051256.493819 standard 1
VSS_ECHO 380 for 2 SENT from 14 to 5 at 1316051256.493832 standard 1
VSSECHO_STAGE3 * for * SENT from * to * at 1316051256.493843
VSSECHO_STAGE4 * for * SENT from * to * at 1316051256.493900
BEFORE_LOCK * for 2 SENT from 14 to 6 at 1316051256.493904 standard 1
AFTER_LOCK * for 2 SENT from 14 to 6 at 1316051256.493904 standard 1
AFTER_AFTER_LOCK * for 2 SENT from 14 to 6 at 1316051256.493912 standard 1
AFTER_LOCK2 * for 2 SENT from 14 to 6 at 1316051256.493912 standard 1
VSS_ECHO 381 for 2 SENT from 14 to 6 at 1316051256.493925 standard 1
VSSECHO_STAGE3 * for * SENT from * to * at 1316051256.493935
VSSECHO_STAGE4 * for * SENT from * to * at 1316051256.494003
BEFORE_LOCK * for 2 SENT from 14 to 7 at 1316051256.494008 standard 1
AFTER_LOCK * for 2 SENT from 14 to 7 at 1316051256.494009 standard 1
AFTER_AFTER_LOCK * for 2 SENT from 14 to 7 at 1316051256.494066 standard 1
AFTER_LOCK2 * for 2 SENT from 14 to 7 at 1316051256.494066 standard 1
VSS_ECHO 382 for 2 SENT from 14 to 7 at 1316051256.494084 standard 1
VSSECHO_STAGE3 * for * SENT from * to * at 1316051256.494096
VSSECHO_STAGE4 * for * SENT from * to * at 1316051256.494165
BEFORE_LOCK * for 2 SENT from 14 to 8 at 1316051256.494170 standard 1
AFTER_LOCK * for 2 SENT from 14 to 8 at 1316051256.494171 standard 1
AFTER_AFTER_LOCK * for 2 SENT from 14 to 8 at 1316051256.494171 standard 1
AFTER_LOCK2 * for 2 SENT from 14 to 8 at 1316051256.494171 standard 1
VSS_ECHO 383 for 2 SENT from 14 to 8 at 1316051256.494183 standard 1
VSSECHO_STAGE3 * for * SENT from * to * at 1316051256.494192
VSSECHO_STAGE4 * for * SENT from * to * at 1316051256.494249
BEFORE_LOCK * for 2 SENT from 14 to 9 at 1316051256.494253 standard 1
AFTER_LOCK * for 2 SENT from 14 to 9 at 1316051256.494253 standard 1
AFTER_AFTER_LOCK * for 2 SENT from 14 to 9 at 1316051256.494261 standard 1
AFTER_LOCK2 * for 2 SENT from 14 to 9 at 1316051256.494261 standard 1
VSS_ECHO 384 for 2 SENT from 14 to 9 at 1316051256.494281 standard 1
VSSECHO_STAGE3 * for * SENT from * to * at 1316051256.494291
VSSECHO_STAGE4 * for * SENT from * to * at 1316051256.494346
BEFORE_LOCK * for 2 SENT from 14 to 10 at 1316051256.494350 standard 1
AFTER_LOCK * for 2 SENT from 14 to 10 at 1316051256.494351 standard 1
AFTER_AFTER_LOCK * for 2 SENT from 14 to 10 at 1316051256.494358 standard 1
AFTER_LOCK2 * for 2 SENT from 14 to 10 at 1316051256.494358 standard 1
VSS_ECHO 385 for 2 SENT from 14 to 10 at 1316051256.494371 standard 1
VSSECHO_STAGE3 * for * SENT from * to * at 1316051256.494380
VSSECHO_STAGE4 * for * SENT from * to * at 1316051256.494444
BEFORE_LOCK * for 2 SENT from 14 to 11 at 1316051256.494449 standard 1
AFTER_LOCK * for 2 SENT from 14 to 11 at 1316051256.494449 standard 1
AFTER_AFTER_LOCK * for 2 SENT from 14 to 11 at 1316051256.494456 standard 1
AFTER_LOCK2 * for 2 SENT from 14 to 11 at 1316051256.494456 standard 1
VSS_ECHO 386 for 2 SENT from 14 to 11 at 1316051256.494469 standard 1
VSSECHO_STAGE3 * for * SENT from * to * at 1316051256.494479
VSSECHO_STAGE4 * for * SENT from * to * at 1316051256.494536
BEFORE_LOCK * for 2 SENT from 14 to 12 at 1316051256.494540 standard 1
AFTER_LOCK * for 2 SENT from 14 to 12 at 1316051256.494540 standard 1
AFTER_AFTER_LOCK * for 2 SENT from 14 to 12 at 1316051256.494547 standard 1
AFTER_LOCK2 * for 2 SENT from 14 to 12 at 1316051256.494547 standard 1
VSS_ECHO 387 for 2 SENT from 14 to 12 at 1316051256.494560 standard 1
VSSECHO_STAGE3 * for * SENT from * to * at 1316051256.494571
VSSECHO_STAGE4 * for * SENT from * to * at 1316051256.494627
BEFORE_LOCK * for 2 SENT from 14 to 13 at 1316051256.494631 standard 1
AFTER_LOCK * for 2 SENT from 14 to 13 at 1316051256.494631 standard 1
AFTER_AFTER_LOCK * for 2 SENT from 14 to 13 at 1316051256.494638 standard 1
AFTER_LOCK2 * for 2 SENT from 14 to 13 at 1316051256.494638 standard 1
VSS_ECHO 388 for 2 SENT from 14 to 13 at 1316051256.494651 standard 1
VSSECHO_STAGE3 * for * SENT from * to * at 1316051256.494661
VSSECHO_STAGE4 * for * SENT from * to * at 1316051256.494717
BEFORE_LOCK * for 2 SENT from 14 to 14 at 1316051256.494721 standard 1
AFTER_LOCK * for 2 SENT from 14 to 14 at 1316051256.494721 standard 1
AFTER_AFTER_LOCK * for 2 SENT from 14 to 14 at 1316051256.494729 standard 1
AFTER_LOCK2 * for 2 SENT from 14 to 14 at 1316051256.494729 standard 1
VSS_ECHO 389 for 2 SENT from 14 to 14 at 1316051256.494742 standard 1
VSSECHO_STAGE3 * for * SENT from * to * at 1316051256.494753
VSSECHO_STAGE4 * for * SENT from * to * at 1316051256.494809
BEFORE_LOCK * for 2 SENT from 14 to 15 at 1316051256.494813 standard 1
AFTER_LOCK * for 2 SENT from 14 to 15 at 1316051256.494813 standard 1
AFTER_AFTER_LOCK * for 2 SENT from 14 to 15 at 1316051256.494867 standard 1
AFTER_LOCK2 * for 2 SENT from 14 to 15 at 1316051256.494867 standard 1
VSS_ECHO 390 for 2 SENT from 14 to 15 at 1316051256.494882 standard 1
VSSECHO_STAGE3 * for * SENT from * to * at 1316051256.494893
VSSECHO_STAGE4 * for * SENT from * to * at 1316051256.494949
BEFORE_LOCK * for 2 SENT from 14 to 16 at 1316051256.494953 standard 1
AFTER_LOCK * for 2 SENT from 14 to 16 at 1316051256.494954 standard 1
AFTER_AFTER_LOCK * for 2 SENT from 14 to 16 at 1316051256.494961 standard 1
AFTER_LOCK2 * for 2 SENT from 14 to 16 at 1316051256.494961 standard 1
VSS_ECHO 391 for 2 SENT from 14 to 16 at 1316051256.494974 standard 1
VSSECHO_STAGE3 * for * SENT from * to * at 1316051256.494986
VSSECHO_STAGE4 * for * SENT from * to * at 1316051256.495041
BEFORE_LOCK * for 2 SENT from 14 to 17 at 1316051256.495045 standard 1
AFTER_LOCK * for 2 SENT from 14 to 17 at 1316051256.495045 standard 1
AFTER_AFTER_LOCK * for 2 SENT from 14 to 17 at 1316051256.495052 standard 1
AFTER_LOCK2 * for 2 SENT from 14 to 17 at 1316051256.495052 standard 1
VSS_ECHO 392 for 2 SENT from 14 to 17 at 1316051256.495065 standard 1
VSSECHO_STAGE3 * for * SENT from * to * at 1316051256.495075
VSSECHO_STAGE4 * for * SENT from * to * at 1316051256.495131
BEFORE_LOCK * for 2 SENT from 14 to 18 at 1316051256.495135 standard 1
AFTER_LOCK * for 2 SENT from 14 to 18 at 1316051256.495135 standard 1
AFTER_AFTER_LOCK * for 2 SENT from 14 to 18 at 1316051256.495142 standard 1
AFTER_LOCK2 * for 2 SENT from 14 to 18 at 1316051256.495142 standard 1
VSS_ECHO 393 for 2 SENT from 14 to 18 at 1316051256.495155 standard 1
VSSECHO_STAGE3 * for * SENT from * to * at 1316051256.495165
VSSECHO_STAGE4 * for * SENT from * to * at 1316051256.495221
BEFORE_LOCK * for 2 SENT from 14 to 19 at 1316051256.495225 standard 1
AFTER_LOCK * for 2 SENT from 14 to 19 at 1316051256.495226 standard 1
AFTER_AFTER_LOCK * for 2 SENT from 14 to 19 at 1316051256.495232 standard 1
AFTER_LOCK2 * for 2 SENT from 14 to 19 at 1316051256.495232 standard 1
VSS_ECHO 394 for 2 SENT from 14 to 19 at 1316051256.495252 standard 1
VSSECHO_STAGE3 * for * SENT from * to * at 1316051256.495263
VSSECHO_STAGE4 * for * SENT from * to * at 1316051256.495323
BEFORE_LOCK * for 2 SENT from 14 to 20 at 1316051256.495328 standard 1
AFTER_LOCK * for 2 SENT from 14 to 20 at 1316051256.495328 standard 1
AFTER_AFTER_LOCK * for 2 SENT from 14 to 20 at 1316051256.495335 standard 1
AFTER_LOCK2 * for 2 SENT from 14 to 20 at 1316051256.495335 standard 1
VSS_ECHO 395 for 2 SENT from 14 to 20 at 1316051256.495350 standard 1
VSS_ECHO 367 for 2 RECEIVED from 17 to 14 at 1316051256.495365
VSS_ECHO 389 for 2 RECEIVED from 14 to 14 at 1316051256.504684
VSS_ECHO 373 for 2 RECEIVED from 19 to 14 at 1316051256.534828
VSS_READY 434 for 2 RECEIVED from 4 to 14 at 1316051256.665222
VSS_READY 100 for 1 RECEIVED from 2 to 14 at 1316051256.680601
VSS_READY 412 for 2 RECEIVED from 9 to 14 at 1316051256.695588
VSS_ECHO 344 for 2 RECEIVED from 15 to 14 at 1316051256.710735



============================================
*ENOUGH VSS_ECHO message for 2 at 1316051256.710735
*Threshold : echo = 12
*Received Echo Message Num = 12
*Ready messages are sending out...
============================================

PRE_VSS_READY * for 2 SENT from 14 to 1 at 1316051256.723570 standard 1
BEFORE_LOCK * for 2 SENT from 14 to 1 at 1316051256.723578 standard 1
AFTER_LOCK * for 2 SENT from 14 to 1 at 1316051256.723578 standard 1
AFTER_AFTER_LOCK * for 2 SENT from 14 to 1 at 1316051256.723636 standard 1
AFTER_LOCK2 * for 2 SENT from 14 to 1 at 1316051256.723636 standard 1
VSS_READY 436 for 2 SENT from 14 to 1 at 1316051256.723637 standard 1
PRE_VSS_READY * for 2 SENT from 14 to 2 at 1316051256.725483 standard 1
BEFORE_LOCK * for 2 SENT from 14 to 2 at 1316051256.725490 standard 1
AFTER_LOCK * for 2 SENT from 14 to 2 at 1316051256.725491 standard 1
AFTER_AFTER_LOCK * for 2 SENT from 14 to 2 at 1316051256.725541 standard 1
AFTER_LOCK2 * for 2 SENT from 14 to 2 at 1316051256.725541 standard 1
VSS_READY 437 for 2 SENT from 14 to 2 at 1316051256.725542 standard 1
PRE_VSS_READY * for 2 SENT from 14 to 3 at 1316051256.727265 standard 1
BEFORE_LOCK * for 2 SENT from 14 to 3 at 1316051256.727272 standard 1
AFTER_LOCK * for 2 SENT from 14 to 3 at 1316051256.727273 standard 1
AFTER_AFTER_LOCK * for 2 SENT from 14 to 3 at 1316051256.727336 standard 1
AFTER_LOCK2 * for 2 SENT from 14 to 3 at 1316051256.727336 standard 1
VSS_READY 438 for 2 SENT from 14 to 3 at 1316051256.727337 standard 1
PRE_VSS_READY * for 2 SENT from 14 to 4 at 1316051256.729471 standard 1
BEFORE_LOCK * for 2 SENT from 14 to 4 at 1316051256.729481 standard 1
AFTER_LOCK * for 2 SENT from 14 to 4 at 1316051256.729481 standard 1
AFTER_AFTER_LOCK * for 2 SENT from 14 to 4 at 1316051256.729533 standard 1
AFTER_LOCK2 * for 2 SENT from 14 to 4 at 1316051256.729533 standard 1
VSS_READY 439 for 2 SENT from 14 to 4 at 1316051256.729533 standard 1
PRE_VSS_READY * for 2 SENT from 14 to 5 at 1316051256.731286 standard 1
BEFORE_LOCK * for 2 SENT from 14 to 5 at 1316051256.731294 standard 1
AFTER_LOCK * for 2 SENT from 14 to 5 at 1316051256.731294 standard 1
AFTER_AFTER_LOCK * for 2 SENT from 14 to 5 at 1316051256.731350 standard 1
AFTER_LOCK2 * for 2 SENT from 14 to 5 at 1316051256.731350 standard 1
VSS_READY 440 for 2 SENT from 14 to 5 at 1316051256.731350 standard 1
PRE_VSS_READY * for 2 SENT from 14 to 6 at 1316051256.733036 standard 1
BEFORE_LOCK * for 2 SENT from 14 to 6 at 1316051256.733043 standard 1
AFTER_LOCK * for 2 SENT from 14 to 6 at 1316051256.733044 standard 1
AFTER_AFTER_LOCK * for 2 SENT from 14 to 6 at 1316051256.733094 standard 1
AFTER_LOCK2 * for 2 SENT from 14 to 6 at 1316051256.733094 standard 1
VSS_READY 441 for 2 SENT from 14 to 6 at 1316051256.733094 standard 1
PRE_VSS_READY * for 2 SENT from 14 to 7 at 1316051256.737294 standard 1
BEFORE_LOCK * for 2 SENT from 14 to 7 at 1316051256.737311 standard 1
AFTER_LOCK * for 2 SENT from 14 to 7 at 1316051256.737312 standard 1
AFTER_AFTER_LOCK * for 2 SENT from 14 to 7 at 1316051256.737414 standard 1
AFTER_LOCK2 * for 2 SENT from 14 to 7 at 1316051256.737415 standard 1
VSS_READY 442 for 2 SENT from 14 to 7 at 1316051256.737415 standard 1
PRE_VSS_READY * for 2 SENT from 14 to 8 at 1316051256.740931 standard 1
BEFORE_LOCK * for 2 SENT from 14 to 8 at 1316051256.740948 standard 1
AFTER_LOCK * for 2 SENT from 14 to 8 at 1316051256.740949 standard 1
AFTER_AFTER_LOCK * for 2 SENT from 14 to 8 at 1316051256.740950 standard 1
AFTER_LOCK2 * for 2 SENT from 14 to 8 at 1316051256.740950 standard 1
VSS_READY 443 for 2 SENT from 14 to 8 at 1316051256.740951 standard 1
PRE_VSS_READY * for 2 SENT from 14 to 9 at 1316051256.745205 standard 1
BEFORE_LOCK * for 2 SENT from 14 to 9 at 1316051256.745222 standard 1
AFTER_LOCK * for 2 SENT from 14 to 9 at 1316051256.745223 standard 1
AFTER_AFTER_LOCK * for 2 SENT from 14 to 9 at 1316051256.745334 standard 1
AFTER_LOCK2 * for 2 SENT from 14 to 9 at 1316051256.745335 standard 1
VSS_READY 444 for 2 SENT from 14 to 9 at 1316051256.745335 standard 1
PRE_VSS_READY * for 2 SENT from 14 to 10 at 1316051256.749268 standard 1
BEFORE_LOCK * for 2 SENT from 14 to 10 at 1316051256.749288 standard 1
AFTER_LOCK * for 2 SENT from 14 to 10 at 1316051256.749290 standard 1
AFTER_AFTER_LOCK * for 2 SENT from 14 to 10 at 1316051256.749390 standard 1
AFTER_LOCK2 * for 2 SENT from 14 to 10 at 1316051256.749391 standard 1
VSS_READY 445 for 2 SENT from 14 to 10 at 1316051256.749392 standard 1
PRE_VSS_READY * for 2 SENT from 14 to 11 at 1316051256.753410 standard 1
BEFORE_LOCK * for 2 SENT from 14 to 11 at 1316051256.753425 standard 1
AFTER_LOCK * for 2 SENT from 14 to 11 at 1316051256.753427 standard 1
AFTER_AFTER_LOCK * for 2 SENT from 14 to 11 at 1316051256.753528 standard 1
AFTER_LOCK2 * for 2 SENT from 14 to 11 at 1316051256.753528 standard 1
VSS_READY 446 for 2 SENT from 14 to 11 at 1316051256.753529 standard 1
PRE_VSS_READY * for 2 SENT from 14 to 12 at 1316051256.757773 standard 1
BEFORE_LOCK * for 2 SENT from 14 to 12 at 1316051256.757794 standard 1
AFTER_LOCK * for 2 SENT from 14 to 12 at 1316051256.757795 standard 1
AFTER_AFTER_LOCK * for 2 SENT from 14 to 12 at 1316051256.757899 standard 1
AFTER_LOCK2 * for 2 SENT from 14 to 12 at 1316051256.757900 standard 1
VSS_READY 447 for 2 SENT from 14 to 12 at 1316051256.757901 standard 1
PRE_VSS_READY * for 2 SENT from 14 to 13 at 1316051256.761660 standard 1
BEFORE_LOCK * for 2 SENT from 14 to 13 at 1316051256.761678 standard 1
AFTER_LOCK * for 2 SENT from 14 to 13 at 1316051256.761679 standard 1
AFTER_AFTER_LOCK * for 2 SENT from 14 to 13 at 1316051256.761781 standard 1
AFTER_LOCK2 * for 2 SENT from 14 to 13 at 1316051256.761781 standard 1
VSS_READY 448 for 2 SENT from 14 to 13 at 1316051256.761782 standard 1
PRE_VSS_READY * for 2 SENT from 14 to 14 at 1316051256.765779 standard 1
BEFORE_LOCK * for 2 SENT from 14 to 14 at 1316051256.765796 standard 1
AFTER_LOCK * for 2 SENT from 14 to 14 at 1316051256.765797 standard 1
AFTER_AFTER_LOCK * for 2 SENT from 14 to 14 at 1316051256.765901 standard 1
AFTER_LOCK2 * for 2 SENT from 14 to 14 at 1316051256.765901 standard 1
VSS_READY 449 for 2 SENT from 14 to 14 at 1316051256.765902 standard 1
PRE_VSS_READY * for 2 SENT from 14 to 15 at 1316051256.770000 standard 1
BEFORE_LOCK * for 2 SENT from 14 to 15 at 1316051256.770017 standard 1
AFTER_LOCK * for 2 SENT from 14 to 15 at 1316051256.770018 standard 1
AFTER_AFTER_LOCK * for 2 SENT from 14 to 15 at 1316051256.770120 standard 1
AFTER_LOCK2 * for 2 SENT from 14 to 15 at 1316051256.770121 standard 1
VSS_READY 450 for 2 SENT from 14 to 15 at 1316051256.770121 standard 1
PRE_VSS_READY * for 2 SENT from 14 to 16 at 1316051256.775116 standard 1
BEFORE_LOCK * for 2 SENT from 14 to 16 at 1316051256.775135 standard 1
AFTER_LOCK * for 2 SENT from 14 to 16 at 1316051256.775136 standard 1
AFTER_AFTER_LOCK * for 2 SENT from 14 to 16 at 1316051256.775238 standard 1
AFTER_LOCK2 * for 2 SENT from 14 to 16 at 1316051256.775239 standard 1
VSS_READY 451 for 2 SENT from 14 to 16 at 1316051256.775239 standard 1
PRE_VSS_READY * for 2 SENT from 14 to 17 at 1316051256.778937 standard 1
BEFORE_LOCK * for 2 SENT from 14 to 17 at 1316051256.778954 standard 1
AFTER_LOCK * for 2 SENT from 14 to 17 at 1316051256.778955 standard 1
AFTER_AFTER_LOCK * for 2 SENT from 14 to 17 at 1316051256.779056 standard 1
AFTER_LOCK2 * for 2 SENT from 14 to 17 at 1316051256.779057 standard 1
VSS_READY 452 for 2 SENT from 14 to 17 at 1316051256.779057 standard 1
PRE_VSS_READY * for 2 SENT from 14 to 18 at 1316051256.783965 standard 1
BEFORE_LOCK * for 2 SENT from 14 to 18 at 1316051256.783982 standard 1
AFTER_LOCK * for 2 SENT from 14 to 18 at 1316051256.783983 standard 1
AFTER_AFTER_LOCK * for 2 SENT from 14 to 18 at 1316051256.784085 standard 1
AFTER_LOCK2 * for 2 SENT from 14 to 18 at 1316051256.784085 standard 1
VSS_READY 453 for 2 SENT from 14 to 18 at 1316051256.784086 standard 1
PRE_VSS_READY * for 2 SENT from 14 to 19 at 1316051256.788133 standard 1
BEFORE_LOCK * for 2 SENT from 14 to 19 at 1316051256.788151 standard 1
AFTER_LOCK * for 2 SENT from 14 to 19 at 1316051256.788152 standard 1
AFTER_AFTER_LOCK * for 2 SENT from 14 to 19 at 1316051256.788253 standard 1
AFTER_LOCK2 * for 2 SENT from 14 to 19 at 1316051256.788254 standard 1
VSS_READY 454 for 2 SENT from 14 to 19 at 1316051256.788254 standard 1
PRE_VSS_READY * for 2 SENT from 14 to 20 at 1316051256.792377 standard 1
BEFORE_LOCK * for 2 SENT from 14 to 20 at 1316051256.792394 standard 1
AFTER_LOCK * for 2 SENT from 14 to 20 at 1316051256.792395 standard 1
AFTER_AFTER_LOCK * for 2 SENT from 14 to 20 at 1316051256.792496 standard 1
AFTER_LOCK2 * for 2 SENT from 14 to 20 at 1316051256.792497 standard 1
VSS_READY 455 for 2 SENT from 14 to 20 at 1316051256.792497 standard 1
VSS_READY 597 for 2 RECEIVED from 1 to 14 at 1316051256.792560
VSS_READY 435 for 2 RECEIVED from 17 to 14 at 1316051256.825419
VSS_READY 440 for 2 RECEIVED from 10 to 14 at 1316051256.860255
VSS_READY 413 for 2 RECEIVED from 7 to 14 at 1316051256.894354
VSS_READY 392 for 2 RECEIVED from 11 to 14 at 1316051256.929163
VSS_READY 449 for 2 RECEIVED from 14 to 14 at 1316051256.963616
VSS_READY 456 for 2 RECEIVED from 16 to 14 at 1316051256.992747
VSS_READY 402 for 2 RECEIVED from 19 to 14 at 1316051257.007630
VSS_READY 271 for 2 RECEIVED from 5 to 14 at 1316051257.022894
VSS_READY 438 for 2 RECEIVED from 12 to 14 at 1316051257.038063



*============================================
*2ENOUGH VSS_READY message for 14 at 1316051257.038063
*Threshold : Ready = 12
*Received Ready Message Num = 12
*VSS Share is complete for dealer 2
============================================

BEFORE_LOCK * for 2 SENT from 14 to 1 at 1316051257.053698 standard 1
AFTER_LOCK * for 2 SENT from 14 to 1 at 1316051257.053698 standard 1
AFTER_AFTER_LOCK * for 2 SENT from 14 to 1 at 1316051257.053751 standard 1
AFTER_LOCK2 * for 2 SENT from 14 to 1 at 1316051257.053751 standard 1
VSS_SHARED 549 for 2 SENT from 14 to 1 at 1316051257.053770 standard 1
DKG_SEND 816 for * RECEIVED from 1 to 14 at 1316051257.053795
DKG_ECHO 586 for 1 SENT from 14 to 1 at 1316051257.165966 standard 1
DKG_ECHO 587 for 1 SENT from 14 to 2 at 1316051257.167714 standard 1
DKG_ECHO 588 for 1 SENT from 14 to 3 at 1316051257.169549 standard 1
DKG_ECHO 589 for 1 SENT from 14 to 4 at 1316051257.171364 standard 1
DKG_ECHO 590 for 1 SENT from 14 to 5 at 1316051257.173149 standard 1
DKG_ECHO 591 for 1 SENT from 14 to 6 at 1316051257.174833 standard 1
DKG_ECHO 592 for 1 SENT from 14 to 7 at 1316051257.176758 standard 1
DKG_ECHO 593 for 1 SENT from 14 to 8 at 1316051257.178464 standard 1
DKG_ECHO 594 for 1 SENT from 14 to 9 at 1316051257.180633 standard 1
DKG_ECHO 595 for 1 SENT from 14 to 10 at 1316051257.182364 standard 1
DKG_ECHO 596 for 1 SENT from 14 to 11 at 1316051257.184052 standard 1
DKG_ECHO 597 for 1 SENT from 14 to 12 at 1316051257.185835 standard 1
DKG_ECHO 598 for 1 SENT from 14 to 13 at 1316051257.187649 standard 1
DKG_ECHO 599 for 1 SENT from 14 to 14 at 1316051257.189389 standard 1
DKG_ECHO 600 for 1 SENT from 14 to 15 at 1316051257.191371 standard 1
DKG_ECHO 601 for 1 SENT from 14 to 16 at 1316051257.193264 standard 1
DKG_ECHO 602 for 1 SENT from 14 to 17 at 1316051257.194996 standard 1
DKG_ECHO 603 for 1 SENT from 14 to 18 at 1316051257.196734 standard 1
DKG_ECHO 604 for 1 SENT from 14 to 19 at 1316051257.198370 standard 1
DKG_ECHO 605 for 1 SENT from 14 to 20 at 1316051257.200015 standard 1
DKG_ECHO 598 for 1 RECEIVED from 9 to 14 at 1316051257.200033
DKG_ECHO 578 for 1 RECEIVED from 17 to 14 at 1316051257.202125
DKG_ECHO 598 for 1 RECEIVED from 10 to 14 at 1316051257.204253
DKG_ECHO 597 for 1 RECEIVED from 4 to 14 at 1316051257.206359
DKG_ECHO 599 for 1 RECEIVED from 7 to 14 at 1316051257.208400
DKG_ECHO 599 for 1 RECEIVED from 14 to 14 at 1316051257.210556
DKG_ECHO 576 for 1 RECEIVED from 16 to 14 at 1316051257.212593
DKG_ECHO 549 for 1 RECEIVED from 12 to 14 at 1316051257.214741
DKG_ECHO 913 for 1 RECEIVED from 1 to 14 at 1316051257.216861
VSS_READY 163 for 2 RECEIVED from 2 to 14 at 1316051257.280274
DKG_ECHO 570 for 1 RECEIVED from 11 to 14 at 1316051257.314690
DKG_ECHO 565 for 1 RECEIVED from 19 to 14 at 1316051257.374590
DKG_ECHO 426 for 1 RECEIVED from 5 to 14 at 1316051257.518672



============================================
*ENOUGH DKG_ECHO message for 14 at 1316051257.518672
*Threshold : Echo = 12
*Received Echo Message Num = 12
*DKG_Readys are sent out...
============================================

DKG_READY 746 for 1 SENT from 14 to 1 at 1316051257.528056 standard 1
DKG_READY 747 for 1 SENT from 14 to 2 at 1316051257.532156 standard 1
DKG_READY 748 for 1 SENT from 14 to 3 at 1316051257.536077 standard 1
DKG_READY 749 for 1 SENT from 14 to 4 at 1316051257.540021 standard 1
DKG_READY 750 for 1 SENT from 14 to 5 at 1316051257.543975 standard 1
DKG_READY 751 for 1 SENT from 14 to 6 at 1316051257.547814 standard 1
DKG_READY 752 for 1 SENT from 14 to 7 at 1316051257.551854 standard 1
DKG_READY 753 for 1 SENT from 14 to 8 at 1316051257.555664 standard 1
DKG_READY 754 for 1 SENT from 14 to 9 at 1316051257.559328 standard 1
DKG_READY 755 for 1 SENT from 14 to 10 at 1316051257.563562 standard 1
DKG_READY 756 for 1 SENT from 14 to 11 at 1316051257.567639 standard 1
DKG_READY 757 for 1 SENT from 14 to 12 at 1316051257.572051 standard 1
DKG_READY 758 for 1 SENT from 14 to 13 at 1316051257.575953 standard 1
DKG_READY 759 for 1 SENT from 14 to 14 at 1316051257.580133 standard 1
DKG_READY 760 for 1 SENT from 14 to 15 at 1316051257.584162 standard 1
DKG_READY 761 for 1 SENT from 14 to 16 at 1316051257.588395 standard 1
DKG_READY 762 for 1 SENT from 14 to 17 at 1316051257.592253 standard 1
DKG_READY 763 for 1 SENT from 14 to 18 at 1316051257.596082 standard 1
DKG_READY 764 for 1 SENT from 14 to 19 at 1316051257.599815 standard 1
DKG_READY 765 for 1 SENT from 14 to 20 at 1316051257.603888 standard 1
DKG_READY 1073 for 1 RECEIVED from 1 to 14 at 1316051257.603922
DKG_READY 783 for 1 RECEIVED from 9 to 14 at 1316051257.608924
DKG_READY 763 for 1 RECEIVED from 17 to 14 at 1316051257.613607
DKG_READY 758 for 1 RECEIVED from 10 to 14 at 1316051257.618524
DKG_READY 780 for 1 RECEIVED from 4 to 14 at 1316051257.623049
DKG_READY 759 for 1 RECEIVED from 7 to 14 at 1316051257.627802
DKG_READY 730 for 1 RECEIVED from 11 to 14 at 1316051257.632789
DKG_READY 759 for 1 RECEIVED from 14 to 14 at 1316051257.637510
DKG_READY 784 for 1 RECEIVED from 16 to 14 at 1316051257.642169
DKG_READY 776 for 1 RECEIVED from 12 to 14 at 1316051257.662284
DKG_READY 748 for 1 RECEIVED from 19 to 14 at 1316051257.689669
VSS_ECHO 1243 for 3 RECEIVED from 1 to 14 at 1316051257.719792
VSS_READY 405 for 2 RECEIVED from 15 to 14 at 1316051257.751461
VSS_ECHO 963 for 3 RECEIVED from 9 to 14 at 1316051257.789805
VSS_ECHO 911 for 3 RECEIVED from 12 to 14 at 1316051257.882556
DKG_READY 633 for 1 RECEIVED from 5 to 14 at 1316051257.903097



============================================
*2ENOUGH DKG_READY message for 14 at 1316051257.903097
*Threshold : Ready = 12
*Received Ready Message Num = 12
============================================

DKG_COMPLETE * for 1 RS from 14 to * at 1316051257.903097 :)
