-Run node 10 starting at 1316051239.329320 with version 5.2
-Function node 10 starting at 1316051249.329528
LEADER_CHANGE 1 for * SENT from 10 to 1 at 1316051249.331155 standard 1
VSS_SEND 12 for * RECEIVED from 1 to 10 at 1316051249.421335
VSSECHO_STAGE3 * for * SENT from * to * at 1316051249.436529
VSSECHO_STAGE4 * for * SENT from * to * at 1316051249.436576
BEFORE_LOCK * for 1 SENT from 10 to 1 at 1316051249.436579 standard 1
AFTER_LOCK * for 1 SENT from 10 to 1 at 1316051249.436580 standard 1
AFTER_AFTER_LOCK * for 1 SENT from 10 to 1 at 1316051249.436698 standard 1
AFTER_LOCK2 * for 1 SENT from 10 to 1 at 1316051249.436698 standard 1
VSS_ECHO 4 for 1 SENT from 10 to 1 at 1316051249.436724 standard 1
VSSECHO_STAGE3 * for * SENT from * to * at 1316051249.436739
VSSECHO_STAGE4 * for * SENT from * to * at 1316051249.436784
BEFORE_LOCK * for 1 SENT from 10 to 2 at 1316051249.436787 standard 1
AFTER_LOCK * for 1 SENT from 10 to 2 at 1316051249.436788 standard 1
AFTER_AFTER_LOCK * for 1 SENT from 10 to 2 at 1316051249.436803 standard 1
AFTER_LOCK2 * for 1 SENT from 10 to 2 at 1316051249.436803 standard 1
VSS_ECHO 5 for 1 SENT from 10 to 2 at 1316051249.436814 standard 1
VSSECHO_STAGE3 * for * SENT from * to * at 1316051249.436823
VSSECHO_STAGE4 * for * SENT from * to * at 1316051249.436866
BEFORE_LOCK * for 1 SENT from 10 to 3 at 1316051249.436870 standard 1
AFTER_LOCK * for 1 SENT from 10 to 3 at 1316051249.436870 standard 1
AFTER_AFTER_LOCK * for 1 SENT from 10 to 3 at 1316051249.436920 standard 1
AFTER_LOCK2 * for 1 SENT from 10 to 3 at 1316051249.436920 standard 1
VSS_ECHO 6 for 1 SENT from 10 to 3 at 1316051249.436932 standard 1
VSSECHO_STAGE3 * for * SENT from * to * at 1316051249.436940
VSSECHO_STAGE4 * for * SENT from * to * at 1316051249.436986
BEFORE_LOCK * for 1 SENT from 10 to 4 at 1316051249.436989 standard 1
AFTER_LOCK * for 1 SENT from 10 to 4 at 1316051249.436990 standard 1
AFTER_AFTER_LOCK * for 1 SENT from 10 to 4 at 1316051249.437053 standard 1
AFTER_LOCK2 * for 1 SENT from 10 to 4 at 1316051249.437054 standard 1
VSS_ECHO 7 for 1 SENT from 10 to 4 at 1316051249.437065 standard 1
VSSECHO_STAGE3 * for * SENT from * to * at 1316051249.437073
VSSECHO_STAGE4 * for * SENT from * to * at 1316051249.437119
BEFORE_LOCK * for 1 SENT from 10 to 5 at 1316051249.437123 standard 1
AFTER_LOCK * for 1 SENT from 10 to 5 at 1316051249.437124 standard 1
AFTER_AFTER_LOCK * for 1 SENT from 10 to 5 at 1316051249.437188 standard 1
AFTER_LOCK2 * for 1 SENT from 10 to 5 at 1316051249.437188 standard 1
VSS_ECHO 8 for 1 SENT from 10 to 5 at 1316051249.437200 standard 1
VSSECHO_STAGE3 * for * SENT from * to * at 1316051249.437208
VSSECHO_STAGE4 * for * SENT from * to * at 1316051249.437252
BEFORE_LOCK * for 1 SENT from 10 to 6 at 1316051249.437255 standard 1
AFTER_LOCK * for 1 SENT from 10 to 6 at 1316051249.437255 standard 1
AFTER_AFTER_LOCK * for 1 SENT from 10 to 6 at 1316051249.437318 standard 1
AFTER_LOCK2 * for 1 SENT from 10 to 6 at 1316051249.437318 standard 1
VSS_ECHO 9 for 1 SENT from 10 to 6 at 1316051249.437329 standard 1
VSSECHO_STAGE3 * for * SENT from * to * at 1316051249.437338
VSSECHO_STAGE4 * for * SENT from * to * at 1316051249.437381
BEFORE_LOCK * for 1 SENT from 10 to 7 at 1316051249.437385 standard 1
AFTER_LOCK * for 1 SENT from 10 to 7 at 1316051249.437385 standard 1
AFTER_AFTER_LOCK * for 1 SENT from 10 to 7 at 1316051249.437464 standard 1
AFTER_LOCK2 * for 1 SENT from 10 to 7 at 1316051249.437464 standard 1
VSS_ECHO 10 for 1 SENT from 10 to 7 at 1316051249.437492 standard 1
VSSECHO_STAGE3 * for * SENT from * to * at 1316051249.437516
VSSECHO_STAGE4 * for * SENT from * to * at 1316051249.437570
BEFORE_LOCK * for 1 SENT from 10 to 8 at 1316051249.437576 standard 1
AFTER_LOCK * for 1 SENT from 10 to 8 at 1316051249.437577 standard 1
AFTER_AFTER_LOCK * for 1 SENT from 10 to 8 at 1316051249.437635 standard 1
AFTER_LOCK2 * for 1 SENT from 10 to 8 at 1316051249.437635 standard 1
VSS_ECHO 11 for 1 SENT from 10 to 8 at 1316051249.437647 standard 1
VSSECHO_STAGE3 * for * SENT from * to * at 1316051249.437657
VSSECHO_STAGE4 * for * SENT from * to * at 1316051249.437703
BEFORE_LOCK * for 1 SENT from 10 to 9 at 1316051249.437715 standard 1
AFTER_LOCK * for 1 SENT from 10 to 9 at 1316051249.437716 standard 1
AFTER_AFTER_LOCK * for 1 SENT from 10 to 9 at 1316051249.437729 standard 1
AFTER_LOCK2 * for 1 SENT from 10 to 9 at 1316051249.437729 standard 1
VSS_ECHO 12 for 1 SENT from 10 to 9 at 1316051249.437741 standard 1
VSSECHO_STAGE3 * for * SENT from * to * at 1316051249.437752
VSSECHO_STAGE4 * for * SENT from * to * at 1316051249.437800
BEFORE_LOCK * for 1 SENT from 10 to 10 at 1316051249.437804 standard 1
AFTER_LOCK * for 1 SENT from 10 to 10 at 1316051249.437805 standard 1
AFTER_AFTER_LOCK * for 1 SENT from 10 to 10 at 1316051249.437818 standard 1
AFTER_LOCK2 * for 1 SENT from 10 to 10 at 1316051249.437818 standard 1
VSS_ECHO 13 for 1 SENT from 10 to 10 at 1316051249.437829 standard 1
VSSECHO_STAGE3 * for * SENT from * to * at 1316051249.437838
VSSECHO_STAGE4 * for * SENT from * to * at 1316051249.437885
BEFORE_LOCK * for 1 SENT from 10 to 11 at 1316051249.437889 standard 1
AFTER_LOCK * for 1 SENT from 10 to 11 at 1316051249.437889 standard 1
AFTER_AFTER_LOCK * for 1 SENT from 10 to 11 at 1316051249.437901 standard 1
AFTER_LOCK2 * for 1 SENT from 10 to 11 at 1316051249.437901 standard 1
VSS_ECHO 14 for 1 SENT from 10 to 11 at 1316051249.437913 standard 1
VSSECHO_STAGE3 * for * SENT from * to * at 1316051249.437921
VSSECHO_STAGE4 * for * SENT from * to * at 1316051249.437965
BEFORE_LOCK * for 1 SENT from 10 to 12 at 1316051249.437968 standard 1
AFTER_LOCK * for 1 SENT from 10 to 12 at 1316051249.437969 standard 1
AFTER_AFTER_LOCK * for 1 SENT from 10 to 12 at 1316051249.437983 standard 1
AFTER_LOCK2 * for 1 SENT from 10 to 12 at 1316051249.437983 standard 1
VSS_ECHO 15 for 1 SENT from 10 to 12 at 1316051249.437995 standard 1
VSSECHO_STAGE3 * for * SENT from * to * at 1316051249.438004
VSSECHO_STAGE4 * for * SENT from * to * at 1316051249.438053
BEFORE_LOCK * for 1 SENT from 10 to 13 at 1316051249.438058 standard 1
AFTER_LOCK * for 1 SENT from 10 to 13 at 1316051249.438058 standard 1
AFTER_AFTER_LOCK * for 1 SENT from 10 to 13 at 1316051249.438071 standard 1
AFTER_LOCK2 * for 1 SENT from 10 to 13 at 1316051249.438071 standard 1
VSS_ECHO 16 for 1 SENT from 10 to 13 at 1316051249.438082 standard 1
VSSECHO_STAGE3 * for * SENT from * to * at 1316051249.438091
VSSECHO_STAGE4 * for * SENT from * to * at 1316051249.438138
BEFORE_LOCK * for 1 SENT from 10 to 14 at 1316051249.438142 standard 1
AFTER_LOCK * for 1 SENT from 10 to 14 at 1316051249.438142 standard 1
AFTER_AFTER_LOCK * for 1 SENT from 10 to 14 at 1316051249.438190 standard 1
AFTER_LOCK2 * for 1 SENT from 10 to 14 at 1316051249.438191 standard 1
VSS_ECHO 17 for 1 SENT from 10 to 14 at 1316051249.438204 standard 1
VSSECHO_STAGE3 * for * SENT from * to * at 1316051249.438214
VSSECHO_STAGE4 * for * SENT from * to * at 1316051249.438261
BEFORE_LOCK * for 1 SENT from 10 to 15 at 1316051249.438264 standard 1
AFTER_LOCK * for 1 SENT from 10 to 15 at 1316051249.438265 standard 1
AFTER_AFTER_LOCK * for 1 SENT from 10 to 15 at 1316051249.438278 standard 1
AFTER_LOCK2 * for 1 SENT from 10 to 15 at 1316051249.438279 standard 1
VSS_ECHO 18 for 1 SENT from 10 to 15 at 1316051249.438290 standard 1
VSSECHO_STAGE3 * for * SENT from * to * at 1316051249.438300
VSSECHO_STAGE4 * for * SENT from * to * at 1316051249.438344
BEFORE_LOCK * for 1 SENT from 10 to 16 at 1316051249.438348 standard 1
AFTER_LOCK * for 1 SENT from 10 to 16 at 1316051249.438348 standard 1
AFTER_AFTER_LOCK * for 1 SENT from 10 to 16 at 1316051249.438361 standard 1
AFTER_LOCK2 * for 1 SENT from 10 to 16 at 1316051249.438361 standard 1
VSS_ECHO 19 for 1 SENT from 10 to 16 at 1316051249.438372 standard 1
VSSECHO_STAGE3 * for * SENT from * to * at 1316051249.438383
VSSECHO_STAGE4 * for * SENT from * to * at 1316051249.438426
BEFORE_LOCK * for 1 SENT from 10 to 17 at 1316051249.438430 standard 1
AFTER_LOCK * for 1 SENT from 10 to 17 at 1316051249.438430 standard 1
AFTER_AFTER_LOCK * for 1 SENT from 10 to 17 at 1316051249.438446 standard 1
AFTER_LOCK2 * for 1 SENT from 10 to 17 at 1316051249.438446 standard 1
VSS_ECHO 20 for 1 SENT from 10 to 17 at 1316051249.438464 standard 1
VSSECHO_STAGE3 * for * SENT from * to * at 1316051249.438474
VSSECHO_STAGE4 * for * SENT from * to * at 1316051249.438520
BEFORE_LOCK * for 1 SENT from 10 to 18 at 1316051249.438523 standard 1
AFTER_LOCK * for 1 SENT from 10 to 18 at 1316051249.438524 standard 1
AFTER_AFTER_LOCK * for 1 SENT from 10 to 18 at 1316051249.438576 standard 1
AFTER_LOCK2 * for 1 SENT from 10 to 18 at 1316051249.438576 standard 1
VSS_ECHO 21 for 1 SENT from 10 to 18 at 1316051249.438588 standard 1
VSSECHO_STAGE3 * for * SENT from * to * at 1316051249.438596
VSSECHO_STAGE4 * for * SENT from * to * at 1316051249.438640
BEFORE_LOCK * for 1 SENT from 10 to 19 at 1316051249.438643 standard 1
AFTER_LOCK * for 1 SENT from 10 to 19 at 1316051249.438644 standard 1
AFTER_AFTER_LOCK * for 1 SENT from 10 to 19 at 1316051249.438656 standard 1
AFTER_LOCK2 * for 1 SENT from 10 to 19 at 1316051249.438656 standard 1
VSS_ECHO 22 for 1 SENT from 10 to 19 at 1316051249.438667 standard 1
VSSECHO_STAGE3 * for * SENT from * to * at 1316051249.438677
VSSECHO_STAGE4 * for * SENT from * to * at 1316051249.438721
BEFORE_LOCK * for 1 SENT from 10 to 20 at 1316051249.438725 standard 1
AFTER_LOCK * for 1 SENT from 10 to 20 at 1316051249.438725 standard 1
AFTER_AFTER_LOCK * for 1 SENT from 10 to 20 at 1316051249.438737 standard 1
AFTER_LOCK2 * for 1 SENT from 10 to 20 at 1316051249.438738 standard 1
VSS_ECHO 23 for 1 SENT from 10 to 20 at 1316051249.438749 standard 1
VSS_ECHO 13 for 1 RECEIVED from 12 to 10 at 1316051249.438761
VSS_ECHO 13 for 1 RECEIVED from 9 to 10 at 1316051249.446606
VSS_ECHO 13 for 1 RECEIVED from 7 to 10 at 1316051249.455243
VSS_ECHO 13 for 1 RECEIVED from 17 to 10 at 1316051249.464422
VSS_ECHO 13 for 1 RECEIVED from 10 to 10 at 1316051249.473104
VSS_ECHO 13 for 1 RECEIVED from 14 to 10 at 1316051249.558227
VSS_ECHO 13 for 1 RECEIVED from 16 to 10 at 1316051250.355692
VSS_ECHO 13 for 1 RECEIVED from 15 to 10 at 1316051250.703106
VSS_ECHO 13 for 1 RECEIVED from 6 to 10 at 1316051250.938359
VSS_ECHO 13 for 1 RECEIVED from 19 to 10 at 1316051251.234163
VSS_ECHO 13 for 1 RECEIVED from 18 to 10 at 1316051251.435164
VSS_READY 211 for 1 RECEIVED from 1 to 10 at 1316051251.500702
VSS_READY 45 for 1 RECEIVED from 17 to 10 at 1316051251.514446
VSS_READY 45 for 1 RECEIVED from 14 to 10 at 1316051251.539216



============================================
*1ENOUGH VSS_READY message for 10 at 1316051251.539216
*Threshold : Ready = 3
*Received Ready Message Num = 3
*Ready messages are sending out...
============================================

BEFORE_LOCK * for 1 SENT from 10 to 1 at 1316051251.555495 standard 1
AFTER_LOCK * for 1 SENT from 10 to 1 at 1316051251.555496 standard 1
AFTER_AFTER_LOCK * for 1 SENT from 10 to 1 at 1316051251.555541 standard 1
AFTER_LOCK2 * for 1 SENT from 10 to 1 at 1316051251.555541 standard 1
VSS_READY 53 for 1 SENT from 10 to 1 at 1316051251.555541 standard 1
BEFORE_LOCK * for 1 SENT from 10 to 2 at 1316051251.557261 standard 1
AFTER_LOCK * for 1 SENT from 10 to 2 at 1316051251.557261 standard 1
AFTER_AFTER_LOCK * for 1 SENT from 10 to 2 at 1316051251.557300 standard 1
AFTER_LOCK2 * for 1 SENT from 10 to 2 at 1316051251.557300 standard 1
VSS_READY 54 for 1 SENT from 10 to 2 at 1316051251.557300 standard 1
BEFORE_LOCK * for 1 SENT from 10 to 3 at 1316051251.559044 standard 1
AFTER_LOCK * for 1 SENT from 10 to 3 at 1316051251.559045 standard 1
AFTER_AFTER_LOCK * for 1 SENT from 10 to 3 at 1316051251.559083 standard 1
AFTER_LOCK2 * for 1 SENT from 10 to 3 at 1316051251.559083 standard 1
VSS_READY 55 for 1 SENT from 10 to 3 at 1316051251.559083 standard 1
BEFORE_LOCK * for 1 SENT from 10 to 4 at 1316051251.560999 standard 1
AFTER_LOCK * for 1 SENT from 10 to 4 at 1316051251.561000 standard 1
AFTER_AFTER_LOCK * for 1 SENT from 10 to 4 at 1316051251.561038 standard 1
AFTER_LOCK2 * for 1 SENT from 10 to 4 at 1316051251.561038 standard 1
VSS_READY 56 for 1 SENT from 10 to 4 at 1316051251.561038 standard 1
BEFORE_LOCK * for 1 SENT from 10 to 5 at 1316051251.563031 standard 1
AFTER_LOCK * for 1 SENT from 10 to 5 at 1316051251.563031 standard 1
AFTER_AFTER_LOCK * for 1 SENT from 10 to 5 at 1316051251.563070 standard 1
AFTER_LOCK2 * for 1 SENT from 10 to 5 at 1316051251.563070 standard 1
VSS_READY 57 for 1 SENT from 10 to 5 at 1316051251.563070 standard 1
BEFORE_LOCK * for 1 SENT from 10 to 6 at 1316051251.564817 standard 1
AFTER_LOCK * for 1 SENT from 10 to 6 at 1316051251.564817 standard 1
AFTER_AFTER_LOCK * for 1 SENT from 10 to 6 at 1316051251.564856 standard 1
AFTER_LOCK2 * for 1 SENT from 10 to 6 at 1316051251.564856 standard 1
VSS_READY 58 for 1 SENT from 10 to 6 at 1316051251.564856 standard 1
BEFORE_LOCK * for 1 SENT from 10 to 7 at 1316051251.566697 standard 1
AFTER_LOCK * for 1 SENT from 10 to 7 at 1316051251.566697 standard 1
AFTER_AFTER_LOCK * for 1 SENT from 10 to 7 at 1316051251.566704 standard 1
AFTER_LOCK2 * for 1 SENT from 10 to 7 at 1316051251.566704 standard 1
VSS_READY 59 for 1 SENT from 10 to 7 at 1316051251.566704 standard 1
BEFORE_LOCK * for 1 SENT from 10 to 8 at 1316051251.568403 standard 1
AFTER_LOCK * for 1 SENT from 10 to 8 at 1316051251.568403 standard 1
AFTER_AFTER_LOCK * for 1 SENT from 10 to 8 at 1316051251.568403 standard 1
AFTER_LOCK2 * for 1 SENT from 10 to 8 at 1316051251.568404 standard 1
VSS_READY 60 for 1 SENT from 10 to 8 at 1316051251.568404 standard 1
BEFORE_LOCK * for 1 SENT from 10 to 9 at 1316051251.570138 standard 1
AFTER_LOCK * for 1 SENT from 10 to 9 at 1316051251.570138 standard 1
AFTER_AFTER_LOCK * for 1 SENT from 10 to 9 at 1316051251.570176 standard 1
AFTER_LOCK2 * for 1 SENT from 10 to 9 at 1316051251.570177 standard 1
VSS_READY 61 for 1 SENT from 10 to 9 at 1316051251.570177 standard 1
BEFORE_LOCK * for 1 SENT from 10 to 10 at 1316051251.572096 standard 1
AFTER_LOCK * for 1 SENT from 10 to 10 at 1316051251.572096 standard 1
AFTER_AFTER_LOCK * for 1 SENT from 10 to 10 at 1316051251.572134 standard 1
AFTER_LOCK2 * for 1 SENT from 10 to 10 at 1316051251.572135 standard 1
VSS_READY 62 for 1 SENT from 10 to 10 at 1316051251.572135 standard 1
BEFORE_LOCK * for 1 SENT from 10 to 11 at 1316051251.573914 standard 1
AFTER_LOCK * for 1 SENT from 10 to 11 at 1316051251.573915 standard 1
AFTER_AFTER_LOCK * for 1 SENT from 10 to 11 at 1316051251.573953 standard 1
AFTER_LOCK2 * for 1 SENT from 10 to 11 at 1316051251.573953 standard 1
VSS_READY 63 for 1 SENT from 10 to 11 at 1316051251.573953 standard 1
BEFORE_LOCK * for 1 SENT from 10 to 12 at 1316051251.575757 standard 1
AFTER_LOCK * for 1 SENT from 10 to 12 at 1316051251.575758 standard 1
AFTER_AFTER_LOCK * for 1 SENT from 10 to 12 at 1316051251.575796 standard 1
AFTER_LOCK2 * for 1 SENT from 10 to 12 at 1316051251.575796 standard 1
VSS_READY 64 for 1 SENT from 10 to 12 at 1316051251.575796 standard 1
BEFORE_LOCK * for 1 SENT from 10 to 13 at 1316051251.577324 standard 1
AFTER_LOCK * for 1 SENT from 10 to 13 at 1316051251.577324 standard 1
AFTER_AFTER_LOCK * for 1 SENT from 10 to 13 at 1316051251.577362 standard 1
AFTER_LOCK2 * for 1 SENT from 10 to 13 at 1316051251.577362 standard 1
VSS_READY 65 for 1 SENT from 10 to 13 at 1316051251.577362 standard 1
BEFORE_LOCK * for 1 SENT from 10 to 14 at 1316051251.579058 standard 1
AFTER_LOCK * for 1 SENT from 10 to 14 at 1316051251.579058 standard 1
AFTER_AFTER_LOCK * for 1 SENT from 10 to 14 at 1316051251.579096 standard 1
AFTER_LOCK2 * for 1 SENT from 10 to 14 at 1316051251.579096 standard 1
VSS_READY 66 for 1 SENT from 10 to 14 at 1316051251.579096 standard 1
BEFORE_LOCK * for 1 SENT from 10 to 15 at 1316051251.581015 standard 1
AFTER_LOCK * for 1 SENT from 10 to 15 at 1316051251.581015 standard 1
AFTER_AFTER_LOCK * for 1 SENT from 10 to 15 at 1316051251.581092 standard 1
AFTER_LOCK2 * for 1 SENT from 10 to 15 at 1316051251.581092 standard 1
VSS_READY 67 for 1 SENT from 10 to 15 at 1316051251.581093 standard 1
BEFORE_LOCK * for 1 SENT from 10 to 16 at 1316051251.583033 standard 1
AFTER_LOCK * for 1 SENT from 10 to 16 at 1316051251.583033 standard 1
AFTER_AFTER_LOCK * for 1 SENT from 10 to 16 at 1316051251.583071 standard 1
AFTER_LOCK2 * for 1 SENT from 10 to 16 at 1316051251.583071 standard 1
VSS_READY 68 for 1 SENT from 10 to 16 at 1316051251.583072 standard 1
BEFORE_LOCK * for 1 SENT from 10 to 17 at 1316051251.584754 standard 1
AFTER_LOCK * for 1 SENT from 10 to 17 at 1316051251.584754 standard 1
AFTER_AFTER_LOCK * for 1 SENT from 10 to 17 at 1316051251.584792 standard 1
AFTER_LOCK2 * for 1 SENT from 10 to 17 at 1316051251.584792 standard 1
VSS_READY 69 for 1 SENT from 10 to 17 at 1316051251.584793 standard 1
BEFORE_LOCK * for 1 SENT from 10 to 18 at 1316051251.586398 standard 1
AFTER_LOCK * for 1 SENT from 10 to 18 at 1316051251.586399 standard 1
AFTER_AFTER_LOCK * for 1 SENT from 10 to 18 at 1316051251.586437 standard 1
AFTER_LOCK2 * for 1 SENT from 10 to 18 at 1316051251.586437 standard 1
VSS_READY 70 for 1 SENT from 10 to 18 at 1316051251.586437 standard 1
BEFORE_LOCK * for 1 SENT from 10 to 19 at 1316051251.588158 standard 1
AFTER_LOCK * for 1 SENT from 10 to 19 at 1316051251.588158 standard 1
AFTER_AFTER_LOCK * for 1 SENT from 10 to 19 at 1316051251.588196 standard 1
AFTER_LOCK2 * for 1 SENT from 10 to 19 at 1316051251.588197 standard 1
VSS_READY 71 for 1 SENT from 10 to 19 at 1316051251.588197 standard 1
BEFORE_LOCK * for 1 SENT from 10 to 20 at 1316051251.590027 standard 1
AFTER_LOCK * for 1 SENT from 10 to 20 at 1316051251.590027 standard 1
AFTER_AFTER_LOCK * for 1 SENT from 10 to 20 at 1316051251.590028 standard 1
AFTER_LOCK2 * for 1 SENT from 10 to 20 at 1316051251.590028 standard 1
VSS_READY 72 for 1 SENT from 10 to 20 at 1316051251.590028 standard 1
VSS_READY 62 for 1 RECEIVED from 10 to 10 at 1316051251.590057
VSS_READY 62 for 1 RECEIVED from 9 to 10 at 1316051251.678789
VSS_READY 59 for 1 RECEIVED from 16 to 10 at 1316051251.694194
VSS_READY 61 for 1 RECEIVED from 12 to 10 at 1316051251.708371
VSS_READY 45 for 1 RECEIVED from 15 to 10 at 1316051251.722013
VSS_READY 38 for 1 RECEIVED from 11 to 10 at 1316051251.735801
VSS_READY 60 for 1 RECEIVED from 7 to 10 at 1316051251.749192
VSS_SEND 12 for * RECEIVED from 4 to 10 at 1316051251.762924
VSSECHO_STAGE3 * for * SENT from * to * at 1316051251.779218
VSSECHO_STAGE4 * for * SENT from * to * at 1316051251.779266
BEFORE_LOCK * for 4 SENT from 10 to 1 at 1316051251.779270 standard 1
AFTER_LOCK * for 4 SENT from 10 to 1 at 1316051251.779271 standard 1
AFTER_AFTER_LOCK * for 4 SENT from 10 to 1 at 1316051251.779310 standard 1
AFTER_LOCK2 * for 4 SENT from 10 to 1 at 1316051251.779310 standard 1
VSS_ECHO 116 for 4 SENT from 10 to 1 at 1316051251.779322 standard 1
VSSECHO_STAGE3 * for * SENT from * to * at 1316051251.779335
VSSECHO_STAGE4 * for * SENT from * to * at 1316051251.779378
BEFORE_LOCK * for 4 SENT from 10 to 2 at 1316051251.779382 standard 1
AFTER_LOCK * for 4 SENT from 10 to 2 at 1316051251.779382 standard 1
AFTER_AFTER_LOCK * for 4 SENT from 10 to 2 at 1316051251.779389 standard 1
AFTER_LOCK2 * for 4 SENT from 10 to 2 at 1316051251.779389 standard 1
VSS_ECHO 117 for 4 SENT from 10 to 2 at 1316051251.779400 standard 1
VSSECHO_STAGE3 * for * SENT from * to * at 1316051251.779408
VSSECHO_STAGE4 * for * SENT from * to * at 1316051251.779454
BEFORE_LOCK * for 4 SENT from 10 to 3 at 1316051251.779458 standard 1
AFTER_LOCK * for 4 SENT from 10 to 3 at 1316051251.779459 standard 1
AFTER_AFTER_LOCK * for 4 SENT from 10 to 3 at 1316051251.779464 standard 1
AFTER_LOCK2 * for 4 SENT from 10 to 3 at 1316051251.779464 standard 1
VSS_ECHO 118 for 4 SENT from 10 to 3 at 1316051251.779480 standard 1
VSSECHO_STAGE3 * for * SENT from * to * at 1316051251.779488
VSSECHO_STAGE4 * for * SENT from * to * at 1316051251.779539
BEFORE_LOCK * for 4 SENT from 10 to 4 at 1316051251.779544 standard 1
AFTER_LOCK * for 4 SENT from 10 to 4 at 1316051251.779544 standard 1
AFTER_AFTER_LOCK * for 4 SENT from 10 to 4 at 1316051251.779550 standard 1
AFTER_LOCK2 * for 4 SENT from 10 to 4 at 1316051251.779550 standard 1
VSS_ECHO 119 for 4 SENT from 10 to 4 at 1316051251.779561 standard 1
VSSECHO_STAGE3 * for * SENT from * to * at 1316051251.779569
VSSECHO_STAGE4 * for * SENT from * to * at 1316051251.779615
BEFORE_LOCK * for 4 SENT from 10 to 5 at 1316051251.779625 standard 1
AFTER_LOCK * for 4 SENT from 10 to 5 at 1316051251.779626 standard 1
AFTER_AFTER_LOCK * for 4 SENT from 10 to 5 at 1316051251.779631 standard 1
AFTER_LOCK2 * for 4 SENT from 10 to 5 at 1316051251.779631 standard 1
VSS_ECHO 120 for 4 SENT from 10 to 5 at 1316051251.779641 standard 1
VSSECHO_STAGE3 * for * SENT from * to * at 1316051251.779649
VSSECHO_STAGE4 * for * SENT from * to * at 1316051251.779701
BEFORE_LOCK * for 4 SENT from 10 to 6 at 1316051251.779705 standard 1
AFTER_LOCK * for 4 SENT from 10 to 6 at 1316051251.779706 standard 1
AFTER_AFTER_LOCK * for 4 SENT from 10 to 6 at 1316051251.779711 standard 1
AFTER_LOCK2 * for 4 SENT from 10 to 6 at 1316051251.779712 standard 1
VSS_ECHO 121 for 4 SENT from 10 to 6 at 1316051251.779723 standard 1
VSSECHO_STAGE3 * for * SENT from * to * at 1316051251.779731
VSSECHO_STAGE4 * for * SENT from * to * at 1316051251.779781
BEFORE_LOCK * for 4 SENT from 10 to 7 at 1316051251.779785 standard 1
AFTER_LOCK * for 4 SENT from 10 to 7 at 1316051251.779786 standard 1
AFTER_AFTER_LOCK * for 4 SENT from 10 to 7 at 1316051251.779791 standard 1
AFTER_LOCK2 * for 4 SENT from 10 to 7 at 1316051251.779791 standard 1
VSS_ECHO 122 for 4 SENT from 10 to 7 at 1316051251.779801 standard 1
VSSECHO_STAGE3 * for * SENT from * to * at 1316051251.779809
VSSECHO_STAGE4 * for * SENT from * to * at 1316051251.779851
BEFORE_LOCK * for 4 SENT from 10 to 8 at 1316051251.779855 standard 1
AFTER_LOCK * for 4 SENT from 10 to 8 at 1316051251.779855 standard 1
AFTER_AFTER_LOCK * for 4 SENT from 10 to 8 at 1316051251.779855 standard 1
AFTER_LOCK2 * for 4 SENT from 10 to 8 at 1316051251.779856 standard 1
VSS_ECHO 123 for 4 SENT from 10 to 8 at 1316051251.779865 standard 1
VSSECHO_STAGE3 * for * SENT from * to * at 1316051251.779871
VSSECHO_STAGE4 * for * SENT from * to * at 1316051251.779913
BEFORE_LOCK * for 4 SENT from 10 to 9 at 1316051251.779916 standard 1
AFTER_LOCK * for 4 SENT from 10 to 9 at 1316051251.779916 standard 1
AFTER_AFTER_LOCK * for 4 SENT from 10 to 9 at 1316051251.779922 standard 1
AFTER_LOCK2 * for 4 SENT from 10 to 9 at 1316051251.779923 standard 1
VSS_ECHO 124 for 4 SENT from 10 to 9 at 1316051251.779937 standard 1
VSSECHO_STAGE3 * for * SENT from * to * at 1316051251.779944
VSSECHO_STAGE4 * for * SENT from * to * at 1316051251.779990
BEFORE_LOCK * for 4 SENT from 10 to 10 at 1316051251.779994 standard 1
AFTER_LOCK * for 4 SENT from 10 to 10 at 1316051251.779994 standard 1
AFTER_AFTER_LOCK * for 4 SENT from 10 to 10 at 1316051251.779999 standard 1
AFTER_LOCK2 * for 4 SENT from 10 to 10 at 1316051251.780000 standard 1
VSS_ECHO 125 for 4 SENT from 10 to 10 at 1316051251.780010 standard 1
VSSECHO_STAGE3 * for * SENT from * to * at 1316051251.780017
VSSECHO_STAGE4 * for * SENT from * to * at 1316051251.780067
BEFORE_LOCK * for 4 SENT from 10 to 11 at 1316051251.780071 standard 1
AFTER_LOCK * for 4 SENT from 10 to 11 at 1316051251.780072 standard 1
AFTER_AFTER_LOCK * for 4 SENT from 10 to 11 at 1316051251.780112 standard 1
AFTER_LOCK2 * for 4 SENT from 10 to 11 at 1316051251.780112 standard 1
VSS_ECHO 126 for 4 SENT from 10 to 11 at 1316051251.780124 standard 1
VSSECHO_STAGE3 * for * SENT from * to * at 1316051251.780133
VSSECHO_STAGE4 * for * SENT from * to * at 1316051251.780177
BEFORE_LOCK * for 4 SENT from 10 to 12 at 1316051251.780181 standard 1
AFTER_LOCK * for 4 SENT from 10 to 12 at 1316051251.780181 standard 1
AFTER_AFTER_LOCK * for 4 SENT from 10 to 12 at 1316051251.780187 standard 1
AFTER_LOCK2 * for 4 SENT from 10 to 12 at 1316051251.780187 standard 1
VSS_ECHO 127 for 4 SENT from 10 to 12 at 1316051251.780197 standard 1
VSSECHO_STAGE3 * for * SENT from * to * at 1316051251.780205
VSSECHO_STAGE4 * for * SENT from * to * at 1316051251.780247
BEFORE_LOCK * for 4 SENT from 10 to 13 at 1316051251.780250 standard 1
AFTER_LOCK * for 4 SENT from 10 to 13 at 1316051251.780252 standard 1
AFTER_AFTER_LOCK * for 4 SENT from 10 to 13 at 1316051251.780259 standard 1
AFTER_LOCK2 * for 4 SENT from 10 to 13 at 1316051251.780259 standard 1
VSS_ECHO 128 for 4 SENT from 10 to 13 at 1316051251.780275 standard 1
VSSECHO_STAGE3 * for * SENT from * to * at 1316051251.780283
VSSECHO_STAGE4 * for * SENT from * to * at 1316051251.780326
BEFORE_LOCK * for 4 SENT from 10 to 14 at 1316051251.780329 standard 1
AFTER_LOCK * for 4 SENT from 10 to 14 at 1316051251.780330 standard 1
AFTER_AFTER_LOCK * for 4 SENT from 10 to 14 at 1316051251.780337 standard 1
AFTER_LOCK2 * for 4 SENT from 10 to 14 at 1316051251.780337 standard 1
VSS_ECHO 129 for 4 SENT from 10 to 14 at 1316051251.780348 standard 1
VSSECHO_STAGE3 * for * SENT from * to * at 1316051251.780355
VSSECHO_STAGE4 * for * SENT from * to * at 1316051251.780399
BEFORE_LOCK * for 4 SENT from 10 to 15 at 1316051251.780403 standard 1
AFTER_LOCK * for 4 SENT from 10 to 15 at 1316051251.780403 standard 1
AFTER_AFTER_LOCK * for 4 SENT from 10 to 15 at 1316051251.780408 standard 1
AFTER_LOCK2 * for 4 SENT from 10 to 15 at 1316051251.780409 standard 1
VSS_ECHO 130 for 4 SENT from 10 to 15 at 1316051251.780420 standard 1
VSSECHO_STAGE3 * for * SENT from * to * at 1316051251.780427
VSSECHO_STAGE4 * for * SENT from * to * at 1316051251.780479
BEFORE_LOCK * for 4 SENT from 10 to 16 at 1316051251.780483 standard 1
AFTER_LOCK * for 4 SENT from 10 to 16 at 1316051251.780484 standard 1
AFTER_AFTER_LOCK * for 4 SENT from 10 to 16 at 1316051251.780489 standard 1
AFTER_LOCK2 * for 4 SENT from 10 to 16 at 1316051251.780489 standard 1
VSS_ECHO 131 for 4 SENT from 10 to 16 at 1316051251.780500 standard 1
VSSECHO_STAGE3 * for * SENT from * to * at 1316051251.780542
VSSECHO_STAGE4 * for * SENT from * to * at 1316051251.780585
BEFORE_LOCK * for 4 SENT from 10 to 17 at 1316051251.780588 standard 1
AFTER_LOCK * for 4 SENT from 10 to 17 at 1316051251.780589 standard 1
AFTER_AFTER_LOCK * for 4 SENT from 10 to 17 at 1316051251.780595 standard 1
AFTER_LOCK2 * for 4 SENT from 10 to 17 at 1316051251.780596 standard 1
VSS_ECHO 132 for 4 SENT from 10 to 17 at 1316051251.780607 standard 1
VSSECHO_STAGE3 * for * SENT from * to * at 1316051251.780614
VSSECHO_STAGE4 * for * SENT from * to * at 1316051251.780665
BEFORE_LOCK * for 4 SENT from 10 to 18 at 1316051251.780669 standard 1
AFTER_LOCK * for 4 SENT from 10 to 18 at 1316051251.780669 standard 1
AFTER_AFTER_LOCK * for 4 SENT from 10 to 18 at 1316051251.780675 standard 1
AFTER_LOCK2 * for 4 SENT from 10 to 18 at 1316051251.780675 standard 1
VSS_ECHO 133 for 4 SENT from 10 to 18 at 1316051251.780724 standard 1
VSSECHO_STAGE3 * for * SENT from * to * at 1316051251.780733
VSSECHO_STAGE4 * for * SENT from * to * at 1316051251.780776
BEFORE_LOCK * for 4 SENT from 10 to 19 at 1316051251.780779 standard 1
AFTER_LOCK * for 4 SENT from 10 to 19 at 1316051251.780780 standard 1
AFTER_AFTER_LOCK * for 4 SENT from 10 to 19 at 1316051251.780785 standard 1
AFTER_LOCK2 * for 4 SENT from 10 to 19 at 1316051251.780785 standard 1
VSS_ECHO 134 for 4 SENT from 10 to 19 at 1316051251.780796 standard 1
VSSECHO_STAGE3 * for * SENT from * to * at 1316051251.780809
VSSECHO_STAGE4 * for * SENT from * to * at 1316051251.780854
BEFORE_LOCK * for 4 SENT from 10 to 20 at 1316051251.780857 standard 1
AFTER_LOCK * for 4 SENT from 10 to 20 at 1316051251.780858 standard 1
AFTER_AFTER_LOCK * for 4 SENT from 10 to 20 at 1316051251.780858 standard 1
AFTER_LOCK2 * for 4 SENT from 10 to 20 at 1316051251.780858 standard 1
VSS_ECHO 135 for 4 SENT from 10 to 20 at 1316051251.780868 standard 1
VSS_ECHO 125 for 4 RECEIVED from 10 to 10 at 1316051251.780879
VSS_ECHO 39 for 1 RECEIVED from 4 to 10 at 1316051251.795346
VSS_READY 58 for 1 RECEIVED from 19 to 10 at 1316051251.846003
VSS_ECHO 121 for 4 RECEIVED from 17 to 10 at 1316051251.884040
VSS_READY 77 for 1 RECEIVED from 4 to 10 at 1316051251.957605



*============================================
*2ENOUGH VSS_READY message for 10 at 1316051251.957605
*Threshold : Ready = 12
*Received Ready Message Num = 12
*VSS Share is complete for dealer 1
============================================

BEFORE_LOCK * for 1 SENT from 10 to 1 at 1316051251.972230 standard 1
AFTER_LOCK * for 1 SENT from 10 to 1 at 1316051251.972231 standard 1
AFTER_AFTER_LOCK * for 1 SENT from 10 to 1 at 1316051251.972277 standard 1
AFTER_LOCK2 * for 1 SENT from 10 to 1 at 1316051251.972278 standard 1
VSS_SHARED 156 for 1 SENT from 10 to 1 at 1316051251.972305 standard 1
VSS_ECHO 301 for 4 RECEIVED from 1 to 10 at 1316051251.997179
VSS_ECHO 134 for 4 RECEIVED from 14 to 10 at 1316051252.046748
VSS_ECHO 135 for 4 RECEIVED from 9 to 10 at 1316051252.088746
VSS_ECHO 127 for 4 RECEIVED from 12 to 10 at 1316051252.110515
VSS_ECHO 137 for 4 RECEIVED from 16 to 10 at 1316051252.257531
VSS_ECHO 107 for 4 RECEIVED from 11 to 10 at 1316051252.275363
VSS_READY 56 for 1 RECEIVED from 18 to 10 at 1316051252.310945
VSS_ECHO 137 for 4 RECEIVED from 15 to 10 at 1316051252.409995
VSS_ECHO 154 for 4 RECEIVED from 7 to 10 at 1316051252.457402
VSS_ECHO 126 for 4 RECEIVED from 19 to 10 at 1316051253.063211
VSS_ECHO 121 for 4 RECEIVED from 18 to 10 at 1316051253.809671



============================================
*ENOUGH VSS_ECHO message for 4 at 1316051253.809671
*Threshold : echo = 12
*Received Echo Message Num = 12
*Ready messages are sending out...
============================================

PRE_VSS_READY * for 4 SENT from 10 to 1 at 1316051253.819973 standard 1
BEFORE_LOCK * for 4 SENT from 10 to 1 at 1316051253.819980 standard 1
AFTER_LOCK * for 4 SENT from 10 to 1 at 1316051253.819981 standard 1
AFTER_AFTER_LOCK * for 4 SENT from 10 to 1 at 1316051253.820022 standard 1
AFTER_LOCK2 * for 4 SENT from 10 to 1 at 1316051253.820022 standard 1
VSS_READY 174 for 4 SENT from 10 to 1 at 1316051253.820022 standard 1
PRE_VSS_READY * for 4 SENT from 10 to 2 at 1316051253.821552 standard 1
BEFORE_LOCK * for 4 SENT from 10 to 2 at 1316051253.821558 standard 1
AFTER_LOCK * for 4 SENT from 10 to 2 at 1316051253.821559 standard 1
AFTER_AFTER_LOCK * for 4 SENT from 10 to 2 at 1316051253.821598 standard 1
AFTER_LOCK2 * for 4 SENT from 10 to 2 at 1316051253.821598 standard 1
VSS_READY 175 for 4 SENT from 10 to 2 at 1316051253.821599 standard 1
PRE_VSS_READY * for 4 SENT from 10 to 3 at 1316051253.823173 standard 1
BEFORE_LOCK * for 4 SENT from 10 to 3 at 1316051253.823180 standard 1
AFTER_LOCK * for 4 SENT from 10 to 3 at 1316051253.823180 standard 1
AFTER_AFTER_LOCK * for 4 SENT from 10 to 3 at 1316051253.823218 standard 1
AFTER_LOCK2 * for 4 SENT from 10 to 3 at 1316051253.823218 standard 1
VSS_READY 176 for 4 SENT from 10 to 3 at 1316051253.823219 standard 1
PRE_VSS_READY * for 4 SENT from 10 to 4 at 1316051253.824691 standard 1
BEFORE_LOCK * for 4 SENT from 10 to 4 at 1316051253.824698 standard 1
AFTER_LOCK * for 4 SENT from 10 to 4 at 1316051253.824698 standard 1
AFTER_AFTER_LOCK * for 4 SENT from 10 to 4 at 1316051253.824736 standard 1
AFTER_LOCK2 * for 4 SENT from 10 to 4 at 1316051253.824736 standard 1
VSS_READY 177 for 4 SENT from 10 to 4 at 1316051253.824736 standard 1
PRE_VSS_READY * for 4 SENT from 10 to 5 at 1316051253.826242 standard 1
BEFORE_LOCK * for 4 SENT from 10 to 5 at 1316051253.826248 standard 1
AFTER_LOCK * for 4 SENT from 10 to 5 at 1316051253.826249 standard 1
AFTER_AFTER_LOCK * for 4 SENT from 10 to 5 at 1316051253.826290 standard 1
AFTER_LOCK2 * for 4 SENT from 10 to 5 at 1316051253.826290 standard 1
VSS_READY 178 for 4 SENT from 10 to 5 at 1316051253.826291 standard 1
PRE_VSS_READY * for 4 SENT from 10 to 6 at 1316051253.827844 standard 1
BEFORE_LOCK * for 4 SENT from 10 to 6 at 1316051253.827851 standard 1
AFTER_LOCK * for 4 SENT from 10 to 6 at 1316051253.827851 standard 1
AFTER_AFTER_LOCK * for 4 SENT from 10 to 6 at 1316051253.827889 standard 1
AFTER_LOCK2 * for 4 SENT from 10 to 6 at 1316051253.827889 standard 1
VSS_READY 179 for 4 SENT from 10 to 6 at 1316051253.827890 standard 1
PRE_VSS_READY * for 4 SENT from 10 to 7 at 1316051253.829482 standard 1
BEFORE_LOCK * for 4 SENT from 10 to 7 at 1316051253.829488 standard 1
AFTER_LOCK * for 4 SENT from 10 to 7 at 1316051253.829489 standard 1
AFTER_AFTER_LOCK * for 4 SENT from 10 to 7 at 1316051253.829530 standard 1
AFTER_LOCK2 * for 4 SENT from 10 to 7 at 1316051253.829530 standard 1
VSS_READY 180 for 4 SENT from 10 to 7 at 1316051253.829530 standard 1
PRE_VSS_READY * for 4 SENT from 10 to 8 at 1316051253.831014 standard 1
BEFORE_LOCK * for 4 SENT from 10 to 8 at 1316051253.831020 standard 1
AFTER_LOCK * for 4 SENT from 10 to 8 at 1316051253.831021 standard 1
AFTER_AFTER_LOCK * for 4 SENT from 10 to 8 at 1316051253.831021 standard 1
AFTER_LOCK2 * for 4 SENT from 10 to 8 at 1316051253.831021 standard 1
VSS_READY 181 for 4 SENT from 10 to 8 at 1316051253.831021 standard 1
PRE_VSS_READY * for 4 SENT from 10 to 9 at 1316051253.832447 standard 1
BEFORE_LOCK * for 4 SENT from 10 to 9 at 1316051253.832452 standard 1
AFTER_LOCK * for 4 SENT from 10 to 9 at 1316051253.832453 standard 1
AFTER_AFTER_LOCK * for 4 SENT from 10 to 9 at 1316051253.832493 standard 1
AFTER_LOCK2 * for 4 SENT from 10 to 9 at 1316051253.832494 standard 1
VSS_READY 182 for 4 SENT from 10 to 9 at 1316051253.832494 standard 1
PRE_VSS_READY * for 4 SENT from 10 to 10 at 1316051253.834000 standard 1
BEFORE_LOCK * for 4 SENT from 10 to 10 at 1316051253.834006 standard 1
AFTER_LOCK * for 4 SENT from 10 to 10 at 1316051253.834007 standard 1
AFTER_AFTER_LOCK * for 4 SENT from 10 to 10 at 1316051253.834046 standard 1
AFTER_LOCK2 * for 4 SENT from 10 to 10 at 1316051253.834047 standard 1
VSS_READY 183 for 4 SENT from 10 to 10 at 1316051253.834047 standard 1
PRE_VSS_READY * for 4 SENT from 10 to 11 at 1316051253.835624 standard 1
BEFORE_LOCK * for 4 SENT from 10 to 11 at 1316051253.835631 standard 1
AFTER_LOCK * for 4 SENT from 10 to 11 at 1316051253.835631 standard 1
AFTER_AFTER_LOCK * for 4 SENT from 10 to 11 at 1316051253.835670 standard 1
AFTER_LOCK2 * for 4 SENT from 10 to 11 at 1316051253.835670 standard 1
VSS_READY 184 for 4 SENT from 10 to 11 at 1316051253.835670 standard 1
PRE_VSS_READY * for 4 SENT from 10 to 12 at 1316051253.837164 standard 1
BEFORE_LOCK * for 4 SENT from 10 to 12 at 1316051253.837171 standard 1
AFTER_LOCK * for 4 SENT from 10 to 12 at 1316051253.837172 standard 1
AFTER_AFTER_LOCK * for 4 SENT from 10 to 12 at 1316051253.837210 standard 1
AFTER_LOCK2 * for 4 SENT from 10 to 12 at 1316051253.837211 standard 1
VSS_READY 185 for 4 SENT from 10 to 12 at 1316051253.837211 standard 1
PRE_VSS_READY * for 4 SENT from 10 to 13 at 1316051253.838809 standard 1
BEFORE_LOCK * for 4 SENT from 10 to 13 at 1316051253.838816 standard 1
AFTER_LOCK * for 4 SENT from 10 to 13 at 1316051253.838816 standard 1
AFTER_AFTER_LOCK * for 4 SENT from 10 to 13 at 1316051253.838858 standard 1
AFTER_LOCK2 * for 4 SENT from 10 to 13 at 1316051253.838858 standard 1
VSS_READY 186 for 4 SENT from 10 to 13 at 1316051253.838858 standard 1
PRE_VSS_READY * for 4 SENT from 10 to 14 at 1316051253.840357 standard 1
BEFORE_LOCK * for 4 SENT from 10 to 14 at 1316051253.840364 standard 1
AFTER_LOCK * for 4 SENT from 10 to 14 at 1316051253.840364 standard 1
AFTER_AFTER_LOCK * for 4 SENT from 10 to 14 at 1316051253.840402 standard 1
AFTER_LOCK2 * for 4 SENT from 10 to 14 at 1316051253.840402 standard 1
VSS_READY 187 for 4 SENT from 10 to 14 at 1316051253.840402 standard 1
PRE_VSS_READY * for 4 SENT from 10 to 15 at 1316051253.841953 standard 1
BEFORE_LOCK * for 4 SENT from 10 to 15 at 1316051253.841961 standard 1
AFTER_LOCK * for 4 SENT from 10 to 15 at 1316051253.841961 standard 1
AFTER_AFTER_LOCK * for 4 SENT from 10 to 15 at 1316051253.841967 standard 1
AFTER_LOCK2 * for 4 SENT from 10 to 15 at 1316051253.841967 standard 1
VSS_READY 188 for 4 SENT from 10 to 15 at 1316051253.841968 standard 1
PRE_VSS_READY * for 4 SENT from 10 to 16 at 1316051253.843528 standard 1
BEFORE_LOCK * for 4 SENT from 10 to 16 at 1316051253.843534 standard 1
AFTER_LOCK * for 4 SENT from 10 to 16 at 1316051253.843535 standard 1
AFTER_AFTER_LOCK * for 4 SENT from 10 to 16 at 1316051253.843574 standard 1
AFTER_LOCK2 * for 4 SENT from 10 to 16 at 1316051253.843574 standard 1
VSS_READY 189 for 4 SENT from 10 to 16 at 1316051253.843574 standard 1
PRE_VSS_READY * for 4 SENT from 10 to 17 at 1316051253.845101 standard 1
BEFORE_LOCK * for 4 SENT from 10 to 17 at 1316051253.845107 standard 1
AFTER_LOCK * for 4 SENT from 10 to 17 at 1316051253.845108 standard 1
AFTER_AFTER_LOCK * for 4 SENT from 10 to 17 at 1316051253.845145 standard 1
AFTER_LOCK2 * for 4 SENT from 10 to 17 at 1316051253.845146 standard 1
VSS_READY 190 for 4 SENT from 10 to 17 at 1316051253.845146 standard 1
PRE_VSS_READY * for 4 SENT from 10 to 18 at 1316051253.846672 standard 1
BEFORE_LOCK * for 4 SENT from 10 to 18 at 1316051253.846678 standard 1
AFTER_LOCK * for 4 SENT from 10 to 18 at 1316051253.846679 standard 1
AFTER_AFTER_LOCK * for 4 SENT from 10 to 18 at 1316051253.846718 standard 1
AFTER_LOCK2 * for 4 SENT from 10 to 18 at 1316051253.846718 standard 1
VSS_READY 191 for 4 SENT from 10 to 18 at 1316051253.846718 standard 1
PRE_VSS_READY * for 4 SENT from 10 to 19 at 1316051253.848181 standard 1
BEFORE_LOCK * for 4 SENT from 10 to 19 at 1316051253.848187 standard 1
AFTER_LOCK * for 4 SENT from 10 to 19 at 1316051253.848188 standard 1
AFTER_AFTER_LOCK * for 4 SENT from 10 to 19 at 1316051253.848226 standard 1
AFTER_LOCK2 * for 4 SENT from 10 to 19 at 1316051253.848226 standard 1
VSS_READY 192 for 4 SENT from 10 to 19 at 1316051253.848226 standard 1
PRE_VSS_READY * for 4 SENT from 10 to 20 at 1316051253.849722 standard 1
BEFORE_LOCK * for 4 SENT from 10 to 20 at 1316051253.849728 standard 1
AFTER_LOCK * for 4 SENT from 10 to 20 at 1316051253.849729 standard 1
AFTER_AFTER_LOCK * for 4 SENT from 10 to 20 at 1316051253.849729 standard 1
AFTER_LOCK2 * for 4 SENT from 10 to 20 at 1316051253.849729 standard 1
VSS_READY 193 for 4 SENT from 10 to 20 at 1316051253.849730 standard 1
VSS_READY 362 for 4 RECEIVED from 1 to 10 at 1316051253.849751
VSS_READY 183 for 4 RECEIVED from 9 to 10 at 1316051253.861842
VSS_READY 122 for 4 RECEIVED from 4 to 10 at 1316051253.874018
VSS_READY 183 for 4 RECEIVED from 10 to 10 at 1316051253.886180
VSS_READY 155 for 4 RECEIVED from 11 to 10 at 1316051253.898519
VSS_READY 184 for 4 RECEIVED from 14 to 10 at 1316051253.910724
VSS_READY 184 for 4 RECEIVED from 16 to 10 at 1316051253.922814
VSS_READY 184 for 4 RECEIVED from 17 to 10 at 1316051253.935079
VSS_READY 184 for 4 RECEIVED from 7 to 10 at 1316051253.947298
VSS_READY 205 for 4 RECEIVED from 12 to 10 at 1316051253.990835
VSS_READY 191 for 4 RECEIVED from 19 to 10 at 1316051254.131757
VSS_READY 213 for 4 RECEIVED from 15 to 10 at 1316051254.225009



*============================================
*2ENOUGH VSS_READY message for 10 at 1316051254.225009
*Threshold : Ready = 12
*Received Ready Message Num = 12
*VSS Share is complete for dealer 4
============================================

BEFORE_LOCK * for 4 SENT from 10 to 1 at 1316051254.237898 standard 1
AFTER_LOCK * for 4 SENT from 10 to 1 at 1316051254.237899 standard 1
AFTER_AFTER_LOCK * for 4 SENT from 10 to 1 at 1316051254.237940 standard 1
AFTER_LOCK2 * for 4 SENT from 10 to 1 at 1316051254.237940 standard 1
VSS_SHARED 305 for 4 SENT from 10 to 1 at 1316051254.237954 standard 1
VSS_READY 154 for 4 RECEIVED from 18 to 10 at 1316051254.346944
VSS_ECHO 502 for 5 RECEIVED from 1 to 10 at 1316051254.815406
VSS_ECHO 40 for 1 RECEIVED from 5 to 10 at 1316051254.869629
VSS_ECHO 281 for 4 RECEIVED from 4 to 10 at 1316051255.010595
VSS_READY 96 for 1 RECEIVED from 5 to 10 at 1316051255.152273
VSS_ECHO 303 for 5 RECEIVED from 19 to 10 at 1316051255.223628
VSS_ECHO 329 for 5 RECEIVED from 7 to 10 at 1316051255.484575
VSS_ECHO 336 for 5 RECEIVED from 4 to 10 at 1316051255.492812
VSS_ECHO 300 for 5 RECEIVED from 11 to 10 at 1316051255.500936
VSS_ECHO 328 for 5 RECEIVED from 16 to 10 at 1316051255.508887
VSS_SEND 12 for * RECEIVED from 5 to 10 at 1316051255.517020
VSSECHO_STAGE3 * for * SENT from * to * at 1316051255.531836
VSSECHO_STAGE4 * for * SENT from * to * at 1316051255.531883
BEFORE_LOCK * for 5 SENT from 10 to 1 at 1316051255.531886 standard 1
AFTER_LOCK * for 5 SENT from 10 to 1 at 1316051255.531887 standard 1
AFTER_AFTER_LOCK * for 5 SENT from 10 to 1 at 1316051255.531928 standard 1
AFTER_LOCK2 * for 5 SENT from 10 to 1 at 1316051255.531928 standard 1
VSS_ECHO 332 for 5 SENT from 10 to 1 at 1316051255.531941 standard 1
VSSECHO_STAGE3 * for * SENT from * to * at 1316051255.531964
VSSECHO_STAGE4 * for * SENT from * to * at 1316051255.532010
BEFORE_LOCK * for 5 SENT from 10 to 2 at 1316051255.532013 standard 1
AFTER_LOCK * for 5 SENT from 10 to 2 at 1316051255.532014 standard 1
AFTER_AFTER_LOCK * for 5 SENT from 10 to 2 at 1316051255.532020 standard 1
AFTER_LOCK2 * for 5 SENT from 10 to 2 at 1316051255.532021 standard 1
VSS_ECHO 333 for 5 SENT from 10 to 2 at 1316051255.532031 standard 1
VSSECHO_STAGE3 * for * SENT from * to * at 1316051255.532038
VSSECHO_STAGE4 * for * SENT from * to * at 1316051255.532081
BEFORE_LOCK * for 5 SENT from 10 to 3 at 1316051255.532084 standard 1
AFTER_LOCK * for 5 SENT from 10 to 3 at 1316051255.532085 standard 1
AFTER_AFTER_LOCK * for 5 SENT from 10 to 3 at 1316051255.532090 standard 1
AFTER_LOCK2 * for 5 SENT from 10 to 3 at 1316051255.532090 standard 1
VSS_ECHO 334 for 5 SENT from 10 to 3 at 1316051255.532104 standard 1
VSSECHO_STAGE3 * for * SENT from * to * at 1316051255.532111
VSSECHO_STAGE4 * for * SENT from * to * at 1316051255.532155
BEFORE_LOCK * for 5 SENT from 10 to 4 at 1316051255.532159 standard 1
AFTER_LOCK * for 5 SENT from 10 to 4 at 1316051255.532159 standard 1
AFTER_AFTER_LOCK * for 5 SENT from 10 to 4 at 1316051255.532164 standard 1
AFTER_LOCK2 * for 5 SENT from 10 to 4 at 1316051255.532165 standard 1
VSS_ECHO 335 for 5 SENT from 10 to 4 at 1316051255.532175 standard 1
VSSECHO_STAGE3 * for * SENT from * to * at 1316051255.532182
VSSECHO_STAGE4 * for * SENT from * to * at 1316051255.532225
BEFORE_LOCK * for 5 SENT from 10 to 5 at 1316051255.532229 standard 1
AFTER_LOCK * for 5 SENT from 10 to 5 at 1316051255.532229 standard 1
AFTER_AFTER_LOCK * for 5 SENT from 10 to 5 at 1316051255.532234 standard 1
AFTER_LOCK2 * for 5 SENT from 10 to 5 at 1316051255.532235 standard 1
VSS_ECHO 336 for 5 SENT from 10 to 5 at 1316051255.532245 standard 1
VSSECHO_STAGE3 * for * SENT from * to * at 1316051255.532252
VSSECHO_STAGE4 * for * SENT from * to * at 1316051255.532303
BEFORE_LOCK * for 5 SENT from 10 to 6 at 1316051255.532306 standard 1
AFTER_LOCK * for 5 SENT from 10 to 6 at 1316051255.532307 standard 1
AFTER_AFTER_LOCK * for 5 SENT from 10 to 6 at 1316051255.532312 standard 1
AFTER_LOCK2 * for 5 SENT from 10 to 6 at 1316051255.532312 standard 1
VSS_ECHO 337 for 5 SENT from 10 to 6 at 1316051255.532323 standard 1
VSSECHO_STAGE3 * for * SENT from * to * at 1316051255.532330
VSSECHO_STAGE4 * for * SENT from * to * at 1316051255.532377
BEFORE_LOCK * for 5 SENT from 10 to 7 at 1316051255.532381 standard 1
AFTER_LOCK * for 5 SENT from 10 to 7 at 1316051255.532381 standard 1
AFTER_AFTER_LOCK * for 5 SENT from 10 to 7 at 1316051255.532387 standard 1
AFTER_LOCK2 * for 5 SENT from 10 to 7 at 1316051255.532387 standard 1
VSS_ECHO 338 for 5 SENT from 10 to 7 at 1316051255.532398 standard 1
VSSECHO_STAGE3 * for * SENT from * to * at 1316051255.532406
VSSECHO_STAGE4 * for * SENT from * to * at 1316051255.532454
BEFORE_LOCK * for 5 SENT from 10 to 8 at 1316051255.532458 standard 1
AFTER_LOCK * for 5 SENT from 10 to 8 at 1316051255.532458 standard 1
AFTER_AFTER_LOCK * for 5 SENT from 10 to 8 at 1316051255.532459 standard 1
AFTER_LOCK2 * for 5 SENT from 10 to 8 at 1316051255.532459 standard 1
VSS_ECHO 339 for 5 SENT from 10 to 8 at 1316051255.532468 standard 1
VSSECHO_STAGE3 * for * SENT from * to * at 1316051255.532476
VSSECHO_STAGE4 * for * SENT from * to * at 1316051255.532520
BEFORE_LOCK * for 5 SENT from 10 to 9 at 1316051255.532523 standard 1
AFTER_LOCK * for 5 SENT from 10 to 9 at 1316051255.532523 standard 1
AFTER_AFTER_LOCK * for 5 SENT from 10 to 9 at 1316051255.532529 standard 1
AFTER_LOCK2 * for 5 SENT from 10 to 9 at 1316051255.532529 standard 1
VSS_ECHO 340 for 5 SENT from 10 to 9 at 1316051255.532539 standard 1
VSSECHO_STAGE3 * for * SENT from * to * at 1316051255.532546
VSSECHO_STAGE4 * for * SENT from * to * at 1316051255.532588
BEFORE_LOCK * for 5 SENT from 10 to 10 at 1316051255.532592 standard 1
AFTER_LOCK * for 5 SENT from 10 to 10 at 1316051255.532592 standard 1
AFTER_AFTER_LOCK * for 5 SENT from 10 to 10 at 1316051255.532597 standard 1
AFTER_LOCK2 * for 5 SENT from 10 to 10 at 1316051255.532597 standard 1
VSS_ECHO 341 for 5 SENT from 10 to 10 at 1316051255.532613 standard 1
VSSECHO_STAGE3 * for * SENT from * to * at 1316051255.532668
VSSECHO_STAGE4 * for * SENT from * to * at 1316051255.532712
BEFORE_LOCK * for 5 SENT from 10 to 11 at 1316051255.532716 standard 1
AFTER_LOCK * for 5 SENT from 10 to 11 at 1316051255.532716 standard 1
AFTER_AFTER_LOCK * for 5 SENT from 10 to 11 at 1316051255.532757 standard 1
AFTER_LOCK2 * for 5 SENT from 10 to 11 at 1316051255.532757 standard 1
VSS_ECHO 342 for 5 SENT from 10 to 11 at 1316051255.532769 standard 1
VSSECHO_STAGE3 * for * SENT from * to * at 1316051255.532778
VSSECHO_STAGE4 * for * SENT from * to * at 1316051255.532825
BEFORE_LOCK * for 5 SENT from 10 to 12 at 1316051255.532829 standard 1
AFTER_LOCK * for 5 SENT from 10 to 12 at 1316051255.532829 standard 1
AFTER_AFTER_LOCK * for 5 SENT from 10 to 12 at 1316051255.532835 standard 1
AFTER_LOCK2 * for 5 SENT from 10 to 12 at 1316051255.532835 standard 1
VSS_ECHO 343 for 5 SENT from 10 to 12 at 1316051255.532846 standard 1
VSSECHO_STAGE3 * for * SENT from * to * at 1316051255.532853
VSSECHO_STAGE4 * for * SENT from * to * at 1316051255.532933
BEFORE_LOCK * for 5 SENT from 10 to 13 at 1316051255.532936 standard 1
AFTER_LOCK * for 5 SENT from 10 to 13 at 1316051255.532937 standard 1
AFTER_AFTER_LOCK * for 5 SENT from 10 to 13 at 1316051255.532942 standard 1
AFTER_LOCK2 * for 5 SENT from 10 to 13 at 1316051255.532942 standard 1
VSS_ECHO 344 for 5 SENT from 10 to 13 at 1316051255.532952 standard 1
VSSECHO_STAGE3 * for * SENT from * to * at 1316051255.532959
VSSECHO_STAGE4 * for * SENT from * to * at 1316051255.533005
BEFORE_LOCK * for 5 SENT from 10 to 14 at 1316051255.533008 standard 1
AFTER_LOCK * for 5 SENT from 10 to 14 at 1316051255.533009 standard 1
AFTER_AFTER_LOCK * for 5 SENT from 10 to 14 at 1316051255.533014 standard 1
AFTER_LOCK2 * for 5 SENT from 10 to 14 at 1316051255.533014 standard 1
VSS_ECHO 345 for 5 SENT from 10 to 14 at 1316051255.533024 standard 1
VSSECHO_STAGE3 * for * SENT from * to * at 1316051255.533031
VSSECHO_STAGE4 * for * SENT from * to * at 1316051255.533077
BEFORE_LOCK * for 5 SENT from 10 to 15 at 1316051255.533081 standard 1
AFTER_LOCK * for 5 SENT from 10 to 15 at 1316051255.533081 standard 1
AFTER_AFTER_LOCK * for 5 SENT from 10 to 15 at 1316051255.533087 standard 1
AFTER_LOCK2 * for 5 SENT from 10 to 15 at 1316051255.533088 standard 1
VSS_ECHO 346 for 5 SENT from 10 to 15 at 1316051255.533098 standard 1
VSSECHO_STAGE3 * for * SENT from * to * at 1316051255.533105
VSSECHO_STAGE4 * for * SENT from * to * at 1316051255.533148
BEFORE_LOCK * for 5 SENT from 10 to 16 at 1316051255.533151 standard 1
AFTER_LOCK * for 5 SENT from 10 to 16 at 1316051255.533152 standard 1
AFTER_AFTER_LOCK * for 5 SENT from 10 to 16 at 1316051255.533159 standard 1
AFTER_LOCK2 * for 5 SENT from 10 to 16 at 1316051255.533159 standard 1
VSS_ECHO 347 for 5 SENT from 10 to 16 at 1316051255.533170 standard 1
VSSECHO_STAGE3 * for * SENT from * to * at 1316051255.533177
VSSECHO_STAGE4 * for * SENT from * to * at 1316051255.533220
BEFORE_LOCK * for 5 SENT from 10 to 17 at 1316051255.533224 standard 1
AFTER_LOCK * for 5 SENT from 10 to 17 at 1316051255.533224 standard 1
AFTER_AFTER_LOCK * for 5 SENT from 10 to 17 at 1316051255.533229 standard 1
AFTER_LOCK2 * for 5 SENT from 10 to 17 at 1316051255.533229 standard 1
VSS_ECHO 348 for 5 SENT from 10 to 17 at 1316051255.533240 standard 1
VSSECHO_STAGE3 * for * SENT from * to * at 1316051255.533247
VSSECHO_STAGE4 * for * SENT from * to * at 1316051255.533290
BEFORE_LOCK * for 5 SENT from 10 to 18 at 1316051255.533293 standard 1
AFTER_LOCK * for 5 SENT from 10 to 18 at 1316051255.533294 standard 1
AFTER_AFTER_LOCK * for 5 SENT from 10 to 18 at 1316051255.533299 standard 1
AFTER_LOCK2 * for 5 SENT from 10 to 18 at 1316051255.533299 standard 1
VSS_ECHO 349 for 5 SENT from 10 to 18 at 1316051255.533309 standard 1
VSSECHO_STAGE3 * for * SENT from * to * at 1316051255.533316
VSSECHO_STAGE4 * for * SENT from * to * at 1316051255.533370
BEFORE_LOCK * for 5 SENT from 10 to 19 at 1316051255.533374 standard 1
AFTER_LOCK * for 5 SENT from 10 to 19 at 1316051255.533375 standard 1
AFTER_AFTER_LOCK * for 5 SENT from 10 to 19 at 1316051255.533380 standard 1
AFTER_LOCK2 * for 5 SENT from 10 to 19 at 1316051255.533381 standard 1
VSS_ECHO 350 for 5 SENT from 10 to 19 at 1316051255.533391 standard 1
VSSECHO_STAGE3 * for * SENT from * to * at 1316051255.533398
VSSECHO_STAGE4 * for * SENT from * to * at 1316051255.533447
BEFORE_LOCK * for 5 SENT from 10 to 20 at 1316051255.533451 standard 1
AFTER_LOCK * for 5 SENT from 10 to 20 at 1316051255.533451 standard 1
AFTER_AFTER_LOCK * for 5 SENT from 10 to 20 at 1316051255.533451 standard 1
AFTER_LOCK2 * for 5 SENT from 10 to 20 at 1316051255.533452 standard 1
VSS_ECHO 351 for 5 SENT from 10 to 20 at 1316051255.533461 standard 1
VSS_ECHO 323 for 5 RECEIVED from 12 to 10 at 1316051255.533474
VSS_ECHO 341 for 5 RECEIVED from 10 to 10 at 1316051255.541664
VSS_READY 171 for 4 RECEIVED from 5 to 10 at 1316051255.549831
VSS_ECHO 340 for 5 RECEIVED from 9 to 10 at 1316051255.585620
VSS_ECHO 342 for 5 RECEIVED from 14 to 10 at 1316051255.593593
VSS_ECHO 217 for 4 RECEIVED from 5 to 10 at 1316051256.037498
VSS_ECHO 552 for 2 RECEIVED from 1 to 10 at 1316051256.155169
VSS_ECHO 376 for 2 RECEIVED from 9 to 10 at 1316051256.243450
VSS_SEND 12 for * RECEIVED from 2 to 10 at 1316051256.254333
VSSECHO_STAGE3 * for * SENT from * to * at 1316051256.269742
VSSECHO_STAGE4 * for * SENT from * to * at 1316051256.269788
BEFORE_LOCK * for 2 SENT from 10 to 1 at 1316051256.269791 standard 1
AFTER_LOCK * for 2 SENT from 10 to 1 at 1316051256.269792 standard 1
AFTER_AFTER_LOCK * for 2 SENT from 10 to 1 at 1316051256.269832 standard 1
AFTER_LOCK2 * for 2 SENT from 10 to 1 at 1316051256.269832 standard 1
VSS_ECHO 368 for 2 SENT from 10 to 1 at 1316051256.269845 standard 1
VSSECHO_STAGE3 * for * SENT from * to * at 1316051256.269891
VSSECHO_STAGE4 * for * SENT from * to * at 1316051256.269934
BEFORE_LOCK * for 2 SENT from 10 to 2 at 1316051256.269938 standard 1
AFTER_LOCK * for 2 SENT from 10 to 2 at 1316051256.269938 standard 1
AFTER_AFTER_LOCK * for 2 SENT from 10 to 2 at 1316051256.269945 standard 1
AFTER_LOCK2 * for 2 SENT from 10 to 2 at 1316051256.269945 standard 1
VSS_ECHO 369 for 2 SENT from 10 to 2 at 1316051256.269956 standard 1
VSSECHO_STAGE3 * for * SENT from * to * at 1316051256.269963
VSSECHO_STAGE4 * for * SENT from * to * at 1316051256.270006
BEFORE_LOCK * for 2 SENT from 10 to 3 at 1316051256.270010 standard 1
AFTER_LOCK * for 2 SENT from 10 to 3 at 1316051256.270010 standard 1
AFTER_AFTER_LOCK * for 2 SENT from 10 to 3 at 1316051256.270015 standard 1
AFTER_LOCK2 * for 2 SENT from 10 to 3 at 1316051256.270015 standard 1
VSS_ECHO 370 for 2 SENT from 10 to 3 at 1316051256.270026 standard 1
VSSECHO_STAGE3 * for * SENT from * to * at 1316051256.270035
VSSECHO_STAGE4 * for * SENT from * to * at 1316051256.270079
BEFORE_LOCK * for 2 SENT from 10 to 4 at 1316051256.270082 standard 1
AFTER_LOCK * for 2 SENT from 10 to 4 at 1316051256.270083 standard 1
AFTER_AFTER_LOCK * for 2 SENT from 10 to 4 at 1316051256.270088 standard 1
AFTER_LOCK2 * for 2 SENT from 10 to 4 at 1316051256.270088 standard 1
VSS_ECHO 371 for 2 SENT from 10 to 4 at 1316051256.270099 standard 1
VSSECHO_STAGE3 * for * SENT from * to * at 1316051256.270106
VSSECHO_STAGE4 * for * SENT from * to * at 1316051256.270149
BEFORE_LOCK * for 2 SENT from 10 to 5 at 1316051256.270152 standard 1
AFTER_LOCK * for 2 SENT from 10 to 5 at 1316051256.270153 standard 1
AFTER_AFTER_LOCK * for 2 SENT from 10 to 5 at 1316051256.270158 standard 1
AFTER_LOCK2 * for 2 SENT from 10 to 5 at 1316051256.270158 standard 1
VSS_ECHO 372 for 2 SENT from 10 to 5 at 1316051256.270168 standard 1
VSSECHO_STAGE3 * for * SENT from * to * at 1316051256.270175
VSSECHO_STAGE4 * for * SENT from * to * at 1316051256.270221
BEFORE_LOCK * for 2 SENT from 10 to 6 at 1316051256.270224 standard 1
AFTER_LOCK * for 2 SENT from 10 to 6 at 1316051256.270225 standard 1
AFTER_AFTER_LOCK * for 2 SENT from 10 to 6 at 1316051256.270229 standard 1
AFTER_LOCK2 * for 2 SENT from 10 to 6 at 1316051256.270230 standard 1
VSS_ECHO 373 for 2 SENT from 10 to 6 at 1316051256.270250 standard 1
VSSECHO_STAGE3 * for * SENT from * to * at 1316051256.270258
VSSECHO_STAGE4 * for * SENT from * to * at 1316051256.270302
BEFORE_LOCK * for 2 SENT from 10 to 7 at 1316051256.270306 standard 1
AFTER_LOCK * for 2 SENT from 10 to 7 at 1316051256.270306 standard 1
AFTER_AFTER_LOCK * for 2 SENT from 10 to 7 at 1316051256.270312 standard 1
AFTER_LOCK2 * for 2 SENT from 10 to 7 at 1316051256.270312 standard 1
VSS_ECHO 374 for 2 SENT from 10 to 7 at 1316051256.270322 standard 1
VSSECHO_STAGE3 * for * SENT from * to * at 1316051256.270329
VSSECHO_STAGE4 * for * SENT from * to * at 1316051256.270372
BEFORE_LOCK * for 2 SENT from 10 to 8 at 1316051256.270375 standard 1
AFTER_LOCK * for 2 SENT from 10 to 8 at 1316051256.270375 standard 1
AFTER_AFTER_LOCK * for 2 SENT from 10 to 8 at 1316051256.270376 standard 1
AFTER_LOCK2 * for 2 SENT from 10 to 8 at 1316051256.270376 standard 1
VSS_ECHO 375 for 2 SENT from 10 to 8 at 1316051256.270387 standard 1
VSSECHO_STAGE3 * for * SENT from * to * at 1316051256.270394
VSSECHO_STAGE4 * for * SENT from * to * at 1316051256.270435
BEFORE_LOCK * for 2 SENT from 10 to 9 at 1316051256.270439 standard 1
AFTER_LOCK * for 2 SENT from 10 to 9 at 1316051256.270443 standard 1
AFTER_AFTER_LOCK * for 2 SENT from 10 to 9 at 1316051256.270450 standard 1
AFTER_LOCK2 * for 2 SENT from 10 to 9 at 1316051256.270450 standard 1
VSS_ECHO 376 for 2 SENT from 10 to 9 at 1316051256.270463 standard 1
VSSECHO_STAGE3 * for * SENT from * to * at 1316051256.270473
VSSECHO_STAGE4 * for * SENT from * to * at 1316051256.270554
BEFORE_LOCK * for 2 SENT from 10 to 10 at 1316051256.270559 standard 1
AFTER_LOCK * for 2 SENT from 10 to 10 at 1316051256.270560 standard 1
AFTER_AFTER_LOCK * for 2 SENT from 10 to 10 at 1316051256.270598 standard 1
AFTER_LOCK2 * for 2 SENT from 10 to 10 at 1316051256.270598 standard 1
VSS_ECHO 377 for 2 SENT from 10 to 10 at 1316051256.270613 standard 1
VSSECHO_STAGE3 * for * SENT from * to * at 1316051256.270622
VSSECHO_STAGE4 * for * SENT from * to * at 1316051256.270689
BEFORE_LOCK * for 2 SENT from 10 to 11 at 1316051256.270693 standard 1
AFTER_LOCK * for 2 SENT from 10 to 11 at 1316051256.270693 standard 1
AFTER_AFTER_LOCK * for 2 SENT from 10 to 11 at 1316051256.270701 standard 1
AFTER_LOCK2 * for 2 SENT from 10 to 11 at 1316051256.270701 standard 1
VSS_ECHO 378 for 2 SENT from 10 to 11 at 1316051256.270711 standard 1
VSSECHO_STAGE3 * for * SENT from * to * at 1316051256.270718
VSSECHO_STAGE4 * for * SENT from * to * at 1316051256.270762
BEFORE_LOCK * for 2 SENT from 10 to 12 at 1316051256.270765 standard 1
AFTER_LOCK * for 2 SENT from 10 to 12 at 1316051256.270765 standard 1
AFTER_AFTER_LOCK * for 2 SENT from 10 to 12 at 1316051256.270771 standard 1
AFTER_LOCK2 * for 2 SENT from 10 to 12 at 1316051256.270771 standard 1
VSS_ECHO 379 for 2 SENT from 10 to 12 at 1316051256.270782 standard 1
VSSECHO_STAGE3 * for * SENT from * to * at 1316051256.270789
VSSECHO_STAGE4 * for * SENT from * to * at 1316051256.270831
BEFORE_LOCK * for 2 SENT from 10 to 13 at 1316051256.270835 standard 1
AFTER_LOCK * for 2 SENT from 10 to 13 at 1316051256.270835 standard 1
AFTER_AFTER_LOCK * for 2 SENT from 10 to 13 at 1316051256.270840 standard 1
AFTER_LOCK2 * for 2 SENT from 10 to 13 at 1316051256.270840 standard 1
VSS_ECHO 380 for 2 SENT from 10 to 13 at 1316051256.270850 standard 1
VSSECHO_STAGE3 * for * SENT from * to * at 1316051256.270860
VSSECHO_STAGE4 * for * SENT from * to * at 1316051256.270907
BEFORE_LOCK * for 2 SENT from 10 to 14 at 1316051256.270910 standard 1
AFTER_LOCK * for 2 SENT from 10 to 14 at 1316051256.270911 standard 1
AFTER_AFTER_LOCK * for 2 SENT from 10 to 14 at 1316051256.270916 standard 1
AFTER_LOCK2 * for 2 SENT from 10 to 14 at 1316051256.270916 standard 1
VSS_ECHO 381 for 2 SENT from 10 to 14 at 1316051256.270926 standard 1
VSSECHO_STAGE3 * for * SENT from * to * at 1316051256.270934
VSSECHO_STAGE4 * for * SENT from * to * at 1316051256.270983
BEFORE_LOCK * for 2 SENT from 10 to 15 at 1316051256.270987 standard 1
AFTER_LOCK * for 2 SENT from 10 to 15 at 1316051256.270988 standard 1
AFTER_AFTER_LOCK * for 2 SENT from 10 to 15 at 1316051256.270993 standard 1
AFTER_LOCK2 * for 2 SENT from 10 to 15 at 1316051256.270994 standard 1
VSS_ECHO 382 for 2 SENT from 10 to 15 at 1316051256.271005 standard 1
VSSECHO_STAGE3 * for * SENT from * to * at 1316051256.271012
VSSECHO_STAGE4 * for * SENT from * to * at 1316051256.271057
BEFORE_LOCK * for 2 SENT from 10 to 16 at 1316051256.271061 standard 1
AFTER_LOCK * for 2 SENT from 10 to 16 at 1316051256.271061 standard 1
AFTER_AFTER_LOCK * for 2 SENT from 10 to 16 at 1316051256.271066 standard 1
AFTER_LOCK2 * for 2 SENT from 10 to 16 at 1316051256.271066 standard 1
VSS_ECHO 383 for 2 SENT from 10 to 16 at 1316051256.271076 standard 1
VSSECHO_STAGE3 * for * SENT from * to * at 1316051256.271084
VSSECHO_STAGE4 * for * SENT from * to * at 1316051256.271128
BEFORE_LOCK * for 2 SENT from 10 to 17 at 1316051256.271132 standard 1
AFTER_LOCK * for 2 SENT from 10 to 17 at 1316051256.271132 standard 1
AFTER_AFTER_LOCK * for 2 SENT from 10 to 17 at 1316051256.271137 standard 1
AFTER_LOCK2 * for 2 SENT from 10 to 17 at 1316051256.271137 standard 1
VSS_ECHO 384 for 2 SENT from 10 to 17 at 1316051256.271148 standard 1
VSSECHO_STAGE3 * for * SENT from * to * at 1316051256.271155
VSSECHO_STAGE4 * for * SENT from * to * at 1316051256.271199
BEFORE_LOCK * for 2 SENT from 10 to 18 at 1316051256.271203 standard 1
AFTER_LOCK * for 2 SENT from 10 to 18 at 1316051256.271203 standard 1
AFTER_AFTER_LOCK * for 2 SENT from 10 to 18 at 1316051256.271209 standard 1
AFTER_LOCK2 * for 2 SENT from 10 to 18 at 1316051256.271210 standard 1
VSS_ECHO 385 for 2 SENT from 10 to 18 at 1316051256.271220 standard 1
VSSECHO_STAGE3 * for * SENT from * to * at 1316051256.271228
VSSECHO_STAGE4 * for * SENT from * to * at 1316051256.271272
BEFORE_LOCK * for 2 SENT from 10 to 19 at 1316051256.271276 standard 1
AFTER_LOCK * for 2 SENT from 10 to 19 at 1316051256.271276 standard 1
AFTER_AFTER_LOCK * for 2 SENT from 10 to 19 at 1316051256.271281 standard 1
AFTER_LOCK2 * for 2 SENT from 10 to 19 at 1316051256.271281 standard 1
VSS_ECHO 386 for 2 SENT from 10 to 19 at 1316051256.271292 standard 1
VSSECHO_STAGE3 * for * SENT from * to * at 1316051256.271299
VSSECHO_STAGE4 * for * SENT from * to * at 1316051256.271342
BEFORE_LOCK * for 2 SENT from 10 to 20 at 1316051256.271346 standard 1
AFTER_LOCK * for 2 SENT from 10 to 20 at 1316051256.271346 standard 1
AFTER_AFTER_LOCK * for 2 SENT from 10 to 20 at 1316051256.271346 standard 1
AFTER_LOCK2 * for 2 SENT from 10 to 20 at 1316051256.271346 standard 1
VSS_ECHO 387 for 2 SENT from 10 to 20 at 1316051256.271356 standard 1
VSS_ECHO 359 for 2 RECEIVED from 12 to 10 at 1316051256.271366
VSS_ECHO 377 for 2 RECEIVED from 10 to 10 at 1316051256.279573
VSS_ECHO 40 for 1 RECEIVED from 2 to 10 at 1316051256.288072
VSS_ECHO 378 for 2 RECEIVED from 7 to 10 at 1316051256.394740
VSS_ECHO 400 for 2 RECEIVED from 4 to 10 at 1316051256.403335
VSS_ECHO 349 for 2 RECEIVED from 11 to 10 at 1316051256.411728
VSS_ECHO 377 for 2 RECEIVED from 16 to 10 at 1316051256.420157
VSS_ECHO 363 for 2 RECEIVED from 17 to 10 at 1316051256.487572
VSS_ECHO 385 for 2 RECEIVED from 14 to 10 at 1316051256.509300
VSS_ECHO 369 for 2 RECEIVED from 19 to 10 at 1316051256.523921
VSS_READY 96 for 1 RECEIVED from 2 to 10 at 1316051256.635893
VSS_READY 430 for 2 RECEIVED from 4 to 10 at 1316051256.649589
VSS_ECHO 340 for 2 RECEIVED from 15 to 10 at 1316051256.663334



============================================
*ENOUGH VSS_ECHO message for 2 at 1316051256.663334
*Threshold : echo = 12
*Received Echo Message Num = 12
*Ready messages are sending out...
============================================

PRE_VSS_READY * for 2 SENT from 10 to 1 at 1316051256.674686 standard 1
BEFORE_LOCK * for 2 SENT from 10 to 1 at 1316051256.674693 standard 1
AFTER_LOCK * for 2 SENT from 10 to 1 at 1316051256.674694 standard 1
AFTER_AFTER_LOCK * for 2 SENT from 10 to 1 at 1316051256.674734 standard 1
AFTER_LOCK2 * for 2 SENT from 10 to 1 at 1316051256.674735 standard 1
VSS_READY 427 for 2 SENT from 10 to 1 at 1316051256.674735 standard 1
PRE_VSS_READY * for 2 SENT from 10 to 2 at 1316051256.676298 standard 1
BEFORE_LOCK * for 2 SENT from 10 to 2 at 1316051256.676305 standard 1
AFTER_LOCK * for 2 SENT from 10 to 2 at 1316051256.676306 standard 1
AFTER_AFTER_LOCK * for 2 SENT from 10 to 2 at 1316051256.676344 standard 1
AFTER_LOCK2 * for 2 SENT from 10 to 2 at 1316051256.676344 standard 1
VSS_READY 428 for 2 SENT from 10 to 2 at 1316051256.676344 standard 1
PRE_VSS_READY * for 2 SENT from 10 to 3 at 1316051256.678169 standard 1
BEFORE_LOCK * for 2 SENT from 10 to 3 at 1316051256.678176 standard 1
AFTER_LOCK * for 2 SENT from 10 to 3 at 1316051256.678177 standard 1
AFTER_AFTER_LOCK * for 2 SENT from 10 to 3 at 1316051256.678183 standard 1
AFTER_LOCK2 * for 2 SENT from 10 to 3 at 1316051256.678183 standard 1
VSS_READY 429 for 2 SENT from 10 to 3 at 1316051256.678184 standard 1
PRE_VSS_READY * for 2 SENT from 10 to 4 at 1316051256.679935 standard 1
BEFORE_LOCK * for 2 SENT from 10 to 4 at 1316051256.679943 standard 1
AFTER_LOCK * for 2 SENT from 10 to 4 at 1316051256.679943 standard 1
AFTER_AFTER_LOCK * for 2 SENT from 10 to 4 at 1316051256.679981 standard 1
AFTER_LOCK2 * for 2 SENT from 10 to 4 at 1316051256.679981 standard 1
VSS_READY 430 for 2 SENT from 10 to 4 at 1316051256.679982 standard 1
PRE_VSS_READY * for 2 SENT from 10 to 5 at 1316051256.681706 standard 1
BEFORE_LOCK * for 2 SENT from 10 to 5 at 1316051256.681712 standard 1
AFTER_LOCK * for 2 SENT from 10 to 5 at 1316051256.681713 standard 1
AFTER_AFTER_LOCK * for 2 SENT from 10 to 5 at 1316051256.681751 standard 1
AFTER_LOCK2 * for 2 SENT from 10 to 5 at 1316051256.681752 standard 1
VSS_READY 431 for 2 SENT from 10 to 5 at 1316051256.681752 standard 1
PRE_VSS_READY * for 2 SENT from 10 to 6 at 1316051256.683698 standard 1
BEFORE_LOCK * for 2 SENT from 10 to 6 at 1316051256.683704 standard 1
AFTER_LOCK * for 2 SENT from 10 to 6 at 1316051256.683705 standard 1
AFTER_AFTER_LOCK * for 2 SENT from 10 to 6 at 1316051256.683744 standard 1
AFTER_LOCK2 * for 2 SENT from 10 to 6 at 1316051256.683744 standard 1
VSS_READY 432 for 2 SENT from 10 to 6 at 1316051256.683744 standard 1
PRE_VSS_READY * for 2 SENT from 10 to 7 at 1316051256.685407 standard 1
BEFORE_LOCK * for 2 SENT from 10 to 7 at 1316051256.685414 standard 1
AFTER_LOCK * for 2 SENT from 10 to 7 at 1316051256.685414 standard 1
AFTER_AFTER_LOCK * for 2 SENT from 10 to 7 at 1316051256.685455 standard 1
AFTER_LOCK2 * for 2 SENT from 10 to 7 at 1316051256.685455 standard 1
VSS_READY 433 for 2 SENT from 10 to 7 at 1316051256.685456 standard 1
PRE_VSS_READY * for 2 SENT from 10 to 8 at 1316051256.687290 standard 1
BEFORE_LOCK * for 2 SENT from 10 to 8 at 1316051256.687299 standard 1
AFTER_LOCK * for 2 SENT from 10 to 8 at 1316051256.687300 standard 1
AFTER_AFTER_LOCK * for 2 SENT from 10 to 8 at 1316051256.687300 standard 1
AFTER_LOCK2 * for 2 SENT from 10 to 8 at 1316051256.687300 standard 1
VSS_READY 434 for 2 SENT from 10 to 8 at 1316051256.687301 standard 1
PRE_VSS_READY * for 2 SENT from 10 to 9 at 1316051256.689290 standard 1
BEFORE_LOCK * for 2 SENT from 10 to 9 at 1316051256.689297 standard 1
AFTER_LOCK * for 2 SENT from 10 to 9 at 1316051256.689298 standard 1
AFTER_AFTER_LOCK * for 2 SENT from 10 to 9 at 1316051256.689340 standard 1
AFTER_LOCK2 * for 2 SENT from 10 to 9 at 1316051256.689340 standard 1
VSS_READY 435 for 2 SENT from 10 to 9 at 1316051256.689341 standard 1
PRE_VSS_READY * for 2 SENT from 10 to 10 at 1316051256.691017 standard 1
BEFORE_LOCK * for 2 SENT from 10 to 10 at 1316051256.691024 standard 1
AFTER_LOCK * for 2 SENT from 10 to 10 at 1316051256.691024 standard 1
AFTER_AFTER_LOCK * for 2 SENT from 10 to 10 at 1316051256.691062 standard 1
AFTER_LOCK2 * for 2 SENT from 10 to 10 at 1316051256.691062 standard 1
VSS_READY 436 for 2 SENT from 10 to 10 at 1316051256.691063 standard 1
PRE_VSS_READY * for 2 SENT from 10 to 11 at 1316051256.692779 standard 1
BEFORE_LOCK * for 2 SENT from 10 to 11 at 1316051256.692792 standard 1
AFTER_LOCK * for 2 SENT from 10 to 11 at 1316051256.692792 standard 1
AFTER_AFTER_LOCK * for 2 SENT from 10 to 11 at 1316051256.692830 standard 1
AFTER_LOCK2 * for 2 SENT from 10 to 11 at 1316051256.692830 standard 1
VSS_READY 437 for 2 SENT from 10 to 11 at 1316051256.692830 standard 1
PRE_VSS_READY * for 2 SENT from 10 to 12 at 1316051256.694724 standard 1
BEFORE_LOCK * for 2 SENT from 10 to 12 at 1316051256.694730 standard 1
AFTER_LOCK * for 2 SENT from 10 to 12 at 1316051256.694731 standard 1
AFTER_AFTER_LOCK * for 2 SENT from 10 to 12 at 1316051256.694769 standard 1
AFTER_LOCK2 * for 2 SENT from 10 to 12 at 1316051256.694769 standard 1
VSS_READY 438 for 2 SENT from 10 to 12 at 1316051256.694769 standard 1
PRE_VSS_READY * for 2 SENT from 10 to 13 at 1316051256.696848 standard 1
BEFORE_LOCK * for 2 SENT from 10 to 13 at 1316051256.696856 standard 1
AFTER_LOCK * for 2 SENT from 10 to 13 at 1316051256.696857 standard 1
AFTER_AFTER_LOCK * for 2 SENT from 10 to 13 at 1316051256.696895 standard 1
AFTER_LOCK2 * for 2 SENT from 10 to 13 at 1316051256.696895 standard 1
VSS_READY 439 for 2 SENT from 10 to 13 at 1316051256.696895 standard 1
PRE_VSS_READY * for 2 SENT from 10 to 14 at 1316051256.698630 standard 1
BEFORE_LOCK * for 2 SENT from 10 to 14 at 1316051256.698636 standard 1
AFTER_LOCK * for 2 SENT from 10 to 14 at 1316051256.698637 standard 1
AFTER_AFTER_LOCK * for 2 SENT from 10 to 14 at 1316051256.698745 standard 1
AFTER_LOCK2 * for 2 SENT from 10 to 14 at 1316051256.698746 standard 1
VSS_READY 440 for 2 SENT from 10 to 14 at 1316051256.698746 standard 1
PRE_VSS_READY * for 2 SENT from 10 to 15 at 1316051256.700646 standard 1
BEFORE_LOCK * for 2 SENT from 10 to 15 at 1316051256.700653 standard 1
AFTER_LOCK * for 2 SENT from 10 to 15 at 1316051256.700653 standard 1
AFTER_AFTER_LOCK * for 2 SENT from 10 to 15 at 1316051256.700691 standard 1
AFTER_LOCK2 * for 2 SENT from 10 to 15 at 1316051256.700692 standard 1
VSS_READY 441 for 2 SENT from 10 to 15 at 1316051256.700692 standard 1
PRE_VSS_READY * for 2 SENT from 10 to 16 at 1316051256.702465 standard 1
BEFORE_LOCK * for 2 SENT from 10 to 16 at 1316051256.702542 standard 1
AFTER_LOCK * for 2 SENT from 10 to 16 at 1316051256.702543 standard 1
AFTER_AFTER_LOCK * for 2 SENT from 10 to 16 at 1316051256.702595 standard 1
AFTER_LOCK2 * for 2 SENT from 10 to 16 at 1316051256.702596 standard 1
VSS_READY 442 for 2 SENT from 10 to 16 at 1316051256.702596 standard 1
PRE_VSS_READY * for 2 SENT from 10 to 17 at 1316051256.704244 standard 1
BEFORE_LOCK * for 2 SENT from 10 to 17 at 1316051256.704250 standard 1
AFTER_LOCK * for 2 SENT from 10 to 17 at 1316051256.704251 standard 1
AFTER_AFTER_LOCK * for 2 SENT from 10 to 17 at 1316051256.704288 standard 1
AFTER_LOCK2 * for 2 SENT from 10 to 17 at 1316051256.704289 standard 1
VSS_READY 443 for 2 SENT from 10 to 17 at 1316051256.704289 standard 1
PRE_VSS_READY * for 2 SENT from 10 to 18 at 1316051256.706098 standard 1
BEFORE_LOCK * for 2 SENT from 10 to 18 at 1316051256.706105 standard 1
AFTER_LOCK * for 2 SENT from 10 to 18 at 1316051256.706106 standard 1
AFTER_AFTER_LOCK * for 2 SENT from 10 to 18 at 1316051256.706145 standard 1
AFTER_LOCK2 * for 2 SENT from 10 to 18 at 1316051256.706145 standard 1
VSS_READY 444 for 2 SENT from 10 to 18 at 1316051256.706145 standard 1
PRE_VSS_READY * for 2 SENT from 10 to 19 at 1316051256.707840 standard 1
BEFORE_LOCK * for 2 SENT from 10 to 19 at 1316051256.707846 standard 1
AFTER_LOCK * for 2 SENT from 10 to 19 at 1316051256.707847 standard 1
AFTER_AFTER_LOCK * for 2 SENT from 10 to 19 at 1316051256.707885 standard 1
AFTER_LOCK2 * for 2 SENT from 10 to 19 at 1316051256.707885 standard 1
VSS_READY 445 for 2 SENT from 10 to 19 at 1316051256.707885 standard 1
PRE_VSS_READY * for 2 SENT from 10 to 20 at 1316051256.709676 standard 1
BEFORE_LOCK * for 2 SENT from 10 to 20 at 1316051256.709683 standard 1
AFTER_LOCK * for 2 SENT from 10 to 20 at 1316051256.709683 standard 1
AFTER_AFTER_LOCK * for 2 SENT from 10 to 20 at 1316051256.709684 standard 1
AFTER_LOCK2 * for 2 SENT from 10 to 20 at 1316051256.709684 standard 1
VSS_READY 446 for 2 SENT from 10 to 20 at 1316051256.709684 standard 1
VSS_READY 593 for 2 RECEIVED from 1 to 10 at 1316051256.709713
VSS_READY 408 for 2 RECEIVED from 9 to 10 at 1316051256.723616
VSS_READY 409 for 2 RECEIVED from 7 to 10 at 1316051256.737166
VSS_READY 436 for 2 RECEIVED from 10 to 10 at 1316051256.750813
VSS_READY 388 for 2 RECEIVED from 11 to 10 at 1316051256.764196
VSS_READY 445 for 2 RECEIVED from 14 to 10 at 1316051256.778361
VSS_READY 431 for 2 RECEIVED from 17 to 10 at 1316051256.792199
VSS_READY 434 for 2 RECEIVED from 12 to 10 at 1316051256.806207
VSS_READY 452 for 2 RECEIVED from 16 to 10 at 1316051256.847867
VSS_READY 398 for 2 RECEIVED from 19 to 10 at 1316051256.861308
VSS_READY 267 for 2 RECEIVED from 5 to 10 at 1316051256.874662



*============================================
*2ENOUGH VSS_READY message for 10 at 1316051256.874662
*Threshold : Ready = 12
*Received Ready Message Num = 12
*VSS Share is complete for dealer 2
============================================

BEFORE_LOCK * for 2 SENT from 10 to 1 at 1316051256.888823 standard 1
AFTER_LOCK * for 2 SENT from 10 to 1 at 1316051256.888824 standard 1
AFTER_AFTER_LOCK * for 2 SENT from 10 to 1 at 1316051256.888831 standard 1
AFTER_LOCK2 * for 2 SENT from 10 to 1 at 1316051256.888832 standard 1
VSS_SHARED 548 for 2 SENT from 10 to 1 at 1316051256.888843 standard 1
DKG_SEND 788 for * RECEIVED from 1 to 10 at 1316051256.972009
DKG_ECHO 585 for 1 SENT from 10 to 1 at 1316051257.075188 standard 1
DKG_ECHO 586 for 1 SENT from 10 to 2 at 1316051257.076939 standard 1
DKG_ECHO 587 for 1 SENT from 10 to 3 at 1316051257.078659 standard 1
DKG_ECHO 588 for 1 SENT from 10 to 4 at 1316051257.080258 standard 1
DKG_ECHO 589 for 1 SENT from 10 to 5 at 1316051257.081998 standard 1
DKG_ECHO 590 for 1 SENT from 10 to 6 at 1316051257.083747 standard 1
DKG_ECHO 591 for 1 SENT from 10 to 7 at 1316051257.085344 standard 1
DKG_ECHO 592 for 1 SENT from 10 to 8 at 1316051257.086977 standard 1
DKG_ECHO 593 for 1 SENT from 10 to 9 at 1316051257.088766 standard 1
DKG_ECHO 594 for 1 SENT from 10 to 10 at 1316051257.090390 standard 1
DKG_ECHO 595 for 1 SENT from 10 to 11 at 1316051257.092397 standard 1
DKG_ECHO 596 for 1 SENT from 10 to 12 at 1316051257.094001 standard 1
DKG_ECHO 597 for 1 SENT from 10 to 13 at 1316051257.095792 standard 1
DKG_ECHO 598 for 1 SENT from 10 to 14 at 1316051257.097469 standard 1
DKG_ECHO 599 for 1 SENT from 10 to 15 at 1316051257.099155 standard 1
DKG_ECHO 600 for 1 SENT from 10 to 16 at 1316051257.100840 standard 1
DKG_ECHO 601 for 1 SENT from 10 to 17 at 1316051257.102404 standard 1
DKG_ECHO 602 for 1 SENT from 10 to 18 at 1316051257.104036 standard 1
DKG_ECHO 603 for 1 SENT from 10 to 19 at 1316051257.105828 standard 1
DKG_ECHO 604 for 1 SENT from 10 to 20 at 1316051257.107683 standard 1
DKG_ECHO 595 for 1 RECEIVED from 7 to 10 at 1316051257.107700
DKG_ECHO 594 for 1 RECEIVED from 10 to 10 at 1316051257.109641
DKG_ECHO 572 for 1 RECEIVED from 16 to 10 at 1316051257.111862
DKG_ECHO 594 for 1 RECEIVED from 9 to 10 at 1316051257.128198
DKG_ECHO 545 for 1 RECEIVED from 12 to 10 at 1316051257.130547
DKG_ECHO 909 for 1 RECEIVED from 1 to 10 at 1316051257.137783
DKG_ECHO 574 for 1 RECEIVED from 17 to 10 at 1316051257.139946
DKG_ECHO 593 for 1 RECEIVED from 4 to 10 at 1316051257.156746
DKG_ECHO 595 for 1 RECEIVED from 14 to 10 at 1316051257.197059
VSS_READY 159 for 2 RECEIVED from 2 to 10 at 1316051257.245412
DKG_ECHO 566 for 1 RECEIVED from 11 to 10 at 1316051257.297545
DKG_ECHO 561 for 1 RECEIVED from 19 to 10 at 1316051257.353940
DKG_ECHO 422 for 1 RECEIVED from 5 to 10 at 1316051257.495038



============================================
*ENOUGH DKG_ECHO message for 10 at 1316051257.495038
*Threshold : Echo = 12
*Received Echo Message Num = 12
*DKG_Readys are sent out...
============================================

DKG_READY 745 for 1 SENT from 10 to 1 at 1316051257.498593 standard 1
DKG_READY 746 for 1 SENT from 10 to 2 at 1316051257.500523 standard 1
DKG_READY 747 for 1 SENT from 10 to 3 at 1316051257.502146 standard 1
DKG_READY 748 for 1 SENT from 10 to 4 at 1316051257.503962 standard 1
DKG_READY 749 for 1 SENT from 10 to 5 at 1316051257.505710 standard 1
DKG_READY 750 for 1 SENT from 10 to 6 at 1316051257.507628 standard 1
DKG_READY 751 for 1 SENT from 10 to 7 at 1316051257.509239 standard 1
DKG_READY 752 for 1 SENT from 10 to 8 at 1316051257.510912 standard 1
DKG_READY 753 for 1 SENT from 10 to 9 at 1316051257.512715 standard 1
DKG_READY 754 for 1 SENT from 10 to 10 at 1316051257.514569 standard 1
DKG_READY 755 for 1 SENT from 10 to 11 at 1316051257.516253 standard 1
DKG_READY 756 for 1 SENT from 10 to 12 at 1316051257.518149 standard 1
DKG_READY 757 for 1 SENT from 10 to 13 at 1316051257.520009 standard 1
DKG_READY 758 for 1 SENT from 10 to 14 at 1316051257.521736 standard 1
DKG_READY 759 for 1 SENT from 10 to 15 at 1316051257.523459 standard 1
DKG_READY 760 for 1 SENT from 10 to 16 at 1316051257.525273 standard 1
DKG_READY 761 for 1 SENT from 10 to 17 at 1316051257.527068 standard 1
DKG_READY 762 for 1 SENT from 10 to 18 at 1316051257.528825 standard 1
DKG_READY 763 for 1 SENT from 10 to 19 at 1316051257.530319 standard 1
DKG_READY 764 for 1 SENT from 10 to 20 at 1316051257.531963 standard 1
DKG_READY 1069 for 1 RECEIVED from 1 to 10 at 1316051257.531975
DKG_READY 779 for 1 RECEIVED from 9 to 10 at 1316051257.534210
DKG_READY 755 for 1 RECEIVED from 7 to 10 at 1316051257.536091
DKG_READY 776 for 1 RECEIVED from 4 to 10 at 1316051257.537957
DKG_READY 754 for 1 RECEIVED from 10 to 10 at 1316051257.539953
DKG_READY 780 for 1 RECEIVED from 16 to 10 at 1316051257.547218
DKG_READY 726 for 1 RECEIVED from 11 to 10 at 1316051257.554517
DKG_READY 759 for 1 RECEIVED from 17 to 10 at 1316051257.564537
DKG_READY 755 for 1 RECEIVED from 14 to 10 at 1316051257.578331
DKG_READY 772 for 1 RECEIVED from 12 to 10 at 1316051257.646967
DKG_READY 744 for 1 RECEIVED from 19 to 10 at 1316051257.668676
VSS_READY 401 for 2 RECEIVED from 15 to 10 at 1316051257.694987
VSS_ECHO 1239 for 3 RECEIVED from 1 to 10 at 1316051257.712335
VSS_ECHO 959 for 3 RECEIVED from 9 to 10 at 1316051257.782205
DKG_READY 629 for 1 RECEIVED from 5 to 10 at 1316051257.791314



============================================
*2ENOUGH DKG_READY message for 10 at 1316051257.791314
*Threshold : Ready = 12
*Received Ready Message Num = 12
============================================

DKG_COMPLETE * for 1 RS from 10 to * at 1316051257.791314 :)
