-Run node 1 starting at 1316051238.877620 with version 5.2
-Function node 1 starting at 1316051238.878040
LEADER_CHANGE 1 for * SENT from 1 to 1 at 1316051238.880559 standard 1
COMPUTING_ZR * for * RS from 1 to * at 1316051238.880772
END_COMPUTING_ZR * for * RS from 1 to * at 1316051238.883201
COMPUTE_BI * for * RS from 1 to * at 1316051238.883220
COMPUTE_CM * for * RS from 1 to * at 1316051238.888475
COMPUTE_ZR2 * for * RS from 1 to * at 1316051241.111571
COMPUTE_PL * for * RS from 1 to * at 1316051241.891029
CVSS_SEND * for * RS from 1 to * at 1316051241.891331
BEFORE_LOCK * for * SENT from 1 to 1 at 1316051241.891340 standard 1
AFTER_LOCK * for * SENT from 1 to 1 at 1316051241.891342 standard 1
AFTER_AFTER_LOCK * for * SENT from 1 to 1 at 1316051241.891510 standard 1
AFTER_LOCK2 * for * SENT from 1 to 1 at 1316051241.891510 standard 1
VSS_SEND 3 for * SENT from 1 to 1 at 1316051241.891527 standard 1
COMPUTE_ZR2 * for * RS from 1 to * at 1316051241.891545
COMPUTE_PL * for * RS from 1 to * at 1316051241.891551
CVSS_SEND * for * RS from 1 to * at 1316051241.891766
BEFORE_LOCK * for * SENT from 1 to 2 at 1316051241.891773 standard 1
AFTER_LOCK * for * SENT from 1 to 2 at 1316051241.891774 standard 1
AFTER_AFTER_LOCK * for * SENT from 1 to 2 at 1316051241.891809 standard 1
AFTER_LOCK2 * for * SENT from 1 to 2 at 1316051241.891809 standard 1
VSS_SEND 4 for * SENT from 1 to 2 at 1316051241.891825 standard 1
COMPUTE_ZR2 * for * RS from 1 to * at 1316051241.891842
COMPUTE_PL * for * RS from 1 to * at 1316051241.891848
CVSS_SEND * for * RS from 1 to * at 1316051241.892090
BEFORE_LOCK * for * SENT from 1 to 3 at 1316051241.892097 standard 1
AFTER_LOCK * for * SENT from 1 to 3 at 1316051241.892098 standard 1
AFTER_AFTER_LOCK * for * SENT from 1 to 3 at 1316051241.892213 standard 1
AFTER_LOCK2 * for * SENT from 1 to 3 at 1316051241.892214 standard 1
VSS_SEND 5 for * SENT from 1 to 3 at 1316051241.892230 standard 1
COMPUTE_ZR2 * for * RS from 1 to * at 1316051241.892247
COMPUTE_PL * for * RS from 1 to * at 1316051241.892253
CVSS_SEND * for * RS from 1 to * at 1316051241.892471
BEFORE_LOCK * for * SENT from 1 to 4 at 1316051241.892477 standard 1
AFTER_LOCK * for * SENT from 1 to 4 at 1316051241.892478 standard 1
AFTER_AFTER_LOCK * for * SENT from 1 to 4 at 1316051241.892526 standard 1
AFTER_LOCK2 * for * SENT from 1 to 4 at 1316051241.892527 standard 1
VSS_SEND 6 for * SENT from 1 to 4 at 1316051241.892543 standard 1
COMPUTE_ZR2 * for * RS from 1 to * at 1316051241.892558
COMPUTE_PL * for * RS from 1 to * at 1316051241.892564
CVSS_SEND * for * RS from 1 to * at 1316051241.892776
BEFORE_LOCK * for * SENT from 1 to 5 at 1316051241.892782 standard 1
AFTER_LOCK * for * SENT from 1 to 5 at 1316051241.892783 standard 1
AFTER_AFTER_LOCK * for * SENT from 1 to 5 at 1316051241.892805 standard 1
AFTER_LOCK2 * for * SENT from 1 to 5 at 1316051241.892805 standard 1
VSS_SEND 7 for * SENT from 1 to 5 at 1316051241.892821 standard 1
COMPUTE_ZR2 * for * RS from 1 to * at 1316051241.892837
COMPUTE_PL * for * RS from 1 to * at 1316051241.892842
CVSS_SEND * for * RS from 1 to * at 1316051241.893049
BEFORE_LOCK * for * SENT from 1 to 6 at 1316051241.893055 standard 1
AFTER_LOCK * for * SENT from 1 to 6 at 1316051241.893055 standard 1
AFTER_AFTER_LOCK * for * SENT from 1 to 6 at 1316051241.893431 standard 1
AFTER_LOCK2 * for * SENT from 1 to 6 at 1316051241.893432 standard 1
VSS_SEND 8 for * SENT from 1 to 6 at 1316051241.893449 standard 1
COMPUTE_ZR2 * for * RS from 1 to * at 1316051241.893465
COMPUTE_PL * for * RS from 1 to * at 1316051241.893471
CVSS_SEND * for * RS from 1 to * at 1316051241.893677
BEFORE_LOCK * for * SENT from 1 to 7 at 1316051241.893683 standard 1
AFTER_LOCK * for * SENT from 1 to 7 at 1316051241.893683 standard 1
AFTER_AFTER_LOCK * for * SENT from 1 to 7 at 1316051241.893706 standard 1
AFTER_LOCK2 * for * SENT from 1 to 7 at 1316051241.893706 standard 1
VSS_SEND 9 for * SENT from 1 to 7 at 1316051241.893723 standard 1
COMPUTE_ZR2 * for * RS from 1 to * at 1316051241.893739
COMPUTE_PL * for * RS from 1 to * at 1316051241.893745
CVSS_SEND * for * RS from 1 to * at 1316051241.893955
BEFORE_LOCK * for * SENT from 1 to 8 at 1316051241.893992 standard 1
AFTER_LOCK * for * SENT from 1 to 8 at 1316051241.893993 standard 1
AFTER_AFTER_LOCK * for * SENT from 1 to 8 at 1316051241.894074 standard 1
AFTER_LOCK2 * for * SENT from 1 to 8 at 1316051241.894074 standard 1
VSS_SEND 10 for * SENT from 1 to 8 at 1316051241.894090 standard 1
COMPUTE_ZR2 * for * RS from 1 to * at 1316051241.894106
COMPUTE_PL * for * RS from 1 to * at 1316051241.894112
CVSS_SEND * for * RS from 1 to * at 1316051241.894316
BEFORE_LOCK * for * SENT from 1 to 9 at 1316051241.894322 standard 1
AFTER_LOCK * for * SENT from 1 to 9 at 1316051241.894323 standard 1
AFTER_AFTER_LOCK * for * SENT from 1 to 9 at 1316051241.894389 standard 1
AFTER_LOCK2 * for * SENT from 1 to 9 at 1316051241.894389 standard 1
VSS_SEND 11 for * SENT from 1 to 9 at 1316051241.894406 standard 1
COMPUTE_ZR2 * for * RS from 1 to * at 1316051241.894421
COMPUTE_PL * for * RS from 1 to * at 1316051241.894427
CVSS_SEND * for * RS from 1 to * at 1316051241.894631
BEFORE_LOCK * for * SENT from 1 to 10 at 1316051241.894637 standard 1
AFTER_LOCK * for * SENT from 1 to 10 at 1316051241.894638 standard 1
AFTER_AFTER_LOCK * for * SENT from 1 to 10 at 1316051241.894662 standard 1
AFTER_LOCK2 * for * SENT from 1 to 10 at 1316051241.894663 standard 1
VSS_SEND 12 for * SENT from 1 to 10 at 1316051241.894679 standard 1
COMPUTE_ZR2 * for * RS from 1 to * at 1316051241.894694
COMPUTE_PL * for * RS from 1 to * at 1316051241.894700
CVSS_SEND * for * RS from 1 to * at 1316051241.894905
BEFORE_LOCK * for * SENT from 1 to 11 at 1316051241.894911 standard 1
AFTER_LOCK * for * SENT from 1 to 11 at 1316051241.894912 standard 1
AFTER_AFTER_LOCK * for * SENT from 1 to 11 at 1316051241.895111 standard 1
AFTER_LOCK2 * for * SENT from 1 to 11 at 1316051241.895111 standard 1
VSS_SEND 13 for * SENT from 1 to 11 at 1316051241.895127 standard 1
COMPUTE_ZR2 * for * RS from 1 to * at 1316051241.895143
COMPUTE_PL * for * RS from 1 to * at 1316051241.895148
CVSS_SEND * for * RS from 1 to * at 1316051241.895353
BEFORE_LOCK * for * SENT from 1 to 12 at 1316051241.895358 standard 1
AFTER_LOCK * for * SENT from 1 to 12 at 1316051241.895359 standard 1
AFTER_AFTER_LOCK * for * SENT from 1 to 12 at 1316051241.895488 standard 1
AFTER_LOCK2 * for * SENT from 1 to 12 at 1316051241.895488 standard 1
VSS_SEND 14 for * SENT from 1 to 12 at 1316051241.895504 standard 1
COMPUTE_ZR2 * for * RS from 1 to * at 1316051241.895520
COMPUTE_PL * for * RS from 1 to * at 1316051241.895526
CVSS_SEND * for * RS from 1 to * at 1316051241.895735
BEFORE_LOCK * for * SENT from 1 to 13 at 1316051241.895741 standard 1
AFTER_LOCK * for * SENT from 1 to 13 at 1316051241.895742 standard 1
AFTER_AFTER_LOCK * for * SENT from 1 to 13 at 1316051241.895894 standard 1
AFTER_LOCK2 * for * SENT from 1 to 13 at 1316051241.895894 standard 1
VSS_SEND 15 for * SENT from 1 to 13 at 1316051241.895911 standard 1
COMPUTE_ZR2 * for * RS from 1 to * at 1316051241.895927
COMPUTE_PL * for * RS from 1 to * at 1316051241.895932
CVSS_SEND * for * RS from 1 to * at 1316051241.896144
BEFORE_LOCK * for * SENT from 1 to 14 at 1316051241.896151 standard 1
AFTER_LOCK * for * SENT from 1 to 14 at 1316051241.896151 standard 1
AFTER_AFTER_LOCK * for * SENT from 1 to 14 at 1316051241.896344 standard 1
AFTER_LOCK2 * for * SENT from 1 to 14 at 1316051241.896344 standard 1
VSS_SEND 16 for * SENT from 1 to 14 at 1316051241.896360 standard 1
COMPUTE_ZR2 * for * RS from 1 to * at 1316051241.896381
COMPUTE_PL * for * RS from 1 to * at 1316051241.896388
CVSS_SEND * for * RS from 1 to * at 1316051241.896593
BEFORE_LOCK * for * SENT from 1 to 15 at 1316051241.896598 standard 1
AFTER_LOCK * for * SENT from 1 to 15 at 1316051241.896599 standard 1
AFTER_AFTER_LOCK * for * SENT from 1 to 15 at 1316051241.896747 standard 1
AFTER_LOCK2 * for * SENT from 1 to 15 at 1316051241.896748 standard 1
VSS_SEND 17 for * SENT from 1 to 15 at 1316051241.896764 standard 1
COMPUTE_ZR2 * for * RS from 1 to * at 1316051241.896780
COMPUTE_PL * for * RS from 1 to * at 1316051241.896785
CVSS_SEND * for * RS from 1 to * at 1316051241.897006
BEFORE_LOCK * for * SENT from 1 to 16 at 1316051241.897012 standard 1
AFTER_LOCK * for * SENT from 1 to 16 at 1316051241.897013 standard 1
AFTER_AFTER_LOCK * for * SENT from 1 to 16 at 1316051241.897034 standard 1
AFTER_LOCK2 * for * SENT from 1 to 16 at 1316051241.897034 standard 1
VSS_SEND 18 for * SENT from 1 to 16 at 1316051241.897050 standard 1
COMPUTE_ZR2 * for * RS from 1 to * at 1316051241.897066
COMPUTE_PL * for * RS from 1 to * at 1316051241.897072
CVSS_SEND * for * RS from 1 to * at 1316051241.897415
BEFORE_LOCK * for * SENT from 1 to 17 at 1316051241.897422 standard 1
AFTER_LOCK * for * SENT from 1 to 17 at 1316051241.897422 standard 1
AFTER_AFTER_LOCK * for * SENT from 1 to 17 at 1316051241.897698 standard 1
AFTER_LOCK2 * for * SENT from 1 to 17 at 1316051241.897699 standard 1
VSS_SEND 19 for * SENT from 1 to 17 at 1316051241.897715 standard 1
COMPUTE_ZR2 * for * RS from 1 to * at 1316051241.897731
COMPUTE_PL * for * RS from 1 to * at 1316051241.897737
CVSS_SEND * for * RS from 1 to * at 1316051241.897942
BEFORE_LOCK * for * SENT from 1 to 18 at 1316051241.897948 standard 1
AFTER_LOCK * for * SENT from 1 to 18 at 1316051241.897949 standard 1
AFTER_AFTER_LOCK * for * SENT from 1 to 18 at 1316051241.898018 standard 1
AFTER_LOCK2 * for * SENT from 1 to 18 at 1316051241.898018 standard 1
VSS_SEND 20 for * SENT from 1 to 18 at 1316051241.898035 standard 1
COMPUTE_ZR2 * for * RS from 1 to * at 1316051241.898050
COMPUTE_PL * for * RS from 1 to * at 1316051241.898056
CVSS_SEND * for * RS from 1 to * at 1316051241.898261
BEFORE_LOCK * for * SENT from 1 to 19 at 1316051241.898267 standard 1
AFTER_LOCK * for * SENT from 1 to 19 at 1316051241.898268 standard 1
AFTER_AFTER_LOCK * for * SENT from 1 to 19 at 1316051241.898466 standard 1
AFTER_LOCK2 * for * SENT from 1 to 19 at 1316051241.898467 standard 1
VSS_SEND 21 for * SENT from 1 to 19 at 1316051241.898484 standard 1
COMPUTE_ZR2 * for * RS from 1 to * at 1316051241.898500
COMPUTE_PL * for * RS from 1 to * at 1316051241.898505
CVSS_SEND * for * RS from 1 to * at 1316051241.898712
BEFORE_LOCK * for * SENT from 1 to 20 at 1316051241.898718 standard 1
AFTER_LOCK * for * SENT from 1 to 20 at 1316051241.898719 standard 1
AFTER_AFTER_LOCK * for * SENT from 1 to 20 at 1316051241.898740 standard 1
AFTER_LOCK2 * for * SENT from 1 to 20 at 1316051241.898740 standard 1
VSS_SEND 22 for * SENT from 1 to 20 at 1316051241.898757 standard 1
* I am ready to receive at 1316051241.898788
* I started to receive at 1316051241.898814
LEADER_CHANGE 1 for 1 RECEIVED from 1 to 1 at 1316051241.899217
VSS_SEND 3 for * RECEIVED from 1 to 1 at 1316051241.968942
VSSECHO_STAGE3 * for * SENT from * to * at 1316051241.990095
VSSECHO_STAGE4 * for * SENT from * to * at 1316051241.990195
BEFORE_LOCK * for 1 SENT from 1 to 1 at 1316051241.990203 standard 1
AFTER_LOCK * for 1 SENT from 1 to 1 at 1316051241.990205 standard 1
AFTER_AFTER_LOCK * for 1 SENT from 1 to 1 at 1316051241.990497 standard 1
AFTER_LOCK2 * for 1 SENT from 1 to 1 at 1316051241.990498 standard 1
VSS_ECHO 36 for 1 SENT from 1 to 1 at 1316051241.990519 standard 1
VSSECHO_STAGE3 * for * SENT from * to * at 1316051241.990532
VSSECHO_STAGE4 * for * SENT from * to * at 1316051241.990607
BEFORE_LOCK * for 1 SENT from 1 to 2 at 1316051241.990613 standard 1
AFTER_LOCK * for 1 SENT from 1 to 2 at 1316051241.990614 standard 1
AFTER_AFTER_LOCK * for 1 SENT from 1 to 2 at 1316051241.990625 standard 1
AFTER_LOCK2 * for 1 SENT from 1 to 2 at 1316051241.990625 standard 1
VSS_ECHO 37 for 1 SENT from 1 to 2 at 1316051241.990643 standard 1
VSSECHO_STAGE3 * for * SENT from * to * at 1316051241.990657
VSSECHO_STAGE4 * for * SENT from * to * at 1316051241.990834
BEFORE_LOCK * for 1 SENT from 1 to 3 at 1316051241.990842 standard 1
AFTER_LOCK * for 1 SENT from 1 to 3 at 1316051241.990843 standard 1
AFTER_AFTER_LOCK * for 1 SENT from 1 to 3 at 1316051241.990857 standard 1
AFTER_LOCK2 * for 1 SENT from 1 to 3 at 1316051241.990858 standard 1
VSS_ECHO 38 for 1 SENT from 1 to 3 at 1316051241.990879 standard 1
VSSECHO_STAGE3 * for * SENT from * to * at 1316051241.990918
VSSECHO_STAGE4 * for * SENT from * to * at 1316051241.990992
BEFORE_LOCK * for 1 SENT from 1 to 4 at 1316051241.990998 standard 1
AFTER_LOCK * for 1 SENT from 1 to 4 at 1316051241.990998 standard 1
AFTER_AFTER_LOCK * for 1 SENT from 1 to 4 at 1316051241.990999 standard 1
AFTER_LOCK2 * for 1 SENT from 1 to 4 at 1316051241.990999 standard 1
VSS_ECHO 39 for 1 SENT from 1 to 4 at 1316051241.991014 standard 1
VSSECHO_STAGE3 * for * SENT from * to * at 1316051241.991026
VSSECHO_STAGE4 * for * SENT from * to * at 1316051241.991099
BEFORE_LOCK * for 1 SENT from 1 to 5 at 1316051241.991105 standard 1
AFTER_LOCK * for 1 SENT from 1 to 5 at 1316051241.991105 standard 1
AFTER_AFTER_LOCK * for 1 SENT from 1 to 5 at 1316051241.991106 standard 1
AFTER_LOCK2 * for 1 SENT from 1 to 5 at 1316051241.991106 standard 1
VSS_ECHO 40 for 1 SENT from 1 to 5 at 1316051241.991121 standard 1
VSSECHO_STAGE3 * for * SENT from * to * at 1316051241.991132
VSSECHO_STAGE4 * for * SENT from * to * at 1316051241.991205
BEFORE_LOCK * for 1 SENT from 1 to 6 at 1316051241.991210 standard 1
AFTER_LOCK * for 1 SENT from 1 to 6 at 1316051241.991211 standard 1
AFTER_AFTER_LOCK * for 1 SENT from 1 to 6 at 1316051241.991211 standard 1
AFTER_LOCK2 * for 1 SENT from 1 to 6 at 1316051241.991211 standard 1
VSS_ECHO 41 for 1 SENT from 1 to 6 at 1316051241.991226 standard 1
VSSECHO_STAGE3 * for * SENT from * to * at 1316051241.991237
VSSECHO_STAGE4 * for * SENT from * to * at 1316051241.991309
BEFORE_LOCK * for 1 SENT from 1 to 7 at 1316051241.991314 standard 1
AFTER_LOCK * for 1 SENT from 1 to 7 at 1316051241.991315 standard 1
AFTER_AFTER_LOCK * for 1 SENT from 1 to 7 at 1316051241.991315 standard 1
AFTER_LOCK2 * for 1 SENT from 1 to 7 at 1316051241.991316 standard 1
VSS_ECHO 42 for 1 SENT from 1 to 7 at 1316051241.991331 standard 1
VSSECHO_STAGE3 * for * SENT from * to * at 1316051241.991342
VSSECHO_STAGE4 * for * SENT from * to * at 1316051241.991418
BEFORE_LOCK * for 1 SENT from 1 to 8 at 1316051241.991424 standard 1
AFTER_LOCK * for 1 SENT from 1 to 8 at 1316051241.991424 standard 1
AFTER_AFTER_LOCK * for 1 SENT from 1 to 8 at 1316051241.991424 standard 1
AFTER_LOCK2 * for 1 SENT from 1 to 8 at 1316051241.991425 standard 1
VSS_ECHO 43 for 1 SENT from 1 to 8 at 1316051241.991440 standard 1
VSSECHO_STAGE3 * for * SENT from * to * at 1316051241.991451
VSSECHO_STAGE4 * for * SENT from * to * at 1316051241.991529
BEFORE_LOCK * for 1 SENT from 1 to 9 at 1316051241.991534 standard 1
AFTER_LOCK * for 1 SENT from 1 to 9 at 1316051241.991535 standard 1
AFTER_AFTER_LOCK * for 1 SENT from 1 to 9 at 1316051241.991714 standard 1
AFTER_LOCK2 * for 1 SENT from 1 to 9 at 1316051241.991715 standard 1
VSS_ECHO 44 for 1 SENT from 1 to 9 at 1316051241.991735 standard 1
VSSECHO_STAGE3 * for * SENT from * to * at 1316051241.991749
VSSECHO_STAGE4 * for * SENT from * to * at 1316051241.991985
BEFORE_LOCK * for 1 SENT from 1 to 10 at 1316051241.991992 standard 1
AFTER_LOCK * for 1 SENT from 1 to 10 at 1316051241.991993 standard 1
AFTER_AFTER_LOCK * for 1 SENT from 1 to 10 at 1316051241.991993 standard 1
AFTER_LOCK2 * for 1 SENT from 1 to 10 at 1316051241.991994 standard 1
VSS_ECHO 45 for 1 SENT from 1 to 10 at 1316051241.992009 standard 1
VSSECHO_STAGE3 * for * SENT from * to * at 1316051241.992021
VSSECHO_STAGE4 * for * SENT from * to * at 1316051241.992096
BEFORE_LOCK * for 1 SENT from 1 to 11 at 1316051241.992101 standard 1
AFTER_LOCK * for 1 SENT from 1 to 11 at 1316051241.992102 standard 1
AFTER_AFTER_LOCK * for 1 SENT from 1 to 11 at 1316051241.992102 standard 1
AFTER_LOCK2 * for 1 SENT from 1 to 11 at 1316051241.992102 standard 1
VSS_ECHO 46 for 1 SENT from 1 to 11 at 1316051241.992117 standard 1
VSSECHO_STAGE3 * for * SENT from * to * at 1316051241.992128
VSSECHO_STAGE4 * for * SENT from * to * at 1316051241.992201
BEFORE_LOCK * for 1 SENT from 1 to 12 at 1316051241.992206 standard 1
AFTER_LOCK * for 1 SENT from 1 to 12 at 1316051241.992207 standard 1
AFTER_AFTER_LOCK * for 1 SENT from 1 to 12 at 1316051241.992220 standard 1
AFTER_LOCK2 * for 1 SENT from 1 to 12 at 1316051241.992221 standard 1
VSS_ECHO 47 for 1 SENT from 1 to 12 at 1316051241.992258 standard 1
VSSECHO_STAGE3 * for * SENT from * to * at 1316051241.992270
VSSECHO_STAGE4 * for * SENT from * to * at 1316051241.992353
BEFORE_LOCK * for 1 SENT from 1 to 13 at 1316051241.992360 standard 1
AFTER_LOCK * for 1 SENT from 1 to 13 at 1316051241.992361 standard 1
AFTER_AFTER_LOCK * for 1 SENT from 1 to 13 at 1316051241.992362 standard 1
AFTER_LOCK2 * for 1 SENT from 1 to 13 at 1316051241.992362 standard 1
VSS_ECHO 48 for 1 SENT from 1 to 13 at 1316051241.992387 standard 1
VSSECHO_STAGE3 * for * SENT from * to * at 1316051241.992398
VSSECHO_STAGE4 * for * SENT from * to * at 1316051241.992470
BEFORE_LOCK * for 1 SENT from 1 to 14 at 1316051241.992475 standard 1
AFTER_LOCK * for 1 SENT from 1 to 14 at 1316051241.992476 standard 1
AFTER_AFTER_LOCK * for 1 SENT from 1 to 14 at 1316051241.992476 standard 1
AFTER_LOCK2 * for 1 SENT from 1 to 14 at 1316051241.992476 standard 1
VSS_ECHO 49 for 1 SENT from 1 to 14 at 1316051241.992492 standard 1
VSSECHO_STAGE3 * for * SENT from * to * at 1316051241.992503
VSSECHO_STAGE4 * for * SENT from * to * at 1316051241.992574
BEFORE_LOCK * for 1 SENT from 1 to 15 at 1316051241.992578 standard 1
AFTER_LOCK * for 1 SENT from 1 to 15 at 1316051241.992579 standard 1
AFTER_AFTER_LOCK * for 1 SENT from 1 to 15 at 1316051241.992580 standard 1
AFTER_LOCK2 * for 1 SENT from 1 to 15 at 1316051241.992580 standard 1
VSS_ECHO 50 for 1 SENT from 1 to 15 at 1316051241.992595 standard 1
VSSECHO_STAGE3 * for * SENT from * to * at 1316051241.992605
VSSECHO_STAGE4 * for * SENT from * to * at 1316051241.992676
BEFORE_LOCK * for 1 SENT from 1 to 16 at 1316051241.992681 standard 1
AFTER_LOCK * for 1 SENT from 1 to 16 at 1316051241.992681 standard 1
AFTER_AFTER_LOCK * for 1 SENT from 1 to 16 at 1316051241.992682 standard 1
AFTER_LOCK2 * for 1 SENT from 1 to 16 at 1316051241.992682 standard 1
VSS_ECHO 51 for 1 SENT from 1 to 16 at 1316051241.992697 standard 1
VSSECHO_STAGE3 * for * SENT from * to * at 1316051241.992708
VSSECHO_STAGE4 * for * SENT from * to * at 1316051241.992778
BEFORE_LOCK * for 1 SENT from 1 to 17 at 1316051241.992783 standard 1
AFTER_LOCK * for 1 SENT from 1 to 17 at 1316051241.992783 standard 1
AFTER_AFTER_LOCK * for 1 SENT from 1 to 17 at 1316051241.992784 standard 1
AFTER_LOCK2 * for 1 SENT from 1 to 17 at 1316051241.992784 standard 1
VSS_ECHO 52 for 1 SENT from 1 to 17 at 1316051241.992799 standard 1
VSSECHO_STAGE3 * for * SENT from * to * at 1316051241.992810
VSSECHO_STAGE4 * for * SENT from * to * at 1316051241.992880
BEFORE_LOCK * for 1 SENT from 1 to 18 at 1316051241.992885 standard 1
AFTER_LOCK * for 1 SENT from 1 to 18 at 1316051241.992886 standard 1
AFTER_AFTER_LOCK * for 1 SENT from 1 to 18 at 1316051241.992886 standard 1
AFTER_LOCK2 * for 1 SENT from 1 to 18 at 1316051241.992887 standard 1
VSS_ECHO 53 for 1 SENT from 1 to 18 at 1316051241.992901 standard 1
VSSECHO_STAGE3 * for * SENT from * to * at 1316051241.992912
VSSECHO_STAGE4 * for * SENT from * to * at 1316051241.992987
BEFORE_LOCK * for 1 SENT from 1 to 19 at 1316051241.992992 standard 1
AFTER_LOCK * for 1 SENT from 1 to 19 at 1316051241.992993 standard 1
AFTER_AFTER_LOCK * for 1 SENT from 1 to 19 at 1316051241.992993 standard 1
AFTER_LOCK2 * for 1 SENT from 1 to 19 at 1316051241.992993 standard 1
VSS_ECHO 54 for 1 SENT from 1 to 19 at 1316051241.993008 standard 1
VSSECHO_STAGE3 * for * SENT from * to * at 1316051241.993019
VSSECHO_STAGE4 * for * SENT from * to * at 1316051241.993089
BEFORE_LOCK * for 1 SENT from 1 to 20 at 1316051241.993094 standard 1
AFTER_LOCK * for 1 SENT from 1 to 20 at 1316051241.993095 standard 1
AFTER_AFTER_LOCK * for 1 SENT from 1 to 20 at 1316051241.993095 standard 1
AFTER_LOCK2 * for 1 SENT from 1 to 20 at 1316051241.993096 standard 1
VSS_ECHO 55 for 1 SENT from 1 to 20 at 1316051241.993110 standard 1
VSS_ECHO 36 for 1 RECEIVED from 1 to 1 at 1316051241.993127
LEADER_CHANGE 1 for 1 RECEIVED from 12 to 1 at 1316051247.750429
VSS_ECHO 4 for 1 RECEIVED from 12 to 1 at 1316051247.767791
LEADER_CHANGE 1 for 1 RECEIVED from 9 to 1 at 1316051248.057412
VSS_ECHO 4 for 1 RECEIVED from 9 to 1 at 1316051248.059936
LEADER_CHANGE 1 for 1 RECEIVED from 3 to 1 at 1316051248.881460
LEADER_CHANGE 1 for 1 RECEIVED from 2 to 1 at 1316051248.917122
LEADER_CHANGE 1 for 1 RECEIVED from 4 to 1 at 1316051249.281141
VSS_ECHO 4 for 1 RECEIVED from 7 to 1 at 1316051249.358019
VSS_ECHO 4 for 1 RECEIVED from 17 to 1 at 1316051249.423167
VSS_ECHO 4 for 1 RECEIVED from 10 to 1 at 1316051249.498834
VSS_ECHO 4 for 1 RECEIVED from 14 to 1 at 1316051249.637571
LEADER_CHANGE 1 for 1 RECEIVED from 10 to 1 at 1316051249.648853
LEADER_CHANGE 1 for 1 RECEIVED from 17 to 1 at 1316051250.176779
LEADER_CHANGE 1 for 1 RECEIVED from 7 to 1 at 1316051250.179496
LEADER_CHANGE 1 for 1 RECEIVED from 11 to 1 at 1316051250.182539
LEADER_CHANGE 1 for 1 RECEIVED from 14 to 1 at 1316051250.184961
VSS_ECHO 4 for 1 RECEIVED from 16 to 1 at 1316051250.463525
VSS_ECHO 4 for 1 RECEIVED from 15 to 1 at 1316051250.615091
VSS_ECHO 4 for 1 RECEIVED from 6 to 1 at 1316051251.042549
LEADER_CHANGE 1 for 1 RECEIVED from 15 to 1 at 1316051251.122194
E_LEADER_CONFIRM * for 1 RS from * to * at 1316051251.124942
VSS_ECHO 4 for 1 RECEIVED from 19 to 1 at 1316051251.267901
LEADER_CHANGE 1 for 1 RECEIVED from 16 to 1 at 1316051251.279375
VSS_ECHO 4 for 1 RECEIVED from 18 to 1 at 1316051251.401072



============================================
*ENOUGH VSS_ECHO message for 1 at 1316051251.401072
*Threshold : echo = 12
*Received Echo Message Num = 12
*Ready messages are sending out...
============================================

PRE_VSS_READY * for 1 SENT from 1 to 1 at 1316051251.417983 standard 1
BEFORE_LOCK * for 1 SENT from 1 to 1 at 1316051251.417994 standard 1
AFTER_LOCK * for 1 SENT from 1 to 1 at 1316051251.417996 standard 1
AFTER_AFTER_LOCK * for 1 SENT from 1 to 1 at 1316051251.418239 standard 1
AFTER_LOCK2 * for 1 SENT from 1 to 1 at 1316051251.418239 standard 1
VSS_READY 202 for 1 SENT from 1 to 1 at 1316051251.418240 standard 1
PRE_VSS_READY * for 1 SENT from 1 to 2 at 1316051251.421165 standard 1
BEFORE_LOCK * for 1 SENT from 1 to 2 at 1316051251.421176 standard 1
AFTER_LOCK * for 1 SENT from 1 to 2 at 1316051251.421177 standard 1
AFTER_AFTER_LOCK * for 1 SENT from 1 to 2 at 1316051251.421192 standard 1
AFTER_LOCK2 * for 1 SENT from 1 to 2 at 1316051251.421192 standard 1
VSS_READY 203 for 1 SENT from 1 to 2 at 1316051251.421192 standard 1
PRE_VSS_READY * for 1 SENT from 1 to 3 at 1316051251.423414 standard 1
BEFORE_LOCK * for 1 SENT from 1 to 3 at 1316051251.423427 standard 1
AFTER_LOCK * for 1 SENT from 1 to 3 at 1316051251.423428 standard 1
AFTER_AFTER_LOCK * for 1 SENT from 1 to 3 at 1316051251.423735 standard 1
AFTER_LOCK2 * for 1 SENT from 1 to 3 at 1316051251.423735 standard 1
VSS_READY 204 for 1 SENT from 1 to 3 at 1316051251.423735 standard 1
PRE_VSS_READY * for 1 SENT from 1 to 4 at 1316051251.425933 standard 1
BEFORE_LOCK * for 1 SENT from 1 to 4 at 1316051251.425943 standard 1
AFTER_LOCK * for 1 SENT from 1 to 4 at 1316051251.425944 standard 1
AFTER_AFTER_LOCK * for 1 SENT from 1 to 4 at 1316051251.426061 standard 1
AFTER_LOCK2 * for 1 SENT from 1 to 4 at 1316051251.426061 standard 1
VSS_READY 205 for 1 SENT from 1 to 4 at 1316051251.426062 standard 1
PRE_VSS_READY * for 1 SENT from 1 to 5 at 1316051251.428253 standard 1
BEFORE_LOCK * for 1 SENT from 1 to 5 at 1316051251.428261 standard 1
AFTER_LOCK * for 1 SENT from 1 to 5 at 1316051251.428262 standard 1
AFTER_AFTER_LOCK * for 1 SENT from 1 to 5 at 1316051251.428329 standard 1
AFTER_LOCK2 * for 1 SENT from 1 to 5 at 1316051251.428330 standard 1
VSS_READY 206 for 1 SENT from 1 to 5 at 1316051251.428330 standard 1
PRE_VSS_READY * for 1 SENT from 1 to 6 at 1316051251.430624 standard 1
BEFORE_LOCK * for 1 SENT from 1 to 6 at 1316051251.430632 standard 1
AFTER_LOCK * for 1 SENT from 1 to 6 at 1316051251.430633 standard 1
AFTER_AFTER_LOCK * for 1 SENT from 1 to 6 at 1316051251.430806 standard 1
AFTER_LOCK2 * for 1 SENT from 1 to 6 at 1316051251.430807 standard 1
VSS_READY 207 for 1 SENT from 1 to 6 at 1316051251.430807 standard 1
PRE_VSS_READY * for 1 SENT from 1 to 7 at 1316051251.433312 standard 1
BEFORE_LOCK * for 1 SENT from 1 to 7 at 1316051251.433319 standard 1
AFTER_LOCK * for 1 SENT from 1 to 7 at 1316051251.433320 standard 1
AFTER_AFTER_LOCK * for 1 SENT from 1 to 7 at 1316051251.433388 standard 1
AFTER_LOCK2 * for 1 SENT from 1 to 7 at 1316051251.433388 standard 1
VSS_READY 208 for 1 SENT from 1 to 7 at 1316051251.433388 standard 1
PRE_VSS_READY * for 1 SENT from 1 to 8 at 1316051251.435562 standard 1
BEFORE_LOCK * for 1 SENT from 1 to 8 at 1316051251.435570 standard 1
AFTER_LOCK * for 1 SENT from 1 to 8 at 1316051251.435571 standard 1
AFTER_AFTER_LOCK * for 1 SENT from 1 to 8 at 1316051251.435571 standard 1
AFTER_LOCK2 * for 1 SENT from 1 to 8 at 1316051251.435571 standard 1
VSS_READY 209 for 1 SENT from 1 to 8 at 1316051251.435572 standard 1
PRE_VSS_READY * for 1 SENT from 1 to 9 at 1316051251.437732 standard 1
BEFORE_LOCK * for 1 SENT from 1 to 9 at 1316051251.437740 standard 1
AFTER_LOCK * for 1 SENT from 1 to 9 at 1316051251.437741 standard 1
AFTER_AFTER_LOCK * for 1 SENT from 1 to 9 at 1316051251.437861 standard 1
AFTER_LOCK2 * for 1 SENT from 1 to 9 at 1316051251.437861 standard 1
VSS_READY 210 for 1 SENT from 1 to 9 at 1316051251.437861 standard 1
PRE_VSS_READY * for 1 SENT from 1 to 10 at 1316051251.440110 standard 1
BEFORE_LOCK * for 1 SENT from 1 to 10 at 1316051251.440119 standard 1
AFTER_LOCK * for 1 SENT from 1 to 10 at 1316051251.440120 standard 1
AFTER_AFTER_LOCK * for 1 SENT from 1 to 10 at 1316051251.440230 standard 1
AFTER_LOCK2 * for 1 SENT from 1 to 10 at 1316051251.440231 standard 1
VSS_READY 211 for 1 SENT from 1 to 10 at 1316051251.440231 standard 1
PRE_VSS_READY * for 1 SENT from 1 to 11 at 1316051251.442431 standard 1
BEFORE_LOCK * for 1 SENT from 1 to 11 at 1316051251.442439 standard 1
AFTER_LOCK * for 1 SENT from 1 to 11 at 1316051251.442440 standard 1
AFTER_AFTER_LOCK * for 1 SENT from 1 to 11 at 1316051251.442509 standard 1
AFTER_LOCK2 * for 1 SENT from 1 to 11 at 1316051251.442510 standard 1
VSS_READY 212 for 1 SENT from 1 to 11 at 1316051251.442510 standard 1
PRE_VSS_READY * for 1 SENT from 1 to 12 at 1316051251.444678 standard 1
BEFORE_LOCK * for 1 SENT from 1 to 12 at 1316051251.444685 standard 1
AFTER_LOCK * for 1 SENT from 1 to 12 at 1316051251.444686 standard 1
AFTER_AFTER_LOCK * for 1 SENT from 1 to 12 at 1316051251.444788 standard 1
AFTER_LOCK2 * for 1 SENT from 1 to 12 at 1316051251.444788 standard 1
VSS_READY 213 for 1 SENT from 1 to 12 at 1316051251.444788 standard 1
PRE_VSS_READY * for 1 SENT from 1 to 13 at 1316051251.447144 standard 1
BEFORE_LOCK * for 1 SENT from 1 to 13 at 1316051251.447154 standard 1
AFTER_LOCK * for 1 SENT from 1 to 13 at 1316051251.447155 standard 1
AFTER_AFTER_LOCK * for 1 SENT from 1 to 13 at 1316051251.447155 standard 1
AFTER_LOCK2 * for 1 SENT from 1 to 13 at 1316051251.447155 standard 1
VSS_READY 214 for 1 SENT from 1 to 13 at 1316051251.447156 standard 1
PRE_VSS_READY * for 1 SENT from 1 to 14 at 1316051251.449396 standard 1
BEFORE_LOCK * for 1 SENT from 1 to 14 at 1316051251.449403 standard 1
AFTER_LOCK * for 1 SENT from 1 to 14 at 1316051251.449404 standard 1
AFTER_AFTER_LOCK * for 1 SENT from 1 to 14 at 1316051251.449538 standard 1
AFTER_LOCK2 * for 1 SENT from 1 to 14 at 1316051251.449539 standard 1
VSS_READY 215 for 1 SENT from 1 to 14 at 1316051251.449539 standard 1
PRE_VSS_READY * for 1 SENT from 1 to 15 at 1316051251.451858 standard 1
BEFORE_LOCK * for 1 SENT from 1 to 15 at 1316051251.451867 standard 1
AFTER_LOCK * for 1 SENT from 1 to 15 at 1316051251.451868 standard 1
AFTER_AFTER_LOCK * for 1 SENT from 1 to 15 at 1316051251.451936 standard 1
AFTER_LOCK2 * for 1 SENT from 1 to 15 at 1316051251.451937 standard 1
VSS_READY 216 for 1 SENT from 1 to 15 at 1316051251.451937 standard 1
PRE_VSS_READY * for 1 SENT from 1 to 16 at 1316051251.454265 standard 1
BEFORE_LOCK * for 1 SENT from 1 to 16 at 1316051251.454274 standard 1
AFTER_LOCK * for 1 SENT from 1 to 16 at 1316051251.454275 standard 1
AFTER_AFTER_LOCK * for 1 SENT from 1 to 16 at 1316051251.454512 standard 1
AFTER_LOCK2 * for 1 SENT from 1 to 16 at 1316051251.454512 standard 1
VSS_READY 217 for 1 SENT from 1 to 16 at 1316051251.454513 standard 1
PRE_VSS_READY * for 1 SENT from 1 to 17 at 1316051251.456864 standard 1
BEFORE_LOCK * for 1 SENT from 1 to 17 at 1316051251.456872 standard 1
AFTER_LOCK * for 1 SENT from 1 to 17 at 1316051251.456873 standard 1
AFTER_AFTER_LOCK * for 1 SENT from 1 to 17 at 1316051251.456983 standard 1
AFTER_LOCK2 * for 1 SENT from 1 to 17 at 1316051251.456983 standard 1
VSS_READY 218 for 1 SENT from 1 to 17 at 1316051251.456983 standard 1
PRE_VSS_READY * for 1 SENT from 1 to 18 at 1316051251.459420 standard 1
BEFORE_LOCK * for 1 SENT from 1 to 18 at 1316051251.459427 standard 1
AFTER_LOCK * for 1 SENT from 1 to 18 at 1316051251.459428 standard 1
AFTER_AFTER_LOCK * for 1 SENT from 1 to 18 at 1316051251.459563 standard 1
AFTER_LOCK2 * for 1 SENT from 1 to 18 at 1316051251.459563 standard 1
VSS_READY 219 for 1 SENT from 1 to 18 at 1316051251.459564 standard 1
PRE_VSS_READY * for 1 SENT from 1 to 19 at 1316051251.461773 standard 1
BEFORE_LOCK * for 1 SENT from 1 to 19 at 1316051251.461780 standard 1
AFTER_LOCK * for 1 SENT from 1 to 19 at 1316051251.461781 standard 1
AFTER_AFTER_LOCK * for 1 SENT from 1 to 19 at 1316051251.462126 standard 1
AFTER_LOCK2 * for 1 SENT from 1 to 19 at 1316051251.462127 standard 1
VSS_READY 220 for 1 SENT from 1 to 19 at 1316051251.462127 standard 1
PRE_VSS_READY * for 1 SENT from 1 to 20 at 1316051251.464166 standard 1
BEFORE_LOCK * for 1 SENT from 1 to 20 at 1316051251.464177 standard 1
AFTER_LOCK * for 1 SENT from 1 to 20 at 1316051251.464178 standard 1
AFTER_AFTER_LOCK * for 1 SENT from 1 to 20 at 1316051251.464178 standard 1
AFTER_LOCK2 * for 1 SENT from 1 to 20 at 1316051251.464178 standard 1
VSS_READY 221 for 1 SENT from 1 to 20 at 1316051251.464179 standard 1
LEADER_CHANGE 1 for 1 RECEIVED from 5 to 1 at 1316051251.464234
VSS_READY 202 for 1 RECEIVED from 1 to 1 at 1316051251.701472
VSS_READY 52 for 1 RECEIVED from 12 to 1 at 1316051251.721009
VSS_READY 53 for 1 RECEIVED from 9 to 1 at 1316051251.739761
VSS_READY 53 for 1 RECEIVED from 10 to 1 at 1316051251.758643
VSS_READY 36 for 1 RECEIVED from 17 to 1 at 1316051251.777902
VSS_READY 51 for 1 RECEIVED from 7 to 1 at 1316051251.797094
VSS_READY 29 for 1 RECEIVED from 11 to 1 at 1316051251.815467
VSS_READY 36 for 1 RECEIVED from 14 to 1 at 1316051251.833979
VSS_READY 36 for 1 RECEIVED from 15 to 1 at 1316051251.853775
VSS_READY 50 for 1 RECEIVED from 16 to 1 at 1316051251.873417
LEADER_CHANGE 1 for 1 RECEIVED from 6 to 1 at 1316051251.894807
LEADER_CHANGE 1 for 1 RECEIVED from 18 to 1 at 1316051251.897529
LEADER_CHANGE 1 for 1 RECEIVED from 19 to 1 at 1316051251.900117
VSS_ECHO 30 for 1 RECEIVED from 4 to 1 at 1316051251.902853
VSS_SEND 3 for * RECEIVED from 4 to 1 at 1316051251.914146
VSSECHO_STAGE3 * for * SENT from * to * at 1316051251.934697
VSSECHO_STAGE4 * for * SENT from * to * at 1316051251.934809
BEFORE_LOCK * for 4 SENT from 1 to 1 at 1316051251.934818 standard 1
AFTER_LOCK * for 4 SENT from 1 to 1 at 1316051251.934820 standard 1
AFTER_AFTER_LOCK * for 4 SENT from 1 to 1 at 1316051251.935047 standard 1
AFTER_LOCK2 * for 4 SENT from 1 to 1 at 1316051251.935047 standard 1
VSS_ECHO 292 for 4 SENT from 1 to 1 at 1316051251.935067 standard 1
VSSECHO_STAGE3 * for * SENT from * to * at 1316051251.935082
VSSECHO_STAGE4 * for * SENT from * to * at 1316051251.935162
BEFORE_LOCK * for 4 SENT from 1 to 2 at 1316051251.935169 standard 1
AFTER_LOCK * for 4 SENT from 1 to 2 at 1316051251.935170 standard 1
AFTER_AFTER_LOCK * for 4 SENT from 1 to 2 at 1316051251.935187 standard 1
AFTER_LOCK2 * for 4 SENT from 1 to 2 at 1316051251.935188 standard 1
VSS_ECHO 293 for 4 SENT from 1 to 2 at 1316051251.935206 standard 1
VSSECHO_STAGE3 * for * SENT from * to * at 1316051251.935220
VSSECHO_STAGE4 * for * SENT from * to * at 1316051251.935318
BEFORE_LOCK * for 4 SENT from 1 to 3 at 1316051251.935325 standard 1
AFTER_LOCK * for 4 SENT from 1 to 3 at 1316051251.935325 standard 1
AFTER_AFTER_LOCK * for 4 SENT from 1 to 3 at 1316051251.935337 standard 1
AFTER_LOCK2 * for 4 SENT from 1 to 3 at 1316051251.935338 standard 1
VSS_ECHO 294 for 4 SENT from 1 to 3 at 1316051251.935386 standard 1
VSSECHO_STAGE3 * for * SENT from * to * at 1316051251.935398
VSSECHO_STAGE4 * for * SENT from * to * at 1316051251.935474
BEFORE_LOCK * for 4 SENT from 1 to 4 at 1316051251.935480 standard 1
AFTER_LOCK * for 4 SENT from 1 to 4 at 1316051251.935480 standard 1
AFTER_AFTER_LOCK * for 4 SENT from 1 to 4 at 1316051251.935499 standard 1
AFTER_LOCK2 * for 4 SENT from 1 to 4 at 1316051251.935500 standard 1
VSS_ECHO 295 for 4 SENT from 1 to 4 at 1316051251.935517 standard 1
VSSECHO_STAGE3 * for * SENT from * to * at 1316051251.935530
VSSECHO_STAGE4 * for * SENT from * to * at 1316051251.936096
BEFORE_LOCK * for 4 SENT from 1 to 5 at 1316051251.936104 standard 1
AFTER_LOCK * for 4 SENT from 1 to 5 at 1316051251.936105 standard 1
AFTER_AFTER_LOCK * for 4 SENT from 1 to 5 at 1316051251.936118 standard 1
AFTER_LOCK2 * for 4 SENT from 1 to 5 at 1316051251.936118 standard 1
VSS_ECHO 296 for 4 SENT from 1 to 5 at 1316051251.936136 standard 1
VSSECHO_STAGE3 * for * SENT from * to * at 1316051251.936150
VSSECHO_STAGE4 * for * SENT from * to * at 1316051251.936229
BEFORE_LOCK * for 4 SENT from 1 to 6 at 1316051251.936235 standard 1
AFTER_LOCK * for 4 SENT from 1 to 6 at 1316051251.936236 standard 1
AFTER_AFTER_LOCK * for 4 SENT from 1 to 6 at 1316051251.936252 standard 1
AFTER_LOCK2 * for 4 SENT from 1 to 6 at 1316051251.936253 standard 1
VSS_ECHO 297 for 4 SENT from 1 to 6 at 1316051251.936275 standard 1
VSSECHO_STAGE3 * for * SENT from * to * at 1316051251.936288
VSSECHO_STAGE4 * for * SENT from * to * at 1316051251.936367
BEFORE_LOCK * for 4 SENT from 1 to 7 at 1316051251.936374 standard 1
AFTER_LOCK * for 4 SENT from 1 to 7 at 1316051251.936375 standard 1
AFTER_AFTER_LOCK * for 4 SENT from 1 to 7 at 1316051251.936386 standard 1
AFTER_LOCK2 * for 4 SENT from 1 to 7 at 1316051251.936386 standard 1
VSS_ECHO 298 for 4 SENT from 1 to 7 at 1316051251.936404 standard 1
VSSECHO_STAGE3 * for * SENT from * to * at 1316051251.936416
VSSECHO_STAGE4 * for * SENT from * to * at 1316051251.936489
BEFORE_LOCK * for 4 SENT from 1 to 8 at 1316051251.936494 standard 1
AFTER_LOCK * for 4 SENT from 1 to 8 at 1316051251.936495 standard 1
AFTER_AFTER_LOCK * for 4 SENT from 1 to 8 at 1316051251.936495 standard 1
AFTER_LOCK2 * for 4 SENT from 1 to 8 at 1316051251.936496 standard 1
VSS_ECHO 299 for 4 SENT from 1 to 8 at 1316051251.936511 standard 1
VSSECHO_STAGE3 * for * SENT from * to * at 1316051251.936522
VSSECHO_STAGE4 * for * SENT from * to * at 1316051251.936593
BEFORE_LOCK * for 4 SENT from 1 to 9 at 1316051251.936598 standard 1
AFTER_LOCK * for 4 SENT from 1 to 9 at 1316051251.936599 standard 1
AFTER_AFTER_LOCK * for 4 SENT from 1 to 9 at 1316051251.936737 standard 1
AFTER_LOCK2 * for 4 SENT from 1 to 9 at 1316051251.936738 standard 1
VSS_ECHO 300 for 4 SENT from 1 to 9 at 1316051251.936756 standard 1
VSSECHO_STAGE3 * for * SENT from * to * at 1316051251.936769
VSSECHO_STAGE4 * for * SENT from * to * at 1316051251.936843
BEFORE_LOCK * for 4 SENT from 1 to 10 at 1316051251.936848 standard 1
AFTER_LOCK * for 4 SENT from 1 to 10 at 1316051251.936849 standard 1
AFTER_AFTER_LOCK * for 4 SENT from 1 to 10 at 1316051251.936859 standard 1
AFTER_LOCK2 * for 4 SENT from 1 to 10 at 1316051251.936859 standard 1
VSS_ECHO 301 for 4 SENT from 1 to 10 at 1316051251.936878 standard 1
VSSECHO_STAGE3 * for * SENT from * to * at 1316051251.936890
VSSECHO_STAGE4 * for * SENT from * to * at 1316051251.936963
BEFORE_LOCK * for 4 SENT from 1 to 11 at 1316051251.936969 standard 1
AFTER_LOCK * for 4 SENT from 1 to 11 at 1316051251.936970 standard 1
AFTER_AFTER_LOCK * for 4 SENT from 1 to 11 at 1316051251.936978 standard 1
AFTER_LOCK2 * for 4 SENT from 1 to 11 at 1316051251.936979 standard 1
VSS_ECHO 302 for 4 SENT from 1 to 11 at 1316051251.936997 standard 1
VSSECHO_STAGE3 * for * SENT from * to * at 1316051251.937009
VSSECHO_STAGE4 * for * SENT from * to * at 1316051251.937087
BEFORE_LOCK * for 4 SENT from 1 to 12 at 1316051251.937109 standard 1
AFTER_LOCK * for 4 SENT from 1 to 12 at 1316051251.937110 standard 1
AFTER_AFTER_LOCK * for 4 SENT from 1 to 12 at 1316051251.937119 standard 1
AFTER_LOCK2 * for 4 SENT from 1 to 12 at 1316051251.937119 standard 1
VSS_ECHO 303 for 4 SENT from 1 to 12 at 1316051251.937137 standard 1
VSSECHO_STAGE3 * for * SENT from * to * at 1316051251.937151
VSSECHO_STAGE4 * for * SENT from * to * at 1316051251.937225
BEFORE_LOCK * for 4 SENT from 1 to 13 at 1316051251.937231 standard 1
AFTER_LOCK * for 4 SENT from 1 to 13 at 1316051251.937231 standard 1
AFTER_AFTER_LOCK * for 4 SENT from 1 to 13 at 1316051251.937232 standard 1
AFTER_LOCK2 * for 4 SENT from 1 to 13 at 1316051251.937232 standard 1
VSS_ECHO 304 for 4 SENT from 1 to 13 at 1316051251.937338 standard 1
VSSECHO_STAGE3 * for * SENT from * to * at 1316051251.937350
VSSECHO_STAGE4 * for * SENT from * to * at 1316051251.937424
BEFORE_LOCK * for 4 SENT from 1 to 14 at 1316051251.937429 standard 1
AFTER_LOCK * for 4 SENT from 1 to 14 at 1316051251.937430 standard 1
AFTER_AFTER_LOCK * for 4 SENT from 1 to 14 at 1316051251.937548 standard 1
AFTER_LOCK2 * for 4 SENT from 1 to 14 at 1316051251.937548 standard 1
VSS_ECHO 305 for 4 SENT from 1 to 14 at 1316051251.937566 standard 1
VSSECHO_STAGE3 * for * SENT from * to * at 1316051251.937578
VSSECHO_STAGE4 * for * SENT from * to * at 1316051251.937652
BEFORE_LOCK * for 4 SENT from 1 to 15 at 1316051251.937659 standard 1
AFTER_LOCK * for 4 SENT from 1 to 15 at 1316051251.937659 standard 1
AFTER_AFTER_LOCK * for 4 SENT from 1 to 15 at 1316051251.937669 standard 1
AFTER_LOCK2 * for 4 SENT from 1 to 15 at 1316051251.937669 standard 1
VSS_ECHO 306 for 4 SENT from 1 to 15 at 1316051251.937686 standard 1
VSSECHO_STAGE3 * for * SENT from * to * at 1316051251.937698
VSSECHO_STAGE4 * for * SENT from * to * at 1316051251.937950
BEFORE_LOCK * for 4 SENT from 1 to 16 at 1316051251.937958 standard 1
AFTER_LOCK * for 4 SENT from 1 to 16 at 1316051251.937958 standard 1
AFTER_AFTER_LOCK * for 4 SENT from 1 to 16 at 1316051251.937971 standard 1
AFTER_LOCK2 * for 4 SENT from 1 to 16 at 1316051251.937971 standard 1
VSS_ECHO 307 for 4 SENT from 1 to 16 at 1316051251.937988 standard 1
VSSECHO_STAGE3 * for * SENT from * to * at 1316051251.938002
VSSECHO_STAGE4 * for * SENT from * to * at 1316051251.938083
BEFORE_LOCK * for 4 SENT from 1 to 17 at 1316051251.938089 standard 1
AFTER_LOCK * for 4 SENT from 1 to 17 at 1316051251.938089 standard 1
AFTER_AFTER_LOCK * for 4 SENT from 1 to 17 at 1316051251.938098 standard 1
AFTER_LOCK2 * for 4 SENT from 1 to 17 at 1316051251.938099 standard 1
VSS_ECHO 308 for 4 SENT from 1 to 17 at 1316051251.938115 standard 1
VSSECHO_STAGE3 * for * SENT from * to * at 1316051251.938127
VSSECHO_STAGE4 * for * SENT from * to * at 1316051251.938199
BEFORE_LOCK * for 4 SENT from 1 to 18 at 1316051251.938206 standard 1
AFTER_LOCK * for 4 SENT from 1 to 18 at 1316051251.938206 standard 1
AFTER_AFTER_LOCK * for 4 SENT from 1 to 18 at 1316051251.938382 standard 1
AFTER_LOCK2 * for 4 SENT from 1 to 18 at 1316051251.938383 standard 1
VSS_ECHO 309 for 4 SENT from 1 to 18 at 1316051251.938404 standard 1
VSSECHO_STAGE3 * for * SENT from * to * at 1316051251.938417
VSSECHO_STAGE4 * for * SENT from * to * at 1316051251.938491
BEFORE_LOCK * for 4 SENT from 1 to 19 at 1316051251.938498 standard 1
AFTER_LOCK * for 4 SENT from 1 to 19 at 1316051251.938499 standard 1
AFTER_AFTER_LOCK * for 4 SENT from 1 to 19 at 1316051251.938511 standard 1
AFTER_LOCK2 * for 4 SENT from 1 to 19 at 1316051251.938511 standard 1
VSS_ECHO 310 for 4 SENT from 1 to 19 at 1316051251.938527 standard 1
VSSECHO_STAGE3 * for * SENT from * to * at 1316051251.938540
VSSECHO_STAGE4 * for * SENT from * to * at 1316051251.938612
BEFORE_LOCK * for 4 SENT from 1 to 20 at 1316051251.938618 standard 1
AFTER_LOCK * for 4 SENT from 1 to 20 at 1316051251.938619 standard 1
AFTER_AFTER_LOCK * for 4 SENT from 1 to 20 at 1316051251.938619 standard 1
AFTER_LOCK2 * for 4 SENT from 1 to 20 at 1316051251.938619 standard 1
VSS_ECHO 311 for 4 SENT from 1 to 20 at 1316051251.938647 standard 1
VSS_ECHO 116 for 4 RECEIVED from 10 to 1 at 1316051251.938679
VSS_ECHO 112 for 4 RECEIVED from 17 to 1 at 1316051251.949445
VSS_READY 51 for 1 RECEIVED from 6 to 1 at 1316051251.960191
VSS_READY 49 for 1 RECEIVED from 19 to 1 at 1316051251.978923



*============================================
*2ENOUGH VSS_READY message for 1 at 1316051251.978923
*Threshold : Ready = 12
*Received Ready Message Num = 12
*VSS Share is complete for dealer 1
============================================

VSS_ECHO 292 for 4 RECEIVED from 1 to 1 at 1316051251.999343
VSS_READY 68 for 1 RECEIVED from 4 to 1 at 1316051252.010409
VSS_ECHO 126 for 4 RECEIVED from 9 to 1 at 1316051252.035796
VSS_ECHO 118 for 4 RECEIVED from 12 to 1 at 1316051252.049150
VSS_ECHO 125 for 4 RECEIVED from 14 to 1 at 1316051252.095297
VSS_READY 47 for 1 RECEIVED from 18 to 1 at 1316051252.139997
VSS_ECHO 128 for 4 RECEIVED from 15 to 1 at 1316051252.304700
VSS_ECHO 98 for 4 RECEIVED from 11 to 1 at 1316051252.316346
VSS_ECHO 128 for 4 RECEIVED from 16 to 1 at 1316051252.339884
VSS_ECHO 145 for 4 RECEIVED from 7 to 1 at 1316051252.442261
VSS_ECHO 117 for 4 RECEIVED from 19 to 1 at 1316051253.079805
VSS_ECHO 112 for 4 RECEIVED from 18 to 1 at 1316051253.742237



============================================
*ENOUGH VSS_ECHO message for 4 at 1316051253.742237
*Threshold : echo = 12
*Received Echo Message Num = 12
*Ready messages are sending out...
============================================

PRE_VSS_READY * for 4 SENT from 1 to 1 at 1316051253.758408 standard 1
BEFORE_LOCK * for 4 SENT from 1 to 1 at 1316051253.758420 standard 1
AFTER_LOCK * for 4 SENT from 1 to 1 at 1316051253.758422 standard 1
AFTER_AFTER_LOCK * for 4 SENT from 1 to 1 at 1316051253.758753 standard 1
AFTER_LOCK2 * for 4 SENT from 1 to 1 at 1316051253.758754 standard 1
VSS_READY 353 for 4 SENT from 1 to 1 at 1316051253.758754 standard 1
PRE_VSS_READY * for 4 SENT from 1 to 2 at 1316051253.761313 standard 1
BEFORE_LOCK * for 4 SENT from 1 to 2 at 1316051253.761326 standard 1
AFTER_LOCK * for 4 SENT from 1 to 2 at 1316051253.761327 standard 1
AFTER_AFTER_LOCK * for 4 SENT from 1 to 2 at 1316051253.761650 standard 1
AFTER_LOCK2 * for 4 SENT from 1 to 2 at 1316051253.761651 standard 1
VSS_READY 354 for 4 SENT from 1 to 2 at 1316051253.761651 standard 1
PRE_VSS_READY * for 4 SENT from 1 to 3 at 1316051253.763868 standard 1
BEFORE_LOCK * for 4 SENT from 1 to 3 at 1316051253.763882 standard 1
AFTER_LOCK * for 4 SENT from 1 to 3 at 1316051253.763883 standard 1
AFTER_AFTER_LOCK * for 4 SENT from 1 to 3 at 1316051253.764011 standard 1
AFTER_LOCK2 * for 4 SENT from 1 to 3 at 1316051253.764011 standard 1
VSS_READY 355 for 4 SENT from 1 to 3 at 1316051253.764011 standard 1
PRE_VSS_READY * for 4 SENT from 1 to 4 at 1316051253.766138 standard 1
BEFORE_LOCK * for 4 SENT from 1 to 4 at 1316051253.766147 standard 1
AFTER_LOCK * for 4 SENT from 1 to 4 at 1316051253.766148 standard 1
AFTER_AFTER_LOCK * for 4 SENT from 1 to 4 at 1316051253.766437 standard 1
AFTER_LOCK2 * for 4 SENT from 1 to 4 at 1316051253.766438 standard 1
VSS_READY 356 for 4 SENT from 1 to 4 at 1316051253.766438 standard 1
PRE_VSS_READY * for 4 SENT from 1 to 5 at 1316051253.768929 standard 1
BEFORE_LOCK * for 4 SENT from 1 to 5 at 1316051253.768939 standard 1
AFTER_LOCK * for 4 SENT from 1 to 5 at 1316051253.768940 standard 1
AFTER_AFTER_LOCK * for 4 SENT from 1 to 5 at 1316051253.769121 standard 1
AFTER_LOCK2 * for 4 SENT from 1 to 5 at 1316051253.769121 standard 1
VSS_READY 357 for 4 SENT from 1 to 5 at 1316051253.769122 standard 1
PRE_VSS_READY * for 4 SENT from 1 to 6 at 1316051253.771690 standard 1
BEFORE_LOCK * for 4 SENT from 1 to 6 at 1316051253.771702 standard 1
AFTER_LOCK * for 4 SENT from 1 to 6 at 1316051253.771703 standard 1
AFTER_AFTER_LOCK * for 4 SENT from 1 to 6 at 1316051253.771994 standard 1
AFTER_LOCK2 * for 4 SENT from 1 to 6 at 1316051253.771995 standard 1
VSS_READY 358 for 4 SENT from 1 to 6 at 1316051253.771995 standard 1
PRE_VSS_READY * for 4 SENT from 1 to 7 at 1316051253.774798 standard 1
BEFORE_LOCK * for 4 SENT from 1 to 7 at 1316051253.774836 standard 1
AFTER_LOCK * for 4 SENT from 1 to 7 at 1316051253.774837 standard 1
AFTER_AFTER_LOCK * for 4 SENT from 1 to 7 at 1316051253.775105 standard 1
AFTER_LOCK2 * for 4 SENT from 1 to 7 at 1316051253.775105 standard 1
VSS_READY 359 for 4 SENT from 1 to 7 at 1316051253.775106 standard 1
PRE_VSS_READY * for 4 SENT from 1 to 8 at 1316051253.777663 standard 1
BEFORE_LOCK * for 4 SENT from 1 to 8 at 1316051253.777672 standard 1
AFTER_LOCK * for 4 SENT from 1 to 8 at 1316051253.777673 standard 1
AFTER_AFTER_LOCK * for 4 SENT from 1 to 8 at 1316051253.777673 standard 1
AFTER_LOCK2 * for 4 SENT from 1 to 8 at 1316051253.777674 standard 1
VSS_READY 360 for 4 SENT from 1 to 8 at 1316051253.777674 standard 1
PRE_VSS_READY * for 4 SENT from 1 to 9 at 1316051253.780056 standard 1
BEFORE_LOCK * for 4 SENT from 1 to 9 at 1316051253.780067 standard 1
AFTER_LOCK * for 4 SENT from 1 to 9 at 1316051253.780068 standard 1
AFTER_AFTER_LOCK * for 4 SENT from 1 to 9 at 1316051253.780274 standard 1
AFTER_LOCK2 * for 4 SENT from 1 to 9 at 1316051253.780274 standard 1
VSS_READY 361 for 4 SENT from 1 to 9 at 1316051253.780274 standard 1
PRE_VSS_READY * for 4 SENT from 1 to 10 at 1316051253.782472 standard 1
BEFORE_LOCK * for 4 SENT from 1 to 10 at 1316051253.782481 standard 1
AFTER_LOCK * for 4 SENT from 1 to 10 at 1316051253.782482 standard 1
AFTER_AFTER_LOCK * for 4 SENT from 1 to 10 at 1316051253.783001 standard 1
AFTER_LOCK2 * for 4 SENT from 1 to 10 at 1316051253.783001 standard 1
VSS_READY 362 for 4 SENT from 1 to 10 at 1316051253.783001 standard 1
PRE_VSS_READY * for 4 SENT from 1 to 11 at 1316051253.785172 standard 1
BEFORE_LOCK * for 4 SENT from 1 to 11 at 1316051253.785181 standard 1
AFTER_LOCK * for 4 SENT from 1 to 11 at 1316051253.785182 standard 1
AFTER_AFTER_LOCK * for 4 SENT from 1 to 11 at 1316051253.785264 standard 1
AFTER_LOCK2 * for 4 SENT from 1 to 11 at 1316051253.785264 standard 1
VSS_READY 363 for 4 SENT from 1 to 11 at 1316051253.785264 standard 1
PRE_VSS_READY * for 4 SENT from 1 to 12 at 1316051253.787595 standard 1
BEFORE_LOCK * for 4 SENT from 1 to 12 at 1316051253.787604 standard 1
AFTER_LOCK * for 4 SENT from 1 to 12 at 1316051253.787604 standard 1
AFTER_AFTER_LOCK * for 4 SENT from 1 to 12 at 1316051253.787725 standard 1
AFTER_LOCK2 * for 4 SENT from 1 to 12 at 1316051253.787726 standard 1
VSS_READY 364 for 4 SENT from 1 to 12 at 1316051253.787726 standard 1
PRE_VSS_READY * for 4 SENT from 1 to 13 at 1316051253.790026 standard 1
BEFORE_LOCK * for 4 SENT from 1 to 13 at 1316051253.790037 standard 1
AFTER_LOCK * for 4 SENT from 1 to 13 at 1316051253.790038 standard 1
AFTER_AFTER_LOCK * for 4 SENT from 1 to 13 at 1316051253.790038 standard 1
AFTER_LOCK2 * for 4 SENT from 1 to 13 at 1316051253.790039 standard 1
VSS_READY 365 for 4 SENT from 1 to 13 at 1316051253.790039 standard 1
PRE_VSS_READY * for 4 SENT from 1 to 14 at 1316051253.792350 standard 1
BEFORE_LOCK * for 4 SENT from 1 to 14 at 1316051253.792359 standard 1
AFTER_LOCK * for 4 SENT from 1 to 14 at 1316051253.792360 standard 1
AFTER_AFTER_LOCK * for 4 SENT from 1 to 14 at 1316051253.792438 standard 1
AFTER_LOCK2 * for 4 SENT from 1 to 14 at 1316051253.792438 standard 1
VSS_READY 366 for 4 SENT from 1 to 14 at 1316051253.792439 standard 1
PRE_VSS_READY * for 4 SENT from 1 to 15 at 1316051253.794801 standard 1
BEFORE_LOCK * for 4 SENT from 1 to 15 at 1316051253.794810 standard 1
AFTER_LOCK * for 4 SENT from 1 to 15 at 1316051253.794810 standard 1
AFTER_AFTER_LOCK * for 4 SENT from 1 to 15 at 1316051253.794883 standard 1
AFTER_LOCK2 * for 4 SENT from 1 to 15 at 1316051253.794883 standard 1
VSS_READY 367 for 4 SENT from 1 to 15 at 1316051253.794883 standard 1
PRE_VSS_READY * for 4 SENT from 1 to 16 at 1316051253.797222 standard 1
BEFORE_LOCK * for 4 SENT from 1 to 16 at 1316051253.797230 standard 1
AFTER_LOCK * for 4 SENT from 1 to 16 at 1316051253.797230 standard 1
AFTER_AFTER_LOCK * for 4 SENT from 1 to 16 at 1316051253.797637 standard 1
AFTER_LOCK2 * for 4 SENT from 1 to 16 at 1316051253.797638 standard 1
VSS_READY 368 for 4 SENT from 1 to 16 at 1316051253.797638 standard 1
PRE_VSS_READY * for 4 SENT from 1 to 17 at 1316051253.800192 standard 1
BEFORE_LOCK * for 4 SENT from 1 to 17 at 1316051253.800200 standard 1
AFTER_LOCK * for 4 SENT from 1 to 17 at 1316051253.800201 standard 1
AFTER_AFTER_LOCK * for 4 SENT from 1 to 17 at 1316051253.800274 standard 1
AFTER_LOCK2 * for 4 SENT from 1 to 17 at 1316051253.800274 standard 1
VSS_READY 369 for 4 SENT from 1 to 17 at 1316051253.800275 standard 1
PRE_VSS_READY * for 4 SENT from 1 to 18 at 1316051253.802434 standard 1
BEFORE_LOCK * for 4 SENT from 1 to 18 at 1316051253.802448 standard 1
AFTER_LOCK * for 4 SENT from 1 to 18 at 1316051253.802449 standard 1
AFTER_AFTER_LOCK * for 4 SENT from 1 to 18 at 1316051253.802644 standard 1
AFTER_LOCK2 * for 4 SENT from 1 to 18 at 1316051253.802645 standard 1
VSS_READY 370 for 4 SENT from 1 to 18 at 1316051253.802645 standard 1
PRE_VSS_READY * for 4 SENT from 1 to 19 at 1316051253.805002 standard 1
BEFORE_LOCK * for 4 SENT from 1 to 19 at 1316051253.805011 standard 1
AFTER_LOCK * for 4 SENT from 1 to 19 at 1316051253.805012 standard 1
AFTER_AFTER_LOCK * for 4 SENT from 1 to 19 at 1316051253.805085 standard 1
AFTER_LOCK2 * for 4 SENT from 1 to 19 at 1316051253.805085 standard 1
VSS_READY 371 for 4 SENT from 1 to 19 at 1316051253.805085 standard 1
PRE_VSS_READY * for 4 SENT from 1 to 20 at 1316051253.807462 standard 1
BEFORE_LOCK * for 4 SENT from 1 to 20 at 1316051253.807476 standard 1
AFTER_LOCK * for 4 SENT from 1 to 20 at 1316051253.807477 standard 1
AFTER_AFTER_LOCK * for 4 SENT from 1 to 20 at 1316051253.807477 standard 1
AFTER_LOCK2 * for 4 SENT from 1 to 20 at 1316051253.807478 standard 1
VSS_READY 372 for 4 SENT from 1 to 20 at 1316051253.807478 standard 1
VSS_READY 353 for 4 RECEIVED from 1 to 1 at 1316051253.807563
VSS_READY 174 for 4 RECEIVED from 9 to 1 at 1316051253.826281
VSS_READY 113 for 4 RECEIVED from 4 to 1 at 1316051253.857574
VSS_READY 175 for 4 RECEIVED from 7 to 1 at 1316051253.878107
VSS_READY 146 for 4 RECEIVED from 11 to 1 at 1316051253.898621
VSS_READY 175 for 4 RECEIVED from 14 to 1 at 1316051253.918713
VSS_READY 196 for 4 RECEIVED from 12 to 1 at 1316051253.938247
VSS_READY 174 for 4 RECEIVED from 10 to 1 at 1316051253.957865
VSS_READY 175 for 4 RECEIVED from 17 to 1 at 1316051253.977112
VSS_READY 175 for 4 RECEIVED from 16 to 1 at 1316051253.996134
VSS_READY 182 for 4 RECEIVED from 19 to 1 at 1316051254.125589
VSS_READY 204 for 4 RECEIVED from 15 to 1 at 1316051254.144693



*============================================
*2ENOUGH VSS_READY message for 1 at 1316051254.144693
*Threshold : Ready = 12
*Received Ready Message Num = 12
*VSS Share is complete for dealer 4
============================================

VSS_READY 145 for 4 RECEIVED from 18 to 1 at 1316051254.181454
VSS_SEND 3 for * RECEIVED from 5 to 1 at 1316051254.731470
VSSECHO_STAGE3 * for * SENT from * to * at 1316051254.753030
VSSECHO_STAGE4 * for * SENT from * to * at 1316051254.753139
BEFORE_LOCK * for 5 SENT from 1 to 1 at 1316051254.753147 standard 1
AFTER_LOCK * for 5 SENT from 1 to 1 at 1316051254.753149 standard 1
AFTER_AFTER_LOCK * for 5 SENT from 1 to 1 at 1316051254.753313 standard 1
AFTER_LOCK2 * for 5 SENT from 1 to 1 at 1316051254.753314 standard 1
VSS_ECHO 493 for 5 SENT from 1 to 1 at 1316051254.753334 standard 1
VSSECHO_STAGE3 * for * SENT from * to * at 1316051254.753349
VSSECHO_STAGE4 * for * SENT from * to * at 1316051254.753516
BEFORE_LOCK * for 5 SENT from 1 to 2 at 1316051254.753522 standard 1
AFTER_LOCK * for 5 SENT from 1 to 2 at 1316051254.753523 standard 1
AFTER_AFTER_LOCK * for 5 SENT from 1 to 2 at 1316051254.753536 standard 1
AFTER_LOCK2 * for 5 SENT from 1 to 2 at 1316051254.753537 standard 1
VSS_ECHO 494 for 5 SENT from 1 to 2 at 1316051254.753553 standard 1
VSSECHO_STAGE3 * for * SENT from * to * at 1316051254.753565
VSSECHO_STAGE4 * for * SENT from * to * at 1316051254.753637
BEFORE_LOCK * for 5 SENT from 1 to 3 at 1316051254.753642 standard 1
AFTER_LOCK * for 5 SENT from 1 to 3 at 1316051254.753643 standard 1
AFTER_AFTER_LOCK * for 5 SENT from 1 to 3 at 1316051254.753653 standard 1
AFTER_LOCK2 * for 5 SENT from 1 to 3 at 1316051254.753653 standard 1
VSS_ECHO 495 for 5 SENT from 1 to 3 at 1316051254.753703 standard 1
VSSECHO_STAGE3 * for * SENT from * to * at 1316051254.753715
VSSECHO_STAGE4 * for * SENT from * to * at 1316051254.753788
BEFORE_LOCK * for 5 SENT from 1 to 4 at 1316051254.753793 standard 1
AFTER_LOCK * for 5 SENT from 1 to 4 at 1316051254.753794 standard 1
AFTER_AFTER_LOCK * for 5 SENT from 1 to 4 at 1316051254.753805 standard 1
AFTER_LOCK2 * for 5 SENT from 1 to 4 at 1316051254.753806 standard 1
VSS_ECHO 496 for 5 SENT from 1 to 4 at 1316051254.753824 standard 1
VSSECHO_STAGE3 * for * SENT from * to * at 1316051254.753836
VSSECHO_STAGE4 * for * SENT from * to * at 1316051254.753913
BEFORE_LOCK * for 5 SENT from 1 to 5 at 1316051254.753919 standard 1
AFTER_LOCK * for 5 SENT from 1 to 5 at 1316051254.753920 standard 1
AFTER_AFTER_LOCK * for 5 SENT from 1 to 5 at 1316051254.754109 standard 1
AFTER_LOCK2 * for 5 SENT from 1 to 5 at 1316051254.754109 standard 1
VSS_ECHO 497 for 5 SENT from 1 to 5 at 1316051254.754131 standard 1
VSSECHO_STAGE3 * for * SENT from * to * at 1316051254.754143
VSSECHO_STAGE4 * for * SENT from * to * at 1316051254.754235
BEFORE_LOCK * for 5 SENT from 1 to 6 at 1316051254.754241 standard 1
AFTER_LOCK * for 5 SENT from 1 to 6 at 1316051254.754246 standard 1
AFTER_AFTER_LOCK * for 5 SENT from 1 to 6 at 1316051254.754256 standard 1
AFTER_LOCK2 * for 5 SENT from 1 to 6 at 1316051254.754257 standard 1
VSS_ECHO 498 for 5 SENT from 1 to 6 at 1316051254.754273 standard 1
VSSECHO_STAGE3 * for * SENT from * to * at 1316051254.754285
VSSECHO_STAGE4 * for * SENT from * to * at 1316051254.754361
BEFORE_LOCK * for 5 SENT from 1 to 7 at 1316051254.754366 standard 1
AFTER_LOCK * for 5 SENT from 1 to 7 at 1316051254.754367 standard 1
AFTER_AFTER_LOCK * for 5 SENT from 1 to 7 at 1316051254.754376 standard 1
AFTER_LOCK2 * for 5 SENT from 1 to 7 at 1316051254.754376 standard 1
VSS_ECHO 499 for 5 SENT from 1 to 7 at 1316051254.754395 standard 1
VSSECHO_STAGE3 * for * SENT from * to * at 1316051254.754407
VSSECHO_STAGE4 * for * SENT from * to * at 1316051254.754481
BEFORE_LOCK * for 5 SENT from 1 to 8 at 1316051254.754487 standard 1
AFTER_LOCK * for 5 SENT from 1 to 8 at 1316051254.754487 standard 1
AFTER_AFTER_LOCK * for 5 SENT from 1 to 8 at 1316051254.754487 standard 1
AFTER_LOCK2 * for 5 SENT from 1 to 8 at 1316051254.754488 standard 1
VSS_ECHO 500 for 5 SENT from 1 to 8 at 1316051254.754510 standard 1
VSSECHO_STAGE3 * for * SENT from * to * at 1316051254.754522
VSSECHO_STAGE4 * for * SENT from * to * at 1316051254.754593
BEFORE_LOCK * for 5 SENT from 1 to 9 at 1316051254.754598 standard 1
AFTER_LOCK * for 5 SENT from 1 to 9 at 1316051254.754599 standard 1
AFTER_AFTER_LOCK * for 5 SENT from 1 to 9 at 1316051254.754614 standard 1
AFTER_LOCK2 * for 5 SENT from 1 to 9 at 1316051254.754614 standard 1
VSS_ECHO 501 for 5 SENT from 1 to 9 at 1316051254.754630 standard 1
VSSECHO_STAGE3 * for * SENT from * to * at 1316051254.754642
VSSECHO_STAGE4 * for * SENT from * to * at 1316051254.754713
BEFORE_LOCK * for 5 SENT from 1 to 10 at 1316051254.754719 standard 1
AFTER_LOCK * for 5 SENT from 1 to 10 at 1316051254.754720 standard 1
AFTER_AFTER_LOCK * for 5 SENT from 1 to 10 at 1316051254.754857 standard 1
AFTER_LOCK2 * for 5 SENT from 1 to 10 at 1316051254.754858 standard 1
VSS_ECHO 502 for 5 SENT from 1 to 10 at 1316051254.754885 standard 1
VSSECHO_STAGE3 * for * SENT from * to * at 1316051254.754897
VSSECHO_STAGE4 * for * SENT from * to * at 1316051254.754969
BEFORE_LOCK * for 5 SENT from 1 to 11 at 1316051254.754975 standard 1
AFTER_LOCK * for 5 SENT from 1 to 11 at 1316051254.754976 standard 1
AFTER_AFTER_LOCK * for 5 SENT from 1 to 11 at 1316051254.754986 standard 1
AFTER_LOCK2 * for 5 SENT from 1 to 11 at 1316051254.754987 standard 1
VSS_ECHO 503 for 5 SENT from 1 to 11 at 1316051254.755011 standard 1
VSSECHO_STAGE3 * for * SENT from * to * at 1316051254.755023
VSSECHO_STAGE4 * for * SENT from * to * at 1316051254.755095
BEFORE_LOCK * for 5 SENT from 1 to 12 at 1316051254.755116 standard 1
AFTER_LOCK * for 5 SENT from 1 to 12 at 1316051254.755117 standard 1
AFTER_AFTER_LOCK * for 5 SENT from 1 to 12 at 1316051254.755128 standard 1
AFTER_LOCK2 * for 5 SENT from 1 to 12 at 1316051254.755128 standard 1
VSS_ECHO 504 for 5 SENT from 1 to 12 at 1316051254.755144 standard 1
VSSECHO_STAGE3 * for * SENT from * to * at 1316051254.755156
VSSECHO_STAGE4 * for * SENT from * to * at 1316051254.755231
BEFORE_LOCK * for 5 SENT from 1 to 13 at 1316051254.755238 standard 1
AFTER_LOCK * for 5 SENT from 1 to 13 at 1316051254.755239 standard 1
AFTER_AFTER_LOCK * for 5 SENT from 1 to 13 at 1316051254.755239 standard 1
AFTER_LOCK2 * for 5 SENT from 1 to 13 at 1316051254.755240 standard 1
VSS_ECHO 505 for 5 SENT from 1 to 13 at 1316051254.755259 standard 1
VSSECHO_STAGE3 * for * SENT from * to * at 1316051254.755271
VSSECHO_STAGE4 * for * SENT from * to * at 1316051254.755350
BEFORE_LOCK * for 5 SENT from 1 to 14 at 1316051254.755355 standard 1
AFTER_LOCK * for 5 SENT from 1 to 14 at 1316051254.755355 standard 1
AFTER_AFTER_LOCK * for 5 SENT from 1 to 14 at 1316051254.755366 standard 1
AFTER_LOCK2 * for 5 SENT from 1 to 14 at 1316051254.755367 standard 1
VSS_ECHO 506 for 5 SENT from 1 to 14 at 1316051254.755387 standard 1
VSSECHO_STAGE3 * for * SENT from * to * at 1316051254.755398
VSSECHO_STAGE4 * for * SENT from * to * at 1316051254.755925
BEFORE_LOCK * for 5 SENT from 1 to 15 at 1316051254.755933 standard 1
AFTER_LOCK * for 5 SENT from 1 to 15 at 1316051254.755934 standard 1
AFTER_AFTER_LOCK * for 5 SENT from 1 to 15 at 1316051254.755945 standard 1
AFTER_LOCK2 * for 5 SENT from 1 to 15 at 1316051254.755946 standard 1
VSS_ECHO 507 for 5 SENT from 1 to 15 at 1316051254.755966 standard 1
VSSECHO_STAGE3 * for * SENT from * to * at 1316051254.755978
VSSECHO_STAGE4 * for * SENT from * to * at 1316051254.756057
BEFORE_LOCK * for 5 SENT from 1 to 16 at 1316051254.756063 standard 1
AFTER_LOCK * for 5 SENT from 1 to 16 at 1316051254.756064 standard 1
AFTER_AFTER_LOCK * for 5 SENT from 1 to 16 at 1316051254.756076 standard 1
AFTER_LOCK2 * for 5 SENT from 1 to 16 at 1316051254.756076 standard 1
VSS_ECHO 508 for 5 SENT from 1 to 16 at 1316051254.756092 standard 1
VSSECHO_STAGE3 * for * SENT from * to * at 1316051254.756104
VSSECHO_STAGE4 * for * SENT from * to * at 1316051254.756196
BEFORE_LOCK * for 5 SENT from 1 to 17 at 1316051254.756203 standard 1
AFTER_LOCK * for 5 SENT from 1 to 17 at 1316051254.756204 standard 1
AFTER_AFTER_LOCK * for 5 SENT from 1 to 17 at 1316051254.756215 standard 1
AFTER_LOCK2 * for 5 SENT from 1 to 17 at 1316051254.756216 standard 1
VSS_ECHO 509 for 5 SENT from 1 to 17 at 1316051254.756237 standard 1
VSSECHO_STAGE3 * for * SENT from * to * at 1316051254.756253
VSSECHO_STAGE4 * for * SENT from * to * at 1316051254.756378
BEFORE_LOCK * for 5 SENT from 1 to 18 at 1316051254.756385 standard 1
AFTER_LOCK * for 5 SENT from 1 to 18 at 1316051254.756386 standard 1
AFTER_AFTER_LOCK * for 5 SENT from 1 to 18 at 1316051254.756593 standard 1
AFTER_LOCK2 * for 5 SENT from 1 to 18 at 1316051254.756594 standard 1
VSS_ECHO 510 for 5 SENT from 1 to 18 at 1316051254.756613 standard 1
VSSECHO_STAGE3 * for * SENT from * to * at 1316051254.756625
VSSECHO_STAGE4 * for * SENT from * to * at 1316051254.756699
BEFORE_LOCK * for 5 SENT from 1 to 19 at 1316051254.756706 standard 1
AFTER_LOCK * for 5 SENT from 1 to 19 at 1316051254.756706 standard 1
AFTER_AFTER_LOCK * for 5 SENT from 1 to 19 at 1316051254.756718 standard 1
AFTER_LOCK2 * for 5 SENT from 1 to 19 at 1316051254.756718 standard 1
VSS_ECHO 511 for 5 SENT from 1 to 19 at 1316051254.756739 standard 1
VSSECHO_STAGE3 * for * SENT from * to * at 1316051254.756752
VSSECHO_STAGE4 * for * SENT from * to * at 1316051254.756831
BEFORE_LOCK * for 5 SENT from 1 to 20 at 1316051254.756837 standard 1
AFTER_LOCK * for 5 SENT from 1 to 20 at 1316051254.756838 standard 1
AFTER_AFTER_LOCK * for 5 SENT from 1 to 20 at 1316051254.756838 standard 1
AFTER_LOCK2 * for 5 SENT from 1 to 20 at 1316051254.756839 standard 1
VSS_ECHO 512 for 5 SENT from 1 to 20 at 1316051254.756870 standard 1
VSS_ECHO 493 for 5 RECEIVED from 1 to 1 at 1316051254.756901
VSS_ECHO 31 for 1 RECEIVED from 5 to 1 at 1316051254.825770
VSS_READY 87 for 1 RECEIVED from 5 to 1 at 1316051255.030558
VSS_ECHO 272 for 4 RECEIVED from 4 to 1 at 1316051255.055044
VSS_ECHO 294 for 5 RECEIVED from 19 to 1 at 1316051255.239581
VSS_ECHO 320 for 5 RECEIVED from 7 to 1 at 1316051255.367160
VSS_ECHO 327 for 5 RECEIVED from 4 to 1 at 1316051255.380144
VSS_ECHO 291 for 5 RECEIVED from 11 to 1 at 1316051255.391274
VSS_READY 162 for 4 RECEIVED from 5 to 1 at 1316051255.404102
VSS_ECHO 319 for 5 RECEIVED from 16 to 1 at 1316051255.437952
VSS_ECHO 314 for 5 RECEIVED from 12 to 1 at 1316051255.449735
VSS_ECHO 331 for 5 RECEIVED from 9 to 1 at 1316051255.495558
VSS_ECHO 332 for 5 RECEIVED from 10 to 1 at 1316051255.594003
VSS_ECHO 333 for 5 RECEIVED from 14 to 1 at 1316051255.628970
VSS_ECHO 208 for 4 RECEIVED from 5 to 1 at 1316051255.992936
VSS_SEND 3 for * RECEIVED from 2 to 1 at 1316051256.070503
VSSECHO_STAGE3 * for * SENT from * to * at 1316051256.091745
VSSECHO_STAGE4 * for * SENT from * to * at 1316051256.091856
BEFORE_LOCK * for 2 SENT from 1 to 1 at 1316051256.091865 standard 1
AFTER_LOCK * for 2 SENT from 1 to 1 at 1316051256.091867 standard 1
AFTER_AFTER_LOCK * for 2 SENT from 1 to 1 at 1316051256.092035 standard 1
AFTER_LOCK2 * for 2 SENT from 1 to 1 at 1316051256.092036 standard 1
VSS_ECHO 543 for 2 SENT from 1 to 1 at 1316051256.092059 standard 1
VSSECHO_STAGE3 * for * SENT from * to * at 1316051256.092074
VSSECHO_STAGE4 * for * SENT from * to * at 1316051256.092155
BEFORE_LOCK * for 2 SENT from 1 to 2 at 1316051256.092163 standard 1
AFTER_LOCK * for 2 SENT from 1 to 2 at 1316051256.092164 standard 1
AFTER_AFTER_LOCK * for 2 SENT from 1 to 2 at 1316051256.092178 standard 1
AFTER_LOCK2 * for 2 SENT from 1 to 2 at 1316051256.092178 standard 1
VSS_ECHO 544 for 2 SENT from 1 to 2 at 1316051256.092200 standard 1
VSSECHO_STAGE3 * for * SENT from * to * at 1316051256.092213
VSSECHO_STAGE4 * for * SENT from * to * at 1316051256.092289
BEFORE_LOCK * for 2 SENT from 1 to 3 at 1316051256.092296 standard 1
AFTER_LOCK * for 2 SENT from 1 to 3 at 1316051256.092296 standard 1
AFTER_AFTER_LOCK * for 2 SENT from 1 to 3 at 1316051256.092309 standard 1
AFTER_LOCK2 * for 2 SENT from 1 to 3 at 1316051256.092309 standard 1
VSS_ECHO 545 for 2 SENT from 1 to 3 at 1316051256.092329 standard 1
VSSECHO_STAGE3 * for * SENT from * to * at 1316051256.092342
VSSECHO_STAGE4 * for * SENT from * to * at 1316051256.092431
BEFORE_LOCK * for 2 SENT from 1 to 4 at 1316051256.092438 standard 1
AFTER_LOCK * for 2 SENT from 1 to 4 at 1316051256.092439 standard 1
AFTER_AFTER_LOCK * for 2 SENT from 1 to 4 at 1316051256.092450 standard 1
AFTER_LOCK2 * for 2 SENT from 1 to 4 at 1316051256.092451 standard 1
VSS_ECHO 546 for 2 SENT from 1 to 4 at 1316051256.092468 standard 1
VSSECHO_STAGE3 * for * SENT from * to * at 1316051256.092480
VSSECHO_STAGE4 * for * SENT from * to * at 1316051256.092555
BEFORE_LOCK * for 2 SENT from 1 to 5 at 1316051256.092560 standard 1
AFTER_LOCK * for 2 SENT from 1 to 5 at 1316051256.092561 standard 1
AFTER_AFTER_LOCK * for 2 SENT from 1 to 5 at 1316051256.092571 standard 1
AFTER_LOCK2 * for 2 SENT from 1 to 5 at 1316051256.092571 standard 1
VSS_ECHO 547 for 2 SENT from 1 to 5 at 1316051256.092588 standard 1
VSSECHO_STAGE3 * for * SENT from * to * at 1316051256.092600
VSSECHO_STAGE4 * for * SENT from * to * at 1316051256.092673
BEFORE_LOCK * for 2 SENT from 1 to 6 at 1316051256.092680 standard 1
AFTER_LOCK * for 2 SENT from 1 to 6 at 1316051256.092681 standard 1
AFTER_AFTER_LOCK * for 2 SENT from 1 to 6 at 1316051256.092860 standard 1
AFTER_LOCK2 * for 2 SENT from 1 to 6 at 1316051256.092860 standard 1
VSS_ECHO 548 for 2 SENT from 1 to 6 at 1316051256.092889 standard 1
VSSECHO_STAGE3 * for * SENT from * to * at 1316051256.092902
VSSECHO_STAGE4 * for * SENT from * to * at 1316051256.092975
BEFORE_LOCK * for 2 SENT from 1 to 7 at 1316051256.092982 standard 1
AFTER_LOCK * for 2 SENT from 1 to 7 at 1316051256.092983 standard 1
AFTER_AFTER_LOCK * for 2 SENT from 1 to 7 at 1316051256.092994 standard 1
AFTER_LOCK2 * for 2 SENT from 1 to 7 at 1316051256.092994 standard 1
VSS_ECHO 549 for 2 SENT from 1 to 7 at 1316051256.093048 standard 1
VSSECHO_STAGE3 * for * SENT from * to * at 1316051256.093060
VSSECHO_STAGE4 * for * SENT from * to * at 1316051256.093346
BEFORE_LOCK * for 2 SENT from 1 to 8 at 1316051256.093353 standard 1
AFTER_LOCK * for 2 SENT from 1 to 8 at 1316051256.093353 standard 1
AFTER_AFTER_LOCK * for 2 SENT from 1 to 8 at 1316051256.093354 standard 1
AFTER_LOCK2 * for 2 SENT from 1 to 8 at 1316051256.093354 standard 1
VSS_ECHO 550 for 2 SENT from 1 to 8 at 1316051256.093370 standard 1
VSSECHO_STAGE3 * for * SENT from * to * at 1316051256.093382
VSSECHO_STAGE4 * for * SENT from * to * at 1316051256.093454
BEFORE_LOCK * for 2 SENT from 1 to 9 at 1316051256.093460 standard 1
AFTER_LOCK * for 2 SENT from 1 to 9 at 1316051256.093461 standard 1
AFTER_AFTER_LOCK * for 2 SENT from 1 to 9 at 1316051256.093998 standard 1
AFTER_LOCK2 * for 2 SENT from 1 to 9 at 1316051256.093998 standard 1
VSS_ECHO 551 for 2 SENT from 1 to 9 at 1316051256.094390 standard 1
VSSECHO_STAGE3 * for * SENT from * to * at 1316051256.094405
VSSECHO_STAGE4 * for * SENT from * to * at 1316051256.094480
BEFORE_LOCK * for 2 SENT from 1 to 10 at 1316051256.094485 standard 1
AFTER_LOCK * for 2 SENT from 1 to 10 at 1316051256.094486 standard 1
AFTER_AFTER_LOCK * for 2 SENT from 1 to 10 at 1316051256.094728 standard 1
AFTER_LOCK2 * for 2 SENT from 1 to 10 at 1316051256.094728 standard 1
VSS_ECHO 552 for 2 SENT from 1 to 10 at 1316051256.094746 standard 1
VSSECHO_STAGE3 * for * SENT from * to * at 1316051256.094759
VSSECHO_STAGE4 * for * SENT from * to * at 1316051256.094835
BEFORE_LOCK * for 2 SENT from 1 to 11 at 1316051256.094842 standard 1
AFTER_LOCK * for 2 SENT from 1 to 11 at 1316051256.094843 standard 1
AFTER_AFTER_LOCK * for 2 SENT from 1 to 11 at 1316051256.094890 standard 1
AFTER_LOCK2 * for 2 SENT from 1 to 11 at 1316051256.094891 standard 1
VSS_ECHO 553 for 2 SENT from 1 to 11 at 1316051256.094908 standard 1
VSSECHO_STAGE3 * for * SENT from * to * at 1316051256.094920
VSSECHO_STAGE4 * for * SENT from * to * at 1316051256.094994
BEFORE_LOCK * for 2 SENT from 1 to 12 at 1316051256.095001 standard 1
AFTER_LOCK * for 2 SENT from 1 to 12 at 1316051256.095001 standard 1
AFTER_AFTER_LOCK * for 2 SENT from 1 to 12 at 1316051256.095030 standard 1
AFTER_LOCK2 * for 2 SENT from 1 to 12 at 1316051256.095031 standard 1
VSS_ECHO 554 for 2 SENT from 1 to 12 at 1316051256.095049 standard 1
VSSECHO_STAGE3 * for * SENT from * to * at 1316051256.095061
VSSECHO_STAGE4 * for * SENT from * to * at 1316051256.095147
BEFORE_LOCK * for 2 SENT from 1 to 13 at 1316051256.095154 standard 1
AFTER_LOCK * for 2 SENT from 1 to 13 at 1316051256.095155 standard 1
AFTER_AFTER_LOCK * for 2 SENT from 1 to 13 at 1316051256.095155 standard 1
AFTER_LOCK2 * for 2 SENT from 1 to 13 at 1316051256.095155 standard 1
VSS_ECHO 555 for 2 SENT from 1 to 13 at 1316051256.095171 standard 1
VSSECHO_STAGE3 * for * SENT from * to * at 1316051256.095183
VSSECHO_STAGE4 * for * SENT from * to * at 1316051256.095256
BEFORE_LOCK * for 2 SENT from 1 to 14 at 1316051256.095597 standard 1
AFTER_LOCK * for 2 SENT from 1 to 14 at 1316051256.095598 standard 1
AFTER_AFTER_LOCK * for 2 SENT from 1 to 14 at 1316051256.095610 standard 1
AFTER_LOCK2 * for 2 SENT from 1 to 14 at 1316051256.095610 standard 1
VSS_ECHO 556 for 2 SENT from 1 to 14 at 1316051256.095628 standard 1
VSSECHO_STAGE3 * for * SENT from * to * at 1316051256.095640
VSSECHO_STAGE4 * for * SENT from * to * at 1316051256.095715
BEFORE_LOCK * for 2 SENT from 1 to 15 at 1316051256.095720 standard 1
AFTER_LOCK * for 2 SENT from 1 to 15 at 1316051256.095721 standard 1
AFTER_AFTER_LOCK * for 2 SENT from 1 to 15 at 1316051256.095729 standard 1
AFTER_LOCK2 * for 2 SENT from 1 to 15 at 1316051256.095730 standard 1
VSS_ECHO 557 for 2 SENT from 1 to 15 at 1316051256.095747 standard 1
VSSECHO_STAGE3 * for * SENT from * to * at 1316051256.095758
VSSECHO_STAGE4 * for * SENT from * to * at 1316051256.095849
BEFORE_LOCK * for 2 SENT from 1 to 16 at 1316051256.095856 standard 1
AFTER_LOCK * for 2 SENT from 1 to 16 at 1316051256.095856 standard 1
AFTER_AFTER_LOCK * for 2 SENT from 1 to 16 at 1316051256.095868 standard 1
AFTER_LOCK2 * for 2 SENT from 1 to 16 at 1316051256.095868 standard 1
VSS_ECHO 558 for 2 SENT from 1 to 16 at 1316051256.095890 standard 1
VSSECHO_STAGE3 * for * SENT from * to * at 1316051256.095903
VSSECHO_STAGE4 * for * SENT from * to * at 1316051256.095975
BEFORE_LOCK * for 2 SENT from 1 to 17 at 1316051256.095980 standard 1
AFTER_LOCK * for 2 SENT from 1 to 17 at 1316051256.095981 standard 1
AFTER_AFTER_LOCK * for 2 SENT from 1 to 17 at 1316051256.095992 standard 1
AFTER_LOCK2 * for 2 SENT from 1 to 17 at 1316051256.095992 standard 1
VSS_ECHO 559 for 2 SENT from 1 to 17 at 1316051256.096009 standard 1
VSSECHO_STAGE3 * for * SENT from * to * at 1316051256.096020
VSSECHO_STAGE4 * for * SENT from * to * at 1316051256.096092
BEFORE_LOCK * for 2 SENT from 1 to 18 at 1316051256.096098 standard 1
AFTER_LOCK * for 2 SENT from 1 to 18 at 1316051256.096099 standard 1
AFTER_AFTER_LOCK * for 2 SENT from 1 to 18 at 1316051256.096492 standard 1
AFTER_LOCK2 * for 2 SENT from 1 to 18 at 1316051256.096492 standard 1
VSS_ECHO 560 for 2 SENT from 1 to 18 at 1316051256.096509 standard 1
VSSECHO_STAGE3 * for * SENT from * to * at 1316051256.096522
VSSECHO_STAGE4 * for * SENT from * to * at 1316051256.096595
BEFORE_LOCK * for 2 SENT from 1 to 19 at 1316051256.096601 standard 1
AFTER_LOCK * for 2 SENT from 1 to 19 at 1316051256.096601 standard 1
AFTER_AFTER_LOCK * for 2 SENT from 1 to 19 at 1316051256.096610 standard 1
AFTER_LOCK2 * for 2 SENT from 1 to 19 at 1316051256.096610 standard 1
VSS_ECHO 561 for 2 SENT from 1 to 19 at 1316051256.096628 standard 1
VSSECHO_STAGE3 * for * SENT from * to * at 1316051256.096642
VSSECHO_STAGE4 * for * SENT from * to * at 1316051256.096714
BEFORE_LOCK * for 2 SENT from 1 to 20 at 1316051256.096719 standard 1
AFTER_LOCK * for 2 SENT from 1 to 20 at 1316051256.096720 standard 1
AFTER_AFTER_LOCK * for 2 SENT from 1 to 20 at 1316051256.096720 standard 1
AFTER_LOCK2 * for 2 SENT from 1 to 20 at 1316051256.096721 standard 1
VSS_ECHO 562 for 2 SENT from 1 to 20 at 1316051256.096736 standard 1
VSS_ECHO 543 for 2 RECEIVED from 1 to 1 at 1316051256.096776
VSS_ECHO 367 for 2 RECEIVED from 9 to 1 at 1316051256.190286
VSS_ECHO 350 for 2 RECEIVED from 12 to 1 at 1316051256.202303
VSS_ECHO 31 for 1 RECEIVED from 2 to 1 at 1316051256.218588
VSS_ECHO 368 for 2 RECEIVED from 10 to 1 at 1316051256.332045
VSS_ECHO 369 for 2 RECEIVED from 7 to 1 at 1316051256.342910
VSS_ECHO 340 for 2 RECEIVED from 11 to 1 at 1316051256.353581
VSS_ECHO 391 for 2 RECEIVED from 4 to 1 at 1316051256.364807
VSS_ECHO 368 for 2 RECEIVED from 16 to 1 at 1316051256.393364
VSS_ECHO 331 for 2 RECEIVED from 15 to 1 at 1316051256.535735
VSS_ECHO 360 for 2 RECEIVED from 19 to 1 at 1316051256.546652
VSS_READY 87 for 1 RECEIVED from 2 to 1 at 1316051256.559202
VSS_ECHO 354 for 2 RECEIVED from 17 to 1 at 1316051256.578285
VSS_ECHO 376 for 2 RECEIVED from 14 to 1 at 1316051256.588814



============================================
*ENOUGH VSS_ECHO message for 2 at 1316051256.588814
*Threshold : echo = 12
*Received Echo Message Num = 12
*Ready messages are sending out...
============================================

PRE_VSS_READY * for 2 SENT from 1 to 1 at 1316051256.604689 standard 1
BEFORE_LOCK * for 2 SENT from 1 to 1 at 1316051256.604701 standard 1
AFTER_LOCK * for 2 SENT from 1 to 1 at 1316051256.604703 standard 1
AFTER_AFTER_LOCK * for 2 SENT from 1 to 1 at 1316051256.604812 standard 1
AFTER_LOCK2 * for 2 SENT from 1 to 1 at 1316051256.604812 standard 1
VSS_READY 584 for 2 SENT from 1 to 1 at 1316051256.604812 standard 1
PRE_VSS_READY * for 2 SENT from 1 to 2 at 1316051256.607313 standard 1
BEFORE_LOCK * for 2 SENT from 1 to 2 at 1316051256.607325 standard 1
AFTER_LOCK * for 2 SENT from 1 to 2 at 1316051256.607326 standard 1
AFTER_AFTER_LOCK * for 2 SENT from 1 to 2 at 1316051256.607449 standard 1
AFTER_LOCK2 * for 2 SENT from 1 to 2 at 1316051256.607450 standard 1
VSS_READY 585 for 2 SENT from 1 to 2 at 1316051256.607450 standard 1
PRE_VSS_READY * for 2 SENT from 1 to 3 at 1316051256.609670 standard 1
BEFORE_LOCK * for 2 SENT from 1 to 3 at 1316051256.609678 standard 1
AFTER_LOCK * for 2 SENT from 1 to 3 at 1316051256.609679 standard 1
AFTER_AFTER_LOCK * for 2 SENT from 1 to 3 at 1316051256.609828 standard 1
AFTER_LOCK2 * for 2 SENT from 1 to 3 at 1316051256.609828 standard 1
VSS_READY 586 for 2 SENT from 1 to 3 at 1316051256.609828 standard 1
PRE_VSS_READY * for 2 SENT from 1 to 4 at 1316051256.612372 standard 1
BEFORE_LOCK * for 2 SENT from 1 to 4 at 1316051256.612382 standard 1
AFTER_LOCK * for 2 SENT from 1 to 4 at 1316051256.612383 standard 1
AFTER_AFTER_LOCK * for 2 SENT from 1 to 4 at 1316051256.612470 standard 1
AFTER_LOCK2 * for 2 SENT from 1 to 4 at 1316051256.612470 standard 1
VSS_READY 587 for 2 SENT from 1 to 4 at 1316051256.612470 standard 1
PRE_VSS_READY * for 2 SENT from 1 to 5 at 1316051256.614803 standard 1
BEFORE_LOCK * for 2 SENT from 1 to 5 at 1316051256.614811 standard 1
AFTER_LOCK * for 2 SENT from 1 to 5 at 1316051256.614812 standard 1
AFTER_AFTER_LOCK * for 2 SENT from 1 to 5 at 1316051256.614907 standard 1
AFTER_LOCK2 * for 2 SENT from 1 to 5 at 1316051256.614907 standard 1
VSS_READY 588 for 2 SENT from 1 to 5 at 1316051256.614907 standard 1
PRE_VSS_READY * for 2 SENT from 1 to 6 at 1316051256.617166 standard 1
BEFORE_LOCK * for 2 SENT from 1 to 6 at 1316051256.617175 standard 1
AFTER_LOCK * for 2 SENT from 1 to 6 at 1316051256.617176 standard 1
AFTER_AFTER_LOCK * for 2 SENT from 1 to 6 at 1316051256.617341 standard 1
AFTER_LOCK2 * for 2 SENT from 1 to 6 at 1316051256.617341 standard 1
VSS_READY 589 for 2 SENT from 1 to 6 at 1316051256.617341 standard 1
PRE_VSS_READY * for 2 SENT from 1 to 7 at 1316051256.620009 standard 1
BEFORE_LOCK * for 2 SENT from 1 to 7 at 1316051256.620018 standard 1
AFTER_LOCK * for 2 SENT from 1 to 7 at 1316051256.620019 standard 1
AFTER_AFTER_LOCK * for 2 SENT from 1 to 7 at 1316051256.620123 standard 1
AFTER_LOCK2 * for 2 SENT from 1 to 7 at 1316051256.620123 standard 1
VSS_READY 590 for 2 SENT from 1 to 7 at 1316051256.620124 standard 1
PRE_VSS_READY * for 2 SENT from 1 to 8 at 1316051256.622776 standard 1
BEFORE_LOCK * for 2 SENT from 1 to 8 at 1316051256.622790 standard 1
AFTER_LOCK * for 2 SENT from 1 to 8 at 1316051256.622791 standard 1
AFTER_AFTER_LOCK * for 2 SENT from 1 to 8 at 1316051256.622791 standard 1
AFTER_LOCK2 * for 2 SENT from 1 to 8 at 1316051256.622791 standard 1
VSS_READY 591 for 2 SENT from 1 to 8 at 1316051256.622792 standard 1
PRE_VSS_READY * for 2 SENT from 1 to 9 at 1316051256.625204 standard 1
BEFORE_LOCK * for 2 SENT from 1 to 9 at 1316051256.625212 standard 1
AFTER_LOCK * for 2 SENT from 1 to 9 at 1316051256.625214 standard 1
AFTER_AFTER_LOCK * for 2 SENT from 1 to 9 at 1316051256.625467 standard 1
AFTER_LOCK2 * for 2 SENT from 1 to 9 at 1316051256.625468 standard 1
VSS_READY 592 for 2 SENT from 1 to 9 at 1316051256.625468 standard 1
PRE_VSS_READY * for 2 SENT from 1 to 10 at 1316051256.627827 standard 1
BEFORE_LOCK * for 2 SENT from 1 to 10 at 1316051256.627835 standard 1
AFTER_LOCK * for 2 SENT from 1 to 10 at 1316051256.627836 standard 1
AFTER_AFTER_LOCK * for 2 SENT from 1 to 10 at 1316051256.627911 standard 1
AFTER_LOCK2 * for 2 SENT from 1 to 10 at 1316051256.627911 standard 1
VSS_READY 593 for 2 SENT from 1 to 10 at 1316051256.627911 standard 1
PRE_VSS_READY * for 2 SENT from 1 to 11 at 1316051256.630684 standard 1
BEFORE_LOCK * for 2 SENT from 1 to 11 at 1316051256.630698 standard 1
AFTER_LOCK * for 2 SENT from 1 to 11 at 1316051256.630699 standard 1
AFTER_AFTER_LOCK * for 2 SENT from 1 to 11 at 1316051256.630813 standard 1
AFTER_LOCK2 * for 2 SENT from 1 to 11 at 1316051256.630813 standard 1
VSS_READY 594 for 2 SENT from 1 to 11 at 1316051256.630814 standard 1
PRE_VSS_READY * for 2 SENT from 1 to 12 at 1316051256.633767 standard 1
BEFORE_LOCK * for 2 SENT from 1 to 12 at 1316051256.633776 standard 1
AFTER_LOCK * for 2 SENT from 1 to 12 at 1316051256.633777 standard 1
AFTER_AFTER_LOCK * for 2 SENT from 1 to 12 at 1316051256.633846 standard 1
AFTER_LOCK2 * for 2 SENT from 1 to 12 at 1316051256.633847 standard 1
VSS_READY 595 for 2 SENT from 1 to 12 at 1316051256.633847 standard 1
PRE_VSS_READY * for 2 SENT from 1 to 13 at 1316051256.636490 standard 1
BEFORE_LOCK * for 2 SENT from 1 to 13 at 1316051256.636500 standard 1
AFTER_LOCK * for 2 SENT from 1 to 13 at 1316051256.636501 standard 1
AFTER_AFTER_LOCK * for 2 SENT from 1 to 13 at 1316051256.636501 standard 1
AFTER_LOCK2 * for 2 SENT from 1 to 13 at 1316051256.636502 standard 1
VSS_READY 596 for 2 SENT from 1 to 13 at 1316051256.636502 standard 1
PRE_VSS_READY * for 2 SENT from 1 to 14 at 1316051256.638714 standard 1
BEFORE_LOCK * for 2 SENT from 1 to 14 at 1316051256.638722 standard 1
AFTER_LOCK * for 2 SENT from 1 to 14 at 1316051256.638723 standard 1
AFTER_AFTER_LOCK * for 2 SENT from 1 to 14 at 1316051256.638857 standard 1
AFTER_LOCK2 * for 2 SENT from 1 to 14 at 1316051256.638858 standard 1
VSS_READY 597 for 2 SENT from 1 to 14 at 1316051256.638858 standard 1
PRE_VSS_READY * for 2 SENT from 1 to 15 at 1316051256.641079 standard 1
BEFORE_LOCK * for 2 SENT from 1 to 15 at 1316051256.641088 standard 1
AFTER_LOCK * for 2 SENT from 1 to 15 at 1316051256.641088 standard 1
AFTER_AFTER_LOCK * for 2 SENT from 1 to 15 at 1316051256.641256 standard 1
AFTER_LOCK2 * for 2 SENT from 1 to 15 at 1316051256.641257 standard 1
VSS_READY 598 for 2 SENT from 1 to 15 at 1316051256.641257 standard 1
PRE_VSS_READY * for 2 SENT from 1 to 16 at 1316051256.643788 standard 1
BEFORE_LOCK * for 2 SENT from 1 to 16 at 1316051256.643799 standard 1
AFTER_LOCK * for 2 SENT from 1 to 16 at 1316051256.643800 standard 1
AFTER_AFTER_LOCK * for 2 SENT from 1 to 16 at 1316051256.643994 standard 1
AFTER_LOCK2 * for 2 SENT from 1 to 16 at 1316051256.643994 standard 1
VSS_READY 599 for 2 SENT from 1 to 16 at 1316051256.643994 standard 1
PRE_VSS_READY * for 2 SENT from 1 to 17 at 1316051256.646663 standard 1
BEFORE_LOCK * for 2 SENT from 1 to 17 at 1316051256.646679 standard 1
AFTER_LOCK * for 2 SENT from 1 to 17 at 1316051256.646680 standard 1
AFTER_AFTER_LOCK * for 2 SENT from 1 to 17 at 1316051256.646844 standard 1
AFTER_LOCK2 * for 2 SENT from 1 to 17 at 1316051256.646845 standard 1
VSS_READY 600 for 2 SENT from 1 to 17 at 1316051256.646845 standard 1
PRE_VSS_READY * for 2 SENT from 1 to 18 at 1316051256.649146 standard 1
BEFORE_LOCK * for 2 SENT from 1 to 18 at 1316051256.649155 standard 1
AFTER_LOCK * for 2 SENT from 1 to 18 at 1316051256.649156 standard 1
AFTER_AFTER_LOCK * for 2 SENT from 1 to 18 at 1316051256.649267 standard 1
AFTER_LOCK2 * for 2 SENT from 1 to 18 at 1316051256.649268 standard 1
VSS_READY 601 for 2 SENT from 1 to 18 at 1316051256.649268 standard 1
PRE_VSS_READY * for 2 SENT from 1 to 19 at 1316051256.651572 standard 1
BEFORE_LOCK * for 2 SENT from 1 to 19 at 1316051256.651581 standard 1
AFTER_LOCK * for 2 SENT from 1 to 19 at 1316051256.651582 standard 1
AFTER_AFTER_LOCK * for 2 SENT from 1 to 19 at 1316051256.652015 standard 1
AFTER_LOCK2 * for 2 SENT from 1 to 19 at 1316051256.652015 standard 1
VSS_READY 602 for 2 SENT from 1 to 19 at 1316051256.652015 standard 1
PRE_VSS_READY * for 2 SENT from 1 to 20 at 1316051256.654471 standard 1
BEFORE_LOCK * for 2 SENT from 1 to 20 at 1316051256.654482 standard 1
AFTER_LOCK * for 2 SENT from 1 to 20 at 1316051256.654483 standard 1
AFTER_AFTER_LOCK * for 2 SENT from 1 to 20 at 1316051256.654483 standard 1
AFTER_LOCK2 * for 2 SENT from 1 to 20 at 1316051256.654484 standard 1
VSS_READY 603 for 2 SENT from 1 to 20 at 1316051256.654484 standard 1
VSS_READY 584 for 2 RECEIVED from 1 to 1 at 1316051256.654554
VSS_READY 421 for 2 RECEIVED from 4 to 1 at 1316051256.674367
VSS_READY 399 for 2 RECEIVED from 9 to 1 at 1316051256.692784
VSS_READY 400 for 2 RECEIVED from 7 to 1 at 1316051256.711473
VSS_READY 425 for 2 RECEIVED from 12 to 1 at 1316051256.730355
VSS_READY 427 for 2 RECEIVED from 10 to 1 at 1316051256.750029
VSS_READY 379 for 2 RECEIVED from 11 to 1 at 1316051256.770017
VSS_READY 436 for 2 RECEIVED from 14 to 1 at 1316051256.789874
VSS_READY 258 for 2 RECEIVED from 5 to 1 at 1316051256.809413
VSS_READY 422 for 2 RECEIVED from 17 to 1 at 1316051256.828733
VSS_READY 389 for 2 RECEIVED from 19 to 1 at 1316051256.849778
VSS_READY 443 for 2 RECEIVED from 16 to 1 at 1316051256.886895



*============================================
*2ENOUGH VSS_READY message for 1 at 1316051256.886895
*Threshold : Ready = 12
*Received Ready Message Num = 12
*VSS Share is complete for dealer 2
============================================




============================================
*Leader has started Agreement
*ENOUGH VSS_READY message for 1 at 1316051256.886895
*Threshold : Ready = 3
*Ready messages are sending out...
============================================

DKG_SEND 725 for * SENT from 1 to 1 at 1316051256.908652 standard 1
DKG_SEND 732 for * SENT from 1 to 2 at 1316051256.908863 standard 1
DKG_SEND 739 for * SENT from 1 to 3 at 1316051256.909157 standard 1
DKG_SEND 746 for * SENT from 1 to 4 at 1316051256.909523 standard 1
DKG_SEND 753 for * SENT from 1 to 5 at 1316051256.909702 standard 1
DKG_SEND 760 for * SENT from 1 to 6 at 1316051256.910108 standard 1
DKG_SEND 767 for * SENT from 1 to 7 at 1316051256.910276 standard 1
DKG_SEND 774 for * SENT from 1 to 8 at 1316051256.910427 standard 1
DKG_SEND 781 for * SENT from 1 to 9 at 1316051256.910890 standard 1
DKG_SEND 788 for * SENT from 1 to 10 at 1316051256.911052 standard 1
DKG_SEND 795 for * SENT from 1 to 11 at 1316051256.911282 standard 1
DKG_SEND 802 for * SENT from 1 to 12 at 1316051256.911613 standard 1
DKG_SEND 809 for * SENT from 1 to 13 at 1316051256.911761 standard 1
DKG_SEND 816 for * SENT from 1 to 14 at 1316051256.911945 standard 1
DKG_SEND 823 for * SENT from 1 to 15 at 1316051256.912484 standard 1
DKG_SEND 830 for * SENT from 1 to 16 at 1316051256.912649 standard 1
DKG_SEND 837 for * SENT from 1 to 17 at 1316051256.912808 standard 1
DKG_SEND 844 for * SENT from 1 to 18 at 1316051256.912972 standard 1
DKG_SEND 851 for * SENT from 1 to 19 at 1316051256.913248 standard 1
DKG_SEND 858 for * SENT from 1 to 20 at 1316051256.913397 standard 1
DKG_SEND 725 for * RECEIVED from 1 to 1 at 1316051256.913452
DKG_ECHO 900 for 1 SENT from 1 to 1 at 1316051257.057306 standard 1
DKG_ECHO 901 for 1 SENT from 1 to 2 at 1316051257.059383 standard 1
DKG_ECHO 902 for 1 SENT from 1 to 3 at 1316051257.061502 standard 1
DKG_ECHO 903 for 1 SENT from 1 to 4 at 1316051257.063848 standard 1
DKG_ECHO 904 for 1 SENT from 1 to 5 at 1316051257.066363 standard 1
DKG_ECHO 905 for 1 SENT from 1 to 6 at 1316051257.068569 standard 1
DKG_ECHO 906 for 1 SENT from 1 to 7 at 1316051257.070693 standard 1
DKG_ECHO 907 for 1 SENT from 1 to 8 at 1316051257.072894 standard 1
DKG_ECHO 908 for 1 SENT from 1 to 9 at 1316051257.075132 standard 1
DKG_ECHO 909 for 1 SENT from 1 to 10 at 1316051257.077537 standard 1
DKG_ECHO 910 for 1 SENT from 1 to 11 at 1316051257.079540 standard 1
DKG_ECHO 911 for 1 SENT from 1 to 12 at 1316051257.081924 standard 1
DKG_ECHO 912 for 1 SENT from 1 to 13 at 1316051257.084146 standard 1
DKG_ECHO 913 for 1 SENT from 1 to 14 at 1316051257.086319 standard 1
DKG_ECHO 914 for 1 SENT from 1 to 15 at 1316051257.088754 standard 1
DKG_ECHO 915 for 1 SENT from 1 to 16 at 1316051257.090927 standard 1
DKG_ECHO 916 for 1 SENT from 1 to 17 at 1316051257.093052 standard 1
DKG_ECHO 917 for 1 SENT from 1 to 18 at 1316051257.095331 standard 1
DKG_ECHO 918 for 1 SENT from 1 to 19 at 1316051257.097522 standard 1
DKG_ECHO 919 for 1 SENT from 1 to 20 at 1316051257.099862 standard 1
DKG_ECHO 536 for 1 RECEIVED from 12 to 1 at 1316051257.099895
DKG_ECHO 585 for 1 RECEIVED from 9 to 1 at 1316051257.103656
DKG_ECHO 900 for 1 RECEIVED from 1 to 1 at 1316051257.106111
DKG_ECHO 585 for 1 RECEIVED from 10 to 1 at 1316051257.137212
DKG_ECHO 586 for 1 RECEIVED from 7 to 1 at 1316051257.144609
VSS_READY 150 for 2 RECEIVED from 2 to 1 at 1316051257.159286
DKG_ECHO 565 for 1 RECEIVED from 17 to 1 at 1316051257.177922
DKG_ECHO 584 for 1 RECEIVED from 4 to 1 at 1316051257.180308
DKG_ECHO 563 for 1 RECEIVED from 16 to 1 at 1316051257.209147
DKG_ECHO 586 for 1 RECEIVED from 14 to 1 at 1316051257.231102
DKG_ECHO 557 for 1 RECEIVED from 11 to 1 at 1316051257.311714
DKG_ECHO 552 for 1 RECEIVED from 19 to 1 at 1316051257.349077
DKG_ECHO 413 for 1 RECEIVED from 5 to 1 at 1316051257.415431



============================================
*ENOUGH DKG_ECHO message for 1 at 1316051257.415431
*Threshold : Echo = 12
*Received Echo Message Num = 12
*DKG_Readys are sent out...
============================================

DKG_READY 1060 for 1 SENT from 1 to 1 at 1316051257.420922 standard 1
DKG_READY 1061 for 1 SENT from 1 to 2 at 1316051257.423379 standard 1
DKG_READY 1062 for 1 SENT from 1 to 3 at 1316051257.425875 standard 1
DKG_READY 1063 for 1 SENT from 1 to 4 at 1316051257.428319 standard 1
DKG_READY 1064 for 1 SENT from 1 to 5 at 1316051257.430638 standard 1
DKG_READY 1065 for 1 SENT from 1 to 6 at 1316051257.432831 standard 1
DKG_READY 1066 for 1 SENT from 1 to 7 at 1316051257.435251 standard 1
DKG_READY 1067 for 1 SENT from 1 to 8 at 1316051257.437735 standard 1
DKG_READY 1068 for 1 SENT from 1 to 9 at 1316051257.440153 standard 1
DKG_READY 1069 for 1 SENT from 1 to 10 at 1316051257.442667 standard 1
DKG_READY 1070 for 1 SENT from 1 to 11 at 1316051257.445034 standard 1
DKG_READY 1071 for 1 SENT from 1 to 12 at 1316051257.447333 standard 1
DKG_READY 1072 for 1 SENT from 1 to 13 at 1316051257.449539 standard 1
DKG_READY 1073 for 1 SENT from 1 to 14 at 1316051257.451952 standard 1
DKG_READY 1074 for 1 SENT from 1 to 15 at 1316051257.454620 standard 1
DKG_READY 1075 for 1 SENT from 1 to 16 at 1316051257.457069 standard 1
DKG_READY 1076 for 1 SENT from 1 to 17 at 1316051257.459457 standard 1
DKG_READY 1077 for 1 SENT from 1 to 18 at 1316051257.461967 standard 1
DKG_READY 1078 for 1 SENT from 1 to 19 at 1316051257.464140 standard 1
DKG_READY 1079 for 1 SENT from 1 to 20 at 1316051257.466636 standard 1
DKG_READY 770 for 1 RECEIVED from 9 to 1 at 1316051257.466681
DKG_READY 1060 for 1 RECEIVED from 1 to 1 at 1316051257.469094
DKG_READY 767 for 1 RECEIVED from 4 to 1 at 1316051257.534242
DKG_READY 746 for 1 RECEIVED from 7 to 1 at 1316051257.547673
VSS_READY 392 for 2 RECEIVED from 15 to 1 at 1316051257.557342
DKG_READY 763 for 1 RECEIVED from 12 to 1 at 1316051257.576499
DKG_READY 745 for 1 RECEIVED from 10 to 1 at 1316051257.578936
DKG_READY 717 for 1 RECEIVED from 11 to 1 at 1316051257.581240
DKG_READY 746 for 1 RECEIVED from 14 to 1 at 1316051257.593075
DKG_READY 750 for 1 RECEIVED from 17 to 1 at 1316051257.596339
VSS_SEND 3 for * RECEIVED from 3 to 1 at 1316051257.629315
VSSECHO_STAGE3 * for * SENT from * to * at 1316051257.649283
VSSECHO_STAGE4 * for * SENT from * to * at 1316051257.649370
BEFORE_LOCK * for 3 SENT from 1 to 1 at 1316051257.649377 standard 1
AFTER_LOCK * for 3 SENT from 1 to 1 at 1316051257.649379 standard 1
AFTER_AFTER_LOCK * for 3 SENT from 1 to 1 at 1316051257.649636 standard 1
AFTER_LOCK2 * for 3 SENT from 1 to 1 at 1316051257.649636 standard 1
VSS_ECHO 1230 for 3 SENT from 1 to 1 at 1316051257.649656 standard 1
VSSECHO_STAGE3 * for * SENT from * to * at 1316051257.649670
VSSECHO_STAGE4 * for * SENT from * to * at 1316051257.649775
BEFORE_LOCK * for 3 SENT from 1 to 2 at 1316051257.649782 standard 1
AFTER_LOCK * for 3 SENT from 1 to 2 at 1316051257.649783 standard 1
AFTER_AFTER_LOCK * for 3 SENT from 1 to 2 at 1316051257.649797 standard 1
AFTER_LOCK2 * for 3 SENT from 1 to 2 at 1316051257.649797 standard 1
VSS_ECHO 1231 for 3 SENT from 1 to 2 at 1316051257.649814 standard 1
VSSECHO_STAGE3 * for * SENT from * to * at 1316051257.649827
VSSECHO_STAGE4 * for * SENT from * to * at 1316051257.649908
BEFORE_LOCK * for 3 SENT from 1 to 3 at 1316051257.649914 standard 1
AFTER_LOCK * for 3 SENT from 1 to 3 at 1316051257.649914 standard 1
AFTER_AFTER_LOCK * for 3 SENT from 1 to 3 at 1316051257.649924 standard 1
AFTER_LOCK2 * for 3 SENT from 1 to 3 at 1316051257.649924 standard 1
VSS_ECHO 1232 for 3 SENT from 1 to 3 at 1316051257.649945 standard 1
VSSECHO_STAGE3 * for * SENT from * to * at 1316051257.649989
VSSECHO_STAGE4 * for * SENT from * to * at 1316051257.650064
BEFORE_LOCK * for 3 SENT from 1 to 4 at 1316051257.650072 standard 1
AFTER_LOCK * for 3 SENT from 1 to 4 at 1316051257.650073 standard 1
AFTER_AFTER_LOCK * for 3 SENT from 1 to 4 at 1316051257.650084 standard 1
AFTER_LOCK2 * for 3 SENT from 1 to 4 at 1316051257.650085 standard 1
VSS_ECHO 1233 for 3 SENT from 1 to 4 at 1316051257.650107 standard 1
VSSECHO_STAGE3 * for * SENT from * to * at 1316051257.650119
VSSECHO_STAGE4 * for * SENT from * to * at 1316051257.650203
BEFORE_LOCK * for 3 SENT from 1 to 5 at 1316051257.650209 standard 1
AFTER_LOCK * for 3 SENT from 1 to 5 at 1316051257.650210 standard 1
AFTER_AFTER_LOCK * for 3 SENT from 1 to 5 at 1316051257.650415 standard 1
AFTER_LOCK2 * for 3 SENT from 1 to 5 at 1316051257.650416 standard 1
VSS_ECHO 1234 for 3 SENT from 1 to 5 at 1316051257.650438 standard 1
VSSECHO_STAGE3 * for * SENT from * to * at 1316051257.650451
VSSECHO_STAGE4 * for * SENT from * to * at 1316051257.650526
BEFORE_LOCK * for 3 SENT from 1 to 6 at 1316051257.650532 standard 1
AFTER_LOCK * for 3 SENT from 1 to 6 at 1316051257.650533 standard 1
AFTER_AFTER_LOCK * for 3 SENT from 1 to 6 at 1316051257.650544 standard 1
AFTER_LOCK2 * for 3 SENT from 1 to 6 at 1316051257.650545 standard 1
VSS_ECHO 1235 for 3 SENT from 1 to 6 at 1316051257.650566 standard 1
VSSECHO_STAGE3 * for * SENT from * to * at 1316051257.650578
VSSECHO_STAGE4 * for * SENT from * to * at 1316051257.650651
BEFORE_LOCK * for 3 SENT from 1 to 7 at 1316051257.650657 standard 1
AFTER_LOCK * for 3 SENT from 1 to 7 at 1316051257.650658 standard 1
AFTER_AFTER_LOCK * for 3 SENT from 1 to 7 at 1316051257.650669 standard 1
AFTER_LOCK2 * for 3 SENT from 1 to 7 at 1316051257.650670 standard 1
VSS_ECHO 1236 for 3 SENT from 1 to 7 at 1316051257.650686 standard 1
VSSECHO_STAGE3 * for * SENT from * to * at 1316051257.650698
VSSECHO_STAGE4 * for * SENT from * to * at 1316051257.650770
BEFORE_LOCK * for 3 SENT from 1 to 8 at 1316051257.650775 standard 1
AFTER_LOCK * for 3 SENT from 1 to 8 at 1316051257.650775 standard 1
AFTER_AFTER_LOCK * for 3 SENT from 1 to 8 at 1316051257.650776 standard 1
AFTER_LOCK2 * for 3 SENT from 1 to 8 at 1316051257.650776 standard 1
VSS_ECHO 1237 for 3 SENT from 1 to 8 at 1316051257.650791 standard 1
VSSECHO_STAGE3 * for * SENT from * to * at 1316051257.650802
VSSECHO_STAGE4 * for * SENT from * to * at 1316051257.650873
BEFORE_LOCK * for 3 SENT from 1 to 9 at 1316051257.650878 standard 1
AFTER_LOCK * for 3 SENT from 1 to 9 at 1316051257.650879 standard 1
AFTER_AFTER_LOCK * for 3 SENT from 1 to 9 at 1316051257.650890 standard 1
AFTER_LOCK2 * for 3 SENT from 1 to 9 at 1316051257.650890 standard 1
VSS_ECHO 1238 for 3 SENT from 1 to 9 at 1316051257.650907 standard 1
VSSECHO_STAGE3 * for * SENT from * to * at 1316051257.650919
VSSECHO_STAGE4 * for * SENT from * to * at 1316051257.651502
BEFORE_LOCK * for 3 SENT from 1 to 10 at 1316051257.651510 standard 1
AFTER_LOCK * for 3 SENT from 1 to 10 at 1316051257.651510 standard 1
AFTER_AFTER_LOCK * for 3 SENT from 1 to 10 at 1316051257.651657 standard 1
AFTER_LOCK2 * for 3 SENT from 1 to 10 at 1316051257.651657 standard 1
VSS_ECHO 1239 for 3 SENT from 1 to 10 at 1316051257.651674 standard 1
VSSECHO_STAGE3 * for * SENT from * to * at 1316051257.651688
VSSECHO_STAGE4 * for * SENT from * to * at 1316051257.651760
BEFORE_LOCK * for 3 SENT from 1 to 11 at 1316051257.651765 standard 1
AFTER_LOCK * for 3 SENT from 1 to 11 at 1316051257.651766 standard 1
AFTER_AFTER_LOCK * for 3 SENT from 1 to 11 at 1316051257.651778 standard 1
AFTER_LOCK2 * for 3 SENT from 1 to 11 at 1316051257.651778 standard 1
VSS_ECHO 1240 for 3 SENT from 1 to 11 at 1316051257.651803 standard 1
VSSECHO_STAGE3 * for * SENT from * to * at 1316051257.651817
VSSECHO_STAGE4 * for * SENT from * to * at 1316051257.651891
BEFORE_LOCK * for 3 SENT from 1 to 12 at 1316051257.651897 standard 1
AFTER_LOCK * for 3 SENT from 1 to 12 at 1316051257.651898 standard 1
AFTER_AFTER_LOCK * for 3 SENT from 1 to 12 at 1316051257.651909 standard 1
AFTER_LOCK2 * for 3 SENT from 1 to 12 at 1316051257.651909 standard 1
VSS_ECHO 1241 for 3 SENT from 1 to 12 at 1316051257.651942 standard 1
VSSECHO_STAGE3 * for * SENT from * to * at 1316051257.651957
VSSECHO_STAGE4 * for * SENT from * to * at 1316051257.652033
BEFORE_LOCK * for 3 SENT from 1 to 13 at 1316051257.652039 standard 1
AFTER_LOCK * for 3 SENT from 1 to 13 at 1316051257.652040 standard 1
AFTER_AFTER_LOCK * for 3 SENT from 1 to 13 at 1316051257.652040 standard 1
AFTER_LOCK2 * for 3 SENT from 1 to 13 at 1316051257.652040 standard 1
VSS_ECHO 1242 for 3 SENT from 1 to 13 at 1316051257.652055 standard 1
VSSECHO_STAGE3 * for * SENT from * to * at 1316051257.652069
VSSECHO_STAGE4 * for * SENT from * to * at 1316051257.652139
BEFORE_LOCK * for 3 SENT from 1 to 14 at 1316051257.652144 standard 1
AFTER_LOCK * for 3 SENT from 1 to 14 at 1316051257.652145 standard 1
AFTER_AFTER_LOCK * for 3 SENT from 1 to 14 at 1316051257.652156 standard 1
AFTER_LOCK2 * for 3 SENT from 1 to 14 at 1316051257.652157 standard 1
VSS_ECHO 1243 for 3 SENT from 1 to 14 at 1316051257.652178 standard 1
VSSECHO_STAGE3 * for * SENT from * to * at 1316051257.652190
VSSECHO_STAGE4 * for * SENT from * to * at 1316051257.652506
BEFORE_LOCK * for 3 SENT from 1 to 15 at 1316051257.652514 standard 1
AFTER_LOCK * for 3 SENT from 1 to 15 at 1316051257.652514 standard 1
AFTER_AFTER_LOCK * for 3 SENT from 1 to 15 at 1316051257.652680 standard 1
AFTER_LOCK2 * for 3 SENT from 1 to 15 at 1316051257.652681 standard 1
VSS_ECHO 1244 for 3 SENT from 1 to 15 at 1316051257.652707 standard 1
VSSECHO_STAGE3 * for * SENT from * to * at 1316051257.652722
VSSECHO_STAGE4 * for * SENT from * to * at 1316051257.652797
BEFORE_LOCK * for 3 SENT from 1 to 16 at 1316051257.652802 standard 1
AFTER_LOCK * for 3 SENT from 1 to 16 at 1316051257.652803 standard 1
AFTER_AFTER_LOCK * for 3 SENT from 1 to 16 at 1316051257.652815 standard 1
AFTER_LOCK2 * for 3 SENT from 1 to 16 at 1316051257.652815 standard 1
VSS_ECHO 1245 for 3 SENT from 1 to 16 at 1316051257.652832 standard 1
VSSECHO_STAGE3 * for * SENT from * to * at 1316051257.652843
VSSECHO_STAGE4 * for * SENT from * to * at 1316051257.652915
BEFORE_LOCK * for 3 SENT from 1 to 17 at 1316051257.652920 standard 1
AFTER_LOCK * for 3 SENT from 1 to 17 at 1316051257.652921 standard 1
AFTER_AFTER_LOCK * for 3 SENT from 1 to 17 at 1316051257.652930 standard 1
AFTER_LOCK2 * for 3 SENT from 1 to 17 at 1316051257.652930 standard 1
VSS_ECHO 1246 for 3 SENT from 1 to 17 at 1316051257.652951 standard 1
VSSECHO_STAGE3 * for * SENT from * to * at 1316051257.652963
VSSECHO_STAGE4 * for * SENT from * to * at 1316051257.653040
BEFORE_LOCK * for 3 SENT from 1 to 18 at 1316051257.653046 standard 1
AFTER_LOCK * for 3 SENT from 1 to 18 at 1316051257.653047 standard 1
AFTER_AFTER_LOCK * for 3 SENT from 1 to 18 at 1316051257.653058 standard 1
AFTER_LOCK2 * for 3 SENT from 1 to 18 at 1316051257.653059 standard 1
VSS_ECHO 1247 for 3 SENT from 1 to 18 at 1316051257.653080 standard 1
VSSECHO_STAGE3 * for * SENT from * to * at 1316051257.653094
VSSECHO_STAGE4 * for * SENT from * to * at 1316051257.653166
BEFORE_LOCK * for 3 SENT from 1 to 19 at 1316051257.653172 standard 1
AFTER_LOCK * for 3 SENT from 1 to 19 at 1316051257.653173 standard 1
AFTER_AFTER_LOCK * for 3 SENT from 1 to 19 at 1316051257.653184 standard 1
AFTER_LOCK2 * for 3 SENT from 1 to 19 at 1316051257.653184 standard 1
VSS_ECHO 1248 for 3 SENT from 1 to 19 at 1316051257.653205 standard 1
VSSECHO_STAGE3 * for * SENT from * to * at 1316051257.653218
VSSECHO_STAGE4 * for * SENT from * to * at 1316051257.653295
BEFORE_LOCK * for 3 SENT from 1 to 20 at 1316051257.653301 standard 1
AFTER_LOCK * for 3 SENT from 1 to 20 at 1316051257.653301 standard 1
AFTER_AFTER_LOCK * for 3 SENT from 1 to 20 at 1316051257.653302 standard 1
AFTER_LOCK2 * for 3 SENT from 1 to 20 at 1316051257.653302 standard 1
VSS_ECHO 1249 for 3 SENT from 1 to 20 at 1316051257.653317 standard 1
DKG_READY 771 for 1 RECEIVED from 16 to 1 at 1316051257.653344
VSS_ECHO 1230 for 3 RECEIVED from 1 to 1 at 1316051257.655801
DKG_READY 735 for 1 RECEIVED from 19 to 1 at 1316051257.666215
DKG_READY 620 for 1 RECEIVED from 5 to 1 at 1316051257.712916



============================================
*2ENOUGH DKG_READY message for 1 at 1316051257.712916
*Threshold : Ready = 12
*Received Ready Message Num = 12
============================================

DKG_COMPLETE * for 1 RS from 1 to * at 1316051257.712916 :)
