-Run node 9 starting at 1316051238.020724 with version 5.2
-Function node 9 starting at 1316051248.021046
LEADER_CHANGE 1 for * SENT from 9 to 1 at 1316051248.023102 standard 1
VSS_SEND 11 for * RECEIVED from 1 to 9 at 1316051248.023844
VSSECHO_STAGE3 * for * SENT from * to * at 1316051248.043299
VSSECHO_STAGE4 * for * SENT from * to * at 1316051248.043380
BEFORE_LOCK * for 1 SENT from 9 to 1 at 1316051248.043386 standard 1
AFTER_LOCK * for 1 SENT from 9 to 1 at 1316051248.043387 standard 1
AFTER_AFTER_LOCK * for 1 SENT from 9 to 1 at 1316051248.043465 standard 1
AFTER_LOCK2 * for 1 SENT from 9 to 1 at 1316051248.043465 standard 1
VSS_ECHO 4 for 1 SENT from 9 to 1 at 1316051248.043483 standard 1
VSSECHO_STAGE3 * for * SENT from * to * at 1316051248.043495
VSSECHO_STAGE4 * for * SENT from * to * at 1316051248.043565
BEFORE_LOCK * for 1 SENT from 9 to 2 at 1316051248.043570 standard 1
AFTER_LOCK * for 1 SENT from 9 to 2 at 1316051248.043571 standard 1
AFTER_AFTER_LOCK * for 1 SENT from 9 to 2 at 1316051248.043579 standard 1
AFTER_LOCK2 * for 1 SENT from 9 to 2 at 1316051248.043579 standard 1
VSS_ECHO 5 for 1 SENT from 9 to 2 at 1316051248.043595 standard 1
VSSECHO_STAGE3 * for * SENT from * to * at 1316051248.043606
VSSECHO_STAGE4 * for * SENT from * to * at 1316051248.043674
BEFORE_LOCK * for 1 SENT from 9 to 3 at 1316051248.043679 standard 1
AFTER_LOCK * for 1 SENT from 9 to 3 at 1316051248.043680 standard 1
AFTER_AFTER_LOCK * for 1 SENT from 9 to 3 at 1316051248.043714 standard 1
AFTER_LOCK2 * for 1 SENT from 9 to 3 at 1316051248.043715 standard 1
VSS_ECHO 6 for 1 SENT from 9 to 3 at 1316051248.043731 standard 1
VSSECHO_STAGE3 * for * SENT from * to * at 1316051248.043744
VSSECHO_STAGE4 * for * SENT from * to * at 1316051248.043894
BEFORE_LOCK * for 1 SENT from 9 to 4 at 1316051248.043900 standard 1
AFTER_LOCK * for 1 SENT from 9 to 4 at 1316051248.043900 standard 1
AFTER_AFTER_LOCK * for 1 SENT from 9 to 4 at 1316051248.043931 standard 1
AFTER_LOCK2 * for 1 SENT from 9 to 4 at 1316051248.043931 standard 1
VSS_ECHO 7 for 1 SENT from 9 to 4 at 1316051248.043948 standard 1
VSSECHO_STAGE3 * for * SENT from * to * at 1316051248.043960
VSSECHO_STAGE4 * for * SENT from * to * at 1316051248.044033
BEFORE_LOCK * for 1 SENT from 9 to 5 at 1316051248.044038 standard 1
AFTER_LOCK * for 1 SENT from 9 to 5 at 1316051248.044039 standard 1
AFTER_AFTER_LOCK * for 1 SENT from 9 to 5 at 1316051248.044056 standard 1
AFTER_LOCK2 * for 1 SENT from 9 to 5 at 1316051248.044056 standard 1
VSS_ECHO 8 for 1 SENT from 9 to 5 at 1316051248.044073 standard 1
VSSECHO_STAGE3 * for * SENT from * to * at 1316051248.044085
VSSECHO_STAGE4 * for * SENT from * to * at 1316051248.044153
BEFORE_LOCK * for 1 SENT from 9 to 6 at 1316051248.044158 standard 1
AFTER_LOCK * for 1 SENT from 9 to 6 at 1316051248.044159 standard 1
AFTER_AFTER_LOCK * for 1 SENT from 9 to 6 at 1316051248.044254 standard 1
AFTER_LOCK2 * for 1 SENT from 9 to 6 at 1316051248.044255 standard 1
VSS_ECHO 9 for 1 SENT from 9 to 6 at 1316051248.044272 standard 1
VSSECHO_STAGE3 * for * SENT from * to * at 1316051248.044284
VSSECHO_STAGE4 * for * SENT from * to * at 1316051248.044353
BEFORE_LOCK * for 1 SENT from 9 to 7 at 1316051248.044358 standard 1
AFTER_LOCK * for 1 SENT from 9 to 7 at 1316051248.044359 standard 1
AFTER_AFTER_LOCK * for 1 SENT from 9 to 7 at 1316051248.044375 standard 1
AFTER_LOCK2 * for 1 SENT from 9 to 7 at 1316051248.044376 standard 1
VSS_ECHO 10 for 1 SENT from 9 to 7 at 1316051248.044392 standard 1
VSSECHO_STAGE3 * for * SENT from * to * at 1316051248.044404
VSSECHO_STAGE4 * for * SENT from * to * at 1316051248.044472
BEFORE_LOCK * for 1 SENT from 9 to 8 at 1316051248.044477 standard 1
AFTER_LOCK * for 1 SENT from 9 to 8 at 1316051248.044478 standard 1
AFTER_AFTER_LOCK * for 1 SENT from 9 to 8 at 1316051248.044505 standard 1
AFTER_LOCK2 * for 1 SENT from 9 to 8 at 1316051248.044505 standard 1
VSS_ECHO 11 for 1 SENT from 9 to 8 at 1316051248.044522 standard 1
VSSECHO_STAGE3 * for * SENT from * to * at 1316051248.044533
VSSECHO_STAGE4 * for * SENT from * to * at 1316051248.044601
BEFORE_LOCK * for 1 SENT from 9 to 9 at 1316051248.044625 standard 1
AFTER_LOCK * for 1 SENT from 9 to 9 at 1316051248.044626 standard 1
AFTER_AFTER_LOCK * for 1 SENT from 9 to 9 at 1316051248.044644 standard 1
AFTER_LOCK2 * for 1 SENT from 9 to 9 at 1316051248.044644 standard 1
VSS_ECHO 12 for 1 SENT from 9 to 9 at 1316051248.044661 standard 1
VSSECHO_STAGE3 * for * SENT from * to * at 1316051248.044675
VSSECHO_STAGE4 * for * SENT from * to * at 1316051248.044747
BEFORE_LOCK * for 1 SENT from 9 to 10 at 1316051248.044752 standard 1
AFTER_LOCK * for 1 SENT from 9 to 10 at 1316051248.044752 standard 1
AFTER_AFTER_LOCK * for 1 SENT from 9 to 10 at 1316051248.044775 standard 1
AFTER_LOCK2 * for 1 SENT from 9 to 10 at 1316051248.044775 standard 1
VSS_ECHO 13 for 1 SENT from 9 to 10 at 1316051248.044795 standard 1
VSSECHO_STAGE3 * for * SENT from * to * at 1316051248.044808
VSSECHO_STAGE4 * for * SENT from * to * at 1316051248.044879
BEFORE_LOCK * for 1 SENT from 9 to 11 at 1316051248.044885 standard 1
AFTER_LOCK * for 1 SENT from 9 to 11 at 1316051248.044885 standard 1
AFTER_AFTER_LOCK * for 1 SENT from 9 to 11 at 1316051248.044897 standard 1
AFTER_LOCK2 * for 1 SENT from 9 to 11 at 1316051248.044897 standard 1
VSS_ECHO 14 for 1 SENT from 9 to 11 at 1316051248.044914 standard 1
VSSECHO_STAGE3 * for * SENT from * to * at 1316051248.044925
VSSECHO_STAGE4 * for * SENT from * to * at 1316051248.044994
BEFORE_LOCK * for 1 SENT from 9 to 12 at 1316051248.044999 standard 1
AFTER_LOCK * for 1 SENT from 9 to 12 at 1316051248.044999 standard 1
AFTER_AFTER_LOCK * for 1 SENT from 9 to 12 at 1316051248.045176 standard 1
AFTER_LOCK2 * for 1 SENT from 9 to 12 at 1316051248.045176 standard 1
VSS_ECHO 15 for 1 SENT from 9 to 12 at 1316051248.045194 standard 1
VSSECHO_STAGE3 * for * SENT from * to * at 1316051248.045207
VSSECHO_STAGE4 * for * SENT from * to * at 1316051248.045413
BEFORE_LOCK * for 1 SENT from 9 to 13 at 1316051248.045419 standard 1
AFTER_LOCK * for 1 SENT from 9 to 13 at 1316051248.045420 standard 1
AFTER_AFTER_LOCK * for 1 SENT from 9 to 13 at 1316051248.045428 standard 1
AFTER_LOCK2 * for 1 SENT from 9 to 13 at 1316051248.045429 standard 1
VSS_ECHO 16 for 1 SENT from 9 to 13 at 1316051248.045445 standard 1
VSSECHO_STAGE3 * for * SENT from * to * at 1316051248.045456
VSSECHO_STAGE4 * for * SENT from * to * at 1316051248.045524
BEFORE_LOCK * for 1 SENT from 9 to 14 at 1316051248.045529 standard 1
AFTER_LOCK * for 1 SENT from 9 to 14 at 1316051248.045530 standard 1
AFTER_AFTER_LOCK * for 1 SENT from 9 to 14 at 1316051248.045547 standard 1
AFTER_LOCK2 * for 1 SENT from 9 to 14 at 1316051248.045547 standard 1
VSS_ECHO 17 for 1 SENT from 9 to 14 at 1316051248.045564 standard 1
VSSECHO_STAGE3 * for * SENT from * to * at 1316051248.045576
VSSECHO_STAGE4 * for * SENT from * to * at 1316051248.045644
BEFORE_LOCK * for 1 SENT from 9 to 15 at 1316051248.045649 standard 1
AFTER_LOCK * for 1 SENT from 9 to 15 at 1316051248.045650 standard 1
AFTER_AFTER_LOCK * for 1 SENT from 9 to 15 at 1316051248.045665 standard 1
AFTER_LOCK2 * for 1 SENT from 9 to 15 at 1316051248.045666 standard 1
VSS_ECHO 18 for 1 SENT from 9 to 15 at 1316051248.045682 standard 1
VSSECHO_STAGE3 * for * SENT from * to * at 1316051248.045694
VSSECHO_STAGE4 * for * SENT from * to * at 1316051248.045761
BEFORE_LOCK * for 1 SENT from 9 to 16 at 1316051248.045766 standard 1
AFTER_LOCK * for 1 SENT from 9 to 16 at 1316051248.045767 standard 1
AFTER_AFTER_LOCK * for 1 SENT from 9 to 16 at 1316051248.045788 standard 1
AFTER_LOCK2 * for 1 SENT from 9 to 16 at 1316051248.045789 standard 1
VSS_ECHO 19 for 1 SENT from 9 to 16 at 1316051248.045805 standard 1
VSSECHO_STAGE3 * for * SENT from * to * at 1316051248.045817
VSSECHO_STAGE4 * for * SENT from * to * at 1316051248.045884
BEFORE_LOCK * for 1 SENT from 9 to 17 at 1316051248.045889 standard 1
AFTER_LOCK * for 1 SENT from 9 to 17 at 1316051248.045890 standard 1
AFTER_AFTER_LOCK * for 1 SENT from 9 to 17 at 1316051248.045974 standard 1
AFTER_LOCK2 * for 1 SENT from 9 to 17 at 1316051248.045974 standard 1
VSS_ECHO 20 for 1 SENT from 9 to 17 at 1316051248.045991 standard 1
VSSECHO_STAGE3 * for * SENT from * to * at 1316051248.046017
VSSECHO_STAGE4 * for * SENT from * to * at 1316051248.046086
BEFORE_LOCK * for 1 SENT from 9 to 18 at 1316051248.046091 standard 1
AFTER_LOCK * for 1 SENT from 9 to 18 at 1316051248.046091 standard 1
AFTER_AFTER_LOCK * for 1 SENT from 9 to 18 at 1316051248.046108 standard 1
AFTER_LOCK2 * for 1 SENT from 9 to 18 at 1316051248.046108 standard 1
VSS_ECHO 21 for 1 SENT from 9 to 18 at 1316051248.046124 standard 1
VSSECHO_STAGE3 * for * SENT from * to * at 1316051248.046136
VSSECHO_STAGE4 * for * SENT from * to * at 1316051248.046206
BEFORE_LOCK * for 1 SENT from 9 to 19 at 1316051248.046212 standard 1
AFTER_LOCK * for 1 SENT from 9 to 19 at 1316051248.046212 standard 1
AFTER_AFTER_LOCK * for 1 SENT from 9 to 19 at 1316051248.046229 standard 1
AFTER_LOCK2 * for 1 SENT from 9 to 19 at 1316051248.046229 standard 1
VSS_ECHO 22 for 1 SENT from 9 to 19 at 1316051248.046250 standard 1
VSSECHO_STAGE3 * for * SENT from * to * at 1316051248.046263
VSSECHO_STAGE4 * for * SENT from * to * at 1316051248.046409
BEFORE_LOCK * for 1 SENT from 9 to 20 at 1316051248.046414 standard 1
AFTER_LOCK * for 1 SENT from 9 to 20 at 1316051248.046415 standard 1
AFTER_AFTER_LOCK * for 1 SENT from 9 to 20 at 1316051248.046431 standard 1
AFTER_LOCK2 * for 1 SENT from 9 to 20 at 1316051248.046431 standard 1
VSS_ECHO 23 for 1 SENT from 9 to 20 at 1316051248.046448 standard 1
VSS_ECHO 12 for 1 RECEIVED from 12 to 9 at 1316051248.046464
VSS_ECHO 12 for 1 RECEIVED from 9 to 9 at 1316051248.057088
VSS_READY 210 for 1 RECEIVED from 1 to 9 at 1316051251.446282
VSS_ECHO 12 for 1 RECEIVED from 6 to 9 at 1316051251.463730
VSS_ECHO 12 for 1 RECEIVED from 7 to 9 at 1316051251.473649
VSS_ECHO 12 for 1 RECEIVED from 10 to 9 at 1316051251.483628
VSS_ECHO 12 for 1 RECEIVED from 14 to 9 at 1316051251.493550
VSS_ECHO 12 for 1 RECEIVED from 15 to 9 at 1316051251.503602
VSS_ECHO 12 for 1 RECEIVED from 16 to 9 at 1316051251.513573
VSS_ECHO 12 for 1 RECEIVED from 17 to 9 at 1316051251.523868
VSS_ECHO 12 for 1 RECEIVED from 18 to 9 at 1316051251.534028
VSS_ECHO 12 for 1 RECEIVED from 19 to 9 at 1316051251.544148
VSS_READY 44 for 1 RECEIVED from 17 to 9 at 1316051251.554311
VSS_READY 44 for 1 RECEIVED from 14 to 9 at 1316051251.580523



============================================
*1ENOUGH VSS_READY message for 9 at 1316051251.580523
*Threshold : Ready = 3
*Received Ready Message Num = 3
*Ready messages are sending out...
============================================

BEFORE_LOCK * for 1 SENT from 9 to 1 at 1316051251.600466 standard 1
AFTER_LOCK * for 1 SENT from 9 to 1 at 1316051251.600468 standard 1
AFTER_AFTER_LOCK * for 1 SENT from 9 to 1 at 1316051251.600547 standard 1
AFTER_LOCK2 * for 1 SENT from 9 to 1 at 1316051251.600553 standard 1
VSS_READY 53 for 1 SENT from 9 to 1 at 1316051251.600553 standard 1
BEFORE_LOCK * for 1 SENT from 9 to 2 at 1316051251.602733 standard 1
AFTER_LOCK * for 1 SENT from 9 to 2 at 1316051251.602734 standard 1
AFTER_AFTER_LOCK * for 1 SENT from 9 to 2 at 1316051251.602803 standard 1
AFTER_LOCK2 * for 1 SENT from 9 to 2 at 1316051251.602803 standard 1
VSS_READY 54 for 1 SENT from 9 to 2 at 1316051251.602804 standard 1
BEFORE_LOCK * for 1 SENT from 9 to 3 at 1316051251.605268 standard 1
AFTER_LOCK * for 1 SENT from 9 to 3 at 1316051251.605269 standard 1
AFTER_AFTER_LOCK * for 1 SENT from 9 to 3 at 1316051251.605341 standard 1
AFTER_LOCK2 * for 1 SENT from 9 to 3 at 1316051251.605341 standard 1
VSS_READY 55 for 1 SENT from 9 to 3 at 1316051251.605341 standard 1
BEFORE_LOCK * for 1 SENT from 9 to 4 at 1316051251.607880 standard 1
AFTER_LOCK * for 1 SENT from 9 to 4 at 1316051251.607881 standard 1
AFTER_AFTER_LOCK * for 1 SENT from 9 to 4 at 1316051251.607953 standard 1
AFTER_LOCK2 * for 1 SENT from 9 to 4 at 1316051251.607953 standard 1
VSS_READY 56 for 1 SENT from 9 to 4 at 1316051251.607953 standard 1
BEFORE_LOCK * for 1 SENT from 9 to 5 at 1316051251.610024 standard 1
AFTER_LOCK * for 1 SENT from 9 to 5 at 1316051251.610025 standard 1
AFTER_AFTER_LOCK * for 1 SENT from 9 to 5 at 1316051251.610097 standard 1
AFTER_LOCK2 * for 1 SENT from 9 to 5 at 1316051251.610098 standard 1
VSS_READY 57 for 1 SENT from 9 to 5 at 1316051251.610098 standard 1
BEFORE_LOCK * for 1 SENT from 9 to 6 at 1316051251.612246 standard 1
AFTER_LOCK * for 1 SENT from 9 to 6 at 1316051251.612246 standard 1
AFTER_AFTER_LOCK * for 1 SENT from 9 to 6 at 1316051251.612315 standard 1
AFTER_LOCK2 * for 1 SENT from 9 to 6 at 1316051251.612315 standard 1
VSS_READY 58 for 1 SENT from 9 to 6 at 1316051251.612316 standard 1
BEFORE_LOCK * for 1 SENT from 9 to 7 at 1316051251.614414 standard 1
AFTER_LOCK * for 1 SENT from 9 to 7 at 1316051251.614414 standard 1
AFTER_AFTER_LOCK * for 1 SENT from 9 to 7 at 1316051251.614681 standard 1
AFTER_LOCK2 * for 1 SENT from 9 to 7 at 1316051251.614682 standard 1
VSS_READY 59 for 1 SENT from 9 to 7 at 1316051251.614682 standard 1
BEFORE_LOCK * for 1 SENT from 9 to 8 at 1316051251.616725 standard 1
AFTER_LOCK * for 1 SENT from 9 to 8 at 1316051251.616725 standard 1
AFTER_AFTER_LOCK * for 1 SENT from 9 to 8 at 1316051251.616726 standard 1
AFTER_LOCK2 * for 1 SENT from 9 to 8 at 1316051251.616726 standard 1
VSS_READY 60 for 1 SENT from 9 to 8 at 1316051251.616726 standard 1
BEFORE_LOCK * for 1 SENT from 9 to 9 at 1316051251.618831 standard 1
AFTER_LOCK * for 1 SENT from 9 to 9 at 1316051251.618831 standard 1
AFTER_AFTER_LOCK * for 1 SENT from 9 to 9 at 1316051251.618910 standard 1
AFTER_LOCK2 * for 1 SENT from 9 to 9 at 1316051251.618910 standard 1
VSS_READY 61 for 1 SENT from 9 to 9 at 1316051251.618910 standard 1
BEFORE_LOCK * for 1 SENT from 9 to 10 at 1316051251.621080 standard 1
AFTER_LOCK * for 1 SENT from 9 to 10 at 1316051251.621081 standard 1
AFTER_AFTER_LOCK * for 1 SENT from 9 to 10 at 1316051251.621165 standard 1
AFTER_LOCK2 * for 1 SENT from 9 to 10 at 1316051251.621165 standard 1
VSS_READY 62 for 1 SENT from 9 to 10 at 1316051251.621166 standard 1
BEFORE_LOCK * for 1 SENT from 9 to 11 at 1316051251.623246 standard 1
AFTER_LOCK * for 1 SENT from 9 to 11 at 1316051251.623247 standard 1
AFTER_AFTER_LOCK * for 1 SENT from 9 to 11 at 1316051251.623397 standard 1
AFTER_LOCK2 * for 1 SENT from 9 to 11 at 1316051251.623397 standard 1
VSS_READY 63 for 1 SENT from 9 to 11 at 1316051251.623398 standard 1
BEFORE_LOCK * for 1 SENT from 9 to 12 at 1316051251.625393 standard 1
AFTER_LOCK * for 1 SENT from 9 to 12 at 1316051251.625394 standard 1
AFTER_AFTER_LOCK * for 1 SENT from 9 to 12 at 1316051251.625505 standard 1
AFTER_LOCK2 * for 1 SENT from 9 to 12 at 1316051251.625505 standard 1
VSS_READY 64 for 1 SENT from 9 to 12 at 1316051251.625505 standard 1
BEFORE_LOCK * for 1 SENT from 9 to 13 at 1316051251.627676 standard 1
AFTER_LOCK * for 1 SENT from 9 to 13 at 1316051251.627677 standard 1
AFTER_AFTER_LOCK * for 1 SENT from 9 to 13 at 1316051251.627678 standard 1
AFTER_LOCK2 * for 1 SENT from 9 to 13 at 1316051251.627678 standard 1
VSS_READY 65 for 1 SENT from 9 to 13 at 1316051251.627678 standard 1
BEFORE_LOCK * for 1 SENT from 9 to 14 at 1316051251.629724 standard 1
AFTER_LOCK * for 1 SENT from 9 to 14 at 1316051251.629725 standard 1
AFTER_AFTER_LOCK * for 1 SENT from 9 to 14 at 1316051251.629800 standard 1
AFTER_LOCK2 * for 1 SENT from 9 to 14 at 1316051251.629800 standard 1
VSS_READY 66 for 1 SENT from 9 to 14 at 1316051251.629800 standard 1
BEFORE_LOCK * for 1 SENT from 9 to 15 at 1316051251.631841 standard 1
AFTER_LOCK * for 1 SENT from 9 to 15 at 1316051251.631842 standard 1
AFTER_AFTER_LOCK * for 1 SENT from 9 to 15 at 1316051251.631913 standard 1
AFTER_LOCK2 * for 1 SENT from 9 to 15 at 1316051251.631914 standard 1
VSS_READY 67 for 1 SENT from 9 to 15 at 1316051251.631914 standard 1
BEFORE_LOCK * for 1 SENT from 9 to 16 at 1316051251.634176 standard 1
AFTER_LOCK * for 1 SENT from 9 to 16 at 1316051251.634177 standard 1
AFTER_AFTER_LOCK * for 1 SENT from 9 to 16 at 1316051251.634289 standard 1
AFTER_LOCK2 * for 1 SENT from 9 to 16 at 1316051251.634289 standard 1
VSS_READY 68 for 1 SENT from 9 to 16 at 1316051251.634290 standard 1
BEFORE_LOCK * for 1 SENT from 9 to 17 at 1316051251.636359 standard 1
AFTER_LOCK * for 1 SENT from 9 to 17 at 1316051251.636360 standard 1
AFTER_AFTER_LOCK * for 1 SENT from 9 to 17 at 1316051251.636433 standard 1
AFTER_LOCK2 * for 1 SENT from 9 to 17 at 1316051251.636434 standard 1
VSS_READY 69 for 1 SENT from 9 to 17 at 1316051251.636434 standard 1
BEFORE_LOCK * for 1 SENT from 9 to 18 at 1316051251.638642 standard 1
AFTER_LOCK * for 1 SENT from 9 to 18 at 1316051251.638643 standard 1
AFTER_AFTER_LOCK * for 1 SENT from 9 to 18 at 1316051251.638780 standard 1
AFTER_LOCK2 * for 1 SENT from 9 to 18 at 1316051251.638780 standard 1
VSS_READY 70 for 1 SENT from 9 to 18 at 1316051251.638780 standard 1
BEFORE_LOCK * for 1 SENT from 9 to 19 at 1316051251.641131 standard 1
AFTER_LOCK * for 1 SENT from 9 to 19 at 1316051251.641131 standard 1
AFTER_AFTER_LOCK * for 1 SENT from 9 to 19 at 1316051251.641145 standard 1
AFTER_LOCK2 * for 1 SENT from 9 to 19 at 1316051251.641145 standard 1
VSS_READY 71 for 1 SENT from 9 to 19 at 1316051251.641146 standard 1
BEFORE_LOCK * for 1 SENT from 9 to 20 at 1316051251.643467 standard 1
AFTER_LOCK * for 1 SENT from 9 to 20 at 1316051251.643467 standard 1
AFTER_AFTER_LOCK * for 1 SENT from 9 to 20 at 1316051251.643468 standard 1
AFTER_LOCK2 * for 1 SENT from 9 to 20 at 1316051251.643468 standard 1
VSS_READY 72 for 1 SENT from 9 to 20 at 1316051251.643468 standard 1
VSS_READY 61 for 1 RECEIVED from 9 to 9 at 1316051251.643522
VSS_READY 61 for 1 RECEIVED from 10 to 9 at 1316051251.661082
VSS_READY 44 for 1 RECEIVED from 15 to 9 at 1316051251.678236
VSS_READY 60 for 1 RECEIVED from 12 to 9 at 1316051251.695673
VSS_READY 58 for 1 RECEIVED from 16 to 9 at 1316051251.713101
VSS_READY 37 for 1 RECEIVED from 11 to 9 at 1316051251.760913
VSS_READY 59 for 1 RECEIVED from 7 to 9 at 1316051251.778684
VSS_ECHO 38 for 1 RECEIVED from 4 to 9 at 1316051251.824862
VSS_ECHO 124 for 4 RECEIVED from 10 to 9 at 1316051251.836982
VSS_READY 57 for 1 RECEIVED from 19 to 9 at 1316051251.863480
VSS_ECHO 120 for 4 RECEIVED from 17 to 9 at 1316051251.990166
VSS_ECHO 300 for 4 RECEIVED from 1 to 9 at 1316051252.000634
VSS_SEND 11 for * RECEIVED from 4 to 9 at 1316051252.010659
VSSECHO_STAGE3 * for * SENT from * to * at 1316051252.029668
VSSECHO_STAGE4 * for * SENT from * to * at 1316051252.029749
BEFORE_LOCK * for 4 SENT from 9 to 1 at 1316051252.029754 standard 1
AFTER_LOCK * for 4 SENT from 9 to 1 at 1316051252.029756 standard 1
AFTER_AFTER_LOCK * for 4 SENT from 9 to 1 at 1316051252.029837 standard 1
AFTER_LOCK2 * for 4 SENT from 9 to 1 at 1316051252.029838 standard 1
VSS_ECHO 126 for 4 SENT from 9 to 1 at 1316051252.029862 standard 1
VSSECHO_STAGE3 * for * SENT from * to * at 1316051252.029878
VSSECHO_STAGE4 * for * SENT from * to * at 1316051252.029950
BEFORE_LOCK * for 4 SENT from 9 to 2 at 1316051252.029957 standard 1
AFTER_LOCK * for 4 SENT from 9 to 2 at 1316051252.029958 standard 1
AFTER_AFTER_LOCK * for 4 SENT from 9 to 2 at 1316051252.029971 standard 1
AFTER_LOCK2 * for 4 SENT from 9 to 2 at 1316051252.029972 standard 1
VSS_ECHO 127 for 4 SENT from 9 to 2 at 1316051252.029988 standard 1
VSSECHO_STAGE3 * for * SENT from * to * at 1316051252.030000
VSSECHO_STAGE4 * for * SENT from * to * at 1316051252.030072
BEFORE_LOCK * for 4 SENT from 9 to 3 at 1316051252.030077 standard 1
AFTER_LOCK * for 4 SENT from 9 to 3 at 1316051252.030078 standard 1
AFTER_AFTER_LOCK * for 4 SENT from 9 to 3 at 1316051252.030088 standard 1
AFTER_LOCK2 * for 4 SENT from 9 to 3 at 1316051252.030088 standard 1
VSS_ECHO 128 for 4 SENT from 9 to 3 at 1316051252.030104 standard 1
VSSECHO_STAGE3 * for * SENT from * to * at 1316051252.030115
VSSECHO_STAGE4 * for * SENT from * to * at 1316051252.030195
BEFORE_LOCK * for 4 SENT from 9 to 4 at 1316051252.030200 standard 1
AFTER_LOCK * for 4 SENT from 9 to 4 at 1316051252.030201 standard 1
AFTER_AFTER_LOCK * for 4 SENT from 9 to 4 at 1316051252.030211 standard 1
AFTER_LOCK2 * for 4 SENT from 9 to 4 at 1316051252.030211 standard 1
VSS_ECHO 129 for 4 SENT from 9 to 4 at 1316051252.030234 standard 1
VSSECHO_STAGE3 * for * SENT from * to * at 1316051252.030249
VSSECHO_STAGE4 * for * SENT from * to * at 1316051252.030345
BEFORE_LOCK * for 4 SENT from 9 to 5 at 1316051252.030353 standard 1
AFTER_LOCK * for 4 SENT from 9 to 5 at 1316051252.030354 standard 1
AFTER_AFTER_LOCK * for 4 SENT from 9 to 5 at 1316051252.030368 standard 1
AFTER_LOCK2 * for 4 SENT from 9 to 5 at 1316051252.030368 standard 1
VSS_ECHO 130 for 4 SENT from 9 to 5 at 1316051252.030384 standard 1
VSSECHO_STAGE3 * for * SENT from * to * at 1316051252.030395
VSSECHO_STAGE4 * for * SENT from * to * at 1316051252.030463
BEFORE_LOCK * for 4 SENT from 9 to 6 at 1316051252.030468 standard 1
AFTER_LOCK * for 4 SENT from 9 to 6 at 1316051252.030469 standard 1
AFTER_AFTER_LOCK * for 4 SENT from 9 to 6 at 1316051252.030482 standard 1
AFTER_LOCK2 * for 4 SENT from 9 to 6 at 1316051252.030482 standard 1
VSS_ECHO 131 for 4 SENT from 9 to 6 at 1316051252.030506 standard 1
VSSECHO_STAGE3 * for * SENT from * to * at 1316051252.030517
VSSECHO_STAGE4 * for * SENT from * to * at 1316051252.030594
BEFORE_LOCK * for 4 SENT from 9 to 7 at 1316051252.030600 standard 1
AFTER_LOCK * for 4 SENT from 9 to 7 at 1316051252.030601 standard 1
AFTER_AFTER_LOCK * for 4 SENT from 9 to 7 at 1316051252.030726 standard 1
AFTER_LOCK2 * for 4 SENT from 9 to 7 at 1316051252.030726 standard 1
VSS_ECHO 132 for 4 SENT from 9 to 7 at 1316051252.030756 standard 1
VSSECHO_STAGE3 * for * SENT from * to * at 1316051252.030768
VSSECHO_STAGE4 * for * SENT from * to * at 1316051252.030840
BEFORE_LOCK * for 4 SENT from 9 to 8 at 1316051252.030846 standard 1
AFTER_LOCK * for 4 SENT from 9 to 8 at 1316051252.030846 standard 1
AFTER_AFTER_LOCK * for 4 SENT from 9 to 8 at 1316051252.030847 standard 1
AFTER_LOCK2 * for 4 SENT from 9 to 8 at 1316051252.030847 standard 1
VSS_ECHO 133 for 4 SENT from 9 to 8 at 1316051252.030862 standard 1
VSSECHO_STAGE3 * for * SENT from * to * at 1316051252.030872
VSSECHO_STAGE4 * for * SENT from * to * at 1316051252.030939
BEFORE_LOCK * for 4 SENT from 9 to 9 at 1316051252.030944 standard 1
AFTER_LOCK * for 4 SENT from 9 to 9 at 1316051252.030945 standard 1
AFTER_AFTER_LOCK * for 4 SENT from 9 to 9 at 1316051252.030955 standard 1
AFTER_LOCK2 * for 4 SENT from 9 to 9 at 1316051252.030956 standard 1
VSS_ECHO 134 for 4 SENT from 9 to 9 at 1316051252.030971 standard 1
VSSECHO_STAGE3 * for * SENT from * to * at 1316051252.030982
VSSECHO_STAGE4 * for * SENT from * to * at 1316051252.031051
BEFORE_LOCK * for 4 SENT from 9 to 10 at 1316051252.031057 standard 1
AFTER_LOCK * for 4 SENT from 9 to 10 at 1316051252.031057 standard 1
AFTER_AFTER_LOCK * for 4 SENT from 9 to 10 at 1316051252.031073 standard 1
AFTER_LOCK2 * for 4 SENT from 9 to 10 at 1316051252.031073 standard 1
VSS_ECHO 135 for 4 SENT from 9 to 10 at 1316051252.031094 standard 1
VSSECHO_STAGE3 * for * SENT from * to * at 1316051252.031107
VSSECHO_STAGE4 * for * SENT from * to * at 1316051252.031192
BEFORE_LOCK * for 4 SENT from 9 to 11 at 1316051252.031199 standard 1
AFTER_LOCK * for 4 SENT from 9 to 11 at 1316051252.031200 standard 1
AFTER_AFTER_LOCK * for 4 SENT from 9 to 11 at 1316051252.031210 standard 1
AFTER_LOCK2 * for 4 SENT from 9 to 11 at 1316051252.031210 standard 1
VSS_ECHO 136 for 4 SENT from 9 to 11 at 1316051252.031240 standard 1
VSSECHO_STAGE3 * for * SENT from * to * at 1316051252.031252
VSSECHO_STAGE4 * for * SENT from * to * at 1316051252.031325
BEFORE_LOCK * for 4 SENT from 9 to 12 at 1316051252.031331 standard 1
AFTER_LOCK * for 4 SENT from 9 to 12 at 1316051252.031332 standard 1
AFTER_AFTER_LOCK * for 4 SENT from 9 to 12 at 1316051252.031342 standard 1
AFTER_LOCK2 * for 4 SENT from 9 to 12 at 1316051252.031343 standard 1
VSS_ECHO 137 for 4 SENT from 9 to 12 at 1316051252.031361 standard 1
VSSECHO_STAGE3 * for * SENT from * to * at 1316051252.031374
VSSECHO_STAGE4 * for * SENT from * to * at 1316051252.031449
BEFORE_LOCK * for 4 SENT from 9 to 13 at 1316051252.031456 standard 1
AFTER_LOCK * for 4 SENT from 9 to 13 at 1316051252.031456 standard 1
AFTER_AFTER_LOCK * for 4 SENT from 9 to 13 at 1316051252.031457 standard 1
AFTER_LOCK2 * for 4 SENT from 9 to 13 at 1316051252.031457 standard 1
VSS_ECHO 138 for 4 SENT from 9 to 13 at 1316051252.031486 standard 1
VSSECHO_STAGE3 * for * SENT from * to * at 1316051252.031498
VSSECHO_STAGE4 * for * SENT from * to * at 1316051252.031565
BEFORE_LOCK * for 4 SENT from 9 to 14 at 1316051252.031570 standard 1
AFTER_LOCK * for 4 SENT from 9 to 14 at 1316051252.031571 standard 1
AFTER_AFTER_LOCK * for 4 SENT from 9 to 14 at 1316051252.031639 standard 1
AFTER_LOCK2 * for 4 SENT from 9 to 14 at 1316051252.031640 standard 1
VSS_ECHO 139 for 4 SENT from 9 to 14 at 1316051252.031664 standard 1
VSSECHO_STAGE3 * for * SENT from * to * at 1316051252.031677
VSSECHO_STAGE4 * for * SENT from * to * at 1316051252.031747
BEFORE_LOCK * for 4 SENT from 9 to 15 at 1316051252.031754 standard 1
AFTER_LOCK * for 4 SENT from 9 to 15 at 1316051252.031755 standard 1
AFTER_AFTER_LOCK * for 4 SENT from 9 to 15 at 1316051252.031766 standard 1
AFTER_LOCK2 * for 4 SENT from 9 to 15 at 1316051252.031766 standard 1
VSS_ECHO 140 for 4 SENT from 9 to 15 at 1316051252.031782 standard 1
VSSECHO_STAGE3 * for * SENT from * to * at 1316051252.031792
VSSECHO_STAGE4 * for * SENT from * to * at 1316051252.031862
BEFORE_LOCK * for 4 SENT from 9 to 16 at 1316051252.031867 standard 1
AFTER_LOCK * for 4 SENT from 9 to 16 at 1316051252.031867 standard 1
AFTER_AFTER_LOCK * for 4 SENT from 9 to 16 at 1316051252.031875 standard 1
AFTER_LOCK2 * for 4 SENT from 9 to 16 at 1316051252.031875 standard 1
VSS_ECHO 141 for 4 SENT from 9 to 16 at 1316051252.031891 standard 1
VSSECHO_STAGE3 * for * SENT from * to * at 1316051252.031903
VSSECHO_STAGE4 * for * SENT from * to * at 1316051252.031971
BEFORE_LOCK * for 4 SENT from 9 to 17 at 1316051252.031978 standard 1
AFTER_LOCK * for 4 SENT from 9 to 17 at 1316051252.031979 standard 1
AFTER_AFTER_LOCK * for 4 SENT from 9 to 17 at 1316051252.031987 standard 1
AFTER_LOCK2 * for 4 SENT from 9 to 17 at 1316051252.031988 standard 1
VSS_ECHO 142 for 4 SENT from 9 to 17 at 1316051252.032011 standard 1
VSSECHO_STAGE3 * for * SENT from * to * at 1316051252.032027
VSSECHO_STAGE4 * for * SENT from * to * at 1316051252.032221
BEFORE_LOCK * for 4 SENT from 9 to 18 at 1316051252.032227 standard 1
AFTER_LOCK * for 4 SENT from 9 to 18 at 1316051252.032227 standard 1
AFTER_AFTER_LOCK * for 4 SENT from 9 to 18 at 1316051252.032237 standard 1
AFTER_LOCK2 * for 4 SENT from 9 to 18 at 1316051252.032237 standard 1
VSS_ECHO 143 for 4 SENT from 9 to 18 at 1316051252.032263 standard 1
VSSECHO_STAGE3 * for * SENT from * to * at 1316051252.032275
VSSECHO_STAGE4 * for * SENT from * to * at 1316051252.032348
BEFORE_LOCK * for 4 SENT from 9 to 19 at 1316051252.032355 standard 1
AFTER_LOCK * for 4 SENT from 9 to 19 at 1316051252.032355 standard 1
AFTER_AFTER_LOCK * for 4 SENT from 9 to 19 at 1316051252.032657 standard 1
AFTER_LOCK2 * for 4 SENT from 9 to 19 at 1316051252.032658 standard 1
VSS_ECHO 144 for 4 SENT from 9 to 19 at 1316051252.032678 standard 1
VSSECHO_STAGE3 * for * SENT from * to * at 1316051252.032691
VSSECHO_STAGE4 * for * SENT from * to * at 1316051252.032768
BEFORE_LOCK * for 4 SENT from 9 to 20 at 1316051252.032775 standard 1
AFTER_LOCK * for 4 SENT from 9 to 20 at 1316051252.032775 standard 1
AFTER_AFTER_LOCK * for 4 SENT from 9 to 20 at 1316051252.032776 standard 1
AFTER_LOCK2 * for 4 SENT from 9 to 20 at 1316051252.032776 standard 1
VSS_ECHO 145 for 4 SENT from 9 to 20 at 1316051252.032791 standard 1
VSS_ECHO 134 for 4 RECEIVED from 9 to 9 at 1316051252.032817
VSS_READY 76 for 1 RECEIVED from 4 to 9 at 1316051252.043010



*============================================
*2ENOUGH VSS_READY message for 9 at 1316051252.043010
*Threshold : Ready = 12
*Received Ready Message Num = 12
*VSS Share is complete for dealer 1
============================================

BEFORE_LOCK * for 1 SENT from 9 to 1 at 1316051252.076486 standard 1
AFTER_LOCK * for 1 SENT from 9 to 1 at 1316051252.076487 standard 1
AFTER_AFTER_LOCK * for 1 SENT from 9 to 1 at 1316051252.076733 standard 1
AFTER_LOCK2 * for 1 SENT from 9 to 1 at 1316051252.076733 standard 1
VSS_SHARED 158 for 1 SENT from 9 to 1 at 1316051252.076751 standard 1
VSS_ECHO 126 for 4 RECEIVED from 12 to 9 at 1316051252.076808
VSS_ECHO 133 for 4 RECEIVED from 14 to 9 at 1316051252.091944
VSS_READY 55 for 1 RECEIVED from 18 to 9 at 1316051252.244205
VSS_ECHO 136 for 4 RECEIVED from 16 to 9 at 1316051252.281727
VSS_ECHO 106 for 4 RECEIVED from 11 to 9 at 1316051252.311755
VSS_ECHO 136 for 4 RECEIVED from 15 to 9 at 1316051252.353283
VSS_ECHO 153 for 4 RECEIVED from 7 to 9 at 1316051252.478927
VSS_ECHO 125 for 4 RECEIVED from 19 to 9 at 1316051253.083218
VSS_ECHO 120 for 4 RECEIVED from 18 to 9 at 1316051253.749272



============================================
*ENOUGH VSS_ECHO message for 4 at 1316051253.749272
*Threshold : echo = 12
*Received Echo Message Num = 12
*Ready messages are sending out...
============================================

PRE_VSS_READY * for 4 SENT from 9 to 1 at 1316051253.764414 standard 1
BEFORE_LOCK * for 4 SENT from 9 to 1 at 1316051253.764425 standard 1
AFTER_LOCK * for 4 SENT from 9 to 1 at 1316051253.764427 standard 1
AFTER_AFTER_LOCK * for 4 SENT from 9 to 1 at 1316051253.764640 standard 1
AFTER_LOCK2 * for 4 SENT from 9 to 1 at 1316051253.764641 standard 1
VSS_READY 174 for 4 SENT from 9 to 1 at 1316051253.764641 standard 1
PRE_VSS_READY * for 4 SENT from 9 to 2 at 1316051253.766949 standard 1
BEFORE_LOCK * for 4 SENT from 9 to 2 at 1316051253.766959 standard 1
AFTER_LOCK * for 4 SENT from 9 to 2 at 1316051253.766960 standard 1
AFTER_AFTER_LOCK * for 4 SENT from 9 to 2 at 1316051253.767088 standard 1
AFTER_LOCK2 * for 4 SENT from 9 to 2 at 1316051253.767088 standard 1
VSS_READY 175 for 4 SENT from 9 to 2 at 1316051253.767088 standard 1
PRE_VSS_READY * for 4 SENT from 9 to 3 at 1316051253.769439 standard 1
BEFORE_LOCK * for 4 SENT from 9 to 3 at 1316051253.769447 standard 1
AFTER_LOCK * for 4 SENT from 9 to 3 at 1316051253.769448 standard 1
AFTER_AFTER_LOCK * for 4 SENT from 9 to 3 at 1316051253.769518 standard 1
AFTER_LOCK2 * for 4 SENT from 9 to 3 at 1316051253.769518 standard 1
VSS_READY 176 for 4 SENT from 9 to 3 at 1316051253.769518 standard 1
PRE_VSS_READY * for 4 SENT from 9 to 4 at 1316051253.771656 standard 1
BEFORE_LOCK * for 4 SENT from 9 to 4 at 1316051253.771664 standard 1
AFTER_LOCK * for 4 SENT from 9 to 4 at 1316051253.771664 standard 1
AFTER_AFTER_LOCK * for 4 SENT from 9 to 4 at 1316051253.771775 standard 1
AFTER_LOCK2 * for 4 SENT from 9 to 4 at 1316051253.771780 standard 1
VSS_READY 177 for 4 SENT from 9 to 4 at 1316051253.771781 standard 1
PRE_VSS_READY * for 4 SENT from 9 to 5 at 1316051253.773811 standard 1
BEFORE_LOCK * for 4 SENT from 9 to 5 at 1316051253.773819 standard 1
AFTER_LOCK * for 4 SENT from 9 to 5 at 1316051253.773820 standard 1
AFTER_AFTER_LOCK * for 4 SENT from 9 to 5 at 1316051253.773961 standard 1
AFTER_LOCK2 * for 4 SENT from 9 to 5 at 1316051253.773961 standard 1
VSS_READY 178 for 4 SENT from 9 to 5 at 1316051253.773961 standard 1
PRE_VSS_READY * for 4 SENT from 9 to 6 at 1316051253.776032 standard 1
BEFORE_LOCK * for 4 SENT from 9 to 6 at 1316051253.776044 standard 1
AFTER_LOCK * for 4 SENT from 9 to 6 at 1316051253.776045 standard 1
AFTER_AFTER_LOCK * for 4 SENT from 9 to 6 at 1316051253.776161 standard 1
AFTER_LOCK2 * for 4 SENT from 9 to 6 at 1316051253.776161 standard 1
VSS_READY 179 for 4 SENT from 9 to 6 at 1316051253.776162 standard 1
PRE_VSS_READY * for 4 SENT from 9 to 7 at 1316051253.778261 standard 1
BEFORE_LOCK * for 4 SENT from 9 to 7 at 1316051253.778270 standard 1
AFTER_LOCK * for 4 SENT from 9 to 7 at 1316051253.778271 standard 1
AFTER_AFTER_LOCK * for 4 SENT from 9 to 7 at 1316051253.778479 standard 1
AFTER_LOCK2 * for 4 SENT from 9 to 7 at 1316051253.778480 standard 1
VSS_READY 180 for 4 SENT from 9 to 7 at 1316051253.778480 standard 1
PRE_VSS_READY * for 4 SENT from 9 to 8 at 1316051253.780540 standard 1
BEFORE_LOCK * for 4 SENT from 9 to 8 at 1316051253.780548 standard 1
AFTER_LOCK * for 4 SENT from 9 to 8 at 1316051253.780548 standard 1
AFTER_AFTER_LOCK * for 4 SENT from 9 to 8 at 1316051253.780549 standard 1
AFTER_LOCK2 * for 4 SENT from 9 to 8 at 1316051253.780549 standard 1
VSS_READY 181 for 4 SENT from 9 to 8 at 1316051253.780549 standard 1
PRE_VSS_READY * for 4 SENT from 9 to 9 at 1316051253.782597 standard 1
BEFORE_LOCK * for 4 SENT from 9 to 9 at 1316051253.782604 standard 1
AFTER_LOCK * for 4 SENT from 9 to 9 at 1316051253.782605 standard 1
AFTER_AFTER_LOCK * for 4 SENT from 9 to 9 at 1316051253.782827 standard 1
AFTER_LOCK2 * for 4 SENT from 9 to 9 at 1316051253.782827 standard 1
VSS_READY 182 for 4 SENT from 9 to 9 at 1316051253.782827 standard 1
PRE_VSS_READY * for 4 SENT from 9 to 10 at 1316051253.784920 standard 1
BEFORE_LOCK * for 4 SENT from 9 to 10 at 1316051253.784928 standard 1
AFTER_LOCK * for 4 SENT from 9 to 10 at 1316051253.784928 standard 1
AFTER_AFTER_LOCK * for 4 SENT from 9 to 10 at 1316051253.785224 standard 1
AFTER_LOCK2 * for 4 SENT from 9 to 10 at 1316051253.785224 standard 1
VSS_READY 183 for 4 SENT from 9 to 10 at 1316051253.785224 standard 1
PRE_VSS_READY * for 4 SENT from 9 to 11 at 1316051253.787492 standard 1
BEFORE_LOCK * for 4 SENT from 9 to 11 at 1316051253.787502 standard 1
AFTER_LOCK * for 4 SENT from 9 to 11 at 1316051253.787502 standard 1
AFTER_AFTER_LOCK * for 4 SENT from 9 to 11 at 1316051253.787629 standard 1
AFTER_LOCK2 * for 4 SENT from 9 to 11 at 1316051253.787635 standard 1
VSS_READY 184 for 4 SENT from 9 to 11 at 1316051253.787635 standard 1
PRE_VSS_READY * for 4 SENT from 9 to 12 at 1316051253.789774 standard 1
BEFORE_LOCK * for 4 SENT from 9 to 12 at 1316051253.789782 standard 1
AFTER_LOCK * for 4 SENT from 9 to 12 at 1316051253.789783 standard 1
AFTER_AFTER_LOCK * for 4 SENT from 9 to 12 at 1316051253.789892 standard 1
AFTER_LOCK2 * for 4 SENT from 9 to 12 at 1316051253.789893 standard 1
VSS_READY 185 for 4 SENT from 9 to 12 at 1316051253.789893 standard 1
PRE_VSS_READY * for 4 SENT from 9 to 13 at 1316051253.792242 standard 1
BEFORE_LOCK * for 4 SENT from 9 to 13 at 1316051253.792251 standard 1
AFTER_LOCK * for 4 SENT from 9 to 13 at 1316051253.792251 standard 1
AFTER_AFTER_LOCK * for 4 SENT from 9 to 13 at 1316051253.792252 standard 1
AFTER_LOCK2 * for 4 SENT from 9 to 13 at 1316051253.792252 standard 1
VSS_READY 186 for 4 SENT from 9 to 13 at 1316051253.792252 standard 1
PRE_VSS_READY * for 4 SENT from 9 to 14 at 1316051253.794489 standard 1
BEFORE_LOCK * for 4 SENT from 9 to 14 at 1316051253.794497 standard 1
AFTER_LOCK * for 4 SENT from 9 to 14 at 1316051253.794498 standard 1
AFTER_AFTER_LOCK * for 4 SENT from 9 to 14 at 1316051253.794631 standard 1
AFTER_LOCK2 * for 4 SENT from 9 to 14 at 1316051253.794631 standard 1
VSS_READY 187 for 4 SENT from 9 to 14 at 1316051253.794631 standard 1
PRE_VSS_READY * for 4 SENT from 9 to 15 at 1316051253.796757 standard 1
BEFORE_LOCK * for 4 SENT from 9 to 15 at 1316051253.796765 standard 1
AFTER_LOCK * for 4 SENT from 9 to 15 at 1316051253.796766 standard 1
AFTER_AFTER_LOCK * for 4 SENT from 9 to 15 at 1316051253.796841 standard 1
AFTER_LOCK2 * for 4 SENT from 9 to 15 at 1316051253.796841 standard 1
VSS_READY 188 for 4 SENT from 9 to 15 at 1316051253.796841 standard 1
PRE_VSS_READY * for 4 SENT from 9 to 16 at 1316051253.799156 standard 1
BEFORE_LOCK * for 4 SENT from 9 to 16 at 1316051253.799166 standard 1
AFTER_LOCK * for 4 SENT from 9 to 16 at 1316051253.799166 standard 1
AFTER_AFTER_LOCK * for 4 SENT from 9 to 16 at 1316051253.799239 standard 1
AFTER_LOCK2 * for 4 SENT from 9 to 16 at 1316051253.799240 standard 1
VSS_READY 189 for 4 SENT from 9 to 16 at 1316051253.799240 standard 1
PRE_VSS_READY * for 4 SENT from 9 to 17 at 1316051253.801435 standard 1
BEFORE_LOCK * for 4 SENT from 9 to 17 at 1316051253.801443 standard 1
AFTER_LOCK * for 4 SENT from 9 to 17 at 1316051253.801444 standard 1
AFTER_AFTER_LOCK * for 4 SENT from 9 to 17 at 1316051253.801515 standard 1
AFTER_LOCK2 * for 4 SENT from 9 to 17 at 1316051253.801516 standard 1
VSS_READY 190 for 4 SENT from 9 to 17 at 1316051253.801516 standard 1
PRE_VSS_READY * for 4 SENT from 9 to 18 at 1316051253.803624 standard 1
BEFORE_LOCK * for 4 SENT from 9 to 18 at 1316051253.803631 standard 1
AFTER_LOCK * for 4 SENT from 9 to 18 at 1316051253.803632 standard 1
AFTER_AFTER_LOCK * for 4 SENT from 9 to 18 at 1316051253.803746 standard 1
AFTER_LOCK2 * for 4 SENT from 9 to 18 at 1316051253.803746 standard 1
VSS_READY 191 for 4 SENT from 9 to 18 at 1316051253.803746 standard 1
PRE_VSS_READY * for 4 SENT from 9 to 19 at 1316051253.805946 standard 1
BEFORE_LOCK * for 4 SENT from 9 to 19 at 1316051253.805956 standard 1
AFTER_LOCK * for 4 SENT from 9 to 19 at 1316051253.805957 standard 1
AFTER_AFTER_LOCK * for 4 SENT from 9 to 19 at 1316051253.806031 standard 1
AFTER_LOCK2 * for 4 SENT from 9 to 19 at 1316051253.806032 standard 1
VSS_READY 192 for 4 SENT from 9 to 19 at 1316051253.806032 standard 1
PRE_VSS_READY * for 4 SENT from 9 to 20 at 1316051253.808257 standard 1
BEFORE_LOCK * for 4 SENT from 9 to 20 at 1316051253.808267 standard 1
AFTER_LOCK * for 4 SENT from 9 to 20 at 1316051253.808268 standard 1
AFTER_AFTER_LOCK * for 4 SENT from 9 to 20 at 1316051253.808268 standard 1
AFTER_LOCK2 * for 4 SENT from 9 to 20 at 1316051253.808269 standard 1
VSS_READY 193 for 4 SENT from 9 to 20 at 1316051253.808269 standard 1
VSS_READY 361 for 4 RECEIVED from 1 to 9 at 1316051253.808318
VSS_READY 182 for 4 RECEIVED from 9 to 9 at 1316051253.825737
VSS_READY 121 for 4 RECEIVED from 4 to 9 at 1316051253.879533
VSS_READY 182 for 4 RECEIVED from 10 to 9 at 1316051253.897148
VSS_READY 154 for 4 RECEIVED from 11 to 9 at 1316051253.914856
VSS_READY 183 for 4 RECEIVED from 14 to 9 at 1316051253.932826
VSS_READY 183 for 4 RECEIVED from 16 to 9 at 1316051253.950582
VSS_READY 183 for 4 RECEIVED from 17 to 9 at 1316051253.968090
VSS_READY 204 for 4 RECEIVED from 12 to 9 at 1316051253.985968
VSS_READY 183 for 4 RECEIVED from 7 to 9 at 1316051254.003851
VSS_READY 190 for 4 RECEIVED from 19 to 9 at 1316051254.149066
VSS_READY 212 for 4 RECEIVED from 15 to 9 at 1316051254.168205



*============================================
*2ENOUGH VSS_READY message for 9 at 1316051254.168205
*Threshold : Ready = 12
*Received Ready Message Num = 12
*VSS Share is complete for dealer 4
============================================

BEFORE_LOCK * for 4 SENT from 9 to 1 at 1316051254.186931 standard 1
AFTER_LOCK * for 4 SENT from 9 to 1 at 1316051254.186933 standard 1
AFTER_AFTER_LOCK * for 4 SENT from 9 to 1 at 1316051254.187073 standard 1
AFTER_LOCK2 * for 4 SENT from 9 to 1 at 1316051254.187073 standard 1
VSS_SHARED 305 for 4 SENT from 9 to 1 at 1316051254.187102 standard 1
VSS_READY 153 for 4 RECEIVED from 18 to 9 at 1316051254.284472
VSS_ECHO 501 for 5 RECEIVED from 1 to 9 at 1316051254.763201
VSS_ECHO 39 for 1 RECEIVED from 5 to 9 at 1316051254.829901
VSS_READY 95 for 1 RECEIVED from 5 to 9 at 1316051255.049035
VSS_ECHO 280 for 4 RECEIVED from 4 to 9 at 1316051255.067456
VSS_ECHO 302 for 5 RECEIVED from 19 to 9 at 1316051255.396224
VSS_ECHO 328 for 5 RECEIVED from 7 to 9 at 1316051255.406489
VSS_ECHO 335 for 5 RECEIVED from 4 to 9 at 1316051255.416879
VSS_ECHO 299 for 5 RECEIVED from 11 to 9 at 1316051255.427057
VSS_SEND 11 for * RECEIVED from 5 to 9 at 1316051255.437309
VSSECHO_STAGE3 * for * SENT from * to * at 1316051255.456018
VSSECHO_STAGE4 * for * SENT from * to * at 1316051255.456167
BEFORE_LOCK * for 5 SENT from 9 to 1 at 1316051255.489188 standard 1
AFTER_LOCK * for 5 SENT from 9 to 1 at 1316051255.489191 standard 1
AFTER_AFTER_LOCK * for 5 SENT from 9 to 1 at 1316051255.489359 standard 1
AFTER_LOCK2 * for 5 SENT from 9 to 1 at 1316051255.489365 standard 1
VSS_ECHO 331 for 5 SENT from 9 to 1 at 1316051255.489402 standard 1
VSSECHO_STAGE3 * for * SENT from * to * at 1316051255.489443
VSSECHO_STAGE4 * for * SENT from * to * at 1316051255.489540
BEFORE_LOCK * for 5 SENT from 9 to 2 at 1316051255.489546 standard 1
AFTER_LOCK * for 5 SENT from 9 to 2 at 1316051255.489547 standard 1
AFTER_AFTER_LOCK * for 5 SENT from 9 to 2 at 1316051255.489562 standard 1
AFTER_LOCK2 * for 5 SENT from 9 to 2 at 1316051255.489563 standard 1
VSS_ECHO 332 for 5 SENT from 9 to 2 at 1316051255.489578 standard 1
VSSECHO_STAGE3 * for * SENT from * to * at 1316051255.489589
VSSECHO_STAGE4 * for * SENT from * to * at 1316051255.489657
BEFORE_LOCK * for 5 SENT from 9 to 3 at 1316051255.489686 standard 1
AFTER_LOCK * for 5 SENT from 9 to 3 at 1316051255.489686 standard 1
AFTER_AFTER_LOCK * for 5 SENT from 9 to 3 at 1316051255.489696 standard 1
AFTER_LOCK2 * for 5 SENT from 9 to 3 at 1316051255.489696 standard 1
VSS_ECHO 333 for 5 SENT from 9 to 3 at 1316051255.489714 standard 1
VSSECHO_STAGE3 * for * SENT from * to * at 1316051255.489727
VSSECHO_STAGE4 * for * SENT from * to * at 1316051255.489829
BEFORE_LOCK * for 5 SENT from 9 to 4 at 1316051255.489834 standard 1
AFTER_LOCK * for 5 SENT from 9 to 4 at 1316051255.489835 standard 1
AFTER_AFTER_LOCK * for 5 SENT from 9 to 4 at 1316051255.489844 standard 1
AFTER_LOCK2 * for 5 SENT from 9 to 4 at 1316051255.489844 standard 1
VSS_ECHO 334 for 5 SENT from 9 to 4 at 1316051255.489862 standard 1
VSSECHO_STAGE3 * for * SENT from * to * at 1316051255.489875
VSSECHO_STAGE4 * for * SENT from * to * at 1316051255.489945
BEFORE_LOCK * for 5 SENT from 9 to 5 at 1316051255.489951 standard 1
AFTER_LOCK * for 5 SENT from 9 to 5 at 1316051255.489952 standard 1
AFTER_AFTER_LOCK * for 5 SENT from 9 to 5 at 1316051255.489963 standard 1
AFTER_LOCK2 * for 5 SENT from 9 to 5 at 1316051255.489963 standard 1
VSS_ECHO 335 for 5 SENT from 9 to 5 at 1316051255.489990 standard 1
VSSECHO_STAGE3 * for * SENT from * to * at 1316051255.490009
VSSECHO_STAGE4 * for * SENT from * to * at 1316051255.490084
BEFORE_LOCK * for 5 SENT from 9 to 6 at 1316051255.490094 standard 1
AFTER_LOCK * for 5 SENT from 9 to 6 at 1316051255.490095 standard 1
AFTER_AFTER_LOCK * for 5 SENT from 9 to 6 at 1316051255.490176 standard 1
AFTER_LOCK2 * for 5 SENT from 9 to 6 at 1316051255.490176 standard 1
VSS_ECHO 336 for 5 SENT from 9 to 6 at 1316051255.490202 standard 1
VSSECHO_STAGE3 * for * SENT from * to * at 1316051255.490213
VSSECHO_STAGE4 * for * SENT from * to * at 1316051255.490284
BEFORE_LOCK * for 5 SENT from 9 to 7 at 1316051255.490290 standard 1
AFTER_LOCK * for 5 SENT from 9 to 7 at 1316051255.490291 standard 1
AFTER_AFTER_LOCK * for 5 SENT from 9 to 7 at 1316051255.490308 standard 1
AFTER_LOCK2 * for 5 SENT from 9 to 7 at 1316051255.490308 standard 1
VSS_ECHO 337 for 5 SENT from 9 to 7 at 1316051255.490323 standard 1
VSSECHO_STAGE3 * for * SENT from * to * at 1316051255.490334
VSSECHO_STAGE4 * for * SENT from * to * at 1316051255.490400
BEFORE_LOCK * for 5 SENT from 9 to 8 at 1316051255.490405 standard 1
AFTER_LOCK * for 5 SENT from 9 to 8 at 1316051255.490406 standard 1
AFTER_AFTER_LOCK * for 5 SENT from 9 to 8 at 1316051255.490406 standard 1
AFTER_LOCK2 * for 5 SENT from 9 to 8 at 1316051255.490406 standard 1
VSS_ECHO 338 for 5 SENT from 9 to 8 at 1316051255.490421 standard 1
VSSECHO_STAGE3 * for * SENT from * to * at 1316051255.490431
VSSECHO_STAGE4 * for * SENT from * to * at 1316051255.490496
BEFORE_LOCK * for 5 SENT from 9 to 9 at 1316051255.490503 standard 1
AFTER_LOCK * for 5 SENT from 9 to 9 at 1316051255.490504 standard 1
AFTER_AFTER_LOCK * for 5 SENT from 9 to 9 at 1316051255.490513 standard 1
AFTER_LOCK2 * for 5 SENT from 9 to 9 at 1316051255.490513 standard 1
VSS_ECHO 339 for 5 SENT from 9 to 9 at 1316051255.490530 standard 1
VSSECHO_STAGE3 * for * SENT from * to * at 1316051255.490542
VSSECHO_STAGE4 * for * SENT from * to * at 1316051255.490610
BEFORE_LOCK * for 5 SENT from 9 to 10 at 1316051255.490614 standard 1
AFTER_LOCK * for 5 SENT from 9 to 10 at 1316051255.490615 standard 1
AFTER_AFTER_LOCK * for 5 SENT from 9 to 10 at 1316051255.490623 standard 1
AFTER_LOCK2 * for 5 SENT from 9 to 10 at 1316051255.490624 standard 1
VSS_ECHO 340 for 5 SENT from 9 to 10 at 1316051255.490642 standard 1
VSSECHO_STAGE3 * for * SENT from * to * at 1316051255.490654
VSSECHO_STAGE4 * for * SENT from * to * at 1316051255.490725
BEFORE_LOCK * for 5 SENT from 9 to 11 at 1316051255.490732 standard 1
AFTER_LOCK * for 5 SENT from 9 to 11 at 1316051255.490732 standard 1
AFTER_AFTER_LOCK * for 5 SENT from 9 to 11 at 1316051255.490743 standard 1
AFTER_LOCK2 * for 5 SENT from 9 to 11 at 1316051255.490743 standard 1
VSS_ECHO 341 for 5 SENT from 9 to 11 at 1316051255.490781 standard 1
VSSECHO_STAGE3 * for * SENT from * to * at 1316051255.490797
VSSECHO_STAGE4 * for * SENT from * to * at 1316051255.490869
BEFORE_LOCK * for 5 SENT from 9 to 12 at 1316051255.490877 standard 1
AFTER_LOCK * for 5 SENT from 9 to 12 at 1316051255.490878 standard 1
AFTER_AFTER_LOCK * for 5 SENT from 9 to 12 at 1316051255.490959 standard 1
AFTER_LOCK2 * for 5 SENT from 9 to 12 at 1316051255.490960 standard 1
VSS_ECHO 342 for 5 SENT from 9 to 12 at 1316051255.490981 standard 1
VSSECHO_STAGE3 * for * SENT from * to * at 1316051255.490997
VSSECHO_STAGE4 * for * SENT from * to * at 1316051255.491068
BEFORE_LOCK * for 5 SENT from 9 to 13 at 1316051255.491074 standard 1
AFTER_LOCK * for 5 SENT from 9 to 13 at 1316051255.491075 standard 1
AFTER_AFTER_LOCK * for 5 SENT from 9 to 13 at 1316051255.491075 standard 1
AFTER_LOCK2 * for 5 SENT from 9 to 13 at 1316051255.491075 standard 1
VSS_ECHO 343 for 5 SENT from 9 to 13 at 1316051255.491090 standard 1
VSSECHO_STAGE3 * for * SENT from * to * at 1316051255.491100
VSSECHO_STAGE4 * for * SENT from * to * at 1316051255.491165
BEFORE_LOCK * for 5 SENT from 9 to 14 at 1316051255.491170 standard 1
AFTER_LOCK * for 5 SENT from 9 to 14 at 1316051255.491170 standard 1
AFTER_AFTER_LOCK * for 5 SENT from 9 to 14 at 1316051255.491181 standard 1
AFTER_LOCK2 * for 5 SENT from 9 to 14 at 1316051255.491181 standard 1
VSS_ECHO 344 for 5 SENT from 9 to 14 at 1316051255.491201 standard 1
VSSECHO_STAGE3 * for * SENT from * to * at 1316051255.491215
VSSECHO_STAGE4 * for * SENT from * to * at 1316051255.491284
BEFORE_LOCK * for 5 SENT from 9 to 15 at 1316051255.491291 standard 1
AFTER_LOCK * for 5 SENT from 9 to 15 at 1316051255.491291 standard 1
AFTER_AFTER_LOCK * for 5 SENT from 9 to 15 at 1316051255.491303 standard 1
AFTER_LOCK2 * for 5 SENT from 9 to 15 at 1316051255.491303 standard 1
VSS_ECHO 345 for 5 SENT from 9 to 15 at 1316051255.491318 standard 1
VSSECHO_STAGE3 * for * SENT from * to * at 1316051255.491329
VSSECHO_STAGE4 * for * SENT from * to * at 1316051255.491395
BEFORE_LOCK * for 5 SENT from 9 to 16 at 1316051255.491400 standard 1
AFTER_LOCK * for 5 SENT from 9 to 16 at 1316051255.491401 standard 1
AFTER_AFTER_LOCK * for 5 SENT from 9 to 16 at 1316051255.491409 standard 1
AFTER_LOCK2 * for 5 SENT from 9 to 16 at 1316051255.491409 standard 1
VSS_ECHO 346 for 5 SENT from 9 to 16 at 1316051255.491425 standard 1
VSSECHO_STAGE3 * for * SENT from * to * at 1316051255.491436
VSSECHO_STAGE4 * for * SENT from * to * at 1316051255.491504
BEFORE_LOCK * for 5 SENT from 9 to 17 at 1316051255.491510 standard 1
AFTER_LOCK * for 5 SENT from 9 to 17 at 1316051255.491511 standard 1
AFTER_AFTER_LOCK * for 5 SENT from 9 to 17 at 1316051255.491527 standard 1
AFTER_LOCK2 * for 5 SENT from 9 to 17 at 1316051255.491527 standard 1
VSS_ECHO 347 for 5 SENT from 9 to 17 at 1316051255.491548 standard 1
VSSECHO_STAGE3 * for * SENT from * to * at 1316051255.491563
VSSECHO_STAGE4 * for * SENT from * to * at 1316051255.491646
BEFORE_LOCK * for 5 SENT from 9 to 18 at 1316051255.491652 standard 1
AFTER_LOCK * for 5 SENT from 9 to 18 at 1316051255.491653 standard 1
AFTER_AFTER_LOCK * for 5 SENT from 9 to 18 at 1316051255.491751 standard 1
AFTER_LOCK2 * for 5 SENT from 9 to 18 at 1316051255.491751 standard 1
VSS_ECHO 348 for 5 SENT from 9 to 18 at 1316051255.491775 standard 1
VSSECHO_STAGE3 * for * SENT from * to * at 1316051255.491787
VSSECHO_STAGE4 * for * SENT from * to * at 1316051255.491859
BEFORE_LOCK * for 5 SENT from 9 to 19 at 1316051255.491865 standard 1
AFTER_LOCK * for 5 SENT from 9 to 19 at 1316051255.491866 standard 1
AFTER_AFTER_LOCK * for 5 SENT from 9 to 19 at 1316051255.491882 standard 1
AFTER_LOCK2 * for 5 SENT from 9 to 19 at 1316051255.491882 standard 1
VSS_ECHO 349 for 5 SENT from 9 to 19 at 1316051255.491902 standard 1
VSSECHO_STAGE3 * for * SENT from * to * at 1316051255.491914
VSSECHO_STAGE4 * for * SENT from * to * at 1316051255.491985
BEFORE_LOCK * for 5 SENT from 9 to 20 at 1316051255.491991 standard 1
AFTER_LOCK * for 5 SENT from 9 to 20 at 1316051255.491996 standard 1
AFTER_AFTER_LOCK * for 5 SENT from 9 to 20 at 1316051255.491996 standard 1
AFTER_LOCK2 * for 5 SENT from 9 to 20 at 1316051255.491996 standard 1
VSS_ECHO 350 for 5 SENT from 9 to 20 at 1316051255.492031 standard 1
VSS_ECHO 327 for 5 RECEIVED from 16 to 9 at 1316051255.492056
VSS_ECHO 322 for 5 RECEIVED from 12 to 9 at 1316051255.502268
VSS_ECHO 339 for 5 RECEIVED from 9 to 9 at 1316051255.512501
VSS_ECHO 340 for 5 RECEIVED from 10 to 9 at 1316051255.589588
VSS_READY 170 for 4 RECEIVED from 5 to 9 at 1316051255.599933
VSS_ECHO 341 for 5 RECEIVED from 14 to 9 at 1316051255.624481
VSS_ECHO 216 for 4 RECEIVED from 5 to 9 at 1316051255.997656
VSS_ECHO 551 for 2 RECEIVED from 1 to 9 at 1316051256.102318
VSS_SEND 11 for * RECEIVED from 2 to 9 at 1316051256.164328
VSSECHO_STAGE3 * for * SENT from * to * at 1316051256.184155
VSSECHO_STAGE4 * for * SENT from * to * at 1316051256.184240
BEFORE_LOCK * for 2 SENT from 9 to 1 at 1316051256.184246 standard 1
AFTER_LOCK * for 2 SENT from 9 to 1 at 1316051256.184252 standard 1
AFTER_AFTER_LOCK * for 2 SENT from 9 to 1 at 1316051256.184341 standard 1
AFTER_LOCK2 * for 2 SENT from 9 to 1 at 1316051256.184342 standard 1
VSS_ECHO 367 for 2 SENT from 9 to 1 at 1316051256.184359 standard 1
VSSECHO_STAGE3 * for * SENT from * to * at 1316051256.184373
VSSECHO_STAGE4 * for * SENT from * to * at 1316051256.184592
BEFORE_LOCK * for 2 SENT from 9 to 2 at 1316051256.184600 standard 1
AFTER_LOCK * for 2 SENT from 9 to 2 at 1316051256.184600 standard 1
AFTER_AFTER_LOCK * for 2 SENT from 9 to 2 at 1316051256.184613 standard 1
AFTER_LOCK2 * for 2 SENT from 9 to 2 at 1316051256.184614 standard 1
VSS_ECHO 368 for 2 SENT from 9 to 2 at 1316051256.184634 standard 1
VSSECHO_STAGE3 * for * SENT from * to * at 1316051256.184648
VSSECHO_STAGE4 * for * SENT from * to * at 1316051256.184729
BEFORE_LOCK * for 2 SENT from 9 to 3 at 1316051256.184735 standard 1
AFTER_LOCK * for 2 SENT from 9 to 3 at 1316051256.184736 standard 1
AFTER_AFTER_LOCK * for 2 SENT from 9 to 3 at 1316051256.184748 standard 1
AFTER_LOCK2 * for 2 SENT from 9 to 3 at 1316051256.184749 standard 1
VSS_ECHO 369 for 2 SENT from 9 to 3 at 1316051256.184770 standard 1
VSSECHO_STAGE3 * for * SENT from * to * at 1316051256.184782
VSSECHO_STAGE4 * for * SENT from * to * at 1316051256.184857
BEFORE_LOCK * for 2 SENT from 9 to 4 at 1316051256.184863 standard 1
AFTER_LOCK * for 2 SENT from 9 to 4 at 1316051256.184864 standard 1
AFTER_AFTER_LOCK * for 2 SENT from 9 to 4 at 1316051256.184885 standard 1
AFTER_LOCK2 * for 2 SENT from 9 to 4 at 1316051256.184885 standard 1
VSS_ECHO 370 for 2 SENT from 9 to 4 at 1316051256.184912 standard 1
VSSECHO_STAGE3 * for * SENT from * to * at 1316051256.184924
VSSECHO_STAGE4 * for * SENT from * to * at 1316051256.184997
BEFORE_LOCK * for 2 SENT from 9 to 5 at 1316051256.185003 standard 1
AFTER_LOCK * for 2 SENT from 9 to 5 at 1316051256.185004 standard 1
AFTER_AFTER_LOCK * for 2 SENT from 9 to 5 at 1316051256.185015 standard 1
AFTER_LOCK2 * for 2 SENT from 9 to 5 at 1316051256.185015 standard 1
VSS_ECHO 371 for 2 SENT from 9 to 5 at 1316051256.185035 standard 1
VSSECHO_STAGE3 * for * SENT from * to * at 1316051256.185050
VSSECHO_STAGE4 * for * SENT from * to * at 1316051256.185121
BEFORE_LOCK * for 2 SENT from 9 to 6 at 1316051256.185127 standard 1
AFTER_LOCK * for 2 SENT from 9 to 6 at 1316051256.185128 standard 1
AFTER_AFTER_LOCK * for 2 SENT from 9 to 6 at 1316051256.185203 standard 1
AFTER_LOCK2 * for 2 SENT from 9 to 6 at 1316051256.185204 standard 1
VSS_ECHO 372 for 2 SENT from 9 to 6 at 1316051256.185223 standard 1
VSSECHO_STAGE3 * for * SENT from * to * at 1316051256.185237
VSSECHO_STAGE4 * for * SENT from * to * at 1316051256.185311
BEFORE_LOCK * for 2 SENT from 9 to 7 at 1316051256.185317 standard 1
AFTER_LOCK * for 2 SENT from 9 to 7 at 1316051256.185318 standard 1
AFTER_AFTER_LOCK * for 2 SENT from 9 to 7 at 1316051256.185330 standard 1
AFTER_LOCK2 * for 2 SENT from 9 to 7 at 1316051256.185330 standard 1
VSS_ECHO 373 for 2 SENT from 9 to 7 at 1316051256.185345 standard 1
VSSECHO_STAGE3 * for * SENT from * to * at 1316051256.185379
VSSECHO_STAGE4 * for * SENT from * to * at 1316051256.185455
BEFORE_LOCK * for 2 SENT from 9 to 8 at 1316051256.185461 standard 1
AFTER_LOCK * for 2 SENT from 9 to 8 at 1316051256.185462 standard 1
AFTER_AFTER_LOCK * for 2 SENT from 9 to 8 at 1316051256.185462 standard 1
AFTER_LOCK2 * for 2 SENT from 9 to 8 at 1316051256.185463 standard 1
VSS_ECHO 374 for 2 SENT from 9 to 8 at 1316051256.185618 standard 1
VSSECHO_STAGE3 * for * SENT from * to * at 1316051256.185629
VSSECHO_STAGE4 * for * SENT from * to * at 1316051256.185697
BEFORE_LOCK * for 2 SENT from 9 to 9 at 1316051256.185702 standard 1
AFTER_LOCK * for 2 SENT from 9 to 9 at 1316051256.185703 standard 1
AFTER_AFTER_LOCK * for 2 SENT from 9 to 9 at 1316051256.185714 standard 1
AFTER_LOCK2 * for 2 SENT from 9 to 9 at 1316051256.185714 standard 1
VSS_ECHO 375 for 2 SENT from 9 to 9 at 1316051256.185733 standard 1
VSSECHO_STAGE3 * for * SENT from * to * at 1316051256.185746
VSSECHO_STAGE4 * for * SENT from * to * at 1316051256.185819
BEFORE_LOCK * for 2 SENT from 9 to 10 at 1316051256.185826 standard 1
AFTER_LOCK * for 2 SENT from 9 to 10 at 1316051256.185826 standard 1
AFTER_AFTER_LOCK * for 2 SENT from 9 to 10 at 1316051256.185837 standard 1
AFTER_LOCK2 * for 2 SENT from 9 to 10 at 1316051256.185837 standard 1
VSS_ECHO 376 for 2 SENT from 9 to 10 at 1316051256.185859 standard 1
VSSECHO_STAGE3 * for * SENT from * to * at 1316051256.185875
VSSECHO_STAGE4 * for * SENT from * to * at 1316051256.185947
BEFORE_LOCK * for 2 SENT from 9 to 11 at 1316051256.185953 standard 1
AFTER_LOCK * for 2 SENT from 9 to 11 at 1316051256.185954 standard 1
AFTER_AFTER_LOCK * for 2 SENT from 9 to 11 at 1316051256.186129 standard 1
AFTER_LOCK2 * for 2 SENT from 9 to 11 at 1316051256.186129 standard 1
VSS_ECHO 377 for 2 SENT from 9 to 11 at 1316051256.186145 standard 1
VSSECHO_STAGE3 * for * SENT from * to * at 1316051256.186156
VSSECHO_STAGE4 * for * SENT from * to * at 1316051256.186224
BEFORE_LOCK * for 2 SENT from 9 to 12 at 1316051256.186229 standard 1
AFTER_LOCK * for 2 SENT from 9 to 12 at 1316051256.186229 standard 1
AFTER_AFTER_LOCK * for 2 SENT from 9 to 12 at 1316051256.186241 standard 1
AFTER_LOCK2 * for 2 SENT from 9 to 12 at 1316051256.186241 standard 1
VSS_ECHO 378 for 2 SENT from 9 to 12 at 1316051256.186262 standard 1
VSSECHO_STAGE3 * for * SENT from * to * at 1316051256.186276
VSSECHO_STAGE4 * for * SENT from * to * at 1316051256.186346
BEFORE_LOCK * for 2 SENT from 9 to 13 at 1316051256.186353 standard 1
AFTER_LOCK * for 2 SENT from 9 to 13 at 1316051256.186354 standard 1
AFTER_AFTER_LOCK * for 2 SENT from 9 to 13 at 1316051256.186354 standard 1
AFTER_LOCK2 * for 2 SENT from 9 to 13 at 1316051256.186355 standard 1
VSS_ECHO 379 for 2 SENT from 9 to 13 at 1316051256.186375 standard 1
VSSECHO_STAGE3 * for * SENT from * to * at 1316051256.186386
VSSECHO_STAGE4 * for * SENT from * to * at 1316051256.186456
BEFORE_LOCK * for 2 SENT from 9 to 14 at 1316051256.186462 standard 1
AFTER_LOCK * for 2 SENT from 9 to 14 at 1316051256.186462 standard 1
AFTER_AFTER_LOCK * for 2 SENT from 9 to 14 at 1316051256.186479 standard 1
AFTER_LOCK2 * for 2 SENT from 9 to 14 at 1316051256.186479 standard 1
VSS_ECHO 380 for 2 SENT from 9 to 14 at 1316051256.186497 standard 1
VSSECHO_STAGE3 * for * SENT from * to * at 1316051256.186516
VSSECHO_STAGE4 * for * SENT from * to * at 1316051256.186590
BEFORE_LOCK * for 2 SENT from 9 to 15 at 1316051256.186596 standard 1
AFTER_LOCK * for 2 SENT from 9 to 15 at 1316051256.186597 standard 1
AFTER_AFTER_LOCK * for 2 SENT from 9 to 15 at 1316051256.186607 standard 1
AFTER_LOCK2 * for 2 SENT from 9 to 15 at 1316051256.186608 standard 1
VSS_ECHO 381 for 2 SENT from 9 to 15 at 1316051256.186629 standard 1
VSSECHO_STAGE3 * for * SENT from * to * at 1316051256.186643
VSSECHO_STAGE4 * for * SENT from * to * at 1316051256.186713
BEFORE_LOCK * for 2 SENT from 9 to 16 at 1316051256.186720 standard 1
AFTER_LOCK * for 2 SENT from 9 to 16 at 1316051256.186721 standard 1
AFTER_AFTER_LOCK * for 2 SENT from 9 to 16 at 1316051256.186853 standard 1
AFTER_LOCK2 * for 2 SENT from 9 to 16 at 1316051256.186854 standard 1
VSS_ECHO 382 for 2 SENT from 9 to 16 at 1316051256.187121 standard 1
VSSECHO_STAGE3 * for * SENT from * to * at 1316051256.187136
VSSECHO_STAGE4 * for * SENT from * to * at 1316051256.187216
BEFORE_LOCK * for 2 SENT from 9 to 17 at 1316051256.187222 standard 1
AFTER_LOCK * for 2 SENT from 9 to 17 at 1316051256.187223 standard 1
AFTER_AFTER_LOCK * for 2 SENT from 9 to 17 at 1316051256.187236 standard 1
AFTER_LOCK2 * for 2 SENT from 9 to 17 at 1316051256.187236 standard 1
VSS_ECHO 383 for 2 SENT from 9 to 17 at 1316051256.187267 standard 1
VSSECHO_STAGE3 * for * SENT from * to * at 1316051256.187280
VSSECHO_STAGE4 * for * SENT from * to * at 1316051256.187355
BEFORE_LOCK * for 2 SENT from 9 to 18 at 1316051256.187361 standard 1
AFTER_LOCK * for 2 SENT from 9 to 18 at 1316051256.187362 standard 1
AFTER_AFTER_LOCK * for 2 SENT from 9 to 18 at 1316051256.187378 standard 1
AFTER_LOCK2 * for 2 SENT from 9 to 18 at 1316051256.187378 standard 1
VSS_ECHO 384 for 2 SENT from 9 to 18 at 1316051256.187403 standard 1
VSSECHO_STAGE3 * for * SENT from * to * at 1316051256.187415
VSSECHO_STAGE4 * for * SENT from * to * at 1316051256.187483
BEFORE_LOCK * for 2 SENT from 9 to 19 at 1316051256.187489 standard 1
AFTER_LOCK * for 2 SENT from 9 to 19 at 1316051256.187490 standard 1
AFTER_AFTER_LOCK * for 2 SENT from 9 to 19 at 1316051256.187567 standard 1
AFTER_LOCK2 * for 2 SENT from 9 to 19 at 1316051256.187567 standard 1
VSS_ECHO 385 for 2 SENT from 9 to 19 at 1316051256.187586 standard 1
VSSECHO_STAGE3 * for * SENT from * to * at 1316051256.187599
VSSECHO_STAGE4 * for * SENT from * to * at 1316051256.187669
BEFORE_LOCK * for 2 SENT from 9 to 20 at 1316051256.187675 standard 1
AFTER_LOCK * for 2 SENT from 9 to 20 at 1316051256.187676 standard 1
AFTER_AFTER_LOCK * for 2 SENT from 9 to 20 at 1316051256.187676 standard 1
AFTER_LOCK2 * for 2 SENT from 9 to 20 at 1316051256.187676 standard 1
VSS_ECHO 386 for 2 SENT from 9 to 20 at 1316051256.187690 standard 1
VSS_ECHO 375 for 2 RECEIVED from 9 to 9 at 1316051256.187720
VSS_ECHO 39 for 1 RECEIVED from 2 to 9 at 1316051256.211528
VSS_ECHO 358 for 2 RECEIVED from 12 to 9 at 1316051256.222217
VSS_ECHO 376 for 2 RECEIVED from 10 to 9 at 1316051256.327324
VSS_ECHO 348 for 2 RECEIVED from 11 to 9 at 1316051256.346697
VSS_ECHO 377 for 2 RECEIVED from 7 to 9 at 1316051256.358628
VSS_ECHO 399 for 2 RECEIVED from 4 to 9 at 1316051256.368943
VSS_ECHO 376 for 2 RECEIVED from 16 to 9 at 1316051256.379095
VSS_ECHO 362 for 2 RECEIVED from 17 to 9 at 1316051256.532580
VSS_ECHO 368 for 2 RECEIVED from 19 to 9 at 1316051256.543944
VSS_ECHO 384 for 2 RECEIVED from 14 to 9 at 1316051256.554155
VSS_ECHO 339 for 2 RECEIVED from 15 to 9 at 1316051256.581494



============================================
*ENOUGH VSS_ECHO message for 2 at 1316051256.581494
*Threshold : echo = 12
*Received Echo Message Num = 12
*Ready messages are sending out...
============================================

PRE_VSS_READY * for 2 SENT from 9 to 1 at 1316051256.596887 standard 1
BEFORE_LOCK * for 2 SENT from 9 to 1 at 1316051256.596896 standard 1
AFTER_LOCK * for 2 SENT from 9 to 1 at 1316051256.596898 standard 1
AFTER_AFTER_LOCK * for 2 SENT from 9 to 1 at 1316051256.597231 standard 1
AFTER_LOCK2 * for 2 SENT from 9 to 1 at 1316051256.597231 standard 1
VSS_READY 399 for 2 SENT from 9 to 1 at 1316051256.597231 standard 1
PRE_VSS_READY * for 2 SENT from 9 to 2 at 1316051256.599371 standard 1
BEFORE_LOCK * for 2 SENT from 9 to 2 at 1316051256.599380 standard 1
AFTER_LOCK * for 2 SENT from 9 to 2 at 1316051256.599381 standard 1
AFTER_AFTER_LOCK * for 2 SENT from 9 to 2 at 1316051256.599644 standard 1
AFTER_LOCK2 * for 2 SENT from 9 to 2 at 1316051256.599644 standard 1
VSS_READY 400 for 2 SENT from 9 to 2 at 1316051256.599645 standard 1
PRE_VSS_READY * for 2 SENT from 9 to 3 at 1316051256.601881 standard 1
BEFORE_LOCK * for 2 SENT from 9 to 3 at 1316051256.601889 standard 1
AFTER_LOCK * for 2 SENT from 9 to 3 at 1316051256.601890 standard 1
AFTER_AFTER_LOCK * for 2 SENT from 9 to 3 at 1316051256.601989 standard 1
AFTER_LOCK2 * for 2 SENT from 9 to 3 at 1316051256.601989 standard 1
VSS_READY 401 for 2 SENT from 9 to 3 at 1316051256.601990 standard 1
PRE_VSS_READY * for 2 SENT from 9 to 4 at 1316051256.603979 standard 1
BEFORE_LOCK * for 2 SENT from 9 to 4 at 1316051256.603986 standard 1
AFTER_LOCK * for 2 SENT from 9 to 4 at 1316051256.603987 standard 1
AFTER_AFTER_LOCK * for 2 SENT from 9 to 4 at 1316051256.604136 standard 1
AFTER_LOCK2 * for 2 SENT from 9 to 4 at 1316051256.604137 standard 1
VSS_READY 402 for 2 SENT from 9 to 4 at 1316051256.604137 standard 1
PRE_VSS_READY * for 2 SENT from 9 to 5 at 1316051256.606590 standard 1
BEFORE_LOCK * for 2 SENT from 9 to 5 at 1316051256.606600 standard 1
AFTER_LOCK * for 2 SENT from 9 to 5 at 1316051256.606601 standard 1
AFTER_AFTER_LOCK * for 2 SENT from 9 to 5 at 1316051256.606675 standard 1
AFTER_LOCK2 * for 2 SENT from 9 to 5 at 1316051256.606675 standard 1
VSS_READY 403 for 2 SENT from 9 to 5 at 1316051256.606675 standard 1
PRE_VSS_READY * for 2 SENT from 9 to 6 at 1316051256.609103 standard 1
BEFORE_LOCK * for 2 SENT from 9 to 6 at 1316051256.609116 standard 1
AFTER_LOCK * for 2 SENT from 9 to 6 at 1316051256.609118 standard 1
AFTER_AFTER_LOCK * for 2 SENT from 9 to 6 at 1316051256.609237 standard 1
AFTER_LOCK2 * for 2 SENT from 9 to 6 at 1316051256.609237 standard 1
VSS_READY 404 for 2 SENT from 9 to 6 at 1316051256.609238 standard 1
PRE_VSS_READY * for 2 SENT from 9 to 7 at 1316051256.611295 standard 1
BEFORE_LOCK * for 2 SENT from 9 to 7 at 1316051256.611304 standard 1
AFTER_LOCK * for 2 SENT from 9 to 7 at 1316051256.611305 standard 1
AFTER_AFTER_LOCK * for 2 SENT from 9 to 7 at 1316051256.611646 standard 1
AFTER_LOCK2 * for 2 SENT from 9 to 7 at 1316051256.611646 standard 1
VSS_READY 405 for 2 SENT from 9 to 7 at 1316051256.611647 standard 1
PRE_VSS_READY * for 2 SENT from 9 to 8 at 1316051256.614183 standard 1
BEFORE_LOCK * for 2 SENT from 9 to 8 at 1316051256.614200 standard 1
AFTER_LOCK * for 2 SENT from 9 to 8 at 1316051256.614201 standard 1
AFTER_AFTER_LOCK * for 2 SENT from 9 to 8 at 1316051256.614201 standard 1
AFTER_LOCK2 * for 2 SENT from 9 to 8 at 1316051256.614202 standard 1
VSS_READY 406 for 2 SENT from 9 to 8 at 1316051256.614202 standard 1
PRE_VSS_READY * for 2 SENT from 9 to 9 at 1316051256.616772 standard 1
BEFORE_LOCK * for 2 SENT from 9 to 9 at 1316051256.616783 standard 1
AFTER_LOCK * for 2 SENT from 9 to 9 at 1316051256.616784 standard 1
AFTER_AFTER_LOCK * for 2 SENT from 9 to 9 at 1316051256.616903 standard 1
AFTER_LOCK2 * for 2 SENT from 9 to 9 at 1316051256.616903 standard 1
VSS_READY 407 for 2 SENT from 9 to 9 at 1316051256.616903 standard 1
PRE_VSS_READY * for 2 SENT from 9 to 10 at 1316051256.619119 standard 1
BEFORE_LOCK * for 2 SENT from 9 to 10 at 1316051256.619129 standard 1
AFTER_LOCK * for 2 SENT from 9 to 10 at 1316051256.619129 standard 1
AFTER_AFTER_LOCK * for 2 SENT from 9 to 10 at 1316051256.619209 standard 1
AFTER_LOCK2 * for 2 SENT from 9 to 10 at 1316051256.619210 standard 1
VSS_READY 408 for 2 SENT from 9 to 10 at 1316051256.619210 standard 1
PRE_VSS_READY * for 2 SENT from 9 to 11 at 1316051256.621345 standard 1
BEFORE_LOCK * for 2 SENT from 9 to 11 at 1316051256.621355 standard 1
AFTER_LOCK * for 2 SENT from 9 to 11 at 1316051256.621356 standard 1
AFTER_AFTER_LOCK * for 2 SENT from 9 to 11 at 1316051256.621512 standard 1
AFTER_LOCK2 * for 2 SENT from 9 to 11 at 1316051256.621513 standard 1
VSS_READY 409 for 2 SENT from 9 to 11 at 1316051256.621513 standard 1
PRE_VSS_READY * for 2 SENT from 9 to 12 at 1316051256.623506 standard 1
BEFORE_LOCK * for 2 SENT from 9 to 12 at 1316051256.623515 standard 1
AFTER_LOCK * for 2 SENT from 9 to 12 at 1316051256.623516 standard 1
AFTER_AFTER_LOCK * for 2 SENT from 9 to 12 at 1316051256.623741 standard 1
AFTER_LOCK2 * for 2 SENT from 9 to 12 at 1316051256.623742 standard 1
VSS_READY 410 for 2 SENT from 9 to 12 at 1316051256.623742 standard 1
PRE_VSS_READY * for 2 SENT from 9 to 13 at 1316051256.625918 standard 1
BEFORE_LOCK * for 2 SENT from 9 to 13 at 1316051256.625931 standard 1
AFTER_LOCK * for 2 SENT from 9 to 13 at 1316051256.625932 standard 1
AFTER_AFTER_LOCK * for 2 SENT from 9 to 13 at 1316051256.625932 standard 1
AFTER_LOCK2 * for 2 SENT from 9 to 13 at 1316051256.625933 standard 1
VSS_READY 411 for 2 SENT from 9 to 13 at 1316051256.625933 standard 1
PRE_VSS_READY * for 2 SENT from 9 to 14 at 1316051256.628082 standard 1
BEFORE_LOCK * for 2 SENT from 9 to 14 at 1316051256.628092 standard 1
AFTER_LOCK * for 2 SENT from 9 to 14 at 1316051256.628093 standard 1
AFTER_AFTER_LOCK * for 2 SENT from 9 to 14 at 1316051256.628204 standard 1
AFTER_LOCK2 * for 2 SENT from 9 to 14 at 1316051256.628204 standard 1
VSS_READY 412 for 2 SENT from 9 to 14 at 1316051256.628204 standard 1
PRE_VSS_READY * for 2 SENT from 9 to 15 at 1316051256.630364 standard 1
BEFORE_LOCK * for 2 SENT from 9 to 15 at 1316051256.630372 standard 1
AFTER_LOCK * for 2 SENT from 9 to 15 at 1316051256.630373 standard 1
AFTER_AFTER_LOCK * for 2 SENT from 9 to 15 at 1316051256.630452 standard 1
AFTER_LOCK2 * for 2 SENT from 9 to 15 at 1316051256.630453 standard 1
VSS_READY 413 for 2 SENT from 9 to 15 at 1316051256.630453 standard 1
PRE_VSS_READY * for 2 SENT from 9 to 16 at 1316051256.632468 standard 1
BEFORE_LOCK * for 2 SENT from 9 to 16 at 1316051256.632476 standard 1
AFTER_LOCK * for 2 SENT from 9 to 16 at 1316051256.632477 standard 1
AFTER_AFTER_LOCK * for 2 SENT from 9 to 16 at 1316051256.632726 standard 1
AFTER_LOCK2 * for 2 SENT from 9 to 16 at 1316051256.632727 standard 1
VSS_READY 414 for 2 SENT from 9 to 16 at 1316051256.632727 standard 1
PRE_VSS_READY * for 2 SENT from 9 to 17 at 1316051256.634733 standard 1
BEFORE_LOCK * for 2 SENT from 9 to 17 at 1316051256.634741 standard 1
AFTER_LOCK * for 2 SENT from 9 to 17 at 1316051256.634741 standard 1
AFTER_AFTER_LOCK * for 2 SENT from 9 to 17 at 1316051256.634958 standard 1
AFTER_LOCK2 * for 2 SENT from 9 to 17 at 1316051256.634959 standard 1
VSS_READY 415 for 2 SENT from 9 to 17 at 1316051256.634959 standard 1
PRE_VSS_READY * for 2 SENT from 9 to 18 at 1316051256.637191 standard 1
BEFORE_LOCK * for 2 SENT from 9 to 18 at 1316051256.637201 standard 1
AFTER_LOCK * for 2 SENT from 9 to 18 at 1316051256.637202 standard 1
AFTER_AFTER_LOCK * for 2 SENT from 9 to 18 at 1316051256.637431 standard 1
AFTER_LOCK2 * for 2 SENT from 9 to 18 at 1316051256.637431 standard 1
VSS_READY 416 for 2 SENT from 9 to 18 at 1316051256.637431 standard 1
PRE_VSS_READY * for 2 SENT from 9 to 19 at 1316051256.639473 standard 1
BEFORE_LOCK * for 2 SENT from 9 to 19 at 1316051256.639483 standard 1
AFTER_LOCK * for 2 SENT from 9 to 19 at 1316051256.639484 standard 1
AFTER_AFTER_LOCK * for 2 SENT from 9 to 19 at 1316051256.639766 standard 1
AFTER_LOCK2 * for 2 SENT from 9 to 19 at 1316051256.639766 standard 1
VSS_READY 417 for 2 SENT from 9 to 19 at 1316051256.639766 standard 1
PRE_VSS_READY * for 2 SENT from 9 to 20 at 1316051256.642115 standard 1
BEFORE_LOCK * for 2 SENT from 9 to 20 at 1316051256.642124 standard 1
AFTER_LOCK * for 2 SENT from 9 to 20 at 1316051256.642125 standard 1
AFTER_AFTER_LOCK * for 2 SENT from 9 to 20 at 1316051256.642125 standard 1
AFTER_LOCK2 * for 2 SENT from 9 to 20 at 1316051256.642125 standard 1
VSS_READY 418 for 2 SENT from 9 to 20 at 1316051256.642126 standard 1
VSS_READY 592 for 2 RECEIVED from 1 to 9 at 1316051256.642168
VSS_READY 95 for 1 RECEIVED from 2 to 9 at 1316051256.659998
VSS_READY 407 for 2 RECEIVED from 9 to 9 at 1316051256.678295
VSS_READY 429 for 2 RECEIVED from 4 to 9 at 1316051256.696181
VSS_READY 408 for 2 RECEIVED from 7 to 9 at 1316051256.724395
VSS_READY 433 for 2 RECEIVED from 12 to 9 at 1316051256.742536
VSS_READY 435 for 2 RECEIVED from 10 to 9 at 1316051256.760491
VSS_READY 387 for 2 RECEIVED from 11 to 9 at 1316051256.782815
VSS_READY 444 for 2 RECEIVED from 14 to 9 at 1316051256.805403
VSS_READY 430 for 2 RECEIVED from 17 to 9 at 1316051256.823584
VSS_READY 266 for 2 RECEIVED from 5 to 9 at 1316051256.841314
VSS_READY 397 for 2 RECEIVED from 19 to 9 at 1316051256.873833
VSS_READY 451 for 2 RECEIVED from 16 to 9 at 1316051256.895425



*============================================
*2ENOUGH VSS_READY message for 9 at 1316051256.895425
*Threshold : Ready = 12
*Received Ready Message Num = 12
*VSS Share is complete for dealer 2
============================================

BEFORE_LOCK * for 2 SENT from 9 to 1 at 1316051256.914020 standard 1
AFTER_LOCK * for 2 SENT from 9 to 1 at 1316051256.914021 standard 1
AFTER_AFTER_LOCK * for 2 SENT from 9 to 1 at 1316051256.914154 standard 1
AFTER_LOCK2 * for 2 SENT from 9 to 1 at 1316051256.914155 standard 1
VSS_SHARED 548 for 2 SENT from 9 to 1 at 1316051256.914173 standard 1
DKG_SEND 781 for * RECEIVED from 1 to 9 at 1316051256.919779
DKG_ECHO 585 for 1 SENT from 9 to 1 at 1316051257.051572 standard 1
DKG_ECHO 586 for 1 SENT from 9 to 2 at 1316051257.053613 standard 1
DKG_ECHO 587 for 1 SENT from 9 to 3 at 1316051257.055721 standard 1
DKG_ECHO 588 for 1 SENT from 9 to 4 at 1316051257.057712 standard 1
DKG_ECHO 589 for 1 SENT from 9 to 5 at 1316051257.059665 standard 1
DKG_ECHO 590 for 1 SENT from 9 to 6 at 1316051257.062018 standard 1
DKG_ECHO 591 for 1 SENT from 9 to 7 at 1316051257.064422 standard 1
DKG_ECHO 592 for 1 SENT from 9 to 8 at 1316051257.066497 standard 1
DKG_ECHO 593 for 1 SENT from 9 to 9 at 1316051257.068648 standard 1
DKG_ECHO 594 for 1 SENT from 9 to 10 at 1316051257.070774 standard 1
DKG_ECHO 595 for 1 SENT from 9 to 11 at 1316051257.072977 standard 1
DKG_ECHO 596 for 1 SENT from 9 to 12 at 1316051257.074966 standard 1
DKG_ECHO 597 for 1 SENT from 9 to 13 at 1316051257.076896 standard 1
DKG_ECHO 598 for 1 SENT from 9 to 14 at 1316051257.079039 standard 1
DKG_ECHO 599 for 1 SENT from 9 to 15 at 1316051257.081103 standard 1
DKG_ECHO 600 for 1 SENT from 9 to 16 at 1316051257.083140 standard 1
DKG_ECHO 601 for 1 SENT from 9 to 17 at 1316051257.085305 standard 1
DKG_ECHO 602 for 1 SENT from 9 to 18 at 1316051257.087484 standard 1
DKG_ECHO 603 for 1 SENT from 9 to 19 at 1316051257.089598 standard 1
DKG_ECHO 604 for 1 SENT from 9 to 20 at 1316051257.091781 standard 1
DKG_ECHO 544 for 1 RECEIVED from 12 to 9 at 1316051257.091817
DKG_ECHO 593 for 1 RECEIVED from 9 to 9 at 1316051257.094649
DKG_ECHO 908 for 1 RECEIVED from 1 to 9 at 1316051257.096980
DKG_ECHO 593 for 1 RECEIVED from 10 to 9 at 1316051257.145406
DKG_ECHO 594 for 1 RECEIVED from 7 to 9 at 1316051257.153550
DKG_ECHO 571 for 1 RECEIVED from 16 to 9 at 1316051257.158619
DKG_ECHO 573 for 1 RECEIVED from 17 to 9 at 1316051257.181342
DKG_ECHO 592 for 1 RECEIVED from 4 to 9 at 1316051257.199566
VSS_READY 158 for 2 RECEIVED from 2 to 9 at 1316051257.202001
DKG_ECHO 594 for 1 RECEIVED from 14 to 9 at 1316051257.240488
DKG_ECHO 565 for 1 RECEIVED from 11 to 9 at 1316051257.331777
DKG_ECHO 560 for 1 RECEIVED from 19 to 9 at 1316051257.371527
DKG_READY 1068 for 1 RECEIVED from 1 to 9 at 1316051257.448711
DKG_ECHO 421 for 1 RECEIVED from 5 to 9 at 1316051257.451370



============================================
*ENOUGH DKG_ECHO message for 9 at 1316051257.451370
*Threshold : Echo = 12
*Received Echo Message Num = 12
*DKG_Readys are sent out...
============================================

DKG_READY 770 for 1 SENT from 9 to 1 at 1316051257.456029 standard 1
DKG_READY 771 for 1 SENT from 9 to 2 at 1316051257.458315 standard 1
DKG_READY 772 for 1 SENT from 9 to 3 at 1316051257.460339 standard 1
DKG_READY 773 for 1 SENT from 9 to 4 at 1316051257.462267 standard 1
DKG_READY 774 for 1 SENT from 9 to 5 at 1316051257.464373 standard 1
DKG_READY 775 for 1 SENT from 9 to 6 at 1316051257.466432 standard 1
DKG_READY 776 for 1 SENT from 9 to 7 at 1316051257.468475 standard 1
DKG_READY 777 for 1 SENT from 9 to 8 at 1316051257.470494 standard 1
DKG_READY 778 for 1 SENT from 9 to 9 at 1316051257.472922 standard 1
DKG_READY 779 for 1 SENT from 9 to 10 at 1316051257.474945 standard 1
DKG_READY 780 for 1 SENT from 9 to 11 at 1316051257.477156 standard 1
DKG_READY 781 for 1 SENT from 9 to 12 at 1316051257.479188 standard 1
DKG_READY 782 for 1 SENT from 9 to 13 at 1316051257.481114 standard 1
DKG_READY 783 for 1 SENT from 9 to 14 at 1316051257.483277 standard 1
DKG_READY 784 for 1 SENT from 9 to 15 at 1316051257.485374 standard 1
DKG_READY 785 for 1 SENT from 9 to 16 at 1316051257.487510 standard 1
DKG_READY 786 for 1 SENT from 9 to 17 at 1316051257.489482 standard 1
DKG_READY 787 for 1 SENT from 9 to 18 at 1316051257.491490 standard 1
DKG_READY 788 for 1 SENT from 9 to 19 at 1316051257.493755 standard 1
DKG_READY 789 for 1 SENT from 9 to 20 at 1316051257.495752 standard 1
DKG_READY 778 for 1 RECEIVED from 9 to 9 at 1316051257.495779
DKG_READY 775 for 1 RECEIVED from 4 to 9 at 1316051257.554717
DKG_READY 754 for 1 RECEIVED from 7 to 9 at 1316051257.557159
DKG_READY 753 for 1 RECEIVED from 10 to 9 at 1316051257.569596
DKG_READY 725 for 1 RECEIVED from 11 to 9 at 1316051257.588841
DKG_READY 771 for 1 RECEIVED from 12 to 9 at 1316051257.593242
DKG_READY 779 for 1 RECEIVED from 16 to 9 at 1316051257.597016
DKG_READY 758 for 1 RECEIVED from 17 to 9 at 1316051257.607635
DKG_READY 754 for 1 RECEIVED from 14 to 9 at 1316051257.619261
VSS_READY 400 for 2 RECEIVED from 15 to 9 at 1316051257.622245
VSS_ECHO 1238 for 3 RECEIVED from 1 to 9 at 1316051257.659221
DKG_READY 743 for 1 RECEIVED from 19 to 9 at 1316051257.700867
VSS_SEND 11 for * RECEIVED from 3 to 9 at 1316051257.703107
VSSECHO_STAGE3 * for * SENT from * to * at 1316051257.722539
VSSECHO_STAGE4 * for * SENT from * to * at 1316051257.722621
BEFORE_LOCK * for 3 SENT from 9 to 1 at 1316051257.722627 standard 1
AFTER_LOCK * for 3 SENT from 9 to 1 at 1316051257.722629 standard 1
AFTER_AFTER_LOCK * for 3 SENT from 9 to 1 at 1316051257.722764 standard 1
AFTER_LOCK2 * for 3 SENT from 9 to 1 at 1316051257.722765 standard 1
VSS_ECHO 950 for 3 SENT from 9 to 1 at 1316051257.722787 standard 1
VSSECHO_STAGE3 * for * SENT from * to * at 1316051257.722800
VSSECHO_STAGE4 * for * SENT from * to * at 1316051257.722872
BEFORE_LOCK * for 3 SENT from 9 to 2 at 1316051257.722878 standard 1
AFTER_LOCK * for 3 SENT from 9 to 2 at 1316051257.722878 standard 1
AFTER_AFTER_LOCK * for 3 SENT from 9 to 2 at 1316051257.722890 standard 1
AFTER_LOCK2 * for 3 SENT from 9 to 2 at 1316051257.722890 standard 1
VSS_ECHO 951 for 3 SENT from 9 to 2 at 1316051257.722914 standard 1
VSSECHO_STAGE3 * for * SENT from * to * at 1316051257.722926
VSSECHO_STAGE4 * for * SENT from * to * at 1316051257.722994
BEFORE_LOCK * for 3 SENT from 9 to 3 at 1316051257.723000 standard 1
AFTER_LOCK * for 3 SENT from 9 to 3 at 1316051257.723000 standard 1
AFTER_AFTER_LOCK * for 3 SENT from 9 to 3 at 1316051257.723012 standard 1
AFTER_LOCK2 * for 3 SENT from 9 to 3 at 1316051257.723012 standard 1
VSS_ECHO 952 for 3 SENT from 9 to 3 at 1316051257.723036 standard 1
VSSECHO_STAGE3 * for * SENT from * to * at 1316051257.723051
VSSECHO_STAGE4 * for * SENT from * to * at 1316051257.723137
BEFORE_LOCK * for 3 SENT from 9 to 4 at 1316051257.723144 standard 1
AFTER_LOCK * for 3 SENT from 9 to 4 at 1316051257.723144 standard 1
AFTER_AFTER_LOCK * for 3 SENT from 9 to 4 at 1316051257.723158 standard 1
AFTER_LOCK2 * for 3 SENT from 9 to 4 at 1316051257.723159 standard 1
VSS_ECHO 953 for 3 SENT from 9 to 4 at 1316051257.723175 standard 1
VSSECHO_STAGE3 * for * SENT from * to * at 1316051257.723186
VSSECHO_STAGE4 * for * SENT from * to * at 1316051257.723255
BEFORE_LOCK * for 3 SENT from 9 to 5 at 1316051257.723260 standard 1
AFTER_LOCK * for 3 SENT from 9 to 5 at 1316051257.723261 standard 1
AFTER_AFTER_LOCK * for 3 SENT from 9 to 5 at 1316051257.723741 standard 1
AFTER_LOCK2 * for 3 SENT from 9 to 5 at 1316051257.723746 standard 1
VSS_ECHO 954 for 3 SENT from 9 to 5 at 1316051257.723771 standard 1
VSSECHO_STAGE3 * for * SENT from * to * at 1316051257.723785
VSSECHO_STAGE4 * for * SENT from * to * at 1316051257.723857
BEFORE_LOCK * for 3 SENT from 9 to 6 at 1316051257.723863 standard 1
AFTER_LOCK * for 3 SENT from 9 to 6 at 1316051257.723864 standard 1
AFTER_AFTER_LOCK * for 3 SENT from 9 to 6 at 1316051257.723889 standard 1
AFTER_LOCK2 * for 3 SENT from 9 to 6 at 1316051257.723890 standard 1
VSS_ECHO 955 for 3 SENT from 9 to 6 at 1316051257.723905 standard 1
VSSECHO_STAGE3 * for * SENT from * to * at 1316051257.723917
VSSECHO_STAGE4 * for * SENT from * to * at 1316051257.724005
BEFORE_LOCK * for 3 SENT from 9 to 7 at 1316051257.724010 standard 1
AFTER_LOCK * for 3 SENT from 9 to 7 at 1316051257.724011 standard 1
AFTER_AFTER_LOCK * for 3 SENT from 9 to 7 at 1316051257.724020 standard 1
AFTER_LOCK2 * for 3 SENT from 9 to 7 at 1316051257.724021 standard 1
VSS_ECHO 956 for 3 SENT from 9 to 7 at 1316051257.724042 standard 1
VSSECHO_STAGE3 * for * SENT from * to * at 1316051257.724053
VSSECHO_STAGE4 * for * SENT from * to * at 1316051257.724124
BEFORE_LOCK * for 3 SENT from 9 to 8 at 1316051257.724131 standard 1
AFTER_LOCK * for 3 SENT from 9 to 8 at 1316051257.724132 standard 1
AFTER_AFTER_LOCK * for 3 SENT from 9 to 8 at 1316051257.724132 standard 1
AFTER_LOCK2 * for 3 SENT from 9 to 8 at 1316051257.724132 standard 1
VSS_ECHO 957 for 3 SENT from 9 to 8 at 1316051257.724153 standard 1
VSSECHO_STAGE3 * for * SENT from * to * at 1316051257.724163
VSSECHO_STAGE4 * for * SENT from * to * at 1316051257.724232
BEFORE_LOCK * for 3 SENT from 9 to 9 at 1316051257.724237 standard 1
AFTER_LOCK * for 3 SENT from 9 to 9 at 1316051257.724238 standard 1
AFTER_AFTER_LOCK * for 3 SENT from 9 to 9 at 1316051257.724252 standard 1
AFTER_LOCK2 * for 3 SENT from 9 to 9 at 1316051257.724252 standard 1
VSS_ECHO 958 for 3 SENT from 9 to 9 at 1316051257.724268 standard 1
VSSECHO_STAGE3 * for * SENT from * to * at 1316051257.724280
VSSECHO_STAGE4 * for * SENT from * to * at 1316051257.724352
BEFORE_LOCK * for 3 SENT from 9 to 10 at 1316051257.724357 standard 1
AFTER_LOCK * for 3 SENT from 9 to 10 at 1316051257.724358 standard 1
AFTER_AFTER_LOCK * for 3 SENT from 9 to 10 at 1316051257.724442 standard 1
AFTER_LOCK2 * for 3 SENT from 9 to 10 at 1316051257.724442 standard 1
VSS_ECHO 959 for 3 SENT from 9 to 10 at 1316051257.724466 standard 1
VSSECHO_STAGE3 * for * SENT from * to * at 1316051257.724479
VSSECHO_STAGE4 * for * SENT from * to * at 1316051257.724554
BEFORE_LOCK * for 3 SENT from 9 to 11 at 1316051257.724560 standard 1
AFTER_LOCK * for 3 SENT from 9 to 11 at 1316051257.724560 standard 1
AFTER_AFTER_LOCK * for 3 SENT from 9 to 11 at 1316051257.724576 standard 1
AFTER_LOCK2 * for 3 SENT from 9 to 11 at 1316051257.724576 standard 1
VSS_ECHO 960 for 3 SENT from 9 to 11 at 1316051257.724597 standard 1
VSSECHO_STAGE3 * for * SENT from * to * at 1316051257.724608
VSSECHO_STAGE4 * for * SENT from * to * at 1316051257.724678
BEFORE_LOCK * for 3 SENT from 9 to 12 at 1316051257.724684 standard 1
AFTER_LOCK * for 3 SENT from 9 to 12 at 1316051257.724685 standard 1
AFTER_AFTER_LOCK * for 3 SENT from 9 to 12 at 1316051257.724696 standard 1
AFTER_LOCK2 * for 3 SENT from 9 to 12 at 1316051257.724696 standard 1
VSS_ECHO 961 for 3 SENT from 9 to 12 at 1316051257.724711 standard 1
VSSECHO_STAGE3 * for * SENT from * to * at 1316051257.724722
VSSECHO_STAGE4 * for * SENT from * to * at 1316051257.724789
BEFORE_LOCK * for 3 SENT from 9 to 13 at 1316051257.724794 standard 1
AFTER_LOCK * for 3 SENT from 9 to 13 at 1316051257.724794 standard 1
AFTER_AFTER_LOCK * for 3 SENT from 9 to 13 at 1316051257.724795 standard 1
AFTER_LOCK2 * for 3 SENT from 9 to 13 at 1316051257.724795 standard 1
VSS_ECHO 962 for 3 SENT from 9 to 13 at 1316051257.724809 standard 1
VSSECHO_STAGE3 * for * SENT from * to * at 1316051257.724819
VSSECHO_STAGE4 * for * SENT from * to * at 1316051257.724891
BEFORE_LOCK * for 3 SENT from 9 to 14 at 1316051257.724898 standard 1
AFTER_LOCK * for 3 SENT from 9 to 14 at 1316051257.724899 standard 1
AFTER_AFTER_LOCK * for 3 SENT from 9 to 14 at 1316051257.724914 standard 1
AFTER_LOCK2 * for 3 SENT from 9 to 14 at 1316051257.724914 standard 1
VSS_ECHO 963 for 3 SENT from 9 to 14 at 1316051257.724933 standard 1
VSSECHO_STAGE3 * for * SENT from * to * at 1316051257.724946
VSSECHO_STAGE4 * for * SENT from * to * at 1316051257.725021
BEFORE_LOCK * for 3 SENT from 9 to 15 at 1316051257.725028 standard 1
AFTER_LOCK * for 3 SENT from 9 to 15 at 1316051257.725028 standard 1
AFTER_AFTER_LOCK * for 3 SENT from 9 to 15 at 1316051257.725039 standard 1
AFTER_LOCK2 * for 3 SENT from 9 to 15 at 1316051257.725039 standard 1
VSS_ECHO 964 for 3 SENT from 9 to 15 at 1316051257.725077 standard 1
VSSECHO_STAGE3 * for * SENT from * to * at 1316051257.725090
VSSECHO_STAGE4 * for * SENT from * to * at 1316051257.725157
BEFORE_LOCK * for 3 SENT from 9 to 16 at 1316051257.725163 standard 1
AFTER_LOCK * for 3 SENT from 9 to 16 at 1316051257.725163 standard 1
AFTER_AFTER_LOCK * for 3 SENT from 9 to 16 at 1316051257.725265 standard 1
AFTER_LOCK2 * for 3 SENT from 9 to 16 at 1316051257.725265 standard 1
VSS_ECHO 965 for 3 SENT from 9 to 16 at 1316051257.725288 standard 1
VSSECHO_STAGE3 * for * SENT from * to * at 1316051257.725300
VSSECHO_STAGE4 * for * SENT from * to * at 1316051257.725374
BEFORE_LOCK * for 3 SENT from 9 to 17 at 1316051257.725380 standard 1
AFTER_LOCK * for 3 SENT from 9 to 17 at 1316051257.725381 standard 1
AFTER_AFTER_LOCK * for 3 SENT from 9 to 17 at 1316051257.725392 standard 1
AFTER_LOCK2 * for 3 SENT from 9 to 17 at 1316051257.725392 standard 1
VSS_ECHO 966 for 3 SENT from 9 to 17 at 1316051257.725414 standard 1
VSSECHO_STAGE3 * for * SENT from * to * at 1316051257.725427
VSSECHO_STAGE4 * for * SENT from * to * at 1316051257.725494
BEFORE_LOCK * for 3 SENT from 9 to 18 at 1316051257.725499 standard 1
AFTER_LOCK * for 3 SENT from 9 to 18 at 1316051257.725500 standard 1
AFTER_AFTER_LOCK * for 3 SENT from 9 to 18 at 1316051257.725508 standard 1
AFTER_LOCK2 * for 3 SENT from 9 to 18 at 1316051257.725508 standard 1
VSS_ECHO 967 for 3 SENT from 9 to 18 at 1316051257.725524 standard 1
VSSECHO_STAGE3 * for * SENT from * to * at 1316051257.725535
VSSECHO_STAGE4 * for * SENT from * to * at 1316051257.725608
BEFORE_LOCK * for 3 SENT from 9 to 19 at 1316051257.725613 standard 1
AFTER_LOCK * for 3 SENT from 9 to 19 at 1316051257.725614 standard 1
AFTER_AFTER_LOCK * for 3 SENT from 9 to 19 at 1316051257.725624 standard 1
AFTER_LOCK2 * for 3 SENT from 9 to 19 at 1316051257.725624 standard 1
VSS_ECHO 968 for 3 SENT from 9 to 19 at 1316051257.725639 standard 1
VSSECHO_STAGE3 * for * SENT from * to * at 1316051257.725650
VSSECHO_STAGE4 * for * SENT from * to * at 1316051257.725719
BEFORE_LOCK * for 3 SENT from 9 to 20 at 1316051257.725725 standard 1
AFTER_LOCK * for 3 SENT from 9 to 20 at 1316051257.725726 standard 1
AFTER_AFTER_LOCK * for 3 SENT from 9 to 20 at 1316051257.725726 standard 1
AFTER_LOCK2 * for 3 SENT from 9 to 20 at 1316051257.725726 standard 1
VSS_ECHO 969 for 3 SENT from 9 to 20 at 1316051257.725741 standard 1
VSS_ECHO 958 for 3 RECEIVED from 9 to 9 at 1316051257.725767
DKG_READY 628 for 1 RECEIVED from 5 to 9 at 1316051257.747766



============================================
*2ENOUGH DKG_READY message for 9 at 1316051257.747766
*Threshold : Ready = 12
*Received Ready Message Num = 12
============================================

DKG_COMPLETE * for 1 RS from 9 to * at 1316051257.747766 :)
