-Run node 4 starting at 1316051239.023977 with version 5.2
-Function node 4 starting at 1316051249.024166
LEADER_CHANGE 1 for * SENT from 4 to 1 at 1316051249.026880 standard 1
COMPUTING_ZR * for * RS from 4 to * at 1316051249.026897
END_COMPUTING_ZR * for * RS from 4 to * at 1316051249.027670
COMPUTE_BI * for * RS from 4 to * at 1316051249.027679
COMPUTE_CM * for * RS from 4 to * at 1316051249.032194
COMPUTE_ZR2 * for * RS from 4 to * at 1316051251.712290
COMPUTE_PL * for * RS from 4 to * at 1316051251.712311
CVSS_SEND * for * RS from 4 to * at 1316051251.712588
BEFORE_LOCK * for * SENT from 4 to 1 at 1316051251.712597 standard 1
AFTER_LOCK * for * SENT from 4 to 1 at 1316051251.712598 standard 1
AFTER_AFTER_LOCK * for * SENT from 4 to 1 at 1316051251.712662 standard 1
AFTER_LOCK2 * for * SENT from 4 to 1 at 1316051251.712662 standard 1
VSS_SEND 3 for * SENT from 4 to 1 at 1316051251.712683 standard 1
COMPUTE_ZR2 * for * RS from 4 to * at 1316051251.712704
COMPUTE_PL * for * RS from 4 to * at 1316051251.712711
CVSS_SEND * for * RS from 4 to * at 1316051251.712981
BEFORE_LOCK * for * SENT from 4 to 2 at 1316051251.712988 standard 1
AFTER_LOCK * for * SENT from 4 to 2 at 1316051251.712989 standard 1
AFTER_AFTER_LOCK * for * SENT from 4 to 2 at 1316051251.712999 standard 1
AFTER_LOCK2 * for * SENT from 4 to 2 at 1316051251.713000 standard 1
VSS_SEND 4 for * SENT from 4 to 2 at 1316051251.713019 standard 1
COMPUTE_ZR2 * for * RS from 4 to * at 1316051251.713039
COMPUTE_PL * for * RS from 4 to * at 1316051251.713046
CVSS_SEND * for * RS from 4 to * at 1316051251.713305
BEFORE_LOCK * for * SENT from 4 to 3 at 1316051251.713312 standard 1
AFTER_LOCK * for * SENT from 4 to 3 at 1316051251.713313 standard 1
AFTER_AFTER_LOCK * for * SENT from 4 to 3 at 1316051251.713381 standard 1
AFTER_LOCK2 * for * SENT from 4 to 3 at 1316051251.713382 standard 1
VSS_SEND 5 for * SENT from 4 to 3 at 1316051251.713402 standard 1
COMPUTE_ZR2 * for * RS from 4 to * at 1316051251.713422
COMPUTE_PL * for * RS from 4 to * at 1316051251.713429
CVSS_SEND * for * RS from 4 to * at 1316051251.713686
BEFORE_LOCK * for * SENT from 4 to 4 at 1316051251.713693 standard 1
AFTER_LOCK * for * SENT from 4 to 4 at 1316051251.713694 standard 1
AFTER_AFTER_LOCK * for * SENT from 4 to 4 at 1316051251.713714 standard 1
AFTER_LOCK2 * for * SENT from 4 to 4 at 1316051251.713715 standard 1
VSS_SEND 6 for * SENT from 4 to 4 at 1316051251.713735 standard 1
COMPUTE_ZR2 * for * RS from 4 to * at 1316051251.713755
COMPUTE_PL * for * RS from 4 to * at 1316051251.713762
CVSS_SEND * for * RS from 4 to * at 1316051251.714025
BEFORE_LOCK * for * SENT from 4 to 5 at 1316051251.714032 standard 1
AFTER_LOCK * for * SENT from 4 to 5 at 1316051251.714033 standard 1
AFTER_AFTER_LOCK * for * SENT from 4 to 5 at 1316051251.714099 standard 1
AFTER_LOCK2 * for * SENT from 4 to 5 at 1316051251.714099 standard 1
VSS_SEND 7 for * SENT from 4 to 5 at 1316051251.714120 standard 1
COMPUTE_ZR2 * for * RS from 4 to * at 1316051251.714139
COMPUTE_PL * for * RS from 4 to * at 1316051251.714147
CVSS_SEND * for * RS from 4 to * at 1316051251.714406
BEFORE_LOCK * for * SENT from 4 to 6 at 1316051251.714414 standard 1
AFTER_LOCK * for * SENT from 4 to 6 at 1316051251.714414 standard 1
AFTER_AFTER_LOCK * for * SENT from 4 to 6 at 1316051251.714434 standard 1
AFTER_LOCK2 * for * SENT from 4 to 6 at 1316051251.714435 standard 1
VSS_SEND 8 for * SENT from 4 to 6 at 1316051251.714455 standard 1
COMPUTE_ZR2 * for * RS from 4 to * at 1316051251.714475
COMPUTE_PL * for * RS from 4 to * at 1316051251.714482
CVSS_SEND * for * RS from 4 to * at 1316051251.714737
BEFORE_LOCK * for * SENT from 4 to 7 at 1316051251.714744 standard 1
AFTER_LOCK * for * SENT from 4 to 7 at 1316051251.714745 standard 1
AFTER_AFTER_LOCK * for * SENT from 4 to 7 at 1316051251.714808 standard 1
AFTER_LOCK2 * for * SENT from 4 to 7 at 1316051251.714809 standard 1
VSS_SEND 9 for * SENT from 4 to 7 at 1316051251.714829 standard 1
COMPUTE_ZR2 * for * RS from 4 to * at 1316051251.714849
COMPUTE_PL * for * RS from 4 to * at 1316051251.714856
CVSS_SEND * for * RS from 4 to * at 1316051251.715121
BEFORE_LOCK * for * SENT from 4 to 8 at 1316051251.715147 standard 1
AFTER_LOCK * for * SENT from 4 to 8 at 1316051251.715148 standard 1
AFTER_AFTER_LOCK * for * SENT from 4 to 8 at 1316051251.715166 standard 1
AFTER_LOCK2 * for * SENT from 4 to 8 at 1316051251.715167 standard 1
VSS_SEND 10 for * SENT from 4 to 8 at 1316051251.715187 standard 1
COMPUTE_ZR2 * for * RS from 4 to * at 1316051251.715207
COMPUTE_PL * for * RS from 4 to * at 1316051251.715215
CVSS_SEND * for * RS from 4 to * at 1316051251.715470
BEFORE_LOCK * for * SENT from 4 to 9 at 1316051251.715477 standard 1
AFTER_LOCK * for * SENT from 4 to 9 at 1316051251.715478 standard 1
AFTER_AFTER_LOCK * for * SENT from 4 to 9 at 1316051251.715541 standard 1
AFTER_LOCK2 * for * SENT from 4 to 9 at 1316051251.715542 standard 1
VSS_SEND 11 for * SENT from 4 to 9 at 1316051251.715562 standard 1
COMPUTE_ZR2 * for * RS from 4 to * at 1316051251.715582
COMPUTE_PL * for * RS from 4 to * at 1316051251.715589
CVSS_SEND * for * RS from 4 to * at 1316051251.715848
BEFORE_LOCK * for * SENT from 4 to 10 at 1316051251.715856 standard 1
AFTER_LOCK * for * SENT from 4 to 10 at 1316051251.715856 standard 1
AFTER_AFTER_LOCK * for * SENT from 4 to 10 at 1316051251.715876 standard 1
AFTER_LOCK2 * for * SENT from 4 to 10 at 1316051251.715876 standard 1
VSS_SEND 12 for * SENT from 4 to 10 at 1316051251.715897 standard 1
COMPUTE_ZR2 * for * RS from 4 to * at 1316051251.715921
COMPUTE_PL * for * RS from 4 to * at 1316051251.715930
CVSS_SEND * for * RS from 4 to * at 1316051251.716185
BEFORE_LOCK * for * SENT from 4 to 11 at 1316051251.716192 standard 1
AFTER_LOCK * for * SENT from 4 to 11 at 1316051251.716193 standard 1
AFTER_AFTER_LOCK * for * SENT from 4 to 11 at 1316051251.716256 standard 1
AFTER_LOCK2 * for * SENT from 4 to 11 at 1316051251.716257 standard 1
VSS_SEND 13 for * SENT from 4 to 11 at 1316051251.716277 standard 1
COMPUTE_ZR2 * for * RS from 4 to * at 1316051251.716297
COMPUTE_PL * for * RS from 4 to * at 1316051251.716304
CVSS_SEND * for * RS from 4 to * at 1316051251.716566
BEFORE_LOCK * for * SENT from 4 to 12 at 1316051251.716574 standard 1
AFTER_LOCK * for * SENT from 4 to 12 at 1316051251.716574 standard 1
AFTER_AFTER_LOCK * for * SENT from 4 to 12 at 1316051251.716593 standard 1
AFTER_LOCK2 * for * SENT from 4 to 12 at 1316051251.716594 standard 1
VSS_SEND 14 for * SENT from 4 to 12 at 1316051251.716614 standard 1
COMPUTE_ZR2 * for * RS from 4 to * at 1316051251.716634
COMPUTE_PL * for * RS from 4 to * at 1316051251.716641
CVSS_SEND * for * RS from 4 to * at 1316051251.716897
BEFORE_LOCK * for * SENT from 4 to 13 at 1316051251.716904 standard 1
AFTER_LOCK * for * SENT from 4 to 13 at 1316051251.716905 standard 1
AFTER_AFTER_LOCK * for * SENT from 4 to 13 at 1316051251.716974 standard 1
AFTER_LOCK2 * for * SENT from 4 to 13 at 1316051251.716975 standard 1
VSS_SEND 15 for * SENT from 4 to 13 at 1316051251.716995 standard 1
COMPUTE_ZR2 * for * RS from 4 to * at 1316051251.717015
COMPUTE_PL * for * RS from 4 to * at 1316051251.717022
CVSS_SEND * for * RS from 4 to * at 1316051251.717281
BEFORE_LOCK * for * SENT from 4 to 14 at 1316051251.717288 standard 1
AFTER_LOCK * for * SENT from 4 to 14 at 1316051251.717289 standard 1
AFTER_AFTER_LOCK * for * SENT from 4 to 14 at 1316051251.717308 standard 1
AFTER_LOCK2 * for * SENT from 4 to 14 at 1316051251.717309 standard 1
VSS_SEND 16 for * SENT from 4 to 14 at 1316051251.717329 standard 1
COMPUTE_ZR2 * for * RS from 4 to * at 1316051251.717349
COMPUTE_PL * for * RS from 4 to * at 1316051251.717357
CVSS_SEND * for * RS from 4 to * at 1316051251.717619
BEFORE_LOCK * for * SENT from 4 to 15 at 1316051251.717626 standard 1
AFTER_LOCK * for * SENT from 4 to 15 at 1316051251.717627 standard 1
AFTER_AFTER_LOCK * for * SENT from 4 to 15 at 1316051251.717692 standard 1
AFTER_LOCK2 * for * SENT from 4 to 15 at 1316051251.717692 standard 1
VSS_SEND 17 for * SENT from 4 to 15 at 1316051251.717713 standard 1
COMPUTE_ZR2 * for * RS from 4 to * at 1316051251.717733
COMPUTE_PL * for * RS from 4 to * at 1316051251.717740
CVSS_SEND * for * RS from 4 to * at 1316051251.718098
BEFORE_LOCK * for * SENT from 4 to 16 at 1316051251.718106 standard 1
AFTER_LOCK * for * SENT from 4 to 16 at 1316051251.718107 standard 1
AFTER_AFTER_LOCK * for * SENT from 4 to 16 at 1316051251.718126 standard 1
AFTER_LOCK2 * for * SENT from 4 to 16 at 1316051251.718126 standard 1
VSS_SEND 18 for * SENT from 4 to 16 at 1316051251.718147 standard 1
COMPUTE_ZR2 * for * RS from 4 to * at 1316051251.718167
COMPUTE_PL * for * RS from 4 to * at 1316051251.718174
CVSS_SEND * for * RS from 4 to * at 1316051251.718433
BEFORE_LOCK * for * SENT from 4 to 17 at 1316051251.718441 standard 1
AFTER_LOCK * for * SENT from 4 to 17 at 1316051251.718441 standard 1
AFTER_AFTER_LOCK * for * SENT from 4 to 17 at 1316051251.718506 standard 1
AFTER_LOCK2 * for * SENT from 4 to 17 at 1316051251.718507 standard 1
VSS_SEND 19 for * SENT from 4 to 17 at 1316051251.718527 standard 1
COMPUTE_ZR2 * for * RS from 4 to * at 1316051251.718547
COMPUTE_PL * for * RS from 4 to * at 1316051251.718555
CVSS_SEND * for * RS from 4 to * at 1316051251.718812
BEFORE_LOCK * for * SENT from 4 to 18 at 1316051251.718819 standard 1
AFTER_LOCK * for * SENT from 4 to 18 at 1316051251.718820 standard 1
AFTER_AFTER_LOCK * for * SENT from 4 to 18 at 1316051251.718841 standard 1
AFTER_LOCK2 * for * SENT from 4 to 18 at 1316051251.718841 standard 1
VSS_SEND 20 for * SENT from 4 to 18 at 1316051251.718861 standard 1
COMPUTE_ZR2 * for * RS from 4 to * at 1316051251.718881
COMPUTE_PL * for * RS from 4 to * at 1316051251.718889
CVSS_SEND * for * RS from 4 to * at 1316051251.719149
BEFORE_LOCK * for * SENT from 4 to 19 at 1316051251.719157 standard 1
AFTER_LOCK * for * SENT from 4 to 19 at 1316051251.719157 standard 1
AFTER_AFTER_LOCK * for * SENT from 4 to 19 at 1316051251.719222 standard 1
AFTER_LOCK2 * for * SENT from 4 to 19 at 1316051251.719222 standard 1
VSS_SEND 21 for * SENT from 4 to 19 at 1316051251.719243 standard 1
COMPUTE_ZR2 * for * RS from 4 to * at 1316051251.719263
COMPUTE_PL * for * RS from 4 to * at 1316051251.719270
CVSS_SEND * for * RS from 4 to * at 1316051251.719532
BEFORE_LOCK * for * SENT from 4 to 20 at 1316051251.719539 standard 1
AFTER_LOCK * for * SENT from 4 to 20 at 1316051251.719540 standard 1
AFTER_AFTER_LOCK * for * SENT from 4 to 20 at 1316051251.719560 standard 1
AFTER_LOCK2 * for * SENT from 4 to 20 at 1316051251.719560 standard 1
VSS_SEND 22 for * SENT from 4 to 20 at 1316051251.719580 standard 1
VSS_READY 205 for 1 RECEIVED from 1 to 4 at 1316051251.719625
VSS_SEND 6 for * RECEIVED from 1 to 4 at 1316051251.744310
VSSECHO_STAGE3 * for * SENT from * to * at 1316051251.768971
VSSECHO_STAGE4 * for * SENT from * to * at 1316051251.769065
BEFORE_LOCK * for 1 SENT from 4 to 1 at 1316051251.769072 standard 1
AFTER_LOCK * for 1 SENT from 4 to 1 at 1316051251.769072 standard 1
AFTER_AFTER_LOCK * for 1 SENT from 4 to 1 at 1316051251.769130 standard 1
AFTER_LOCK2 * for 1 SENT from 4 to 1 at 1316051251.769130 standard 1
VSS_ECHO 30 for 1 SENT from 4 to 1 at 1316051251.769154 standard 1
VSSECHO_STAGE3 * for * SENT from * to * at 1316051251.769169
VSSECHO_STAGE4 * for * SENT from * to * at 1316051251.769267
BEFORE_LOCK * for 1 SENT from 4 to 2 at 1316051251.769274 standard 1
AFTER_LOCK * for 1 SENT from 4 to 2 at 1316051251.769274 standard 1
AFTER_AFTER_LOCK * for 1 SENT from 4 to 2 at 1316051251.769275 standard 1
AFTER_LOCK2 * for 1 SENT from 4 to 2 at 1316051251.769275 standard 1
VSS_ECHO 31 for 1 SENT from 4 to 2 at 1316051251.769294 standard 1
VSSECHO_STAGE3 * for * SENT from * to * at 1316051251.769308
VSSECHO_STAGE4 * for * SENT from * to * at 1316051251.769396
BEFORE_LOCK * for 1 SENT from 4 to 3 at 1316051251.769402 standard 1
AFTER_LOCK * for 1 SENT from 4 to 3 at 1316051251.769403 standard 1
AFTER_AFTER_LOCK * for 1 SENT from 4 to 3 at 1316051251.769403 standard 1
AFTER_LOCK2 * for 1 SENT from 4 to 3 at 1316051251.769403 standard 1
VSS_ECHO 32 for 1 SENT from 4 to 3 at 1316051251.769422 standard 1
VSSECHO_STAGE3 * for * SENT from * to * at 1316051251.769435
VSSECHO_STAGE4 * for * SENT from * to * at 1316051251.769525
BEFORE_LOCK * for 1 SENT from 4 to 4 at 1316051251.769545 standard 1
AFTER_LOCK * for 1 SENT from 4 to 4 at 1316051251.769546 standard 1
AFTER_AFTER_LOCK * for 1 SENT from 4 to 4 at 1316051251.769546 standard 1
AFTER_LOCK2 * for 1 SENT from 4 to 4 at 1316051251.769546 standard 1
VSS_ECHO 33 for 1 SENT from 4 to 4 at 1316051251.769565 standard 1
VSSECHO_STAGE3 * for * SENT from * to * at 1316051251.769579
VSSECHO_STAGE4 * for * SENT from * to * at 1316051251.769669
BEFORE_LOCK * for 1 SENT from 4 to 5 at 1316051251.769676 standard 1
AFTER_LOCK * for 1 SENT from 4 to 5 at 1316051251.769676 standard 1
AFTER_AFTER_LOCK * for 1 SENT from 4 to 5 at 1316051251.769677 standard 1
AFTER_LOCK2 * for 1 SENT from 4 to 5 at 1316051251.769677 standard 1
VSS_ECHO 34 for 1 SENT from 4 to 5 at 1316051251.769695 standard 1
VSSECHO_STAGE3 * for * SENT from * to * at 1316051251.769709
VSSECHO_STAGE4 * for * SENT from * to * at 1316051251.769797
BEFORE_LOCK * for 1 SENT from 4 to 6 at 1316051251.769803 standard 1
AFTER_LOCK * for 1 SENT from 4 to 6 at 1316051251.769804 standard 1
AFTER_AFTER_LOCK * for 1 SENT from 4 to 6 at 1316051251.769804 standard 1
AFTER_LOCK2 * for 1 SENT from 4 to 6 at 1316051251.769805 standard 1
VSS_ECHO 35 for 1 SENT from 4 to 6 at 1316051251.769823 standard 1
VSSECHO_STAGE3 * for * SENT from * to * at 1316051251.769837
VSSECHO_STAGE4 * for * SENT from * to * at 1316051251.769931
BEFORE_LOCK * for 1 SENT from 4 to 7 at 1316051251.769937 standard 1
AFTER_LOCK * for 1 SENT from 4 to 7 at 1316051251.769938 standard 1
AFTER_AFTER_LOCK * for 1 SENT from 4 to 7 at 1316051251.769992 standard 1
AFTER_LOCK2 * for 1 SENT from 4 to 7 at 1316051251.769993 standard 1
VSS_ECHO 36 for 1 SENT from 4 to 7 at 1316051251.770014 standard 1
VSSECHO_STAGE3 * for * SENT from * to * at 1316051251.770029
VSSECHO_STAGE4 * for * SENT from * to * at 1316051251.770123
BEFORE_LOCK * for 1 SENT from 4 to 8 at 1316051251.770129 standard 1
AFTER_LOCK * for 1 SENT from 4 to 8 at 1316051251.770130 standard 1
AFTER_AFTER_LOCK * for 1 SENT from 4 to 8 at 1316051251.770130 standard 1
AFTER_LOCK2 * for 1 SENT from 4 to 8 at 1316051251.770131 standard 1
VSS_ECHO 37 for 1 SENT from 4 to 8 at 1316051251.770149 standard 1
VSSECHO_STAGE3 * for * SENT from * to * at 1316051251.770163
VSSECHO_STAGE4 * for * SENT from * to * at 1316051251.770253
BEFORE_LOCK * for 1 SENT from 4 to 9 at 1316051251.770259 standard 1
AFTER_LOCK * for 1 SENT from 4 to 9 at 1316051251.770260 standard 1
AFTER_AFTER_LOCK * for 1 SENT from 4 to 9 at 1316051251.770269 standard 1
AFTER_LOCK2 * for 1 SENT from 4 to 9 at 1316051251.770269 standard 1
VSS_ECHO 38 for 1 SENT from 4 to 9 at 1316051251.770290 standard 1
VSSECHO_STAGE3 * for * SENT from * to * at 1316051251.770305
VSSECHO_STAGE4 * for * SENT from * to * at 1316051251.770395
BEFORE_LOCK * for 1 SENT from 4 to 10 at 1316051251.770401 standard 1
AFTER_LOCK * for 1 SENT from 4 to 10 at 1316051251.770402 standard 1
AFTER_AFTER_LOCK * for 1 SENT from 4 to 10 at 1316051251.770413 standard 1
AFTER_LOCK2 * for 1 SENT from 4 to 10 at 1316051251.770413 standard 1
VSS_ECHO 39 for 1 SENT from 4 to 10 at 1316051251.770434 standard 1
VSSECHO_STAGE3 * for * SENT from * to * at 1316051251.770449
VSSECHO_STAGE4 * for * SENT from * to * at 1316051251.770539
BEFORE_LOCK * for 1 SENT from 4 to 11 at 1316051251.770545 standard 1
AFTER_LOCK * for 1 SENT from 4 to 11 at 1316051251.770546 standard 1
AFTER_AFTER_LOCK * for 1 SENT from 4 to 11 at 1316051251.770600 standard 1
AFTER_LOCK2 * for 1 SENT from 4 to 11 at 1316051251.770600 standard 1
VSS_ECHO 40 for 1 SENT from 4 to 11 at 1316051251.770622 standard 1
VSSECHO_STAGE3 * for * SENT from * to * at 1316051251.770636
VSSECHO_STAGE4 * for * SENT from * to * at 1316051251.770728
BEFORE_LOCK * for 1 SENT from 4 to 12 at 1316051251.770734 standard 1
AFTER_LOCK * for 1 SENT from 4 to 12 at 1316051251.770734 standard 1
AFTER_AFTER_LOCK * for 1 SENT from 4 to 12 at 1316051251.770744 standard 1
AFTER_LOCK2 * for 1 SENT from 4 to 12 at 1316051251.770744 standard 1
VSS_ECHO 41 for 1 SENT from 4 to 12 at 1316051251.770777 standard 1
VSSECHO_STAGE3 * for * SENT from * to * at 1316051251.770793
VSSECHO_STAGE4 * for * SENT from * to * at 1316051251.770883
BEFORE_LOCK * for 1 SENT from 4 to 13 at 1316051251.770889 standard 1
AFTER_LOCK * for 1 SENT from 4 to 13 at 1316051251.770890 standard 1
AFTER_AFTER_LOCK * for 1 SENT from 4 to 13 at 1316051251.770890 standard 1
AFTER_LOCK2 * for 1 SENT from 4 to 13 at 1316051251.770891 standard 1
VSS_ECHO 42 for 1 SENT from 4 to 13 at 1316051251.770909 standard 1
VSSECHO_STAGE3 * for * SENT from * to * at 1316051251.770928
VSSECHO_STAGE4 * for * SENT from * to * at 1316051251.771018
BEFORE_LOCK * for 1 SENT from 4 to 14 at 1316051251.771024 standard 1
AFTER_LOCK * for 1 SENT from 4 to 14 at 1316051251.771025 standard 1
AFTER_AFTER_LOCK * for 1 SENT from 4 to 14 at 1316051251.771036 standard 1
AFTER_LOCK2 * for 1 SENT from 4 to 14 at 1316051251.771036 standard 1
VSS_ECHO 43 for 1 SENT from 4 to 14 at 1316051251.771057 standard 1
VSSECHO_STAGE3 * for * SENT from * to * at 1316051251.771072
VSSECHO_STAGE4 * for * SENT from * to * at 1316051251.771242
BEFORE_LOCK * for 1 SENT from 4 to 15 at 1316051251.771249 standard 1
AFTER_LOCK * for 1 SENT from 4 to 15 at 1316051251.771250 standard 1
AFTER_AFTER_LOCK * for 1 SENT from 4 to 15 at 1316051251.771250 standard 1
AFTER_LOCK2 * for 1 SENT from 4 to 15 at 1316051251.771251 standard 1
VSS_ECHO 44 for 1 SENT from 4 to 15 at 1316051251.771270 standard 1
VSSECHO_STAGE3 * for * SENT from * to * at 1316051251.771283
VSSECHO_STAGE4 * for * SENT from * to * at 1316051251.771376
BEFORE_LOCK * for 1 SENT from 4 to 16 at 1316051251.771382 standard 1
AFTER_LOCK * for 1 SENT from 4 to 16 at 1316051251.771383 standard 1
AFTER_AFTER_LOCK * for 1 SENT from 4 to 16 at 1316051251.771383 standard 1
AFTER_LOCK2 * for 1 SENT from 4 to 16 at 1316051251.771384 standard 1
VSS_ECHO 45 for 1 SENT from 4 to 16 at 1316051251.771402 standard 1
VSSECHO_STAGE3 * for * SENT from * to * at 1316051251.771416
VSSECHO_STAGE4 * for * SENT from * to * at 1316051251.771504
BEFORE_LOCK * for 1 SENT from 4 to 17 at 1316051251.771510 standard 1
AFTER_LOCK * for 1 SENT from 4 to 17 at 1316051251.771511 standard 1
AFTER_AFTER_LOCK * for 1 SENT from 4 to 17 at 1316051251.771521 standard 1
AFTER_LOCK2 * for 1 SENT from 4 to 17 at 1316051251.771521 standard 1
VSS_ECHO 46 for 1 SENT from 4 to 17 at 1316051251.771543 standard 1
VSSECHO_STAGE3 * for * SENT from * to * at 1316051251.771557
VSSECHO_STAGE4 * for * SENT from * to * at 1316051251.771651
BEFORE_LOCK * for 1 SENT from 4 to 18 at 1316051251.771658 standard 1
AFTER_LOCK * for 1 SENT from 4 to 18 at 1316051251.771658 standard 1
AFTER_AFTER_LOCK * for 1 SENT from 4 to 18 at 1316051251.771659 standard 1
AFTER_LOCK2 * for 1 SENT from 4 to 18 at 1316051251.771659 standard 1
VSS_ECHO 47 for 1 SENT from 4 to 18 at 1316051251.771678 standard 1
VSSECHO_STAGE3 * for * SENT from * to * at 1316051251.771691
VSSECHO_STAGE4 * for * SENT from * to * at 1316051251.771781
BEFORE_LOCK * for 1 SENT from 4 to 19 at 1316051251.771787 standard 1
AFTER_LOCK * for 1 SENT from 4 to 19 at 1316051251.771788 standard 1
AFTER_AFTER_LOCK * for 1 SENT from 4 to 19 at 1316051251.771788 standard 1
AFTER_LOCK2 * for 1 SENT from 4 to 19 at 1316051251.771789 standard 1
VSS_ECHO 48 for 1 SENT from 4 to 19 at 1316051251.771807 standard 1
VSSECHO_STAGE3 * for * SENT from * to * at 1316051251.771820
VSSECHO_STAGE4 * for * SENT from * to * at 1316051251.771908
BEFORE_LOCK * for 1 SENT from 4 to 20 at 1316051251.771919 standard 1
AFTER_LOCK * for 1 SENT from 4 to 20 at 1316051251.771920 standard 1
AFTER_AFTER_LOCK * for 1 SENT from 4 to 20 at 1316051251.771920 standard 1
AFTER_LOCK2 * for 1 SENT from 4 to 20 at 1316051251.771921 standard 1
VSS_ECHO 49 for 1 SENT from 4 to 20 at 1316051251.771940 standard 1
VSS_ECHO 7 for 1 RECEIVED from 12 to 4 at 1316051251.771957
VSS_ECHO 7 for 1 RECEIVED from 9 to 4 at 1316051251.785042
VSS_ECHO 7 for 1 RECEIVED from 7 to 4 at 1316051251.798255
VSS_ECHO 7 for 1 RECEIVED from 10 to 4 at 1316051251.811613
VSS_ECHO 119 for 4 RECEIVED from 10 to 4 at 1316051251.825111
VSS_ECHO 39 for 1 RECEIVED from 1 to 4 at 1316051251.838430
VSS_READY 54 for 1 RECEIVED from 7 to 4 at 1316051251.851208
VSS_READY 56 for 1 RECEIVED from 10 to 4 at 1316051251.873708



============================================
*1ENOUGH VSS_READY message for 4 at 1316051251.873708
*Threshold : Ready = 3
*Received Ready Message Num = 3
*Ready messages are sending out...
============================================

BEFORE_LOCK * for 1 SENT from 4 to 1 at 1316051251.899974 standard 1
AFTER_LOCK * for 1 SENT from 4 to 1 at 1316051251.899974 standard 1
AFTER_AFTER_LOCK * for 1 SENT from 4 to 1 at 1316051251.900034 standard 1
AFTER_LOCK2 * for 1 SENT from 4 to 1 at 1316051251.900034 standard 1
VSS_READY 68 for 1 SENT from 4 to 1 at 1316051251.900035 standard 1
BEFORE_LOCK * for 1 SENT from 4 to 2 at 1316051251.902862 standard 1
AFTER_LOCK * for 1 SENT from 4 to 2 at 1316051251.902863 standard 1
AFTER_AFTER_LOCK * for 1 SENT from 4 to 2 at 1316051251.902864 standard 1
AFTER_LOCK2 * for 1 SENT from 4 to 2 at 1316051251.902864 standard 1
VSS_READY 69 for 1 SENT from 4 to 2 at 1316051251.902864 standard 1
BEFORE_LOCK * for 1 SENT from 4 to 3 at 1316051251.905531 standard 1
AFTER_LOCK * for 1 SENT from 4 to 3 at 1316051251.905531 standard 1
AFTER_AFTER_LOCK * for 1 SENT from 4 to 3 at 1316051251.905532 standard 1
AFTER_LOCK2 * for 1 SENT from 4 to 3 at 1316051251.905532 standard 1
VSS_READY 70 for 1 SENT from 4 to 3 at 1316051251.905533 standard 1
BEFORE_LOCK * for 1 SENT from 4 to 4 at 1316051251.908197 standard 1
AFTER_LOCK * for 1 SENT from 4 to 4 at 1316051251.908197 standard 1
AFTER_AFTER_LOCK * for 1 SENT from 4 to 4 at 1316051251.908198 standard 1
AFTER_LOCK2 * for 1 SENT from 4 to 4 at 1316051251.908198 standard 1
VSS_READY 71 for 1 SENT from 4 to 4 at 1316051251.908198 standard 1
BEFORE_LOCK * for 1 SENT from 4 to 5 at 1316051251.910853 standard 1
AFTER_LOCK * for 1 SENT from 4 to 5 at 1316051251.910853 standard 1
AFTER_AFTER_LOCK * for 1 SENT from 4 to 5 at 1316051251.910854 standard 1
AFTER_LOCK2 * for 1 SENT from 4 to 5 at 1316051251.910854 standard 1
VSS_READY 72 for 1 SENT from 4 to 5 at 1316051251.910855 standard 1
BEFORE_LOCK * for 1 SENT from 4 to 6 at 1316051251.913456 standard 1
AFTER_LOCK * for 1 SENT from 4 to 6 at 1316051251.913457 standard 1
AFTER_AFTER_LOCK * for 1 SENT from 4 to 6 at 1316051251.913457 standard 1
AFTER_LOCK2 * for 1 SENT from 4 to 6 at 1316051251.913458 standard 1
VSS_READY 73 for 1 SENT from 4 to 6 at 1316051251.913458 standard 1
BEFORE_LOCK * for 1 SENT from 4 to 7 at 1316051251.916201 standard 1
AFTER_LOCK * for 1 SENT from 4 to 7 at 1316051251.916202 standard 1
AFTER_AFTER_LOCK * for 1 SENT from 4 to 7 at 1316051251.916258 standard 1
AFTER_LOCK2 * for 1 SENT from 4 to 7 at 1316051251.916259 standard 1
VSS_READY 74 for 1 SENT from 4 to 7 at 1316051251.916259 standard 1
BEFORE_LOCK * for 1 SENT from 4 to 8 at 1316051251.919088 standard 1
AFTER_LOCK * for 1 SENT from 4 to 8 at 1316051251.919089 standard 1
AFTER_AFTER_LOCK * for 1 SENT from 4 to 8 at 1316051251.919089 standard 1
AFTER_LOCK2 * for 1 SENT from 4 to 8 at 1316051251.919089 standard 1
VSS_READY 75 for 1 SENT from 4 to 8 at 1316051251.919090 standard 1
BEFORE_LOCK * for 1 SENT from 4 to 9 at 1316051251.921929 standard 1
AFTER_LOCK * for 1 SENT from 4 to 9 at 1316051251.921929 standard 1
AFTER_AFTER_LOCK * for 1 SENT from 4 to 9 at 1316051251.921984 standard 1
AFTER_LOCK2 * for 1 SENT from 4 to 9 at 1316051251.921985 standard 1
VSS_READY 76 for 1 SENT from 4 to 9 at 1316051251.921985 standard 1
BEFORE_LOCK * for 1 SENT from 4 to 10 at 1316051251.924752 standard 1
AFTER_LOCK * for 1 SENT from 4 to 10 at 1316051251.924752 standard 1
AFTER_AFTER_LOCK * for 1 SENT from 4 to 10 at 1316051251.924807 standard 1
AFTER_LOCK2 * for 1 SENT from 4 to 10 at 1316051251.924807 standard 1
VSS_READY 77 for 1 SENT from 4 to 10 at 1316051251.924808 standard 1
BEFORE_LOCK * for 1 SENT from 4 to 11 at 1316051251.927586 standard 1
AFTER_LOCK * for 1 SENT from 4 to 11 at 1316051251.927586 standard 1
AFTER_AFTER_LOCK * for 1 SENT from 4 to 11 at 1316051251.927641 standard 1
AFTER_LOCK2 * for 1 SENT from 4 to 11 at 1316051251.927642 standard 1
VSS_READY 78 for 1 SENT from 4 to 11 at 1316051251.927642 standard 1
BEFORE_LOCK * for 1 SENT from 4 to 12 at 1316051251.930405 standard 1
AFTER_LOCK * for 1 SENT from 4 to 12 at 1316051251.930406 standard 1
AFTER_AFTER_LOCK * for 1 SENT from 4 to 12 at 1316051251.930460 standard 1
AFTER_LOCK2 * for 1 SENT from 4 to 12 at 1316051251.930461 standard 1
VSS_READY 79 for 1 SENT from 4 to 12 at 1316051251.930461 standard 1
BEFORE_LOCK * for 1 SENT from 4 to 13 at 1316051251.933305 standard 1
AFTER_LOCK * for 1 SENT from 4 to 13 at 1316051251.933306 standard 1
AFTER_AFTER_LOCK * for 1 SENT from 4 to 13 at 1316051251.933306 standard 1
AFTER_LOCK2 * for 1 SENT from 4 to 13 at 1316051251.933307 standard 1
VSS_READY 80 for 1 SENT from 4 to 13 at 1316051251.933307 standard 1
BEFORE_LOCK * for 1 SENT from 4 to 14 at 1316051251.935985 standard 1
AFTER_LOCK * for 1 SENT from 4 to 14 at 1316051251.935986 standard 1
AFTER_AFTER_LOCK * for 1 SENT from 4 to 14 at 1316051251.936042 standard 1
AFTER_LOCK2 * for 1 SENT from 4 to 14 at 1316051251.936042 standard 1
VSS_READY 81 for 1 SENT from 4 to 14 at 1316051251.936042 standard 1
BEFORE_LOCK * for 1 SENT from 4 to 15 at 1316051251.938852 standard 1
AFTER_LOCK * for 1 SENT from 4 to 15 at 1316051251.938853 standard 1
AFTER_AFTER_LOCK * for 1 SENT from 4 to 15 at 1316051251.938853 standard 1
AFTER_LOCK2 * for 1 SENT from 4 to 15 at 1316051251.938854 standard 1
VSS_READY 82 for 1 SENT from 4 to 15 at 1316051251.938854 standard 1
BEFORE_LOCK * for 1 SENT from 4 to 16 at 1316051251.941659 standard 1
AFTER_LOCK * for 1 SENT from 4 to 16 at 1316051251.941660 standard 1
AFTER_AFTER_LOCK * for 1 SENT from 4 to 16 at 1316051251.941715 standard 1
AFTER_LOCK2 * for 1 SENT from 4 to 16 at 1316051251.941715 standard 1
VSS_READY 83 for 1 SENT from 4 to 16 at 1316051251.941716 standard 1
BEFORE_LOCK * for 1 SENT from 4 to 17 at 1316051251.944414 standard 1
AFTER_LOCK * for 1 SENT from 4 to 17 at 1316051251.944415 standard 1
AFTER_AFTER_LOCK * for 1 SENT from 4 to 17 at 1316051251.944470 standard 1
AFTER_LOCK2 * for 1 SENT from 4 to 17 at 1316051251.944470 standard 1
VSS_READY 84 for 1 SENT from 4 to 17 at 1316051251.944470 standard 1
BEFORE_LOCK * for 1 SENT from 4 to 18 at 1316051251.947468 standard 1
AFTER_LOCK * for 1 SENT from 4 to 18 at 1316051251.947469 standard 1
AFTER_AFTER_LOCK * for 1 SENT from 4 to 18 at 1316051251.947469 standard 1
AFTER_LOCK2 * for 1 SENT from 4 to 18 at 1316051251.947470 standard 1
VSS_READY 85 for 1 SENT from 4 to 18 at 1316051251.947470 standard 1
BEFORE_LOCK * for 1 SENT from 4 to 19 at 1316051251.950123 standard 1
AFTER_LOCK * for 1 SENT from 4 to 19 at 1316051251.950124 standard 1
AFTER_AFTER_LOCK * for 1 SENT from 4 to 19 at 1316051251.950124 standard 1
AFTER_LOCK2 * for 1 SENT from 4 to 19 at 1316051251.950125 standard 1
VSS_READY 86 for 1 SENT from 4 to 19 at 1316051251.950125 standard 1
BEFORE_LOCK * for 1 SENT from 4 to 20 at 1316051251.952703 standard 1
AFTER_LOCK * for 1 SENT from 4 to 20 at 1316051251.952704 standard 1
AFTER_AFTER_LOCK * for 1 SENT from 4 to 20 at 1316051251.952759 standard 1
AFTER_LOCK2 * for 1 SENT from 4 to 20 at 1316051251.952759 standard 1
VSS_READY 87 for 1 SENT from 4 to 20 at 1316051251.952760 standard 1
VSS_ECHO 115 for 4 RECEIVED from 17 to 4 at 1316051251.952807
VSS_ECHO 129 for 4 RECEIVED from 9 to 4 at 1316051252.089621
VSS_ECHO 128 for 4 RECEIVED from 14 to 4 at 1316051252.102911
VSS_ECHO 295 for 4 RECEIVED from 1 to 4 at 1316051252.116011
VSS_ECHO 7 for 1 RECEIVED from 16 to 4 at 1316051252.128980
VSS_ECHO 121 for 4 RECEIVED from 12 to 4 at 1316051252.142129
VSS_READY 53 for 1 RECEIVED from 16 to 4 at 1316051252.155251
VSS_ECHO 131 for 4 RECEIVED from 16 to 4 at 1316051252.237230
VSS_ECHO 101 for 4 RECEIVED from 11 to 4 at 1316051252.270464
VSS_ECHO 131 for 4 RECEIVED from 15 to 4 at 1316051252.363286
VSS_ECHO 148 for 4 RECEIVED from 7 to 4 at 1316051252.390023
VSS_ECHO 120 for 4 RECEIVED from 19 to 4 at 1316051253.139166
VSS_ECHO 7 for 1 RECEIVED from 14 to 4 at 1316051253.152382
VSS_READY 39 for 1 RECEIVED from 14 to 4 at 1316051253.165406
VSS_ECHO 115 for 4 RECEIVED from 18 to 4 at 1316051253.789280



============================================
*ENOUGH VSS_ECHO message for 4 at 1316051253.789280
*Threshold : echo = 12
*Received Echo Message Num = 12
*Ready messages are sending out...
============================================

PRE_VSS_READY * for 4 SENT from 4 to 1 at 1316051253.808977 standard 1
BEFORE_LOCK * for 4 SENT from 4 to 1 at 1316051253.808987 standard 1
AFTER_LOCK * for 4 SENT from 4 to 1 at 1316051253.808988 standard 1
AFTER_AFTER_LOCK * for 4 SENT from 4 to 1 at 1316051253.809052 standard 1
AFTER_LOCK2 * for 4 SENT from 4 to 1 at 1316051253.809053 standard 1
VSS_READY 113 for 4 SENT from 4 to 1 at 1316051253.809053 standard 1
PRE_VSS_READY * for 4 SENT from 4 to 2 at 1316051253.811846 standard 1
BEFORE_LOCK * for 4 SENT from 4 to 2 at 1316051253.811855 standard 1
AFTER_LOCK * for 4 SENT from 4 to 2 at 1316051253.811856 standard 1
AFTER_AFTER_LOCK * for 4 SENT from 4 to 2 at 1316051253.811856 standard 1
AFTER_LOCK2 * for 4 SENT from 4 to 2 at 1316051253.811857 standard 1
VSS_READY 114 for 4 SENT from 4 to 2 at 1316051253.811857 standard 1
PRE_VSS_READY * for 4 SENT from 4 to 3 at 1316051253.814481 standard 1
BEFORE_LOCK * for 4 SENT from 4 to 3 at 1316051253.814490 standard 1
AFTER_LOCK * for 4 SENT from 4 to 3 at 1316051253.814491 standard 1
AFTER_AFTER_LOCK * for 4 SENT from 4 to 3 at 1316051253.814491 standard 1
AFTER_LOCK2 * for 4 SENT from 4 to 3 at 1316051253.814492 standard 1
VSS_READY 115 for 4 SENT from 4 to 3 at 1316051253.814492 standard 1
PRE_VSS_READY * for 4 SENT from 4 to 4 at 1316051253.817171 standard 1
BEFORE_LOCK * for 4 SENT from 4 to 4 at 1316051253.817179 standard 1
AFTER_LOCK * for 4 SENT from 4 to 4 at 1316051253.817180 standard 1
AFTER_AFTER_LOCK * for 4 SENT from 4 to 4 at 1316051253.817180 standard 1
AFTER_LOCK2 * for 4 SENT from 4 to 4 at 1316051253.817181 standard 1
VSS_READY 116 for 4 SENT from 4 to 4 at 1316051253.817181 standard 1
PRE_VSS_READY * for 4 SENT from 4 to 5 at 1316051253.820081 standard 1
BEFORE_LOCK * for 4 SENT from 4 to 5 at 1316051253.820090 standard 1
AFTER_LOCK * for 4 SENT from 4 to 5 at 1316051253.820091 standard 1
AFTER_AFTER_LOCK * for 4 SENT from 4 to 5 at 1316051253.820091 standard 1
AFTER_LOCK2 * for 4 SENT from 4 to 5 at 1316051253.820092 standard 1
VSS_READY 117 for 4 SENT from 4 to 5 at 1316051253.820092 standard 1
PRE_VSS_READY * for 4 SENT from 4 to 6 at 1316051253.822730 standard 1
BEFORE_LOCK * for 4 SENT from 4 to 6 at 1316051253.822739 standard 1
AFTER_LOCK * for 4 SENT from 4 to 6 at 1316051253.822740 standard 1
AFTER_AFTER_LOCK * for 4 SENT from 4 to 6 at 1316051253.822795 standard 1
AFTER_LOCK2 * for 4 SENT from 4 to 6 at 1316051253.822796 standard 1
VSS_READY 118 for 4 SENT from 4 to 6 at 1316051253.822796 standard 1
PRE_VSS_READY * for 4 SENT from 4 to 7 at 1316051253.825429 standard 1
BEFORE_LOCK * for 4 SENT from 4 to 7 at 1316051253.825438 standard 1
AFTER_LOCK * for 4 SENT from 4 to 7 at 1316051253.825439 standard 1
AFTER_AFTER_LOCK * for 4 SENT from 4 to 7 at 1316051253.825494 standard 1
AFTER_LOCK2 * for 4 SENT from 4 to 7 at 1316051253.825494 standard 1
VSS_READY 119 for 4 SENT from 4 to 7 at 1316051253.825494 standard 1
PRE_VSS_READY * for 4 SENT from 4 to 8 at 1316051253.828190 standard 1
BEFORE_LOCK * for 4 SENT from 4 to 8 at 1316051253.828199 standard 1
AFTER_LOCK * for 4 SENT from 4 to 8 at 1316051253.828200 standard 1
AFTER_AFTER_LOCK * for 4 SENT from 4 to 8 at 1316051253.828200 standard 1
AFTER_LOCK2 * for 4 SENT from 4 to 8 at 1316051253.828201 standard 1
VSS_READY 120 for 4 SENT from 4 to 8 at 1316051253.828201 standard 1
PRE_VSS_READY * for 4 SENT from 4 to 9 at 1316051253.831080 standard 1
BEFORE_LOCK * for 4 SENT from 4 to 9 at 1316051253.831089 standard 1
AFTER_LOCK * for 4 SENT from 4 to 9 at 1316051253.831090 standard 1
AFTER_AFTER_LOCK * for 4 SENT from 4 to 9 at 1316051253.831145 standard 1
AFTER_LOCK2 * for 4 SENT from 4 to 9 at 1316051253.831145 standard 1
VSS_READY 121 for 4 SENT from 4 to 9 at 1316051253.831145 standard 1
PRE_VSS_READY * for 4 SENT from 4 to 10 at 1316051253.833731 standard 1
BEFORE_LOCK * for 4 SENT from 4 to 10 at 1316051253.833740 standard 1
AFTER_LOCK * for 4 SENT from 4 to 10 at 1316051253.833741 standard 1
AFTER_AFTER_LOCK * for 4 SENT from 4 to 10 at 1316051253.833796 standard 1
AFTER_LOCK2 * for 4 SENT from 4 to 10 at 1316051253.833796 standard 1
VSS_READY 122 for 4 SENT from 4 to 10 at 1316051253.833796 standard 1
PRE_VSS_READY * for 4 SENT from 4 to 11 at 1316051253.836416 standard 1
BEFORE_LOCK * for 4 SENT from 4 to 11 at 1316051253.836425 standard 1
AFTER_LOCK * for 4 SENT from 4 to 11 at 1316051253.836426 standard 1
AFTER_AFTER_LOCK * for 4 SENT from 4 to 11 at 1316051253.836481 standard 1
AFTER_LOCK2 * for 4 SENT from 4 to 11 at 1316051253.836482 standard 1
VSS_READY 123 for 4 SENT from 4 to 11 at 1316051253.836482 standard 1
PRE_VSS_READY * for 4 SENT from 4 to 12 at 1316051253.839116 standard 1
BEFORE_LOCK * for 4 SENT from 4 to 12 at 1316051253.839125 standard 1
AFTER_LOCK * for 4 SENT from 4 to 12 at 1316051253.839126 standard 1
AFTER_AFTER_LOCK * for 4 SENT from 4 to 12 at 1316051253.839180 standard 1
AFTER_LOCK2 * for 4 SENT from 4 to 12 at 1316051253.839181 standard 1
VSS_READY 124 for 4 SENT from 4 to 12 at 1316051253.839181 standard 1
PRE_VSS_READY * for 4 SENT from 4 to 13 at 1316051253.842016 standard 1
BEFORE_LOCK * for 4 SENT from 4 to 13 at 1316051253.842025 standard 1
AFTER_LOCK * for 4 SENT from 4 to 13 at 1316051253.842026 standard 1
AFTER_AFTER_LOCK * for 4 SENT from 4 to 13 at 1316051253.842026 standard 1
AFTER_LOCK2 * for 4 SENT from 4 to 13 at 1316051253.842026 standard 1
VSS_READY 125 for 4 SENT from 4 to 13 at 1316051253.842027 standard 1
PRE_VSS_READY * for 4 SENT from 4 to 14 at 1316051253.844779 standard 1
BEFORE_LOCK * for 4 SENT from 4 to 14 at 1316051253.844788 standard 1
AFTER_LOCK * for 4 SENT from 4 to 14 at 1316051253.844789 standard 1
AFTER_AFTER_LOCK * for 4 SENT from 4 to 14 at 1316051253.844844 standard 1
AFTER_LOCK2 * for 4 SENT from 4 to 14 at 1316051253.844845 standard 1
VSS_READY 126 for 4 SENT from 4 to 14 at 1316051253.844845 standard 1
PRE_VSS_READY * for 4 SENT from 4 to 15 at 1316051253.847434 standard 1
BEFORE_LOCK * for 4 SENT from 4 to 15 at 1316051253.847443 standard 1
AFTER_LOCK * for 4 SENT from 4 to 15 at 1316051253.847444 standard 1
AFTER_AFTER_LOCK * for 4 SENT from 4 to 15 at 1316051253.847499 standard 1
AFTER_LOCK2 * for 4 SENT from 4 to 15 at 1316051253.847500 standard 1
VSS_READY 127 for 4 SENT from 4 to 15 at 1316051253.847500 standard 1
PRE_VSS_READY * for 4 SENT from 4 to 16 at 1316051253.850275 standard 1
BEFORE_LOCK * for 4 SENT from 4 to 16 at 1316051253.850284 standard 1
AFTER_LOCK * for 4 SENT from 4 to 16 at 1316051253.850285 standard 1
AFTER_AFTER_LOCK * for 4 SENT from 4 to 16 at 1316051253.850339 standard 1
AFTER_LOCK2 * for 4 SENT from 4 to 16 at 1316051253.850340 standard 1
VSS_READY 128 for 4 SENT from 4 to 16 at 1316051253.850340 standard 1
PRE_VSS_READY * for 4 SENT from 4 to 17 at 1316051253.853215 standard 1
BEFORE_LOCK * for 4 SENT from 4 to 17 at 1316051253.853225 standard 1
AFTER_LOCK * for 4 SENT from 4 to 17 at 1316051253.853226 standard 1
AFTER_AFTER_LOCK * for 4 SENT from 4 to 17 at 1316051253.853280 standard 1
AFTER_LOCK2 * for 4 SENT from 4 to 17 at 1316051253.853281 standard 1
VSS_READY 129 for 4 SENT from 4 to 17 at 1316051253.853281 standard 1
PRE_VSS_READY * for 4 SENT from 4 to 18 at 1316051253.856229 standard 1
BEFORE_LOCK * for 4 SENT from 4 to 18 at 1316051253.856238 standard 1
AFTER_LOCK * for 4 SENT from 4 to 18 at 1316051253.856239 standard 1
AFTER_AFTER_LOCK * for 4 SENT from 4 to 18 at 1316051253.856294 standard 1
AFTER_LOCK2 * for 4 SENT from 4 to 18 at 1316051253.856294 standard 1
VSS_READY 130 for 4 SENT from 4 to 18 at 1316051253.856294 standard 1
PRE_VSS_READY * for 4 SENT from 4 to 19 at 1316051253.859073 standard 1
BEFORE_LOCK * for 4 SENT from 4 to 19 at 1316051253.859082 standard 1
AFTER_LOCK * for 4 SENT from 4 to 19 at 1316051253.859082 standard 1
AFTER_AFTER_LOCK * for 4 SENT from 4 to 19 at 1316051253.859137 standard 1
AFTER_LOCK2 * for 4 SENT from 4 to 19 at 1316051253.859137 standard 1
VSS_READY 131 for 4 SENT from 4 to 19 at 1316051253.859137 standard 1
PRE_VSS_READY * for 4 SENT from 4 to 20 at 1316051253.861867 standard 1
BEFORE_LOCK * for 4 SENT from 4 to 20 at 1316051253.861876 standard 1
AFTER_LOCK * for 4 SENT from 4 to 20 at 1316051253.861877 standard 1
AFTER_AFTER_LOCK * for 4 SENT from 4 to 20 at 1316051253.861936 standard 1
AFTER_LOCK2 * for 4 SENT from 4 to 20 at 1316051253.861936 standard 1
VSS_READY 132 for 4 SENT from 4 to 20 at 1316051253.861937 standard 1
VSS_READY 356 for 4 RECEIVED from 1 to 4 at 1316051253.861982
VSS_READY 178 for 4 RECEIVED from 7 to 4 at 1316051253.884420
VSS_READY 177 for 4 RECEIVED from 9 to 4 at 1316051253.907184
VSS_READY 177 for 4 RECEIVED from 10 to 4 at 1316051253.930010
VSS_READY 149 for 4 RECEIVED from 11 to 4 at 1316051253.953046
VSS_READY 199 for 4 RECEIVED from 12 to 4 at 1316051253.975818
VSS_READY 178 for 4 RECEIVED from 14 to 4 at 1316051253.998593
VSS_READY 178 for 4 RECEIVED from 16 to 4 at 1316051254.021399
VSS_READY 178 for 4 RECEIVED from 17 to 4 at 1316051254.044083
VSS_ECHO 7 for 1 RECEIVED from 15 to 4 at 1316051254.067462
VSS_READY 39 for 1 RECEIVED from 15 to 4 at 1316051254.080500
VSS_READY 148 for 4 RECEIVED from 18 to 4 at 1316051254.381063
VSS_READY 185 for 4 RECEIVED from 19 to 4 at 1316051254.403981
VSS_READY 207 for 4 RECEIVED from 15 to 4 at 1316051254.426616



*============================================
*2ENOUGH VSS_READY message for 4 at 1316051254.426616
*Threshold : Ready = 12
*Received Ready Message Num = 12
*VSS Share is complete for dealer 4
============================================

BEFORE_LOCK * for 4 SENT from 4 to 1 at 1316051254.450319 standard 1
AFTER_LOCK * for 4 SENT from 4 to 1 at 1316051254.450320 standard 1
AFTER_AFTER_LOCK * for 4 SENT from 4 to 1 at 1316051254.450386 standard 1
AFTER_LOCK2 * for 4 SENT from 4 to 1 at 1316051254.450386 standard 1
VSS_SHARED 249 for 4 SENT from 4 to 1 at 1316051254.450408 standard 1
VSS_ECHO 7 for 1 RECEIVED from 6 to 4 at 1316051254.450842
VSS_READY 54 for 1 RECEIVED from 6 to 4 at 1316051254.463794
VSS_ECHO 7 for 1 RECEIVED from 18 to 4 at 1316051254.668024
VSS_READY 50 for 1 RECEIVED from 18 to 4 at 1316051254.681601
VSS_ECHO 496 for 5 RECEIVED from 1 to 4 at 1316051254.954404
VSS_ECHO 7 for 1 RECEIVED from 19 to 4 at 1316051254.968681
VSS_SEND 6 for * RECEIVED from 4 to 4 at 1316051254.981770
VSSECHO_STAGE3 * for * SENT from * to * at 1316051255.006298
VSSECHO_STAGE4 * for * SENT from * to * at 1316051255.006393
BEFORE_LOCK * for 4 SENT from 4 to 1 at 1316051255.006400 standard 1
AFTER_LOCK * for 4 SENT from 4 to 1 at 1316051255.006401 standard 1
AFTER_AFTER_LOCK * for 4 SENT from 4 to 1 at 1316051255.006464 standard 1
AFTER_LOCK2 * for 4 SENT from 4 to 1 at 1316051255.006464 standard 1
VSS_ECHO 272 for 4 SENT from 4 to 1 at 1316051255.006486 standard 1
VSSECHO_STAGE3 * for * SENT from * to * at 1316051255.006501
VSSECHO_STAGE4 * for * SENT from * to * at 1316051255.006606
BEFORE_LOCK * for 4 SENT from 4 to 2 at 1316051255.006613 standard 1
AFTER_LOCK * for 4 SENT from 4 to 2 at 1316051255.006613 standard 1
AFTER_AFTER_LOCK * for 4 SENT from 4 to 2 at 1316051255.006614 standard 1
AFTER_LOCK2 * for 4 SENT from 4 to 2 at 1316051255.006614 standard 1
VSS_ECHO 273 for 4 SENT from 4 to 2 at 1316051255.006633 standard 1
VSSECHO_STAGE3 * for * SENT from * to * at 1316051255.006647
VSSECHO_STAGE4 * for * SENT from * to * at 1316051255.006738
BEFORE_LOCK * for 4 SENT from 4 to 3 at 1316051255.006744 standard 1
AFTER_LOCK * for 4 SENT from 4 to 3 at 1316051255.006745 standard 1
AFTER_AFTER_LOCK * for 4 SENT from 4 to 3 at 1316051255.006746 standard 1
AFTER_LOCK2 * for 4 SENT from 4 to 3 at 1316051255.006746 standard 1
VSS_ECHO 274 for 4 SENT from 4 to 3 at 1316051255.006764 standard 1
VSSECHO_STAGE3 * for * SENT from * to * at 1316051255.006778
VSSECHO_STAGE4 * for * SENT from * to * at 1316051255.006888
BEFORE_LOCK * for 4 SENT from 4 to 4 at 1316051255.006895 standard 1
AFTER_LOCK * for 4 SENT from 4 to 4 at 1316051255.006896 standard 1
AFTER_AFTER_LOCK * for 4 SENT from 4 to 4 at 1316051255.006906 standard 1
AFTER_LOCK2 * for 4 SENT from 4 to 4 at 1316051255.006906 standard 1
VSS_ECHO 275 for 4 SENT from 4 to 4 at 1316051255.006934 standard 1
VSSECHO_STAGE3 * for * SENT from * to * at 1316051255.006949
VSSECHO_STAGE4 * for * SENT from * to * at 1316051255.007041
BEFORE_LOCK * for 4 SENT from 4 to 5 at 1316051255.007047 standard 1
AFTER_LOCK * for 4 SENT from 4 to 5 at 1316051255.007048 standard 1
AFTER_AFTER_LOCK * for 4 SENT from 4 to 5 at 1316051255.007048 standard 1
AFTER_LOCK2 * for 4 SENT from 4 to 5 at 1316051255.007049 standard 1
VSS_ECHO 276 for 4 SENT from 4 to 5 at 1316051255.007067 standard 1
VSSECHO_STAGE3 * for * SENT from * to * at 1316051255.007081
VSSECHO_STAGE4 * for * SENT from * to * at 1316051255.007175
BEFORE_LOCK * for 4 SENT from 4 to 6 at 1316051255.007182 standard 1
AFTER_LOCK * for 4 SENT from 4 to 6 at 1316051255.007182 standard 1
AFTER_AFTER_LOCK * for 4 SENT from 4 to 6 at 1316051255.007238 standard 1
AFTER_LOCK2 * for 4 SENT from 4 to 6 at 1316051255.007238 standard 1
VSS_ECHO 277 for 4 SENT from 4 to 6 at 1316051255.007260 standard 1
VSSECHO_STAGE3 * for * SENT from * to * at 1316051255.007275
VSSECHO_STAGE4 * for * SENT from * to * at 1316051255.007370
BEFORE_LOCK * for 4 SENT from 4 to 7 at 1316051255.007376 standard 1
AFTER_LOCK * for 4 SENT from 4 to 7 at 1316051255.007377 standard 1
AFTER_AFTER_LOCK * for 4 SENT from 4 to 7 at 1316051255.007386 standard 1
AFTER_LOCK2 * for 4 SENT from 4 to 7 at 1316051255.007387 standard 1
VSS_ECHO 278 for 4 SENT from 4 to 7 at 1316051255.007408 standard 1
VSSECHO_STAGE3 * for * SENT from * to * at 1316051255.007423
VSSECHO_STAGE4 * for * SENT from * to * at 1316051255.007519
BEFORE_LOCK * for 4 SENT from 4 to 8 at 1316051255.007525 standard 1
AFTER_LOCK * for 4 SENT from 4 to 8 at 1316051255.007526 standard 1
AFTER_AFTER_LOCK * for 4 SENT from 4 to 8 at 1316051255.007527 standard 1
AFTER_LOCK2 * for 4 SENT from 4 to 8 at 1316051255.007527 standard 1
VSS_ECHO 279 for 4 SENT from 4 to 8 at 1316051255.007546 standard 1
VSSECHO_STAGE3 * for * SENT from * to * at 1316051255.007559
VSSECHO_STAGE4 * for * SENT from * to * at 1316051255.007648
BEFORE_LOCK * for 4 SENT from 4 to 9 at 1316051255.007654 standard 1
AFTER_LOCK * for 4 SENT from 4 to 9 at 1316051255.007655 standard 1
AFTER_AFTER_LOCK * for 4 SENT from 4 to 9 at 1316051255.007665 standard 1
AFTER_LOCK2 * for 4 SENT from 4 to 9 at 1316051255.007665 standard 1
VSS_ECHO 280 for 4 SENT from 4 to 9 at 1316051255.007687 standard 1
VSSECHO_STAGE3 * for * SENT from * to * at 1316051255.007702
VSSECHO_STAGE4 * for * SENT from * to * at 1316051255.007794
BEFORE_LOCK * for 4 SENT from 4 to 10 at 1316051255.007800 standard 1
AFTER_LOCK * for 4 SENT from 4 to 10 at 1316051255.007801 standard 1
AFTER_AFTER_LOCK * for 4 SENT from 4 to 10 at 1316051255.007855 standard 1
AFTER_LOCK2 * for 4 SENT from 4 to 10 at 1316051255.007856 standard 1
VSS_ECHO 281 for 4 SENT from 4 to 10 at 1316051255.007877 standard 1
VSSECHO_STAGE3 * for * SENT from * to * at 1316051255.007892
VSSECHO_STAGE4 * for * SENT from * to * at 1316051255.007992
BEFORE_LOCK * for 4 SENT from 4 to 11 at 1316051255.007999 standard 1
AFTER_LOCK * for 4 SENT from 4 to 11 at 1316051255.007999 standard 1
AFTER_AFTER_LOCK * for 4 SENT from 4 to 11 at 1316051255.008009 standard 1
AFTER_LOCK2 * for 4 SENT from 4 to 11 at 1316051255.008009 standard 1
VSS_ECHO 282 for 4 SENT from 4 to 11 at 1316051255.008031 standard 1
VSSECHO_STAGE3 * for * SENT from * to * at 1316051255.008046
VSSECHO_STAGE4 * for * SENT from * to * at 1316051255.008138
BEFORE_LOCK * for 4 SENT from 4 to 12 at 1316051255.008145 standard 1
AFTER_LOCK * for 4 SENT from 4 to 12 at 1316051255.008146 standard 1
AFTER_AFTER_LOCK * for 4 SENT from 4 to 12 at 1316051255.008155 standard 1
AFTER_LOCK2 * for 4 SENT from 4 to 12 at 1316051255.008156 standard 1
VSS_ECHO 283 for 4 SENT from 4 to 12 at 1316051255.008190 standard 1
VSSECHO_STAGE3 * for * SENT from * to * at 1316051255.008206
VSSECHO_STAGE4 * for * SENT from * to * at 1316051255.008297
BEFORE_LOCK * for 4 SENT from 4 to 13 at 1316051255.008303 standard 1
AFTER_LOCK * for 4 SENT from 4 to 13 at 1316051255.008304 standard 1
AFTER_AFTER_LOCK * for 4 SENT from 4 to 13 at 1316051255.008359 standard 1
AFTER_LOCK2 * for 4 SENT from 4 to 13 at 1316051255.008359 standard 1
VSS_ECHO 284 for 4 SENT from 4 to 13 at 1316051255.008380 standard 1
VSSECHO_STAGE3 * for * SENT from * to * at 1316051255.008396
VSSECHO_STAGE4 * for * SENT from * to * at 1316051255.008485
BEFORE_LOCK * for 4 SENT from 4 to 14 at 1316051255.008492 standard 1
AFTER_LOCK * for 4 SENT from 4 to 14 at 1316051255.008492 standard 1
AFTER_AFTER_LOCK * for 4 SENT from 4 to 14 at 1316051255.008502 standard 1
AFTER_LOCK2 * for 4 SENT from 4 to 14 at 1316051255.008502 standard 1
VSS_ECHO 285 for 4 SENT from 4 to 14 at 1316051255.008523 standard 1
VSSECHO_STAGE3 * for * SENT from * to * at 1316051255.008538
VSSECHO_STAGE4 * for * SENT from * to * at 1316051255.008630
BEFORE_LOCK * for 4 SENT from 4 to 15 at 1316051255.008636 standard 1
AFTER_LOCK * for 4 SENT from 4 to 15 at 1316051255.008637 standard 1
AFTER_AFTER_LOCK * for 4 SENT from 4 to 15 at 1316051255.008648 standard 1
AFTER_LOCK2 * for 4 SENT from 4 to 15 at 1316051255.008648 standard 1
VSS_ECHO 286 for 4 SENT from 4 to 15 at 1316051255.008669 standard 1
VSSECHO_STAGE3 * for * SENT from * to * at 1316051255.008684
VSSECHO_STAGE4 * for * SENT from * to * at 1316051255.008776
BEFORE_LOCK * for 4 SENT from 4 to 16 at 1316051255.008782 standard 1
AFTER_LOCK * for 4 SENT from 4 to 16 at 1316051255.008783 standard 1
AFTER_AFTER_LOCK * for 4 SENT from 4 to 16 at 1316051255.008794 standard 1
AFTER_LOCK2 * for 4 SENT from 4 to 16 at 1316051255.008795 standard 1
VSS_ECHO 287 for 4 SENT from 4 to 16 at 1316051255.008815 standard 1
VSSECHO_STAGE3 * for * SENT from * to * at 1316051255.008830
VSSECHO_STAGE4 * for * SENT from * to * at 1316051255.008928
BEFORE_LOCK * for 4 SENT from 4 to 17 at 1316051255.008934 standard 1
AFTER_LOCK * for 4 SENT from 4 to 17 at 1316051255.008935 standard 1
AFTER_AFTER_LOCK * for 4 SENT from 4 to 17 at 1316051255.008989 standard 1
AFTER_LOCK2 * for 4 SENT from 4 to 17 at 1316051255.008990 standard 1
VSS_ECHO 288 for 4 SENT from 4 to 17 at 1316051255.009011 standard 1
VSSECHO_STAGE3 * for * SENT from * to * at 1316051255.009026
VSSECHO_STAGE4 * for * SENT from * to * at 1316051255.009117
BEFORE_LOCK * for 4 SENT from 4 to 18 at 1316051255.009123 standard 1
AFTER_LOCK * for 4 SENT from 4 to 18 at 1316051255.009124 standard 1
AFTER_AFTER_LOCK * for 4 SENT from 4 to 18 at 1316051255.009134 standard 1
AFTER_LOCK2 * for 4 SENT from 4 to 18 at 1316051255.009135 standard 1
VSS_ECHO 289 for 4 SENT from 4 to 18 at 1316051255.009156 standard 1
VSSECHO_STAGE3 * for * SENT from * to * at 1316051255.009171
VSSECHO_STAGE4 * for * SENT from * to * at 1316051255.009261
BEFORE_LOCK * for 4 SENT from 4 to 19 at 1316051255.009268 standard 1
AFTER_LOCK * for 4 SENT from 4 to 19 at 1316051255.009268 standard 1
AFTER_AFTER_LOCK * for 4 SENT from 4 to 19 at 1316051255.009277 standard 1
AFTER_LOCK2 * for 4 SENT from 4 to 19 at 1316051255.009278 standard 1
VSS_ECHO 290 for 4 SENT from 4 to 19 at 1316051255.009300 standard 1
VSSECHO_STAGE3 * for * SENT from * to * at 1316051255.009314
VSSECHO_STAGE4 * for * SENT from * to * at 1316051255.009405
BEFORE_LOCK * for 4 SENT from 4 to 20 at 1316051255.009411 standard 1
AFTER_LOCK * for 4 SENT from 4 to 20 at 1316051255.009412 standard 1
AFTER_AFTER_LOCK * for 4 SENT from 4 to 20 at 1316051255.009421 standard 1
AFTER_LOCK2 * for 4 SENT from 4 to 20 at 1316051255.009422 standard 1
VSS_ECHO 291 for 4 SENT from 4 to 20 at 1316051255.009443 standard 1
VSS_READY 32 for 1 RECEIVED from 11 to 4 at 1316051255.009464
VSS_ECHO 275 for 4 RECEIVED from 4 to 4 at 1316051255.032137
VSS_READY 52 for 1 RECEIVED from 19 to 4 at 1316051255.045227
VSS_ECHO 33 for 1 RECEIVED from 4 to 4 at 1316051255.122797
VSS_READY 71 for 1 RECEIVED from 4 to 4 at 1316051255.136159
VSS_READY 116 for 4 RECEIVED from 4 to 4 at 1316051255.159176
VSS_SEND 6 for * RECEIVED from 5 to 4 at 1316051255.299701
VSSECHO_STAGE3 * for * SENT from * to * at 1316051255.324582
VSSECHO_STAGE4 * for * SENT from * to * at 1316051255.324677
BEFORE_LOCK * for 5 SENT from 4 to 1 at 1316051255.324684 standard 1
AFTER_LOCK * for 5 SENT from 4 to 1 at 1316051255.324684 standard 1
AFTER_AFTER_LOCK * for 5 SENT from 4 to 1 at 1316051255.324745 standard 1
AFTER_LOCK2 * for 5 SENT from 4 to 1 at 1316051255.324745 standard 1
VSS_ECHO 327 for 5 SENT from 4 to 1 at 1316051255.324767 standard 1
VSSECHO_STAGE3 * for * SENT from * to * at 1316051255.324782
VSSECHO_STAGE4 * for * SENT from * to * at 1316051255.324901
BEFORE_LOCK * for 5 SENT from 4 to 2 at 1316051255.324908 standard 1
AFTER_LOCK * for 5 SENT from 4 to 2 at 1316051255.324909 standard 1
AFTER_AFTER_LOCK * for 5 SENT from 4 to 2 at 1316051255.324910 standard 1
AFTER_LOCK2 * for 5 SENT from 4 to 2 at 1316051255.324910 standard 1
VSS_ECHO 328 for 5 SENT from 4 to 2 at 1316051255.324935 standard 1
VSSECHO_STAGE3 * for * SENT from * to * at 1316051255.324950
VSSECHO_STAGE4 * for * SENT from * to * at 1316051255.325040
BEFORE_LOCK * for 5 SENT from 4 to 3 at 1316051255.325046 standard 1
AFTER_LOCK * for 5 SENT from 4 to 3 at 1316051255.325047 standard 1
AFTER_AFTER_LOCK * for 5 SENT from 4 to 3 at 1316051255.325047 standard 1
AFTER_LOCK2 * for 5 SENT from 4 to 3 at 1316051255.325048 standard 1
VSS_ECHO 329 for 5 SENT from 4 to 3 at 1316051255.325066 standard 1
VSSECHO_STAGE3 * for * SENT from * to * at 1316051255.325079
VSSECHO_STAGE4 * for * SENT from * to * at 1316051255.325173
BEFORE_LOCK * for 5 SENT from 4 to 4 at 1316051255.325179 standard 1
AFTER_LOCK * for 5 SENT from 4 to 4 at 1316051255.325180 standard 1
AFTER_AFTER_LOCK * for 5 SENT from 4 to 4 at 1316051255.325193 standard 1
AFTER_LOCK2 * for 5 SENT from 4 to 4 at 1316051255.325193 standard 1
VSS_ECHO 330 for 5 SENT from 4 to 4 at 1316051255.325214 standard 1
VSSECHO_STAGE3 * for * SENT from * to * at 1316051255.325229
VSSECHO_STAGE4 * for * SENT from * to * at 1316051255.325328
BEFORE_LOCK * for 5 SENT from 4 to 5 at 1316051255.325334 standard 1
AFTER_LOCK * for 5 SENT from 4 to 5 at 1316051255.325335 standard 1
AFTER_AFTER_LOCK * for 5 SENT from 4 to 5 at 1316051255.325389 standard 1
AFTER_LOCK2 * for 5 SENT from 4 to 5 at 1316051255.325389 standard 1
VSS_ECHO 331 for 5 SENT from 4 to 5 at 1316051255.325411 standard 1
VSSECHO_STAGE3 * for * SENT from * to * at 1316051255.325426
VSSECHO_STAGE4 * for * SENT from * to * at 1316051255.325520
BEFORE_LOCK * for 5 SENT from 4 to 6 at 1316051255.325527 standard 1
AFTER_LOCK * for 5 SENT from 4 to 6 at 1316051255.325527 standard 1
AFTER_AFTER_LOCK * for 5 SENT from 4 to 6 at 1316051255.325539 standard 1
AFTER_LOCK2 * for 5 SENT from 4 to 6 at 1316051255.325540 standard 1
VSS_ECHO 332 for 5 SENT from 4 to 6 at 1316051255.325561 standard 1
VSSECHO_STAGE3 * for * SENT from * to * at 1316051255.325575
VSSECHO_STAGE4 * for * SENT from * to * at 1316051255.325665
BEFORE_LOCK * for 5 SENT from 4 to 7 at 1316051255.325672 standard 1
AFTER_LOCK * for 5 SENT from 4 to 7 at 1316051255.325672 standard 1
AFTER_AFTER_LOCK * for 5 SENT from 4 to 7 at 1316051255.325682 standard 1
AFTER_LOCK2 * for 5 SENT from 4 to 7 at 1316051255.325682 standard 1
VSS_ECHO 333 for 5 SENT from 4 to 7 at 1316051255.325703 standard 1
VSSECHO_STAGE3 * for * SENT from * to * at 1316051255.325717
VSSECHO_STAGE4 * for * SENT from * to * at 1316051255.325808
BEFORE_LOCK * for 5 SENT from 4 to 8 at 1316051255.325815 standard 1
AFTER_LOCK * for 5 SENT from 4 to 8 at 1316051255.325815 standard 1
AFTER_AFTER_LOCK * for 5 SENT from 4 to 8 at 1316051255.325816 standard 1
AFTER_LOCK2 * for 5 SENT from 4 to 8 at 1316051255.325816 standard 1
VSS_ECHO 334 for 5 SENT from 4 to 8 at 1316051255.325834 standard 1
VSSECHO_STAGE3 * for * SENT from * to * at 1316051255.325848
VSSECHO_STAGE4 * for * SENT from * to * at 1316051255.325942
BEFORE_LOCK * for 5 SENT from 4 to 9 at 1316051255.325965 standard 1
AFTER_LOCK * for 5 SENT from 4 to 9 at 1316051255.325966 standard 1
AFTER_AFTER_LOCK * for 5 SENT from 4 to 9 at 1316051255.326021 standard 1
AFTER_LOCK2 * for 5 SENT from 4 to 9 at 1316051255.326021 standard 1
VSS_ECHO 335 for 5 SENT from 4 to 9 at 1316051255.326042 standard 1
VSSECHO_STAGE3 * for * SENT from * to * at 1316051255.326057
VSSECHO_STAGE4 * for * SENT from * to * at 1316051255.326154
BEFORE_LOCK * for 5 SENT from 4 to 10 at 1316051255.326161 standard 1
AFTER_LOCK * for 5 SENT from 4 to 10 at 1316051255.326161 standard 1
AFTER_AFTER_LOCK * for 5 SENT from 4 to 10 at 1316051255.326171 standard 1
AFTER_LOCK2 * for 5 SENT from 4 to 10 at 1316051255.326171 standard 1
VSS_ECHO 336 for 5 SENT from 4 to 10 at 1316051255.326192 standard 1
VSSECHO_STAGE3 * for * SENT from * to * at 1316051255.326207
VSSECHO_STAGE4 * for * SENT from * to * at 1316051255.326298
BEFORE_LOCK * for 5 SENT from 4 to 11 at 1316051255.326304 standard 1
AFTER_LOCK * for 5 SENT from 4 to 11 at 1316051255.326305 standard 1
AFTER_AFTER_LOCK * for 5 SENT from 4 to 11 at 1316051255.326314 standard 1
AFTER_LOCK2 * for 5 SENT from 4 to 11 at 1316051255.326315 standard 1
VSS_ECHO 337 for 5 SENT from 4 to 11 at 1316051255.326336 standard 1
VSSECHO_STAGE3 * for * SENT from * to * at 1316051255.326351
VSSECHO_STAGE4 * for * SENT from * to * at 1316051255.326441
BEFORE_LOCK * for 5 SENT from 4 to 12 at 1316051255.326447 standard 1
AFTER_LOCK * for 5 SENT from 4 to 12 at 1316051255.326448 standard 1
AFTER_AFTER_LOCK * for 5 SENT from 4 to 12 at 1316051255.326457 standard 1
AFTER_LOCK2 * for 5 SENT from 4 to 12 at 1316051255.326457 standard 1
VSS_ECHO 338 for 5 SENT from 4 to 12 at 1316051255.326479 standard 1
VSSECHO_STAGE3 * for * SENT from * to * at 1316051255.326494
VSSECHO_STAGE4 * for * SENT from * to * at 1316051255.326585
BEFORE_LOCK * for 5 SENT from 4 to 13 at 1316051255.326591 standard 1
AFTER_LOCK * for 5 SENT from 4 to 13 at 1316051255.326592 standard 1
AFTER_AFTER_LOCK * for 5 SENT from 4 to 13 at 1316051255.326647 standard 1
AFTER_LOCK2 * for 5 SENT from 4 to 13 at 1316051255.326647 standard 1
VSS_ECHO 339 for 5 SENT from 4 to 13 at 1316051255.326668 standard 1
VSSECHO_STAGE3 * for * SENT from * to * at 1316051255.326683
VSSECHO_STAGE4 * for * SENT from * to * at 1316051255.326772
BEFORE_LOCK * for 5 SENT from 4 to 14 at 1316051255.326779 standard 1
AFTER_LOCK * for 5 SENT from 4 to 14 at 1316051255.326779 standard 1
AFTER_AFTER_LOCK * for 5 SENT from 4 to 14 at 1316051255.326788 standard 1
AFTER_LOCK2 * for 5 SENT from 4 to 14 at 1316051255.326789 standard 1
VSS_ECHO 340 for 5 SENT from 4 to 14 at 1316051255.326810 standard 1
VSSECHO_STAGE3 * for * SENT from * to * at 1316051255.326824
VSSECHO_STAGE4 * for * SENT from * to * at 1316051255.326914
BEFORE_LOCK * for 5 SENT from 4 to 15 at 1316051255.326925 standard 1
AFTER_LOCK * for 5 SENT from 4 to 15 at 1316051255.326926 standard 1
AFTER_AFTER_LOCK * for 5 SENT from 4 to 15 at 1316051255.326935 standard 1
AFTER_LOCK2 * for 5 SENT from 4 to 15 at 1316051255.326936 standard 1
VSS_ECHO 341 for 5 SENT from 4 to 15 at 1316051255.326956 standard 1
VSSECHO_STAGE3 * for * SENT from * to * at 1316051255.326971
VSSECHO_STAGE4 * for * SENT from * to * at 1316051255.327061
BEFORE_LOCK * for 5 SENT from 4 to 16 at 1316051255.327067 standard 1
AFTER_LOCK * for 5 SENT from 4 to 16 at 1316051255.327068 standard 1
AFTER_AFTER_LOCK * for 5 SENT from 4 to 16 at 1316051255.327077 standard 1
AFTER_LOCK2 * for 5 SENT from 4 to 16 at 1316051255.327078 standard 1
VSS_ECHO 342 for 5 SENT from 4 to 16 at 1316051255.327098 standard 1
VSSECHO_STAGE3 * for * SENT from * to * at 1316051255.327113
VSSECHO_STAGE4 * for * SENT from * to * at 1316051255.327202
BEFORE_LOCK * for 5 SENT from 4 to 17 at 1316051255.327208 standard 1
AFTER_LOCK * for 5 SENT from 4 to 17 at 1316051255.327209 standard 1
AFTER_AFTER_LOCK * for 5 SENT from 4 to 17 at 1316051255.327264 standard 1
AFTER_LOCK2 * for 5 SENT from 4 to 17 at 1316051255.327264 standard 1
VSS_ECHO 343 for 5 SENT from 4 to 17 at 1316051255.327285 standard 1
VSSECHO_STAGE3 * for * SENT from * to * at 1316051255.327312
VSSECHO_STAGE4 * for * SENT from * to * at 1316051255.327402
BEFORE_LOCK * for 5 SENT from 4 to 18 at 1316051255.327408 standard 1
AFTER_LOCK * for 5 SENT from 4 to 18 at 1316051255.327409 standard 1
AFTER_AFTER_LOCK * for 5 SENT from 4 to 18 at 1316051255.327419 standard 1
AFTER_LOCK2 * for 5 SENT from 4 to 18 at 1316051255.327419 standard 1
VSS_ECHO 344 for 5 SENT from 4 to 18 at 1316051255.327486 standard 1
VSSECHO_STAGE3 * for * SENT from * to * at 1316051255.327501
VSSECHO_STAGE4 * for * SENT from * to * at 1316051255.327592
BEFORE_LOCK * for 5 SENT from 4 to 19 at 1316051255.327599 standard 1
AFTER_LOCK * for 5 SENT from 4 to 19 at 1316051255.327599 standard 1
AFTER_AFTER_LOCK * for 5 SENT from 4 to 19 at 1316051255.327609 standard 1
AFTER_LOCK2 * for 5 SENT from 4 to 19 at 1316051255.327609 standard 1
VSS_ECHO 345 for 5 SENT from 4 to 19 at 1316051255.327631 standard 1
VSSECHO_STAGE3 * for * SENT from * to * at 1316051255.327646
VSSECHO_STAGE4 * for * SENT from * to * at 1316051255.327735
BEFORE_LOCK * for 5 SENT from 4 to 20 at 1316051255.327741 standard 1
AFTER_LOCK * for 5 SENT from 4 to 20 at 1316051255.327742 standard 1
AFTER_AFTER_LOCK * for 5 SENT from 4 to 20 at 1316051255.327797 standard 1
AFTER_LOCK2 * for 5 SENT from 4 to 20 at 1316051255.327797 standard 1
VSS_ECHO 346 for 5 SENT from 4 to 20 at 1316051255.327818 standard 1
VSS_ECHO 330 for 5 RECEIVED from 4 to 4 at 1316051255.327840
VSS_ECHO 323 for 5 RECEIVED from 7 to 4 at 1316051255.340923
VSS_ECHO 322 for 5 RECEIVED from 16 to 4 at 1316051255.354055
VSS_ECHO 294 for 5 RECEIVED from 11 to 4 at 1316051255.367055
VSS_ECHO 34 for 1 RECEIVED from 5 to 4 at 1316051255.380046
VSS_ECHO 334 for 5 RECEIVED from 9 to 4 at 1316051255.595456
VSS_ECHO 335 for 5 RECEIVED from 10 to 4 at 1316051255.608465
VSS_ECHO 317 for 5 RECEIVED from 12 to 4 at 1316051255.621648
VSS_ECHO 336 for 5 RECEIVED from 14 to 4 at 1316051255.634961
VSS_ECHO 297 for 5 RECEIVED from 19 to 4 at 1316051255.648064
VSS_READY 90 for 1 RECEIVED from 5 to 4 at 1316051255.661167



*============================================
*2ENOUGH VSS_READY message for 4 at 1316051255.661167
*Threshold : Ready = 12
*Received Ready Message Num = 12
*VSS Share is complete for dealer 1
============================================

BEFORE_LOCK * for 1 SENT from 4 to 1 at 1316051255.685042 standard 1
AFTER_LOCK * for 1 SENT from 4 to 1 at 1316051255.685043 standard 1
AFTER_AFTER_LOCK * for 1 SENT from 4 to 1 at 1316051255.685104 standard 1
AFTER_LOCK2 * for 1 SENT from 4 to 1 at 1316051255.685104 standard 1
VSS_SHARED 376 for 1 SENT from 4 to 1 at 1316051255.685127 standard 1
VSS_READY 165 for 4 RECEIVED from 5 to 4 at 1316051255.685172
VSS_ECHO 211 for 4 RECEIVED from 5 to 4 at 1316051256.046831
VSS_ECHO 546 for 2 RECEIVED from 1 to 4 at 1316051256.147687
VSS_ECHO 370 for 2 RECEIVED from 9 to 4 at 1316051256.249953
VSS_ECHO 353 for 2 RECEIVED from 12 to 4 at 1316051256.263065
VSS_SEND 6 for * RECEIVED from 2 to 4 at 1316051256.276129
VSSECHO_STAGE3 * for * SENT from * to * at 1316051256.300697
VSSECHO_STAGE4 * for * SENT from * to * at 1316051256.300796
BEFORE_LOCK * for 2 SENT from 4 to 1 at 1316051256.300804 standard 1
AFTER_LOCK * for 2 SENT from 4 to 1 at 1316051256.300805 standard 1
AFTER_AFTER_LOCK * for 2 SENT from 4 to 1 at 1316051256.300868 standard 1
AFTER_LOCK2 * for 2 SENT from 4 to 1 at 1316051256.300869 standard 1
VSS_ECHO 391 for 2 SENT from 4 to 1 at 1316051256.300890 standard 1
VSSECHO_STAGE3 * for * SENT from * to * at 1316051256.300906
VSSECHO_STAGE4 * for * SENT from * to * at 1316051256.301006
BEFORE_LOCK * for 2 SENT from 4 to 2 at 1316051256.301013 standard 1
AFTER_LOCK * for 2 SENT from 4 to 2 at 1316051256.301014 standard 1
AFTER_AFTER_LOCK * for 2 SENT from 4 to 2 at 1316051256.301024 standard 1
AFTER_LOCK2 * for 2 SENT from 4 to 2 at 1316051256.301025 standard 1
VSS_ECHO 392 for 2 SENT from 4 to 2 at 1316051256.301046 standard 1
VSSECHO_STAGE3 * for * SENT from * to * at 1316051256.301061
VSSECHO_STAGE4 * for * SENT from * to * at 1316051256.301174
BEFORE_LOCK * for 2 SENT from 4 to 3 at 1316051256.301180 standard 1
AFTER_LOCK * for 2 SENT from 4 to 3 at 1316051256.301181 standard 1
AFTER_AFTER_LOCK * for 2 SENT from 4 to 3 at 1316051256.301181 standard 1
AFTER_LOCK2 * for 2 SENT from 4 to 3 at 1316051256.301182 standard 1
VSS_ECHO 393 for 2 SENT from 4 to 3 at 1316051256.301200 standard 1
VSSECHO_STAGE3 * for * SENT from * to * at 1316051256.301214
VSSECHO_STAGE4 * for * SENT from * to * at 1316051256.301303
BEFORE_LOCK * for 2 SENT from 4 to 4 at 1316051256.301309 standard 1
AFTER_LOCK * for 2 SENT from 4 to 4 at 1316051256.301310 standard 1
AFTER_AFTER_LOCK * for 2 SENT from 4 to 4 at 1316051256.301319 standard 1
AFTER_LOCK2 * for 2 SENT from 4 to 4 at 1316051256.301320 standard 1
VSS_ECHO 394 for 2 SENT from 4 to 4 at 1316051256.301341 standard 1
VSSECHO_STAGE3 * for * SENT from * to * at 1316051256.301356
VSSECHO_STAGE4 * for * SENT from * to * at 1316051256.301456
BEFORE_LOCK * for 2 SENT from 4 to 5 at 1316051256.301462 standard 1
AFTER_LOCK * for 2 SENT from 4 to 5 at 1316051256.301463 standard 1
AFTER_AFTER_LOCK * for 2 SENT from 4 to 5 at 1316051256.301517 standard 1
AFTER_LOCK2 * for 2 SENT from 4 to 5 at 1316051256.301517 standard 1
VSS_ECHO 395 for 2 SENT from 4 to 5 at 1316051256.301539 standard 1
VSSECHO_STAGE3 * for * SENT from * to * at 1316051256.301554
VSSECHO_STAGE4 * for * SENT from * to * at 1316051256.301649
BEFORE_LOCK * for 2 SENT from 4 to 6 at 1316051256.301655 standard 1
AFTER_LOCK * for 2 SENT from 4 to 6 at 1316051256.301656 standard 1
AFTER_AFTER_LOCK * for 2 SENT from 4 to 6 at 1316051256.301666 standard 1
AFTER_LOCK2 * for 2 SENT from 4 to 6 at 1316051256.301667 standard 1
VSS_ECHO 396 for 2 SENT from 4 to 6 at 1316051256.301688 standard 1
VSSECHO_STAGE3 * for * SENT from * to * at 1316051256.301703
VSSECHO_STAGE4 * for * SENT from * to * at 1316051256.301793
BEFORE_LOCK * for 2 SENT from 4 to 7 at 1316051256.301799 standard 1
AFTER_LOCK * for 2 SENT from 4 to 7 at 1316051256.301800 standard 1
AFTER_AFTER_LOCK * for 2 SENT from 4 to 7 at 1316051256.301810 standard 1
AFTER_LOCK2 * for 2 SENT from 4 to 7 at 1316051256.301810 standard 1
VSS_ECHO 397 for 2 SENT from 4 to 7 at 1316051256.301831 standard 1
VSSECHO_STAGE3 * for * SENT from * to * at 1316051256.301846
VSSECHO_STAGE4 * for * SENT from * to * at 1316051256.301945
BEFORE_LOCK * for 2 SENT from 4 to 8 at 1316051256.301952 standard 1
AFTER_LOCK * for 2 SENT from 4 to 8 at 1316051256.301953 standard 1
AFTER_AFTER_LOCK * for 2 SENT from 4 to 8 at 1316051256.301953 standard 1
AFTER_LOCK2 * for 2 SENT from 4 to 8 at 1316051256.301953 standard 1
VSS_ECHO 398 for 2 SENT from 4 to 8 at 1316051256.301972 standard 1
VSSECHO_STAGE3 * for * SENT from * to * at 1316051256.301986
VSSECHO_STAGE4 * for * SENT from * to * at 1316051256.302075
BEFORE_LOCK * for 2 SENT from 4 to 9 at 1316051256.302081 standard 1
AFTER_LOCK * for 2 SENT from 4 to 9 at 1316051256.302082 standard 1
AFTER_AFTER_LOCK * for 2 SENT from 4 to 9 at 1316051256.302137 standard 1
AFTER_LOCK2 * for 2 SENT from 4 to 9 at 1316051256.302137 standard 1
VSS_ECHO 399 for 2 SENT from 4 to 9 at 1316051256.302157 standard 1
VSSECHO_STAGE3 * for * SENT from * to * at 1316051256.302172
VSSECHO_STAGE4 * for * SENT from * to * at 1316051256.302263
BEFORE_LOCK * for 2 SENT from 4 to 10 at 1316051256.302270 standard 1
AFTER_LOCK * for 2 SENT from 4 to 10 at 1316051256.302270 standard 1
AFTER_AFTER_LOCK * for 2 SENT from 4 to 10 at 1316051256.302280 standard 1
AFTER_LOCK2 * for 2 SENT from 4 to 10 at 1316051256.302280 standard 1
VSS_ECHO 400 for 2 SENT from 4 to 10 at 1316051256.302301 standard 1
VSSECHO_STAGE3 * for * SENT from * to * at 1316051256.302315
VSSECHO_STAGE4 * for * SENT from * to * at 1316051256.302441
BEFORE_LOCK * for 2 SENT from 4 to 11 at 1316051256.302459 standard 1
AFTER_LOCK * for 2 SENT from 4 to 11 at 1316051256.302464 standard 1
AFTER_AFTER_LOCK * for 2 SENT from 4 to 11 at 1316051256.302489 standard 1
AFTER_LOCK2 * for 2 SENT from 4 to 11 at 1316051256.302490 standard 1
VSS_ECHO 401 for 2 SENT from 4 to 11 at 1316051256.302535 standard 1
VSSECHO_STAGE3 * for * SENT from * to * at 1316051256.302552
VSSECHO_STAGE4 * for * SENT from * to * at 1316051256.302645
BEFORE_LOCK * for 2 SENT from 4 to 12 at 1316051256.302651 standard 1
AFTER_LOCK * for 2 SENT from 4 to 12 at 1316051256.302652 standard 1
AFTER_AFTER_LOCK * for 2 SENT from 4 to 12 at 1316051256.302707 standard 1
AFTER_LOCK2 * for 2 SENT from 4 to 12 at 1316051256.302707 standard 1
VSS_ECHO 402 for 2 SENT from 4 to 12 at 1316051256.302728 standard 1
VSSECHO_STAGE3 * for * SENT from * to * at 1316051256.302743
VSSECHO_STAGE4 * for * SENT from * to * at 1316051256.302833
BEFORE_LOCK * for 2 SENT from 4 to 13 at 1316051256.302839 standard 1
AFTER_LOCK * for 2 SENT from 4 to 13 at 1316051256.302840 standard 1
AFTER_AFTER_LOCK * for 2 SENT from 4 to 13 at 1316051256.302850 standard 1
AFTER_LOCK2 * for 2 SENT from 4 to 13 at 1316051256.302850 standard 1
VSS_ECHO 403 for 2 SENT from 4 to 13 at 1316051256.302871 standard 1
VSSECHO_STAGE3 * for * SENT from * to * at 1316051256.302887
VSSECHO_STAGE4 * for * SENT from * to * at 1316051256.303024
BEFORE_LOCK * for 2 SENT from 4 to 14 at 1316051256.303031 standard 1
AFTER_LOCK * for 2 SENT from 4 to 14 at 1316051256.303032 standard 1
AFTER_AFTER_LOCK * for 2 SENT from 4 to 14 at 1316051256.303042 standard 1
AFTER_LOCK2 * for 2 SENT from 4 to 14 at 1316051256.303043 standard 1
VSS_ECHO 404 for 2 SENT from 4 to 14 at 1316051256.303063 standard 1
VSSECHO_STAGE3 * for * SENT from * to * at 1316051256.303079
VSSECHO_STAGE4 * for * SENT from * to * at 1316051256.303171
BEFORE_LOCK * for 2 SENT from 4 to 15 at 1316051256.303177 standard 1
AFTER_LOCK * for 2 SENT from 4 to 15 at 1316051256.303178 standard 1
AFTER_AFTER_LOCK * for 2 SENT from 4 to 15 at 1316051256.303232 standard 1
AFTER_LOCK2 * for 2 SENT from 4 to 15 at 1316051256.303232 standard 1
VSS_ECHO 405 for 2 SENT from 4 to 15 at 1316051256.303253 standard 1
VSSECHO_STAGE3 * for * SENT from * to * at 1316051256.303268
VSSECHO_STAGE4 * for * SENT from * to * at 1316051256.303357
BEFORE_LOCK * for 2 SENT from 4 to 16 at 1316051256.303363 standard 1
AFTER_LOCK * for 2 SENT from 4 to 16 at 1316051256.303364 standard 1
AFTER_AFTER_LOCK * for 2 SENT from 4 to 16 at 1316051256.303373 standard 1
AFTER_LOCK2 * for 2 SENT from 4 to 16 at 1316051256.303373 standard 1
VSS_ECHO 406 for 2 SENT from 4 to 16 at 1316051256.303395 standard 1
VSSECHO_STAGE3 * for * SENT from * to * at 1316051256.303409
VSSECHO_STAGE4 * for * SENT from * to * at 1316051256.303499
BEFORE_LOCK * for 2 SENT from 4 to 17 at 1316051256.303506 standard 1
AFTER_LOCK * for 2 SENT from 4 to 17 at 1316051256.303506 standard 1
AFTER_AFTER_LOCK * for 2 SENT from 4 to 17 at 1316051256.303516 standard 1
AFTER_LOCK2 * for 2 SENT from 4 to 17 at 1316051256.303516 standard 1
VSS_ECHO 407 for 2 SENT from 4 to 17 at 1316051256.303537 standard 1
VSSECHO_STAGE3 * for * SENT from * to * at 1316051256.303552
VSSECHO_STAGE4 * for * SENT from * to * at 1316051256.303641
BEFORE_LOCK * for 2 SENT from 4 to 18 at 1316051256.303648 standard 1
AFTER_LOCK * for 2 SENT from 4 to 18 at 1316051256.303648 standard 1
AFTER_AFTER_LOCK * for 2 SENT from 4 to 18 at 1316051256.303660 standard 1
AFTER_LOCK2 * for 2 SENT from 4 to 18 at 1316051256.303660 standard 1
VSS_ECHO 408 for 2 SENT from 4 to 18 at 1316051256.303681 standard 1
VSSECHO_STAGE3 * for * SENT from * to * at 1316051256.303696
VSSECHO_STAGE4 * for * SENT from * to * at 1316051256.303785
BEFORE_LOCK * for 2 SENT from 4 to 19 at 1316051256.303791 standard 1
AFTER_LOCK * for 2 SENT from 4 to 19 at 1316051256.303792 standard 1
AFTER_AFTER_LOCK * for 2 SENT from 4 to 19 at 1316051256.303845 standard 1
AFTER_LOCK2 * for 2 SENT from 4 to 19 at 1316051256.303846 standard 1
VSS_ECHO 409 for 2 SENT from 4 to 19 at 1316051256.303867 standard 1
VSSECHO_STAGE3 * for * SENT from * to * at 1316051256.303882
VSSECHO_STAGE4 * for * SENT from * to * at 1316051256.303976
BEFORE_LOCK * for 2 SENT from 4 to 20 at 1316051256.303983 standard 1
AFTER_LOCK * for 2 SENT from 4 to 20 at 1316051256.303983 standard 1
AFTER_AFTER_LOCK * for 2 SENT from 4 to 20 at 1316051256.303993 standard 1
AFTER_LOCK2 * for 2 SENT from 4 to 20 at 1316051256.303993 standard 1
VSS_ECHO 410 for 2 SENT from 4 to 20 at 1316051256.304025 standard 1
VSS_ECHO 394 for 2 RECEIVED from 4 to 4 at 1316051256.304047
VSS_ECHO 372 for 2 RECEIVED from 7 to 4 at 1316051256.317029
VSS_ECHO 371 for 2 RECEIVED from 10 to 4 at 1316051256.329986
VSS_ECHO 371 for 2 RECEIVED from 16 to 4 at 1316051256.342867
VSS_ECHO 343 for 2 RECEIVED from 11 to 4 at 1316051256.355995
VSS_ECHO 34 for 1 RECEIVED from 2 to 4 at 1316051256.369324
VSS_ECHO 357 for 2 RECEIVED from 17 to 4 at 1316051256.489610
VSS_ECHO 379 for 2 RECEIVED from 14 to 4 at 1316051256.511095
VSS_ECHO 334 for 2 RECEIVED from 15 to 4 at 1316051256.579383
VSS_ECHO 363 for 2 RECEIVED from 19 to 4 at 1316051256.592515



============================================
*ENOUGH VSS_ECHO message for 2 at 1316051256.592515
*Threshold : echo = 12
*Received Echo Message Num = 12
*Ready messages are sending out...
============================================

PRE_VSS_READY * for 2 SENT from 4 to 1 at 1316051256.611719 standard 1
BEFORE_LOCK * for 2 SENT from 4 to 1 at 1316051256.611729 standard 1
AFTER_LOCK * for 2 SENT from 4 to 1 at 1316051256.611730 standard 1
AFTER_AFTER_LOCK * for 2 SENT from 4 to 1 at 1316051256.611789 standard 1
AFTER_LOCK2 * for 2 SENT from 4 to 1 at 1316051256.611790 standard 1
VSS_READY 421 for 2 SENT from 4 to 1 at 1316051256.611790 standard 1
PRE_VSS_READY * for 2 SENT from 4 to 2 at 1316051256.614609 standard 1
BEFORE_LOCK * for 2 SENT from 4 to 2 at 1316051256.614618 standard 1
AFTER_LOCK * for 2 SENT from 4 to 2 at 1316051256.614619 standard 1
AFTER_AFTER_LOCK * for 2 SENT from 4 to 2 at 1316051256.614674 standard 1
AFTER_LOCK2 * for 2 SENT from 4 to 2 at 1316051256.614675 standard 1
VSS_READY 422 for 2 SENT from 4 to 2 at 1316051256.614675 standard 1
PRE_VSS_READY * for 2 SENT from 4 to 3 at 1316051256.617661 standard 1
BEFORE_LOCK * for 2 SENT from 4 to 3 at 1316051256.617670 standard 1
AFTER_LOCK * for 2 SENT from 4 to 3 at 1316051256.617670 standard 1
AFTER_AFTER_LOCK * for 2 SENT from 4 to 3 at 1316051256.617671 standard 1
AFTER_LOCK2 * for 2 SENT from 4 to 3 at 1316051256.617671 standard 1
VSS_READY 423 for 2 SENT from 4 to 3 at 1316051256.617672 standard 1
PRE_VSS_READY * for 2 SENT from 4 to 4 at 1316051256.620462 standard 1
BEFORE_LOCK * for 2 SENT from 4 to 4 at 1316051256.620470 standard 1
AFTER_LOCK * for 2 SENT from 4 to 4 at 1316051256.620471 standard 1
AFTER_AFTER_LOCK * for 2 SENT from 4 to 4 at 1316051256.620526 standard 1
AFTER_LOCK2 * for 2 SENT from 4 to 4 at 1316051256.620526 standard 1
VSS_READY 424 for 2 SENT from 4 to 4 at 1316051256.620527 standard 1
PRE_VSS_READY * for 2 SENT from 4 to 5 at 1316051256.623424 standard 1
BEFORE_LOCK * for 2 SENT from 4 to 5 at 1316051256.623434 standard 1
AFTER_LOCK * for 2 SENT from 4 to 5 at 1316051256.623435 standard 1
AFTER_AFTER_LOCK * for 2 SENT from 4 to 5 at 1316051256.623445 standard 1
AFTER_LOCK2 * for 2 SENT from 4 to 5 at 1316051256.623446 standard 1
VSS_READY 425 for 2 SENT from 4 to 5 at 1316051256.623446 standard 1
PRE_VSS_READY * for 2 SENT from 4 to 6 at 1316051256.626111 standard 1
BEFORE_LOCK * for 2 SENT from 4 to 6 at 1316051256.626120 standard 1
AFTER_LOCK * for 2 SENT from 4 to 6 at 1316051256.626121 standard 1
AFTER_AFTER_LOCK * for 2 SENT from 4 to 6 at 1316051256.626176 standard 1
AFTER_LOCK2 * for 2 SENT from 4 to 6 at 1316051256.626177 standard 1
VSS_READY 426 for 2 SENT from 4 to 6 at 1316051256.626177 standard 1
PRE_VSS_READY * for 2 SENT from 4 to 7 at 1316051256.628944 standard 1
BEFORE_LOCK * for 2 SENT from 4 to 7 at 1316051256.628953 standard 1
AFTER_LOCK * for 2 SENT from 4 to 7 at 1316051256.628954 standard 1
AFTER_AFTER_LOCK * for 2 SENT from 4 to 7 at 1316051256.629008 standard 1
AFTER_LOCK2 * for 2 SENT from 4 to 7 at 1316051256.629009 standard 1
VSS_READY 427 for 2 SENT from 4 to 7 at 1316051256.629009 standard 1
PRE_VSS_READY * for 2 SENT from 4 to 8 at 1316051256.632153 standard 1
BEFORE_LOCK * for 2 SENT from 4 to 8 at 1316051256.632180 standard 1
AFTER_LOCK * for 2 SENT from 4 to 8 at 1316051256.632180 standard 1
AFTER_AFTER_LOCK * for 2 SENT from 4 to 8 at 1316051256.632181 standard 1
AFTER_LOCK2 * for 2 SENT from 4 to 8 at 1316051256.632181 standard 1
VSS_READY 428 for 2 SENT from 4 to 8 at 1316051256.632181 standard 1
PRE_VSS_READY * for 2 SENT from 4 to 9 at 1316051256.634893 standard 1
BEFORE_LOCK * for 2 SENT from 4 to 9 at 1316051256.634902 standard 1
AFTER_LOCK * for 2 SENT from 4 to 9 at 1316051256.634903 standard 1
AFTER_AFTER_LOCK * for 2 SENT from 4 to 9 at 1316051256.634961 standard 1
AFTER_LOCK2 * for 2 SENT from 4 to 9 at 1316051256.634962 standard 1
VSS_READY 429 for 2 SENT from 4 to 9 at 1316051256.634962 standard 1
PRE_VSS_READY * for 2 SENT from 4 to 10 at 1316051256.637946 standard 1
BEFORE_LOCK * for 2 SENT from 4 to 10 at 1316051256.637956 standard 1
AFTER_LOCK * for 2 SENT from 4 to 10 at 1316051256.637957 standard 1
AFTER_AFTER_LOCK * for 2 SENT from 4 to 10 at 1316051256.638012 standard 1
AFTER_LOCK2 * for 2 SENT from 4 to 10 at 1316051256.638013 standard 1
VSS_READY 430 for 2 SENT from 4 to 10 at 1316051256.638013 standard 1
PRE_VSS_READY * for 2 SENT from 4 to 11 at 1316051256.640846 standard 1
BEFORE_LOCK * for 2 SENT from 4 to 11 at 1316051256.640855 standard 1
AFTER_LOCK * for 2 SENT from 4 to 11 at 1316051256.640856 standard 1
AFTER_AFTER_LOCK * for 2 SENT from 4 to 11 at 1316051256.640911 standard 1
AFTER_LOCK2 * for 2 SENT from 4 to 11 at 1316051256.640912 standard 1
VSS_READY 431 for 2 SENT from 4 to 11 at 1316051256.640912 standard 1
PRE_VSS_READY * for 2 SENT from 4 to 12 at 1316051256.643731 standard 1
BEFORE_LOCK * for 2 SENT from 4 to 12 at 1316051256.643740 standard 1
AFTER_LOCK * for 2 SENT from 4 to 12 at 1316051256.643741 standard 1
AFTER_AFTER_LOCK * for 2 SENT from 4 to 12 at 1316051256.643796 standard 1
AFTER_LOCK2 * for 2 SENT from 4 to 12 at 1316051256.643796 standard 1
VSS_READY 432 for 2 SENT from 4 to 12 at 1316051256.643797 standard 1
PRE_VSS_READY * for 2 SENT from 4 to 13 at 1316051256.646464 standard 1
BEFORE_LOCK * for 2 SENT from 4 to 13 at 1316051256.646473 standard 1
AFTER_LOCK * for 2 SENT from 4 to 13 at 1316051256.646474 standard 1
AFTER_AFTER_LOCK * for 2 SENT from 4 to 13 at 1316051256.646529 standard 1
AFTER_LOCK2 * for 2 SENT from 4 to 13 at 1316051256.646529 standard 1
VSS_READY 433 for 2 SENT from 4 to 13 at 1316051256.646529 standard 1
PRE_VSS_READY * for 2 SENT from 4 to 14 at 1316051256.649317 standard 1
BEFORE_LOCK * for 2 SENT from 4 to 14 at 1316051256.649326 standard 1
AFTER_LOCK * for 2 SENT from 4 to 14 at 1316051256.649327 standard 1
AFTER_AFTER_LOCK * for 2 SENT from 4 to 14 at 1316051256.649381 standard 1
AFTER_LOCK2 * for 2 SENT from 4 to 14 at 1316051256.649381 standard 1
VSS_READY 434 for 2 SENT from 4 to 14 at 1316051256.649382 standard 1
PRE_VSS_READY * for 2 SENT from 4 to 15 at 1316051256.652315 standard 1
BEFORE_LOCK * for 2 SENT from 4 to 15 at 1316051256.652324 standard 1
AFTER_LOCK * for 2 SENT from 4 to 15 at 1316051256.652325 standard 1
AFTER_AFTER_LOCK * for 2 SENT from 4 to 15 at 1316051256.652380 standard 1
AFTER_LOCK2 * for 2 SENT from 4 to 15 at 1316051256.652380 standard 1
VSS_READY 435 for 2 SENT from 4 to 15 at 1316051256.652381 standard 1
PRE_VSS_READY * for 2 SENT from 4 to 16 at 1316051256.655225 standard 1
BEFORE_LOCK * for 2 SENT from 4 to 16 at 1316051256.655234 standard 1
AFTER_LOCK * for 2 SENT from 4 to 16 at 1316051256.655235 standard 1
AFTER_AFTER_LOCK * for 2 SENT from 4 to 16 at 1316051256.655289 standard 1
AFTER_LOCK2 * for 2 SENT from 4 to 16 at 1316051256.655290 standard 1
VSS_READY 436 for 2 SENT from 4 to 16 at 1316051256.655290 standard 1
PRE_VSS_READY * for 2 SENT from 4 to 17 at 1316051256.658040 standard 1
BEFORE_LOCK * for 2 SENT from 4 to 17 at 1316051256.658049 standard 1
AFTER_LOCK * for 2 SENT from 4 to 17 at 1316051256.658050 standard 1
AFTER_AFTER_LOCK * for 2 SENT from 4 to 17 at 1316051256.658104 standard 1
AFTER_LOCK2 * for 2 SENT from 4 to 17 at 1316051256.658105 standard 1
VSS_READY 437 for 2 SENT from 4 to 17 at 1316051256.658105 standard 1
PRE_VSS_READY * for 2 SENT from 4 to 18 at 1316051256.660887 standard 1
BEFORE_LOCK * for 2 SENT from 4 to 18 at 1316051256.660896 standard 1
AFTER_LOCK * for 2 SENT from 4 to 18 at 1316051256.660896 standard 1
AFTER_AFTER_LOCK * for 2 SENT from 4 to 18 at 1316051256.660955 standard 1
AFTER_LOCK2 * for 2 SENT from 4 to 18 at 1316051256.660956 standard 1
VSS_READY 438 for 2 SENT from 4 to 18 at 1316051256.660956 standard 1
PRE_VSS_READY * for 2 SENT from 4 to 19 at 1316051256.663760 standard 1
BEFORE_LOCK * for 2 SENT from 4 to 19 at 1316051256.663769 standard 1
AFTER_LOCK * for 2 SENT from 4 to 19 at 1316051256.663770 standard 1
AFTER_AFTER_LOCK * for 2 SENT from 4 to 19 at 1316051256.663824 standard 1
AFTER_LOCK2 * for 2 SENT from 4 to 19 at 1316051256.663824 standard 1
VSS_READY 439 for 2 SENT from 4 to 19 at 1316051256.663825 standard 1
PRE_VSS_READY * for 2 SENT from 4 to 20 at 1316051256.666528 standard 1
BEFORE_LOCK * for 2 SENT from 4 to 20 at 1316051256.666537 standard 1
AFTER_LOCK * for 2 SENT from 4 to 20 at 1316051256.666538 standard 1
AFTER_AFTER_LOCK * for 2 SENT from 4 to 20 at 1316051256.666592 standard 1
AFTER_LOCK2 * for 2 SENT from 4 to 20 at 1316051256.666592 standard 1
VSS_READY 440 for 2 SENT from 4 to 20 at 1316051256.666593 standard 1
VSS_READY 90 for 1 RECEIVED from 2 to 4 at 1316051256.666644
VSS_READY 587 for 2 RECEIVED from 1 to 4 at 1316051256.690100
VSS_READY 424 for 2 RECEIVED from 4 to 4 at 1316051256.713553
VSS_READY 403 for 2 RECEIVED from 7 to 4 at 1316051256.736230
VSS_READY 402 for 2 RECEIVED from 9 to 4 at 1316051256.758977
VSS_READY 430 for 2 RECEIVED from 10 to 4 at 1316051256.781793
VSS_READY 428 for 2 RECEIVED from 12 to 4 at 1316051256.804436
VSS_READY 439 for 2 RECEIVED from 14 to 4 at 1316051256.827049
VSS_READY 446 for 2 RECEIVED from 16 to 4 at 1316051256.849664
VSS_READY 425 for 2 RECEIVED from 17 to 4 at 1316051256.872396
VSS_READY 382 for 2 RECEIVED from 11 to 4 at 1316051256.895114
VSS_READY 261 for 2 RECEIVED from 5 to 4 at 1316051256.917767
DKG_SEND 746 for * RECEIVED from 1 to 4 at 1316051256.965090
DKG_ECHO 584 for 1 SENT from 4 to 1 at 1316051257.130978 standard 1
DKG_ECHO 585 for 1 SENT from 4 to 2 at 1316051257.133646 standard 1
DKG_ECHO 586 for 1 SENT from 4 to 3 at 1316051257.136158 standard 1
DKG_ECHO 587 for 1 SENT from 4 to 4 at 1316051257.139064 standard 1
DKG_ECHO 588 for 1 SENT from 4 to 5 at 1316051257.141682 standard 1
DKG_ECHO 589 for 1 SENT from 4 to 6 at 1316051257.144159 standard 1
DKG_ECHO 590 for 1 SENT from 4 to 7 at 1316051257.146807 standard 1
DKG_ECHO 591 for 1 SENT from 4 to 8 at 1316051257.149346 standard 1
DKG_ECHO 592 for 1 SENT from 4 to 9 at 1316051257.151959 standard 1
DKG_ECHO 593 for 1 SENT from 4 to 10 at 1316051257.154574 standard 1
DKG_ECHO 594 for 1 SENT from 4 to 11 at 1316051257.157308 standard 1
DKG_ECHO 595 for 1 SENT from 4 to 12 at 1316051257.159964 standard 1
DKG_ECHO 596 for 1 SENT from 4 to 13 at 1316051257.162589 standard 1
DKG_ECHO 597 for 1 SENT from 4 to 14 at 1316051257.165426 standard 1
DKG_ECHO 598 for 1 SENT from 4 to 15 at 1316051257.168013 standard 1
DKG_ECHO 599 for 1 SENT from 4 to 16 at 1316051257.170462 standard 1
DKG_ECHO 600 for 1 SENT from 4 to 17 at 1316051257.173053 standard 1
DKG_ECHO 601 for 1 SENT from 4 to 18 at 1316051257.175690 standard 1
DKG_ECHO 602 for 1 SENT from 4 to 19 at 1316051257.178354 standard 1
DKG_ECHO 603 for 1 SENT from 4 to 20 at 1316051257.180794 standard 1
DKG_ECHO 587 for 1 RECEIVED from 4 to 4 at 1316051257.180818
DKG_ECHO 589 for 1 RECEIVED from 7 to 4 at 1316051257.183912
DKG_ECHO 588 for 1 RECEIVED from 9 to 4 at 1316051257.186959
DKG_ECHO 588 for 1 RECEIVED from 10 to 4 at 1316051257.189897
DKG_ECHO 539 for 1 RECEIVED from 12 to 4 at 1316051257.192954
DKG_ECHO 589 for 1 RECEIVED from 14 to 4 at 1316051257.195971
DKG_ECHO 566 for 1 RECEIVED from 16 to 4 at 1316051257.198860
DKG_ECHO 568 for 1 RECEIVED from 17 to 4 at 1316051257.202111
VSS_READY 392 for 2 RECEIVED from 19 to 4 at 1316051257.205355



*============================================
*2ENOUGH VSS_READY message for 4 at 1316051257.205355
*Threshold : Ready = 12
*Received Ready Message Num = 12
*VSS Share is complete for dealer 2
============================================

BEFORE_LOCK * for 2 SENT from 4 to 1 at 1316051257.229415 standard 1
AFTER_LOCK * for 2 SENT from 4 to 1 at 1316051257.229416 standard 1
AFTER_AFTER_LOCK * for 2 SENT from 4 to 1 at 1316051257.229473 standard 1
AFTER_LOCK2 * for 2 SENT from 4 to 1 at 1316051257.229473 standard 1
VSS_SHARED 713 for 2 SENT from 4 to 1 at 1316051257.229495 standard 1
VSS_READY 153 for 2 RECEIVED from 2 to 4 at 1316051257.229531
DKG_ECHO 903 for 1 RECEIVED from 1 to 4 at 1316051257.252286
DKG_ECHO 560 for 1 RECEIVED from 11 to 4 at 1316051257.276460
DKG_ECHO 555 for 1 RECEIVED from 19 to 4 at 1316051257.404250
DKG_ECHO 416 for 1 RECEIVED from 5 to 4 at 1316051257.480011



============================================
*ENOUGH DKG_ECHO message for 4 at 1316051257.480011
*Threshold : Echo = 12
*Received Echo Message Num = 12
*DKG_Readys are sent out...
============================================

DKG_READY 767 for 1 SENT from 4 to 1 at 1316051257.486065 standard 1
DKG_READY 768 for 1 SENT from 4 to 2 at 1316051257.488761 standard 1
DKG_READY 769 for 1 SENT from 4 to 3 at 1316051257.491445 standard 1
DKG_READY 770 for 1 SENT from 4 to 4 at 1316051257.493980 standard 1
DKG_READY 771 for 1 SENT from 4 to 5 at 1316051257.496589 standard 1
DKG_READY 772 for 1 SENT from 4 to 6 at 1316051257.499222 standard 1
DKG_READY 773 for 1 SENT from 4 to 7 at 1316051257.501764 standard 1
DKG_READY 774 for 1 SENT from 4 to 8 at 1316051257.504333 standard 1
DKG_READY 775 for 1 SENT from 4 to 9 at 1316051257.507069 standard 1
DKG_READY 776 for 1 SENT from 4 to 10 at 1316051257.509760 standard 1
DKG_READY 777 for 1 SENT from 4 to 11 at 1316051257.512287 standard 1
DKG_READY 778 for 1 SENT from 4 to 12 at 1316051257.514756 standard 1
DKG_READY 779 for 1 SENT from 4 to 13 at 1316051257.517404 standard 1
DKG_READY 780 for 1 SENT from 4 to 14 at 1316051257.519977 standard 1
DKG_READY 781 for 1 SENT from 4 to 15 at 1316051257.522538 standard 1
DKG_READY 782 for 1 SENT from 4 to 16 at 1316051257.525275 standard 1
DKG_READY 783 for 1 SENT from 4 to 17 at 1316051257.527993 standard 1
DKG_READY 784 for 1 SENT from 4 to 18 at 1316051257.530770 standard 1
DKG_READY 785 for 1 SENT from 4 to 19 at 1316051257.533636 standard 1
DKG_READY 786 for 1 SENT from 4 to 20 at 1316051257.536369 standard 1
DKG_READY 749 for 1 RECEIVED from 7 to 4 at 1316051257.536392
DKG_READY 773 for 1 RECEIVED from 9 to 4 at 1316051257.539504
DKG_READY 748 for 1 RECEIVED from 10 to 4 at 1316051257.542473
DKG_READY 720 for 1 RECEIVED from 11 to 4 at 1316051257.545467
DKG_READY 1063 for 1 RECEIVED from 1 to 4 at 1316051257.548408
DKG_READY 770 for 1 RECEIVED from 4 to 4 at 1316051257.551503
DKG_READY 774 for 1 RECEIVED from 16 to 4 at 1316051257.554767
DKG_READY 753 for 1 RECEIVED from 17 to 4 at 1316051257.557857
DKG_READY 749 for 1 RECEIVED from 14 to 4 at 1316051257.560898
VSS_READY 395 for 2 RECEIVED from 15 to 4 at 1316051257.621771
DKG_READY 766 for 1 RECEIVED from 12 to 4 at 1316051257.645119
VSS_ECHO 1233 for 3 RECEIVED from 1 to 4 at 1316051257.705153
DKG_READY 623 for 1 RECEIVED from 5 to 4 at 1316051257.858267
VSS_ECHO 953 for 3 RECEIVED from 9 to 4 at 1316051257.861355
VSS_ECHO 901 for 3 RECEIVED from 12 to 4 at 1316051257.874551
DKG_READY 738 for 1 RECEIVED from 19 to 4 at 1316051257.887706



============================================
*2ENOUGH DKG_READY message for 4 at 1316051257.887706
*Threshold : Ready = 12
*Received Ready Message Num = 12
============================================

DKG_COMPLETE * for 1 RS from 4 to * at 1316051257.887706 :)
