-Run node 5 starting at 1316051240.811466 with version 5.2
-Function node 5 starting at 1316051250.811781
LEADER_CHANGE 1 for * SENT from 5 to 1 at 1316051250.816361 standard 1
COMPUTING_ZR * for * RS from 5 to * at 1316051250.816697
END_COMPUTING_ZR * for * RS from 5 to * at 1316051250.818188
COMPUTE_BI * for * RS from 5 to * at 1316051250.818216
COMPUTE_CM * for * RS from 5 to * at 1316051250.824848
COMPUTE_ZR2 * for * RS from 5 to * at 1316051254.637219
COMPUTE_PL * for * RS from 5 to * at 1316051254.637261
CVSS_SEND * for * RS from 5 to * at 1316051254.637656
BEFORE_LOCK * for * SENT from 5 to 1 at 1316051254.637672 standard 1
AFTER_LOCK * for * SENT from 5 to 1 at 1316051254.637674 standard 1
AFTER_AFTER_LOCK * for * SENT from 5 to 1 at 1316051254.638095 standard 1
AFTER_LOCK2 * for * SENT from 5 to 1 at 1316051254.638096 standard 1
VSS_SEND 3 for * SENT from 5 to 1 at 1316051254.638150 standard 1
COMPUTE_ZR2 * for * RS from 5 to * at 1316051254.638196
COMPUTE_PL * for * RS from 5 to * at 1316051254.638214
CVSS_SEND * for * RS from 5 to * at 1316051254.638709
BEFORE_LOCK * for * SENT from 5 to 2 at 1316051254.638725 standard 1
AFTER_LOCK * for * SENT from 5 to 2 at 1316051254.638726 standard 1
AFTER_AFTER_LOCK * for * SENT from 5 to 2 at 1316051254.639118 standard 1
AFTER_LOCK2 * for * SENT from 5 to 2 at 1316051254.639119 standard 1
VSS_SEND 4 for * SENT from 5 to 2 at 1316051254.639163 standard 1
COMPUTE_ZR2 * for * RS from 5 to * at 1316051254.639201
COMPUTE_PL * for * RS from 5 to * at 1316051254.639217
CVSS_SEND * for * RS from 5 to * at 1316051254.639635
BEFORE_LOCK * for * SENT from 5 to 3 at 1316051254.639648 standard 1
AFTER_LOCK * for * SENT from 5 to 3 at 1316051254.639649 standard 1
AFTER_AFTER_LOCK * for * SENT from 5 to 3 at 1316051254.639893 standard 1
AFTER_LOCK2 * for * SENT from 5 to 3 at 1316051254.639894 standard 1
VSS_SEND 5 for * SENT from 5 to 3 at 1316051254.639939 standard 1
COMPUTE_ZR2 * for * RS from 5 to * at 1316051254.639978
COMPUTE_PL * for * RS from 5 to * at 1316051254.639995
CVSS_SEND * for * RS from 5 to * at 1316051254.640411
BEFORE_LOCK * for * SENT from 5 to 4 at 1316051254.640427 standard 1
AFTER_LOCK * for * SENT from 5 to 4 at 1316051254.640428 standard 1
AFTER_AFTER_LOCK * for * SENT from 5 to 4 at 1316051254.640770 standard 1
AFTER_LOCK2 * for * SENT from 5 to 4 at 1316051254.640771 standard 1
VSS_SEND 6 for * SENT from 5 to 4 at 1316051254.640817 standard 1
COMPUTE_ZR2 * for * RS from 5 to * at 1316051254.640859
COMPUTE_PL * for * RS from 5 to * at 1316051254.640875
CVSS_SEND * for * RS from 5 to * at 1316051254.641207
BEFORE_LOCK * for * SENT from 5 to 5 at 1316051254.641219 standard 1
AFTER_LOCK * for * SENT from 5 to 5 at 1316051254.641220 standard 1
AFTER_AFTER_LOCK * for * SENT from 5 to 5 at 1316051254.641461 standard 1
AFTER_LOCK2 * for * SENT from 5 to 5 at 1316051254.641462 standard 1
VSS_SEND 7 for * SENT from 5 to 5 at 1316051254.641509 standard 1
COMPUTE_ZR2 * for * RS from 5 to * at 1316051254.641547
COMPUTE_PL * for * RS from 5 to * at 1316051254.641563
CVSS_SEND * for * RS from 5 to * at 1316051254.641958
BEFORE_LOCK * for * SENT from 5 to 6 at 1316051254.641969 standard 1
AFTER_LOCK * for * SENT from 5 to 6 at 1316051254.641970 standard 1
AFTER_AFTER_LOCK * for * SENT from 5 to 6 at 1316051254.642009 standard 1
AFTER_LOCK2 * for * SENT from 5 to 6 at 1316051254.642010 standard 1
VSS_SEND 8 for * SENT from 5 to 6 at 1316051254.642056 standard 1
COMPUTE_ZR2 * for * RS from 5 to * at 1316051254.642096
COMPUTE_PL * for * RS from 5 to * at 1316051254.642112
CVSS_SEND * for * RS from 5 to * at 1316051254.642618
BEFORE_LOCK * for * SENT from 5 to 7 at 1316051254.642636 standard 1
AFTER_LOCK * for * SENT from 5 to 7 at 1316051254.642637 standard 1
AFTER_AFTER_LOCK * for * SENT from 5 to 7 at 1316051254.642926 standard 1
AFTER_LOCK2 * for * SENT from 5 to 7 at 1316051254.642926 standard 1
VSS_SEND 9 for * SENT from 5 to 7 at 1316051254.642966 standard 1
COMPUTE_ZR2 * for * RS from 5 to * at 1316051254.643000
COMPUTE_PL * for * RS from 5 to * at 1316051254.643014
CVSS_SEND * for * RS from 5 to * at 1316051254.643520
BEFORE_LOCK * for * SENT from 5 to 8 at 1316051254.643594 standard 1
AFTER_LOCK * for * SENT from 5 to 8 at 1316051254.643595 standard 1
AFTER_AFTER_LOCK * for * SENT from 5 to 8 at 1316051254.644095 standard 1
AFTER_LOCK2 * for * SENT from 5 to 8 at 1316051254.644096 standard 1
VSS_SEND 10 for * SENT from 5 to 8 at 1316051254.644148 standard 1
COMPUTE_ZR2 * for * RS from 5 to * at 1316051254.644191
COMPUTE_PL * for * RS from 5 to * at 1316051254.644209
CVSS_SEND * for * RS from 5 to * at 1316051254.644581
BEFORE_LOCK * for * SENT from 5 to 9 at 1316051254.644593 standard 1
AFTER_LOCK * for * SENT from 5 to 9 at 1316051254.644594 standard 1
AFTER_AFTER_LOCK * for * SENT from 5 to 9 at 1316051254.644942 standard 1
AFTER_LOCK2 * for * SENT from 5 to 9 at 1316051254.644942 standard 1
VSS_SEND 11 for * SENT from 5 to 9 at 1316051254.644989 standard 1
COMPUTE_ZR2 * for * RS from 5 to * at 1316051254.645028
COMPUTE_PL * for * RS from 5 to * at 1316051254.645044
CVSS_SEND * for * RS from 5 to * at 1316051254.645445
BEFORE_LOCK * for * SENT from 5 to 10 at 1316051254.645457 standard 1
AFTER_LOCK * for * SENT from 5 to 10 at 1316051254.645458 standard 1
AFTER_AFTER_LOCK * for * SENT from 5 to 10 at 1316051254.645720 standard 1
AFTER_LOCK2 * for * SENT from 5 to 10 at 1316051254.645721 standard 1
VSS_SEND 12 for * SENT from 5 to 10 at 1316051254.645768 standard 1
COMPUTE_ZR2 * for * RS from 5 to * at 1316051254.645808
COMPUTE_PL * for * RS from 5 to * at 1316051254.645824
CVSS_SEND * for * RS from 5 to * at 1316051254.646211
BEFORE_LOCK * for * SENT from 5 to 11 at 1316051254.646223 standard 1
AFTER_LOCK * for * SENT from 5 to 11 at 1316051254.646224 standard 1
AFTER_AFTER_LOCK * for * SENT from 5 to 11 at 1316051254.646564 standard 1
AFTER_LOCK2 * for * SENT from 5 to 11 at 1316051254.646565 standard 1
VSS_SEND 13 for * SENT from 5 to 11 at 1316051254.646608 standard 1
COMPUTE_ZR2 * for * RS from 5 to * at 1316051254.646646
COMPUTE_PL * for * RS from 5 to * at 1316051254.646660
CVSS_SEND * for * RS from 5 to * at 1316051254.647126
BEFORE_LOCK * for * SENT from 5 to 12 at 1316051254.647143 standard 1
AFTER_LOCK * for * SENT from 5 to 12 at 1316051254.647144 standard 1
AFTER_AFTER_LOCK * for * SENT from 5 to 12 at 1316051254.647538 standard 1
AFTER_LOCK2 * for * SENT from 5 to 12 at 1316051254.647539 standard 1
VSS_SEND 14 for * SENT from 5 to 12 at 1316051254.647587 standard 1
COMPUTE_ZR2 * for * RS from 5 to * at 1316051254.647629
COMPUTE_PL * for * RS from 5 to * at 1316051254.647646
CVSS_SEND * for * RS from 5 to * at 1316051254.648032
BEFORE_LOCK * for * SENT from 5 to 13 at 1316051254.648044 standard 1
AFTER_LOCK * for * SENT from 5 to 13 at 1316051254.648044 standard 1
AFTER_AFTER_LOCK * for * SENT from 5 to 13 at 1316051254.648308 standard 1
AFTER_LOCK2 * for * SENT from 5 to 13 at 1316051254.648309 standard 1
VSS_SEND 15 for * SENT from 5 to 13 at 1316051254.648365 standard 1
COMPUTE_ZR2 * for * RS from 5 to * at 1316051254.648406
COMPUTE_PL * for * RS from 5 to * at 1316051254.648422
CVSS_SEND * for * RS from 5 to * at 1316051254.648811
BEFORE_LOCK * for * SENT from 5 to 14 at 1316051254.648822 standard 1
AFTER_LOCK * for * SENT from 5 to 14 at 1316051254.648823 standard 1
AFTER_AFTER_LOCK * for * SENT from 5 to 14 at 1316051254.649197 standard 1
AFTER_LOCK2 * for * SENT from 5 to 14 at 1316051254.649198 standard 1
VSS_SEND 16 for * SENT from 5 to 14 at 1316051254.649249 standard 1
COMPUTE_ZR2 * for * RS from 5 to * at 1316051254.649291
COMPUTE_PL * for * RS from 5 to * at 1316051254.649308
CVSS_SEND * for * RS from 5 to * at 1316051254.649712
BEFORE_LOCK * for * SENT from 5 to 15 at 1316051254.649724 standard 1
AFTER_LOCK * for * SENT from 5 to 15 at 1316051254.649725 standard 1
AFTER_AFTER_LOCK * for * SENT from 5 to 15 at 1316051254.650149 standard 1
AFTER_LOCK2 * for * SENT from 5 to 15 at 1316051254.650150 standard 1
VSS_SEND 17 for * SENT from 5 to 15 at 1316051254.650197 standard 1
COMPUTE_ZR2 * for * RS from 5 to * at 1316051254.650236
COMPUTE_PL * for * RS from 5 to * at 1316051254.650252
CVSS_SEND * for * RS from 5 to * at 1316051254.650675
BEFORE_LOCK * for * SENT from 5 to 16 at 1316051254.650688 standard 1
AFTER_LOCK * for * SENT from 5 to 16 at 1316051254.650688 standard 1
AFTER_AFTER_LOCK * for * SENT from 5 to 16 at 1316051254.650920 standard 1
AFTER_LOCK2 * for * SENT from 5 to 16 at 1316051254.650921 standard 1
VSS_SEND 18 for * SENT from 5 to 16 at 1316051254.650967 standard 1
COMPUTE_ZR2 * for * RS from 5 to * at 1316051254.651005
COMPUTE_PL * for * RS from 5 to * at 1316051254.651022
CVSS_SEND * for * RS from 5 to * at 1316051254.651438
BEFORE_LOCK * for * SENT from 5 to 17 at 1316051254.651450 standard 1
AFTER_LOCK * for * SENT from 5 to 17 at 1316051254.651451 standard 1
AFTER_AFTER_LOCK * for * SENT from 5 to 17 at 1316051254.651800 standard 1
AFTER_LOCK2 * for * SENT from 5 to 17 at 1316051254.651801 standard 1
VSS_SEND 19 for * SENT from 5 to 17 at 1316051254.651848 standard 1
COMPUTE_ZR2 * for * RS from 5 to * at 1316051254.651888
COMPUTE_PL * for * RS from 5 to * at 1316051254.651904
CVSS_SEND * for * RS from 5 to * at 1316051254.652293
BEFORE_LOCK * for * SENT from 5 to 18 at 1316051254.652304 standard 1
AFTER_LOCK * for * SENT from 5 to 18 at 1316051254.652305 standard 1
AFTER_AFTER_LOCK * for * SENT from 5 to 18 at 1316051254.652546 standard 1
AFTER_LOCK2 * for * SENT from 5 to 18 at 1316051254.652547 standard 1
VSS_SEND 20 for * SENT from 5 to 18 at 1316051254.652594 standard 1
COMPUTE_ZR2 * for * RS from 5 to * at 1316051254.652634
COMPUTE_PL * for * RS from 5 to * at 1316051254.652650
CVSS_SEND * for * RS from 5 to * at 1316051254.653067
BEFORE_LOCK * for * SENT from 5 to 19 at 1316051254.653080 standard 1
AFTER_LOCK * for * SENT from 5 to 19 at 1316051254.653081 standard 1
AFTER_AFTER_LOCK * for * SENT from 5 to 19 at 1316051254.653456 standard 1
AFTER_LOCK2 * for * SENT from 5 to 19 at 1316051254.653457 standard 1
VSS_SEND 21 for * SENT from 5 to 19 at 1316051254.653505 standard 1
COMPUTE_ZR2 * for * RS from 5 to * at 1316051254.653546
COMPUTE_PL * for * RS from 5 to * at 1316051254.653562
CVSS_SEND * for * RS from 5 to * at 1316051254.654068
BEFORE_LOCK * for * SENT from 5 to 20 at 1316051254.654089 standard 1
AFTER_LOCK * for * SENT from 5 to 20 at 1316051254.654091 standard 1
AFTER_AFTER_LOCK * for * SENT from 5 to 20 at 1316051254.654574 standard 1
AFTER_LOCK2 * for * SENT from 5 to 20 at 1316051254.654574 standard 1
VSS_SEND 22 for * SENT from 5 to 20 at 1316051254.654624 standard 1
VSS_READY 206 for 1 RECEIVED from 1 to 5 at 1316051254.654705
VSS_ECHO 296 for 4 RECEIVED from 1 to 5 at 1316051254.684179
VSS_SEND 7 for * RECEIVED from 1 to 5 at 1316051254.699802
VSSECHO_STAGE3 * for * SENT from * to * at 1316051254.731978
VSSECHO_STAGE4 * for * SENT from * to * at 1316051254.732106
BEFORE_LOCK * for 1 SENT from 5 to 1 at 1316051254.732118 standard 1
AFTER_LOCK * for 1 SENT from 5 to 1 at 1316051254.732119 standard 1
AFTER_AFTER_LOCK * for 1 SENT from 5 to 1 at 1316051254.732535 standard 1
AFTER_LOCK2 * for 1 SENT from 5 to 1 at 1316051254.732535 standard 1
VSS_ECHO 31 for 1 SENT from 5 to 1 at 1316051254.732590 standard 1
VSSECHO_STAGE3 * for * SENT from * to * at 1316051254.732627
VSSECHO_STAGE4 * for * SENT from * to * at 1316051254.732802
BEFORE_LOCK * for 1 SENT from 5 to 2 at 1316051254.732815 standard 1
AFTER_LOCK * for 1 SENT from 5 to 2 at 1316051254.732816 standard 1
AFTER_AFTER_LOCK * for 1 SENT from 5 to 2 at 1316051254.732817 standard 1
AFTER_LOCK2 * for 1 SENT from 5 to 2 at 1316051254.732817 standard 1
VSS_ECHO 32 for 1 SENT from 5 to 2 at 1316051254.732858 standard 1
VSSECHO_STAGE3 * for * SENT from * to * at 1316051254.732883
VSSECHO_STAGE4 * for * SENT from * to * at 1316051254.733033
BEFORE_LOCK * for 1 SENT from 5 to 3 at 1316051254.733042 standard 1
AFTER_LOCK * for 1 SENT from 5 to 3 at 1316051254.733043 standard 1
AFTER_AFTER_LOCK * for 1 SENT from 5 to 3 at 1316051254.733043 standard 1
AFTER_LOCK2 * for 1 SENT from 5 to 3 at 1316051254.733044 standard 1
VSS_ECHO 33 for 1 SENT from 5 to 3 at 1316051254.733077 standard 1
VSSECHO_STAGE3 * for * SENT from * to * at 1316051254.733097
VSSECHO_STAGE4 * for * SENT from * to * at 1316051254.733242
BEFORE_LOCK * for 1 SENT from 5 to 4 at 1316051254.733252 standard 1
AFTER_LOCK * for 1 SENT from 5 to 4 at 1316051254.733253 standard 1
AFTER_AFTER_LOCK * for 1 SENT from 5 to 4 at 1316051254.733253 standard 1
AFTER_LOCK2 * for 1 SENT from 5 to 4 at 1316051254.733253 standard 1
VSS_ECHO 34 for 1 SENT from 5 to 4 at 1316051254.733286 standard 1
VSSECHO_STAGE3 * for * SENT from * to * at 1316051254.733306
VSSECHO_STAGE4 * for * SENT from * to * at 1316051254.733425
BEFORE_LOCK * for 1 SENT from 5 to 5 at 1316051254.733435 standard 1
AFTER_LOCK * for 1 SENT from 5 to 5 at 1316051254.733436 standard 1
AFTER_AFTER_LOCK * for 1 SENT from 5 to 5 at 1316051254.733436 standard 1
AFTER_LOCK2 * for 1 SENT from 5 to 5 at 1316051254.733437 standard 1
VSS_ECHO 35 for 1 SENT from 5 to 5 at 1316051254.733469 standard 1
VSSECHO_STAGE3 * for * SENT from * to * at 1316051254.733489
VSSECHO_STAGE4 * for * SENT from * to * at 1316051254.733607
BEFORE_LOCK * for 1 SENT from 5 to 6 at 1316051254.733617 standard 1
AFTER_LOCK * for 1 SENT from 5 to 6 at 1316051254.733617 standard 1
AFTER_AFTER_LOCK * for 1 SENT from 5 to 6 at 1316051254.733618 standard 1
AFTER_LOCK2 * for 1 SENT from 5 to 6 at 1316051254.733618 standard 1
VSS_ECHO 36 for 1 SENT from 5 to 6 at 1316051254.733651 standard 1
VSSECHO_STAGE3 * for * SENT from * to * at 1316051254.733670
VSSECHO_STAGE4 * for * SENT from * to * at 1316051254.733780
BEFORE_LOCK * for 1 SENT from 5 to 7 at 1316051254.733789 standard 1
AFTER_LOCK * for 1 SENT from 5 to 7 at 1316051254.733790 standard 1
AFTER_AFTER_LOCK * for 1 SENT from 5 to 7 at 1316051254.733790 standard 1
AFTER_LOCK2 * for 1 SENT from 5 to 7 at 1316051254.733791 standard 1
VSS_ECHO 37 for 1 SENT from 5 to 7 at 1316051254.733823 standard 1
VSSECHO_STAGE3 * for * SENT from * to * at 1316051254.733843
VSSECHO_STAGE4 * for * SENT from * to * at 1316051254.733973
BEFORE_LOCK * for 1 SENT from 5 to 8 at 1316051254.733983 standard 1
AFTER_LOCK * for 1 SENT from 5 to 8 at 1316051254.733984 standard 1
AFTER_AFTER_LOCK * for 1 SENT from 5 to 8 at 1316051254.733984 standard 1
AFTER_LOCK2 * for 1 SENT from 5 to 8 at 1316051254.733985 standard 1
VSS_ECHO 38 for 1 SENT from 5 to 8 at 1316051254.734018 standard 1
VSSECHO_STAGE3 * for * SENT from * to * at 1316051254.734046
VSSECHO_STAGE4 * for * SENT from * to * at 1316051254.734156
BEFORE_LOCK * for 1 SENT from 5 to 9 at 1316051254.734165 standard 1
AFTER_LOCK * for 1 SENT from 5 to 9 at 1316051254.734166 standard 1
AFTER_AFTER_LOCK * for 1 SENT from 5 to 9 at 1316051254.734565 standard 1
AFTER_LOCK2 * for 1 SENT from 5 to 9 at 1316051254.734566 standard 1
VSS_ECHO 39 for 1 SENT from 5 to 9 at 1316051254.734617 standard 1
VSSECHO_STAGE3 * for * SENT from * to * at 1316051254.734652
VSSECHO_STAGE4 * for * SENT from * to * at 1316051254.734869
BEFORE_LOCK * for 1 SENT from 5 to 10 at 1316051254.734882 standard 1
AFTER_LOCK * for 1 SENT from 5 to 10 at 1316051254.734883 standard 1
AFTER_AFTER_LOCK * for 1 SENT from 5 to 10 at 1316051254.734905 standard 1
AFTER_LOCK2 * for 1 SENT from 5 to 10 at 1316051254.734906 standard 1
VSS_ECHO 40 for 1 SENT from 5 to 10 at 1316051254.734954 standard 1
VSSECHO_STAGE3 * for * SENT from * to * at 1316051254.734988
VSSECHO_STAGE4 * for * SENT from * to * at 1316051254.735131
BEFORE_LOCK * for 1 SENT from 5 to 11 at 1316051254.735143 standard 1
AFTER_LOCK * for 1 SENT from 5 to 11 at 1316051254.735144 standard 1
AFTER_AFTER_LOCK * for 1 SENT from 5 to 11 at 1316051254.735144 standard 1
AFTER_LOCK2 * for 1 SENT from 5 to 11 at 1316051254.735145 standard 1
VSS_ECHO 41 for 1 SENT from 5 to 11 at 1316051254.735177 standard 1
VSSECHO_STAGE3 * for * SENT from * to * at 1316051254.735198
VSSECHO_STAGE4 * for * SENT from * to * at 1316051254.735313
BEFORE_LOCK * for 1 SENT from 5 to 12 at 1316051254.735323 standard 1
AFTER_LOCK * for 1 SENT from 5 to 12 at 1316051254.735324 standard 1
AFTER_AFTER_LOCK * for 1 SENT from 5 to 12 at 1316051254.735589 standard 1
AFTER_LOCK2 * for 1 SENT from 5 to 12 at 1316051254.735590 standard 1
VSS_ECHO 42 for 1 SENT from 5 to 12 at 1316051254.735675 standard 1
VSSECHO_STAGE3 * for * SENT from * to * at 1316051254.735708
VSSECHO_STAGE4 * for * SENT from * to * at 1316051254.735888
BEFORE_LOCK * for 1 SENT from 5 to 13 at 1316051254.735904 standard 1
AFTER_LOCK * for 1 SENT from 5 to 13 at 1316051254.735905 standard 1
AFTER_AFTER_LOCK * for 1 SENT from 5 to 13 at 1316051254.735905 standard 1
AFTER_LOCK2 * for 1 SENT from 5 to 13 at 1316051254.735906 standard 1
VSS_ECHO 43 for 1 SENT from 5 to 13 at 1316051254.735951 standard 1
VSSECHO_STAGE3 * for * SENT from * to * at 1316051254.735979
VSSECHO_STAGE4 * for * SENT from * to * at 1316051254.736148
BEFORE_LOCK * for 1 SENT from 5 to 14 at 1316051254.736159 standard 1
AFTER_LOCK * for 1 SENT from 5 to 14 at 1316051254.736160 standard 1
AFTER_AFTER_LOCK * for 1 SENT from 5 to 14 at 1316051254.736613 standard 1
AFTER_LOCK2 * for 1 SENT from 5 to 14 at 1316051254.736615 standard 1
VSS_ECHO 44 for 1 SENT from 5 to 14 at 1316051254.736672 standard 1
VSSECHO_STAGE3 * for * SENT from * to * at 1316051254.736711
VSSECHO_STAGE4 * for * SENT from * to * at 1316051254.736899
BEFORE_LOCK * for 1 SENT from 5 to 15 at 1316051254.736913 standard 1
AFTER_LOCK * for 1 SENT from 5 to 15 at 1316051254.736915 standard 1
AFTER_AFTER_LOCK * for 1 SENT from 5 to 15 at 1316051254.736915 standard 1
AFTER_LOCK2 * for 1 SENT from 5 to 15 at 1316051254.736916 standard 1
VSS_ECHO 45 for 1 SENT from 5 to 15 at 1316051254.736959 standard 1
VSSECHO_STAGE3 * for * SENT from * to * at 1316051254.736987
VSSECHO_STAGE4 * for * SENT from * to * at 1316051254.737141
BEFORE_LOCK * for 1 SENT from 5 to 16 at 1316051254.737151 standard 1
AFTER_LOCK * for 1 SENT from 5 to 16 at 1316051254.737152 standard 1
AFTER_AFTER_LOCK * for 1 SENT from 5 to 16 at 1316051254.737152 standard 1
AFTER_LOCK2 * for 1 SENT from 5 to 16 at 1316051254.737153 standard 1
VSS_ECHO 46 for 1 SENT from 5 to 16 at 1316051254.737185 standard 1
VSSECHO_STAGE3 * for * SENT from * to * at 1316051254.737207
VSSECHO_STAGE4 * for * SENT from * to * at 1316051254.737320
BEFORE_LOCK * for 1 SENT from 5 to 17 at 1316051254.737337 standard 1
AFTER_LOCK * for 1 SENT from 5 to 17 at 1316051254.737338 standard 1
AFTER_AFTER_LOCK * for 1 SENT from 5 to 17 at 1316051254.737652 standard 1
AFTER_LOCK2 * for 1 SENT from 5 to 17 at 1316051254.737653 standard 1
VSS_ECHO 47 for 1 SENT from 5 to 17 at 1316051254.737704 standard 1
VSSECHO_STAGE3 * for * SENT from * to * at 1316051254.737737
VSSECHO_STAGE4 * for * SENT from * to * at 1316051254.737919
BEFORE_LOCK * for 1 SENT from 5 to 18 at 1316051254.737932 standard 1
AFTER_LOCK * for 1 SENT from 5 to 18 at 1316051254.737933 standard 1
AFTER_AFTER_LOCK * for 1 SENT from 5 to 18 at 1316051254.737933 standard 1
AFTER_LOCK2 * for 1 SENT from 5 to 18 at 1316051254.737934 standard 1
VSS_ECHO 48 for 1 SENT from 5 to 18 at 1316051254.737976 standard 1
VSSECHO_STAGE3 * for * SENT from * to * at 1316051254.738001
VSSECHO_STAGE4 * for * SENT from * to * at 1316051254.738112
BEFORE_LOCK * for 1 SENT from 5 to 19 at 1316051254.738121 standard 1
AFTER_LOCK * for 1 SENT from 5 to 19 at 1316051254.738122 standard 1
AFTER_AFTER_LOCK * for 1 SENT from 5 to 19 at 1316051254.738122 standard 1
AFTER_LOCK2 * for 1 SENT from 5 to 19 at 1316051254.738123 standard 1
VSS_ECHO 49 for 1 SENT from 5 to 19 at 1316051254.738155 standard 1
VSSECHO_STAGE3 * for * SENT from * to * at 1316051254.738175
VSSECHO_STAGE4 * for * SENT from * to * at 1316051254.738288
BEFORE_LOCK * for 1 SENT from 5 to 20 at 1316051254.738298 standard 1
AFTER_LOCK * for 1 SENT from 5 to 20 at 1316051254.738299 standard 1
AFTER_AFTER_LOCK * for 1 SENT from 5 to 20 at 1316051254.738299 standard 1
AFTER_LOCK2 * for 1 SENT from 5 to 20 at 1316051254.738300 standard 1
VSS_ECHO 50 for 1 SENT from 5 to 20 at 1316051254.738341 standard 1
VSS_ECHO 8 for 1 RECEIVED from 12 to 5 at 1316051254.738372
VSS_ECHO 8 for 1 RECEIVED from 9 to 5 at 1316051254.754255
VSS_ECHO 8 for 1 RECEIVED from 17 to 5 at 1316051254.770121
VSS_ECHO 8 for 1 RECEIVED from 10 to 5 at 1316051254.785698
VSS_ECHO 8 for 1 RECEIVED from 14 to 5 at 1316051254.801691
VSS_READY 357 for 4 RECEIVED from 1 to 5 at 1316051254.819057
VSS_ECHO 40 for 1 RECEIVED from 1 to 5 at 1316051254.846238
VSS_READY 56 for 1 RECEIVED from 12 to 5 at 1316051254.862770
VSS_READY 57 for 1 RECEIVED from 9 to 5 at 1316051254.890900



============================================
*1ENOUGH VSS_READY message for 5 at 1316051254.890900
*Threshold : Ready = 3
*Received Ready Message Num = 3
*Ready messages are sending out...
============================================

BEFORE_LOCK * for 1 SENT from 5 to 1 at 1316051254.923156 standard 1
AFTER_LOCK * for 1 SENT from 5 to 1 at 1316051254.923158 standard 1
AFTER_AFTER_LOCK * for 1 SENT from 5 to 1 at 1316051254.923512 standard 1
AFTER_LOCK2 * for 1 SENT from 5 to 1 at 1316051254.923513 standard 1
VSS_READY 87 for 1 SENT from 5 to 1 at 1316051254.923514 standard 1
BEFORE_LOCK * for 1 SENT from 5 to 2 at 1316051254.927219 standard 1
AFTER_LOCK * for 1 SENT from 5 to 2 at 1316051254.927220 standard 1
AFTER_AFTER_LOCK * for 1 SENT from 5 to 2 at 1316051254.927220 standard 1
AFTER_LOCK2 * for 1 SENT from 5 to 2 at 1316051254.927221 standard 1
VSS_READY 88 for 1 SENT from 5 to 2 at 1316051254.927221 standard 1
BEFORE_LOCK * for 1 SENT from 5 to 3 at 1316051254.930958 standard 1
AFTER_LOCK * for 1 SENT from 5 to 3 at 1316051254.930959 standard 1
AFTER_AFTER_LOCK * for 1 SENT from 5 to 3 at 1316051254.930960 standard 1
AFTER_LOCK2 * for 1 SENT from 5 to 3 at 1316051254.930960 standard 1
VSS_READY 89 for 1 SENT from 5 to 3 at 1316051254.930961 standard 1
BEFORE_LOCK * for 1 SENT from 5 to 4 at 1316051254.934852 standard 1
AFTER_LOCK * for 1 SENT from 5 to 4 at 1316051254.934853 standard 1
AFTER_AFTER_LOCK * for 1 SENT from 5 to 4 at 1316051254.934854 standard 1
AFTER_LOCK2 * for 1 SENT from 5 to 4 at 1316051254.934854 standard 1
VSS_READY 90 for 1 SENT from 5 to 4 at 1316051254.934855 standard 1
BEFORE_LOCK * for 1 SENT from 5 to 5 at 1316051254.938414 standard 1
AFTER_LOCK * for 1 SENT from 5 to 5 at 1316051254.938415 standard 1
AFTER_AFTER_LOCK * for 1 SENT from 5 to 5 at 1316051254.938415 standard 1
AFTER_LOCK2 * for 1 SENT from 5 to 5 at 1316051254.938415 standard 1
VSS_READY 91 for 1 SENT from 5 to 5 at 1316051254.938416 standard 1
BEFORE_LOCK * for 1 SENT from 5 to 6 at 1316051254.942222 standard 1
AFTER_LOCK * for 1 SENT from 5 to 6 at 1316051254.942223 standard 1
AFTER_AFTER_LOCK * for 1 SENT from 5 to 6 at 1316051254.942224 standard 1
AFTER_LOCK2 * for 1 SENT from 5 to 6 at 1316051254.942224 standard 1
VSS_READY 92 for 1 SENT from 5 to 6 at 1316051254.942225 standard 1
BEFORE_LOCK * for 1 SENT from 5 to 7 at 1316051254.945862 standard 1
AFTER_LOCK * for 1 SENT from 5 to 7 at 1316051254.945863 standard 1
AFTER_AFTER_LOCK * for 1 SENT from 5 to 7 at 1316051254.945864 standard 1
AFTER_LOCK2 * for 1 SENT from 5 to 7 at 1316051254.945864 standard 1
VSS_READY 93 for 1 SENT from 5 to 7 at 1316051254.945865 standard 1
BEFORE_LOCK * for 1 SENT from 5 to 8 at 1316051254.949550 standard 1
AFTER_LOCK * for 1 SENT from 5 to 8 at 1316051254.949552 standard 1
AFTER_AFTER_LOCK * for 1 SENT from 5 to 8 at 1316051254.949552 standard 1
AFTER_LOCK2 * for 1 SENT from 5 to 8 at 1316051254.949552 standard 1
VSS_READY 94 for 1 SENT from 5 to 8 at 1316051254.949553 standard 1
BEFORE_LOCK * for 1 SENT from 5 to 9 at 1316051254.953171 standard 1
AFTER_LOCK * for 1 SENT from 5 to 9 at 1316051254.953172 standard 1
AFTER_AFTER_LOCK * for 1 SENT from 5 to 9 at 1316051254.953566 standard 1
AFTER_LOCK2 * for 1 SENT from 5 to 9 at 1316051254.953567 standard 1
VSS_READY 95 for 1 SENT from 5 to 9 at 1316051254.953568 standard 1
BEFORE_LOCK * for 1 SENT from 5 to 10 at 1316051254.957526 standard 1
AFTER_LOCK * for 1 SENT from 5 to 10 at 1316051254.957527 standard 1
AFTER_AFTER_LOCK * for 1 SENT from 5 to 10 at 1316051254.957860 standard 1
AFTER_LOCK2 * for 1 SENT from 5 to 10 at 1316051254.957861 standard 1
VSS_READY 96 for 1 SENT from 5 to 10 at 1316051254.957862 standard 1
BEFORE_LOCK * for 1 SENT from 5 to 11 at 1316051254.962193 standard 1
AFTER_LOCK * for 1 SENT from 5 to 11 at 1316051254.962195 standard 1
AFTER_AFTER_LOCK * for 1 SENT from 5 to 11 at 1316051254.962195 standard 1
AFTER_LOCK2 * for 1 SENT from 5 to 11 at 1316051254.962195 standard 1
VSS_READY 97 for 1 SENT from 5 to 11 at 1316051254.962196 standard 1
BEFORE_LOCK * for 1 SENT from 5 to 12 at 1316051254.965756 standard 1
AFTER_LOCK * for 1 SENT from 5 to 12 at 1316051254.965757 standard 1
AFTER_AFTER_LOCK * for 1 SENT from 5 to 12 at 1316051254.966126 standard 1
AFTER_LOCK2 * for 1 SENT from 5 to 12 at 1316051254.966127 standard 1
VSS_READY 98 for 1 SENT from 5 to 12 at 1316051254.966128 standard 1
BEFORE_LOCK * for 1 SENT from 5 to 13 at 1316051254.971034 standard 1
AFTER_LOCK * for 1 SENT from 5 to 13 at 1316051254.971036 standard 1
AFTER_AFTER_LOCK * for 1 SENT from 5 to 13 at 1316051254.971037 standard 1
AFTER_LOCK2 * for 1 SENT from 5 to 13 at 1316051254.971037 standard 1
VSS_READY 99 for 1 SENT from 5 to 13 at 1316051254.971038 standard 1
BEFORE_LOCK * for 1 SENT from 5 to 14 at 1316051254.975472 standard 1
AFTER_LOCK * for 1 SENT from 5 to 14 at 1316051254.975473 standard 1
AFTER_AFTER_LOCK * for 1 SENT from 5 to 14 at 1316051254.975941 standard 1
AFTER_LOCK2 * for 1 SENT from 5 to 14 at 1316051254.975942 standard 1
VSS_READY 100 for 1 SENT from 5 to 14 at 1316051254.975943 standard 1
BEFORE_LOCK * for 1 SENT from 5 to 15 at 1316051254.980107 standard 1
AFTER_LOCK * for 1 SENT from 5 to 15 at 1316051254.980108 standard 1
AFTER_AFTER_LOCK * for 1 SENT from 5 to 15 at 1316051254.980109 standard 1
AFTER_LOCK2 * for 1 SENT from 5 to 15 at 1316051254.980109 standard 1
VSS_READY 101 for 1 SENT from 5 to 15 at 1316051254.980110 standard 1
BEFORE_LOCK * for 1 SENT from 5 to 16 at 1316051254.983858 standard 1
AFTER_LOCK * for 1 SENT from 5 to 16 at 1316051254.983859 standard 1
AFTER_AFTER_LOCK * for 1 SENT from 5 to 16 at 1316051254.983860 standard 1
AFTER_LOCK2 * for 1 SENT from 5 to 16 at 1316051254.983860 standard 1
VSS_READY 102 for 1 SENT from 5 to 16 at 1316051254.983861 standard 1
BEFORE_LOCK * for 1 SENT from 5 to 17 at 1316051254.987824 standard 1
AFTER_LOCK * for 1 SENT from 5 to 17 at 1316051254.987825 standard 1
AFTER_AFTER_LOCK * for 1 SENT from 5 to 17 at 1316051254.988180 standard 1
AFTER_LOCK2 * for 1 SENT from 5 to 17 at 1316051254.988181 standard 1
VSS_READY 103 for 1 SENT from 5 to 17 at 1316051254.988182 standard 1
BEFORE_LOCK * for 1 SENT from 5 to 18 at 1316051254.992581 standard 1
AFTER_LOCK * for 1 SENT from 5 to 18 at 1316051254.992583 standard 1
AFTER_AFTER_LOCK * for 1 SENT from 5 to 18 at 1316051254.992584 standard 1
AFTER_LOCK2 * for 1 SENT from 5 to 18 at 1316051254.992584 standard 1
VSS_READY 104 for 1 SENT from 5 to 18 at 1316051254.992585 standard 1
BEFORE_LOCK * for 1 SENT from 5 to 19 at 1316051254.996564 standard 1
AFTER_LOCK * for 1 SENT from 5 to 19 at 1316051254.996565 standard 1
AFTER_AFTER_LOCK * for 1 SENT from 5 to 19 at 1316051254.996566 standard 1
AFTER_LOCK2 * for 1 SENT from 5 to 19 at 1316051254.996566 standard 1
VSS_READY 105 for 1 SENT from 5 to 19 at 1316051254.996567 standard 1
BEFORE_LOCK * for 1 SENT from 5 to 20 at 1316051255.000711 standard 1
AFTER_LOCK * for 1 SENT from 5 to 20 at 1316051255.000712 standard 1
AFTER_AFTER_LOCK * for 1 SENT from 5 to 20 at 1316051255.000713 standard 1
AFTER_LOCK2 * for 1 SENT from 5 to 20 at 1316051255.000713 standard 1
VSS_READY 106 for 1 SENT from 5 to 20 at 1316051255.000713 standard 1
VSS_READY 40 for 1 RECEIVED from 17 to 5 at 1316051255.000808
VSS_READY 57 for 1 RECEIVED from 10 to 5 at 1316051255.029717
VSS_READY 40 for 1 RECEIVED from 14 to 5 at 1316051255.070864
VSS_ECHO 497 for 5 RECEIVED from 1 to 5 at 1316051255.105792
VSS_ECHO 116 for 4 RECEIVED from 17 to 5 at 1316051255.122058
VSS_ECHO 120 for 4 RECEIVED from 10 to 5 at 1316051255.138053
VSS_ECHO 129 for 4 RECEIVED from 14 to 5 at 1316051255.153976
VSS_READY 179 for 4 RECEIVED from 17 to 5 at 1316051255.170707
VSS_ECHO 8 for 1 RECEIVED from 15 to 5 at 1316051255.198888
VSS_ECHO 298 for 5 RECEIVED from 19 to 5 at 1316051255.216435
VSS_READY 40 for 1 RECEIVED from 15 to 5 at 1316051255.232094
VSS_ECHO 132 for 4 RECEIVED from 15 to 5 at 1316051255.259723
VSS_READY 208 for 4 RECEIVED from 15 to 5 at 1316051255.275828



============================================
*1ENOUGH VSS_READY message for 5 at 1316051255.275828
*Threshold : Ready = 3
*Received Ready Message Num = 3
*Ready messages are sending out...
============================================

BEFORE_LOCK * for 4 SENT from 5 to 1 at 1316051255.310251 standard 1
AFTER_LOCK * for 4 SENT from 5 to 1 at 1316051255.310253 standard 1
AFTER_AFTER_LOCK * for 4 SENT from 5 to 1 at 1316051255.310644 standard 1
AFTER_LOCK2 * for 4 SENT from 5 to 1 at 1316051255.310645 standard 1
VSS_READY 162 for 4 SENT from 5 to 1 at 1316051255.310646 standard 1
BEFORE_LOCK * for 4 SENT from 5 to 2 at 1316051255.315027 standard 1
AFTER_LOCK * for 4 SENT from 5 to 2 at 1316051255.315028 standard 1
AFTER_AFTER_LOCK * for 4 SENT from 5 to 2 at 1316051255.315029 standard 1
AFTER_LOCK2 * for 4 SENT from 5 to 2 at 1316051255.315029 standard 1
VSS_READY 163 for 4 SENT from 5 to 2 at 1316051255.315029 standard 1
BEFORE_LOCK * for 4 SENT from 5 to 3 at 1316051255.319035 standard 1
AFTER_LOCK * for 4 SENT from 5 to 3 at 1316051255.319036 standard 1
AFTER_AFTER_LOCK * for 4 SENT from 5 to 3 at 1316051255.319037 standard 1
AFTER_LOCK2 * for 4 SENT from 5 to 3 at 1316051255.319037 standard 1
VSS_READY 164 for 4 SENT from 5 to 3 at 1316051255.319038 standard 1
BEFORE_LOCK * for 4 SENT from 5 to 4 at 1316051255.323005 standard 1
AFTER_LOCK * for 4 SENT from 5 to 4 at 1316051255.323006 standard 1
AFTER_AFTER_LOCK * for 4 SENT from 5 to 4 at 1316051255.323192 standard 1
AFTER_LOCK2 * for 4 SENT from 5 to 4 at 1316051255.323193 standard 1
VSS_READY 165 for 4 SENT from 5 to 4 at 1316051255.323193 standard 1
BEFORE_LOCK * for 4 SENT from 5 to 5 at 1316051255.327352 standard 1
AFTER_LOCK * for 4 SENT from 5 to 5 at 1316051255.327354 standard 1
AFTER_AFTER_LOCK * for 4 SENT from 5 to 5 at 1316051255.327354 standard 1
AFTER_LOCK2 * for 4 SENT from 5 to 5 at 1316051255.327355 standard 1
VSS_READY 166 for 4 SENT from 5 to 5 at 1316051255.327355 standard 1
BEFORE_LOCK * for 4 SENT from 5 to 6 at 1316051255.331384 standard 1
AFTER_LOCK * for 4 SENT from 5 to 6 at 1316051255.331385 standard 1
AFTER_AFTER_LOCK * for 4 SENT from 5 to 6 at 1316051255.331386 standard 1
AFTER_LOCK2 * for 4 SENT from 5 to 6 at 1316051255.331386 standard 1
VSS_READY 167 for 4 SENT from 5 to 6 at 1316051255.331387 standard 1
BEFORE_LOCK * for 4 SENT from 5 to 7 at 1316051255.335682 standard 1
AFTER_LOCK * for 4 SENT from 5 to 7 at 1316051255.335684 standard 1
AFTER_AFTER_LOCK * for 4 SENT from 5 to 7 at 1316051255.335888 standard 1
AFTER_LOCK2 * for 4 SENT from 5 to 7 at 1316051255.335889 standard 1
VSS_READY 168 for 4 SENT from 5 to 7 at 1316051255.335889 standard 1
BEFORE_LOCK * for 4 SENT from 5 to 8 at 1316051255.339793 standard 1
AFTER_LOCK * for 4 SENT from 5 to 8 at 1316051255.339794 standard 1
AFTER_AFTER_LOCK * for 4 SENT from 5 to 8 at 1316051255.339795 standard 1
AFTER_LOCK2 * for 4 SENT from 5 to 8 at 1316051255.339795 standard 1
VSS_READY 169 for 4 SENT from 5 to 8 at 1316051255.339795 standard 1
BEFORE_LOCK * for 4 SENT from 5 to 9 at 1316051255.344649 standard 1
AFTER_LOCK * for 4 SENT from 5 to 9 at 1316051255.344651 standard 1
AFTER_AFTER_LOCK * for 4 SENT from 5 to 9 at 1316051255.344839 standard 1
AFTER_LOCK2 * for 4 SENT from 5 to 9 at 1316051255.344839 standard 1
VSS_READY 170 for 4 SENT from 5 to 9 at 1316051255.344840 standard 1
BEFORE_LOCK * for 4 SENT from 5 to 10 at 1316051255.349282 standard 1
AFTER_LOCK * for 4 SENT from 5 to 10 at 1316051255.349283 standard 1
AFTER_AFTER_LOCK * for 4 SENT from 5 to 10 at 1316051255.349648 standard 1
AFTER_LOCK2 * for 4 SENT from 5 to 10 at 1316051255.349649 standard 1
VSS_READY 171 for 4 SENT from 5 to 10 at 1316051255.349650 standard 1
BEFORE_LOCK * for 4 SENT from 5 to 11 at 1316051255.353644 standard 1
AFTER_LOCK * for 4 SENT from 5 to 11 at 1316051255.353646 standard 1
AFTER_AFTER_LOCK * for 4 SENT from 5 to 11 at 1316051255.353980 standard 1
AFTER_LOCK2 * for 4 SENT from 5 to 11 at 1316051255.353981 standard 1
VSS_READY 172 for 4 SENT from 5 to 11 at 1316051255.353982 standard 1
BEFORE_LOCK * for 4 SENT from 5 to 12 at 1316051255.357862 standard 1
AFTER_LOCK * for 4 SENT from 5 to 12 at 1316051255.357863 standard 1
AFTER_AFTER_LOCK * for 4 SENT from 5 to 12 at 1316051255.358224 standard 1
AFTER_LOCK2 * for 4 SENT from 5 to 12 at 1316051255.358225 standard 1
VSS_READY 173 for 4 SENT from 5 to 12 at 1316051255.358226 standard 1
BEFORE_LOCK * for 4 SENT from 5 to 13 at 1316051255.362013 standard 1
AFTER_LOCK * for 4 SENT from 5 to 13 at 1316051255.362014 standard 1
AFTER_AFTER_LOCK * for 4 SENT from 5 to 13 at 1316051255.362015 standard 1
AFTER_LOCK2 * for 4 SENT from 5 to 13 at 1316051255.362015 standard 1
VSS_READY 174 for 4 SENT from 5 to 13 at 1316051255.362016 standard 1
BEFORE_LOCK * for 4 SENT from 5 to 14 at 1316051255.365827 standard 1
AFTER_LOCK * for 4 SENT from 5 to 14 at 1316051255.365828 standard 1
AFTER_AFTER_LOCK * for 4 SENT from 5 to 14 at 1316051255.366192 standard 1
AFTER_LOCK2 * for 4 SENT from 5 to 14 at 1316051255.366193 standard 1
VSS_READY 175 for 4 SENT from 5 to 14 at 1316051255.366194 standard 1
BEFORE_LOCK * for 4 SENT from 5 to 15 at 1316051255.369982 standard 1
AFTER_LOCK * for 4 SENT from 5 to 15 at 1316051255.369984 standard 1
AFTER_AFTER_LOCK * for 4 SENT from 5 to 15 at 1316051255.370310 standard 1
AFTER_LOCK2 * for 4 SENT from 5 to 15 at 1316051255.370311 standard 1
VSS_READY 176 for 4 SENT from 5 to 15 at 1316051255.370311 standard 1
BEFORE_LOCK * for 4 SENT from 5 to 16 at 1316051255.374160 standard 1
AFTER_LOCK * for 4 SENT from 5 to 16 at 1316051255.374162 standard 1
AFTER_AFTER_LOCK * for 4 SENT from 5 to 16 at 1316051255.374556 standard 1
AFTER_LOCK2 * for 4 SENT from 5 to 16 at 1316051255.374557 standard 1
VSS_READY 177 for 4 SENT from 5 to 16 at 1316051255.374558 standard 1
BEFORE_LOCK * for 4 SENT from 5 to 17 at 1316051255.378281 standard 1
AFTER_LOCK * for 4 SENT from 5 to 17 at 1316051255.378282 standard 1
AFTER_AFTER_LOCK * for 4 SENT from 5 to 17 at 1316051255.378659 standard 1
AFTER_LOCK2 * for 4 SENT from 5 to 17 at 1316051255.378660 standard 1
VSS_READY 178 for 4 SENT from 5 to 17 at 1316051255.378661 standard 1
BEFORE_LOCK * for 4 SENT from 5 to 18 at 1316051255.382512 standard 1
AFTER_LOCK * for 4 SENT from 5 to 18 at 1316051255.382513 standard 1
AFTER_AFTER_LOCK * for 4 SENT from 5 to 18 at 1316051255.382514 standard 1
AFTER_LOCK2 * for 4 SENT from 5 to 18 at 1316051255.382514 standard 1
VSS_READY 179 for 4 SENT from 5 to 18 at 1316051255.382515 standard 1
BEFORE_LOCK * for 4 SENT from 5 to 19 at 1316051255.386800 standard 1
AFTER_LOCK * for 4 SENT from 5 to 19 at 1316051255.386802 standard 1
AFTER_AFTER_LOCK * for 4 SENT from 5 to 19 at 1316051255.387149 standard 1
AFTER_LOCK2 * for 4 SENT from 5 to 19 at 1316051255.387150 standard 1
VSS_READY 180 for 4 SENT from 5 to 19 at 1316051255.387151 standard 1
BEFORE_LOCK * for 4 SENT from 5 to 20 at 1316051255.391099 standard 1
AFTER_LOCK * for 4 SENT from 5 to 20 at 1316051255.391100 standard 1
AFTER_AFTER_LOCK * for 4 SENT from 5 to 20 at 1316051255.391101 standard 1
AFTER_LOCK2 * for 4 SENT from 5 to 20 at 1316051255.391101 standard 1
VSS_READY 181 for 4 SENT from 5 to 20 at 1316051255.391102 standard 1
VSS_READY 33 for 1 RECEIVED from 11 to 5 at 1316051255.404885
VSS_ECHO 102 for 4 RECEIVED from 11 to 5 at 1316051255.432981
VSS_ECHO 335 for 5 RECEIVED from 9 to 5 at 1316051255.704213
VSS_ECHO 336 for 5 RECEIVED from 10 to 5 at 1316051255.720895
VSS_ECHO 295 for 5 RECEIVED from 11 to 5 at 1316051255.737102
VSS_ECHO 318 for 5 RECEIVED from 12 to 5 at 1316051255.753174
VSS_ECHO 337 for 5 RECEIVED from 14 to 5 at 1316051255.770084
VSS_ECHO 323 for 5 RECEIVED from 16 to 5 at 1316051255.786298
VSS_ECHO 331 for 5 RECEIVED from 4 to 5 at 1316051255.804227
VSS_ECHO 324 for 5 RECEIVED from 7 to 5 at 1316051255.820973
VSS_READY 150 for 4 RECEIVED from 11 to 5 at 1316051255.837538
VSS_SEND 7 for * RECEIVED from 4 to 5 at 1316051255.865904
VSSECHO_STAGE3 * for * SENT from * to * at 1316051255.899140
VSSECHO_STAGE4 * for * SENT from * to * at 1316051255.899303
BEFORE_LOCK * for 4 SENT from 5 to 1 at 1316051255.899315 standard 1
AFTER_LOCK * for 4 SENT from 5 to 1 at 1316051255.899316 standard 1
AFTER_AFTER_LOCK * for 4 SENT from 5 to 1 at 1316051255.899641 standard 1
AFTER_LOCK2 * for 4 SENT from 5 to 1 at 1316051255.899642 standard 1
VSS_ECHO 208 for 4 SENT from 5 to 1 at 1316051255.899696 standard 1
VSSECHO_STAGE3 * for * SENT from * to * at 1316051255.899729
VSSECHO_STAGE4 * for * SENT from * to * at 1316051255.899904
BEFORE_LOCK * for 4 SENT from 5 to 2 at 1316051255.899918 standard 1
AFTER_LOCK * for 4 SENT from 5 to 2 at 1316051255.899919 standard 1
AFTER_AFTER_LOCK * for 4 SENT from 5 to 2 at 1316051255.899919 standard 1
AFTER_LOCK2 * for 4 SENT from 5 to 2 at 1316051255.899920 standard 1
VSS_ECHO 209 for 4 SENT from 5 to 2 at 1316051255.899963 standard 1
VSSECHO_STAGE3 * for * SENT from * to * at 1316051255.899990
VSSECHO_STAGE4 * for * SENT from * to * at 1316051255.900112
BEFORE_LOCK * for 4 SENT from 5 to 3 at 1316051255.900122 standard 1
AFTER_LOCK * for 4 SENT from 5 to 3 at 1316051255.900123 standard 1
AFTER_AFTER_LOCK * for 4 SENT from 5 to 3 at 1316051255.900123 standard 1
AFTER_LOCK2 * for 4 SENT from 5 to 3 at 1316051255.900124 standard 1
VSS_ECHO 210 for 4 SENT from 5 to 3 at 1316051255.900166 standard 1
VSSECHO_STAGE3 * for * SENT from * to * at 1316051255.900186
VSSECHO_STAGE4 * for * SENT from * to * at 1316051255.900307
BEFORE_LOCK * for 4 SENT from 5 to 4 at 1316051255.900317 standard 1
AFTER_LOCK * for 4 SENT from 5 to 4 at 1316051255.900317 standard 1
AFTER_AFTER_LOCK * for 4 SENT from 5 to 4 at 1316051255.900522 standard 1
AFTER_LOCK2 * for 4 SENT from 5 to 4 at 1316051255.900523 standard 1
VSS_ECHO 211 for 4 SENT from 5 to 4 at 1316051255.900575 standard 1
VSSECHO_STAGE3 * for * SENT from * to * at 1316051255.900608
VSSECHO_STAGE4 * for * SENT from * to * at 1316051255.900793
BEFORE_LOCK * for 4 SENT from 5 to 5 at 1316051255.900807 standard 1
AFTER_LOCK * for 4 SENT from 5 to 5 at 1316051255.900808 standard 1
AFTER_AFTER_LOCK * for 4 SENT from 5 to 5 at 1316051255.900809 standard 1
AFTER_LOCK2 * for 4 SENT from 5 to 5 at 1316051255.900809 standard 1
VSS_ECHO 212 for 4 SENT from 5 to 5 at 1316051255.900850 standard 1
VSSECHO_STAGE3 * for * SENT from * to * at 1316051255.900870
VSSECHO_STAGE4 * for * SENT from * to * at 1316051255.900979
BEFORE_LOCK * for 4 SENT from 5 to 6 at 1316051255.900988 standard 1
AFTER_LOCK * for 4 SENT from 5 to 6 at 1316051255.900989 standard 1
AFTER_AFTER_LOCK * for 4 SENT from 5 to 6 at 1316051255.900989 standard 1
AFTER_LOCK2 * for 4 SENT from 5 to 6 at 1316051255.900990 standard 1
VSS_ECHO 213 for 4 SENT from 5 to 6 at 1316051255.901023 standard 1
VSSECHO_STAGE3 * for * SENT from * to * at 1316051255.901043
VSSECHO_STAGE4 * for * SENT from * to * at 1316051255.901151
BEFORE_LOCK * for 4 SENT from 5 to 7 at 1316051255.901161 standard 1
AFTER_LOCK * for 4 SENT from 5 to 7 at 1316051255.901161 standard 1
AFTER_AFTER_LOCK * for 4 SENT from 5 to 7 at 1316051255.901393 standard 1
AFTER_LOCK2 * for 4 SENT from 5 to 7 at 1316051255.901394 standard 1
VSS_ECHO 214 for 4 SENT from 5 to 7 at 1316051255.901448 standard 1
VSSECHO_STAGE3 * for * SENT from * to * at 1316051255.901480
VSSECHO_STAGE4 * for * SENT from * to * at 1316051255.901643
BEFORE_LOCK * for 4 SENT from 5 to 8 at 1316051255.901655 standard 1
AFTER_LOCK * for 4 SENT from 5 to 8 at 1316051255.901656 standard 1
AFTER_AFTER_LOCK * for 4 SENT from 5 to 8 at 1316051255.901657 standard 1
AFTER_LOCK2 * for 4 SENT from 5 to 8 at 1316051255.901657 standard 1
VSS_ECHO 215 for 4 SENT from 5 to 8 at 1316051255.901707 standard 1
VSSECHO_STAGE3 * for * SENT from * to * at 1316051255.901736
VSSECHO_STAGE4 * for * SENT from * to * at 1316051255.901902
BEFORE_LOCK * for 4 SENT from 5 to 9 at 1316051255.901915 standard 1
AFTER_LOCK * for 4 SENT from 5 to 9 at 1316051255.901916 standard 1
AFTER_AFTER_LOCK * for 4 SENT from 5 to 9 at 1316051255.902273 standard 1
AFTER_LOCK2 * for 4 SENT from 5 to 9 at 1316051255.902275 standard 1
VSS_ECHO 216 for 4 SENT from 5 to 9 at 1316051255.902379 standard 1
VSSECHO_STAGE3 * for * SENT from * to * at 1316051255.902415
VSSECHO_STAGE4 * for * SENT from * to * at 1316051255.902628
BEFORE_LOCK * for 4 SENT from 5 to 10 at 1316051255.902647 standard 1
AFTER_LOCK * for 4 SENT from 5 to 10 at 1316051255.902649 standard 1
AFTER_AFTER_LOCK * for 4 SENT from 5 to 10 at 1316051255.902687 standard 1
AFTER_LOCK2 * for 4 SENT from 5 to 10 at 1316051255.902688 standard 1
VSS_ECHO 217 for 4 SENT from 5 to 10 at 1316051255.902738 standard 1
VSSECHO_STAGE3 * for * SENT from * to * at 1316051255.902786
VSSECHO_STAGE4 * for * SENT from * to * at 1316051255.902973
BEFORE_LOCK * for 4 SENT from 5 to 11 at 1316051255.902989 standard 1
AFTER_LOCK * for 4 SENT from 5 to 11 at 1316051255.902990 standard 1
AFTER_AFTER_LOCK * for 4 SENT from 5 to 11 at 1316051255.903482 standard 1
AFTER_LOCK2 * for 4 SENT from 5 to 11 at 1316051255.903483 standard 1
VSS_ECHO 218 for 4 SENT from 5 to 11 at 1316051255.903529 standard 1
VSSECHO_STAGE3 * for * SENT from * to * at 1316051255.903557
VSSECHO_STAGE4 * for * SENT from * to * at 1316051255.903687
BEFORE_LOCK * for 4 SENT from 5 to 12 at 1316051255.903698 standard 1
AFTER_LOCK * for 4 SENT from 5 to 12 at 1316051255.903699 standard 1
AFTER_AFTER_LOCK * for 4 SENT from 5 to 12 at 1316051255.903722 standard 1
AFTER_LOCK2 * for 4 SENT from 5 to 12 at 1316051255.903723 standard 1
VSS_ECHO 219 for 4 SENT from 5 to 12 at 1316051255.903773 standard 1
VSSECHO_STAGE3 * for * SENT from * to * at 1316051255.903803
VSSECHO_STAGE4 * for * SENT from * to * at 1316051255.903975
BEFORE_LOCK * for 4 SENT from 5 to 13 at 1316051255.903989 standard 1
AFTER_LOCK * for 4 SENT from 5 to 13 at 1316051255.903990 standard 1
AFTER_AFTER_LOCK * for 4 SENT from 5 to 13 at 1316051255.903991 standard 1
AFTER_LOCK2 * for 4 SENT from 5 to 13 at 1316051255.903991 standard 1
VSS_ECHO 220 for 4 SENT from 5 to 13 at 1316051255.904033 standard 1
VSSECHO_STAGE3 * for * SENT from * to * at 1316051255.904060
VSSECHO_STAGE4 * for * SENT from * to * at 1316051255.904240
BEFORE_LOCK * for 4 SENT from 5 to 14 at 1316051255.904250 standard 1
AFTER_LOCK * for 4 SENT from 5 to 14 at 1316051255.904251 standard 1
AFTER_AFTER_LOCK * for 4 SENT from 5 to 14 at 1316051255.904600 standard 1
AFTER_LOCK2 * for 4 SENT from 5 to 14 at 1316051255.904601 standard 1
VSS_ECHO 221 for 4 SENT from 5 to 14 at 1316051255.904643 standard 1
VSSECHO_STAGE3 * for * SENT from * to * at 1316051255.904668
VSSECHO_STAGE4 * for * SENT from * to * at 1316051255.904788
BEFORE_LOCK * for 4 SENT from 5 to 15 at 1316051255.904798 standard 1
AFTER_LOCK * for 4 SENT from 5 to 15 at 1316051255.904799 standard 1
AFTER_AFTER_LOCK * for 4 SENT from 5 to 15 at 1316051255.904819 standard 1
AFTER_LOCK2 * for 4 SENT from 5 to 15 at 1316051255.904819 standard 1
VSS_ECHO 222 for 4 SENT from 5 to 15 at 1316051255.904869 standard 1
VSSECHO_STAGE3 * for * SENT from * to * at 1316051255.904900
VSSECHO_STAGE4 * for * SENT from * to * at 1316051255.905081
BEFORE_LOCK * for 4 SENT from 5 to 16 at 1316051255.905095 standard 1
AFTER_LOCK * for 4 SENT from 5 to 16 at 1316051255.905096 standard 1
AFTER_AFTER_LOCK * for 4 SENT from 5 to 16 at 1316051255.905431 standard 1
AFTER_LOCK2 * for 4 SENT from 5 to 16 at 1316051255.905432 standard 1
VSS_ECHO 223 for 4 SENT from 5 to 16 at 1316051255.905485 standard 1
VSSECHO_STAGE3 * for * SENT from * to * at 1316051255.905518
VSSECHO_STAGE4 * for * SENT from * to * at 1316051255.905677
BEFORE_LOCK * for 4 SENT from 5 to 17 at 1316051255.905689 standard 1
AFTER_LOCK * for 4 SENT from 5 to 17 at 1316051255.905690 standard 1
AFTER_AFTER_LOCK * for 4 SENT from 5 to 17 at 1316051255.905708 standard 1
AFTER_LOCK2 * for 4 SENT from 5 to 17 at 1316051255.905709 standard 1
VSS_ECHO 224 for 4 SENT from 5 to 17 at 1316051255.905761 standard 1
VSSECHO_STAGE3 * for * SENT from * to * at 1316051255.905794
VSSECHO_STAGE4 * for * SENT from * to * at 1316051255.905968
BEFORE_LOCK * for 4 SENT from 5 to 18 at 1316051255.906015 standard 1
AFTER_LOCK * for 4 SENT from 5 to 18 at 1316051255.906016 standard 1
AFTER_AFTER_LOCK * for 4 SENT from 5 to 18 at 1316051255.906017 standard 1
AFTER_LOCK2 * for 4 SENT from 5 to 18 at 1316051255.906017 standard 1
VSS_ECHO 225 for 4 SENT from 5 to 18 at 1316051255.906055 standard 1
VSSECHO_STAGE3 * for * SENT from * to * at 1316051255.906076
VSSECHO_STAGE4 * for * SENT from * to * at 1316051255.906189
BEFORE_LOCK * for 4 SENT from 5 to 19 at 1316051255.906198 standard 1
AFTER_LOCK * for 4 SENT from 5 to 19 at 1316051255.906199 standard 1
AFTER_AFTER_LOCK * for 4 SENT from 5 to 19 at 1316051255.906414 standard 1
AFTER_LOCK2 * for 4 SENT from 5 to 19 at 1316051255.906415 standard 1
VSS_ECHO 226 for 4 SENT from 5 to 19 at 1316051255.906467 standard 1
VSSECHO_STAGE3 * for * SENT from * to * at 1316051255.906500
VSSECHO_STAGE4 * for * SENT from * to * at 1316051255.906639
BEFORE_LOCK * for 4 SENT from 5 to 20 at 1316051255.906650 standard 1
AFTER_LOCK * for 4 SENT from 5 to 20 at 1316051255.906651 standard 1
AFTER_AFTER_LOCK * for 4 SENT from 5 to 20 at 1316051255.906652 standard 1
AFTER_LOCK2 * for 4 SENT from 5 to 20 at 1316051255.906652 standard 1
VSS_ECHO 227 for 4 SENT from 5 to 20 at 1316051255.906693 standard 1
VSS_ECHO 34 for 1 RECEIVED from 4 to 5 at 1316051255.906742
VSS_READY 72 for 1 RECEIVED from 4 to 5 at 1316051255.926356
VSS_READY 117 for 4 RECEIVED from 4 to 5 at 1316051255.954966
VSS_ECHO 276 for 4 RECEIVED from 4 to 5 at 1316051255.985147
VSS_ECHO 547 for 2 RECEIVED from 1 to 5 at 1316051256.203910
VSS_ECHO 371 for 2 RECEIVED from 9 to 5 at 1316051256.293755
VSS_ECHO 354 for 2 RECEIVED from 12 to 5 at 1316051256.314228
VSS_ECHO 372 for 2 RECEIVED from 10 to 5 at 1316051256.418754
VSS_ECHO 372 for 2 RECEIVED from 16 to 5 at 1316051256.435687
VSS_ECHO 364 for 2 RECEIVED from 19 to 5 at 1316051256.557851
VSS_ECHO 335 for 2 RECEIVED from 15 to 5 at 1316051256.577003
VSS_ECHO 395 for 2 RECEIVED from 4 to 5 at 1316051256.594695
VSS_ECHO 373 for 2 RECEIVED from 7 to 5 at 1316051256.612021
VSS_ECHO 344 for 2 RECEIVED from 11 to 5 at 1316051256.628374
VSS_ECHO 358 for 2 RECEIVED from 17 to 5 at 1316051256.645151
VSS_ECHO 380 for 2 RECEIVED from 14 to 5 at 1316051256.661344



============================================
*ENOUGH VSS_ECHO message for 2 at 1316051256.661344
*Threshold : echo = 12
*Received Echo Message Num = 12
*Ready messages are sending out...
============================================

PRE_VSS_READY * for 2 SENT from 5 to 1 at 1316051256.686693 standard 1
BEFORE_LOCK * for 2 SENT from 5 to 1 at 1316051256.686711 standard 1
AFTER_LOCK * for 2 SENT from 5 to 1 at 1316051256.686713 standard 1
AFTER_AFTER_LOCK * for 2 SENT from 5 to 1 at 1316051256.687006 standard 1
AFTER_LOCK2 * for 2 SENT from 5 to 1 at 1316051256.687007 standard 1
VSS_READY 258 for 2 SENT from 5 to 1 at 1316051256.687007 standard 1
PRE_VSS_READY * for 2 SENT from 5 to 2 at 1316051256.690857 standard 1
BEFORE_LOCK * for 2 SENT from 5 to 2 at 1316051256.690871 standard 1
AFTER_LOCK * for 2 SENT from 5 to 2 at 1316051256.690872 standard 1
AFTER_AFTER_LOCK * for 2 SENT from 5 to 2 at 1316051256.690873 standard 1
AFTER_LOCK2 * for 2 SENT from 5 to 2 at 1316051256.690873 standard 1
VSS_READY 259 for 2 SENT from 5 to 2 at 1316051256.690874 standard 1
PRE_VSS_READY * for 2 SENT from 5 to 3 at 1316051256.694870 standard 1
BEFORE_LOCK * for 2 SENT from 5 to 3 at 1316051256.694886 standard 1
AFTER_LOCK * for 2 SENT from 5 to 3 at 1316051256.694887 standard 1
AFTER_AFTER_LOCK * for 2 SENT from 5 to 3 at 1316051256.694887 standard 1
AFTER_LOCK2 * for 2 SENT from 5 to 3 at 1316051256.694887 standard 1
VSS_READY 260 for 2 SENT from 5 to 3 at 1316051256.694888 standard 1
PRE_VSS_READY * for 2 SENT from 5 to 4 at 1316051256.698583 standard 1
BEFORE_LOCK * for 2 SENT from 5 to 4 at 1316051256.698599 standard 1
AFTER_LOCK * for 2 SENT from 5 to 4 at 1316051256.698600 standard 1
AFTER_AFTER_LOCK * for 2 SENT from 5 to 4 at 1316051256.698932 standard 1
AFTER_LOCK2 * for 2 SENT from 5 to 4 at 1316051256.698932 standard 1
VSS_READY 261 for 2 SENT from 5 to 4 at 1316051256.698933 standard 1
PRE_VSS_READY * for 2 SENT from 5 to 5 at 1316051256.702815 standard 1
BEFORE_LOCK * for 2 SENT from 5 to 5 at 1316051256.702830 standard 1
AFTER_LOCK * for 2 SENT from 5 to 5 at 1316051256.702831 standard 1
AFTER_AFTER_LOCK * for 2 SENT from 5 to 5 at 1316051256.702832 standard 1
AFTER_LOCK2 * for 2 SENT from 5 to 5 at 1316051256.702832 standard 1
VSS_READY 262 for 2 SENT from 5 to 5 at 1316051256.702833 standard 1
PRE_VSS_READY * for 2 SENT from 5 to 6 at 1316051256.706654 standard 1
BEFORE_LOCK * for 2 SENT from 5 to 6 at 1316051256.706671 standard 1
AFTER_LOCK * for 2 SENT from 5 to 6 at 1316051256.706673 standard 1
AFTER_AFTER_LOCK * for 2 SENT from 5 to 6 at 1316051256.706673 standard 1
AFTER_LOCK2 * for 2 SENT from 5 to 6 at 1316051256.706674 standard 1
VSS_READY 263 for 2 SENT from 5 to 6 at 1316051256.706674 standard 1
PRE_VSS_READY * for 2 SENT from 5 to 7 at 1316051256.710584 standard 1
BEFORE_LOCK * for 2 SENT from 5 to 7 at 1316051256.710597 standard 1
AFTER_LOCK * for 2 SENT from 5 to 7 at 1316051256.710598 standard 1
AFTER_AFTER_LOCK * for 2 SENT from 5 to 7 at 1316051256.710965 standard 1
AFTER_LOCK2 * for 2 SENT from 5 to 7 at 1316051256.710965 standard 1
VSS_READY 264 for 2 SENT from 5 to 7 at 1316051256.710966 standard 1
PRE_VSS_READY * for 2 SENT from 5 to 8 at 1316051256.714801 standard 1
BEFORE_LOCK * for 2 SENT from 5 to 8 at 1316051256.714819 standard 1
AFTER_LOCK * for 2 SENT from 5 to 8 at 1316051256.714820 standard 1
AFTER_AFTER_LOCK * for 2 SENT from 5 to 8 at 1316051256.714821 standard 1
AFTER_LOCK2 * for 2 SENT from 5 to 8 at 1316051256.714821 standard 1
VSS_READY 265 for 2 SENT from 5 to 8 at 1316051256.714822 standard 1
PRE_VSS_READY * for 2 SENT from 5 to 9 at 1316051256.718640 standard 1
BEFORE_LOCK * for 2 SENT from 5 to 9 at 1316051256.718655 standard 1
AFTER_LOCK * for 2 SENT from 5 to 9 at 1316051256.718656 standard 1
AFTER_AFTER_LOCK * for 2 SENT from 5 to 9 at 1316051256.719093 standard 1
AFTER_LOCK2 * for 2 SENT from 5 to 9 at 1316051256.719093 standard 1
VSS_READY 266 for 2 SENT from 5 to 9 at 1316051256.719094 standard 1
PRE_VSS_READY * for 2 SENT from 5 to 10 at 1316051256.722995 standard 1
BEFORE_LOCK * for 2 SENT from 5 to 10 at 1316051256.723013 standard 1
AFTER_LOCK * for 2 SENT from 5 to 10 at 1316051256.723014 standard 1
AFTER_AFTER_LOCK * for 2 SENT from 5 to 10 at 1316051256.723302 standard 1
AFTER_LOCK2 * for 2 SENT from 5 to 10 at 1316051256.723302 standard 1
VSS_READY 267 for 2 SENT from 5 to 10 at 1316051256.723303 standard 1
PRE_VSS_READY * for 2 SENT from 5 to 11 at 1316051256.727277 standard 1
BEFORE_LOCK * for 2 SENT from 5 to 11 at 1316051256.727293 standard 1
AFTER_LOCK * for 2 SENT from 5 to 11 at 1316051256.727294 standard 1
AFTER_AFTER_LOCK * for 2 SENT from 5 to 11 at 1316051256.727680 standard 1
AFTER_LOCK2 * for 2 SENT from 5 to 11 at 1316051256.727681 standard 1
VSS_READY 268 for 2 SENT from 5 to 11 at 1316051256.727681 standard 1
PRE_VSS_READY * for 2 SENT from 5 to 12 at 1316051256.731652 standard 1
BEFORE_LOCK * for 2 SENT from 5 to 12 at 1316051256.731670 standard 1
AFTER_LOCK * for 2 SENT from 5 to 12 at 1316051256.731672 standard 1
AFTER_AFTER_LOCK * for 2 SENT from 5 to 12 at 1316051256.731938 standard 1
AFTER_LOCK2 * for 2 SENT from 5 to 12 at 1316051256.731939 standard 1
VSS_READY 269 for 2 SENT from 5 to 12 at 1316051256.731939 standard 1
PRE_VSS_READY * for 2 SENT from 5 to 13 at 1316051256.735690 standard 1
BEFORE_LOCK * for 2 SENT from 5 to 13 at 1316051256.735705 standard 1
AFTER_LOCK * for 2 SENT from 5 to 13 at 1316051256.735706 standard 1
AFTER_AFTER_LOCK * for 2 SENT from 5 to 13 at 1316051256.735706 standard 1
AFTER_LOCK2 * for 2 SENT from 5 to 13 at 1316051256.735707 standard 1
VSS_READY 270 for 2 SENT from 5 to 13 at 1316051256.735707 standard 1
PRE_VSS_READY * for 2 SENT from 5 to 14 at 1316051256.739642 standard 1
BEFORE_LOCK * for 2 SENT from 5 to 14 at 1316051256.739658 standard 1
AFTER_LOCK * for 2 SENT from 5 to 14 at 1316051256.739659 standard 1
AFTER_AFTER_LOCK * for 2 SENT from 5 to 14 at 1316051256.739912 standard 1
AFTER_LOCK2 * for 2 SENT from 5 to 14 at 1316051256.739913 standard 1
VSS_READY 271 for 2 SENT from 5 to 14 at 1316051256.739913 standard 1
PRE_VSS_READY * for 2 SENT from 5 to 15 at 1316051256.743843 standard 1
BEFORE_LOCK * for 2 SENT from 5 to 15 at 1316051256.743858 standard 1
AFTER_LOCK * for 2 SENT from 5 to 15 at 1316051256.743859 standard 1
AFTER_AFTER_LOCK * for 2 SENT from 5 to 15 at 1316051256.744156 standard 1
AFTER_LOCK2 * for 2 SENT from 5 to 15 at 1316051256.744156 standard 1
VSS_READY 272 for 2 SENT from 5 to 15 at 1316051256.744157 standard 1
PRE_VSS_READY * for 2 SENT from 5 to 16 at 1316051256.748006 standard 1
BEFORE_LOCK * for 2 SENT from 5 to 16 at 1316051256.748021 standard 1
AFTER_LOCK * for 2 SENT from 5 to 16 at 1316051256.748022 standard 1
AFTER_AFTER_LOCK * for 2 SENT from 5 to 16 at 1316051256.748381 standard 1
AFTER_LOCK2 * for 2 SENT from 5 to 16 at 1316051256.748382 standard 1
VSS_READY 273 for 2 SENT from 5 to 16 at 1316051256.748383 standard 1
PRE_VSS_READY * for 2 SENT from 5 to 17 at 1316051256.752613 standard 1
BEFORE_LOCK * for 2 SENT from 5 to 17 at 1316051256.752640 standard 1
AFTER_LOCK * for 2 SENT from 5 to 17 at 1316051256.752641 standard 1
AFTER_AFTER_LOCK * for 2 SENT from 5 to 17 at 1316051256.752923 standard 1
AFTER_LOCK2 * for 2 SENT from 5 to 17 at 1316051256.752923 standard 1
VSS_READY 274 for 2 SENT from 5 to 17 at 1316051256.752924 standard 1
PRE_VSS_READY * for 2 SENT from 5 to 18 at 1316051256.756978 standard 1
BEFORE_LOCK * for 2 SENT from 5 to 18 at 1316051256.757000 standard 1
AFTER_LOCK * for 2 SENT from 5 to 18 at 1316051256.757002 standard 1
AFTER_AFTER_LOCK * for 2 SENT from 5 to 18 at 1316051256.757002 standard 1
AFTER_LOCK2 * for 2 SENT from 5 to 18 at 1316051256.757003 standard 1
VSS_READY 275 for 2 SENT from 5 to 18 at 1316051256.757003 standard 1
PRE_VSS_READY * for 2 SENT from 5 to 19 at 1316051256.761109 standard 1
BEFORE_LOCK * for 2 SENT from 5 to 19 at 1316051256.761126 standard 1
AFTER_LOCK * for 2 SENT from 5 to 19 at 1316051256.761127 standard 1
AFTER_AFTER_LOCK * for 2 SENT from 5 to 19 at 1316051256.761692 standard 1
AFTER_LOCK2 * for 2 SENT from 5 to 19 at 1316051256.761693 standard 1
VSS_READY 276 for 2 SENT from 5 to 19 at 1316051256.761694 standard 1
PRE_VSS_READY * for 2 SENT from 5 to 20 at 1316051256.765681 standard 1
BEFORE_LOCK * for 2 SENT from 5 to 20 at 1316051256.765701 standard 1
AFTER_LOCK * for 2 SENT from 5 to 20 at 1316051256.765702 standard 1
AFTER_AFTER_LOCK * for 2 SENT from 5 to 20 at 1316051256.765703 standard 1
AFTER_LOCK2 * for 2 SENT from 5 to 20 at 1316051256.765703 standard 1
VSS_READY 277 for 2 SENT from 5 to 20 at 1316051256.765704 standard 1
VSS_READY 588 for 2 RECEIVED from 1 to 5 at 1316051256.765781
VSS_READY 425 for 2 RECEIVED from 4 to 5 at 1316051256.793687
VSS_READY 404 for 2 RECEIVED from 7 to 5 at 1316051256.822580
VSS_READY 403 for 2 RECEIVED from 9 to 5 at 1316051256.851588
VSS_READY 431 for 2 RECEIVED from 10 to 5 at 1316051256.879626
VSS_READY 383 for 2 RECEIVED from 11 to 5 at 1316051256.907169
VSS_READY 429 for 2 RECEIVED from 12 to 5 at 1316051256.935031
VSS_READY 440 for 2 RECEIVED from 14 to 5 at 1316051256.962952
VSS_READY 447 for 2 RECEIVED from 16 to 5 at 1316051256.990673
VSS_READY 393 for 2 RECEIVED from 19 to 5 at 1316051257.019666
VSS_READY 426 for 2 RECEIVED from 17 to 5 at 1316051257.052228
DKG_SEND 753 for * RECEIVED from 1 to 5 at 1316051257.082095
DKG_ECHO 413 for 1 SENT from 5 to 1 at 1316051257.322325 standard 1
DKG_ECHO 414 for 1 SENT from 5 to 2 at 1316051257.326142 standard 1
DKG_ECHO 415 for 1 SENT from 5 to 3 at 1316051257.329838 standard 1
DKG_ECHO 416 for 1 SENT from 5 to 4 at 1316051257.333832 standard 1
DKG_ECHO 417 for 1 SENT from 5 to 5 at 1316051257.338132 standard 1
DKG_ECHO 418 for 1 SENT from 5 to 6 at 1316051257.341534 standard 1
DKG_ECHO 419 for 1 SENT from 5 to 7 at 1316051257.345955 standard 1
DKG_ECHO 420 for 1 SENT from 5 to 8 at 1316051257.350136 standard 1
DKG_ECHO 421 for 1 SENT from 5 to 9 at 1316051257.355268 standard 1
DKG_ECHO 422 for 1 SENT from 5 to 10 at 1316051257.360412 standard 1
DKG_ECHO 423 for 1 SENT from 5 to 11 at 1316051257.365037 standard 1
DKG_ECHO 424 for 1 SENT from 5 to 12 at 1316051257.369118 standard 1
DKG_ECHO 425 for 1 SENT from 5 to 13 at 1316051257.372754 standard 1
DKG_ECHO 426 for 1 SENT from 5 to 14 at 1316051257.376997 standard 1
DKG_ECHO 427 for 1 SENT from 5 to 15 at 1316051257.381278 standard 1
DKG_ECHO 428 for 1 SENT from 5 to 16 at 1316051257.386468 standard 1
DKG_ECHO 429 for 1 SENT from 5 to 17 at 1316051257.390798 standard 1
DKG_ECHO 430 for 1 SENT from 5 to 18 at 1316051257.394822 standard 1
DKG_ECHO 431 for 1 SENT from 5 to 19 at 1316051257.398828 standard 1
DKG_ECHO 432 for 1 SENT from 5 to 20 at 1316051257.402876 standard 1
DKG_ECHO 588 for 1 RECEIVED from 4 to 5 at 1316051257.402921
DKG_ECHO 590 for 1 RECEIVED from 7 to 5 at 1316051257.407190
DKG_ECHO 589 for 1 RECEIVED from 9 to 5 at 1316051257.411532
DKG_ECHO 589 for 1 RECEIVED from 10 to 5 at 1316051257.416036
DKG_ECHO 561 for 1 RECEIVED from 11 to 5 at 1316051257.420629
DKG_ECHO 540 for 1 RECEIVED from 12 to 5 at 1316051257.425058
DKG_ECHO 590 for 1 RECEIVED from 14 to 5 at 1316051257.429305
DKG_ECHO 567 for 1 RECEIVED from 16 to 5 at 1316051257.433388
DKG_ECHO 556 for 1 RECEIVED from 19 to 5 at 1316051257.437716
DKG_ECHO 569 for 1 RECEIVED from 17 to 5 at 1316051257.442024
DKG_ECHO 904 for 1 RECEIVED from 1 to 5 at 1316051257.446816
VSS_READY 396 for 2 RECEIVED from 15 to 5 at 1316051257.499402



*============================================
*2ENOUGH VSS_READY message for 5 at 1316051257.499402
*Threshold : Ready = 12
*Received Ready Message Num = 12
*VSS Share is complete for dealer 2
============================================

BEFORE_LOCK * for 2 SENT from 5 to 1 at 1316051257.535604 standard 1
AFTER_LOCK * for 2 SENT from 5 to 1 at 1316051257.535606 standard 1
AFTER_AFTER_LOCK * for 2 SENT from 5 to 1 at 1316051257.536060 standard 1
AFTER_LOCK2 * for 2 SENT from 5 to 1 at 1316051257.536061 standard 1
VSS_SHARED 567 for 2 SENT from 5 to 1 at 1316051257.536125 standard 1
DKG_READY 1064 for 1 RECEIVED from 1 to 5 at 1316051257.541869
DKG_READY 774 for 1 RECEIVED from 9 to 5 at 1316051257.572643
DKG_READY 739 for 1 RECEIVED from 19 to 5 at 1316051257.611162



============================================
*1ENOUGH DKG_READY message for 5 at 1316051257.611162
*Threshold : Ready = 3
*Received Ready Message Num = 3
*DKG_Readys are sent out...
============================================

DKG_READY 620 for 1 SENT from 5 to 1 at 1316051257.619721 standard 1
DKG_READY 621 for 1 SENT from 5 to 2 at 1316051257.623406 standard 1
DKG_READY 622 for 1 SENT from 5 to 3 at 1316051257.627567 standard 1
DKG_READY 623 for 1 SENT from 5 to 4 at 1316051257.631751 standard 1
DKG_READY 624 for 1 SENT from 5 to 5 at 1316051257.635607 standard 1
DKG_READY 625 for 1 SENT from 5 to 6 at 1316051257.639485 standard 1
DKG_READY 626 for 1 SENT from 5 to 7 at 1316051257.644520 standard 1
DKG_READY 627 for 1 SENT from 5 to 8 at 1316051257.648452 standard 1
DKG_READY 628 for 1 SENT from 5 to 9 at 1316051257.652544 standard 1
DKG_READY 629 for 1 SENT from 5 to 10 at 1316051257.656680 standard 1
DKG_READY 630 for 1 SENT from 5 to 11 at 1316051257.660609 standard 1
DKG_READY 631 for 1 SENT from 5 to 12 at 1316051257.664684 standard 1
DKG_READY 632 for 1 SENT from 5 to 13 at 1316051257.668438 standard 1
DKG_READY 633 for 1 SENT from 5 to 14 at 1316051257.673118 standard 1
DKG_READY 634 for 1 SENT from 5 to 15 at 1316051257.677199 standard 1
DKG_READY 635 for 1 SENT from 5 to 16 at 1316051257.681158 standard 1
DKG_READY 636 for 1 SENT from 5 to 17 at 1316051257.685197 standard 1
DKG_READY 637 for 1 SENT from 5 to 18 at 1316051257.689241 standard 1
DKG_READY 638 for 1 SENT from 5 to 19 at 1316051257.693430 standard 1
DKG_READY 639 for 1 SENT from 5 to 20 at 1316051257.697160 standard 1
DKG_READY 754 for 1 RECEIVED from 17 to 5 at 1316051257.697210
DKG_READY 771 for 1 RECEIVED from 4 to 5 at 1316051257.701987
DKG_READY 750 for 1 RECEIVED from 7 to 5 at 1316051257.706397
DKG_READY 749 for 1 RECEIVED from 10 to 5 at 1316051257.710659
DKG_READY 721 for 1 RECEIVED from 11 to 5 at 1316051257.715387
DKG_READY 767 for 1 RECEIVED from 12 to 5 at 1316051257.720327
DKG_READY 750 for 1 RECEIVED from 14 to 5 at 1316051257.724823
DKG_READY 775 for 1 RECEIVED from 16 to 5 at 1316051257.729158
VSS_SEND 7 for * RECEIVED from 5 to 5 at 1316051257.733548
VSSECHO_STAGE3 * for * SENT from * to * at 1316051257.766504
VSSECHO_STAGE4 * for * SENT from * to * at 1316051257.766647
BEFORE_LOCK * for 5 SENT from 5 to 1 at 1316051257.766659 standard 1
AFTER_LOCK * for 5 SENT from 5 to 1 at 1316051257.766661 standard 1
AFTER_AFTER_LOCK * for 5 SENT from 5 to 1 at 1316051257.767024 standard 1
AFTER_LOCK2 * for 5 SENT from 5 to 1 at 1316051257.767025 standard 1
VSS_ECHO 761 for 5 SENT from 5 to 1 at 1316051257.767072 standard 1
VSSECHO_STAGE3 * for * SENT from * to * at 1316051257.767102
VSSECHO_STAGE4 * for * SENT from * to * at 1316051257.767292
BEFORE_LOCK * for 5 SENT from 5 to 2 at 1316051257.767306 standard 1
AFTER_LOCK * for 5 SENT from 5 to 2 at 1316051257.767307 standard 1
AFTER_AFTER_LOCK * for 5 SENT from 5 to 2 at 1316051257.767308 standard 1
AFTER_LOCK2 * for 5 SENT from 5 to 2 at 1316051257.767308 standard 1
VSS_ECHO 762 for 5 SENT from 5 to 2 at 1316051257.767354 standard 1
VSSECHO_STAGE3 * for * SENT from * to * at 1316051257.767382
VSSECHO_STAGE4 * for * SENT from * to * at 1316051257.767539
BEFORE_LOCK * for 5 SENT from 5 to 3 at 1316051257.767549 standard 1
AFTER_LOCK * for 5 SENT from 5 to 3 at 1316051257.767550 standard 1
AFTER_AFTER_LOCK * for 5 SENT from 5 to 3 at 1316051257.767550 standard 1
AFTER_LOCK2 * for 5 SENT from 5 to 3 at 1316051257.767551 standard 1
VSS_ECHO 763 for 5 SENT from 5 to 3 at 1316051257.767584 standard 1
VSSECHO_STAGE3 * for * SENT from * to * at 1316051257.767605
VSSECHO_STAGE4 * for * SENT from * to * at 1316051257.767715
BEFORE_LOCK * for 5 SENT from 5 to 4 at 1316051257.767724 standard 1
AFTER_LOCK * for 5 SENT from 5 to 4 at 1316051257.767725 standard 1
AFTER_AFTER_LOCK * for 5 SENT from 5 to 4 at 1316051257.767966 standard 1
AFTER_LOCK2 * for 5 SENT from 5 to 4 at 1316051257.767967 standard 1
VSS_ECHO 764 for 5 SENT from 5 to 4 at 1316051257.768018 standard 1
VSSECHO_STAGE3 * for * SENT from * to * at 1316051257.768053
VSSECHO_STAGE4 * for * SENT from * to * at 1316051257.768234
BEFORE_LOCK * for 5 SENT from 5 to 5 at 1316051257.768246 standard 1
AFTER_LOCK * for 5 SENT from 5 to 5 at 1316051257.768247 standard 1
AFTER_AFTER_LOCK * for 5 SENT from 5 to 5 at 1316051257.768266 standard 1
AFTER_LOCK2 * for 5 SENT from 5 to 5 at 1316051257.768266 standard 1
VSS_ECHO 765 for 5 SENT from 5 to 5 at 1316051257.768318 standard 1
VSSECHO_STAGE3 * for * SENT from * to * at 1316051257.768349
VSSECHO_STAGE4 * for * SENT from * to * at 1316051257.768526
BEFORE_LOCK * for 5 SENT from 5 to 6 at 1316051257.768543 standard 1
AFTER_LOCK * for 5 SENT from 5 to 6 at 1316051257.768544 standard 1
AFTER_AFTER_LOCK * for 5 SENT from 5 to 6 at 1316051257.768544 standard 1
AFTER_LOCK2 * for 5 SENT from 5 to 6 at 1316051257.768545 standard 1
VSS_ECHO 766 for 5 SENT from 5 to 6 at 1316051257.768591 standard 1
VSSECHO_STAGE3 * for * SENT from * to * at 1316051257.768623
VSSECHO_STAGE4 * for * SENT from * to * at 1316051257.768813
BEFORE_LOCK * for 5 SENT from 5 to 7 at 1316051257.768827 standard 1
AFTER_LOCK * for 5 SENT from 5 to 7 at 1316051257.768829 standard 1
AFTER_AFTER_LOCK * for 5 SENT from 5 to 7 at 1316051257.769079 standard 1
AFTER_LOCK2 * for 5 SENT from 5 to 7 at 1316051257.769080 standard 1
VSS_ECHO 767 for 5 SENT from 5 to 7 at 1316051257.769131 standard 1
VSSECHO_STAGE3 * for * SENT from * to * at 1316051257.769167
VSSECHO_STAGE4 * for * SENT from * to * at 1316051257.769365
BEFORE_LOCK * for 5 SENT from 5 to 8 at 1316051257.769379 standard 1
AFTER_LOCK * for 5 SENT from 5 to 8 at 1316051257.769379 standard 1
AFTER_AFTER_LOCK * for 5 SENT from 5 to 8 at 1316051257.769380 standard 1
AFTER_LOCK2 * for 5 SENT from 5 to 8 at 1316051257.769380 standard 1
VSS_ECHO 768 for 5 SENT from 5 to 8 at 1316051257.769446 standard 1
VSSECHO_STAGE3 * for * SENT from * to * at 1316051257.769468
VSSECHO_STAGE4 * for * SENT from * to * at 1316051257.769583
BEFORE_LOCK * for 5 SENT from 5 to 9 at 1316051257.769593 standard 1
AFTER_LOCK * for 5 SENT from 5 to 9 at 1316051257.769594 standard 1
AFTER_AFTER_LOCK * for 5 SENT from 5 to 9 at 1316051257.769804 standard 1
AFTER_LOCK2 * for 5 SENT from 5 to 9 at 1316051257.769805 standard 1
VSS_ECHO 769 for 5 SENT from 5 to 9 at 1316051257.769857 standard 1
VSSECHO_STAGE3 * for * SENT from * to * at 1316051257.769890
VSSECHO_STAGE4 * for * SENT from * to * at 1316051257.770062
BEFORE_LOCK * for 5 SENT from 5 to 10 at 1316051257.770074 standard 1
AFTER_LOCK * for 5 SENT from 5 to 10 at 1316051257.770075 standard 1
AFTER_AFTER_LOCK * for 5 SENT from 5 to 10 at 1316051257.770096 standard 1
AFTER_LOCK2 * for 5 SENT from 5 to 10 at 1316051257.770097 standard 1
VSS_ECHO 770 for 5 SENT from 5 to 10 at 1316051257.770145 standard 1
VSSECHO_STAGE3 * for * SENT from * to * at 1316051257.770178
VSSECHO_STAGE4 * for * SENT from * to * at 1316051257.770619
BEFORE_LOCK * for 5 SENT from 5 to 11 at 1316051257.770636 standard 1
AFTER_LOCK * for 5 SENT from 5 to 11 at 1316051257.770637 standard 1
AFTER_AFTER_LOCK * for 5 SENT from 5 to 11 at 1316051257.771148 standard 1
AFTER_LOCK2 * for 5 SENT from 5 to 11 at 1316051257.771149 standard 1
VSS_ECHO 771 for 5 SENT from 5 to 11 at 1316051257.771201 standard 1
VSSECHO_STAGE3 * for * SENT from * to * at 1316051257.771251
VSSECHO_STAGE4 * for * SENT from * to * at 1316051257.771436
BEFORE_LOCK * for 5 SENT from 5 to 12 at 1316051257.771450 standard 1
AFTER_LOCK * for 5 SENT from 5 to 12 at 1316051257.771451 standard 1
AFTER_AFTER_LOCK * for 5 SENT from 5 to 12 at 1316051257.771662 standard 1
AFTER_LOCK2 * for 5 SENT from 5 to 12 at 1316051257.771663 standard 1
VSS_ECHO 772 for 5 SENT from 5 to 12 at 1316051257.771716 standard 1
VSSECHO_STAGE3 * for * SENT from * to * at 1316051257.771752
VSSECHO_STAGE4 * for * SENT from * to * at 1316051257.771881
BEFORE_LOCK * for 5 SENT from 5 to 13 at 1316051257.771891 standard 1
AFTER_LOCK * for 5 SENT from 5 to 13 at 1316051257.771892 standard 1
AFTER_AFTER_LOCK * for 5 SENT from 5 to 13 at 1316051257.771892 standard 1
AFTER_LOCK2 * for 5 SENT from 5 to 13 at 1316051257.771893 standard 1
VSS_ECHO 773 for 5 SENT from 5 to 13 at 1316051257.771926 standard 1
VSSECHO_STAGE3 * for * SENT from * to * at 1316051257.771946
VSSECHO_STAGE4 * for * SENT from * to * at 1316051257.772055
BEFORE_LOCK * for 5 SENT from 5 to 14 at 1316051257.772065 standard 1
AFTER_LOCK * for 5 SENT from 5 to 14 at 1316051257.772065 standard 1
AFTER_AFTER_LOCK * for 5 SENT from 5 to 14 at 1316051257.772084 standard 1
AFTER_LOCK2 * for 5 SENT from 5 to 14 at 1316051257.772085 standard 1
VSS_ECHO 774 for 5 SENT from 5 to 14 at 1316051257.772137 standard 1
VSSECHO_STAGE3 * for * SENT from * to * at 1316051257.772170
VSSECHO_STAGE4 * for * SENT from * to * at 1316051257.772348
BEFORE_LOCK * for 5 SENT from 5 to 15 at 1316051257.772360 standard 1
AFTER_LOCK * for 5 SENT from 5 to 15 at 1316051257.772361 standard 1
AFTER_AFTER_LOCK * for 5 SENT from 5 to 15 at 1316051257.772564 standard 1
AFTER_LOCK2 * for 5 SENT from 5 to 15 at 1316051257.772565 standard 1
VSS_ECHO 775 for 5 SENT from 5 to 15 at 1316051257.772617 standard 1
VSSECHO_STAGE3 * for * SENT from * to * at 1316051257.772649
VSSECHO_STAGE4 * for * SENT from * to * at 1316051257.772790
BEFORE_LOCK * for 5 SENT from 5 to 16 at 1316051257.772801 standard 1
AFTER_LOCK * for 5 SENT from 5 to 16 at 1316051257.772802 standard 1
AFTER_AFTER_LOCK * for 5 SENT from 5 to 16 at 1316051257.772818 standard 1
AFTER_LOCK2 * for 5 SENT from 5 to 16 at 1316051257.772819 standard 1
VSS_ECHO 776 for 5 SENT from 5 to 16 at 1316051257.772873 standard 1
VSSECHO_STAGE3 * for * SENT from * to * at 1316051257.772905
VSSECHO_STAGE4 * for * SENT from * to * at 1316051257.773024
BEFORE_LOCK * for 5 SENT from 5 to 17 at 1316051257.773034 standard 1
AFTER_LOCK * for 5 SENT from 5 to 17 at 1316051257.773035 standard 1
AFTER_AFTER_LOCK * for 5 SENT from 5 to 17 at 1316051257.773049 standard 1
AFTER_LOCK2 * for 5 SENT from 5 to 17 at 1316051257.773049 standard 1
VSS_ECHO 777 for 5 SENT from 5 to 17 at 1316051257.773139 standard 1
VSSECHO_STAGE3 * for * SENT from * to * at 1316051257.773170
VSSECHO_STAGE4 * for * SENT from * to * at 1316051257.773346
BEFORE_LOCK * for 5 SENT from 5 to 18 at 1316051257.773356 standard 1
AFTER_LOCK * for 5 SENT from 5 to 18 at 1316051257.773357 standard 1
AFTER_AFTER_LOCK * for 5 SENT from 5 to 18 at 1316051257.773357 standard 1
AFTER_LOCK2 * for 5 SENT from 5 to 18 at 1316051257.773358 standard 1
VSS_ECHO 778 for 5 SENT from 5 to 18 at 1316051257.773391 standard 1
VSSECHO_STAGE3 * for * SENT from * to * at 1316051257.773412
VSSECHO_STAGE4 * for * SENT from * to * at 1316051257.773545
BEFORE_LOCK * for 5 SENT from 5 to 19 at 1316051257.773555 standard 1
AFTER_LOCK * for 5 SENT from 5 to 19 at 1316051257.773555 standard 1
AFTER_AFTER_LOCK * for 5 SENT from 5 to 19 at 1316051257.773895 standard 1
AFTER_LOCK2 * for 5 SENT from 5 to 19 at 1316051257.773896 standard 1
VSS_ECHO 779 for 5 SENT from 5 to 19 at 1316051257.773948 standard 1
VSSECHO_STAGE3 * for * SENT from * to * at 1316051257.773984
VSSECHO_STAGE4 * for * SENT from * to * at 1316051257.774241
BEFORE_LOCK * for 5 SENT from 5 to 20 at 1316051257.774255 standard 1
AFTER_LOCK * for 5 SENT from 5 to 20 at 1316051257.774256 standard 1
AFTER_AFTER_LOCK * for 5 SENT from 5 to 20 at 1316051257.774256 standard 1
AFTER_LOCK2 * for 5 SENT from 5 to 20 at 1316051257.774257 standard 1
VSS_ECHO 780 for 5 SENT from 5 to 20 at 1316051257.774290 standard 1
VSS_ECHO 1234 for 3 RECEIVED from 1 to 5 at 1316051257.774331
VSS_ECHO 765 for 5 RECEIVED from 5 to 5 at 1316051257.795606
VSS_ECHO 35 for 1 RECEIVED from 5 to 5 at 1316051257.816633
VSS_ECHO 954 for 3 RECEIVED from 9 to 5 at 1316051257.834971
VSS_READY 91 for 1 RECEIVED from 5 to 5 at 1316051257.855686
DKG_ECHO 504 for 1 RECEIVED from 15 to 5 at 1316051257.886258
VSS_READY 166 for 4 RECEIVED from 5 to 5 at 1316051257.892276
VSS_ECHO 212 for 4 RECEIVED from 5 to 5 at 1316051257.920145
VSS_ECHO 902 for 3 RECEIVED from 12 to 5 at 1316051257.936639
VSS_READY 262 for 2 RECEIVED from 5 to 5 at 1316051257.953300
DKG_ECHO 417 for 1 RECEIVED from 5 to 5 at 1316051257.983592
DKG_READY 624 for 1 RECEIVED from 5 to 5 at 1316051257.989261



============================================
*2ENOUGH DKG_READY message for 5 at 1316051257.989261
*Threshold : Ready = 12
*Received Ready Message Num = 12
============================================

DKG_READY 741 for 1 RECEIVED from 15 to 5 at 1316051258.038085
VSS_ECHO 882 for 3 RECEIVED from 15 to 5 at 1316051258.107249
VSS_ECHO 903 for 5 RECEIVED from 15 to 5 at 1316051258.149623
VSS_READY 31 for 1 RECEIVED from 13 to 5 at 1316051258.970431
VSS_READY 111 for 4 RECEIVED from 13 to 5 at 1316051259.275341
VSS_READY 181 for 4 RECEIVED from 3 to 5 at 1316051259.303055
DKG_ECHO 585 for 1 RECEIVED from 2 to 5 at 1316051259.361157
VSS_ECHO 202 for 5 RECEIVED from 3 to 5 at 1316051259.533446
VSS_ECHO 178 for 2 RECEIVED from 13 to 5 at 1316051259.552595
VSS_ECHO 731 for 5 RECEIVED from 2 to 5 at 1316051259.681860
VSS_ECHO 199 for 4 RECEIVED from 13 to 5 at 1316051259.742879
VSS_ECHO 786 for 2 RECEIVED from 2 to 5 at 1316051259.947031
VSS_READY 274 for 2 RECEIVED from 13 to 5 at 1316051260.091377
VSS_READY 31 for 1 RECEIVED from 20 to 5 at 1316051260.197066



*============================================
*2ENOUGH VSS_READY message for 5 at 1316051260.197066
*Threshold : Ready = 12
*Received Ready Message Num = 12
*VSS Share is complete for dealer 1
============================================

VSS_READY 104 for 4 RECEIVED from 20 to 5 at 1316051260.229277
VSS_ECHO 347 for 5 RECEIVED from 13 to 5 at 1316051260.525665
VSS_READY 192 for 2 RECEIVED from 20 to 5 at 1316051260.532466
DKG_READY 519 for 1 RECEIVED from 13 to 5 at 1316051260.566106
DKG_READY 335 for 1 RECEIVED from 20 to 5 at 1316051260.570627
VSS_ECHO 8 for 1 RECEIVED from 19 to 5 at 1316051260.574726
VSS_ECHO 8 for 1 RECEIVED from 18 to 5 at 1316051260.591354
VSS_READY 53 for 1 RECEIVED from 19 to 5 at 1316051260.608080
VSS_READY 51 for 1 RECEIVED from 18 to 5 at 1316051260.637382
VSS_ECHO 272 for 2 RECEIVED from 3 to 5 at 1316051260.665894
VSS_ECHO 121 for 4 RECEIVED from 19 to 5 at 1316051260.682980
VSS_ECHO 116 for 4 RECEIVED from 18 to 5 at 1316051260.699790
VSS_READY 186 for 4 RECEIVED from 19 to 5 at 1316051260.717061
VSS_READY 149 for 4 RECEIVED from 18 to 5 at 1316051260.745949
VSS_READY 313 for 2 RECEIVED from 18 to 5 at 1316051260.775281
VSS_ECHO 387 for 4 RECEIVED from 20 to 5 at 1316051260.804077
VSS_ECHO 370 for 2 RECEIVED from 18 to 5 at 1316051260.820961
VSS_ECHO 444 for 3 RECEIVED from 20 to 5 at 1316051261.066715
VSS_SEND 7 for * RECEIVED from 3 to 5 at 1316051261.168659
VSS_ECHO 35 for 1 RECEIVED from 3 to 5 at 1316051261.175774
VSS_ECHO 742 for 3 RECEIVED from 13 to 5 at 1316051261.384018
VSS_READY 90 for 1 RECEIVED from 3 to 5 at 1316051261.390816
VSS_ECHO 129 for 3 RECEIVED from 3 to 5 at 1316051261.419700
VSS_SEND 7 for * RECEIVED from 2 to 5 at 1316051261.426761
VSSECHO_STAGE3 * for * SENT from * to * at 1316051261.459311
VSSECHO_STAGE4 * for * SENT from * to * at 1316051261.459674
BEFORE_LOCK * for 2 SENT from 5 to 1 at 1316051261.724907 standard 1
AFTER_LOCK * for 2 SENT from 5 to 1 at 1316051261.724910 standard 1
AFTER_AFTER_LOCK * for 2 SENT from 5 to 1 at 1316051261.725114 standard 1
AFTER_LOCK2 * for 2 SENT from 5 to 1 at 1316051261.725115 standard 1
VSS_ECHO 996 for 2 SENT from 5 to 1 at 1316051261.725175 standard 1
VSSECHO_STAGE3 * for * SENT from * to * at 1316051261.725228
VSSECHO_STAGE4 * for * SENT from * to * at 1316051261.725434
BEFORE_LOCK * for 2 SENT from 5 to 2 at 1316051261.725445 standard 1
AFTER_LOCK * for 2 SENT from 5 to 2 at 1316051261.725446 standard 1
AFTER_AFTER_LOCK * for 2 SENT from 5 to 2 at 1316051261.725464 standard 1
AFTER_LOCK2 * for 2 SENT from 5 to 2 at 1316051261.725465 standard 1
VSS_ECHO 997 for 2 SENT from 5 to 2 at 1316051261.725504 standard 1
VSSECHO_STAGE3 * for * SENT from * to * at 1316051261.725527
VSSECHO_STAGE4 * for * SENT from * to * at 1316051261.725639
BEFORE_LOCK * for 2 SENT from 5 to 3 at 1316051261.725648 standard 1
AFTER_LOCK * for 2 SENT from 5 to 3 at 1316051261.725649 standard 1
AFTER_AFTER_LOCK * for 2 SENT from 5 to 3 at 1316051261.725662 standard 1
AFTER_LOCK2 * for 2 SENT from 5 to 3 at 1316051261.725663 standard 1
VSS_ECHO 998 for 2 SENT from 5 to 3 at 1316051261.725702 standard 1
VSSECHO_STAGE3 * for * SENT from * to * at 1316051261.725723
VSSECHO_STAGE4 * for * SENT from * to * at 1316051261.725832
BEFORE_LOCK * for 2 SENT from 5 to 4 at 1316051261.725841 standard 1
AFTER_LOCK * for 2 SENT from 5 to 4 at 1316051261.725842 standard 1
AFTER_AFTER_LOCK * for 2 SENT from 5 to 4 at 1316051261.726033 standard 1
AFTER_LOCK2 * for 2 SENT from 5 to 4 at 1316051261.726034 standard 1
VSS_ECHO 999 for 2 SENT from 5 to 4 at 1316051261.726078 standard 1
VSSECHO_STAGE3 * for * SENT from * to * at 1316051261.726107
VSSECHO_STAGE4 * for * SENT from * to * at 1316051261.726250
BEFORE_LOCK * for 2 SENT from 5 to 5 at 1316051261.726263 standard 1
AFTER_LOCK * for 2 SENT from 5 to 5 at 1316051261.726264 standard 1
AFTER_AFTER_LOCK * for 2 SENT from 5 to 5 at 1316051261.726308 standard 1
AFTER_LOCK2 * for 2 SENT from 5 to 5 at 1316051261.726309 standard 1
VSS_ECHO 1000 for 2 SENT from 5 to 5 at 1316051261.726360 standard 1
VSSECHO_STAGE3 * for * SENT from * to * at 1316051261.726382
VSSECHO_STAGE4 * for * SENT from * to * at 1316051261.726491
BEFORE_LOCK * for 2 SENT from 5 to 6 at 1316051261.726500 standard 1
AFTER_LOCK * for 2 SENT from 5 to 6 at 1316051261.726501 standard 1
AFTER_AFTER_LOCK * for 2 SENT from 5 to 6 at 1316051261.726536 standard 1
AFTER_LOCK2 * for 2 SENT from 5 to 6 at 1316051261.726537 standard 1
VSS_ECHO 1001 for 2 SENT from 5 to 6 at 1316051261.726576 standard 1
VSSECHO_STAGE3 * for * SENT from * to * at 1316051261.726598
VSSECHO_STAGE4 * for * SENT from * to * at 1316051261.726708
BEFORE_LOCK * for 2 SENT from 5 to 7 at 1316051261.726775 standard 1
AFTER_LOCK * for 2 SENT from 5 to 7 at 1316051261.726776 standard 1
AFTER_AFTER_LOCK * for 2 SENT from 5 to 7 at 1316051261.727353 standard 1
AFTER_LOCK2 * for 2 SENT from 5 to 7 at 1316051261.727353 standard 1
VSS_ECHO 1002 for 2 SENT from 5 to 7 at 1316051261.727399 standard 1
VSSECHO_STAGE3 * for * SENT from * to * at 1316051261.727429
VSSECHO_STAGE4 * for * SENT from * to * at 1316051261.727606
BEFORE_LOCK * for 2 SENT from 5 to 8 at 1316051261.727617 standard 1
AFTER_LOCK * for 2 SENT from 5 to 8 at 1316051261.727618 standard 1
AFTER_AFTER_LOCK * for 2 SENT from 5 to 8 at 1316051261.727618 standard 1
AFTER_LOCK2 * for 2 SENT from 5 to 8 at 1316051261.727619 standard 1
VSS_ECHO 1003 for 2 SENT from 5 to 8 at 1316051261.727663 standard 1
VSSECHO_STAGE3 * for * SENT from * to * at 1316051261.727691
VSSECHO_STAGE4 * for * SENT from * to * at 1316051261.727833
BEFORE_LOCK * for 2 SENT from 5 to 9 at 1316051261.727844 standard 1
AFTER_LOCK * for 2 SENT from 5 to 9 at 1316051261.727845 standard 1
AFTER_AFTER_LOCK * for 2 SENT from 5 to 9 at 1316051261.728149 standard 1
AFTER_LOCK2 * for 2 SENT from 5 to 9 at 1316051261.728150 standard 1
VSS_ECHO 1004 for 2 SENT from 5 to 9 at 1316051261.728195 standard 1
VSSECHO_STAGE3 * for * SENT from * to * at 1316051261.728224
VSSECHO_STAGE4 * for * SENT from * to * at 1316051261.728377
BEFORE_LOCK * for 2 SENT from 5 to 10 at 1316051261.728387 standard 1
AFTER_LOCK * for 2 SENT from 5 to 10 at 1316051261.728388 standard 1
AFTER_AFTER_LOCK * for 2 SENT from 5 to 10 at 1316051261.728424 standard 1
AFTER_LOCK2 * for 2 SENT from 5 to 10 at 1316051261.728425 standard 1
VSS_ECHO 1005 for 2 SENT from 5 to 10 at 1316051261.728464 standard 1
VSSECHO_STAGE3 * for * SENT from * to * at 1316051261.728486
VSSECHO_STAGE4 * for * SENT from * to * at 1316051261.728598
BEFORE_LOCK * for 2 SENT from 5 to 11 at 1316051261.728608 standard 1
AFTER_LOCK * for 2 SENT from 5 to 11 at 1316051261.728609 standard 1
AFTER_AFTER_LOCK * for 2 SENT from 5 to 11 at 1316051261.728843 standard 1
AFTER_LOCK2 * for 2 SENT from 5 to 11 at 1316051261.728844 standard 1
VSS_ECHO 1006 for 2 SENT from 5 to 11 at 1316051261.728884 standard 1
VSSECHO_STAGE3 * for * SENT from * to * at 1316051261.728907
VSSECHO_STAGE4 * for * SENT from * to * at 1316051261.729018
BEFORE_LOCK * for 2 SENT from 5 to 12 at 1316051261.729027 standard 1
AFTER_LOCK * for 2 SENT from 5 to 12 at 1316051261.729028 standard 1
AFTER_AFTER_LOCK * for 2 SENT from 5 to 12 at 1316051261.729063 standard 1
AFTER_LOCK2 * for 2 SENT from 5 to 12 at 1316051261.729064 standard 1
VSS_ECHO 1007 for 2 SENT from 5 to 12 at 1316051261.729107 standard 1
VSSECHO_STAGE3 * for * SENT from * to * at 1316051261.729135
VSSECHO_STAGE4 * for * SENT from * to * at 1316051261.729299
BEFORE_LOCK * for 2 SENT from 5 to 13 at 1316051261.729310 standard 1
AFTER_LOCK * for 2 SENT from 5 to 13 at 1316051261.729311 standard 1
AFTER_AFTER_LOCK * for 2 SENT from 5 to 13 at 1316051261.729351 standard 1
AFTER_LOCK2 * for 2 SENT from 5 to 13 at 1316051261.729352 standard 1
VSS_ECHO 1008 for 2 SENT from 5 to 13 at 1316051261.729391 standard 1
VSSECHO_STAGE3 * for * SENT from * to * at 1316051261.729414
VSSECHO_STAGE4 * for * SENT from * to * at 1316051261.729539
BEFORE_LOCK * for 2 SENT from 5 to 14 at 1316051261.729548 standard 1
AFTER_LOCK * for 2 SENT from 5 to 14 at 1316051261.729549 standard 1
AFTER_AFTER_LOCK * for 2 SENT from 5 to 14 at 1316051261.729933 standard 1
AFTER_LOCK2 * for 2 SENT from 5 to 14 at 1316051261.729933 standard 1
VSS_ECHO 1009 for 2 SENT from 5 to 14 at 1316051261.730089 standard 1
VSSECHO_STAGE3 * for * SENT from * to * at 1316051261.730113
VSSECHO_STAGE4 * for * SENT from * to * at 1316051261.730223
BEFORE_LOCK * for 2 SENT from 5 to 15 at 1316051261.730233 standard 1
AFTER_LOCK * for 2 SENT from 5 to 15 at 1316051261.730234 standard 1
AFTER_AFTER_LOCK * for 2 SENT from 5 to 15 at 1316051261.730285 standard 1
AFTER_LOCK2 * for 2 SENT from 5 to 15 at 1316051261.730285 standard 1
VSS_ECHO 1010 for 2 SENT from 5 to 15 at 1316051261.730352 standard 1
VSSECHO_STAGE3 * for * SENT from * to * at 1316051261.730412
VSSECHO_STAGE4 * for * SENT from * to * at 1316051261.730539
BEFORE_LOCK * for 2 SENT from 5 to 16 at 1316051261.730552 standard 1
AFTER_LOCK * for 2 SENT from 5 to 16 at 1316051261.730553 standard 1
AFTER_AFTER_LOCK * for 2 SENT from 5 to 16 at 1316051261.731025 standard 1
AFTER_LOCK2 * for 2 SENT from 5 to 16 at 1316051261.731025 standard 1
VSS_ECHO 1011 for 2 SENT from 5 to 16 at 1316051261.731072 standard 1
VSSECHO_STAGE3 * for * SENT from * to * at 1316051261.731104
VSSECHO_STAGE4 * for * SENT from * to * at 1316051261.731261
BEFORE_LOCK * for 2 SENT from 5 to 17 at 1316051261.731272 standard 1
AFTER_LOCK * for 2 SENT from 5 to 17 at 1316051261.731273 standard 1
AFTER_AFTER_LOCK * for 2 SENT from 5 to 17 at 1316051261.731694 standard 1
AFTER_LOCK2 * for 2 SENT from 5 to 17 at 1316051261.731696 standard 1
VSS_ECHO 1012 for 2 SENT from 5 to 17 at 1316051261.731740 standard 1
VSSECHO_STAGE3 * for * SENT from * to * at 1316051261.731765
VSSECHO_STAGE4 * for * SENT from * to * at 1316051261.731879
BEFORE_LOCK * for 2 SENT from 5 to 18 at 1316051261.731889 standard 1
AFTER_LOCK * for 2 SENT from 5 to 18 at 1316051261.731890 standard 1
AFTER_AFTER_LOCK * for 2 SENT from 5 to 18 at 1316051261.731931 standard 1
AFTER_LOCK2 * for 2 SENT from 5 to 18 at 1316051261.731932 standard 1
VSS_ECHO 1013 for 2 SENT from 5 to 18 at 1316051261.731977 standard 1
VSSECHO_STAGE3 * for * SENT from * to * at 1316051261.732005
VSSECHO_STAGE4 * for * SENT from * to * at 1316051261.732150
BEFORE_LOCK * for 2 SENT from 5 to 19 at 1316051261.732236 standard 1
AFTER_LOCK * for 2 SENT from 5 to 19 at 1316051261.732238 standard 1
AFTER_AFTER_LOCK * for 2 SENT from 5 to 19 at 1316051261.732459 standard 1
AFTER_LOCK2 * for 2 SENT from 5 to 19 at 1316051261.732460 standard 1
VSS_ECHO 1014 for 2 SENT from 5 to 19 at 1316051261.732506 standard 1
VSSECHO_STAGE3 * for * SENT from * to * at 1316051261.732535
VSSECHO_STAGE4 * for * SENT from * to * at 1316051261.732659
BEFORE_LOCK * for 2 SENT from 5 to 20 at 1316051261.732669 standard 1
AFTER_LOCK * for 2 SENT from 5 to 20 at 1316051261.732670 standard 1
AFTER_AFTER_LOCK * for 2 SENT from 5 to 20 at 1316051261.732705 standard 1
AFTER_LOCK2 * for 2 SENT from 5 to 20 at 1316051261.732706 standard 1
VSS_ECHO 1015 for 2 SENT from 5 to 20 at 1316051261.732749 standard 1
DKG_ECHO 327 for 1 RECEIVED from 3 to 5 at 1316051261.732831
VSS_ECHO 35 for 1 RECEIVED from 2 to 5 at 1316051261.737409
VSS_READY 91 for 1 RECEIVED from 2 to 5 at 1316051261.754063
VSS_READY 154 for 2 RECEIVED from 2 to 5 at 1316051261.782910
VSS_ECHO 1000 for 2 RECEIVED from 5 to 5 at 1316051261.813755
VSS_READY 293 for 4 RECEIVED from 2 to 5 at 1316051261.831314



*============================================
*2ENOUGH VSS_READY message for 5 at 1316051261.831314
*Threshold : Ready = 12
*Received Ready Message Num = 12
*VSS Share is complete for dealer 4
============================================

DKG_COMPLETE * for 1 RS from 5 to * at 1316051261.831314 :)
