-Run node 6 starting at 1316051240.743818 with version 5.2
-Function node 6 starting at 1316051250.743945
LEADER_CHANGE 1 for * SENT from 6 to 1 at 1316051250.745760 standard 1
VSS_SEND 8 for * RECEIVED from 1 to 6 at 1316051250.747311
VSSECHO_STAGE3 * for * SENT from * to * at 1316051250.763978
VSSECHO_STAGE4 * for * SENT from * to * at 1316051250.764044
BEFORE_LOCK * for 1 SENT from 6 to 1 at 1316051250.764049 standard 1
AFTER_LOCK * for 1 SENT from 6 to 1 at 1316051250.764050 standard 1
AFTER_AFTER_LOCK * for 1 SENT from 6 to 1 at 1316051250.764092 standard 1
AFTER_LOCK2 * for 1 SENT from 6 to 1 at 1316051250.764092 standard 1
VSS_ECHO 4 for 1 SENT from 6 to 1 at 1316051250.764108 standard 1
VSSECHO_STAGE3 * for * SENT from * to * at 1316051250.764118
VSSECHO_STAGE4 * for * SENT from * to * at 1316051250.764181
BEFORE_LOCK * for 1 SENT from 6 to 2 at 1316051250.764185 standard 1
AFTER_LOCK * for 1 SENT from 6 to 2 at 1316051250.764185 standard 1
AFTER_AFTER_LOCK * for 1 SENT from 6 to 2 at 1316051250.764228 standard 1
AFTER_LOCK2 * for 1 SENT from 6 to 2 at 1316051250.764229 standard 1
VSS_ECHO 5 for 1 SENT from 6 to 2 at 1316051250.764243 standard 1
VSSECHO_STAGE3 * for * SENT from * to * at 1316051250.764253
VSSECHO_STAGE4 * for * SENT from * to * at 1316051250.764457
BEFORE_LOCK * for 1 SENT from 6 to 3 at 1316051250.764463 standard 1
AFTER_LOCK * for 1 SENT from 6 to 3 at 1316051250.764463 standard 1
AFTER_AFTER_LOCK * for 1 SENT from 6 to 3 at 1316051250.764493 standard 1
AFTER_LOCK2 * for 1 SENT from 6 to 3 at 1316051250.764493 standard 1
VSS_ECHO 6 for 1 SENT from 6 to 3 at 1316051250.764507 standard 1
VSSECHO_STAGE3 * for * SENT from * to * at 1316051250.764519
VSSECHO_STAGE4 * for * SENT from * to * at 1316051250.764581
BEFORE_LOCK * for 1 SENT from 6 to 4 at 1316051250.764585 standard 1
AFTER_LOCK * for 1 SENT from 6 to 4 at 1316051250.764586 standard 1
AFTER_AFTER_LOCK * for 1 SENT from 6 to 4 at 1316051250.764626 standard 1
AFTER_LOCK2 * for 1 SENT from 6 to 4 at 1316051250.764626 standard 1
VSS_ECHO 7 for 1 SENT from 6 to 4 at 1316051250.764640 standard 1
VSSECHO_STAGE3 * for * SENT from * to * at 1316051250.764651
VSSECHO_STAGE4 * for * SENT from * to * at 1316051250.764712
BEFORE_LOCK * for 1 SENT from 6 to 5 at 1316051250.764716 standard 1
AFTER_LOCK * for 1 SENT from 6 to 5 at 1316051250.764717 standard 1
AFTER_AFTER_LOCK * for 1 SENT from 6 to 5 at 1316051250.764730 standard 1
AFTER_LOCK2 * for 1 SENT from 6 to 5 at 1316051250.764730 standard 1
VSS_ECHO 8 for 1 SENT from 6 to 5 at 1316051250.764744 standard 1
VSSECHO_STAGE3 * for * SENT from * to * at 1316051250.764754
VSSECHO_STAGE4 * for * SENT from * to * at 1316051250.764819
BEFORE_LOCK * for 1 SENT from 6 to 6 at 1316051250.764823 standard 1
AFTER_LOCK * for 1 SENT from 6 to 6 at 1316051250.764824 standard 1
AFTER_AFTER_LOCK * for 1 SENT from 6 to 6 at 1316051250.764838 standard 1
AFTER_LOCK2 * for 1 SENT from 6 to 6 at 1316051250.764838 standard 1
VSS_ECHO 9 for 1 SENT from 6 to 6 at 1316051250.764852 standard 1
VSSECHO_STAGE3 * for * SENT from * to * at 1316051250.764863
VSSECHO_STAGE4 * for * SENT from * to * at 1316051250.764930
BEFORE_LOCK * for 1 SENT from 6 to 7 at 1316051250.764934 standard 1
AFTER_LOCK * for 1 SENT from 6 to 7 at 1316051250.764935 standard 1
AFTER_AFTER_LOCK * for 1 SENT from 6 to 7 at 1316051250.764948 standard 1
AFTER_LOCK2 * for 1 SENT from 6 to 7 at 1316051250.764948 standard 1
VSS_ECHO 10 for 1 SENT from 6 to 7 at 1316051250.764962 standard 1
VSSECHO_STAGE3 * for * SENT from * to * at 1316051250.764972
VSSECHO_STAGE4 * for * SENT from * to * at 1316051250.765033
BEFORE_LOCK * for 1 SENT from 6 to 8 at 1316051250.765038 standard 1
AFTER_LOCK * for 1 SENT from 6 to 8 at 1316051250.765038 standard 1
AFTER_AFTER_LOCK * for 1 SENT from 6 to 8 at 1316051250.765051 standard 1
AFTER_LOCK2 * for 1 SENT from 6 to 8 at 1316051250.765052 standard 1
VSS_ECHO 11 for 1 SENT from 6 to 8 at 1316051250.765066 standard 1
VSSECHO_STAGE3 * for * SENT from * to * at 1316051250.765076
VSSECHO_STAGE4 * for * SENT from * to * at 1316051250.765136
BEFORE_LOCK * for 1 SENT from 6 to 9 at 1316051250.765159 standard 1
AFTER_LOCK * for 1 SENT from 6 to 9 at 1316051250.765159 standard 1
AFTER_AFTER_LOCK * for 1 SENT from 6 to 9 at 1316051250.765199 standard 1
AFTER_LOCK2 * for 1 SENT from 6 to 9 at 1316051250.765200 standard 1
VSS_ECHO 12 for 1 SENT from 6 to 9 at 1316051250.765213 standard 1
VSSECHO_STAGE3 * for * SENT from * to * at 1316051250.765227
VSSECHO_STAGE4 * for * SENT from * to * at 1316051250.765291
BEFORE_LOCK * for 1 SENT from 6 to 10 at 1316051250.765296 standard 1
AFTER_LOCK * for 1 SENT from 6 to 10 at 1316051250.765296 standard 1
AFTER_AFTER_LOCK * for 1 SENT from 6 to 10 at 1316051250.765310 standard 1
AFTER_LOCK2 * for 1 SENT from 6 to 10 at 1316051250.765310 standard 1
VSS_ECHO 13 for 1 SENT from 6 to 10 at 1316051250.765323 standard 1
VSSECHO_STAGE3 * for * SENT from * to * at 1316051250.765333
VSSECHO_STAGE4 * for * SENT from * to * at 1316051250.765395
BEFORE_LOCK * for 1 SENT from 6 to 11 at 1316051250.765400 standard 1
AFTER_LOCK * for 1 SENT from 6 to 11 at 1316051250.765400 standard 1
AFTER_AFTER_LOCK * for 1 SENT from 6 to 11 at 1316051250.765414 standard 1
AFTER_LOCK2 * for 1 SENT from 6 to 11 at 1316051250.765414 standard 1
VSS_ECHO 14 for 1 SENT from 6 to 11 at 1316051250.765427 standard 1
VSSECHO_STAGE3 * for * SENT from * to * at 1316051250.765437
VSSECHO_STAGE4 * for * SENT from * to * at 1316051250.765496
BEFORE_LOCK * for 1 SENT from 6 to 12 at 1316051250.765500 standard 1
AFTER_LOCK * for 1 SENT from 6 to 12 at 1316051250.765501 standard 1
AFTER_AFTER_LOCK * for 1 SENT from 6 to 12 at 1316051250.765516 standard 1
AFTER_LOCK2 * for 1 SENT from 6 to 12 at 1316051250.765516 standard 1
VSS_ECHO 15 for 1 SENT from 6 to 12 at 1316051250.765529 standard 1
VSSECHO_STAGE3 * for * SENT from * to * at 1316051250.765539
VSSECHO_STAGE4 * for * SENT from * to * at 1316051250.765598
BEFORE_LOCK * for 1 SENT from 6 to 13 at 1316051250.765602 standard 1
AFTER_LOCK * for 1 SENT from 6 to 13 at 1316051250.765603 standard 1
AFTER_AFTER_LOCK * for 1 SENT from 6 to 13 at 1316051250.765615 standard 1
AFTER_LOCK2 * for 1 SENT from 6 to 13 at 1316051250.765616 standard 1
VSS_ECHO 16 for 1 SENT from 6 to 13 at 1316051250.765629 standard 1
VSSECHO_STAGE3 * for * SENT from * to * at 1316051250.765639
VSSECHO_STAGE4 * for * SENT from * to * at 1316051250.765697
BEFORE_LOCK * for 1 SENT from 6 to 14 at 1316051250.765702 standard 1
AFTER_LOCK * for 1 SENT from 6 to 14 at 1316051250.765702 standard 1
AFTER_AFTER_LOCK * for 1 SENT from 6 to 14 at 1316051250.765743 standard 1
AFTER_LOCK2 * for 1 SENT from 6 to 14 at 1316051250.765743 standard 1
VSS_ECHO 17 for 1 SENT from 6 to 14 at 1316051250.765756 standard 1
VSSECHO_STAGE3 * for * SENT from * to * at 1316051250.765766
VSSECHO_STAGE4 * for * SENT from * to * at 1316051250.765825
BEFORE_LOCK * for 1 SENT from 6 to 15 at 1316051250.765829 standard 1
AFTER_LOCK * for 1 SENT from 6 to 15 at 1316051250.765830 standard 1
AFTER_AFTER_LOCK * for 1 SENT from 6 to 15 at 1316051250.765843 standard 1
AFTER_LOCK2 * for 1 SENT from 6 to 15 at 1316051250.765843 standard 1
VSS_ECHO 18 for 1 SENT from 6 to 15 at 1316051250.765856 standard 1
VSSECHO_STAGE3 * for * SENT from * to * at 1316051250.765866
VSSECHO_STAGE4 * for * SENT from * to * at 1316051250.765928
BEFORE_LOCK * for 1 SENT from 6 to 16 at 1316051250.765932 standard 1
AFTER_LOCK * for 1 SENT from 6 to 16 at 1316051250.765932 standard 1
AFTER_AFTER_LOCK * for 1 SENT from 6 to 16 at 1316051250.765945 standard 1
AFTER_LOCK2 * for 1 SENT from 6 to 16 at 1316051250.765945 standard 1
VSS_ECHO 19 for 1 SENT from 6 to 16 at 1316051250.765958 standard 1
VSSECHO_STAGE3 * for * SENT from * to * at 1316051250.765968
VSSECHO_STAGE4 * for * SENT from * to * at 1316051250.766027
BEFORE_LOCK * for 1 SENT from 6 to 17 at 1316051250.766031 standard 1
AFTER_LOCK * for 1 SENT from 6 to 17 at 1316051250.766032 standard 1
AFTER_AFTER_LOCK * for 1 SENT from 6 to 17 at 1316051250.766045 standard 1
AFTER_LOCK2 * for 1 SENT from 6 to 17 at 1316051250.766045 standard 1
VSS_ECHO 20 for 1 SENT from 6 to 17 at 1316051250.766058 standard 1
VSSECHO_STAGE3 * for * SENT from * to * at 1316051250.766077
VSSECHO_STAGE4 * for * SENT from * to * at 1316051250.766137
BEFORE_LOCK * for 1 SENT from 6 to 18 at 1316051250.766141 standard 1
AFTER_LOCK * for 1 SENT from 6 to 18 at 1316051250.766141 standard 1
AFTER_AFTER_LOCK * for 1 SENT from 6 to 18 at 1316051250.766787 standard 1
AFTER_LOCK2 * for 1 SENT from 6 to 18 at 1316051250.766787 standard 1
VSS_ECHO 21 for 1 SENT from 6 to 18 at 1316051250.766803 standard 1
VSSECHO_STAGE3 * for * SENT from * to * at 1316051250.766814
VSSECHO_STAGE4 * for * SENT from * to * at 1316051250.766876
BEFORE_LOCK * for 1 SENT from 6 to 19 at 1316051250.766881 standard 1
AFTER_LOCK * for 1 SENT from 6 to 19 at 1316051250.766881 standard 1
AFTER_AFTER_LOCK * for 1 SENT from 6 to 19 at 1316051250.766888 standard 1
AFTER_LOCK2 * for 1 SENT from 6 to 19 at 1316051250.766888 standard 1
VSS_ECHO 22 for 1 SENT from 6 to 19 at 1316051250.766901 standard 1
VSSECHO_STAGE3 * for * SENT from * to * at 1316051250.766911
VSSECHO_STAGE4 * for * SENT from * to * at 1316051250.766971
BEFORE_LOCK * for 1 SENT from 6 to 20 at 1316051250.766975 standard 1
AFTER_LOCK * for 1 SENT from 6 to 20 at 1316051250.766976 standard 1
AFTER_AFTER_LOCK * for 1 SENT from 6 to 20 at 1316051250.766982 standard 1
AFTER_LOCK2 * for 1 SENT from 6 to 20 at 1316051250.766982 standard 1
VSS_ECHO 23 for 1 SENT from 6 to 20 at 1316051250.766995 standard 1
VSS_ECHO 9 for 1 RECEIVED from 12 to 6 at 1316051250.767009
VSS_ECHO 9 for 1 RECEIVED from 9 to 6 at 1316051250.776110
VSS_ECHO 9 for 1 RECEIVED from 17 to 6 at 1316051250.784953
VSS_ECHO 9 for 1 RECEIVED from 10 to 6 at 1316051250.793767
VSS_ECHO 9 for 1 RECEIVED from 14 to 6 at 1316051250.802657
VSS_ECHO 41 for 1 RECEIVED from 1 to 6 at 1316051250.811487
VSS_ECHO 9 for 1 RECEIVED from 6 to 6 at 1316051250.820126
VSS_ECHO 9 for 1 RECEIVED from 16 to 6 at 1316051251.244260
VSS_ECHO 9 for 1 RECEIVED from 18 to 6 at 1316051251.444065
VSS_READY 207 for 1 RECEIVED from 1 to 6 at 1316051251.762619
VSS_READY 57 for 1 RECEIVED from 12 to 6 at 1316051251.778920
VSS_READY 58 for 1 RECEIVED from 9 to 6 at 1316051251.794283



============================================
*1ENOUGH VSS_READY message for 6 at 1316051251.794283
*Threshold : Ready = 3
*Received Ready Message Num = 3
*Ready messages are sending out...
============================================

BEFORE_LOCK * for 1 SENT from 6 to 1 at 1316051251.811563 standard 1
AFTER_LOCK * for 1 SENT from 6 to 1 at 1316051251.811564 standard 1
AFTER_AFTER_LOCK * for 1 SENT from 6 to 1 at 1316051251.811602 standard 1
AFTER_LOCK2 * for 1 SENT from 6 to 1 at 1316051251.811602 standard 1
VSS_READY 51 for 1 SENT from 6 to 1 at 1316051251.811603 standard 1
BEFORE_LOCK * for 1 SENT from 6 to 2 at 1316051251.813408 standard 1
AFTER_LOCK * for 1 SENT from 6 to 2 at 1316051251.813409 standard 1
AFTER_AFTER_LOCK * for 1 SENT from 6 to 2 at 1316051251.813409 standard 1
AFTER_LOCK2 * for 1 SENT from 6 to 2 at 1316051251.813409 standard 1
VSS_READY 52 for 1 SENT from 6 to 2 at 1316051251.813410 standard 1
BEFORE_LOCK * for 1 SENT from 6 to 3 at 1316051251.815281 standard 1
AFTER_LOCK * for 1 SENT from 6 to 3 at 1316051251.815282 standard 1
AFTER_AFTER_LOCK * for 1 SENT from 6 to 3 at 1316051251.815282 standard 1
AFTER_LOCK2 * for 1 SENT from 6 to 3 at 1316051251.815282 standard 1
VSS_READY 53 for 1 SENT from 6 to 3 at 1316051251.815283 standard 1
BEFORE_LOCK * for 1 SENT from 6 to 4 at 1316051251.817042 standard 1
AFTER_LOCK * for 1 SENT from 6 to 4 at 1316051251.817042 standard 1
AFTER_AFTER_LOCK * for 1 SENT from 6 to 4 at 1316051251.817043 standard 1
AFTER_LOCK2 * for 1 SENT from 6 to 4 at 1316051251.817043 standard 1
VSS_READY 54 for 1 SENT from 6 to 4 at 1316051251.817043 standard 1
BEFORE_LOCK * for 1 SENT from 6 to 5 at 1316051251.818760 standard 1
AFTER_LOCK * for 1 SENT from 6 to 5 at 1316051251.818761 standard 1
AFTER_AFTER_LOCK * for 1 SENT from 6 to 5 at 1316051251.818761 standard 1
AFTER_LOCK2 * for 1 SENT from 6 to 5 at 1316051251.818761 standard 1
VSS_READY 55 for 1 SENT from 6 to 5 at 1316051251.818761 standard 1
BEFORE_LOCK * for 1 SENT from 6 to 6 at 1316051262.766712 standard 1
AFTER_LOCK * for 1 SENT from 6 to 6 at 1316051262.766712 standard 1
AFTER_AFTER_LOCK * for 1 SENT from 6 to 6 at 1316051262.766752 standard 1
AFTER_LOCK2 * for 1 SENT from 6 to 6 at 1316051262.766752 standard 1
VSS_READY 56 for 1 SENT from 6 to 6 at 1316051262.766752 standard 1
BEFORE_LOCK * for 1 SENT from 6 to 7 at 1316051262.768522 standard 1
AFTER_LOCK * for 1 SENT from 6 to 7 at 1316051262.768523 standard 1
AFTER_AFTER_LOCK * for 1 SENT from 6 to 7 at 1316051262.768555 standard 1
AFTER_LOCK2 * for 1 SENT from 6 to 7 at 1316051262.768556 standard 1
VSS_READY 57 for 1 SENT from 6 to 7 at 1316051262.768556 standard 1
BEFORE_LOCK * for 1 SENT from 6 to 8 at 1316051262.770391 standard 1
AFTER_LOCK * for 1 SENT from 6 to 8 at 1316051262.770392 standard 1
AFTER_AFTER_LOCK * for 1 SENT from 6 to 8 at 1316051262.770392 standard 1
AFTER_LOCK2 * for 1 SENT from 6 to 8 at 1316051262.770392 standard 1
VSS_READY 58 for 1 SENT from 6 to 8 at 1316051262.770392 standard 1
BEFORE_LOCK * for 1 SENT from 6 to 9 at 1316051262.772131 standard 1
AFTER_LOCK * for 1 SENT from 6 to 9 at 1316051262.772131 standard 1
AFTER_AFTER_LOCK * for 1 SENT from 6 to 9 at 1316051262.772164 standard 1
AFTER_LOCK2 * for 1 SENT from 6 to 9 at 1316051262.772164 standard 1
VSS_READY 59 for 1 SENT from 6 to 9 at 1316051262.772164 standard 1
BEFORE_LOCK * for 1 SENT from 6 to 10 at 1316051262.773989 standard 1
AFTER_LOCK * for 1 SENT from 6 to 10 at 1316051262.773989 standard 1
AFTER_AFTER_LOCK * for 1 SENT from 6 to 10 at 1316051262.774021 standard 1
AFTER_LOCK2 * for 1 SENT from 6 to 10 at 1316051262.774022 standard 1
VSS_READY 60 for 1 SENT from 6 to 10 at 1316051262.774022 standard 1
BEFORE_LOCK * for 1 SENT from 6 to 11 at 1316051262.776001 standard 1
AFTER_LOCK * for 1 SENT from 6 to 11 at 1316051262.776002 standard 1
AFTER_AFTER_LOCK * for 1 SENT from 6 to 11 at 1316051262.776035 standard 1
AFTER_LOCK2 * for 1 SENT from 6 to 11 at 1316051262.776035 standard 1
VSS_READY 61 for 1 SENT from 6 to 11 at 1316051262.776035 standard 1
BEFORE_LOCK * for 1 SENT from 6 to 12 at 1316051262.777821 standard 1
AFTER_LOCK * for 1 SENT from 6 to 12 at 1316051262.777822 standard 1
AFTER_AFTER_LOCK * for 1 SENT from 6 to 12 at 1316051262.777853 standard 1
AFTER_LOCK2 * for 1 SENT from 6 to 12 at 1316051262.777854 standard 1
VSS_READY 62 for 1 SENT from 6 to 12 at 1316051262.777854 standard 1
BEFORE_LOCK * for 1 SENT from 6 to 13 at 1316051262.779610 standard 1
AFTER_LOCK * for 1 SENT from 6 to 13 at 1316051262.779610 standard 1
AFTER_AFTER_LOCK * for 1 SENT from 6 to 13 at 1316051262.779617 standard 1
AFTER_LOCK2 * for 1 SENT from 6 to 13 at 1316051262.779617 standard 1
VSS_READY 63 for 1 SENT from 6 to 13 at 1316051262.779617 standard 1
BEFORE_LOCK * for 1 SENT from 6 to 14 at 1316051262.781381 standard 1
AFTER_LOCK * for 1 SENT from 6 to 14 at 1316051262.781382 standard 1
AFTER_AFTER_LOCK * for 1 SENT from 6 to 14 at 1316051262.781414 standard 1
AFTER_LOCK2 * for 1 SENT from 6 to 14 at 1316051262.781414 standard 1
VSS_READY 64 for 1 SENT from 6 to 14 at 1316051262.781415 standard 1
BEFORE_LOCK * for 1 SENT from 6 to 15 at 1316051262.783259 standard 1
AFTER_LOCK * for 1 SENT from 6 to 15 at 1316051262.783260 standard 1
AFTER_AFTER_LOCK * for 1 SENT from 6 to 15 at 1316051262.783292 standard 1
AFTER_LOCK2 * for 1 SENT from 6 to 15 at 1316051262.783292 standard 1
VSS_READY 65 for 1 SENT from 6 to 15 at 1316051262.783293 standard 1
BEFORE_LOCK * for 1 SENT from 6 to 16 at 1316051262.785215 standard 1
AFTER_LOCK * for 1 SENT from 6 to 16 at 1316051262.785215 standard 1
AFTER_AFTER_LOCK * for 1 SENT from 6 to 16 at 1316051262.785248 standard 1
AFTER_LOCK2 * for 1 SENT from 6 to 16 at 1316051262.785248 standard 1
VSS_READY 66 for 1 SENT from 6 to 16 at 1316051262.785248 standard 1
BEFORE_LOCK * for 1 SENT from 6 to 17 at 1316051262.786989 standard 1
AFTER_LOCK * for 1 SENT from 6 to 17 at 1316051262.786989 standard 1
AFTER_AFTER_LOCK * for 1 SENT from 6 to 17 at 1316051262.787021 standard 1
AFTER_LOCK2 * for 1 SENT from 6 to 17 at 1316051262.787021 standard 1
VSS_READY 67 for 1 SENT from 6 to 17 at 1316051262.787022 standard 1
BEFORE_LOCK * for 1 SENT from 6 to 18 at 1316051262.788791 standard 1
AFTER_LOCK * for 1 SENT from 6 to 18 at 1316051262.788792 standard 1
AFTER_AFTER_LOCK * for 1 SENT from 6 to 18 at 1316051262.788824 standard 1
AFTER_LOCK2 * for 1 SENT from 6 to 18 at 1316051262.788824 standard 1
VSS_READY 68 for 1 SENT from 6 to 18 at 1316051262.788825 standard 1
BEFORE_LOCK * for 1 SENT from 6 to 19 at 1316051262.790661 standard 1
AFTER_LOCK * for 1 SENT from 6 to 19 at 1316051262.790661 standard 1
AFTER_AFTER_LOCK * for 1 SENT from 6 to 19 at 1316051262.790693 standard 1
AFTER_LOCK2 * for 1 SENT from 6 to 19 at 1316051262.790693 standard 1
VSS_READY 69 for 1 SENT from 6 to 19 at 1316051262.790694 standard 1
BEFORE_LOCK * for 1 SENT from 6 to 20 at 1316051262.792530 standard 1
AFTER_LOCK * for 1 SENT from 6 to 20 at 1316051262.792533 standard 1
AFTER_AFTER_LOCK * for 1 SENT from 6 to 20 at 1316051262.792724 standard 1
AFTER_LOCK2 * for 1 SENT from 6 to 20 at 1316051262.792724 standard 1
VSS_READY 70 for 1 SENT from 6 to 20 at 1316051262.792724 standard 1
VSS_READY 41 for 1 RECEIVED from 17 to 6 at 1316051262.792824
VSS_READY 58 for 1 RECEIVED from 10 to 6 at 1316051262.811388
VSS_READY 41 for 1 RECEIVED from 14 to 6 at 1316051262.826526
VSS_ECHO 273 for 2 RECEIVED from 3 to 6 at 1316051262.841502
VSS_ECHO 277 for 4 RECEIVED from 4 to 6 at 1316051262.850178
VSS_ECHO 1001 for 2 RECEIVED from 5 to 6 at 1316051262.859066
VSS_READY 56 for 1 RECEIVED from 6 to 6 at 1316051262.867894
VSS_READY 56 for 1 RECEIVED from 7 to 6 at 1316051262.883099
DKG_ECHO 586 for 1 RECEIVED from 2 to 6 at 1316051262.898158
VSS_READY 314 for 2 RECEIVED from 18 to 6 at 1316051262.900185
VSS_ECHO 299 for 5 RECEIVED from 19 to 6 at 1316051262.915501
VSS_READY 32 for 1 RECEIVED from 20 to 6 at 1316051262.924337
VSS_READY 34 for 1 RECEIVED from 11 to 6 at 1316051262.939487
VSS_ECHO 743 for 3 RECEIVED from 13 to 6 at 1316051262.954638
VSS_READY 41 for 1 RECEIVED from 15 to 6 at 1316051262.963521
VSS_READY 55 for 1 RECEIVED from 16 to 6 at 1316051262.978759



*============================================
*2ENOUGH VSS_READY message for 6 at 1316051262.978759
*Threshold : Ready = 12
*Received Ready Message Num = 12
*VSS Share is complete for dealer 1
============================================

BEFORE_LOCK * for 1 SENT from 6 to 1 at 1316051262.994675 standard 1
AFTER_LOCK * for 1 SENT from 6 to 1 at 1316051262.994676 standard 1
AFTER_AFTER_LOCK * for 1 SENT from 6 to 1 at 1316051262.994716 standard 1
AFTER_LOCK2 * for 1 SENT from 6 to 1 at 1316051262.994716 standard 1
VSS_SHARED 168 for 1 SENT from 6 to 1 at 1316051262.994731 standard 1
VSS_ECHO 297 for 4 RECEIVED from 1 to 6 at 1316051262.996266
VSS_ECHO 123 for 4 RECEIVED from 12 to 6 at 1316051263.005076
VSS_ECHO 131 for 4 RECEIVED from 9 to 6 at 1316051263.014329
VSS_ECHO 117 for 4 RECEIVED from 17 to 6 at 1316051263.023558
VSS_ECHO 121 for 4 RECEIVED from 10 to 6 at 1316051263.032402
VSS_ECHO 130 for 4 RECEIVED from 14 to 6 at 1316051263.041193
DKG_ECHO 328 for 1 RECEIVED from 3 to 6 at 1316051263.049965
VSS_ECHO 332 for 5 RECEIVED from 4 to 6 at 1316051263.051863
VSS_ECHO 150 for 4 RECEIVED from 7 to 6 at 1316051263.060519
VSS_ECHO 732 for 5 RECEIVED from 2 to 6 at 1316051263.069413
VSS_ECHO 371 for 2 RECEIVED from 18 to 6 at 1316051263.078144
VSS_ECHO 365 for 2 RECEIVED from 19 to 6 at 1316051263.086867
VSS_READY 105 for 4 RECEIVED from 20 to 6 at 1316051263.095565
VSS_ECHO 103 for 4 RECEIVED from 11 to 6 at 1316051263.110804
VSS_ECHO 133 for 4 RECEIVED from 15 to 6 at 1316051263.119515
VSS_ECHO 133 for 4 RECEIVED from 16 to 6 at 1316051263.128279
VSS_SEND 8 for * RECEIVED from 4 to 6 at 1316051263.137010
VSSECHO_STAGE3 * for * SENT from * to * at 1316051263.153546
VSSECHO_STAGE4 * for * SENT from * to * at 1316051263.153611
BEFORE_LOCK * for 4 SENT from 6 to 1 at 1316051263.153616 standard 1
AFTER_LOCK * for 4 SENT from 6 to 1 at 1316051263.153617 standard 1
AFTER_AFTER_LOCK * for 4 SENT from 6 to 1 at 1316051263.153659 standard 1
AFTER_LOCK2 * for 4 SENT from 6 to 1 at 1316051263.153660 standard 1
VSS_ECHO 214 for 4 SENT from 6 to 1 at 1316051263.153689 standard 1
VSSECHO_STAGE3 * for * SENT from * to * at 1316051263.153700
VSSECHO_STAGE4 * for * SENT from * to * at 1316051263.153759
BEFORE_LOCK * for 4 SENT from 6 to 2 at 1316051263.153763 standard 1
AFTER_LOCK * for 4 SENT from 6 to 2 at 1316051263.153764 standard 1
AFTER_AFTER_LOCK * for 4 SENT from 6 to 2 at 1316051263.153770 standard 1
AFTER_LOCK2 * for 4 SENT from 6 to 2 at 1316051263.153771 standard 1
VSS_ECHO 215 for 4 SENT from 6 to 2 at 1316051263.153785 standard 1
VSSECHO_STAGE3 * for * SENT from * to * at 1316051263.153794
VSSECHO_STAGE4 * for * SENT from * to * at 1316051263.153870
BEFORE_LOCK * for 4 SENT from 6 to 3 at 1316051263.153874 standard 1
AFTER_LOCK * for 4 SENT from 6 to 3 at 1316051263.153874 standard 1
AFTER_AFTER_LOCK * for 4 SENT from 6 to 3 at 1316051263.153881 standard 1
AFTER_LOCK2 * for 4 SENT from 6 to 3 at 1316051263.153881 standard 1
VSS_ECHO 216 for 4 SENT from 6 to 3 at 1316051263.153894 standard 1
VSSECHO_STAGE3 * for * SENT from * to * at 1316051263.153904
VSSECHO_STAGE4 * for * SENT from * to * at 1316051263.153968
BEFORE_LOCK * for 4 SENT from 6 to 4 at 1316051263.153973 standard 1
AFTER_LOCK * for 4 SENT from 6 to 4 at 1316051263.153973 standard 1
AFTER_AFTER_LOCK * for 4 SENT from 6 to 4 at 1316051263.153979 standard 1
AFTER_LOCK2 * for 4 SENT from 6 to 4 at 1316051263.153979 standard 1
VSS_ECHO 217 for 4 SENT from 6 to 4 at 1316051263.153992 standard 1
VSSECHO_STAGE3 * for * SENT from * to * at 1316051263.154002
VSSECHO_STAGE4 * for * SENT from * to * at 1316051263.154066
BEFORE_LOCK * for 4 SENT from 6 to 5 at 1316051263.154070 standard 1
AFTER_LOCK * for 4 SENT from 6 to 5 at 1316051263.154070 standard 1
AFTER_AFTER_LOCK * for 4 SENT from 6 to 5 at 1316051263.154077 standard 1
AFTER_LOCK2 * for 4 SENT from 6 to 5 at 1316051263.154077 standard 1
VSS_ECHO 218 for 4 SENT from 6 to 5 at 1316051263.154090 standard 1
VSSECHO_STAGE3 * for * SENT from * to * at 1316051263.154100
VSSECHO_STAGE4 * for * SENT from * to * at 1316051263.154160
BEFORE_LOCK * for 4 SENT from 6 to 6 at 1316051263.154164 standard 1
AFTER_LOCK * for 4 SENT from 6 to 6 at 1316051263.154164 standard 1
AFTER_AFTER_LOCK * for 4 SENT from 6 to 6 at 1316051263.154197 standard 1
AFTER_LOCK2 * for 4 SENT from 6 to 6 at 1316051263.154197 standard 1
VSS_ECHO 219 for 4 SENT from 6 to 6 at 1316051263.154215 standard 1
VSSECHO_STAGE3 * for * SENT from * to * at 1316051263.154225
VSSECHO_STAGE4 * for * SENT from * to * at 1316051263.154287
BEFORE_LOCK * for 4 SENT from 6 to 7 at 1316051263.154291 standard 1
AFTER_LOCK * for 4 SENT from 6 to 7 at 1316051263.154292 standard 1
AFTER_AFTER_LOCK * for 4 SENT from 6 to 7 at 1316051263.154298 standard 1
AFTER_LOCK2 * for 4 SENT from 6 to 7 at 1316051263.154298 standard 1
VSS_ECHO 220 for 4 SENT from 6 to 7 at 1316051263.154312 standard 1
VSSECHO_STAGE3 * for * SENT from * to * at 1316051263.154322
VSSECHO_STAGE4 * for * SENT from * to * at 1316051263.154384
BEFORE_LOCK * for 4 SENT from 6 to 8 at 1316051263.154388 standard 1
AFTER_LOCK * for 4 SENT from 6 to 8 at 1316051263.154389 standard 1
AFTER_AFTER_LOCK * for 4 SENT from 6 to 8 at 1316051263.154389 standard 1
AFTER_LOCK2 * for 4 SENT from 6 to 8 at 1316051263.154389 standard 1
VSS_ECHO 221 for 4 SENT from 6 to 8 at 1316051263.154401 standard 1
VSSECHO_STAGE3 * for * SENT from * to * at 1316051263.154410
VSSECHO_STAGE4 * for * SENT from * to * at 1316051263.154470
BEFORE_LOCK * for 4 SENT from 6 to 9 at 1316051263.154474 standard 1
AFTER_LOCK * for 4 SENT from 6 to 9 at 1316051263.154475 standard 1
AFTER_AFTER_LOCK * for 4 SENT from 6 to 9 at 1316051263.154481 standard 1
AFTER_LOCK2 * for 4 SENT from 6 to 9 at 1316051263.154481 standard 1
VSS_ECHO 222 for 4 SENT from 6 to 9 at 1316051263.154494 standard 1
VSSECHO_STAGE3 * for * SENT from * to * at 1316051263.154504
VSSECHO_STAGE4 * for * SENT from * to * at 1316051263.154567
BEFORE_LOCK * for 4 SENT from 6 to 10 at 1316051263.154580 standard 1
AFTER_LOCK * for 4 SENT from 6 to 10 at 1316051263.154581 standard 1
AFTER_AFTER_LOCK * for 4 SENT from 6 to 10 at 1316051263.154587 standard 1
AFTER_LOCK2 * for 4 SENT from 6 to 10 at 1316051263.154587 standard 1
VSS_ECHO 223 for 4 SENT from 6 to 10 at 1316051263.154601 standard 1
VSSECHO_STAGE3 * for * SENT from * to * at 1316051263.154611
VSSECHO_STAGE4 * for * SENT from * to * at 1316051263.154766
BEFORE_LOCK * for 4 SENT from 6 to 11 at 1316051263.154771 standard 1
AFTER_LOCK * for 4 SENT from 6 to 11 at 1316051263.154771 standard 1
AFTER_AFTER_LOCK * for 4 SENT from 6 to 11 at 1316051263.154804 standard 1
AFTER_LOCK2 * for 4 SENT from 6 to 11 at 1316051263.154804 standard 1
VSS_ECHO 224 for 4 SENT from 6 to 11 at 1316051263.154818 standard 1
VSSECHO_STAGE3 * for * SENT from * to * at 1316051263.154828
VSSECHO_STAGE4 * for * SENT from * to * at 1316051263.154888
BEFORE_LOCK * for 4 SENT from 6 to 12 at 1316051263.154892 standard 1
AFTER_LOCK * for 4 SENT from 6 to 12 at 1316051263.154892 standard 1
AFTER_AFTER_LOCK * for 4 SENT from 6 to 12 at 1316051263.154898 standard 1
AFTER_LOCK2 * for 4 SENT from 6 to 12 at 1316051263.154898 standard 1
VSS_ECHO 225 for 4 SENT from 6 to 12 at 1316051263.154912 standard 1
VSSECHO_STAGE3 * for * SENT from * to * at 1316051263.154922
VSSECHO_STAGE4 * for * SENT from * to * at 1316051263.154982
BEFORE_LOCK * for 4 SENT from 6 to 13 at 1316051263.154986 standard 1
AFTER_LOCK * for 4 SENT from 6 to 13 at 1316051263.154987 standard 1
AFTER_AFTER_LOCK * for 4 SENT from 6 to 13 at 1316051263.154993 standard 1
AFTER_LOCK2 * for 4 SENT from 6 to 13 at 1316051263.154993 standard 1
VSS_ECHO 226 for 4 SENT from 6 to 13 at 1316051263.155007 standard 1
VSSECHO_STAGE3 * for * SENT from * to * at 1316051263.155017
VSSECHO_STAGE4 * for * SENT from * to * at 1316051263.155077
BEFORE_LOCK * for 4 SENT from 6 to 14 at 1316051263.155081 standard 1
AFTER_LOCK * for 4 SENT from 6 to 14 at 1316051263.155082 standard 1
AFTER_AFTER_LOCK * for 4 SENT from 6 to 14 at 1316051263.155088 standard 1
AFTER_LOCK2 * for 4 SENT from 6 to 14 at 1316051263.155088 standard 1
VSS_ECHO 227 for 4 SENT from 6 to 14 at 1316051263.155101 standard 1
VSSECHO_STAGE3 * for * SENT from * to * at 1316051263.155111
VSSECHO_STAGE4 * for * SENT from * to * at 1316051263.155175
BEFORE_LOCK * for 4 SENT from 6 to 15 at 1316051263.155180 standard 1
AFTER_LOCK * for 4 SENT from 6 to 15 at 1316051263.155180 standard 1
AFTER_AFTER_LOCK * for 4 SENT from 6 to 15 at 1316051263.155186 standard 1
AFTER_LOCK2 * for 4 SENT from 6 to 15 at 1316051263.155187 standard 1
VSS_ECHO 228 for 4 SENT from 6 to 15 at 1316051263.155200 standard 1
VSSECHO_STAGE3 * for * SENT from * to * at 1316051263.155214
VSSECHO_STAGE4 * for * SENT from * to * at 1316051263.155274
BEFORE_LOCK * for 4 SENT from 6 to 16 at 1316051263.155278 standard 1
AFTER_LOCK * for 4 SENT from 6 to 16 at 1316051263.155279 standard 1
AFTER_AFTER_LOCK * for 4 SENT from 6 to 16 at 1316051263.155311 standard 1
AFTER_LOCK2 * for 4 SENT from 6 to 16 at 1316051263.155311 standard 1
VSS_ECHO 229 for 4 SENT from 6 to 16 at 1316051263.155325 standard 1
VSSECHO_STAGE3 * for * SENT from * to * at 1316051263.155334
VSSECHO_STAGE4 * for * SENT from * to * at 1316051263.155394
BEFORE_LOCK * for 4 SENT from 6 to 17 at 1316051263.155398 standard 1
AFTER_LOCK * for 4 SENT from 6 to 17 at 1316051263.155398 standard 1
AFTER_AFTER_LOCK * for 4 SENT from 6 to 17 at 1316051263.155407 standard 1
AFTER_LOCK2 * for 4 SENT from 6 to 17 at 1316051263.155408 standard 1
VSS_ECHO 230 for 4 SENT from 6 to 17 at 1316051263.155421 standard 1
VSSECHO_STAGE3 * for * SENT from * to * at 1316051263.155431
VSSECHO_STAGE4 * for * SENT from * to * at 1316051263.155491
BEFORE_LOCK * for 4 SENT from 6 to 18 at 1316051263.155495 standard 1
AFTER_LOCK * for 4 SENT from 6 to 18 at 1316051263.155495 standard 1
AFTER_AFTER_LOCK * for 4 SENT from 6 to 18 at 1316051263.155503 standard 1
AFTER_LOCK2 * for 4 SENT from 6 to 18 at 1316051263.155503 standard 1
VSS_ECHO 231 for 4 SENT from 6 to 18 at 1316051263.155527 standard 1
VSSECHO_STAGE3 * for * SENT from * to * at 1316051263.155538
VSSECHO_STAGE4 * for * SENT from * to * at 1316051263.155598
BEFORE_LOCK * for 4 SENT from 6 to 19 at 1316051263.155602 standard 1
AFTER_LOCK * for 4 SENT from 6 to 19 at 1316051263.155603 standard 1
AFTER_AFTER_LOCK * for 4 SENT from 6 to 19 at 1316051263.155609 standard 1
AFTER_LOCK2 * for 4 SENT from 6 to 19 at 1316051263.155609 standard 1
VSS_ECHO 232 for 4 SENT from 6 to 19 at 1316051263.155622 standard 1
VSSECHO_STAGE3 * for * SENT from * to * at 1316051263.155632
VSSECHO_STAGE4 * for * SENT from * to * at 1316051263.155692
BEFORE_LOCK * for 4 SENT from 6 to 20 at 1316051263.155696 standard 1
AFTER_LOCK * for 4 SENT from 6 to 20 at 1316051263.155696 standard 1
AFTER_AFTER_LOCK * for 4 SENT from 6 to 20 at 1316051263.155703 standard 1
AFTER_LOCK2 * for 4 SENT from 6 to 20 at 1316051263.155703 standard 1
VSS_ECHO 233 for 4 SENT from 6 to 20 at 1316051263.155716 standard 1
VSS_ECHO 9 for 1 RECEIVED from 7 to 6 at 1316051263.155730
VSS_ECHO 9 for 1 RECEIVED from 15 to 6 at 1316051263.164452
VSS_SEND 8 for * RECEIVED from 2 to 6 at 1316051263.173165
VSSECHO_STAGE3 * for * SENT from * to * at 1316051263.189776
VSSECHO_STAGE4 * for * SENT from * to * at 1316051263.189838
BEFORE_LOCK * for 2 SENT from 6 to 1 at 1316051263.189843 standard 1
AFTER_LOCK * for 2 SENT from 6 to 1 at 1316051263.189843 standard 1
AFTER_AFTER_LOCK * for 2 SENT from 6 to 1 at 1316051263.189879 standard 1
AFTER_LOCK2 * for 2 SENT from 6 to 1 at 1316051263.189879 standard 1
VSS_ECHO 237 for 2 SENT from 6 to 1 at 1316051263.189893 standard 1
VSSECHO_STAGE3 * for * SENT from * to * at 1316051263.189903
VSSECHO_STAGE4 * for * SENT from * to * at 1316051263.189962
BEFORE_LOCK * for 2 SENT from 6 to 2 at 1316051263.189966 standard 1
AFTER_LOCK * for 2 SENT from 6 to 2 at 1316051263.189967 standard 1
AFTER_AFTER_LOCK * for 2 SENT from 6 to 2 at 1316051263.189973 standard 1
AFTER_LOCK2 * for 2 SENT from 6 to 2 at 1316051263.189973 standard 1
VSS_ECHO 238 for 2 SENT from 6 to 2 at 1316051263.189987 standard 1
VSSECHO_STAGE3 * for * SENT from * to * at 1316051263.189997
VSSECHO_STAGE4 * for * SENT from * to * at 1316051263.190056
BEFORE_LOCK * for 2 SENT from 6 to 3 at 1316051263.190060 standard 1
AFTER_LOCK * for 2 SENT from 6 to 3 at 1316051263.190060 standard 1
AFTER_AFTER_LOCK * for 2 SENT from 6 to 3 at 1316051263.190066 standard 1
AFTER_LOCK2 * for 2 SENT from 6 to 3 at 1316051263.190066 standard 1
VSS_ECHO 239 for 2 SENT from 6 to 3 at 1316051263.190080 standard 1
VSSECHO_STAGE3 * for * SENT from * to * at 1316051263.190090
VSSECHO_STAGE4 * for * SENT from * to * at 1316051263.190148
BEFORE_LOCK * for 2 SENT from 6 to 4 at 1316051263.190152 standard 1
AFTER_LOCK * for 2 SENT from 6 to 4 at 1316051263.190153 standard 1
AFTER_AFTER_LOCK * for 2 SENT from 6 to 4 at 1316051263.190159 standard 1
AFTER_LOCK2 * for 2 SENT from 6 to 4 at 1316051263.190159 standard 1
VSS_ECHO 240 for 2 SENT from 6 to 4 at 1316051263.190172 standard 1
VSSECHO_STAGE3 * for * SENT from * to * at 1316051263.190182
VSSECHO_STAGE4 * for * SENT from * to * at 1316051263.190245
BEFORE_LOCK * for 2 SENT from 6 to 5 at 1316051263.190249 standard 1
AFTER_LOCK * for 2 SENT from 6 to 5 at 1316051263.190250 standard 1
AFTER_AFTER_LOCK * for 2 SENT from 6 to 5 at 1316051263.190256 standard 1
AFTER_LOCK2 * for 2 SENT from 6 to 5 at 1316051263.190256 standard 1
VSS_ECHO 241 for 2 SENT from 6 to 5 at 1316051263.190269 standard 1
VSSECHO_STAGE3 * for * SENT from * to * at 1316051263.190278
VSSECHO_STAGE4 * for * SENT from * to * at 1316051263.190337
BEFORE_LOCK * for 2 SENT from 6 to 6 at 1316051263.190341 standard 1
AFTER_LOCK * for 2 SENT from 6 to 6 at 1316051263.190342 standard 1
AFTER_AFTER_LOCK * for 2 SENT from 6 to 6 at 1316051263.190348 standard 1
AFTER_LOCK2 * for 2 SENT from 6 to 6 at 1316051263.190348 standard 1
VSS_ECHO 242 for 2 SENT from 6 to 6 at 1316051263.190361 standard 1
VSSECHO_STAGE3 * for * SENT from * to * at 1316051263.190371
VSSECHO_STAGE4 * for * SENT from * to * at 1316051263.190442
BEFORE_LOCK * for 2 SENT from 6 to 7 at 1316051263.190446 standard 1
AFTER_LOCK * for 2 SENT from 6 to 7 at 1316051263.190446 standard 1
AFTER_AFTER_LOCK * for 2 SENT from 6 to 7 at 1316051263.190478 standard 1
AFTER_LOCK2 * for 2 SENT from 6 to 7 at 1316051263.190479 standard 1
VSS_ECHO 243 for 2 SENT from 6 to 7 at 1316051263.190492 standard 1
VSSECHO_STAGE3 * for * SENT from * to * at 1316051263.190502
VSSECHO_STAGE4 * for * SENT from * to * at 1316051263.190561
BEFORE_LOCK * for 2 SENT from 6 to 8 at 1316051263.190565 standard 1
AFTER_LOCK * for 2 SENT from 6 to 8 at 1316051263.190566 standard 1
AFTER_AFTER_LOCK * for 2 SENT from 6 to 8 at 1316051263.190566 standard 1
AFTER_LOCK2 * for 2 SENT from 6 to 8 at 1316051263.190566 standard 1
VSS_ECHO 244 for 2 SENT from 6 to 8 at 1316051263.190577 standard 1
VSSECHO_STAGE3 * for * SENT from * to * at 1316051263.190586
VSSECHO_STAGE4 * for * SENT from * to * at 1316051263.190644
BEFORE_LOCK * for 2 SENT from 6 to 9 at 1316051263.190648 standard 1
AFTER_LOCK * for 2 SENT from 6 to 9 at 1316051263.190649 standard 1
AFTER_AFTER_LOCK * for 2 SENT from 6 to 9 at 1316051263.190655 standard 1
AFTER_LOCK2 * for 2 SENT from 6 to 9 at 1316051263.190655 standard 1
VSS_ECHO 245 for 2 SENT from 6 to 9 at 1316051263.190668 standard 1
VSSECHO_STAGE3 * for * SENT from * to * at 1316051263.190678
VSSECHO_STAGE4 * for * SENT from * to * at 1316051263.190736
BEFORE_LOCK * for 2 SENT from 6 to 10 at 1316051263.190740 standard 1
AFTER_LOCK * for 2 SENT from 6 to 10 at 1316051263.190740 standard 1
AFTER_AFTER_LOCK * for 2 SENT from 6 to 10 at 1316051263.190746 standard 1
AFTER_LOCK2 * for 2 SENT from 6 to 10 at 1316051263.190746 standard 1
VSS_ECHO 246 for 2 SENT from 6 to 10 at 1316051263.190760 standard 1
VSSECHO_STAGE3 * for * SENT from * to * at 1316051263.190769
VSSECHO_STAGE4 * for * SENT from * to * at 1316051263.190827
BEFORE_LOCK * for 2 SENT from 6 to 11 at 1316051263.190831 standard 1
AFTER_LOCK * for 2 SENT from 6 to 11 at 1316051263.190832 standard 1
AFTER_AFTER_LOCK * for 2 SENT from 6 to 11 at 1316051263.190838 standard 1
AFTER_LOCK2 * for 2 SENT from 6 to 11 at 1316051263.190838 standard 1
VSS_ECHO 247 for 2 SENT from 6 to 11 at 1316051263.190851 standard 1
VSSECHO_STAGE3 * for * SENT from * to * at 1316051263.190860
VSSECHO_STAGE4 * for * SENT from * to * at 1316051263.190919
BEFORE_LOCK * for 2 SENT from 6 to 12 at 1316051263.190923 standard 1
AFTER_LOCK * for 2 SENT from 6 to 12 at 1316051263.190924 standard 1
AFTER_AFTER_LOCK * for 2 SENT from 6 to 12 at 1316051263.190929 standard 1
AFTER_LOCK2 * for 2 SENT from 6 to 12 at 1316051263.190930 standard 1
VSS_ECHO 248 for 2 SENT from 6 to 12 at 1316051263.190942 standard 1
VSSECHO_STAGE3 * for * SENT from * to * at 1316051263.190952
VSSECHO_STAGE4 * for * SENT from * to * at 1316051263.191011
BEFORE_LOCK * for 2 SENT from 6 to 13 at 1316051263.191015 standard 1
AFTER_LOCK * for 2 SENT from 6 to 13 at 1316051263.191015 standard 1
AFTER_AFTER_LOCK * for 2 SENT from 6 to 13 at 1316051263.191047 standard 1
AFTER_LOCK2 * for 2 SENT from 6 to 13 at 1316051263.191048 standard 1
VSS_ECHO 249 for 2 SENT from 6 to 13 at 1316051263.191061 standard 1
VSSECHO_STAGE3 * for * SENT from * to * at 1316051263.191070
VSSECHO_STAGE4 * for * SENT from * to * at 1316051263.191129
BEFORE_LOCK * for 2 SENT from 6 to 14 at 1316051263.191133 standard 1
AFTER_LOCK * for 2 SENT from 6 to 14 at 1316051263.191133 standard 1
AFTER_AFTER_LOCK * for 2 SENT from 6 to 14 at 1316051263.191140 standard 1
AFTER_LOCK2 * for 2 SENT from 6 to 14 at 1316051263.191140 standard 1
VSS_ECHO 250 for 2 SENT from 6 to 14 at 1316051263.191153 standard 1
VSSECHO_STAGE3 * for * SENT from * to * at 1316051263.191163
VSSECHO_STAGE4 * for * SENT from * to * at 1316051263.191225
BEFORE_LOCK * for 2 SENT from 6 to 15 at 1316051263.191230 standard 1
AFTER_LOCK * for 2 SENT from 6 to 15 at 1316051263.191230 standard 1
AFTER_AFTER_LOCK * for 2 SENT from 6 to 15 at 1316051263.191236 standard 1
AFTER_LOCK2 * for 2 SENT from 6 to 15 at 1316051263.191236 standard 1
VSS_ECHO 251 for 2 SENT from 6 to 15 at 1316051263.191259 standard 1
VSSECHO_STAGE3 * for * SENT from * to * at 1316051263.191270
VSSECHO_STAGE4 * for * SENT from * to * at 1316051263.191328
BEFORE_LOCK * for 2 SENT from 6 to 16 at 1316051263.191332 standard 1
AFTER_LOCK * for 2 SENT from 6 to 16 at 1316051263.191333 standard 1
AFTER_AFTER_LOCK * for 2 SENT from 6 to 16 at 1316051263.191339 standard 1
AFTER_LOCK2 * for 2 SENT from 6 to 16 at 1316051263.191339 standard 1
VSS_ECHO 252 for 2 SENT from 6 to 16 at 1316051263.191352 standard 1
VSSECHO_STAGE3 * for * SENT from * to * at 1316051263.191362
VSSECHO_STAGE4 * for * SENT from * to * at 1316051263.191420
BEFORE_LOCK * for 2 SENT from 6 to 17 at 1316051263.191424 standard 1
AFTER_LOCK * for 2 SENT from 6 to 17 at 1316051263.191425 standard 1
AFTER_AFTER_LOCK * for 2 SENT from 6 to 17 at 1316051263.191431 standard 1
AFTER_LOCK2 * for 2 SENT from 6 to 17 at 1316051263.191431 standard 1
VSS_ECHO 253 for 2 SENT from 6 to 17 at 1316051263.191445 standard 1
VSSECHO_STAGE3 * for * SENT from * to * at 1316051263.191454
VSSECHO_STAGE4 * for * SENT from * to * at 1316051263.191513
BEFORE_LOCK * for 2 SENT from 6 to 18 at 1316051263.191517 standard 1
AFTER_LOCK * for 2 SENT from 6 to 18 at 1316051263.191517 standard 1
AFTER_AFTER_LOCK * for 2 SENT from 6 to 18 at 1316051263.191549 standard 1
AFTER_LOCK2 * for 2 SENT from 6 to 18 at 1316051263.191549 standard 1
VSS_ECHO 254 for 2 SENT from 6 to 18 at 1316051263.191562 standard 1
VSSECHO_STAGE3 * for * SENT from * to * at 1316051263.191572
VSSECHO_STAGE4 * for * SENT from * to * at 1316051263.191631
BEFORE_LOCK * for 2 SENT from 6 to 19 at 1316051263.191635 standard 1
AFTER_LOCK * for 2 SENT from 6 to 19 at 1316051263.191636 standard 1
AFTER_AFTER_LOCK * for 2 SENT from 6 to 19 at 1316051263.191642 standard 1
AFTER_LOCK2 * for 2 SENT from 6 to 19 at 1316051263.191642 standard 1
VSS_ECHO 255 for 2 SENT from 6 to 19 at 1316051263.191656 standard 1
VSSECHO_STAGE3 * for * SENT from * to * at 1316051263.191665
VSSECHO_STAGE4 * for * SENT from * to * at 1316051263.191723
BEFORE_LOCK * for 2 SENT from 6 to 20 at 1316051263.191728 standard 1
AFTER_LOCK * for 2 SENT from 6 to 20 at 1316051263.191728 standard 1
AFTER_AFTER_LOCK * for 2 SENT from 6 to 20 at 1316051263.191734 standard 1
AFTER_LOCK2 * for 2 SENT from 6 to 20 at 1316051263.191734 standard 1
VSS_ECHO 256 for 2 SENT from 6 to 20 at 1316051263.191747 standard 1
VSS_SEND 8 for * RECEIVED from 3 to 6 at 1316051263.191761
VSSECHO_STAGE3 * for * SENT from * to * at 1316051263.208167
VSSECHO_STAGE4 * for * SENT from * to * at 1316051263.208238
BEFORE_LOCK * for 3 SENT from 6 to 1 at 1316051263.208242 standard 1
AFTER_LOCK * for 3 SENT from 6 to 1 at 1316051263.208243 standard 1
AFTER_AFTER_LOCK * for 3 SENT from 6 to 1 at 1316051263.208277 standard 1
AFTER_LOCK2 * for 3 SENT from 6 to 1 at 1316051263.208277 standard 1
VSS_ECHO 258 for 3 SENT from 6 to 1 at 1316051263.208292 standard 1
VSSECHO_STAGE3 * for * SENT from * to * at 1316051263.208302
VSSECHO_STAGE4 * for * SENT from * to * at 1316051263.208362
BEFORE_LOCK * for 3 SENT from 6 to 2 at 1316051263.208366 standard 1
AFTER_LOCK * for 3 SENT from 6 to 2 at 1316051263.208366 standard 1
AFTER_AFTER_LOCK * for 3 SENT from 6 to 2 at 1316051263.208372 standard 1
AFTER_LOCK2 * for 3 SENT from 6 to 2 at 1316051263.208373 standard 1
VSS_ECHO 259 for 3 SENT from 6 to 2 at 1316051263.208386 standard 1
VSSECHO_STAGE3 * for * SENT from * to * at 1316051263.208397
VSSECHO_STAGE4 * for * SENT from * to * at 1316051263.208455
BEFORE_LOCK * for 3 SENT from 6 to 3 at 1316051263.208460 standard 1
AFTER_LOCK * for 3 SENT from 6 to 3 at 1316051263.208460 standard 1
AFTER_AFTER_LOCK * for 3 SENT from 6 to 3 at 1316051263.208466 standard 1
AFTER_LOCK2 * for 3 SENT from 6 to 3 at 1316051263.208466 standard 1
VSS_ECHO 260 for 3 SENT from 6 to 3 at 1316051263.208479 standard 1
VSSECHO_STAGE3 * for * SENT from * to * at 1316051263.208489
VSSECHO_STAGE4 * for * SENT from * to * at 1316051263.208548
BEFORE_LOCK * for 3 SENT from 6 to 4 at 1316051263.208552 standard 1
AFTER_LOCK * for 3 SENT from 6 to 4 at 1316051263.208552 standard 1
AFTER_AFTER_LOCK * for 3 SENT from 6 to 4 at 1316051263.208559 standard 1
AFTER_LOCK2 * for 3 SENT from 6 to 4 at 1316051263.208559 standard 1
VSS_ECHO 261 for 3 SENT from 6 to 4 at 1316051263.208583 standard 1
VSSECHO_STAGE3 * for * SENT from * to * at 1316051263.208592
VSSECHO_STAGE4 * for * SENT from * to * at 1316051263.208651
BEFORE_LOCK * for 3 SENT from 6 to 5 at 1316051263.208655 standard 1
AFTER_LOCK * for 3 SENT from 6 to 5 at 1316051263.208656 standard 1
AFTER_AFTER_LOCK * for 3 SENT from 6 to 5 at 1316051263.208662 standard 1
AFTER_LOCK2 * for 3 SENT from 6 to 5 at 1316051263.208662 standard 1
VSS_ECHO 262 for 3 SENT from 6 to 5 at 1316051263.208675 standard 1
VSSECHO_STAGE3 * for * SENT from * to * at 1316051263.208685
VSSECHO_STAGE4 * for * SENT from * to * at 1316051263.208744
BEFORE_LOCK * for 3 SENT from 6 to 6 at 1316051263.208748 standard 1
AFTER_LOCK * for 3 SENT from 6 to 6 at 1316051263.208749 standard 1
AFTER_AFTER_LOCK * for 3 SENT from 6 to 6 at 1316051263.208780 standard 1
AFTER_LOCK2 * for 3 SENT from 6 to 6 at 1316051263.208780 standard 1
VSS_ECHO 263 for 3 SENT from 6 to 6 at 1316051263.208794 standard 1
VSSECHO_STAGE3 * for * SENT from * to * at 1316051263.208803
VSSECHO_STAGE4 * for * SENT from * to * at 1316051263.208868
BEFORE_LOCK * for 3 SENT from 6 to 7 at 1316051263.208872 standard 1
AFTER_LOCK * for 3 SENT from 6 to 7 at 1316051263.208872 standard 1
AFTER_AFTER_LOCK * for 3 SENT from 6 to 7 at 1316051263.208878 standard 1
AFTER_LOCK2 * for 3 SENT from 6 to 7 at 1316051263.208879 standard 1
VSS_ECHO 264 for 3 SENT from 6 to 7 at 1316051263.208892 standard 1
VSSECHO_STAGE3 * for * SENT from * to * at 1316051263.208902
VSSECHO_STAGE4 * for * SENT from * to * at 1316051263.208963
BEFORE_LOCK * for 3 SENT from 6 to 8 at 1316051263.208967 standard 1
AFTER_LOCK * for 3 SENT from 6 to 8 at 1316051263.208967 standard 1
AFTER_AFTER_LOCK * for 3 SENT from 6 to 8 at 1316051263.208968 standard 1
AFTER_LOCK2 * for 3 SENT from 6 to 8 at 1316051263.208968 standard 1
VSS_ECHO 265 for 3 SENT from 6 to 8 at 1316051263.208979 standard 1
VSSECHO_STAGE3 * for * SENT from * to * at 1316051263.208988
VSSECHO_STAGE4 * for * SENT from * to * at 1316051263.209049
BEFORE_LOCK * for 3 SENT from 6 to 9 at 1316051263.209053 standard 1
AFTER_LOCK * for 3 SENT from 6 to 9 at 1316051263.209053 standard 1
AFTER_AFTER_LOCK * for 3 SENT from 6 to 9 at 1316051263.209059 standard 1
AFTER_LOCK2 * for 3 SENT from 6 to 9 at 1316051263.209059 standard 1
VSS_ECHO 266 for 3 SENT from 6 to 9 at 1316051263.209073 standard 1
VSSECHO_STAGE3 * for * SENT from * to * at 1316051263.209083
VSSECHO_STAGE4 * for * SENT from * to * at 1316051263.209144
BEFORE_LOCK * for 3 SENT from 6 to 10 at 1316051263.209148 standard 1
AFTER_LOCK * for 3 SENT from 6 to 10 at 1316051263.209148 standard 1
AFTER_AFTER_LOCK * for 3 SENT from 6 to 10 at 1316051263.209154 standard 1
AFTER_LOCK2 * for 3 SENT from 6 to 10 at 1316051263.209155 standard 1
VSS_ECHO 267 for 3 SENT from 6 to 10 at 1316051263.209168 standard 1
VSSECHO_STAGE3 * for * SENT from * to * at 1316051263.209178
VSSECHO_STAGE4 * for * SENT from * to * at 1316051263.209243
BEFORE_LOCK * for 3 SENT from 6 to 11 at 1316051263.209247 standard 1
AFTER_LOCK * for 3 SENT from 6 to 11 at 1316051263.209247 standard 1
AFTER_AFTER_LOCK * for 3 SENT from 6 to 11 at 1316051263.209253 standard 1
AFTER_LOCK2 * for 3 SENT from 6 to 11 at 1316051263.209254 standard 1
VSS_ECHO 268 for 3 SENT from 6 to 11 at 1316051263.209267 standard 1
VSSECHO_STAGE3 * for * SENT from * to * at 1316051263.209283
VSSECHO_STAGE4 * for * SENT from * to * at 1316051263.209344
BEFORE_LOCK * for 3 SENT from 6 to 12 at 1316051263.209348 standard 1
AFTER_LOCK * for 3 SENT from 6 to 12 at 1316051263.209348 standard 1
AFTER_AFTER_LOCK * for 3 SENT from 6 to 12 at 1316051263.209380 standard 1
AFTER_LOCK2 * for 3 SENT from 6 to 12 at 1316051263.209381 standard 1
VSS_ECHO 269 for 3 SENT from 6 to 12 at 1316051263.209395 standard 1
VSSECHO_STAGE3 * for * SENT from * to * at 1316051263.209417
VSSECHO_STAGE4 * for * SENT from * to * at 1316051263.209478
BEFORE_LOCK * for 3 SENT from 6 to 13 at 1316051263.209482 standard 1
AFTER_LOCK * for 3 SENT from 6 to 13 at 1316051263.209482 standard 1
AFTER_AFTER_LOCK * for 3 SENT from 6 to 13 at 1316051263.209488 standard 1
AFTER_LOCK2 * for 3 SENT from 6 to 13 at 1316051263.209488 standard 1
VSS_ECHO 270 for 3 SENT from 6 to 13 at 1316051263.209501 standard 1
VSSECHO_STAGE3 * for * SENT from * to * at 1316051263.209511
VSSECHO_STAGE4 * for * SENT from * to * at 1316051263.209572
BEFORE_LOCK * for 3 SENT from 6 to 14 at 1316051263.209576 standard 1
AFTER_LOCK * for 3 SENT from 6 to 14 at 1316051263.209576 standard 1
AFTER_AFTER_LOCK * for 3 SENT from 6 to 14 at 1316051263.209582 standard 1
AFTER_LOCK2 * for 3 SENT from 6 to 14 at 1316051263.209583 standard 1
VSS_ECHO 271 for 3 SENT from 6 to 14 at 1316051263.209596 standard 1
VSSECHO_STAGE3 * for * SENT from * to * at 1316051263.209606
VSSECHO_STAGE4 * for * SENT from * to * at 1316051263.209666
BEFORE_LOCK * for 3 SENT from 6 to 15 at 1316051263.209670 standard 1
AFTER_LOCK * for 3 SENT from 6 to 15 at 1316051263.209670 standard 1
AFTER_AFTER_LOCK * for 3 SENT from 6 to 15 at 1316051263.209676 standard 1
AFTER_LOCK2 * for 3 SENT from 6 to 15 at 1316051263.209676 standard 1
VSS_ECHO 272 for 3 SENT from 6 to 15 at 1316051263.209689 standard 1
VSSECHO_STAGE3 * for * SENT from * to * at 1316051263.209699
VSSECHO_STAGE4 * for * SENT from * to * at 1316051263.209759
BEFORE_LOCK * for 3 SENT from 6 to 16 at 1316051263.209763 standard 1
AFTER_LOCK * for 3 SENT from 6 to 16 at 1316051263.209763 standard 1
AFTER_AFTER_LOCK * for 3 SENT from 6 to 16 at 1316051263.209769 standard 1
AFTER_LOCK2 * for 3 SENT from 6 to 16 at 1316051263.209769 standard 1
VSS_ECHO 273 for 3 SENT from 6 to 16 at 1316051263.209782 standard 1
VSSECHO_STAGE3 * for * SENT from * to * at 1316051263.209792
VSSECHO_STAGE4 * for * SENT from * to * at 1316051263.209852
BEFORE_LOCK * for 3 SENT from 6 to 17 at 1316051263.209856 standard 1
AFTER_LOCK * for 3 SENT from 6 to 17 at 1316051263.209857 standard 1
AFTER_AFTER_LOCK * for 3 SENT from 6 to 17 at 1316051263.209888 standard 1
AFTER_LOCK2 * for 3 SENT from 6 to 17 at 1316051263.209888 standard 1
VSS_ECHO 274 for 3 SENT from 6 to 17 at 1316051263.209902 standard 1
VSSECHO_STAGE3 * for * SENT from * to * at 1316051263.209912
VSSECHO_STAGE4 * for * SENT from * to * at 1316051263.209972
BEFORE_LOCK * for 3 SENT from 6 to 18 at 1316051263.209976 standard 1
AFTER_LOCK * for 3 SENT from 6 to 18 at 1316051263.209977 standard 1
AFTER_AFTER_LOCK * for 3 SENT from 6 to 18 at 1316051263.209982 standard 1
AFTER_LOCK2 * for 3 SENT from 6 to 18 at 1316051263.209982 standard 1
VSS_ECHO 275 for 3 SENT from 6 to 18 at 1316051263.209995 standard 1
VSSECHO_STAGE3 * for * SENT from * to * at 1316051263.210006
VSSECHO_STAGE4 * for * SENT from * to * at 1316051263.210066
BEFORE_LOCK * for 3 SENT from 6 to 19 at 1316051263.210070 standard 1
AFTER_LOCK * for 3 SENT from 6 to 19 at 1316051263.210070 standard 1
AFTER_AFTER_LOCK * for 3 SENT from 6 to 19 at 1316051263.210078 standard 1
AFTER_LOCK2 * for 3 SENT from 6 to 19 at 1316051263.210078 standard 1
VSS_ECHO 276 for 3 SENT from 6 to 19 at 1316051263.210092 standard 1
VSSECHO_STAGE3 * for * SENT from * to * at 1316051263.210101
VSSECHO_STAGE4 * for * SENT from * to * at 1316051263.210161
BEFORE_LOCK * for 3 SENT from 6 to 20 at 1316051263.210165 standard 1
AFTER_LOCK * for 3 SENT from 6 to 20 at 1316051263.210166 standard 1
AFTER_AFTER_LOCK * for 3 SENT from 6 to 20 at 1316051263.210171 standard 1
AFTER_LOCK2 * for 3 SENT from 6 to 20 at 1316051263.210172 standard 1
VSS_ECHO 277 for 3 SENT from 6 to 20 at 1316051263.210185 standard 1
VSS_READY 32 for 1 RECEIVED from 13 to 6 at 1316051263.210198
VSS_READY 358 for 4 RECEIVED from 1 to 6 at 1316051263.225505
VSS_READY 201 for 4 RECEIVED from 12 to 6 at 1316051263.241211



============================================
*1ENOUGH VSS_READY message for 6 at 1316051263.241211
*Threshold : Ready = 3
*Received Ready Message Num = 3
*Ready messages are sending out...
============================================

BEFORE_LOCK * for 4 SENT from 6 to 1 at 1316051263.259116 standard 1
AFTER_LOCK * for 4 SENT from 6 to 1 at 1316051263.259117 standard 1
AFTER_AFTER_LOCK * for 4 SENT from 6 to 1 at 1316051263.259154 standard 1
AFTER_LOCK2 * for 4 SENT from 6 to 1 at 1316051263.259154 standard 1
VSS_READY 302 for 4 SENT from 6 to 1 at 1316051263.259155 standard 1
BEFORE_LOCK * for 4 SENT from 6 to 2 at 1316051263.260976 standard 1
AFTER_LOCK * for 4 SENT from 6 to 2 at 1316051263.260977 standard 1
AFTER_AFTER_LOCK * for 4 SENT from 6 to 2 at 1316051263.261010 standard 1
AFTER_LOCK2 * for 4 SENT from 6 to 2 at 1316051263.261010 standard 1
VSS_READY 303 for 4 SENT from 6 to 2 at 1316051263.261010 standard 1
BEFORE_LOCK * for 4 SENT from 6 to 3 at 1316051263.262775 standard 1
AFTER_LOCK * for 4 SENT from 6 to 3 at 1316051263.262775 standard 1
AFTER_AFTER_LOCK * for 4 SENT from 6 to 3 at 1316051263.262808 standard 1
AFTER_LOCK2 * for 4 SENT from 6 to 3 at 1316051263.262808 standard 1
VSS_READY 304 for 4 SENT from 6 to 3 at 1316051263.262808 standard 1
BEFORE_LOCK * for 4 SENT from 6 to 4 at 1316051263.264531 standard 1
AFTER_LOCK * for 4 SENT from 6 to 4 at 1316051263.264532 standard 1
AFTER_AFTER_LOCK * for 4 SENT from 6 to 4 at 1316051263.264564 standard 1
AFTER_LOCK2 * for 4 SENT from 6 to 4 at 1316051263.264564 standard 1
VSS_READY 305 for 4 SENT from 6 to 4 at 1316051263.264564 standard 1
BEFORE_LOCK * for 4 SENT from 6 to 5 at 1316051263.266396 standard 1
AFTER_LOCK * for 4 SENT from 6 to 5 at 1316051263.266396 standard 1
AFTER_AFTER_LOCK * for 4 SENT from 6 to 5 at 1316051263.266403 standard 1
AFTER_LOCK2 * for 4 SENT from 6 to 5 at 1316051263.266403 standard 1
VSS_READY 306 for 4 SENT from 6 to 5 at 1316051263.266403 standard 1
BEFORE_LOCK * for 4 SENT from 6 to 6 at 1316051263.268267 standard 1
AFTER_LOCK * for 4 SENT from 6 to 6 at 1316051263.268267 standard 1
AFTER_AFTER_LOCK * for 4 SENT from 6 to 6 at 1316051263.268300 standard 1
AFTER_LOCK2 * for 4 SENT from 6 to 6 at 1316051263.268300 standard 1
VSS_READY 307 for 4 SENT from 6 to 6 at 1316051263.268300 standard 1
BEFORE_LOCK * for 4 SENT from 6 to 7 at 1316051263.270088 standard 1
AFTER_LOCK * for 4 SENT from 6 to 7 at 1316051263.270089 standard 1
AFTER_AFTER_LOCK * for 4 SENT from 6 to 7 at 1316051263.270121 standard 1
AFTER_LOCK2 * for 4 SENT from 6 to 7 at 1316051263.270121 standard 1
VSS_READY 308 for 4 SENT from 6 to 7 at 1316051263.270122 standard 1
BEFORE_LOCK * for 4 SENT from 6 to 8 at 1316051263.271975 standard 1
AFTER_LOCK * for 4 SENT from 6 to 8 at 1316051263.271975 standard 1
AFTER_AFTER_LOCK * for 4 SENT from 6 to 8 at 1316051263.271975 standard 1
AFTER_LOCK2 * for 4 SENT from 6 to 8 at 1316051263.271976 standard 1
VSS_READY 309 for 4 SENT from 6 to 8 at 1316051263.271976 standard 1
BEFORE_LOCK * for 4 SENT from 6 to 9 at 1316051263.273869 standard 1
AFTER_LOCK * for 4 SENT from 6 to 9 at 1316051263.273869 standard 1
AFTER_AFTER_LOCK * for 4 SENT from 6 to 9 at 1316051263.273902 standard 1
AFTER_LOCK2 * for 4 SENT from 6 to 9 at 1316051263.273902 standard 1
VSS_READY 310 for 4 SENT from 6 to 9 at 1316051263.273902 standard 1
BEFORE_LOCK * for 4 SENT from 6 to 10 at 1316051263.276110 standard 1
AFTER_LOCK * for 4 SENT from 6 to 10 at 1316051263.276110 standard 1
AFTER_AFTER_LOCK * for 4 SENT from 6 to 10 at 1316051263.276143 standard 1
AFTER_LOCK2 * for 4 SENT from 6 to 10 at 1316051263.276144 standard 1
VSS_READY 311 for 4 SENT from 6 to 10 at 1316051263.276144 standard 1
BEFORE_LOCK * for 4 SENT from 6 to 11 at 1316051263.277930 standard 1
AFTER_LOCK * for 4 SENT from 6 to 11 at 1316051263.277930 standard 1
AFTER_AFTER_LOCK * for 4 SENT from 6 to 11 at 1316051263.277962 standard 1
AFTER_LOCK2 * for 4 SENT from 6 to 11 at 1316051263.277963 standard 1
VSS_READY 312 for 4 SENT from 6 to 11 at 1316051263.277963 standard 1
BEFORE_LOCK * for 4 SENT from 6 to 12 at 1316051263.279815 standard 1
AFTER_LOCK * for 4 SENT from 6 to 12 at 1316051263.279816 standard 1
AFTER_AFTER_LOCK * for 4 SENT from 6 to 12 at 1316051263.279848 standard 1
AFTER_LOCK2 * for 4 SENT from 6 to 12 at 1316051263.279848 standard 1
VSS_READY 313 for 4 SENT from 6 to 12 at 1316051263.279848 standard 1
BEFORE_LOCK * for 4 SENT from 6 to 13 at 1316051263.281736 standard 1
AFTER_LOCK * for 4 SENT from 6 to 13 at 1316051263.281737 standard 1
AFTER_AFTER_LOCK * for 4 SENT from 6 to 13 at 1316051263.281769 standard 1
AFTER_LOCK2 * for 4 SENT from 6 to 13 at 1316051263.281769 standard 1
VSS_READY 314 for 4 SENT from 6 to 13 at 1316051263.281769 standard 1
BEFORE_LOCK * for 4 SENT from 6 to 14 at 1316051263.283599 standard 1
AFTER_LOCK * for 4 SENT from 6 to 14 at 1316051263.283599 standard 1
AFTER_AFTER_LOCK * for 4 SENT from 6 to 14 at 1316051263.283632 standard 1
AFTER_LOCK2 * for 4 SENT from 6 to 14 at 1316051263.283632 standard 1
VSS_READY 315 for 4 SENT from 6 to 14 at 1316051263.283632 standard 1
BEFORE_LOCK * for 4 SENT from 6 to 15 at 1316051263.285565 standard 1
AFTER_LOCK * for 4 SENT from 6 to 15 at 1316051263.285565 standard 1
AFTER_AFTER_LOCK * for 4 SENT from 6 to 15 at 1316051263.285572 standard 1
AFTER_LOCK2 * for 4 SENT from 6 to 15 at 1316051263.285572 standard 1
VSS_READY 316 for 4 SENT from 6 to 15 at 1316051263.285572 standard 1
BEFORE_LOCK * for 4 SENT from 6 to 16 at 1316051263.287520 standard 1
AFTER_LOCK * for 4 SENT from 6 to 16 at 1316051263.287520 standard 1
AFTER_AFTER_LOCK * for 4 SENT from 6 to 16 at 1316051263.287553 standard 1
AFTER_LOCK2 * for 4 SENT from 6 to 16 at 1316051263.287553 standard 1
VSS_READY 317 for 4 SENT from 6 to 16 at 1316051263.287553 standard 1
BEFORE_LOCK * for 4 SENT from 6 to 17 at 1316051263.289378 standard 1
AFTER_LOCK * for 4 SENT from 6 to 17 at 1316051263.289379 standard 1
AFTER_AFTER_LOCK * for 4 SENT from 6 to 17 at 1316051263.289386 standard 1
AFTER_LOCK2 * for 4 SENT from 6 to 17 at 1316051263.289386 standard 1
VSS_READY 318 for 4 SENT from 6 to 17 at 1316051263.289386 standard 1
BEFORE_LOCK * for 4 SENT from 6 to 18 at 1316051263.291296 standard 1
AFTER_LOCK * for 4 SENT from 6 to 18 at 1316051263.291297 standard 1
AFTER_AFTER_LOCK * for 4 SENT from 6 to 18 at 1316051263.291329 standard 1
AFTER_LOCK2 * for 4 SENT from 6 to 18 at 1316051263.291329 standard 1
VSS_READY 319 for 4 SENT from 6 to 18 at 1316051263.291329 standard 1
BEFORE_LOCK * for 4 SENT from 6 to 19 at 1316051263.293156 standard 1
AFTER_LOCK * for 4 SENT from 6 to 19 at 1316051263.293157 standard 1
AFTER_AFTER_LOCK * for 4 SENT from 6 to 19 at 1316051263.293163 standard 1
AFTER_LOCK2 * for 4 SENT from 6 to 19 at 1316051263.293164 standard 1
VSS_READY 320 for 4 SENT from 6 to 19 at 1316051263.293164 standard 1
BEFORE_LOCK * for 4 SENT from 6 to 20 at 1316051263.294882 standard 1
AFTER_LOCK * for 4 SENT from 6 to 20 at 1316051263.294882 standard 1
AFTER_AFTER_LOCK * for 4 SENT from 6 to 20 at 1316051263.294914 standard 1
AFTER_LOCK2 * for 4 SENT from 6 to 20 at 1316051263.294914 standard 1
VSS_READY 321 for 4 SENT from 6 to 20 at 1316051263.294915 standard 1
VSS_READY 179 for 4 RECEIVED from 9 to 6 at 1316051263.294951
VSS_READY 180 for 4 RECEIVED from 17 to 6 at 1316051263.310405
VSS_READY 179 for 4 RECEIVED from 10 to 6 at 1316051263.325625
VSS_READY 180 for 4 RECEIVED from 14 to 6 at 1316051263.340671
VSS_READY 409 for 2 RECEIVED from 3 to 6 at 1316051263.355748
VSS_ECHO 396 for 2 RECEIVED from 4 to 6 at 1316051263.370952
VSS_ECHO 219 for 4 RECEIVED from 6 to 6 at 1316051263.379618
VSS_READY 180 for 4 RECEIVED from 7 to 6 at 1316051263.388232
VSS_ECHO 787 for 2 RECEIVED from 2 to 6 at 1316051263.403675
DKG_ECHO 565 for 1 RECEIVED from 18 to 6 at 1316051263.412320
VSS_READY 394 for 2 RECEIVED from 19 to 6 at 1316051263.414240



============================================
*1ENOUGH VSS_READY message for 6 at 1316051263.414240
*Threshold : Ready = 3
*Received Ready Message Num = 3
*Ready messages are sending out...
============================================

BEFORE_LOCK * for 2 SENT from 6 to 1 at 1316051263.431629 standard 1
AFTER_LOCK * for 2 SENT from 6 to 1 at 1316051263.431630 standard 1
AFTER_AFTER_LOCK * for 2 SENT from 6 to 1 at 1316051263.431641 standard 1
AFTER_LOCK2 * for 2 SENT from 6 to 1 at 1316051263.431641 standard 1
VSS_READY 392 for 2 SENT from 6 to 1 at 1316051263.431642 standard 1
BEFORE_LOCK * for 2 SENT from 6 to 2 at 1316051263.433555 standard 1
AFTER_LOCK * for 2 SENT from 6 to 2 at 1316051263.433555 standard 1
AFTER_AFTER_LOCK * for 2 SENT from 6 to 2 at 1316051263.433588 standard 1
AFTER_LOCK2 * for 2 SENT from 6 to 2 at 1316051263.433588 standard 1
VSS_READY 393 for 2 SENT from 6 to 2 at 1316051263.433588 standard 1
BEFORE_LOCK * for 2 SENT from 6 to 3 at 1316051263.435345 standard 1
AFTER_LOCK * for 2 SENT from 6 to 3 at 1316051263.435346 standard 1
AFTER_AFTER_LOCK * for 2 SENT from 6 to 3 at 1316051263.435378 standard 1
AFTER_LOCK2 * for 2 SENT from 6 to 3 at 1316051263.435378 standard 1
VSS_READY 394 for 2 SENT from 6 to 3 at 1316051263.435378 standard 1
BEFORE_LOCK * for 2 SENT from 6 to 4 at 1316051263.437181 standard 1
AFTER_LOCK * for 2 SENT from 6 to 4 at 1316051263.437182 standard 1
AFTER_AFTER_LOCK * for 2 SENT from 6 to 4 at 1316051263.437217 standard 1
AFTER_LOCK2 * for 2 SENT from 6 to 4 at 1316051263.437218 standard 1
VSS_READY 395 for 2 SENT from 6 to 4 at 1316051263.437218 standard 1
BEFORE_LOCK * for 2 SENT from 6 to 5 at 1316051263.438945 standard 1
AFTER_LOCK * for 2 SENT from 6 to 5 at 1316051263.438946 standard 1
AFTER_AFTER_LOCK * for 2 SENT from 6 to 5 at 1316051263.438978 standard 1
AFTER_LOCK2 * for 2 SENT from 6 to 5 at 1316051263.438978 standard 1
VSS_READY 396 for 2 SENT from 6 to 5 at 1316051263.438978 standard 1
BEFORE_LOCK * for 2 SENT from 6 to 6 at 1316051263.440723 standard 1
AFTER_LOCK * for 2 SENT from 6 to 6 at 1316051263.440724 standard 1
AFTER_AFTER_LOCK * for 2 SENT from 6 to 6 at 1316051263.440756 standard 1
AFTER_LOCK2 * for 2 SENT from 6 to 6 at 1316051263.440756 standard 1
VSS_READY 397 for 2 SENT from 6 to 6 at 1316051263.440756 standard 1
BEFORE_LOCK * for 2 SENT from 6 to 7 at 1316051263.442546 standard 1
AFTER_LOCK * for 2 SENT from 6 to 7 at 1316051263.442547 standard 1
AFTER_AFTER_LOCK * for 2 SENT from 6 to 7 at 1316051263.442579 standard 1
AFTER_LOCK2 * for 2 SENT from 6 to 7 at 1316051263.442579 standard 1
VSS_READY 398 for 2 SENT from 6 to 7 at 1316051263.442579 standard 1
BEFORE_LOCK * for 2 SENT from 6 to 8 at 1316051263.444567 standard 1
AFTER_LOCK * for 2 SENT from 6 to 8 at 1316051263.444567 standard 1
AFTER_AFTER_LOCK * for 2 SENT from 6 to 8 at 1316051263.444568 standard 1
AFTER_LOCK2 * for 2 SENT from 6 to 8 at 1316051263.444568 standard 1
VSS_READY 399 for 2 SENT from 6 to 8 at 1316051263.444568 standard 1
BEFORE_LOCK * for 2 SENT from 6 to 9 at 1316051263.446358 standard 1
AFTER_LOCK * for 2 SENT from 6 to 9 at 1316051263.446358 standard 1
AFTER_AFTER_LOCK * for 2 SENT from 6 to 9 at 1316051263.446391 standard 1
AFTER_LOCK2 * for 2 SENT from 6 to 9 at 1316051263.446391 standard 1
VSS_READY 400 for 2 SENT from 6 to 9 at 1316051263.446391 standard 1
BEFORE_LOCK * for 2 SENT from 6 to 10 at 1316051263.448322 standard 1
AFTER_LOCK * for 2 SENT from 6 to 10 at 1316051263.448323 standard 1
AFTER_AFTER_LOCK * for 2 SENT from 6 to 10 at 1316051263.448330 standard 1
AFTER_LOCK2 * for 2 SENT from 6 to 10 at 1316051263.448330 standard 1
VSS_READY 401 for 2 SENT from 6 to 10 at 1316051263.448330 standard 1
BEFORE_LOCK * for 2 SENT from 6 to 11 at 1316051263.450184 standard 1
AFTER_LOCK * for 2 SENT from 6 to 11 at 1316051263.450184 standard 1
AFTER_AFTER_LOCK * for 2 SENT from 6 to 11 at 1316051263.450221 standard 1
AFTER_LOCK2 * for 2 SENT from 6 to 11 at 1316051263.450221 standard 1
VSS_READY 402 for 2 SENT from 6 to 11 at 1316051263.450222 standard 1
BEFORE_LOCK * for 2 SENT from 6 to 12 at 1316051263.451987 standard 1
AFTER_LOCK * for 2 SENT from 6 to 12 at 1316051263.451988 standard 1
AFTER_AFTER_LOCK * for 2 SENT from 6 to 12 at 1316051263.452020 standard 1
AFTER_LOCK2 * for 2 SENT from 6 to 12 at 1316051263.452020 standard 1
VSS_READY 403 for 2 SENT from 6 to 12 at 1316051263.452020 standard 1
BEFORE_LOCK * for 2 SENT from 6 to 13 at 1316051263.453935 standard 1
AFTER_LOCK * for 2 SENT from 6 to 13 at 1316051263.453935 standard 1
AFTER_AFTER_LOCK * for 2 SENT from 6 to 13 at 1316051263.453968 standard 1
AFTER_LOCK2 * for 2 SENT from 6 to 13 at 1316051263.453968 standard 1
VSS_READY 404 for 2 SENT from 6 to 13 at 1316051263.453968 standard 1
BEFORE_LOCK * for 2 SENT from 6 to 14 at 1316051263.455811 standard 1
AFTER_LOCK * for 2 SENT from 6 to 14 at 1316051263.455811 standard 1
AFTER_AFTER_LOCK * for 2 SENT from 6 to 14 at 1316051263.455843 standard 1
AFTER_LOCK2 * for 2 SENT from 6 to 14 at 1316051263.455844 standard 1
VSS_READY 405 for 2 SENT from 6 to 14 at 1316051263.455844 standard 1
BEFORE_LOCK * for 2 SENT from 6 to 15 at 1316051263.457646 standard 1
AFTER_LOCK * for 2 SENT from 6 to 15 at 1316051263.457646 standard 1
AFTER_AFTER_LOCK * for 2 SENT from 6 to 15 at 1316051263.457653 standard 1
AFTER_LOCK2 * for 2 SENT from 6 to 15 at 1316051263.457653 standard 1
VSS_READY 406 for 2 SENT from 6 to 15 at 1316051263.457653 standard 1
BEFORE_LOCK * for 2 SENT from 6 to 16 at 1316051263.459561 standard 1
AFTER_LOCK * for 2 SENT from 6 to 16 at 1316051263.459561 standard 1
AFTER_AFTER_LOCK * for 2 SENT from 6 to 16 at 1316051263.459593 standard 1
AFTER_LOCK2 * for 2 SENT from 6 to 16 at 1316051263.459593 standard 1
VSS_READY 407 for 2 SENT from 6 to 16 at 1316051263.459594 standard 1
BEFORE_LOCK * for 2 SENT from 6 to 17 at 1316051263.461425 standard 1
AFTER_LOCK * for 2 SENT from 6 to 17 at 1316051263.461426 standard 1
AFTER_AFTER_LOCK * for 2 SENT from 6 to 17 at 1316051263.461457 standard 1
AFTER_LOCK2 * for 2 SENT from 6 to 17 at 1316051263.461458 standard 1
VSS_READY 408 for 2 SENT from 6 to 17 at 1316051263.461458 standard 1
BEFORE_LOCK * for 2 SENT from 6 to 18 at 1316051263.463253 standard 1
AFTER_LOCK * for 2 SENT from 6 to 18 at 1316051263.463253 standard 1
AFTER_AFTER_LOCK * for 2 SENT from 6 to 18 at 1316051263.463285 standard 1
AFTER_LOCK2 * for 2 SENT from 6 to 18 at 1316051263.463285 standard 1
VSS_READY 409 for 2 SENT from 6 to 18 at 1316051263.463285 standard 1
BEFORE_LOCK * for 2 SENT from 6 to 19 at 1316051263.465124 standard 1
AFTER_LOCK * for 2 SENT from 6 to 19 at 1316051263.465125 standard 1
AFTER_AFTER_LOCK * for 2 SENT from 6 to 19 at 1316051263.465157 standard 1
AFTER_LOCK2 * for 2 SENT from 6 to 19 at 1316051263.465158 standard 1
VSS_READY 410 for 2 SENT from 6 to 19 at 1316051263.465158 standard 1
BEFORE_LOCK * for 2 SENT from 6 to 20 at 1316051263.467072 standard 1
AFTER_LOCK * for 2 SENT from 6 to 20 at 1316051263.467073 standard 1
AFTER_AFTER_LOCK * for 2 SENT from 6 to 20 at 1316051263.467104 standard 1
AFTER_LOCK2 * for 2 SENT from 6 to 20 at 1316051263.467105 standard 1
VSS_READY 411 for 2 SENT from 6 to 20 at 1316051263.467105 standard 1
VSS_READY 193 for 2 RECEIVED from 20 to 6 at 1316051263.467140
VSS_READY 151 for 4 RECEIVED from 11 to 6 at 1316051263.482542
VSS_READY 180 for 4 RECEIVED from 16 to 6 at 1316051263.497745
VSS_ECHO 35 for 1 RECEIVED from 4 to 6 at 1316051263.512956
VSS_READY 209 for 4 RECEIVED from 15 to 6 at 1316051263.521517
VSS_ECHO 36 for 1 RECEIVED from 2 to 6 at 1316051263.536600
VSS_ECHO 36 for 1 RECEIVED from 3 to 6 at 1316051263.545152
VSS_READY 112 for 4 RECEIVED from 13 to 6 at 1316051263.553734



*============================================
*2ENOUGH VSS_READY message for 6 at 1316051263.553734
*Threshold : Ready = 12
*Received Ready Message Num = 12
*VSS Share is complete for dealer 4
============================================

BEFORE_LOCK * for 4 SENT from 6 to 1 at 1316051263.569668 standard 1
AFTER_LOCK * for 4 SENT from 6 to 1 at 1316051263.569668 standard 1
AFTER_AFTER_LOCK * for 4 SENT from 6 to 1 at 1316051263.569703 standard 1
AFTER_LOCK2 * for 4 SENT from 6 to 1 at 1316051263.569703 standard 1
VSS_SHARED 464 for 4 SENT from 6 to 1 at 1316051263.569717 standard 1
VSS_ECHO 498 for 5 RECEIVED from 1 to 6 at 1316051263.569740
VSS_ECHO 319 for 5 RECEIVED from 12 to 6 at 1316051263.578585
VSS_ECHO 336 for 5 RECEIVED from 9 to 6 at 1316051263.587314
VSS_ECHO 359 for 2 RECEIVED from 17 to 6 at 1316051263.595851
VSS_ECHO 337 for 5 RECEIVED from 10 to 6 at 1316051263.604546
VSS_ECHO 338 for 5 RECEIVED from 14 to 6 at 1316051263.613343
VSS_ECHO 472 for 4 RECEIVED from 3 to 6 at 1316051263.622069
VSS_READY 426 for 2 RECEIVED from 4 to 6 at 1316051263.630955
VSS_ECHO 242 for 2 RECEIVED from 6 to 6 at 1316051263.646177
VSS_ECHO 325 for 5 RECEIVED from 7 to 6 at 1316051263.654895
VSS_ECHO 967 for 4 RECEIVED from 2 to 6 at 1316051263.663578
DKG_READY 706 for 1 RECEIVED from 18 to 6 at 1316051263.672241
DKG_ECHO 557 for 1 RECEIVED from 19 to 6 at 1316051263.674220
DKG_READY 336 for 1 RECEIVED from 20 to 6 at 1316051263.676235
VSS_ECHO 296 for 5 RECEIVED from 11 to 6 at 1316051263.678261
VSS_ECHO 324 for 5 RECEIVED from 16 to 6 at 1316051263.686865
VSS_READY 73 for 1 RECEIVED from 4 to 6 at 1316051263.695550
VSS_ECHO 336 for 2 RECEIVED from 15 to 6 at 1316051263.710700
VSS_READY 92 for 1 RECEIVED from 2 to 6 at 1316051263.719518
VSS_READY 91 for 1 RECEIVED from 3 to 6 at 1316051263.734514
VSS_ECHO 179 for 2 RECEIVED from 13 to 6 at 1316051263.749643
VSS_ECHO 548 for 2 RECEIVED from 1 to 6 at 1316051263.758338
VSS_ECHO 355 for 2 RECEIVED from 12 to 6 at 1316051263.767085
VSS_ECHO 372 for 2 RECEIVED from 9 to 6 at 1316051263.775723
VSS_READY 427 for 2 RECEIVED from 17 to 6 at 1316051263.784712
VSS_ECHO 373 for 2 RECEIVED from 10 to 6 at 1316051263.800038
VSS_ECHO 381 for 2 RECEIVED from 14 to 6 at 1316051263.808976
DKG_READY 520 for 1 RECEIVED from 3 to 6 at 1316051263.817831



============================================
*1ENOUGH DKG_READY message for 6 at 1316051263.817831
*Threshold : Ready = 3
*Received Ready Message Num = 3
*DKG_Readys are sent out...
============================================

DKG_READY 591 for 1 SENT from 6 to 1 at 1316051263.821588 standard 1
DKG_READY 592 for 1 SENT from 6 to 2 at 1316051263.823311 standard 1
DKG_READY 593 for 1 SENT from 6 to 3 at 1316051263.825001 standard 1
DKG_READY 594 for 1 SENT from 6 to 4 at 1316051263.826710 standard 1
DKG_READY 595 for 1 SENT from 6 to 5 at 1316051263.828473 standard 1
DKG_READY 596 for 1 SENT from 6 to 6 at 1316051263.830172 standard 1
DKG_READY 597 for 1 SENT from 6 to 7 at 1316051263.831958 standard 1
DKG_READY 598 for 1 SENT from 6 to 8 at 1316051263.833759 standard 1
DKG_READY 599 for 1 SENT from 6 to 9 at 1316051263.835504 standard 1
DKG_READY 600 for 1 SENT from 6 to 10 at 1316051263.837122 standard 1
DKG_READY 601 for 1 SENT from 6 to 11 at 1316051263.838893 standard 1
DKG_READY 602 for 1 SENT from 6 to 12 at 1316051263.840690 standard 1
DKG_READY 603 for 1 SENT from 6 to 13 at 1316051263.842441 standard 1
DKG_READY 604 for 1 SENT from 6 to 14 at 1316051263.844193 standard 1
DKG_READY 605 for 1 SENT from 6 to 15 at 1316051263.845885 standard 1
DKG_READY 606 for 1 SENT from 6 to 16 at 1316051263.847712 standard 1
DKG_READY 607 for 1 SENT from 6 to 17 at 1316051263.849422 standard 1
DKG_READY 608 for 1 SENT from 6 to 18 at 1316051263.851176 standard 1
DKG_READY 609 for 1 SENT from 6 to 19 at 1316051263.852866 standard 1
DKG_READY 610 for 1 SENT from 6 to 20 at 1316051263.854631 standard 1
DKG_ECHO 589 for 1 RECEIVED from 4 to 6 at 1316051263.854649
VSS_ECHO 263 for 3 RECEIVED from 6 to 6 at 1316051263.856735
VSS_ECHO 374 for 2 RECEIVED from 7 to 6 at 1316051263.865366
DKG_READY 740 for 1 RECEIVED from 19 to 6 at 1316051263.874084
VSS_ECHO 388 for 4 RECEIVED from 20 to 6 at 1316051263.876060
VSS_ECHO 345 for 2 RECEIVED from 11 to 6 at 1316051263.884806
VSS_ECHO 373 for 2 RECEIVED from 16 to 6 at 1316051263.893566
VSS_READY 118 for 4 RECEIVED from 4 to 6 at 1316051263.902357
VSS_READY 397 for 2 RECEIVED from 15 to 6 at 1316051263.917385
VSS_READY 155 for 2 RECEIVED from 2 to 6 at 1316051263.932694
VSS_ECHO 130 for 3 RECEIVED from 3 to 6 at 1316051263.947671
VSS_ECHO 200 for 4 RECEIVED from 13 to 6 at 1316051263.956241
VSS_READY 589 for 2 RECEIVED from 1 to 6 at 1316051263.965487
VSS_READY 430 for 2 RECEIVED from 12 to 6 at 1316051263.980496
VSS_READY 404 for 2 RECEIVED from 9 to 6 at 1316051263.995453
DKG_ECHO 570 for 1 RECEIVED from 17 to 6 at 1316051264.010764
VSS_READY 432 for 2 RECEIVED from 10 to 6 at 1316051264.012793



*============================================
*2ENOUGH VSS_READY message for 6 at 1316051264.012793
*Threshold : Ready = 12
*Received Ready Message Num = 12
*VSS Share is complete for dealer 2
============================================

BEFORE_LOCK * for 2 SENT from 6 to 1 at 1316051264.028954 standard 1
AFTER_LOCK * for 2 SENT from 6 to 1 at 1316051264.028955 standard 1
AFTER_AFTER_LOCK * for 2 SENT from 6 to 1 at 1316051264.028994 standard 1
AFTER_LOCK2 * for 2 SENT from 6 to 1 at 1316051264.028994 standard 1
VSS_SHARED 732 for 2 SENT from 6 to 1 at 1316051264.029009 standard 1
VSS_READY 441 for 2 RECEIVED from 14 to 6 at 1316051264.029037
DKG_READY 772 for 1 RECEIVED from 4 to 6 at 1316051264.044225
VSS_READY 307 for 4 RECEIVED from 6 to 6 at 1316051264.046276
VSS_READY 405 for 2 RECEIVED from 7 to 6 at 1316051264.061482
VSS_ECHO 787 for 5 RECEIVED from 18 to 6 at 1316051264.076706



============================================
*ENOUGH VSS_ECHO message for 5 at 1316051264.076706
*Threshold : echo = 12
*Received Echo Message Num = 12
*Ready messages are sending out...
============================================

PRE_VSS_READY * for 5 SENT from 6 to 1 at 1316051264.089327 standard 1
BEFORE_LOCK * for 5 SENT from 6 to 1 at 1316051264.089333 standard 1
AFTER_LOCK * for 5 SENT from 6 to 1 at 1316051264.089334 standard 1
AFTER_AFTER_LOCK * for 5 SENT from 6 to 1 at 1316051264.089368 standard 1
AFTER_LOCK2 * for 5 SENT from 6 to 1 at 1316051264.089368 standard 1
VSS_READY 774 for 5 SENT from 6 to 1 at 1316051264.089368 standard 1
PRE_VSS_READY * for 5 SENT from 6 to 2 at 1316051264.091158 standard 1
BEFORE_LOCK * for 5 SENT from 6 to 2 at 1316051264.091164 standard 1
AFTER_LOCK * for 5 SENT from 6 to 2 at 1316051264.091164 standard 1
AFTER_AFTER_LOCK * for 5 SENT from 6 to 2 at 1316051264.091197 standard 1
AFTER_LOCK2 * for 5 SENT from 6 to 2 at 1316051264.091197 standard 1
VSS_READY 775 for 5 SENT from 6 to 2 at 1316051264.091197 standard 1
PRE_VSS_READY * for 5 SENT from 6 to 3 at 1316051264.092971 standard 1
BEFORE_LOCK * for 5 SENT from 6 to 3 at 1316051264.092976 standard 1
AFTER_LOCK * for 5 SENT from 6 to 3 at 1316051264.092977 standard 1
AFTER_AFTER_LOCK * for 5 SENT from 6 to 3 at 1316051264.093009 standard 1
AFTER_LOCK2 * for 5 SENT from 6 to 3 at 1316051264.093009 standard 1
VSS_READY 776 for 5 SENT from 6 to 3 at 1316051264.093010 standard 1
PRE_VSS_READY * for 5 SENT from 6 to 4 at 1316051264.094808 standard 1
BEFORE_LOCK * for 5 SENT from 6 to 4 at 1316051264.094814 standard 1
AFTER_LOCK * for 5 SENT from 6 to 4 at 1316051264.094814 standard 1
AFTER_AFTER_LOCK * for 5 SENT from 6 to 4 at 1316051264.094847 standard 1
AFTER_LOCK2 * for 5 SENT from 6 to 4 at 1316051264.094847 standard 1
VSS_READY 777 for 5 SENT from 6 to 4 at 1316051264.094847 standard 1
PRE_VSS_READY * for 5 SENT from 6 to 5 at 1316051264.096569 standard 1
BEFORE_LOCK * for 5 SENT from 6 to 5 at 1316051264.096575 standard 1
AFTER_LOCK * for 5 SENT from 6 to 5 at 1316051264.096576 standard 1
AFTER_AFTER_LOCK * for 5 SENT from 6 to 5 at 1316051264.096607 standard 1
AFTER_LOCK2 * for 5 SENT from 6 to 5 at 1316051264.096608 standard 1
VSS_READY 778 for 5 SENT from 6 to 5 at 1316051264.096608 standard 1
PRE_VSS_READY * for 5 SENT from 6 to 6 at 1316051264.098401 standard 1
BEFORE_LOCK * for 5 SENT from 6 to 6 at 1316051264.098407 standard 1
AFTER_LOCK * for 5 SENT from 6 to 6 at 1316051264.098407 standard 1
AFTER_AFTER_LOCK * for 5 SENT from 6 to 6 at 1316051264.098439 standard 1
AFTER_LOCK2 * for 5 SENT from 6 to 6 at 1316051264.098440 standard 1
VSS_READY 779 for 5 SENT from 6 to 6 at 1316051264.098440 standard 1
PRE_VSS_READY * for 5 SENT from 6 to 7 at 1316051264.100138 standard 1
BEFORE_LOCK * for 5 SENT from 6 to 7 at 1316051264.100144 standard 1
AFTER_LOCK * for 5 SENT from 6 to 7 at 1316051264.100144 standard 1
AFTER_AFTER_LOCK * for 5 SENT from 6 to 7 at 1316051264.100176 standard 1
AFTER_LOCK2 * for 5 SENT from 6 to 7 at 1316051264.100176 standard 1
VSS_READY 780 for 5 SENT from 6 to 7 at 1316051264.100177 standard 1
PRE_VSS_READY * for 5 SENT from 6 to 8 at 1316051264.101988 standard 1
BEFORE_LOCK * for 5 SENT from 6 to 8 at 1316051264.101993 standard 1
AFTER_LOCK * for 5 SENT from 6 to 8 at 1316051264.101994 standard 1
AFTER_AFTER_LOCK * for 5 SENT from 6 to 8 at 1316051264.101994 standard 1
AFTER_LOCK2 * for 5 SENT from 6 to 8 at 1316051264.101994 standard 1
VSS_READY 781 for 5 SENT from 6 to 8 at 1316051264.101995 standard 1
PRE_VSS_READY * for 5 SENT from 6 to 9 at 1316051264.103821 standard 1
BEFORE_LOCK * for 5 SENT from 6 to 9 at 1316051264.103827 standard 1
AFTER_LOCK * for 5 SENT from 6 to 9 at 1316051264.103827 standard 1
AFTER_AFTER_LOCK * for 5 SENT from 6 to 9 at 1316051264.103859 standard 1
AFTER_LOCK2 * for 5 SENT from 6 to 9 at 1316051264.103859 standard 1
VSS_READY 782 for 5 SENT from 6 to 9 at 1316051264.103860 standard 1
PRE_VSS_READY * for 5 SENT from 6 to 10 at 1316051264.105606 standard 1
BEFORE_LOCK * for 5 SENT from 6 to 10 at 1316051264.105612 standard 1
AFTER_LOCK * for 5 SENT from 6 to 10 at 1316051264.105612 standard 1
AFTER_AFTER_LOCK * for 5 SENT from 6 to 10 at 1316051264.105644 standard 1
AFTER_LOCK2 * for 5 SENT from 6 to 10 at 1316051264.105644 standard 1
VSS_READY 783 for 5 SENT from 6 to 10 at 1316051264.105645 standard 1
PRE_VSS_READY * for 5 SENT from 6 to 11 at 1316051264.107464 standard 1
BEFORE_LOCK * for 5 SENT from 6 to 11 at 1316051264.107469 standard 1
AFTER_LOCK * for 5 SENT from 6 to 11 at 1316051264.107470 standard 1
AFTER_AFTER_LOCK * for 5 SENT from 6 to 11 at 1316051264.107502 standard 1
AFTER_LOCK2 * for 5 SENT from 6 to 11 at 1316051264.107502 standard 1
VSS_READY 784 for 5 SENT from 6 to 11 at 1316051264.107502 standard 1
PRE_VSS_READY * for 5 SENT from 6 to 12 at 1316051264.109301 standard 1
BEFORE_LOCK * for 5 SENT from 6 to 12 at 1316051264.109307 standard 1
AFTER_LOCK * for 5 SENT from 6 to 12 at 1316051264.109308 standard 1
AFTER_AFTER_LOCK * for 5 SENT from 6 to 12 at 1316051264.109339 standard 1
AFTER_LOCK2 * for 5 SENT from 6 to 12 at 1316051264.109339 standard 1
VSS_READY 785 for 5 SENT from 6 to 12 at 1316051264.109340 standard 1
PRE_VSS_READY * for 5 SENT from 6 to 13 at 1316051264.111122 standard 1
BEFORE_LOCK * for 5 SENT from 6 to 13 at 1316051264.111129 standard 1
AFTER_LOCK * for 5 SENT from 6 to 13 at 1316051264.111129 standard 1
AFTER_AFTER_LOCK * for 5 SENT from 6 to 13 at 1316051264.111161 standard 1
AFTER_LOCK2 * for 5 SENT from 6 to 13 at 1316051264.111161 standard 1
VSS_READY 786 for 5 SENT from 6 to 13 at 1316051264.111162 standard 1
PRE_VSS_READY * for 5 SENT from 6 to 14 at 1316051264.112995 standard 1
BEFORE_LOCK * for 5 SENT from 6 to 14 at 1316051264.113001 standard 1
AFTER_LOCK * for 5 SENT from 6 to 14 at 1316051264.113002 standard 1
AFTER_AFTER_LOCK * for 5 SENT from 6 to 14 at 1316051264.113034 standard 1
AFTER_LOCK2 * for 5 SENT from 6 to 14 at 1316051264.113034 standard 1
VSS_READY 787 for 5 SENT from 6 to 14 at 1316051264.113034 standard 1
PRE_VSS_READY * for 5 SENT from 6 to 15 at 1316051264.114849 standard 1
BEFORE_LOCK * for 5 SENT from 6 to 15 at 1316051264.114855 standard 1
AFTER_LOCK * for 5 SENT from 6 to 15 at 1316051264.114855 standard 1
AFTER_AFTER_LOCK * for 5 SENT from 6 to 15 at 1316051264.114887 standard 1
AFTER_LOCK2 * for 5 SENT from 6 to 15 at 1316051264.114888 standard 1
VSS_READY 788 for 5 SENT from 6 to 15 at 1316051264.114888 standard 1
PRE_VSS_READY * for 5 SENT from 6 to 16 at 1316051264.116624 standard 1
BEFORE_LOCK * for 5 SENT from 6 to 16 at 1316051264.116629 standard 1
AFTER_LOCK * for 5 SENT from 6 to 16 at 1316051264.116630 standard 1
AFTER_AFTER_LOCK * for 5 SENT from 6 to 16 at 1316051264.116662 standard 1
AFTER_LOCK2 * for 5 SENT from 6 to 16 at 1316051264.116662 standard 1
VSS_READY 789 for 5 SENT from 6 to 16 at 1316051264.116662 standard 1
PRE_VSS_READY * for 5 SENT from 6 to 17 at 1316051264.118432 standard 1
BEFORE_LOCK * for 5 SENT from 6 to 17 at 1316051264.118438 standard 1
AFTER_LOCK * for 5 SENT from 6 to 17 at 1316051264.118438 standard 1
AFTER_AFTER_LOCK * for 5 SENT from 6 to 17 at 1316051264.118470 standard 1
AFTER_LOCK2 * for 5 SENT from 6 to 17 at 1316051264.118470 standard 1
VSS_READY 790 for 5 SENT from 6 to 17 at 1316051264.118471 standard 1
PRE_VSS_READY * for 5 SENT from 6 to 18 at 1316051264.120353 standard 1
BEFORE_LOCK * for 5 SENT from 6 to 18 at 1316051264.120359 standard 1
AFTER_LOCK * for 5 SENT from 6 to 18 at 1316051264.120359 standard 1
AFTER_AFTER_LOCK * for 5 SENT from 6 to 18 at 1316051264.120366 standard 1
AFTER_LOCK2 * for 5 SENT from 6 to 18 at 1316051264.120367 standard 1
VSS_READY 791 for 5 SENT from 6 to 18 at 1316051264.120367 standard 1
PRE_VSS_READY * for 5 SENT from 6 to 19 at 1316051264.122200 standard 1
BEFORE_LOCK * for 5 SENT from 6 to 19 at 1316051264.122210 standard 1
AFTER_LOCK * for 5 SENT from 6 to 19 at 1316051264.122211 standard 1
AFTER_AFTER_LOCK * for 5 SENT from 6 to 19 at 1316051264.122242 standard 1
AFTER_LOCK2 * for 5 SENT from 6 to 19 at 1316051264.122243 standard 1
VSS_READY 792 for 5 SENT from 6 to 19 at 1316051264.122243 standard 1
PRE_VSS_READY * for 5 SENT from 6 to 20 at 1316051264.124153 standard 1
BEFORE_LOCK * for 5 SENT from 6 to 20 at 1316051264.124159 standard 1
AFTER_LOCK * for 5 SENT from 6 to 20 at 1316051264.124159 standard 1
AFTER_AFTER_LOCK * for 5 SENT from 6 to 20 at 1316051264.124192 standard 1
AFTER_LOCK2 * for 5 SENT from 6 to 20 at 1316051264.124192 standard 1
VSS_READY 793 for 5 SENT from 6 to 20 at 1316051264.124192 standard 1
VSS_ECHO 445 for 3 RECEIVED from 20 to 6 at 1316051264.124228
VSS_READY 384 for 2 RECEIVED from 11 to 6 at 1316051264.133162
VSS_READY 448 for 2 RECEIVED from 16 to 6 at 1316051264.148466
DKG_ECHO 505 for 1 RECEIVED from 15 to 6 at 1316051264.163649
VSS_READY 294 for 4 RECEIVED from 2 to 6 at 1316051264.165663
VSS_READY 182 for 4 RECEIVED from 3 to 6 at 1316051264.180703
VSS_READY 275 for 2 RECEIVED from 13 to 6 at 1316051264.195936
VSS_SEND 8 for * RECEIVED from 5 to 6 at 1316051264.211171
VSSECHO_STAGE3 * for * SENT from * to * at 1316051264.227497
VSSECHO_STAGE4 * for * SENT from * to * at 1316051264.227563
BEFORE_LOCK * for 5 SENT from 6 to 1 at 1316051264.227567 standard 1
AFTER_LOCK * for 5 SENT from 6 to 1 at 1316051264.227569 standard 1
AFTER_AFTER_LOCK * for 5 SENT from 6 to 1 at 1316051264.227607 standard 1
AFTER_LOCK2 * for 5 SENT from 6 to 1 at 1316051264.227607 standard 1
VSS_ECHO 851 for 5 SENT from 6 to 1 at 1316051264.227621 standard 1
VSSECHO_STAGE3 * for * SENT from * to * at 1316051264.227631
VSSECHO_STAGE4 * for * SENT from * to * at 1316051264.227701
BEFORE_LOCK * for 5 SENT from 6 to 2 at 1316051264.227705 standard 1
AFTER_LOCK * for 5 SENT from 6 to 2 at 1316051264.227705 standard 1
AFTER_AFTER_LOCK * for 5 SENT from 6 to 2 at 1316051264.227712 standard 1
AFTER_LOCK2 * for 5 SENT from 6 to 2 at 1316051264.227712 standard 1
VSS_ECHO 852 for 5 SENT from 6 to 2 at 1316051264.227726 standard 1
VSSECHO_STAGE3 * for * SENT from * to * at 1316051264.227738
VSSECHO_STAGE4 * for * SENT from * to * at 1316051264.227797
BEFORE_LOCK * for 5 SENT from 6 to 3 at 1316051264.227802 standard 1
AFTER_LOCK * for 5 SENT from 6 to 3 at 1316051264.227802 standard 1
AFTER_AFTER_LOCK * for 5 SENT from 6 to 3 at 1316051264.227808 standard 1
AFTER_LOCK2 * for 5 SENT from 6 to 3 at 1316051264.227808 standard 1
VSS_ECHO 853 for 5 SENT from 6 to 3 at 1316051264.227822 standard 1
VSSECHO_STAGE3 * for * SENT from * to * at 1316051264.227832
VSSECHO_STAGE4 * for * SENT from * to * at 1316051264.227892
BEFORE_LOCK * for 5 SENT from 6 to 4 at 1316051264.227896 standard 1
AFTER_LOCK * for 5 SENT from 6 to 4 at 1316051264.227896 standard 1
AFTER_AFTER_LOCK * for 5 SENT from 6 to 4 at 1316051264.227902 standard 1
AFTER_LOCK2 * for 5 SENT from 6 to 4 at 1316051264.227903 standard 1
VSS_ECHO 854 for 5 SENT from 6 to 4 at 1316051264.227916 standard 1
VSSECHO_STAGE3 * for * SENT from * to * at 1316051264.227926
VSSECHO_STAGE4 * for * SENT from * to * at 1316051264.227986
BEFORE_LOCK * for 5 SENT from 6 to 5 at 1316051264.227990 standard 1
AFTER_LOCK * for 5 SENT from 6 to 5 at 1316051264.227991 standard 1
AFTER_AFTER_LOCK * for 5 SENT from 6 to 5 at 1316051264.227999 standard 1
AFTER_LOCK2 * for 5 SENT from 6 to 5 at 1316051264.228000 standard 1
VSS_ECHO 855 for 5 SENT from 6 to 5 at 1316051264.228030 standard 1
VSSECHO_STAGE3 * for * SENT from * to * at 1316051264.228040
VSSECHO_STAGE4 * for * SENT from * to * at 1316051264.228100
BEFORE_LOCK * for 5 SENT from 6 to 6 at 1316051264.228104 standard 1
AFTER_LOCK * for 5 SENT from 6 to 6 at 1316051264.228104 standard 1
AFTER_AFTER_LOCK * for 5 SENT from 6 to 6 at 1316051264.228138 standard 1
AFTER_LOCK2 * for 5 SENT from 6 to 6 at 1316051264.228138 standard 1
VSS_ECHO 856 for 5 SENT from 6 to 6 at 1316051264.228151 standard 1
VSSECHO_STAGE3 * for * SENT from * to * at 1316051264.228161
VSSECHO_STAGE4 * for * SENT from * to * at 1316051264.228226
BEFORE_LOCK * for 5 SENT from 6 to 7 at 1316051264.228230 standard 1
AFTER_LOCK * for 5 SENT from 6 to 7 at 1316051264.228231 standard 1
AFTER_AFTER_LOCK * for 5 SENT from 6 to 7 at 1316051264.228238 standard 1
AFTER_LOCK2 * for 5 SENT from 6 to 7 at 1316051264.228238 standard 1
VSS_ECHO 857 for 5 SENT from 6 to 7 at 1316051264.228251 standard 1
VSSECHO_STAGE3 * for * SENT from * to * at 1316051264.228260
VSSECHO_STAGE4 * for * SENT from * to * at 1316051264.228319
BEFORE_LOCK * for 5 SENT from 6 to 8 at 1316051264.228323 standard 1
AFTER_LOCK * for 5 SENT from 6 to 8 at 1316051264.228324 standard 1
AFTER_AFTER_LOCK * for 5 SENT from 6 to 8 at 1316051264.228324 standard 1
AFTER_LOCK2 * for 5 SENT from 6 to 8 at 1316051264.228324 standard 1
VSS_ECHO 858 for 5 SENT from 6 to 8 at 1316051264.228336 standard 1
VSSECHO_STAGE3 * for * SENT from * to * at 1316051264.228345
VSSECHO_STAGE4 * for * SENT from * to * at 1316051264.228404
BEFORE_LOCK * for 5 SENT from 6 to 9 at 1316051264.228408 standard 1
AFTER_LOCK * for 5 SENT from 6 to 9 at 1316051264.228408 standard 1
AFTER_AFTER_LOCK * for 5 SENT from 6 to 9 at 1316051264.228415 standard 1
AFTER_LOCK2 * for 5 SENT from 6 to 9 at 1316051264.228415 standard 1
VSS_ECHO 859 for 5 SENT from 6 to 9 at 1316051264.228428 standard 1
VSSECHO_STAGE3 * for * SENT from * to * at 1316051264.228437
VSSECHO_STAGE4 * for * SENT from * to * at 1316051264.228496
BEFORE_LOCK * for 5 SENT from 6 to 10 at 1316051264.228500 standard 1
AFTER_LOCK * for 5 SENT from 6 to 10 at 1316051264.228501 standard 1
AFTER_AFTER_LOCK * for 5 SENT from 6 to 10 at 1316051264.228518 standard 1
AFTER_LOCK2 * for 5 SENT from 6 to 10 at 1316051264.228518 standard 1
VSS_ECHO 860 for 5 SENT from 6 to 10 at 1316051264.228531 standard 1
VSSECHO_STAGE3 * for * SENT from * to * at 1316051264.228541
VSSECHO_STAGE4 * for * SENT from * to * at 1316051264.228600
BEFORE_LOCK * for 5 SENT from 6 to 11 at 1316051264.228604 standard 1
AFTER_LOCK * for 5 SENT from 6 to 11 at 1316051264.228605 standard 1
AFTER_AFTER_LOCK * for 5 SENT from 6 to 11 at 1316051264.228647 standard 1
AFTER_LOCK2 * for 5 SENT from 6 to 11 at 1316051264.228647 standard 1
VSS_ECHO 861 for 5 SENT from 6 to 11 at 1316051264.228660 standard 1
VSSECHO_STAGE3 * for * SENT from * to * at 1316051264.228670
VSSECHO_STAGE4 * for * SENT from * to * at 1316051264.228730
BEFORE_LOCK * for 5 SENT from 6 to 12 at 1316051264.228734 standard 1
AFTER_LOCK * for 5 SENT from 6 to 12 at 1316051264.228734 standard 1
AFTER_AFTER_LOCK * for 5 SENT from 6 to 12 at 1316051264.228747 standard 1
AFTER_LOCK2 * for 5 SENT from 6 to 12 at 1316051264.228747 standard 1
VSS_ECHO 862 for 5 SENT from 6 to 12 at 1316051264.228760 standard 1
VSSECHO_STAGE3 * for * SENT from * to * at 1316051264.228770
VSSECHO_STAGE4 * for * SENT from * to * at 1316051264.228830
BEFORE_LOCK * for 5 SENT from 6 to 13 at 1316051264.228834 standard 1
AFTER_LOCK * for 5 SENT from 6 to 13 at 1316051264.228835 standard 1
AFTER_AFTER_LOCK * for 5 SENT from 6 to 13 at 1316051264.228849 standard 1
AFTER_LOCK2 * for 5 SENT from 6 to 13 at 1316051264.228849 standard 1
VSS_ECHO 863 for 5 SENT from 6 to 13 at 1316051264.228862 standard 1
VSSECHO_STAGE3 * for * SENT from * to * at 1316051264.228872
VSSECHO_STAGE4 * for * SENT from * to * at 1316051264.228943
BEFORE_LOCK * for 5 SENT from 6 to 14 at 1316051264.228948 standard 1
AFTER_LOCK * for 5 SENT from 6 to 14 at 1316051264.228949 standard 1
AFTER_AFTER_LOCK * for 5 SENT from 6 to 14 at 1316051264.228962 standard 1
AFTER_LOCK2 * for 5 SENT from 6 to 14 at 1316051264.228962 standard 1
VSS_ECHO 864 for 5 SENT from 6 to 14 at 1316051264.228976 standard 1
VSSECHO_STAGE3 * for * SENT from * to * at 1316051264.228987
VSSECHO_STAGE4 * for * SENT from * to * at 1316051264.229046
BEFORE_LOCK * for 5 SENT from 6 to 15 at 1316051264.229051 standard 1
AFTER_LOCK * for 5 SENT from 6 to 15 at 1316051264.229051 standard 1
AFTER_AFTER_LOCK * for 5 SENT from 6 to 15 at 1316051264.229066 standard 1
AFTER_LOCK2 * for 5 SENT from 6 to 15 at 1316051264.229067 standard 1
VSS_ECHO 865 for 5 SENT from 6 to 15 at 1316051264.229081 standard 1
VSSECHO_STAGE3 * for * SENT from * to * at 1316051264.229091
VSSECHO_STAGE4 * for * SENT from * to * at 1316051264.229160
BEFORE_LOCK * for 5 SENT from 6 to 16 at 1316051264.229164 standard 1
AFTER_LOCK * for 5 SENT from 6 to 16 at 1316051264.229165 standard 1
AFTER_AFTER_LOCK * for 5 SENT from 6 to 16 at 1316051264.229210 standard 1
AFTER_LOCK2 * for 5 SENT from 6 to 16 at 1316051264.229211 standard 1
VSS_ECHO 866 for 5 SENT from 6 to 16 at 1316051264.229225 standard 1
VSSECHO_STAGE3 * for * SENT from * to * at 1316051264.229235
VSSECHO_STAGE4 * for * SENT from * to * at 1316051264.229296
BEFORE_LOCK * for 5 SENT from 6 to 17 at 1316051264.229300 standard 1
AFTER_LOCK * for 5 SENT from 6 to 17 at 1316051264.229301 standard 1
AFTER_AFTER_LOCK * for 5 SENT from 6 to 17 at 1316051264.229315 standard 1
AFTER_LOCK2 * for 5 SENT from 6 to 17 at 1316051264.229315 standard 1
VSS_ECHO 867 for 5 SENT from 6 to 17 at 1316051264.229329 standard 1
VSSECHO_STAGE3 * for * SENT from * to * at 1316051264.229339
VSSECHO_STAGE4 * for * SENT from * to * at 1316051264.229399
BEFORE_LOCK * for 5 SENT from 6 to 18 at 1316051264.229403 standard 1
AFTER_LOCK * for 5 SENT from 6 to 18 at 1316051264.229404 standard 1
AFTER_AFTER_LOCK * for 5 SENT from 6 to 18 at 1316051264.229418 standard 1
AFTER_LOCK2 * for 5 SENT from 6 to 18 at 1316051264.229418 standard 1
VSS_ECHO 868 for 5 SENT from 6 to 18 at 1316051264.229432 standard 1
VSSECHO_STAGE3 * for * SENT from * to * at 1316051264.229442
VSSECHO_STAGE4 * for * SENT from * to * at 1316051264.229502
BEFORE_LOCK * for 5 SENT from 6 to 19 at 1316051264.229506 standard 1
AFTER_LOCK * for 5 SENT from 6 to 19 at 1316051264.229507 standard 1
AFTER_AFTER_LOCK * for 5 SENT from 6 to 19 at 1316051264.229521 standard 1
AFTER_LOCK2 * for 5 SENT from 6 to 19 at 1316051264.229522 standard 1
VSS_ECHO 869 for 5 SENT from 6 to 19 at 1316051264.229536 standard 1
VSSECHO_STAGE3 * for * SENT from * to * at 1316051264.229546
VSSECHO_STAGE4 * for * SENT from * to * at 1316051264.229606
BEFORE_LOCK * for 5 SENT from 6 to 20 at 1316051264.229610 standard 1
AFTER_LOCK * for 5 SENT from 6 to 20 at 1316051264.229611 standard 1
AFTER_AFTER_LOCK * for 5 SENT from 6 to 20 at 1316051264.229625 standard 1
AFTER_LOCK2 * for 5 SENT from 6 to 20 at 1316051264.229625 standard 1
VSS_ECHO 870 for 5 SENT from 6 to 20 at 1316051264.229639 standard 1
DKG_SEND 760 for * RECEIVED from 1 to 6 at 1316051264.229658
DKG_ECHO 906 for 1 SENT from 6 to 1 at 1316051264.340996 standard 1
DKG_ECHO 907 for 1 SENT from 6 to 2 at 1316051264.342761 standard 1
DKG_ECHO 908 for 1 SENT from 6 to 3 at 1316051264.344512 standard 1
DKG_ECHO 909 for 1 SENT from 6 to 4 at 1316051264.346318 standard 1
DKG_ECHO 910 for 1 SENT from 6 to 5 at 1316051264.347990 standard 1
DKG_ECHO 911 for 1 SENT from 6 to 6 at 1316051264.349646 standard 1
DKG_ECHO 912 for 1 SENT from 6 to 7 at 1316051264.351424 standard 1
DKG_ECHO 913 for 1 SENT from 6 to 8 at 1316051264.352990 standard 1
DKG_ECHO 914 for 1 SENT from 6 to 9 at 1316051264.354715 standard 1
DKG_ECHO 915 for 1 SENT from 6 to 10 at 1316051264.356438 standard 1
DKG_ECHO 916 for 1 SENT from 6 to 11 at 1316051264.358200 standard 1
DKG_ECHO 917 for 1 SENT from 6 to 12 at 1316051264.360036 standard 1
DKG_ECHO 918 for 1 SENT from 6 to 13 at 1316051264.361754 standard 1
DKG_ECHO 919 for 1 SENT from 6 to 14 at 1316051264.363472 standard 1
DKG_ECHO 920 for 1 SENT from 6 to 15 at 1316051264.365243 standard 1
DKG_ECHO 921 for 1 SENT from 6 to 16 at 1316051264.366864 standard 1
DKG_ECHO 922 for 1 SENT from 6 to 17 at 1316051264.368509 standard 1
DKG_ECHO 923 for 1 SENT from 6 to 18 at 1316051264.370275 standard 1
DKG_ECHO 924 for 1 SENT from 6 to 19 at 1316051264.371978 standard 1
DKG_ECHO 925 for 1 SENT from 6 to 20 at 1316051264.373742 standard 1
DKG_ECHO 541 for 1 RECEIVED from 12 to 6 at 1316051264.373760
DKG_ECHO 590 for 1 RECEIVED from 9 to 6 at 1316051264.375789
DKG_READY 755 for 1 RECEIVED from 17 to 6 at 1316051264.377762
DKG_ECHO 590 for 1 RECEIVED from 10 to 6 at 1316051264.379801
DKG_ECHO 591 for 1 RECEIVED from 14 to 6 at 1316051264.381801
VSS_READY 397 for 2 RECEIVED from 6 to 6 at 1316051264.383765
DKG_ECHO 591 for 1 RECEIVED from 7 to 6 at 1316051264.398821
VSS_ECHO 618 for 2 RECEIVED from 20 to 6 at 1316051264.400818
DKG_ECHO 562 for 1 RECEIVED from 11 to 6 at 1316051264.409607
DKG_ECHO 568 for 1 RECEIVED from 16 to 6 at 1316051264.411631
DKG_READY 742 for 1 RECEIVED from 15 to 6 at 1316051264.413604
DKG_READY 470 for 1 RECEIVED from 2 to 6 at 1316051264.415604
VSS_ECHO 203 for 5 RECEIVED from 3 to 6 at 1316051264.417495
VSS_ECHO 348 for 5 RECEIVED from 13 to 6 at 1316051264.426062
VSS_ECHO 36 for 1 RECEIVED from 5 to 6 at 1316051264.434820
DKG_ECHO 905 for 1 RECEIVED from 1 to 6 at 1316051264.443319
DKG_READY 768 for 1 RECEIVED from 12 to 6 at 1316051264.445356
DKG_READY 775 for 1 RECEIVED from 9 to 6 at 1316051264.447422
DKG_READY 750 for 1 RECEIVED from 10 to 6 at 1316051264.449415
DKG_READY 751 for 1 RECEIVED from 14 to 6 at 1316051264.451463



============================================
*2ENOUGH DKG_READY message for 6 at 1316051264.451463
*Threshold : Ready = 12
*Received Ready Message Num = 12
============================================

DKG_COMPLETE * for 1 RS from 6 to * at 1316051264.451463 :)
