-Run node 19 starting at 1316051241.102107 with version 5.2
-Function node 19 starting at 1316051251.102299
LEADER_CHANGE 1 for * SENT from 19 to 1 at 1316051251.104846 standard 1
VSS_SEND 21 for * RECEIVED from 1 to 19 at 1316051251.107351
VSSECHO_STAGE3 * for * SENT from * to * at 1316051251.133506
VSSECHO_STAGE4 * for * SENT from * to * at 1316051251.133609
BEFORE_LOCK * for 1 SENT from 19 to 1 at 1316051251.133616 standard 1
AFTER_LOCK * for 1 SENT from 19 to 1 at 1316051251.133617 standard 1
AFTER_AFTER_LOCK * for 1 SENT from 19 to 1 at 1316051251.133746 standard 1
AFTER_LOCK2 * for 1 SENT from 19 to 1 at 1316051251.133746 standard 1
VSS_ECHO 4 for 1 SENT from 19 to 1 at 1316051251.133769 standard 1
VSSECHO_STAGE3 * for * SENT from * to * at 1316051251.133786
VSSECHO_STAGE4 * for * SENT from * to * at 1316051251.134185
BEFORE_LOCK * for 1 SENT from 19 to 2 at 1316051251.134192 standard 1
AFTER_LOCK * for 1 SENT from 19 to 2 at 1316051251.134193 standard 1
AFTER_AFTER_LOCK * for 1 SENT from 19 to 2 at 1316051251.134254 standard 1
AFTER_LOCK2 * for 1 SENT from 19 to 2 at 1316051251.134254 standard 1
VSS_ECHO 5 for 1 SENT from 19 to 2 at 1316051251.134276 standard 1
VSSECHO_STAGE3 * for * SENT from * to * at 1316051251.134294
VSSECHO_STAGE4 * for * SENT from * to * at 1316051251.134392
BEFORE_LOCK * for 1 SENT from 19 to 3 at 1316051251.134398 standard 1
AFTER_LOCK * for 1 SENT from 19 to 3 at 1316051251.134399 standard 1
AFTER_AFTER_LOCK * for 1 SENT from 19 to 3 at 1316051251.134749 standard 1
AFTER_LOCK2 * for 1 SENT from 19 to 3 at 1316051251.134749 standard 1
VSS_ECHO 6 for 1 SENT from 19 to 3 at 1316051251.134771 standard 1
VSSECHO_STAGE3 * for * SENT from * to * at 1316051251.134787
VSSECHO_STAGE4 * for * SENT from * to * at 1316051251.134881
BEFORE_LOCK * for 1 SENT from 19 to 4 at 1316051251.134888 standard 1
AFTER_LOCK * for 1 SENT from 19 to 4 at 1316051251.134889 standard 1
AFTER_AFTER_LOCK * for 1 SENT from 19 to 4 at 1316051251.134911 standard 1
AFTER_LOCK2 * for 1 SENT from 19 to 4 at 1316051251.134912 standard 1
VSS_ECHO 7 for 1 SENT from 19 to 4 at 1316051251.134933 standard 1
VSSECHO_STAGE3 * for * SENT from * to * at 1316051251.134948
VSSECHO_STAGE4 * for * SENT from * to * at 1316051251.135041
BEFORE_LOCK * for 1 SENT from 19 to 5 at 1316051251.135048 standard 1
AFTER_LOCK * for 1 SENT from 19 to 5 at 1316051251.135049 standard 1
AFTER_AFTER_LOCK * for 1 SENT from 19 to 5 at 1316051251.135145 standard 1
AFTER_LOCK2 * for 1 SENT from 19 to 5 at 1316051251.135145 standard 1
VSS_ECHO 8 for 1 SENT from 19 to 5 at 1316051251.135172 standard 1
VSSECHO_STAGE3 * for * SENT from * to * at 1316051251.135187
VSSECHO_STAGE4 * for * SENT from * to * at 1316051251.135331
BEFORE_LOCK * for 1 SENT from 19 to 6 at 1316051251.135339 standard 1
AFTER_LOCK * for 1 SENT from 19 to 6 at 1316051251.135340 standard 1
AFTER_AFTER_LOCK * for 1 SENT from 19 to 6 at 1316051251.135648 standard 1
AFTER_LOCK2 * for 1 SENT from 19 to 6 at 1316051251.135648 standard 1
VSS_ECHO 9 for 1 SENT from 19 to 6 at 1316051251.135669 standard 1
VSSECHO_STAGE3 * for * SENT from * to * at 1316051251.135685
VSSECHO_STAGE4 * for * SENT from * to * at 1316051251.135774
BEFORE_LOCK * for 1 SENT from 19 to 7 at 1316051251.135780 standard 1
AFTER_LOCK * for 1 SENT from 19 to 7 at 1316051251.135781 standard 1
AFTER_AFTER_LOCK * for 1 SENT from 19 to 7 at 1316051251.135801 standard 1
AFTER_LOCK2 * for 1 SENT from 19 to 7 at 1316051251.135801 standard 1
VSS_ECHO 10 for 1 SENT from 19 to 7 at 1316051251.135822 standard 1
VSSECHO_STAGE3 * for * SENT from * to * at 1316051251.135837
VSSECHO_STAGE4 * for * SENT from * to * at 1316051251.135931
BEFORE_LOCK * for 1 SENT from 19 to 8 at 1316051251.135937 standard 1
AFTER_LOCK * for 1 SENT from 19 to 8 at 1316051251.135938 standard 1
AFTER_AFTER_LOCK * for 1 SENT from 19 to 8 at 1316051251.135959 standard 1
AFTER_LOCK2 * for 1 SENT from 19 to 8 at 1316051251.135959 standard 1
VSS_ECHO 11 for 1 SENT from 19 to 8 at 1316051251.135980 standard 1
VSSECHO_STAGE3 * for * SENT from * to * at 1316051251.135995
VSSECHO_STAGE4 * for * SENT from * to * at 1316051251.136084
BEFORE_LOCK * for 1 SENT from 19 to 9 at 1316051251.136106 standard 1
AFTER_LOCK * for 1 SENT from 19 to 9 at 1316051251.136107 standard 1
AFTER_AFTER_LOCK * for 1 SENT from 19 to 9 at 1316051251.136127 standard 1
AFTER_LOCK2 * for 1 SENT from 19 to 9 at 1316051251.136127 standard 1
VSS_ECHO 12 for 1 SENT from 19 to 9 at 1316051251.136148 standard 1
VSSECHO_STAGE3 * for * SENT from * to * at 1316051251.136168
VSSECHO_STAGE4 * for * SENT from * to * at 1316051251.136258
BEFORE_LOCK * for 1 SENT from 19 to 10 at 1316051251.136265 standard 1
AFTER_LOCK * for 1 SENT from 19 to 10 at 1316051251.136266 standard 1
AFTER_AFTER_LOCK * for 1 SENT from 19 to 10 at 1316051251.136284 standard 1
AFTER_LOCK2 * for 1 SENT from 19 to 10 at 1316051251.136284 standard 1
VSS_ECHO 13 for 1 SENT from 19 to 10 at 1316051251.136305 standard 1
VSSECHO_STAGE3 * for * SENT from * to * at 1316051251.136320
VSSECHO_STAGE4 * for * SENT from * to * at 1316051251.136466
BEFORE_LOCK * for 1 SENT from 19 to 11 at 1316051251.136473 standard 1
AFTER_LOCK * for 1 SENT from 19 to 11 at 1316051251.136474 standard 1
AFTER_AFTER_LOCK * for 1 SENT from 19 to 11 at 1316051251.136592 standard 1
AFTER_LOCK2 * for 1 SENT from 19 to 11 at 1316051251.136593 standard 1
VSS_ECHO 14 for 1 SENT from 19 to 11 at 1316051251.136614 standard 1
VSSECHO_STAGE3 * for * SENT from * to * at 1316051251.136630
VSSECHO_STAGE4 * for * SENT from * to * at 1316051251.136720
BEFORE_LOCK * for 1 SENT from 19 to 12 at 1316051251.136726 standard 1
AFTER_LOCK * for 1 SENT from 19 to 12 at 1316051251.136727 standard 1
AFTER_AFTER_LOCK * for 1 SENT from 19 to 12 at 1316051251.136887 standard 1
AFTER_LOCK2 * for 1 SENT from 19 to 12 at 1316051251.136888 standard 1
VSS_ECHO 15 for 1 SENT from 19 to 12 at 1316051251.136909 standard 1
VSSECHO_STAGE3 * for * SENT from * to * at 1316051251.136928
VSSECHO_STAGE4 * for * SENT from * to * at 1316051251.137020
BEFORE_LOCK * for 1 SENT from 19 to 13 at 1316051251.137028 standard 1
AFTER_LOCK * for 1 SENT from 19 to 13 at 1316051251.137029 standard 1
AFTER_AFTER_LOCK * for 1 SENT from 19 to 13 at 1316051251.137053 standard 1
AFTER_LOCK2 * for 1 SENT from 19 to 13 at 1316051251.137054 standard 1
VSS_ECHO 16 for 1 SENT from 19 to 13 at 1316051251.137075 standard 1
VSSECHO_STAGE3 * for * SENT from * to * at 1316051251.137090
VSSECHO_STAGE4 * for * SENT from * to * at 1316051251.137189
BEFORE_LOCK * for 1 SENT from 19 to 14 at 1316051251.137196 standard 1
AFTER_LOCK * for 1 SENT from 19 to 14 at 1316051251.137196 standard 1
AFTER_AFTER_LOCK * for 1 SENT from 19 to 14 at 1316051251.137216 standard 1
AFTER_LOCK2 * for 1 SENT from 19 to 14 at 1316051251.137216 standard 1
VSS_ECHO 17 for 1 SENT from 19 to 14 at 1316051251.137237 standard 1
VSSECHO_STAGE3 * for * SENT from * to * at 1316051251.137252
VSSECHO_STAGE4 * for * SENT from * to * at 1316051251.137342
BEFORE_LOCK * for 1 SENT from 19 to 15 at 1316051251.137349 standard 1
AFTER_LOCK * for 1 SENT from 19 to 15 at 1316051251.137350 standard 1
AFTER_AFTER_LOCK * for 1 SENT from 19 to 15 at 1316051251.138434 standard 1
AFTER_LOCK2 * for 1 SENT from 19 to 15 at 1316051251.138434 standard 1
VSS_ECHO 18 for 1 SENT from 19 to 15 at 1316051251.138459 standard 1
VSSECHO_STAGE3 * for * SENT from * to * at 1316051251.138476
VSSECHO_STAGE4 * for * SENT from * to * at 1316051251.138569
BEFORE_LOCK * for 1 SENT from 19 to 16 at 1316051251.138576 standard 1
AFTER_LOCK * for 1 SENT from 19 to 16 at 1316051251.138577 standard 1
AFTER_AFTER_LOCK * for 1 SENT from 19 to 16 at 1316051251.138587 standard 1
AFTER_LOCK2 * for 1 SENT from 19 to 16 at 1316051251.138588 standard 1
VSS_ECHO 19 for 1 SENT from 19 to 16 at 1316051251.138608 standard 1
VSSECHO_STAGE3 * for * SENT from * to * at 1316051251.138623
VSSECHO_STAGE4 * for * SENT from * to * at 1316051251.138716
BEFORE_LOCK * for 1 SENT from 19 to 17 at 1316051251.138723 standard 1
AFTER_LOCK * for 1 SENT from 19 to 17 at 1316051251.138724 standard 1
AFTER_AFTER_LOCK * for 1 SENT from 19 to 17 at 1316051251.138733 standard 1
AFTER_LOCK2 * for 1 SENT from 19 to 17 at 1316051251.138733 standard 1
VSS_ECHO 20 for 1 SENT from 19 to 17 at 1316051251.138774 standard 1
VSSECHO_STAGE3 * for * SENT from * to * at 1316051251.138790
VSSECHO_STAGE4 * for * SENT from * to * at 1316051251.138880
BEFORE_LOCK * for 1 SENT from 19 to 18 at 1316051251.138886 standard 1
AFTER_LOCK * for 1 SENT from 19 to 18 at 1316051251.138887 standard 1
AFTER_AFTER_LOCK * for 1 SENT from 19 to 18 at 1316051251.138896 standard 1
AFTER_LOCK2 * for 1 SENT from 19 to 18 at 1316051251.138897 standard 1
VSS_ECHO 21 for 1 SENT from 19 to 18 at 1316051251.138917 standard 1
VSSECHO_STAGE3 * for * SENT from * to * at 1316051251.138931
VSSECHO_STAGE4 * for * SENT from * to * at 1316051251.139022
BEFORE_LOCK * for 1 SENT from 19 to 19 at 1316051251.139028 standard 1
AFTER_LOCK * for 1 SENT from 19 to 19 at 1316051251.139029 standard 1
AFTER_AFTER_LOCK * for 1 SENT from 19 to 19 at 1316051251.139038 standard 1
AFTER_LOCK2 * for 1 SENT from 19 to 19 at 1316051251.139038 standard 1
VSS_ECHO 22 for 1 SENT from 19 to 19 at 1316051251.139058 standard 1
VSSECHO_STAGE3 * for * SENT from * to * at 1316051251.139073
VSSECHO_STAGE4 * for * SENT from * to * at 1316051251.139169
BEFORE_LOCK * for 1 SENT from 19 to 20 at 1316051251.139176 standard 1
AFTER_LOCK * for 1 SENT from 19 to 20 at 1316051251.139176 standard 1
AFTER_AFTER_LOCK * for 1 SENT from 19 to 20 at 1316051251.139369 standard 1
AFTER_LOCK2 * for 1 SENT from 19 to 20 at 1316051251.139370 standard 1
VSS_ECHO 23 for 1 SENT from 19 to 20 at 1316051251.139390 standard 1
VSS_ECHO 22 for 1 RECEIVED from 12 to 19 at 1316051251.139410
VSS_ECHO 22 for 1 RECEIVED from 9 to 19 at 1316051251.153364
VSS_ECHO 22 for 1 RECEIVED from 17 to 19 at 1316051251.167632
VSS_ECHO 22 for 1 RECEIVED from 10 to 19 at 1316051251.181590
VSS_ECHO 22 for 1 RECEIVED from 14 to 19 at 1316051251.195891
VSS_ECHO 22 for 1 RECEIVED from 16 to 19 at 1316051251.501704
VSS_ECHO 22 for 1 RECEIVED from 19 to 19 at 1316051251.516138
VSS_READY 54 for 1 RECEIVED from 17 to 19 at 1316051251.620552
VSS_READY 54 for 1 RECEIVED from 14 to 19 at 1316051251.675191
VSS_READY 54 for 1 RECEIVED from 15 to 19 at 1316051251.698596



============================================
*1ENOUGH VSS_READY message for 19 at 1316051251.698596
*Threshold : Ready = 3
*Received Ready Message Num = 3
*Ready messages are sending out...
============================================

BEFORE_LOCK * for 1 SENT from 19 to 1 at 1316051251.725451 standard 1
AFTER_LOCK * for 1 SENT from 19 to 1 at 1316051251.725452 standard 1
AFTER_AFTER_LOCK * for 1 SENT from 19 to 1 at 1316051251.725558 standard 1
AFTER_LOCK2 * for 1 SENT from 19 to 1 at 1316051251.725558 standard 1
VSS_READY 49 for 1 SENT from 19 to 1 at 1316051251.725559 standard 1
BEFORE_LOCK * for 1 SENT from 19 to 2 at 1316051251.728706 standard 1
AFTER_LOCK * for 1 SENT from 19 to 2 at 1316051251.728707 standard 1
AFTER_AFTER_LOCK * for 1 SENT from 19 to 2 at 1316051251.728707 standard 1
AFTER_LOCK2 * for 1 SENT from 19 to 2 at 1316051251.728708 standard 1
VSS_READY 50 for 1 SENT from 19 to 2 at 1316051251.728708 standard 1
BEFORE_LOCK * for 1 SENT from 19 to 3 at 1316051251.731357 standard 1
AFTER_LOCK * for 1 SENT from 19 to 3 at 1316051251.731358 standard 1
AFTER_AFTER_LOCK * for 1 SENT from 19 to 3 at 1316051251.731359 standard 1
AFTER_LOCK2 * for 1 SENT from 19 to 3 at 1316051251.731359 standard 1
VSS_READY 51 for 1 SENT from 19 to 3 at 1316051251.731359 standard 1
BEFORE_LOCK * for 1 SENT from 19 to 4 at 1316051251.734045 standard 1
AFTER_LOCK * for 1 SENT from 19 to 4 at 1316051251.734046 standard 1
AFTER_AFTER_LOCK * for 1 SENT from 19 to 4 at 1316051251.734046 standard 1
AFTER_LOCK2 * for 1 SENT from 19 to 4 at 1316051251.734047 standard 1
VSS_READY 52 for 1 SENT from 19 to 4 at 1316051251.734047 standard 1
BEFORE_LOCK * for 1 SENT from 19 to 5 at 1316051251.736711 standard 1
AFTER_LOCK * for 1 SENT from 19 to 5 at 1316051251.736712 standard 1
AFTER_AFTER_LOCK * for 1 SENT from 19 to 5 at 1316051251.736712 standard 1
AFTER_LOCK2 * for 1 SENT from 19 to 5 at 1316051251.736713 standard 1
VSS_READY 53 for 1 SENT from 19 to 5 at 1316051251.736713 standard 1
BEFORE_LOCK * for 1 SENT from 19 to 6 at 1316051251.739241 standard 1
AFTER_LOCK * for 1 SENT from 19 to 6 at 1316051251.739242 standard 1
AFTER_AFTER_LOCK * for 1 SENT from 19 to 6 at 1316051251.739359 standard 1
AFTER_LOCK2 * for 1 SENT from 19 to 6 at 1316051251.739360 standard 1
VSS_READY 54 for 1 SENT from 19 to 6 at 1316051251.739360 standard 1
BEFORE_LOCK * for 1 SENT from 19 to 7 at 1316051251.742038 standard 1
AFTER_LOCK * for 1 SENT from 19 to 7 at 1316051251.742039 standard 1
AFTER_AFTER_LOCK * for 1 SENT from 19 to 7 at 1316051251.742134 standard 1
AFTER_LOCK2 * for 1 SENT from 19 to 7 at 1316051251.742135 standard 1
VSS_READY 55 for 1 SENT from 19 to 7 at 1316051251.742135 standard 1
BEFORE_LOCK * for 1 SENT from 19 to 8 at 1316051251.744723 standard 1
AFTER_LOCK * for 1 SENT from 19 to 8 at 1316051251.744724 standard 1
AFTER_AFTER_LOCK * for 1 SENT from 19 to 8 at 1316051251.744724 standard 1
AFTER_LOCK2 * for 1 SENT from 19 to 8 at 1316051251.744724 standard 1
VSS_READY 56 for 1 SENT from 19 to 8 at 1316051251.744725 standard 1
BEFORE_LOCK * for 1 SENT from 19 to 9 at 1316051251.747325 standard 1
AFTER_LOCK * for 1 SENT from 19 to 9 at 1316051251.747326 standard 1
AFTER_AFTER_LOCK * for 1 SENT from 19 to 9 at 1316051251.747394 standard 1
AFTER_LOCK2 * for 1 SENT from 19 to 9 at 1316051251.747395 standard 1
VSS_READY 57 for 1 SENT from 19 to 9 at 1316051251.747395 standard 1
BEFORE_LOCK * for 1 SENT from 19 to 10 at 1316051251.749980 standard 1
AFTER_LOCK * for 1 SENT from 19 to 10 at 1316051251.749981 standard 1
AFTER_AFTER_LOCK * for 1 SENT from 19 to 10 at 1316051251.750054 standard 1
AFTER_LOCK2 * for 1 SENT from 19 to 10 at 1316051251.750055 standard 1
VSS_READY 58 for 1 SENT from 19 to 10 at 1316051251.750055 standard 1
BEFORE_LOCK * for 1 SENT from 19 to 11 at 1316051251.752522 standard 1
AFTER_LOCK * for 1 SENT from 19 to 11 at 1316051251.752523 standard 1
AFTER_AFTER_LOCK * for 1 SENT from 19 to 11 at 1316051251.752672 standard 1
AFTER_LOCK2 * for 1 SENT from 19 to 11 at 1316051251.752672 standard 1
VSS_READY 59 for 1 SENT from 19 to 11 at 1316051251.752673 standard 1
BEFORE_LOCK * for 1 SENT from 19 to 12 at 1316051251.755374 standard 1
AFTER_LOCK * for 1 SENT from 19 to 12 at 1316051251.755375 standard 1
AFTER_AFTER_LOCK * for 1 SENT from 19 to 12 at 1316051251.755472 standard 1
AFTER_LOCK2 * for 1 SENT from 19 to 12 at 1316051251.755472 standard 1
VSS_READY 60 for 1 SENT from 19 to 12 at 1316051251.755472 standard 1
BEFORE_LOCK * for 1 SENT from 19 to 13 at 1316051251.758024 standard 1
AFTER_LOCK * for 1 SENT from 19 to 13 at 1316051251.758024 standard 1
AFTER_AFTER_LOCK * for 1 SENT from 19 to 13 at 1316051251.758097 standard 1
AFTER_LOCK2 * for 1 SENT from 19 to 13 at 1316051251.758097 standard 1
VSS_READY 61 for 1 SENT from 19 to 13 at 1316051251.758098 standard 1
BEFORE_LOCK * for 1 SENT from 19 to 14 at 1316051251.760665 standard 1
AFTER_LOCK * for 1 SENT from 19 to 14 at 1316051251.760665 standard 1
AFTER_AFTER_LOCK * for 1 SENT from 19 to 14 at 1316051251.760752 standard 1
AFTER_LOCK2 * for 1 SENT from 19 to 14 at 1316051251.760753 standard 1
VSS_READY 62 for 1 SENT from 19 to 14 at 1316051251.760753 standard 1
BEFORE_LOCK * for 1 SENT from 19 to 15 at 1316051251.763417 standard 1
AFTER_LOCK * for 1 SENT from 19 to 15 at 1316051251.763417 standard 1
AFTER_AFTER_LOCK * for 1 SENT from 19 to 15 at 1316051251.763509 standard 1
AFTER_LOCK2 * for 1 SENT from 19 to 15 at 1316051251.763509 standard 1
VSS_READY 63 for 1 SENT from 19 to 15 at 1316051251.763510 standard 1
BEFORE_LOCK * for 1 SENT from 19 to 16 at 1316051251.766210 standard 1
AFTER_LOCK * for 1 SENT from 19 to 16 at 1316051251.766210 standard 1
AFTER_AFTER_LOCK * for 1 SENT from 19 to 16 at 1316051251.766312 standard 1
AFTER_LOCK2 * for 1 SENT from 19 to 16 at 1316051251.766313 standard 1
VSS_READY 64 for 1 SENT from 19 to 16 at 1316051251.766313 standard 1
BEFORE_LOCK * for 1 SENT from 19 to 17 at 1316051251.768862 standard 1
AFTER_LOCK * for 1 SENT from 19 to 17 at 1316051251.768863 standard 1
AFTER_AFTER_LOCK * for 1 SENT from 19 to 17 at 1316051251.768966 standard 1
AFTER_LOCK2 * for 1 SENT from 19 to 17 at 1316051251.768966 standard 1
VSS_READY 65 for 1 SENT from 19 to 17 at 1316051251.768966 standard 1
BEFORE_LOCK * for 1 SENT from 19 to 18 at 1316051251.771739 standard 1
AFTER_LOCK * for 1 SENT from 19 to 18 at 1316051251.771739 standard 1
AFTER_AFTER_LOCK * for 1 SENT from 19 to 18 at 1316051251.771836 standard 1
AFTER_LOCK2 * for 1 SENT from 19 to 18 at 1316051251.771837 standard 1
VSS_READY 66 for 1 SENT from 19 to 18 at 1316051251.771837 standard 1
BEFORE_LOCK * for 1 SENT from 19 to 19 at 1316051251.774390 standard 1
AFTER_LOCK * for 1 SENT from 19 to 19 at 1316051251.774390 standard 1
AFTER_AFTER_LOCK * for 1 SENT from 19 to 19 at 1316051251.774459 standard 1
AFTER_LOCK2 * for 1 SENT from 19 to 19 at 1316051251.774460 standard 1
VSS_READY 67 for 1 SENT from 19 to 19 at 1316051251.774460 standard 1
BEFORE_LOCK * for 1 SENT from 19 to 20 at 1316051251.777428 standard 1
AFTER_LOCK * for 1 SENT from 19 to 20 at 1316051251.777429 standard 1
AFTER_AFTER_LOCK * for 1 SENT from 19 to 20 at 1316051251.777497 standard 1
AFTER_LOCK2 * for 1 SENT from 19 to 20 at 1316051251.777497 standard 1
VSS_READY 68 for 1 SENT from 19 to 20 at 1316051251.777498 standard 1
VSS_READY 67 for 1 RECEIVED from 19 to 19 at 1316051251.777558
VSS_READY 70 for 1 RECEIVED from 12 to 19 at 1316051251.800503
VSS_READY 71 for 1 RECEIVED from 9 to 19 at 1316051251.823566
VSS_READY 71 for 1 RECEIVED from 10 to 19 at 1316051251.846984
VSS_ECHO 130 for 4 RECEIVED from 17 to 19 at 1316051252.019897
VSS_ECHO 134 for 4 RECEIVED from 10 to 19 at 1316051252.034256
VSS_ECHO 22 for 1 RECEIVED from 18 to 19 at 1316051252.048084
VSS_ECHO 310 for 4 RECEIVED from 1 to 19 at 1316051252.066463
VSS_ECHO 136 for 4 RECEIVED from 12 to 19 at 1316051252.303159
VSS_ECHO 144 for 4 RECEIVED from 9 to 19 at 1316051252.317372
VSS_ECHO 143 for 4 RECEIVED from 14 to 19 at 1316051252.331202
VSS_READY 47 for 1 RECEIVED from 11 to 19 at 1316051252.344852
VSS_ECHO 163 for 4 RECEIVED from 7 to 19 at 1316051252.860265
VSS_ECHO 146 for 4 RECEIVED from 15 to 19 at 1316051252.874507
VSS_ECHO 146 for 4 RECEIVED from 16 to 19 at 1316051252.888782
VSS_READY 65 for 1 RECEIVED from 18 to 19 at 1316051252.902632
VSS_ECHO 116 for 4 RECEIVED from 11 to 19 at 1316051252.925897
VSS_SEND 21 for * RECEIVED from 4 to 19 at 1316051252.939448
VSSECHO_STAGE3 * for * SENT from * to * at 1316051252.965388
VSSECHO_STAGE4 * for * SENT from * to * at 1316051252.965494
BEFORE_LOCK * for 4 SENT from 19 to 1 at 1316051252.965502 standard 1
AFTER_LOCK * for 4 SENT from 19 to 1 at 1316051252.965503 standard 1
AFTER_AFTER_LOCK * for 4 SENT from 19 to 1 at 1316051252.965625 standard 1
AFTER_LOCK2 * for 4 SENT from 19 to 1 at 1316051252.965625 standard 1
VSS_ECHO 117 for 4 SENT from 19 to 1 at 1316051252.965648 standard 1
VSSECHO_STAGE3 * for * SENT from * to * at 1316051252.965663
VSSECHO_STAGE4 * for * SENT from * to * at 1316051252.965763
BEFORE_LOCK * for 4 SENT from 19 to 2 at 1316051252.965770 standard 1
AFTER_LOCK * for 4 SENT from 19 to 2 at 1316051252.965771 standard 1
AFTER_AFTER_LOCK * for 4 SENT from 19 to 2 at 1316051252.965771 standard 1
AFTER_LOCK2 * for 4 SENT from 19 to 2 at 1316051252.965772 standard 1
VSS_ECHO 118 for 4 SENT from 19 to 2 at 1316051252.965790 standard 1
VSSECHO_STAGE3 * for * SENT from * to * at 1316051252.965805
VSSECHO_STAGE4 * for * SENT from * to * at 1316051252.965900
BEFORE_LOCK * for 4 SENT from 19 to 3 at 1316051252.965906 standard 1
AFTER_LOCK * for 4 SENT from 19 to 3 at 1316051252.965907 standard 1
AFTER_AFTER_LOCK * for 4 SENT from 19 to 3 at 1316051252.965907 standard 1
AFTER_LOCK2 * for 4 SENT from 19 to 3 at 1316051252.965908 standard 1
VSS_ECHO 119 for 4 SENT from 19 to 3 at 1316051252.965927 standard 1
VSSECHO_STAGE3 * for * SENT from * to * at 1316051252.965941
VSSECHO_STAGE4 * for * SENT from * to * at 1316051252.966031
BEFORE_LOCK * for 4 SENT from 19 to 4 at 1316051252.966037 standard 1
AFTER_LOCK * for 4 SENT from 19 to 4 at 1316051252.966038 standard 1
AFTER_AFTER_LOCK * for 4 SENT from 19 to 4 at 1316051252.966048 standard 1
AFTER_LOCK2 * for 4 SENT from 19 to 4 at 1316051252.966048 standard 1
VSS_ECHO 120 for 4 SENT from 19 to 4 at 1316051252.966099 standard 1
VSSECHO_STAGE3 * for * SENT from * to * at 1316051252.966114
VSSECHO_STAGE4 * for * SENT from * to * at 1316051252.966305
BEFORE_LOCK * for 4 SENT from 19 to 5 at 1316051252.966312 standard 1
AFTER_LOCK * for 4 SENT from 19 to 5 at 1316051252.966313 standard 1
AFTER_AFTER_LOCK * for 4 SENT from 19 to 5 at 1316051252.966314 standard 1
AFTER_LOCK2 * for 4 SENT from 19 to 5 at 1316051252.966314 standard 1
VSS_ECHO 121 for 4 SENT from 19 to 5 at 1316051252.966333 standard 1
VSSECHO_STAGE3 * for * SENT from * to * at 1316051252.966347
VSSECHO_STAGE4 * for * SENT from * to * at 1316051252.966438
BEFORE_LOCK * for 4 SENT from 19 to 6 at 1316051252.966444 standard 1
AFTER_LOCK * for 4 SENT from 19 to 6 at 1316051252.966445 standard 1
AFTER_AFTER_LOCK * for 4 SENT from 19 to 6 at 1316051252.966548 standard 1
AFTER_LOCK2 * for 4 SENT from 19 to 6 at 1316051252.966548 standard 1
VSS_ECHO 122 for 4 SENT from 19 to 6 at 1316051252.966570 standard 1
VSSECHO_STAGE3 * for * SENT from * to * at 1316051252.966585
VSSECHO_STAGE4 * for * SENT from * to * at 1316051252.966682
BEFORE_LOCK * for 4 SENT from 19 to 7 at 1316051252.966689 standard 1
AFTER_LOCK * for 4 SENT from 19 to 7 at 1316051252.966690 standard 1
AFTER_AFTER_LOCK * for 4 SENT from 19 to 7 at 1316051252.966699 standard 1
AFTER_LOCK2 * for 4 SENT from 19 to 7 at 1316051252.966699 standard 1
VSS_ECHO 123 for 4 SENT from 19 to 7 at 1316051252.966721 standard 1
VSSECHO_STAGE3 * for * SENT from * to * at 1316051252.966736
VSSECHO_STAGE4 * for * SENT from * to * at 1316051252.966825
BEFORE_LOCK * for 4 SENT from 19 to 8 at 1316051252.966832 standard 1
AFTER_LOCK * for 4 SENT from 19 to 8 at 1316051252.966833 standard 1
AFTER_AFTER_LOCK * for 4 SENT from 19 to 8 at 1316051252.966833 standard 1
AFTER_LOCK2 * for 4 SENT from 19 to 8 at 1316051252.966833 standard 1
VSS_ECHO 124 for 4 SENT from 19 to 8 at 1316051252.966852 standard 1
VSSECHO_STAGE3 * for * SENT from * to * at 1316051252.966866
VSSECHO_STAGE4 * for * SENT from * to * at 1316051252.966954
BEFORE_LOCK * for 4 SENT from 19 to 9 at 1316051252.966961 standard 1
AFTER_LOCK * for 4 SENT from 19 to 9 at 1316051252.966962 standard 1
AFTER_AFTER_LOCK * for 4 SENT from 19 to 9 at 1316051252.966970 standard 1
AFTER_LOCK2 * for 4 SENT from 19 to 9 at 1316051252.966971 standard 1
VSS_ECHO 125 for 4 SENT from 19 to 9 at 1316051252.966992 standard 1
VSSECHO_STAGE3 * for * SENT from * to * at 1316051252.967007
VSSECHO_STAGE4 * for * SENT from * to * at 1316051252.967102
BEFORE_LOCK * for 4 SENT from 19 to 10 at 1316051252.967108 standard 1
AFTER_LOCK * for 4 SENT from 19 to 10 at 1316051252.967109 standard 1
AFTER_AFTER_LOCK * for 4 SENT from 19 to 10 at 1316051252.967118 standard 1
AFTER_LOCK2 * for 4 SENT from 19 to 10 at 1316051252.967118 standard 1
VSS_ECHO 126 for 4 SENT from 19 to 10 at 1316051252.967141 standard 1
VSSECHO_STAGE3 * for * SENT from * to * at 1316051252.967155
VSSECHO_STAGE4 * for * SENT from * to * at 1316051252.967400
BEFORE_LOCK * for 4 SENT from 19 to 11 at 1316051252.967407 standard 1
AFTER_LOCK * for 4 SENT from 19 to 11 at 1316051252.967408 standard 1
AFTER_AFTER_LOCK * for 4 SENT from 19 to 11 at 1316051252.967526 standard 1
AFTER_LOCK2 * for 4 SENT from 19 to 11 at 1316051252.967526 standard 1
VSS_ECHO 127 for 4 SENT from 19 to 11 at 1316051252.967554 standard 1
VSSECHO_STAGE3 * for * SENT from * to * at 1316051252.967570
VSSECHO_STAGE4 * for * SENT from * to * at 1316051252.967700
BEFORE_LOCK * for 4 SENT from 19 to 12 at 1316051252.967710 standard 1
AFTER_LOCK * for 4 SENT from 19 to 12 at 1316051252.967711 standard 1
AFTER_AFTER_LOCK * for 4 SENT from 19 to 12 at 1316051252.967730 standard 1
AFTER_LOCK2 * for 4 SENT from 19 to 12 at 1316051252.967730 standard 1
VSS_ECHO 128 for 4 SENT from 19 to 12 at 1316051252.967757 standard 1
VSSECHO_STAGE3 * for * SENT from * to * at 1316051252.967817
VSSECHO_STAGE4 * for * SENT from * to * at 1316051252.967920
BEFORE_LOCK * for 4 SENT from 19 to 13 at 1316051252.967927 standard 1
AFTER_LOCK * for 4 SENT from 19 to 13 at 1316051252.967928 standard 1
AFTER_AFTER_LOCK * for 4 SENT from 19 to 13 at 1316051252.967940 standard 1
AFTER_LOCK2 * for 4 SENT from 19 to 13 at 1316051252.967941 standard 1
VSS_ECHO 129 for 4 SENT from 19 to 13 at 1316051252.967966 standard 1
VSSECHO_STAGE3 * for * SENT from * to * at 1316051252.967986
VSSECHO_STAGE4 * for * SENT from * to * at 1316051252.968086
BEFORE_LOCK * for 4 SENT from 19 to 14 at 1316051252.968093 standard 1
AFTER_LOCK * for 4 SENT from 19 to 14 at 1316051252.968094 standard 1
AFTER_AFTER_LOCK * for 4 SENT from 19 to 14 at 1316051252.968364 standard 1
AFTER_LOCK2 * for 4 SENT from 19 to 14 at 1316051252.968364 standard 1
VSS_ECHO 130 for 4 SENT from 19 to 14 at 1316051252.968389 standard 1
VSSECHO_STAGE3 * for * SENT from * to * at 1316051252.968405
VSSECHO_STAGE4 * for * SENT from * to * at 1316051252.968498
BEFORE_LOCK * for 4 SENT from 19 to 15 at 1316051252.968504 standard 1
AFTER_LOCK * for 4 SENT from 19 to 15 at 1316051252.968505 standard 1
AFTER_AFTER_LOCK * for 4 SENT from 19 to 15 at 1316051252.968519 standard 1
AFTER_LOCK2 * for 4 SENT from 19 to 15 at 1316051252.968520 standard 1
VSS_ECHO 131 for 4 SENT from 19 to 15 at 1316051252.968540 standard 1
VSSECHO_STAGE3 * for * SENT from * to * at 1316051252.968555
VSSECHO_STAGE4 * for * SENT from * to * at 1316051252.968643
BEFORE_LOCK * for 4 SENT from 19 to 16 at 1316051252.968651 standard 1
AFTER_LOCK * for 4 SENT from 19 to 16 at 1316051252.968652 standard 1
AFTER_AFTER_LOCK * for 4 SENT from 19 to 16 at 1316051252.968665 standard 1
AFTER_LOCK2 * for 4 SENT from 19 to 16 at 1316051252.968665 standard 1
VSS_ECHO 132 for 4 SENT from 19 to 16 at 1316051252.968695 standard 1
VSSECHO_STAGE3 * for * SENT from * to * at 1316051252.968710
VSSECHO_STAGE4 * for * SENT from * to * at 1316051252.968809
BEFORE_LOCK * for 4 SENT from 19 to 17 at 1316051252.968816 standard 1
AFTER_LOCK * for 4 SENT from 19 to 17 at 1316051252.968817 standard 1
AFTER_AFTER_LOCK * for 4 SENT from 19 to 17 at 1316051252.968830 standard 1
AFTER_LOCK2 * for 4 SENT from 19 to 17 at 1316051252.968830 standard 1
VSS_ECHO 133 for 4 SENT from 19 to 17 at 1316051252.968858 standard 1
VSSECHO_STAGE3 * for * SENT from * to * at 1316051252.968873
VSSECHO_STAGE4 * for * SENT from * to * at 1316051252.968980
BEFORE_LOCK * for 4 SENT from 19 to 18 at 1316051252.968988 standard 1
AFTER_LOCK * for 4 SENT from 19 to 18 at 1316051252.968988 standard 1
AFTER_AFTER_LOCK * for 4 SENT from 19 to 18 at 1316051252.969162 standard 1
AFTER_LOCK2 * for 4 SENT from 19 to 18 at 1316051252.969163 standard 1
VSS_ECHO 134 for 4 SENT from 19 to 18 at 1316051252.969191 standard 1
VSSECHO_STAGE3 * for * SENT from * to * at 1316051252.969206
VSSECHO_STAGE4 * for * SENT from * to * at 1316051252.969476
BEFORE_LOCK * for 4 SENT from 19 to 19 at 1316051252.969484 standard 1
AFTER_LOCK * for 4 SENT from 19 to 19 at 1316051252.969485 standard 1
AFTER_AFTER_LOCK * for 4 SENT from 19 to 19 at 1316051252.969507 standard 1
AFTER_LOCK2 * for 4 SENT from 19 to 19 at 1316051252.969508 standard 1
VSS_ECHO 135 for 4 SENT from 19 to 19 at 1316051252.969533 standard 1
VSSECHO_STAGE3 * for * SENT from * to * at 1316051252.969547
VSSECHO_STAGE4 * for * SENT from * to * at 1316051252.969653
BEFORE_LOCK * for 4 SENT from 19 to 20 at 1316051252.969661 standard 1
AFTER_LOCK * for 4 SENT from 19 to 20 at 1316051252.969662 standard 1
AFTER_AFTER_LOCK * for 4 SENT from 19 to 20 at 1316051252.969674 standard 1
AFTER_LOCK2 * for 4 SENT from 19 to 20 at 1316051252.969674 standard 1
VSS_ECHO 136 for 4 SENT from 19 to 20 at 1316051252.969700 standard 1
VSS_ECHO 22 for 1 RECEIVED from 7 to 19 at 1316051252.969736
VSS_ECHO 135 for 4 RECEIVED from 19 to 19 at 1316051252.983763
VSS_ECHO 48 for 1 RECEIVED from 4 to 19 at 1316051252.997693
VSS_READY 69 for 1 RECEIVED from 7 to 19 at 1316051253.011324
VSS_READY 86 for 1 RECEIVED from 4 to 19 at 1316051253.034647
VSS_READY 371 for 4 RECEIVED from 1 to 19 at 1316051253.935979
VSS_READY 192 for 4 RECEIVED from 9 to 19 at 1316051253.960931
VSS_READY 193 for 4 RECEIVED from 17 to 19 at 1316051253.984380



============================================
*1ENOUGH VSS_READY message for 19 at 1316051253.984380
*Threshold : Ready = 3
*Received Ready Message Num = 3
*Ready messages are sending out...
============================================

BEFORE_LOCK * for 4 SENT from 19 to 1 at 1316051254.011362 standard 1
AFTER_LOCK * for 4 SENT from 19 to 1 at 1316051254.011363 standard 1
AFTER_AFTER_LOCK * for 4 SENT from 19 to 1 at 1316051254.011443 standard 1
AFTER_LOCK2 * for 4 SENT from 19 to 1 at 1316051254.011443 standard 1
VSS_READY 182 for 4 SENT from 19 to 1 at 1316051254.011444 standard 1
BEFORE_LOCK * for 4 SENT from 19 to 2 at 1316051254.014125 standard 1
AFTER_LOCK * for 4 SENT from 19 to 2 at 1316051254.014126 standard 1
AFTER_AFTER_LOCK * for 4 SENT from 19 to 2 at 1316051254.014127 standard 1
AFTER_LOCK2 * for 4 SENT from 19 to 2 at 1316051254.014127 standard 1
VSS_READY 183 for 4 SENT from 19 to 2 at 1316051254.014127 standard 1
BEFORE_LOCK * for 4 SENT from 19 to 3 at 1316051254.016568 standard 1
AFTER_LOCK * for 4 SENT from 19 to 3 at 1316051254.016569 standard 1
AFTER_AFTER_LOCK * for 4 SENT from 19 to 3 at 1316051254.016569 standard 1
AFTER_LOCK2 * for 4 SENT from 19 to 3 at 1316051254.016569 standard 1
VSS_READY 184 for 4 SENT from 19 to 3 at 1316051254.016570 standard 1
BEFORE_LOCK * for 4 SENT from 19 to 4 at 1316051254.019157 standard 1
AFTER_LOCK * for 4 SENT from 19 to 4 at 1316051254.019158 standard 1
AFTER_AFTER_LOCK * for 4 SENT from 19 to 4 at 1316051254.019228 standard 1
AFTER_LOCK2 * for 4 SENT from 19 to 4 at 1316051254.019229 standard 1
VSS_READY 185 for 4 SENT from 19 to 4 at 1316051254.019229 standard 1
BEFORE_LOCK * for 4 SENT from 19 to 5 at 1316051254.021731 standard 1
AFTER_LOCK * for 4 SENT from 19 to 5 at 1316051254.021732 standard 1
AFTER_AFTER_LOCK * for 4 SENT from 19 to 5 at 1316051254.021732 standard 1
AFTER_LOCK2 * for 4 SENT from 19 to 5 at 1316051254.021733 standard 1
VSS_READY 186 for 4 SENT from 19 to 5 at 1316051254.021733 standard 1
BEFORE_LOCK * for 4 SENT from 19 to 6 at 1316051254.024424 standard 1
AFTER_LOCK * for 4 SENT from 19 to 6 at 1316051254.024425 standard 1
AFTER_AFTER_LOCK * for 4 SENT from 19 to 6 at 1316051254.024496 standard 1
AFTER_LOCK2 * for 4 SENT from 19 to 6 at 1316051254.024496 standard 1
VSS_READY 187 for 4 SENT from 19 to 6 at 1316051254.024496 standard 1
BEFORE_LOCK * for 4 SENT from 19 to 7 at 1316051254.027095 standard 1
AFTER_LOCK * for 4 SENT from 19 to 7 at 1316051254.027096 standard 1
AFTER_AFTER_LOCK * for 4 SENT from 19 to 7 at 1316051254.027164 standard 1
AFTER_LOCK2 * for 4 SENT from 19 to 7 at 1316051254.027165 standard 1
VSS_READY 188 for 4 SENT from 19 to 7 at 1316051254.027165 standard 1
BEFORE_LOCK * for 4 SENT from 19 to 8 at 1316051254.029969 standard 1
AFTER_LOCK * for 4 SENT from 19 to 8 at 1316051254.029970 standard 1
AFTER_AFTER_LOCK * for 4 SENT from 19 to 8 at 1316051254.029970 standard 1
AFTER_LOCK2 * for 4 SENT from 19 to 8 at 1316051254.029970 standard 1
VSS_READY 189 for 4 SENT from 19 to 8 at 1316051254.029971 standard 1
BEFORE_LOCK * for 4 SENT from 19 to 9 at 1316051254.032658 standard 1
AFTER_LOCK * for 4 SENT from 19 to 9 at 1316051254.032659 standard 1
AFTER_AFTER_LOCK * for 4 SENT from 19 to 9 at 1316051254.032743 standard 1
AFTER_LOCK2 * for 4 SENT from 19 to 9 at 1316051254.032744 standard 1
VSS_READY 190 for 4 SENT from 19 to 9 at 1316051254.032744 standard 1
BEFORE_LOCK * for 4 SENT from 19 to 10 at 1316051254.035622 standard 1
AFTER_LOCK * for 4 SENT from 19 to 10 at 1316051254.035623 standard 1
AFTER_AFTER_LOCK * for 4 SENT from 19 to 10 at 1316051254.035706 standard 1
AFTER_LOCK2 * for 4 SENT from 19 to 10 at 1316051254.035707 standard 1
VSS_READY 191 for 4 SENT from 19 to 10 at 1316051254.035707 standard 1
BEFORE_LOCK * for 4 SENT from 19 to 11 at 1316051254.038306 standard 1
AFTER_LOCK * for 4 SENT from 19 to 11 at 1316051254.038307 standard 1
AFTER_AFTER_LOCK * for 4 SENT from 19 to 11 at 1316051254.038460 standard 1
AFTER_LOCK2 * for 4 SENT from 19 to 11 at 1316051254.038460 standard 1
VSS_READY 192 for 4 SENT from 19 to 11 at 1316051254.038461 standard 1
BEFORE_LOCK * for 4 SENT from 19 to 12 at 1316051254.041192 standard 1
AFTER_LOCK * for 4 SENT from 19 to 12 at 1316051254.041193 standard 1
AFTER_AFTER_LOCK * for 4 SENT from 19 to 12 at 1316051254.041264 standard 1
AFTER_LOCK2 * for 4 SENT from 19 to 12 at 1316051254.041264 standard 1
VSS_READY 193 for 4 SENT from 19 to 12 at 1316051254.041265 standard 1
BEFORE_LOCK * for 4 SENT from 19 to 13 at 1316051254.044114 standard 1
AFTER_LOCK * for 4 SENT from 19 to 13 at 1316051254.044115 standard 1
AFTER_AFTER_LOCK * for 4 SENT from 19 to 13 at 1316051254.044234 standard 1
AFTER_LOCK2 * for 4 SENT from 19 to 13 at 1316051254.044234 standard 1
VSS_READY 194 for 4 SENT from 19 to 13 at 1316051254.044235 standard 1
BEFORE_LOCK * for 4 SENT from 19 to 14 at 1316051254.046733 standard 1
AFTER_LOCK * for 4 SENT from 19 to 14 at 1316051254.046734 standard 1
AFTER_AFTER_LOCK * for 4 SENT from 19 to 14 at 1316051254.046816 standard 1
AFTER_LOCK2 * for 4 SENT from 19 to 14 at 1316051254.046817 standard 1
VSS_READY 195 for 4 SENT from 19 to 14 at 1316051254.046817 standard 1
BEFORE_LOCK * for 4 SENT from 19 to 15 at 1316051254.049449 standard 1
AFTER_LOCK * for 4 SENT from 19 to 15 at 1316051254.049450 standard 1
AFTER_AFTER_LOCK * for 4 SENT from 19 to 15 at 1316051254.049557 standard 1
AFTER_LOCK2 * for 4 SENT from 19 to 15 at 1316051254.049558 standard 1
VSS_READY 196 for 4 SENT from 19 to 15 at 1316051254.049558 standard 1
BEFORE_LOCK * for 4 SENT from 19 to 16 at 1316051254.052343 standard 1
AFTER_LOCK * for 4 SENT from 19 to 16 at 1316051254.052344 standard 1
AFTER_AFTER_LOCK * for 4 SENT from 19 to 16 at 1316051254.052485 standard 1
AFTER_LOCK2 * for 4 SENT from 19 to 16 at 1316051254.052486 standard 1
VSS_READY 197 for 4 SENT from 19 to 16 at 1316051254.052486 standard 1
BEFORE_LOCK * for 4 SENT from 19 to 17 at 1316051254.055496 standard 1
AFTER_LOCK * for 4 SENT from 19 to 17 at 1316051254.055497 standard 1
AFTER_AFTER_LOCK * for 4 SENT from 19 to 17 at 1316051254.055846 standard 1
AFTER_LOCK2 * for 4 SENT from 19 to 17 at 1316051254.055847 standard 1
VSS_READY 198 for 4 SENT from 19 to 17 at 1316051254.055847 standard 1
BEFORE_LOCK * for 4 SENT from 19 to 18 at 1316051254.058702 standard 1
AFTER_LOCK * for 4 SENT from 19 to 18 at 1316051254.058703 standard 1
AFTER_AFTER_LOCK * for 4 SENT from 19 to 18 at 1316051254.058816 standard 1
AFTER_LOCK2 * for 4 SENT from 19 to 18 at 1316051254.058817 standard 1
VSS_READY 199 for 4 SENT from 19 to 18 at 1316051254.058817 standard 1
BEFORE_LOCK * for 4 SENT from 19 to 19 at 1316051254.061703 standard 1
AFTER_LOCK * for 4 SENT from 19 to 19 at 1316051254.061703 standard 1
AFTER_AFTER_LOCK * for 4 SENT from 19 to 19 at 1316051254.061773 standard 1
AFTER_LOCK2 * for 4 SENT from 19 to 19 at 1316051254.061773 standard 1
VSS_READY 200 for 4 SENT from 19 to 19 at 1316051254.061773 standard 1
BEFORE_LOCK * for 4 SENT from 19 to 20 at 1316051254.064636 standard 1
AFTER_LOCK * for 4 SENT from 19 to 20 at 1316051254.064637 standard 1
AFTER_AFTER_LOCK * for 4 SENT from 19 to 20 at 1316051254.064739 standard 1
AFTER_LOCK2 * for 4 SENT from 19 to 20 at 1316051254.064739 standard 1
VSS_READY 201 for 4 SENT from 19 to 20 at 1316051254.064739 standard 1
VSS_READY 192 for 4 RECEIVED from 10 to 19 at 1316051254.064813
VSS_READY 193 for 4 RECEIVED from 14 to 19 at 1316051254.088576
VSS_ECHO 130 for 4 RECEIVED from 18 to 19 at 1316051254.112608
VSS_READY 200 for 4 RECEIVED from 19 to 19 at 1316051254.126875
VSS_READY 164 for 4 RECEIVED from 11 to 19 at 1316051254.151095
VSS_READY 131 for 4 RECEIVED from 4 to 19 at 1316051254.175278
VSS_ECHO 22 for 1 RECEIVED from 15 to 19 at 1316051254.199326
VSS_READY 214 for 4 RECEIVED from 12 to 19 at 1316051254.213270
VSS_READY 193 for 4 RECEIVED from 7 to 19 at 1316051254.236535
VSS_READY 193 for 4 RECEIVED from 16 to 19 at 1316051254.259611
VSS_READY 222 for 4 RECEIVED from 15 to 19 at 1316051254.282935



*============================================
*2ENOUGH VSS_READY message for 19 at 1316051254.282935
*Threshold : Ready = 12
*Received Ready Message Num = 12
*VSS Share is complete for dealer 4
============================================

BEFORE_LOCK * for 4 SENT from 19 to 1 at 1316051254.307265 standard 1
AFTER_LOCK * for 4 SENT from 19 to 1 at 1316051254.307266 standard 1
AFTER_AFTER_LOCK * for 4 SENT from 19 to 1 at 1316051254.307345 standard 1
AFTER_LOCK2 * for 4 SENT from 19 to 1 at 1316051254.307345 standard 1
VSS_SHARED 281 for 4 SENT from 19 to 1 at 1316051254.307368 standard 1
VSS_ECHO 22 for 1 RECEIVED from 6 to 19 at 1316051254.528166
VSS_READY 163 for 4 RECEIVED from 18 to 19 at 1316051254.543132
VSS_ECHO 511 for 5 RECEIVED from 1 to 19 at 1316051254.884606
VSS_SEND 21 for * RECEIVED from 5 to 19 at 1316051255.099948
VSSECHO_STAGE3 * for * SENT from * to * at 1316051255.125243
VSSECHO_STAGE4 * for * SENT from * to * at 1316051255.125337
BEFORE_LOCK * for 5 SENT from 19 to 1 at 1316051255.125344 standard 1
AFTER_LOCK * for 5 SENT from 19 to 1 at 1316051255.125345 standard 1
AFTER_AFTER_LOCK * for 5 SENT from 19 to 1 at 1316051255.125474 standard 1
AFTER_LOCK2 * for 5 SENT from 19 to 1 at 1316051255.125474 standard 1
VSS_ECHO 294 for 5 SENT from 19 to 1 at 1316051255.125501 standard 1
VSSECHO_STAGE3 * for * SENT from * to * at 1316051255.125519
VSSECHO_STAGE4 * for * SENT from * to * at 1316051255.125614
BEFORE_LOCK * for 5 SENT from 19 to 2 at 1316051255.125621 standard 1
AFTER_LOCK * for 5 SENT from 19 to 2 at 1316051255.125622 standard 1
AFTER_AFTER_LOCK * for 5 SENT from 19 to 2 at 1316051255.125623 standard 1
AFTER_LOCK2 * for 5 SENT from 19 to 2 at 1316051255.125623 standard 1
VSS_ECHO 295 for 5 SENT from 19 to 2 at 1316051255.125642 standard 1
VSSECHO_STAGE3 * for * SENT from * to * at 1316051255.125656
VSSECHO_STAGE4 * for * SENT from * to * at 1316051255.125744
BEFORE_LOCK * for 5 SENT from 19 to 3 at 1316051255.125750 standard 1
AFTER_LOCK * for 5 SENT from 19 to 3 at 1316051255.125751 standard 1
AFTER_AFTER_LOCK * for 5 SENT from 19 to 3 at 1316051255.125764 standard 1
AFTER_LOCK2 * for 5 SENT from 19 to 3 at 1316051255.125765 standard 1
VSS_ECHO 296 for 5 SENT from 19 to 3 at 1316051255.125790 standard 1
VSSECHO_STAGE3 * for * SENT from * to * at 1316051255.125805
VSSECHO_STAGE4 * for * SENT from * to * at 1316051255.125996
BEFORE_LOCK * for 5 SENT from 19 to 4 at 1316051255.126004 standard 1
AFTER_LOCK * for 5 SENT from 19 to 4 at 1316051255.126004 standard 1
AFTER_AFTER_LOCK * for 5 SENT from 19 to 4 at 1316051255.126016 standard 1
AFTER_LOCK2 * for 5 SENT from 19 to 4 at 1316051255.126016 standard 1
VSS_ECHO 297 for 5 SENT from 19 to 4 at 1316051255.126041 standard 1
VSSECHO_STAGE3 * for * SENT from * to * at 1316051255.126056
VSSECHO_STAGE4 * for * SENT from * to * at 1316051255.126145
BEFORE_LOCK * for 5 SENT from 19 to 5 at 1316051255.126152 standard 1
AFTER_LOCK * for 5 SENT from 19 to 5 at 1316051255.126152 standard 1
AFTER_AFTER_LOCK * for 5 SENT from 19 to 5 at 1316051255.126282 standard 1
AFTER_LOCK2 * for 5 SENT from 19 to 5 at 1316051255.126283 standard 1
VSS_ECHO 298 for 5 SENT from 19 to 5 at 1316051255.126313 standard 1
VSSECHO_STAGE3 * for * SENT from * to * at 1316051255.126327
VSSECHO_STAGE4 * for * SENT from * to * at 1316051255.126431
BEFORE_LOCK * for 5 SENT from 19 to 6 at 1316051255.126438 standard 1
AFTER_LOCK * for 5 SENT from 19 to 6 at 1316051255.126439 standard 1
AFTER_AFTER_LOCK * for 5 SENT from 19 to 6 at 1316051255.126450 standard 1
AFTER_LOCK2 * for 5 SENT from 19 to 6 at 1316051255.126451 standard 1
VSS_ECHO 299 for 5 SENT from 19 to 6 at 1316051255.126476 standard 1
VSSECHO_STAGE3 * for * SENT from * to * at 1316051255.126490
VSSECHO_STAGE4 * for * SENT from * to * at 1316051255.126584
BEFORE_LOCK * for 5 SENT from 19 to 7 at 1316051255.126591 standard 1
AFTER_LOCK * for 5 SENT from 19 to 7 at 1316051255.126592 standard 1
AFTER_AFTER_LOCK * for 5 SENT from 19 to 7 at 1316051255.126605 standard 1
AFTER_LOCK2 * for 5 SENT from 19 to 7 at 1316051255.126605 standard 1
VSS_ECHO 300 for 5 SENT from 19 to 7 at 1316051255.126647 standard 1
VSSECHO_STAGE3 * for * SENT from * to * at 1316051255.126662
VSSECHO_STAGE4 * for * SENT from * to * at 1316051255.126750
BEFORE_LOCK * for 5 SENT from 19 to 8 at 1316051255.126757 standard 1
AFTER_LOCK * for 5 SENT from 19 to 8 at 1316051255.126758 standard 1
AFTER_AFTER_LOCK * for 5 SENT from 19 to 8 at 1316051255.126758 standard 1
AFTER_LOCK2 * for 5 SENT from 19 to 8 at 1316051255.126758 standard 1
VSS_ECHO 301 for 5 SENT from 19 to 8 at 1316051255.126779 standard 1
VSSECHO_STAGE3 * for * SENT from * to * at 1316051255.127040
VSSECHO_STAGE4 * for * SENT from * to * at 1316051255.127131
BEFORE_LOCK * for 5 SENT from 19 to 9 at 1316051255.127138 standard 1
AFTER_LOCK * for 5 SENT from 19 to 9 at 1316051255.127139 standard 1
AFTER_AFTER_LOCK * for 5 SENT from 19 to 9 at 1316051255.127292 standard 1
AFTER_LOCK2 * for 5 SENT from 19 to 9 at 1316051255.127292 standard 1
VSS_ECHO 302 for 5 SENT from 19 to 9 at 1316051255.127317 standard 1
VSSECHO_STAGE3 * for * SENT from * to * at 1316051255.127331
VSSECHO_STAGE4 * for * SENT from * to * at 1316051255.127422
BEFORE_LOCK * for 5 SENT from 19 to 10 at 1316051255.127429 standard 1
AFTER_LOCK * for 5 SENT from 19 to 10 at 1316051255.127430 standard 1
AFTER_AFTER_LOCK * for 5 SENT from 19 to 10 at 1316051255.127443 standard 1
AFTER_LOCK2 * for 5 SENT from 19 to 10 at 1316051255.127443 standard 1
VSS_ECHO 303 for 5 SENT from 19 to 10 at 1316051255.127463 standard 1
VSSECHO_STAGE3 * for * SENT from * to * at 1316051255.127478
VSSECHO_STAGE4 * for * SENT from * to * at 1316051255.127566
BEFORE_LOCK * for 5 SENT from 19 to 11 at 1316051255.127573 standard 1
AFTER_LOCK * for 5 SENT from 19 to 11 at 1316051255.127573 standard 1
AFTER_AFTER_LOCK * for 5 SENT from 19 to 11 at 1316051255.127583 standard 1
AFTER_LOCK2 * for 5 SENT from 19 to 11 at 1316051255.127584 standard 1
VSS_ECHO 304 for 5 SENT from 19 to 11 at 1316051255.127612 standard 1
VSSECHO_STAGE3 * for * SENT from * to * at 1316051255.127631
VSSECHO_STAGE4 * for * SENT from * to * at 1316051255.127723
BEFORE_LOCK * for 5 SENT from 19 to 12 at 1316051255.127730 standard 1
AFTER_LOCK * for 5 SENT from 19 to 12 at 1316051255.127731 standard 1
AFTER_AFTER_LOCK * for 5 SENT from 19 to 12 at 1316051255.127742 standard 1
AFTER_LOCK2 * for 5 SENT from 19 to 12 at 1316051255.127743 standard 1
VSS_ECHO 305 for 5 SENT from 19 to 12 at 1316051255.127768 standard 1
VSSECHO_STAGE3 * for * SENT from * to * at 1316051255.127787
VSSECHO_STAGE4 * for * SENT from * to * at 1316051255.127881
BEFORE_LOCK * for 5 SENT from 19 to 13 at 1316051255.127888 standard 1
AFTER_LOCK * for 5 SENT from 19 to 13 at 1316051255.127889 standard 1
AFTER_AFTER_LOCK * for 5 SENT from 19 to 13 at 1316051255.127986 standard 1
AFTER_LOCK2 * for 5 SENT from 19 to 13 at 1316051255.127987 standard 1
VSS_ECHO 306 for 5 SENT from 19 to 13 at 1316051255.128012 standard 1
VSSECHO_STAGE3 * for * SENT from * to * at 1316051255.128030
VSSECHO_STAGE4 * for * SENT from * to * at 1316051255.128120
BEFORE_LOCK * for 5 SENT from 19 to 14 at 1316051255.128126 standard 1
AFTER_LOCK * for 5 SENT from 19 to 14 at 1316051255.128127 standard 1
AFTER_AFTER_LOCK * for 5 SENT from 19 to 14 at 1316051255.128138 standard 1
AFTER_LOCK2 * for 5 SENT from 19 to 14 at 1316051255.128139 standard 1
VSS_ECHO 307 for 5 SENT from 19 to 14 at 1316051255.128163 standard 1
VSSECHO_STAGE3 * for * SENT from * to * at 1316051255.128179
VSSECHO_STAGE4 * for * SENT from * to * at 1316051255.128275
BEFORE_LOCK * for 5 SENT from 19 to 15 at 1316051255.128283 standard 1
AFTER_LOCK * for 5 SENT from 19 to 15 at 1316051255.128283 standard 1
AFTER_AFTER_LOCK * for 5 SENT from 19 to 15 at 1316051255.128296 standard 1
AFTER_LOCK2 * for 5 SENT from 19 to 15 at 1316051255.128297 standard 1
VSS_ECHO 308 for 5 SENT from 19 to 15 at 1316051255.128317 standard 1
VSSECHO_STAGE3 * for * SENT from * to * at 1316051255.128331
VSSECHO_STAGE4 * for * SENT from * to * at 1316051255.128436
BEFORE_LOCK * for 5 SENT from 19 to 16 at 1316051255.128442 standard 1
AFTER_LOCK * for 5 SENT from 19 to 16 at 1316051255.128443 standard 1
AFTER_AFTER_LOCK * for 5 SENT from 19 to 16 at 1316051255.128453 standard 1
AFTER_LOCK2 * for 5 SENT from 19 to 16 at 1316051255.128453 standard 1
VSS_ECHO 309 for 5 SENT from 19 to 16 at 1316051255.128478 standard 1
VSSECHO_STAGE3 * for * SENT from * to * at 1316051255.128493
VSSECHO_STAGE4 * for * SENT from * to * at 1316051255.128582
BEFORE_LOCK * for 5 SENT from 19 to 17 at 1316051255.128590 standard 1
AFTER_LOCK * for 5 SENT from 19 to 17 at 1316051255.128591 standard 1
AFTER_AFTER_LOCK * for 5 SENT from 19 to 17 at 1316051255.128603 standard 1
AFTER_LOCK2 * for 5 SENT from 19 to 17 at 1316051255.128603 standard 1
VSS_ECHO 310 for 5 SENT from 19 to 17 at 1316051255.128625 standard 1
VSSECHO_STAGE3 * for * SENT from * to * at 1316051255.128639
VSSECHO_STAGE4 * for * SENT from * to * at 1316051255.128729
BEFORE_LOCK * for 5 SENT from 19 to 18 at 1316051255.128736 standard 1
AFTER_LOCK * for 5 SENT from 19 to 18 at 1316051255.128736 standard 1
AFTER_AFTER_LOCK * for 5 SENT from 19 to 18 at 1316051255.129365 standard 1
AFTER_LOCK2 * for 5 SENT from 19 to 18 at 1316051255.129366 standard 1
VSS_ECHO 311 for 5 SENT from 19 to 18 at 1316051255.129386 standard 1
VSSECHO_STAGE3 * for * SENT from * to * at 1316051255.129401
VSSECHO_STAGE4 * for * SENT from * to * at 1316051255.129489
BEFORE_LOCK * for 5 SENT from 19 to 19 at 1316051255.129496 standard 1
AFTER_LOCK * for 5 SENT from 19 to 19 at 1316051255.129496 standard 1
AFTER_AFTER_LOCK * for 5 SENT from 19 to 19 at 1316051255.129680 standard 1
AFTER_LOCK2 * for 5 SENT from 19 to 19 at 1316051255.129680 standard 1
VSS_ECHO 312 for 5 SENT from 19 to 19 at 1316051255.129706 standard 1
VSSECHO_STAGE3 * for * SENT from * to * at 1316051255.129721
VSSECHO_STAGE4 * for * SENT from * to * at 1316051255.129822
BEFORE_LOCK * for 5 SENT from 19 to 20 at 1316051255.129829 standard 1
AFTER_LOCK * for 5 SENT from 19 to 20 at 1316051255.129830 standard 1
AFTER_AFTER_LOCK * for 5 SENT from 19 to 20 at 1316051255.129843 standard 1
AFTER_LOCK2 * for 5 SENT from 19 to 20 at 1316051255.129843 standard 1
VSS_ECHO 313 for 5 SENT from 19 to 20 at 1316051255.129865 standard 1
VSS_ECHO 312 for 5 RECEIVED from 19 to 19 at 1316051255.129898
VSS_ECHO 49 for 1 RECEIVED from 5 to 19 at 1316051255.144621
VSS_READY 105 for 1 RECEIVED from 5 to 19 at 1316051255.203558



*============================================
*2ENOUGH VSS_READY message for 19 at 1316051255.203558
*Threshold : Ready = 12
*Received Ready Message Num = 12
*VSS Share is complete for dealer 1
============================================

BEFORE_LOCK * for 1 SENT from 19 to 1 at 1316051255.227972 standard 1
AFTER_LOCK * for 1 SENT from 19 to 1 at 1316051255.227973 standard 1
AFTER_AFTER_LOCK * for 1 SENT from 19 to 1 at 1316051255.228161 standard 1
AFTER_LOCK2 * for 1 SENT from 19 to 1 at 1316051255.228161 standard 1
VSS_SHARED 335 for 1 SENT from 19 to 1 at 1316051255.228183 standard 1
VSS_ECHO 290 for 4 RECEIVED from 4 to 19 at 1316051255.267460
VSS_READY 180 for 4 RECEIVED from 5 to 19 at 1316051255.426827
VSS_ECHO 309 for 5 RECEIVED from 11 to 19 at 1316051255.450751
VSS_ECHO 332 for 5 RECEIVED from 12 to 19 at 1316051255.580592
VSS_ECHO 338 for 5 RECEIVED from 7 to 19 at 1316051255.607316
VSS_ECHO 349 for 5 RECEIVED from 9 to 19 at 1316051255.620977
VSS_ECHO 350 for 5 RECEIVED from 10 to 19 at 1316051255.639038
VSS_ECHO 345 for 5 RECEIVED from 4 to 19 at 1316051255.652516
VSS_ECHO 351 for 5 RECEIVED from 14 to 19 at 1316051255.677823
VSS_ECHO 337 for 5 RECEIVED from 16 to 19 at 1316051255.691570
VSS_ECHO 226 for 4 RECEIVED from 5 to 19 at 1316051255.946022
VSS_ECHO 561 for 2 RECEIVED from 1 to 19 at 1316051256.224586
VSS_ECHO 385 for 2 RECEIVED from 9 to 19 at 1316051256.312719
VSS_ECHO 368 for 2 RECEIVED from 12 to 19 at 1316051256.332798
VSS_ECHO 386 for 2 RECEIVED from 10 to 19 at 1316051256.376856
VSS_SEND 21 for * RECEIVED from 2 to 19 at 1316051256.400675
VSSECHO_STAGE3 * for * SENT from * to * at 1316051256.426230
VSSECHO_STAGE4 * for * SENT from * to * at 1316051256.426353
BEFORE_LOCK * for 2 SENT from 19 to 1 at 1316051256.426362 standard 1
AFTER_LOCK * for 2 SENT from 19 to 1 at 1316051256.426364 standard 1
AFTER_AFTER_LOCK * for 2 SENT from 19 to 1 at 1316051256.426441 standard 1
AFTER_LOCK2 * for 2 SENT from 19 to 1 at 1316051256.426441 standard 1
VSS_ECHO 360 for 2 SENT from 19 to 1 at 1316051256.426464 standard 1
VSSECHO_STAGE3 * for * SENT from * to * at 1316051256.426480
VSSECHO_STAGE4 * for * SENT from * to * at 1316051256.426581
BEFORE_LOCK * for 2 SENT from 19 to 2 at 1316051256.426588 standard 1
AFTER_LOCK * for 2 SENT from 19 to 2 at 1316051256.426589 standard 1
AFTER_AFTER_LOCK * for 2 SENT from 19 to 2 at 1316051256.426598 standard 1
AFTER_LOCK2 * for 2 SENT from 19 to 2 at 1316051256.426599 standard 1
VSS_ECHO 361 for 2 SENT from 19 to 2 at 1316051256.426621 standard 1
VSSECHO_STAGE3 * for * SENT from * to * at 1316051256.426636
VSSECHO_STAGE4 * for * SENT from * to * at 1316051256.426726
BEFORE_LOCK * for 2 SENT from 19 to 3 at 1316051256.426733 standard 1
AFTER_LOCK * for 2 SENT from 19 to 3 at 1316051256.426734 standard 1
AFTER_AFTER_LOCK * for 2 SENT from 19 to 3 at 1316051256.426743 standard 1
AFTER_LOCK2 * for 2 SENT from 19 to 3 at 1316051256.426744 standard 1
VSS_ECHO 362 for 2 SENT from 19 to 3 at 1316051256.426769 standard 1
VSSECHO_STAGE3 * for * SENT from * to * at 1316051256.426786
VSSECHO_STAGE4 * for * SENT from * to * at 1316051256.426883
BEFORE_LOCK * for 2 SENT from 19 to 4 at 1316051256.426892 standard 1
AFTER_LOCK * for 2 SENT from 19 to 4 at 1316051256.426893 standard 1
AFTER_AFTER_LOCK * for 2 SENT from 19 to 4 at 1316051256.426909 standard 1
AFTER_LOCK2 * for 2 SENT from 19 to 4 at 1316051256.426910 standard 1
VSS_ECHO 363 for 2 SENT from 19 to 4 at 1316051256.426930 standard 1
VSSECHO_STAGE3 * for * SENT from * to * at 1316051256.426946
VSSECHO_STAGE4 * for * SENT from * to * at 1316051256.427040
BEFORE_LOCK * for 2 SENT from 19 to 5 at 1316051256.427047 standard 1
AFTER_LOCK * for 2 SENT from 19 to 5 at 1316051256.427048 standard 1
AFTER_AFTER_LOCK * for 2 SENT from 19 to 5 at 1316051256.427059 standard 1
AFTER_LOCK2 * for 2 SENT from 19 to 5 at 1316051256.427059 standard 1
VSS_ECHO 364 for 2 SENT from 19 to 5 at 1316051256.427080 standard 1
VSSECHO_STAGE3 * for * SENT from * to * at 1316051256.427095
VSSECHO_STAGE4 * for * SENT from * to * at 1316051256.427191
BEFORE_LOCK * for 2 SENT from 19 to 6 at 1316051256.427198 standard 1
AFTER_LOCK * for 2 SENT from 19 to 6 at 1316051256.427199 standard 1
AFTER_AFTER_LOCK * for 2 SENT from 19 to 6 at 1316051256.427289 standard 1
AFTER_LOCK2 * for 2 SENT from 19 to 6 at 1316051256.427289 standard 1
VSS_ECHO 365 for 2 SENT from 19 to 6 at 1316051256.427311 standard 1
VSSECHO_STAGE3 * for * SENT from * to * at 1316051256.427326
VSSECHO_STAGE4 * for * SENT from * to * at 1316051256.427416
BEFORE_LOCK * for 2 SENT from 19 to 7 at 1316051256.427422 standard 1
AFTER_LOCK * for 2 SENT from 19 to 7 at 1316051256.427423 standard 1
AFTER_AFTER_LOCK * for 2 SENT from 19 to 7 at 1316051256.427436 standard 1
AFTER_LOCK2 * for 2 SENT from 19 to 7 at 1316051256.427436 standard 1
VSS_ECHO 366 for 2 SENT from 19 to 7 at 1316051256.427459 standard 1
VSSECHO_STAGE3 * for * SENT from * to * at 1316051256.427474
VSSECHO_STAGE4 * for * SENT from * to * at 1316051256.427562
BEFORE_LOCK * for 2 SENT from 19 to 8 at 1316051256.427569 standard 1
AFTER_LOCK * for 2 SENT from 19 to 8 at 1316051256.427569 standard 1
AFTER_AFTER_LOCK * for 2 SENT from 19 to 8 at 1316051256.427570 standard 1
AFTER_LOCK2 * for 2 SENT from 19 to 8 at 1316051256.427570 standard 1
VSS_ECHO 367 for 2 SENT from 19 to 8 at 1316051256.427589 standard 1
VSSECHO_STAGE3 * for * SENT from * to * at 1316051256.427603
VSSECHO_STAGE4 * for * SENT from * to * at 1316051256.427690
BEFORE_LOCK * for 2 SENT from 19 to 9 at 1316051256.427696 standard 1
AFTER_LOCK * for 2 SENT from 19 to 9 at 1316051256.427697 standard 1
AFTER_AFTER_LOCK * for 2 SENT from 19 to 9 at 1316051256.427706 standard 1
AFTER_LOCK2 * for 2 SENT from 19 to 9 at 1316051256.427707 standard 1
VSS_ECHO 368 for 2 SENT from 19 to 9 at 1316051256.427747 standard 1
VSSECHO_STAGE3 * for * SENT from * to * at 1316051256.427763
VSSECHO_STAGE4 * for * SENT from * to * at 1316051256.427852
BEFORE_LOCK * for 2 SENT from 19 to 10 at 1316051256.427858 standard 1
AFTER_LOCK * for 2 SENT from 19 to 10 at 1316051256.427859 standard 1
AFTER_AFTER_LOCK * for 2 SENT from 19 to 10 at 1316051256.427868 standard 1
AFTER_LOCK2 * for 2 SENT from 19 to 10 at 1316051256.427869 standard 1
VSS_ECHO 369 for 2 SENT from 19 to 10 at 1316051256.427889 standard 1
VSSECHO_STAGE3 * for * SENT from * to * at 1316051256.427904
VSSECHO_STAGE4 * for * SENT from * to * at 1316051256.427992
BEFORE_LOCK * for 2 SENT from 19 to 11 at 1316051256.427999 standard 1
AFTER_LOCK * for 2 SENT from 19 to 11 at 1316051256.428000 standard 1
AFTER_AFTER_LOCK * for 2 SENT from 19 to 11 at 1316051256.428072 standard 1
AFTER_LOCK2 * for 2 SENT from 19 to 11 at 1316051256.428073 standard 1
VSS_ECHO 370 for 2 SENT from 19 to 11 at 1316051256.428094 standard 1
VSSECHO_STAGE3 * for * SENT from * to * at 1316051256.428109
VSSECHO_STAGE4 * for * SENT from * to * at 1316051256.428202
BEFORE_LOCK * for 2 SENT from 19 to 12 at 1316051256.428209 standard 1
AFTER_LOCK * for 2 SENT from 19 to 12 at 1316051256.428210 standard 1
AFTER_AFTER_LOCK * for 2 SENT from 19 to 12 at 1316051256.428219 standard 1
AFTER_LOCK2 * for 2 SENT from 19 to 12 at 1316051256.428219 standard 1
VSS_ECHO 371 for 2 SENT from 19 to 12 at 1316051256.428240 standard 1
VSSECHO_STAGE3 * for * SENT from * to * at 1316051256.428255
VSSECHO_STAGE4 * for * SENT from * to * at 1316051256.428347
BEFORE_LOCK * for 2 SENT from 19 to 13 at 1316051256.428354 standard 1
AFTER_LOCK * for 2 SENT from 19 to 13 at 1316051256.428355 standard 1
AFTER_AFTER_LOCK * for 2 SENT from 19 to 13 at 1316051256.428364 standard 1
AFTER_LOCK2 * for 2 SENT from 19 to 13 at 1316051256.428364 standard 1
VSS_ECHO 372 for 2 SENT from 19 to 13 at 1316051256.428385 standard 1
VSSECHO_STAGE3 * for * SENT from * to * at 1316051256.428401
VSSECHO_STAGE4 * for * SENT from * to * at 1316051256.428490
BEFORE_LOCK * for 2 SENT from 19 to 14 at 1316051256.428496 standard 1
AFTER_LOCK * for 2 SENT from 19 to 14 at 1316051256.428497 standard 1
AFTER_AFTER_LOCK * for 2 SENT from 19 to 14 at 1316051256.428508 standard 1
AFTER_LOCK2 * for 2 SENT from 19 to 14 at 1316051256.428509 standard 1
VSS_ECHO 373 for 2 SENT from 19 to 14 at 1316051256.428532 standard 1
VSSECHO_STAGE3 * for * SENT from * to * at 1316051256.428547
VSSECHO_STAGE4 * for * SENT from * to * at 1316051256.428636
BEFORE_LOCK * for 2 SENT from 19 to 15 at 1316051256.428642 standard 1
AFTER_LOCK * for 2 SENT from 19 to 15 at 1316051256.428643 standard 1
AFTER_AFTER_LOCK * for 2 SENT from 19 to 15 at 1316051256.428653 standard 1
AFTER_LOCK2 * for 2 SENT from 19 to 15 at 1316051256.428653 standard 1
VSS_ECHO 374 for 2 SENT from 19 to 15 at 1316051256.428674 standard 1
VSSECHO_STAGE3 * for * SENT from * to * at 1316051256.428688
VSSECHO_STAGE4 * for * SENT from * to * at 1316051256.428777
BEFORE_LOCK * for 2 SENT from 19 to 16 at 1316051256.428783 standard 1
AFTER_LOCK * for 2 SENT from 19 to 16 at 1316051256.428784 standard 1
AFTER_AFTER_LOCK * for 2 SENT from 19 to 16 at 1316051256.428853 standard 1
AFTER_LOCK2 * for 2 SENT from 19 to 16 at 1316051256.428853 standard 1
VSS_ECHO 375 for 2 SENT from 19 to 16 at 1316051256.428875 standard 1
VSSECHO_STAGE3 * for * SENT from * to * at 1316051256.428889
VSSECHO_STAGE4 * for * SENT from * to * at 1316051256.428982
BEFORE_LOCK * for 2 SENT from 19 to 17 at 1316051256.428989 standard 1
AFTER_LOCK * for 2 SENT from 19 to 17 at 1316051256.428990 standard 1
AFTER_AFTER_LOCK * for 2 SENT from 19 to 17 at 1316051256.428999 standard 1
AFTER_LOCK2 * for 2 SENT from 19 to 17 at 1316051256.428999 standard 1
VSS_ECHO 376 for 2 SENT from 19 to 17 at 1316051256.429021 standard 1
VSSECHO_STAGE3 * for * SENT from * to * at 1316051256.429040
VSSECHO_STAGE4 * for * SENT from * to * at 1316051256.429143
BEFORE_LOCK * for 2 SENT from 19 to 18 at 1316051256.429150 standard 1
AFTER_LOCK * for 2 SENT from 19 to 18 at 1316051256.429151 standard 1
AFTER_AFTER_LOCK * for 2 SENT from 19 to 18 at 1316051256.429159 standard 1
AFTER_LOCK2 * for 2 SENT from 19 to 18 at 1316051256.429160 standard 1
VSS_ECHO 377 for 2 SENT from 19 to 18 at 1316051256.429182 standard 1
VSSECHO_STAGE3 * for * SENT from * to * at 1316051256.429197
VSSECHO_STAGE4 * for * SENT from * to * at 1316051256.429287
BEFORE_LOCK * for 2 SENT from 19 to 19 at 1316051256.429293 standard 1
AFTER_LOCK * for 2 SENT from 19 to 19 at 1316051256.429294 standard 1
AFTER_AFTER_LOCK * for 2 SENT from 19 to 19 at 1316051256.429303 standard 1
AFTER_LOCK2 * for 2 SENT from 19 to 19 at 1316051256.429304 standard 1
VSS_ECHO 378 for 2 SENT from 19 to 19 at 1316051256.429325 standard 1
VSSECHO_STAGE3 * for * SENT from * to * at 1316051256.429340
VSSECHO_STAGE4 * for * SENT from * to * at 1316051256.429430
BEFORE_LOCK * for 2 SENT from 19 to 20 at 1316051256.429436 standard 1
AFTER_LOCK * for 2 SENT from 19 to 20 at 1316051256.429437 standard 1
AFTER_AFTER_LOCK * for 2 SENT from 19 to 20 at 1316051256.429446 standard 1
AFTER_LOCK2 * for 2 SENT from 19 to 20 at 1316051256.429447 standard 1
VSS_ECHO 379 for 2 SENT from 19 to 20 at 1316051256.429467 standard 1
VSS_ECHO 378 for 2 RECEIVED from 19 to 19 at 1316051256.429498
VSS_ECHO 358 for 2 RECEIVED from 11 to 19 at 1316051256.443129
VSS_ECHO 49 for 1 RECEIVED from 2 to 19 at 1316051256.456630
VSS_ECHO 372 for 2 RECEIVED from 17 to 19 at 1316051256.648000
VSS_ECHO 394 for 2 RECEIVED from 14 to 19 at 1316051256.661534
VSS_ECHO 409 for 2 RECEIVED from 4 to 19 at 1316051256.675196
VSS_ECHO 387 for 2 RECEIVED from 7 to 19 at 1316051256.688817
VSS_ECHO 386 for 2 RECEIVED from 16 to 19 at 1316051256.702379
VSS_ECHO 349 for 2 RECEIVED from 15 to 19 at 1316051256.715983



============================================
*ENOUGH VSS_ECHO message for 2 at 1316051256.715983
*Threshold : echo = 12
*Received Echo Message Num = 12
*Ready messages are sending out...
============================================

PRE_VSS_READY * for 2 SENT from 19 to 1 at 1316051256.735535 standard 1
BEFORE_LOCK * for 2 SENT from 19 to 1 at 1316051256.735546 standard 1
AFTER_LOCK * for 2 SENT from 19 to 1 at 1316051256.735547 standard 1
AFTER_AFTER_LOCK * for 2 SENT from 19 to 1 at 1316051256.735625 standard 1
AFTER_LOCK2 * for 2 SENT from 19 to 1 at 1316051256.735626 standard 1
VSS_READY 389 for 2 SENT from 19 to 1 at 1316051256.735626 standard 1
PRE_VSS_READY * for 2 SENT from 19 to 2 at 1316051256.738209 standard 1
BEFORE_LOCK * for 2 SENT from 19 to 2 at 1316051256.738218 standard 1
AFTER_LOCK * for 2 SENT from 19 to 2 at 1316051256.738218 standard 1
AFTER_AFTER_LOCK * for 2 SENT from 19 to 2 at 1316051256.738328 standard 1
AFTER_LOCK2 * for 2 SENT from 19 to 2 at 1316051256.738329 standard 1
VSS_READY 390 for 2 SENT from 19 to 2 at 1316051256.738329 standard 1
PRE_VSS_READY * for 2 SENT from 19 to 3 at 1316051256.740990 standard 1
BEFORE_LOCK * for 2 SENT from 19 to 3 at 1316051256.740999 standard 1
AFTER_LOCK * for 2 SENT from 19 to 3 at 1316051256.740999 standard 1
AFTER_AFTER_LOCK * for 2 SENT from 19 to 3 at 1316051256.741074 standard 1
AFTER_LOCK2 * for 2 SENT from 19 to 3 at 1316051256.741075 standard 1
VSS_READY 391 for 2 SENT from 19 to 3 at 1316051256.741075 standard 1
PRE_VSS_READY * for 2 SENT from 19 to 4 at 1316051256.743730 standard 1
BEFORE_LOCK * for 2 SENT from 19 to 4 at 1316051256.743739 standard 1
AFTER_LOCK * for 2 SENT from 19 to 4 at 1316051256.743740 standard 1
AFTER_AFTER_LOCK * for 2 SENT from 19 to 4 at 1316051256.743808 standard 1
AFTER_LOCK2 * for 2 SENT from 19 to 4 at 1316051256.743808 standard 1
VSS_READY 392 for 2 SENT from 19 to 4 at 1316051256.743809 standard 1
PRE_VSS_READY * for 2 SENT from 19 to 5 at 1316051256.746494 standard 1
BEFORE_LOCK * for 2 SENT from 19 to 5 at 1316051256.746503 standard 1
AFTER_LOCK * for 2 SENT from 19 to 5 at 1316051256.746504 standard 1
AFTER_AFTER_LOCK * for 2 SENT from 19 to 5 at 1316051256.746572 standard 1
AFTER_LOCK2 * for 2 SENT from 19 to 5 at 1316051256.746572 standard 1
VSS_READY 393 for 2 SENT from 19 to 5 at 1316051256.746573 standard 1
PRE_VSS_READY * for 2 SENT from 19 to 6 at 1316051256.749412 standard 1
BEFORE_LOCK * for 2 SENT from 19 to 6 at 1316051256.749421 standard 1
AFTER_LOCK * for 2 SENT from 19 to 6 at 1316051256.749422 standard 1
AFTER_AFTER_LOCK * for 2 SENT from 19 to 6 at 1316051256.749490 standard 1
AFTER_LOCK2 * for 2 SENT from 19 to 6 at 1316051256.749491 standard 1
VSS_READY 394 for 2 SENT from 19 to 6 at 1316051256.749491 standard 1
PRE_VSS_READY * for 2 SENT from 19 to 7 at 1316051256.752199 standard 1
BEFORE_LOCK * for 2 SENT from 19 to 7 at 1316051256.752209 standard 1
AFTER_LOCK * for 2 SENT from 19 to 7 at 1316051256.752209 standard 1
AFTER_AFTER_LOCK * for 2 SENT from 19 to 7 at 1316051256.752317 standard 1
AFTER_LOCK2 * for 2 SENT from 19 to 7 at 1316051256.752317 standard 1
VSS_READY 395 for 2 SENT from 19 to 7 at 1316051256.752317 standard 1
PRE_VSS_READY * for 2 SENT from 19 to 8 at 1316051256.754801 standard 1
BEFORE_LOCK * for 2 SENT from 19 to 8 at 1316051256.754810 standard 1
AFTER_LOCK * for 2 SENT from 19 to 8 at 1316051256.754811 standard 1
AFTER_AFTER_LOCK * for 2 SENT from 19 to 8 at 1316051256.754811 standard 1
AFTER_LOCK2 * for 2 SENT from 19 to 8 at 1316051256.754811 standard 1
VSS_READY 396 for 2 SENT from 19 to 8 at 1316051256.754812 standard 1
PRE_VSS_READY * for 2 SENT from 19 to 9 at 1316051256.757386 standard 1
BEFORE_LOCK * for 2 SENT from 19 to 9 at 1316051256.757396 standard 1
AFTER_LOCK * for 2 SENT from 19 to 9 at 1316051256.757396 standard 1
AFTER_AFTER_LOCK * for 2 SENT from 19 to 9 at 1316051256.757466 standard 1
AFTER_LOCK2 * for 2 SENT from 19 to 9 at 1316051256.757466 standard 1
VSS_READY 397 for 2 SENT from 19 to 9 at 1316051256.757467 standard 1
PRE_VSS_READY * for 2 SENT from 19 to 10 at 1316051256.760190 standard 1
BEFORE_LOCK * for 2 SENT from 19 to 10 at 1316051256.760199 standard 1
AFTER_LOCK * for 2 SENT from 19 to 10 at 1316051256.760200 standard 1
AFTER_AFTER_LOCK * for 2 SENT from 19 to 10 at 1316051256.760393 standard 1
AFTER_LOCK2 * for 2 SENT from 19 to 10 at 1316051256.760394 standard 1
VSS_READY 398 for 2 SENT from 19 to 10 at 1316051256.760394 standard 1
PRE_VSS_READY * for 2 SENT from 19 to 11 at 1316051256.762986 standard 1
BEFORE_LOCK * for 2 SENT from 19 to 11 at 1316051256.762995 standard 1
AFTER_LOCK * for 2 SENT from 19 to 11 at 1316051256.762996 standard 1
AFTER_AFTER_LOCK * for 2 SENT from 19 to 11 at 1316051256.763096 standard 1
AFTER_LOCK2 * for 2 SENT from 19 to 11 at 1316051256.763097 standard 1
VSS_READY 399 for 2 SENT from 19 to 11 at 1316051256.763097 standard 1
PRE_VSS_READY * for 2 SENT from 19 to 12 at 1316051256.765648 standard 1
BEFORE_LOCK * for 2 SENT from 19 to 12 at 1316051256.765657 standard 1
AFTER_LOCK * for 2 SENT from 19 to 12 at 1316051256.765658 standard 1
AFTER_AFTER_LOCK * for 2 SENT from 19 to 12 at 1316051256.765727 standard 1
AFTER_LOCK2 * for 2 SENT from 19 to 12 at 1316051256.765727 standard 1
VSS_READY 400 for 2 SENT from 19 to 12 at 1316051256.765728 standard 1
PRE_VSS_READY * for 2 SENT from 19 to 13 at 1316051256.768368 standard 1
BEFORE_LOCK * for 2 SENT from 19 to 13 at 1316051256.768377 standard 1
AFTER_LOCK * for 2 SENT from 19 to 13 at 1316051256.768378 standard 1
AFTER_AFTER_LOCK * for 2 SENT from 19 to 13 at 1316051256.768447 standard 1
AFTER_LOCK2 * for 2 SENT from 19 to 13 at 1316051256.768447 standard 1
VSS_READY 401 for 2 SENT from 19 to 13 at 1316051256.768448 standard 1
PRE_VSS_READY * for 2 SENT from 19 to 14 at 1316051256.771002 standard 1
BEFORE_LOCK * for 2 SENT from 19 to 14 at 1316051256.771011 standard 1
AFTER_LOCK * for 2 SENT from 19 to 14 at 1316051256.771011 standard 1
AFTER_AFTER_LOCK * for 2 SENT from 19 to 14 at 1316051256.771087 standard 1
AFTER_LOCK2 * for 2 SENT from 19 to 14 at 1316051256.771088 standard 1
VSS_READY 402 for 2 SENT from 19 to 14 at 1316051256.771088 standard 1
PRE_VSS_READY * for 2 SENT from 19 to 15 at 1316051256.773918 standard 1
BEFORE_LOCK * for 2 SENT from 19 to 15 at 1316051256.773944 standard 1
AFTER_LOCK * for 2 SENT from 19 to 15 at 1316051256.773945 standard 1
AFTER_AFTER_LOCK * for 2 SENT from 19 to 15 at 1316051256.774054 standard 1
AFTER_LOCK2 * for 2 SENT from 19 to 15 at 1316051256.774054 standard 1
VSS_READY 403 for 2 SENT from 19 to 15 at 1316051256.774054 standard 1
PRE_VSS_READY * for 2 SENT from 19 to 16 at 1316051256.776795 standard 1
BEFORE_LOCK * for 2 SENT from 19 to 16 at 1316051256.776805 standard 1
AFTER_LOCK * for 2 SENT from 19 to 16 at 1316051256.776806 standard 1
AFTER_AFTER_LOCK * for 2 SENT from 19 to 16 at 1316051256.776951 standard 1
AFTER_LOCK2 * for 2 SENT from 19 to 16 at 1316051256.776951 standard 1
VSS_READY 404 for 2 SENT from 19 to 16 at 1316051256.776952 standard 1
PRE_VSS_READY * for 2 SENT from 19 to 17 at 1316051256.779486 standard 1
BEFORE_LOCK * for 2 SENT from 19 to 17 at 1316051256.779495 standard 1
AFTER_LOCK * for 2 SENT from 19 to 17 at 1316051256.779496 standard 1
AFTER_AFTER_LOCK * for 2 SENT from 19 to 17 at 1316051256.779603 standard 1
AFTER_LOCK2 * for 2 SENT from 19 to 17 at 1316051256.779603 standard 1
VSS_READY 405 for 2 SENT from 19 to 17 at 1316051256.779603 standard 1
PRE_VSS_READY * for 2 SENT from 19 to 18 at 1316051256.782381 standard 1
BEFORE_LOCK * for 2 SENT from 19 to 18 at 1316051256.782391 standard 1
AFTER_LOCK * for 2 SENT from 19 to 18 at 1316051256.782392 standard 1
AFTER_AFTER_LOCK * for 2 SENT from 19 to 18 at 1316051256.782474 standard 1
AFTER_LOCK2 * for 2 SENT from 19 to 18 at 1316051256.782474 standard 1
VSS_READY 406 for 2 SENT from 19 to 18 at 1316051256.782475 standard 1
PRE_VSS_READY * for 2 SENT from 19 to 19 at 1316051256.785045 standard 1
BEFORE_LOCK * for 2 SENT from 19 to 19 at 1316051256.785054 standard 1
AFTER_LOCK * for 2 SENT from 19 to 19 at 1316051256.785055 standard 1
AFTER_AFTER_LOCK * for 2 SENT from 19 to 19 at 1316051256.785123 standard 1
AFTER_LOCK2 * for 2 SENT from 19 to 19 at 1316051256.785124 standard 1
VSS_READY 407 for 2 SENT from 19 to 19 at 1316051256.785124 standard 1
PRE_VSS_READY * for 2 SENT from 19 to 20 at 1316051256.787847 standard 1
BEFORE_LOCK * for 2 SENT from 19 to 20 at 1316051256.787856 standard 1
AFTER_LOCK * for 2 SENT from 19 to 20 at 1316051256.787856 standard 1
AFTER_AFTER_LOCK * for 2 SENT from 19 to 20 at 1316051256.787926 standard 1
AFTER_LOCK2 * for 2 SENT from 19 to 20 at 1316051256.787926 standard 1
VSS_READY 408 for 2 SENT from 19 to 20 at 1316051256.787927 standard 1
VSS_READY 602 for 2 RECEIVED from 1 to 19 at 1316051256.787978
VSS_READY 417 for 2 RECEIVED from 9 to 19 at 1316051256.811314
VSS_READY 445 for 2 RECEIVED from 10 to 19 at 1316051256.834404
VSS_READY 407 for 2 RECEIVED from 19 to 19 at 1316051256.857888
VSS_READY 397 for 2 RECEIVED from 11 to 19 at 1316051256.882294
VSS_READY 276 for 2 RECEIVED from 5 to 19 at 1316051256.905670
VSS_READY 105 for 1 RECEIVED from 2 to 19 at 1316051256.929001
VSS_READY 443 for 2 RECEIVED from 12 to 19 at 1316051256.952147
VSS_READY 440 for 2 RECEIVED from 17 to 19 at 1316051256.975462
VSS_READY 454 for 2 RECEIVED from 14 to 19 at 1316051256.999062
VSS_READY 439 for 2 RECEIVED from 4 to 19 at 1316051257.022213
VSS_READY 418 for 2 RECEIVED from 7 to 19 at 1316051257.045314
DKG_SEND 851 for * RECEIVED from 1 to 19 at 1316051257.068632
DKG_ECHO 552 for 1 SENT from 19 to 1 at 1316051257.235226 standard 1
DKG_ECHO 553 for 1 SENT from 19 to 2 at 1316051257.237824 standard 1
DKG_ECHO 554 for 1 SENT from 19 to 3 at 1316051257.240417 standard 1
DKG_ECHO 555 for 1 SENT from 19 to 4 at 1316051257.243063 standard 1
DKG_ECHO 556 for 1 SENT from 19 to 5 at 1316051257.245611 standard 1
DKG_ECHO 557 for 1 SENT from 19 to 6 at 1316051257.248120 standard 1
DKG_ECHO 558 for 1 SENT from 19 to 7 at 1316051257.250685 standard 1
DKG_ECHO 559 for 1 SENT from 19 to 8 at 1316051257.253132 standard 1
DKG_ECHO 560 for 1 SENT from 19 to 9 at 1316051257.255623 standard 1
DKG_ECHO 561 for 1 SENT from 19 to 10 at 1316051257.258182 standard 1
DKG_ECHO 562 for 1 SENT from 19 to 11 at 1316051257.260917 standard 1
DKG_ECHO 563 for 1 SENT from 19 to 12 at 1316051257.263457 standard 1
DKG_ECHO 564 for 1 SENT from 19 to 13 at 1316051257.266085 standard 1
DKG_ECHO 565 for 1 SENT from 19 to 14 at 1316051257.268606 standard 1
DKG_ECHO 566 for 1 SENT from 19 to 15 at 1316051257.271219 standard 1
DKG_ECHO 567 for 1 SENT from 19 to 16 at 1316051257.273686 standard 1
DKG_ECHO 568 for 1 SENT from 19 to 17 at 1316051257.276320 standard 1
DKG_ECHO 569 for 1 SENT from 19 to 18 at 1316051257.278761 standard 1
DKG_ECHO 570 for 1 SENT from 19 to 19 at 1316051257.281257 standard 1
DKG_ECHO 571 for 1 SENT from 19 to 20 at 1316051257.283798 standard 1
DKG_ECHO 554 for 1 RECEIVED from 12 to 19 at 1316051257.283824
DKG_ECHO 603 for 1 RECEIVED from 9 to 19 at 1316051257.286955
DKG_ECHO 583 for 1 RECEIVED from 17 to 19 at 1316051257.289968
DKG_ECHO 603 for 1 RECEIVED from 10 to 19 at 1316051257.293053
DKG_ECHO 604 for 1 RECEIVED from 7 to 19 at 1316051257.295968
VSS_READY 461 for 2 RECEIVED from 16 to 19 at 1316051257.298909



*============================================
*2ENOUGH VSS_READY message for 19 at 1316051257.298909
*Threshold : Ready = 12
*Received Ready Message Num = 12
*VSS Share is complete for dealer 2
============================================

BEFORE_LOCK * for 2 SENT from 19 to 1 at 1316051257.323682 standard 1
AFTER_LOCK * for 2 SENT from 19 to 1 at 1316051257.323683 standard 1
AFTER_AFTER_LOCK * for 2 SENT from 19 to 1 at 1316051257.323757 standard 1
AFTER_LOCK2 * for 2 SENT from 19 to 1 at 1316051257.323757 standard 1
VSS_SHARED 648 for 2 SENT from 19 to 1 at 1316051257.323780 standard 1
DKG_ECHO 570 for 1 RECEIVED from 19 to 19 at 1316051257.323821
DKG_ECHO 918 for 1 RECEIVED from 1 to 19 at 1316051257.326689
DKG_ECHO 604 for 1 RECEIVED from 14 to 19 at 1316051257.329774
VSS_READY 168 for 2 RECEIVED from 2 to 19 at 1316051257.342845
DKG_ECHO 602 for 1 RECEIVED from 4 to 19 at 1316051257.391391
DKG_ECHO 575 for 1 RECEIVED from 11 to 19 at 1316051257.422393
DKG_ECHO 431 for 1 RECEIVED from 5 to 19 at 1316051257.438209
DKG_ECHO 581 for 1 RECEIVED from 16 to 19 at 1316051257.542045



============================================
*ENOUGH DKG_ECHO message for 19 at 1316051257.542045
*Threshold : Echo = 12
*Received Echo Message Num = 12
*DKG_Readys are sent out...
============================================

DKG_READY 735 for 1 SENT from 19 to 1 at 1316051257.548507 standard 1
DKG_READY 736 for 1 SENT from 19 to 2 at 1316051257.551270 standard 1
DKG_READY 737 for 1 SENT from 19 to 3 at 1316051257.554302 standard 1
DKG_READY 738 for 1 SENT from 19 to 4 at 1316051257.556760 standard 1
DKG_READY 739 for 1 SENT from 19 to 5 at 1316051257.559642 standard 1
DKG_READY 740 for 1 SENT from 19 to 6 at 1316051257.562320 standard 1
DKG_READY 741 for 1 SENT from 19 to 7 at 1316051257.565077 standard 1
DKG_READY 742 for 1 SENT from 19 to 8 at 1316051257.567564 standard 1
DKG_READY 743 for 1 SENT from 19 to 9 at 1316051257.570315 standard 1
DKG_READY 744 for 1 SENT from 19 to 10 at 1316051257.572998 standard 1
DKG_READY 745 for 1 SENT from 19 to 11 at 1316051257.575778 standard 1
DKG_READY 746 for 1 SENT from 19 to 12 at 1316051257.578446 standard 1
DKG_READY 747 for 1 SENT from 19 to 13 at 1316051257.580915 standard 1
DKG_READY 748 for 1 SENT from 19 to 14 at 1316051257.583688 standard 1
DKG_READY 749 for 1 SENT from 19 to 15 at 1316051257.586024 standard 1
DKG_READY 750 for 1 SENT from 19 to 16 at 1316051257.588695 standard 1
DKG_READY 751 for 1 SENT from 19 to 17 at 1316051257.591339 standard 1
DKG_READY 752 for 1 SENT from 19 to 18 at 1316051257.594143 standard 1
DKG_READY 753 for 1 SENT from 19 to 19 at 1316051257.596958 standard 1
DKG_READY 754 for 1 SENT from 19 to 20 at 1316051257.599743 standard 1
DKG_READY 753 for 1 RECEIVED from 19 to 19 at 1316051257.599774
DKG_READY 1078 for 1 RECEIVED from 1 to 19 at 1316051257.602730
DKG_READY 788 for 1 RECEIVED from 9 to 19 at 1316051257.618640
DKG_READY 764 for 1 RECEIVED from 7 to 19 at 1316051257.623422
DKG_READY 763 for 1 RECEIVED from 10 to 19 at 1316051257.635650
DKG_READY 735 for 1 RECEIVED from 11 to 19 at 1316051257.679436
DKG_READY 768 for 1 RECEIVED from 17 to 19 at 1316051257.682457
VSS_READY 410 for 2 RECEIVED from 15 to 19 at 1316051257.687098
DKG_READY 764 for 1 RECEIVED from 14 to 19 at 1316051257.711857
DKG_READY 638 for 1 RECEIVED from 5 to 19 at 1316051257.732969
DKG_READY 781 for 1 RECEIVED from 12 to 19 at 1316051257.736498
DKG_READY 785 for 1 RECEIVED from 4 to 19 at 1316051257.768868
VSS_ECHO 779 for 5 RECEIVED from 5 to 19 at 1316051257.823903
VSS_ECHO 1248 for 3 RECEIVED from 1 to 19 at 1316051257.838879
VSS_ECHO 968 for 3 RECEIVED from 9 to 19 at 1316051257.858938
DKG_ECHO 518 for 1 RECEIVED from 15 to 19 at 1316051257.929903
DKG_READY 789 for 1 RECEIVED from 16 to 19 at 1316051257.940646



============================================
*2ENOUGH DKG_READY message for 19 at 1316051257.940646
*Threshold : Ready = 12
*Received Ready Message Num = 12
============================================

DKG_COMPLETE * for 1 RS from 19 to * at 1316051257.940646 :)
