-Run node 17 starting at 1316051239.338861 with version 5.2
-Function node 17 starting at 1316051249.339062
LEADER_CHANGE 1 for * SENT from 17 to 1 at 1316051249.341152 standard 1
VSS_SEND 19 for * RECEIVED from 1 to 17 at 1316051249.342076
VSSECHO_STAGE3 * for * SENT from * to * at 1316051249.360969
VSSECHO_STAGE4 * for * SENT from * to * at 1316051249.361039
BEFORE_LOCK * for 1 SENT from 17 to 1 at 1316051249.361044 standard 1
AFTER_LOCK * for 1 SENT from 17 to 1 at 1316051249.361045 standard 1
AFTER_AFTER_LOCK * for 1 SENT from 17 to 1 at 1316051249.361107 standard 1
AFTER_LOCK2 * for 1 SENT from 17 to 1 at 1316051249.361108 standard 1
VSS_ECHO 4 for 1 SENT from 17 to 1 at 1316051249.361125 standard 1
VSSECHO_STAGE3 * for * SENT from * to * at 1316051249.361138
VSSECHO_STAGE4 * for * SENT from * to * at 1316051249.361206
BEFORE_LOCK * for 1 SENT from 17 to 2 at 1316051249.361212 standard 1
AFTER_LOCK * for 1 SENT from 17 to 2 at 1316051249.361213 standard 1
AFTER_AFTER_LOCK * for 1 SENT from 17 to 2 at 1316051249.361231 standard 1
AFTER_LOCK2 * for 1 SENT from 17 to 2 at 1316051249.361232 standard 1
VSS_ECHO 5 for 1 SENT from 17 to 2 at 1316051249.361248 standard 1
VSSECHO_STAGE3 * for * SENT from * to * at 1316051249.361260
VSSECHO_STAGE4 * for * SENT from * to * at 1316051249.361328
BEFORE_LOCK * for 1 SENT from 17 to 3 at 1316051249.361333 standard 1
AFTER_LOCK * for 1 SENT from 17 to 3 at 1316051249.361334 standard 1
AFTER_AFTER_LOCK * for 1 SENT from 17 to 3 at 1316051249.361420 standard 1
AFTER_LOCK2 * for 1 SENT from 17 to 3 at 1316051249.361421 standard 1
VSS_ECHO 6 for 1 SENT from 17 to 3 at 1316051249.361437 standard 1
VSSECHO_STAGE3 * for * SENT from * to * at 1316051249.361463
VSSECHO_STAGE4 * for * SENT from * to * at 1316051249.361558
BEFORE_LOCK * for 1 SENT from 17 to 4 at 1316051249.361565 standard 1
AFTER_LOCK * for 1 SENT from 17 to 4 at 1316051249.361566 standard 1
AFTER_AFTER_LOCK * for 1 SENT from 17 to 4 at 1316051249.361684 standard 1
AFTER_LOCK2 * for 1 SENT from 17 to 4 at 1316051249.361685 standard 1
VSS_ECHO 7 for 1 SENT from 17 to 4 at 1316051249.361702 standard 1
VSSECHO_STAGE3 * for * SENT from * to * at 1316051249.361715
VSSECHO_STAGE4 * for * SENT from * to * at 1316051249.361785
BEFORE_LOCK * for 1 SENT from 17 to 5 at 1316051249.361791 standard 1
AFTER_LOCK * for 1 SENT from 17 to 5 at 1316051249.361792 standard 1
AFTER_AFTER_LOCK * for 1 SENT from 17 to 5 at 1316051249.361816 standard 1
AFTER_LOCK2 * for 1 SENT from 17 to 5 at 1316051249.361817 standard 1
VSS_ECHO 8 for 1 SENT from 17 to 5 at 1316051249.361833 standard 1
VSSECHO_STAGE3 * for * SENT from * to * at 1316051249.361845
VSSECHO_STAGE4 * for * SENT from * to * at 1316051249.361913
BEFORE_LOCK * for 1 SENT from 17 to 6 at 1316051249.361918 standard 1
AFTER_LOCK * for 1 SENT from 17 to 6 at 1316051249.361919 standard 1
AFTER_AFTER_LOCK * for 1 SENT from 17 to 6 at 1316051249.361975 standard 1
AFTER_LOCK2 * for 1 SENT from 17 to 6 at 1316051249.361975 standard 1
VSS_ECHO 9 for 1 SENT from 17 to 6 at 1316051249.361991 standard 1
VSSECHO_STAGE3 * for * SENT from * to * at 1316051249.362003
VSSECHO_STAGE4 * for * SENT from * to * at 1316051249.362071
BEFORE_LOCK * for 1 SENT from 17 to 7 at 1316051249.362076 standard 1
AFTER_LOCK * for 1 SENT from 17 to 7 at 1316051249.362077 standard 1
AFTER_AFTER_LOCK * for 1 SENT from 17 to 7 at 1316051249.362094 standard 1
AFTER_LOCK2 * for 1 SENT from 17 to 7 at 1316051249.362094 standard 1
VSS_ECHO 10 for 1 SENT from 17 to 7 at 1316051249.362110 standard 1
VSSECHO_STAGE3 * for * SENT from * to * at 1316051249.362122
VSSECHO_STAGE4 * for * SENT from * to * at 1316051249.362192
BEFORE_LOCK * for 1 SENT from 17 to 8 at 1316051249.362197 standard 1
AFTER_LOCK * for 1 SENT from 17 to 8 at 1316051249.362198 standard 1
AFTER_AFTER_LOCK * for 1 SENT from 17 to 8 at 1316051249.362215 standard 1
AFTER_LOCK2 * for 1 SENT from 17 to 8 at 1316051249.362216 standard 1
VSS_ECHO 11 for 1 SENT from 17 to 8 at 1316051249.362231 standard 1
VSSECHO_STAGE3 * for * SENT from * to * at 1316051249.362243
VSSECHO_STAGE4 * for * SENT from * to * at 1316051249.362310
BEFORE_LOCK * for 1 SENT from 17 to 9 at 1316051249.362325 standard 1
AFTER_LOCK * for 1 SENT from 17 to 9 at 1316051249.362326 standard 1
AFTER_AFTER_LOCK * for 1 SENT from 17 to 9 at 1316051249.362345 standard 1
AFTER_LOCK2 * for 1 SENT from 17 to 9 at 1316051249.362346 standard 1
VSS_ECHO 12 for 1 SENT from 17 to 9 at 1316051249.362362 standard 1
VSSECHO_STAGE3 * for * SENT from * to * at 1316051249.362374
VSSECHO_STAGE4 * for * SENT from * to * at 1316051249.362441
BEFORE_LOCK * for 1 SENT from 17 to 10 at 1316051249.362446 standard 1
AFTER_LOCK * for 1 SENT from 17 to 10 at 1316051249.362447 standard 1
AFTER_AFTER_LOCK * for 1 SENT from 17 to 10 at 1316051249.362933 standard 1
AFTER_LOCK2 * for 1 SENT from 17 to 10 at 1316051249.362934 standard 1
VSS_ECHO 13 for 1 SENT from 17 to 10 at 1316051249.362964 standard 1
VSSECHO_STAGE3 * for * SENT from * to * at 1316051249.362987
VSSECHO_STAGE4 * for * SENT from * to * at 1316051249.363071
BEFORE_LOCK * for 1 SENT from 17 to 11 at 1316051249.363077 standard 1
AFTER_LOCK * for 1 SENT from 17 to 11 at 1316051249.363078 standard 1
AFTER_AFTER_LOCK * for 1 SENT from 17 to 11 at 1316051249.363974 standard 1
AFTER_LOCK2 * for 1 SENT from 17 to 11 at 1316051249.363975 standard 1
VSS_ECHO 14 for 1 SENT from 17 to 11 at 1316051249.363997 standard 1
VSSECHO_STAGE3 * for * SENT from * to * at 1316051249.364028
VSSECHO_STAGE4 * for * SENT from * to * at 1316051249.364112
BEFORE_LOCK * for 1 SENT from 17 to 12 at 1316051249.364123 standard 1
AFTER_LOCK * for 1 SENT from 17 to 12 at 1316051249.364124 standard 1
AFTER_AFTER_LOCK * for 1 SENT from 17 to 12 at 1316051249.364137 standard 1
AFTER_LOCK2 * for 1 SENT from 17 to 12 at 1316051249.364138 standard 1
VSS_ECHO 15 for 1 SENT from 17 to 12 at 1316051249.364157 standard 1
VSSECHO_STAGE3 * for * SENT from * to * at 1316051249.364169
VSSECHO_STAGE4 * for * SENT from * to * at 1316051249.364448
BEFORE_LOCK * for 1 SENT from 17 to 13 at 1316051249.364455 standard 1
AFTER_LOCK * for 1 SENT from 17 to 13 at 1316051249.364456 standard 1
AFTER_AFTER_LOCK * for 1 SENT from 17 to 13 at 1316051249.364467 standard 1
AFTER_LOCK2 * for 1 SENT from 17 to 13 at 1316051249.364468 standard 1
VSS_ECHO 16 for 1 SENT from 17 to 13 at 1316051249.364484 standard 1
VSSECHO_STAGE3 * for * SENT from * to * at 1316051249.364497
VSSECHO_STAGE4 * for * SENT from * to * at 1316051249.364566
BEFORE_LOCK * for 1 SENT from 17 to 14 at 1316051249.364571 standard 1
AFTER_LOCK * for 1 SENT from 17 to 14 at 1316051249.364572 standard 1
AFTER_AFTER_LOCK * for 1 SENT from 17 to 14 at 1316051249.364583 standard 1
AFTER_LOCK2 * for 1 SENT from 17 to 14 at 1316051249.364584 standard 1
VSS_ECHO 17 for 1 SENT from 17 to 14 at 1316051249.364599 standard 1
VSSECHO_STAGE3 * for * SENT from * to * at 1316051249.364611
VSSECHO_STAGE4 * for * SENT from * to * at 1316051249.364683
BEFORE_LOCK * for 1 SENT from 17 to 15 at 1316051249.364688 standard 1
AFTER_LOCK * for 1 SENT from 17 to 15 at 1316051249.364689 standard 1
AFTER_AFTER_LOCK * for 1 SENT from 17 to 15 at 1316051249.365281 standard 1
AFTER_LOCK2 * for 1 SENT from 17 to 15 at 1316051249.365282 standard 1
VSS_ECHO 18 for 1 SENT from 17 to 15 at 1316051249.365333 standard 1
VSSECHO_STAGE3 * for * SENT from * to * at 1316051249.365370
VSSECHO_STAGE4 * for * SENT from * to * at 1316051249.365458
BEFORE_LOCK * for 1 SENT from 17 to 16 at 1316051249.365465 standard 1
AFTER_LOCK * for 1 SENT from 17 to 16 at 1316051249.365466 standard 1
AFTER_AFTER_LOCK * for 1 SENT from 17 to 16 at 1316051249.366204 standard 1
AFTER_LOCK2 * for 1 SENT from 17 to 16 at 1316051249.366205 standard 1
VSS_ECHO 19 for 1 SENT from 17 to 16 at 1316051249.366256 standard 1
VSSECHO_STAGE3 * for * SENT from * to * at 1316051249.366294
VSSECHO_STAGE4 * for * SENT from * to * at 1316051249.366383
BEFORE_LOCK * for 1 SENT from 17 to 17 at 1316051249.366389 standard 1
AFTER_LOCK * for 1 SENT from 17 to 17 at 1316051249.366391 standard 1
AFTER_AFTER_LOCK * for 1 SENT from 17 to 17 at 1316051249.378695 standard 1
AFTER_LOCK2 * for 1 SENT from 17 to 17 at 1316051249.378696 standard 1
VSS_ECHO 20 for 1 SENT from 17 to 17 at 1316051249.378786 standard 1
VSSECHO_STAGE3 * for * SENT from * to * at 1316051249.378839
VSSECHO_STAGE4 * for * SENT from * to * at 1316051249.378942
BEFORE_LOCK * for 1 SENT from 17 to 18 at 1316051249.378948 standard 1
AFTER_LOCK * for 1 SENT from 17 to 18 at 1316051249.378949 standard 1
AFTER_AFTER_LOCK * for 1 SENT from 17 to 18 at 1316051249.378962 standard 1
AFTER_LOCK2 * for 1 SENT from 17 to 18 at 1316051249.378963 standard 1
VSS_ECHO 21 for 1 SENT from 17 to 18 at 1316051249.378980 standard 1
VSSECHO_STAGE3 * for * SENT from * to * at 1316051249.378992
VSSECHO_STAGE4 * for * SENT from * to * at 1316051249.379066
BEFORE_LOCK * for 1 SENT from 17 to 19 at 1316051249.379071 standard 1
AFTER_LOCK * for 1 SENT from 17 to 19 at 1316051249.379072 standard 1
AFTER_AFTER_LOCK * for 1 SENT from 17 to 19 at 1316051249.390151 standard 1
AFTER_LOCK2 * for 1 SENT from 17 to 19 at 1316051249.390151 standard 1
VSS_ECHO 22 for 1 SENT from 17 to 19 at 1316051249.390200 standard 1
VSSECHO_STAGE3 * for * SENT from * to * at 1316051249.390232
VSSECHO_STAGE4 * for * SENT from * to * at 1316051249.390317
BEFORE_LOCK * for 1 SENT from 17 to 20 at 1316051249.390324 standard 1
AFTER_LOCK * for 1 SENT from 17 to 20 at 1316051249.390325 standard 1
AFTER_AFTER_LOCK * for 1 SENT from 17 to 20 at 1316051249.390373 standard 1
AFTER_LOCK2 * for 1 SENT from 17 to 20 at 1316051249.390374 standard 1
VSS_ECHO 23 for 1 SENT from 17 to 20 at 1316051249.390390 standard 1
VSS_ECHO 20 for 1 RECEIVED from 12 to 17 at 1316051249.390413
VSS_ECHO 20 for 1 RECEIVED from 9 to 17 at 1316051249.400859
VSS_ECHO 52 for 1 RECEIVED from 1 to 17 at 1316051249.411432
VSS_ECHO 20 for 1 RECEIVED from 17 to 17 at 1316051249.421490
VSS_ECHO 20 for 1 RECEIVED from 10 to 17 at 1316051249.511170
VSS_ECHO 20 for 1 RECEIVED from 14 to 17 at 1316051249.549939
VSS_ECHO 20 for 1 RECEIVED from 7 to 17 at 1316051250.158847
VSS_ECHO 20 for 1 RECEIVED from 16 to 17 at 1316051250.411841
VSS_ECHO 20 for 1 RECEIVED from 15 to 17 at 1316051250.737734
VSS_ECHO 20 for 1 RECEIVED from 6 to 17 at 1316051250.939759
VSS_ECHO 20 for 1 RECEIVED from 19 to 17 at 1316051251.243108
VSS_ECHO 20 for 1 RECEIVED from 18 to 17 at 1316051251.456256



============================================
*ENOUGH VSS_ECHO message for 1 at 1316051251.456256
*Threshold : echo = 12
*Received Echo Message Num = 12
*Ready messages are sending out...
============================================

PRE_VSS_READY * for 1 SENT from 17 to 1 at 1316051251.471453 standard 1
BEFORE_LOCK * for 1 SENT from 17 to 1 at 1316051251.471461 standard 1
AFTER_LOCK * for 1 SENT from 17 to 1 at 1316051251.471463 standard 1
AFTER_AFTER_LOCK * for 1 SENT from 17 to 1 at 1316051251.471519 standard 1
AFTER_LOCK2 * for 1 SENT from 17 to 1 at 1316051251.471520 standard 1
VSS_READY 36 for 1 SENT from 17 to 1 at 1316051251.471521 standard 1
PRE_VSS_READY * for 1 SENT from 17 to 2 at 1316051251.473658 standard 1
BEFORE_LOCK * for 1 SENT from 17 to 2 at 1316051251.473665 standard 1
AFTER_LOCK * for 1 SENT from 17 to 2 at 1316051251.473667 standard 1
AFTER_AFTER_LOCK * for 1 SENT from 17 to 2 at 1316051251.473713 standard 1
AFTER_LOCK2 * for 1 SENT from 17 to 2 at 1316051251.473714 standard 1
VSS_READY 37 for 1 SENT from 17 to 2 at 1316051251.473715 standard 1
PRE_VSS_READY * for 1 SENT from 17 to 3 at 1316051251.475867 standard 1
BEFORE_LOCK * for 1 SENT from 17 to 3 at 1316051251.475874 standard 1
AFTER_LOCK * for 1 SENT from 17 to 3 at 1316051251.475875 standard 1
AFTER_AFTER_LOCK * for 1 SENT from 17 to 3 at 1316051251.475927 standard 1
AFTER_LOCK2 * for 1 SENT from 17 to 3 at 1316051251.475927 standard 1
VSS_READY 38 for 1 SENT from 17 to 3 at 1316051251.475928 standard 1
PRE_VSS_READY * for 1 SENT from 17 to 4 at 1316051251.478389 standard 1
BEFORE_LOCK * for 1 SENT from 17 to 4 at 1316051251.478396 standard 1
AFTER_LOCK * for 1 SENT from 17 to 4 at 1316051251.478397 standard 1
AFTER_AFTER_LOCK * for 1 SENT from 17 to 4 at 1316051251.478442 standard 1
AFTER_LOCK2 * for 1 SENT from 17 to 4 at 1316051251.478443 standard 1
VSS_READY 39 for 1 SENT from 17 to 4 at 1316051251.478444 standard 1
PRE_VSS_READY * for 1 SENT from 17 to 5 at 1316051251.480708 standard 1
BEFORE_LOCK * for 1 SENT from 17 to 5 at 1316051251.480715 standard 1
AFTER_LOCK * for 1 SENT from 17 to 5 at 1316051251.480716 standard 1
AFTER_AFTER_LOCK * for 1 SENT from 17 to 5 at 1316051251.480762 standard 1
AFTER_LOCK2 * for 1 SENT from 17 to 5 at 1316051251.480763 standard 1
VSS_READY 40 for 1 SENT from 17 to 5 at 1316051251.480763 standard 1
PRE_VSS_READY * for 1 SENT from 17 to 6 at 1316051251.482882 standard 1
BEFORE_LOCK * for 1 SENT from 17 to 6 at 1316051251.482889 standard 1
AFTER_LOCK * for 1 SENT from 17 to 6 at 1316051251.482890 standard 1
AFTER_AFTER_LOCK * for 1 SENT from 17 to 6 at 1316051251.482941 standard 1
AFTER_LOCK2 * for 1 SENT from 17 to 6 at 1316051251.482941 standard 1
VSS_READY 41 for 1 SENT from 17 to 6 at 1316051251.482942 standard 1
PRE_VSS_READY * for 1 SENT from 17 to 7 at 1316051251.485069 standard 1
BEFORE_LOCK * for 1 SENT from 17 to 7 at 1316051251.485076 standard 1
AFTER_LOCK * for 1 SENT from 17 to 7 at 1316051251.485077 standard 1
AFTER_AFTER_LOCK * for 1 SENT from 17 to 7 at 1316051251.485086 standard 1
AFTER_LOCK2 * for 1 SENT from 17 to 7 at 1316051251.485087 standard 1
VSS_READY 42 for 1 SENT from 17 to 7 at 1316051251.485088 standard 1
PRE_VSS_READY * for 1 SENT from 17 to 8 at 1316051251.487224 standard 1
BEFORE_LOCK * for 1 SENT from 17 to 8 at 1316051251.487231 standard 1
AFTER_LOCK * for 1 SENT from 17 to 8 at 1316051251.487232 standard 1
AFTER_AFTER_LOCK * for 1 SENT from 17 to 8 at 1316051251.487232 standard 1
AFTER_LOCK2 * for 1 SENT from 17 to 8 at 1316051251.487233 standard 1
VSS_READY 43 for 1 SENT from 17 to 8 at 1316051251.487234 standard 1
PRE_VSS_READY * for 1 SENT from 17 to 9 at 1316051251.489279 standard 1
BEFORE_LOCK * for 1 SENT from 17 to 9 at 1316051251.489286 standard 1
AFTER_LOCK * for 1 SENT from 17 to 9 at 1316051251.489287 standard 1
AFTER_AFTER_LOCK * for 1 SENT from 17 to 9 at 1316051251.489333 standard 1
AFTER_LOCK2 * for 1 SENT from 17 to 9 at 1316051251.489334 standard 1
VSS_READY 44 for 1 SENT from 17 to 9 at 1316051251.489335 standard 1
PRE_VSS_READY * for 1 SENT from 17 to 10 at 1316051251.491679 standard 1
BEFORE_LOCK * for 1 SENT from 17 to 10 at 1316051251.491686 standard 1
AFTER_LOCK * for 1 SENT from 17 to 10 at 1316051251.491687 standard 1
AFTER_AFTER_LOCK * for 1 SENT from 17 to 10 at 1316051251.491735 standard 1
AFTER_LOCK2 * for 1 SENT from 17 to 10 at 1316051251.491736 standard 1
VSS_READY 45 for 1 SENT from 17 to 10 at 1316051251.491736 standard 1
PRE_VSS_READY * for 1 SENT from 17 to 11 at 1316051251.494086 standard 1
BEFORE_LOCK * for 1 SENT from 17 to 11 at 1316051251.494093 standard 1
AFTER_LOCK * for 1 SENT from 17 to 11 at 1316051251.494094 standard 1
AFTER_AFTER_LOCK * for 1 SENT from 17 to 11 at 1316051251.494140 standard 1
AFTER_LOCK2 * for 1 SENT from 17 to 11 at 1316051251.494141 standard 1
VSS_READY 46 for 1 SENT from 17 to 11 at 1316051251.494142 standard 1
PRE_VSS_READY * for 1 SENT from 17 to 12 at 1316051251.496336 standard 1
BEFORE_LOCK * for 1 SENT from 17 to 12 at 1316051251.496343 standard 1
AFTER_LOCK * for 1 SENT from 17 to 12 at 1316051251.496344 standard 1
AFTER_AFTER_LOCK * for 1 SENT from 17 to 12 at 1316051251.496389 standard 1
AFTER_LOCK2 * for 1 SENT from 17 to 12 at 1316051251.496390 standard 1
VSS_READY 47 for 1 SENT from 17 to 12 at 1316051251.496390 standard 1
PRE_VSS_READY * for 1 SENT from 17 to 13 at 1316051251.498503 standard 1
BEFORE_LOCK * for 1 SENT from 17 to 13 at 1316051251.498510 standard 1
AFTER_LOCK * for 1 SENT from 17 to 13 at 1316051251.498512 standard 1
AFTER_AFTER_LOCK * for 1 SENT from 17 to 13 at 1316051251.498557 standard 1
AFTER_LOCK2 * for 1 SENT from 17 to 13 at 1316051251.498558 standard 1
VSS_READY 48 for 1 SENT from 17 to 13 at 1316051251.498558 standard 1
PRE_VSS_READY * for 1 SENT from 17 to 14 at 1316051251.500808 standard 1
BEFORE_LOCK * for 1 SENT from 17 to 14 at 1316051251.500815 standard 1
AFTER_LOCK * for 1 SENT from 17 to 14 at 1316051251.500816 standard 1
AFTER_AFTER_LOCK * for 1 SENT from 17 to 14 at 1316051251.500862 standard 1
AFTER_LOCK2 * for 1 SENT from 17 to 14 at 1316051251.500863 standard 1
VSS_READY 49 for 1 SENT from 17 to 14 at 1316051251.500864 standard 1
PRE_VSS_READY * for 1 SENT from 17 to 15 at 1316051251.503028 standard 1
BEFORE_LOCK * for 1 SENT from 17 to 15 at 1316051251.503035 standard 1
AFTER_LOCK * for 1 SENT from 17 to 15 at 1316051251.503036 standard 1
AFTER_AFTER_LOCK * for 1 SENT from 17 to 15 at 1316051251.503082 standard 1
AFTER_LOCK2 * for 1 SENT from 17 to 15 at 1316051251.503083 standard 1
VSS_READY 50 for 1 SENT from 17 to 15 at 1316051251.503083 standard 1
PRE_VSS_READY * for 1 SENT from 17 to 16 at 1316051251.505211 standard 1
BEFORE_LOCK * for 1 SENT from 17 to 16 at 1316051251.505219 standard 1
AFTER_LOCK * for 1 SENT from 17 to 16 at 1316051251.505220 standard 1
AFTER_AFTER_LOCK * for 1 SENT from 17 to 16 at 1316051251.505266 standard 1
AFTER_LOCK2 * for 1 SENT from 17 to 16 at 1316051251.505266 standard 1
VSS_READY 51 for 1 SENT from 17 to 16 at 1316051251.505267 standard 1
PRE_VSS_READY * for 1 SENT from 17 to 17 at 1316051251.507464 standard 1
BEFORE_LOCK * for 1 SENT from 17 to 17 at 1316051251.507471 standard 1
AFTER_LOCK * for 1 SENT from 17 to 17 at 1316051251.507472 standard 1
AFTER_AFTER_LOCK * for 1 SENT from 17 to 17 at 1316051251.507518 standard 1
AFTER_LOCK2 * for 1 SENT from 17 to 17 at 1316051251.507519 standard 1
VSS_READY 52 for 1 SENT from 17 to 17 at 1316051251.507520 standard 1
PRE_VSS_READY * for 1 SENT from 17 to 18 at 1316051251.509758 standard 1
BEFORE_LOCK * for 1 SENT from 17 to 18 at 1316051251.509765 standard 1
AFTER_LOCK * for 1 SENT from 17 to 18 at 1316051251.509766 standard 1
AFTER_AFTER_LOCK * for 1 SENT from 17 to 18 at 1316051251.509812 standard 1
AFTER_LOCK2 * for 1 SENT from 17 to 18 at 1316051251.509812 standard 1
VSS_READY 53 for 1 SENT from 17 to 18 at 1316051251.509814 standard 1
PRE_VSS_READY * for 1 SENT from 17 to 19 at 1316051251.511965 standard 1
BEFORE_LOCK * for 1 SENT from 17 to 19 at 1316051251.511972 standard 1
AFTER_LOCK * for 1 SENT from 17 to 19 at 1316051251.511973 standard 1
AFTER_AFTER_LOCK * for 1 SENT from 17 to 19 at 1316051251.512018 standard 1
AFTER_LOCK2 * for 1 SENT from 17 to 19 at 1316051251.512019 standard 1
VSS_READY 54 for 1 SENT from 17 to 19 at 1316051251.512020 standard 1
PRE_VSS_READY * for 1 SENT from 17 to 20 at 1316051251.514367 standard 1
BEFORE_LOCK * for 1 SENT from 17 to 20 at 1316051251.514375 standard 1
AFTER_LOCK * for 1 SENT from 17 to 20 at 1316051251.514376 standard 1
AFTER_AFTER_LOCK * for 1 SENT from 17 to 20 at 1316051251.514377 standard 1
AFTER_LOCK2 * for 1 SENT from 17 to 20 at 1316051251.514378 standard 1
VSS_READY 55 for 1 SENT from 17 to 20 at 1316051251.514379 standard 1
VSS_READY 52 for 1 RECEIVED from 17 to 17 at 1316051251.514417
VSS_READY 218 for 1 RECEIVED from 1 to 17 at 1316051251.531887
VSS_READY 52 for 1 RECEIVED from 14 to 17 at 1316051251.561395
VSS_READY 69 for 1 RECEIVED from 10 to 17 at 1316051251.601675
VSS_READY 69 for 1 RECEIVED from 9 to 17 at 1316051251.699242
VSS_READY 68 for 1 RECEIVED from 12 to 17 at 1316051251.724112
VSS_READY 45 for 1 RECEIVED from 11 to 17 at 1316051251.753311
VSS_READY 52 for 1 RECEIVED from 15 to 17 at 1316051251.770812
VSS_READY 66 for 1 RECEIVED from 16 to 17 at 1316051251.788379
VSS_ECHO 132 for 4 RECEIVED from 10 to 17 at 1316051251.842225
VSS_SEND 19 for * RECEIVED from 4 to 17 at 1316051251.852553
VSSECHO_STAGE3 * for * SENT from * to * at 1316051251.871419
VSSECHO_STAGE4 * for * SENT from * to * at 1316051251.871492
BEFORE_LOCK * for 4 SENT from 17 to 1 at 1316051251.871498 standard 1
AFTER_LOCK * for 4 SENT from 17 to 1 at 1316051251.871499 standard 1
AFTER_AFTER_LOCK * for 4 SENT from 17 to 1 at 1316051251.871558 standard 1
AFTER_LOCK2 * for 4 SENT from 17 to 1 at 1316051251.871559 standard 1
VSS_ECHO 112 for 4 SENT from 17 to 1 at 1316051251.871575 standard 1
VSSECHO_STAGE3 * for * SENT from * to * at 1316051251.871588
VSSECHO_STAGE4 * for * SENT from * to * at 1316051251.871679
BEFORE_LOCK * for 4 SENT from 17 to 2 at 1316051251.871684 standard 1
AFTER_LOCK * for 4 SENT from 17 to 2 at 1316051251.871685 standard 1
AFTER_AFTER_LOCK * for 4 SENT from 17 to 2 at 1316051251.871695 standard 1
AFTER_LOCK2 * for 4 SENT from 17 to 2 at 1316051251.871695 standard 1
VSS_ECHO 113 for 4 SENT from 17 to 2 at 1316051251.871712 standard 1
VSSECHO_STAGE3 * for * SENT from * to * at 1316051251.871723
VSSECHO_STAGE4 * for * SENT from * to * at 1316051251.871802
BEFORE_LOCK * for 4 SENT from 17 to 3 at 1316051251.871808 standard 1
AFTER_LOCK * for 4 SENT from 17 to 3 at 1316051251.871809 standard 1
AFTER_AFTER_LOCK * for 4 SENT from 17 to 3 at 1316051251.871818 standard 1
AFTER_LOCK2 * for 4 SENT from 17 to 3 at 1316051251.871819 standard 1
VSS_ECHO 114 for 4 SENT from 17 to 3 at 1316051251.871835 standard 1
VSSECHO_STAGE3 * for * SENT from * to * at 1316051251.871847
VSSECHO_STAGE4 * for * SENT from * to * at 1316051251.871916
BEFORE_LOCK * for 4 SENT from 17 to 4 at 1316051251.871921 standard 1
AFTER_LOCK * for 4 SENT from 17 to 4 at 1316051251.871924 standard 1
AFTER_AFTER_LOCK * for 4 SENT from 17 to 4 at 1316051251.871933 standard 1
AFTER_LOCK2 * for 4 SENT from 17 to 4 at 1316051251.871934 standard 1
VSS_ECHO 115 for 4 SENT from 17 to 4 at 1316051251.871950 standard 1
VSSECHO_STAGE3 * for * SENT from * to * at 1316051251.871961
VSSECHO_STAGE4 * for * SENT from * to * at 1316051251.872030
BEFORE_LOCK * for 4 SENT from 17 to 5 at 1316051251.872035 standard 1
AFTER_LOCK * for 4 SENT from 17 to 5 at 1316051251.872036 standard 1
AFTER_AFTER_LOCK * for 4 SENT from 17 to 5 at 1316051251.872083 standard 1
AFTER_LOCK2 * for 4 SENT from 17 to 5 at 1316051251.872084 standard 1
VSS_ECHO 116 for 4 SENT from 17 to 5 at 1316051251.872100 standard 1
VSSECHO_STAGE3 * for * SENT from * to * at 1316051251.872112
VSSECHO_STAGE4 * for * SENT from * to * at 1316051251.872195
BEFORE_LOCK * for 4 SENT from 17 to 6 at 1316051251.872200 standard 1
AFTER_LOCK * for 4 SENT from 17 to 6 at 1316051251.872201 standard 1
AFTER_AFTER_LOCK * for 4 SENT from 17 to 6 at 1316051251.872210 standard 1
AFTER_LOCK2 * for 4 SENT from 17 to 6 at 1316051251.872211 standard 1
VSS_ECHO 117 for 4 SENT from 17 to 6 at 1316051251.872227 standard 1
VSSECHO_STAGE3 * for * SENT from * to * at 1316051251.872239
VSSECHO_STAGE4 * for * SENT from * to * at 1316051251.872307
BEFORE_LOCK * for 4 SENT from 17 to 7 at 1316051251.872312 standard 1
AFTER_LOCK * for 4 SENT from 17 to 7 at 1316051251.872313 standard 1
AFTER_AFTER_LOCK * for 4 SENT from 17 to 7 at 1316051251.872322 standard 1
AFTER_LOCK2 * for 4 SENT from 17 to 7 at 1316051251.872323 standard 1
VSS_ECHO 118 for 4 SENT from 17 to 7 at 1316051251.872339 standard 1
VSSECHO_STAGE3 * for * SENT from * to * at 1316051251.872351
VSSECHO_STAGE4 * for * SENT from * to * at 1316051251.872423
BEFORE_LOCK * for 4 SENT from 17 to 8 at 1316051251.872428 standard 1
AFTER_LOCK * for 4 SENT from 17 to 8 at 1316051251.872429 standard 1
AFTER_AFTER_LOCK * for 4 SENT from 17 to 8 at 1316051251.872429 standard 1
AFTER_LOCK2 * for 4 SENT from 17 to 8 at 1316051251.872430 standard 1
VSS_ECHO 119 for 4 SENT from 17 to 8 at 1316051251.872444 standard 1
VSSECHO_STAGE3 * for * SENT from * to * at 1316051251.872455
VSSECHO_STAGE4 * for * SENT from * to * at 1316051251.872523
BEFORE_LOCK * for 4 SENT from 17 to 9 at 1316051251.872528 standard 1
AFTER_LOCK * for 4 SENT from 17 to 9 at 1316051251.872528 standard 1
AFTER_AFTER_LOCK * for 4 SENT from 17 to 9 at 1316051251.872538 standard 1
AFTER_LOCK2 * for 4 SENT from 17 to 9 at 1316051251.872539 standard 1
VSS_ECHO 120 for 4 SENT from 17 to 9 at 1316051251.872555 standard 1
VSSECHO_STAGE3 * for * SENT from * to * at 1316051251.872566
VSSECHO_STAGE4 * for * SENT from * to * at 1316051251.872634
BEFORE_LOCK * for 4 SENT from 17 to 10 at 1316051251.872639 standard 1
AFTER_LOCK * for 4 SENT from 17 to 10 at 1316051251.872640 standard 1
AFTER_AFTER_LOCK * for 4 SENT from 17 to 10 at 1316051251.872686 standard 1
AFTER_LOCK2 * for 4 SENT from 17 to 10 at 1316051251.872687 standard 1
VSS_ECHO 121 for 4 SENT from 17 to 10 at 1316051251.872714 standard 1
VSSECHO_STAGE3 * for * SENT from * to * at 1316051251.872726
VSSECHO_STAGE4 * for * SENT from * to * at 1316051251.872801
BEFORE_LOCK * for 4 SENT from 17 to 11 at 1316051251.872806 standard 1
AFTER_LOCK * for 4 SENT from 17 to 11 at 1316051251.872807 standard 1
AFTER_AFTER_LOCK * for 4 SENT from 17 to 11 at 1316051251.872816 standard 1
AFTER_LOCK2 * for 4 SENT from 17 to 11 at 1316051251.872817 standard 1
VSS_ECHO 122 for 4 SENT from 17 to 11 at 1316051251.872832 standard 1
VSSECHO_STAGE3 * for * SENT from * to * at 1316051251.872844
VSSECHO_STAGE4 * for * SENT from * to * at 1316051251.872916
BEFORE_LOCK * for 4 SENT from 17 to 12 at 1316051251.872922 standard 1
AFTER_LOCK * for 4 SENT from 17 to 12 at 1316051251.872923 standard 1
AFTER_AFTER_LOCK * for 4 SENT from 17 to 12 at 1316051251.872932 standard 1
AFTER_LOCK2 * for 4 SENT from 17 to 12 at 1316051251.872933 standard 1
VSS_ECHO 123 for 4 SENT from 17 to 12 at 1316051251.872949 standard 1
VSSECHO_STAGE3 * for * SENT from * to * at 1316051251.873200
VSSECHO_STAGE4 * for * SENT from * to * at 1316051251.873294
BEFORE_LOCK * for 4 SENT from 17 to 13 at 1316051251.873300 standard 1
AFTER_LOCK * for 4 SENT from 17 to 13 at 1316051251.873301 standard 1
AFTER_AFTER_LOCK * for 4 SENT from 17 to 13 at 1316051251.873311 standard 1
AFTER_LOCK2 * for 4 SENT from 17 to 13 at 1316051251.873312 standard 1
VSS_ECHO 124 for 4 SENT from 17 to 13 at 1316051251.873328 standard 1
VSSECHO_STAGE3 * for * SENT from * to * at 1316051251.873341
VSSECHO_STAGE4 * for * SENT from * to * at 1316051251.873413
BEFORE_LOCK * for 4 SENT from 17 to 14 at 1316051251.873419 standard 1
AFTER_LOCK * for 4 SENT from 17 to 14 at 1316051251.873420 standard 1
AFTER_AFTER_LOCK * for 4 SENT from 17 to 14 at 1316051251.873429 standard 1
AFTER_LOCK2 * for 4 SENT from 17 to 14 at 1316051251.873430 standard 1
VSS_ECHO 125 for 4 SENT from 17 to 14 at 1316051251.873445 standard 1
VSSECHO_STAGE3 * for * SENT from * to * at 1316051251.873457
VSSECHO_STAGE4 * for * SENT from * to * at 1316051251.873526
BEFORE_LOCK * for 4 SENT from 17 to 15 at 1316051251.873531 standard 1
AFTER_LOCK * for 4 SENT from 17 to 15 at 1316051251.873532 standard 1
AFTER_AFTER_LOCK * for 4 SENT from 17 to 15 at 1316051251.873541 standard 1
AFTER_LOCK2 * for 4 SENT from 17 to 15 at 1316051251.873542 standard 1
VSS_ECHO 126 for 4 SENT from 17 to 15 at 1316051251.873558 standard 1
VSSECHO_STAGE3 * for * SENT from * to * at 1316051251.873570
VSSECHO_STAGE4 * for * SENT from * to * at 1316051251.873642
BEFORE_LOCK * for 4 SENT from 17 to 16 at 1316051251.873647 standard 1
AFTER_LOCK * for 4 SENT from 17 to 16 at 1316051251.873648 standard 1
AFTER_AFTER_LOCK * for 4 SENT from 17 to 16 at 1316051251.873657 standard 1
AFTER_LOCK2 * for 4 SENT from 17 to 16 at 1316051251.873657 standard 1
VSS_ECHO 127 for 4 SENT from 17 to 16 at 1316051251.873673 standard 1
VSSECHO_STAGE3 * for * SENT from * to * at 1316051251.873685
VSSECHO_STAGE4 * for * SENT from * to * at 1316051251.873752
BEFORE_LOCK * for 4 SENT from 17 to 17 at 1316051251.873757 standard 1
AFTER_LOCK * for 4 SENT from 17 to 17 at 1316051251.873758 standard 1
AFTER_AFTER_LOCK * for 4 SENT from 17 to 17 at 1316051251.873811 standard 1
AFTER_LOCK2 * for 4 SENT from 17 to 17 at 1316051251.873812 standard 1
VSS_ECHO 128 for 4 SENT from 17 to 17 at 1316051251.873828 standard 1
VSSECHO_STAGE3 * for * SENT from * to * at 1316051251.873840
VSSECHO_STAGE4 * for * SENT from * to * at 1316051251.873908
BEFORE_LOCK * for 4 SENT from 17 to 18 at 1316051251.873913 standard 1
AFTER_LOCK * for 4 SENT from 17 to 18 at 1316051251.873914 standard 1
AFTER_AFTER_LOCK * for 4 SENT from 17 to 18 at 1316051251.873924 standard 1
AFTER_LOCK2 * for 4 SENT from 17 to 18 at 1316051251.873924 standard 1
VSS_ECHO 129 for 4 SENT from 17 to 18 at 1316051251.873940 standard 1
VSSECHO_STAGE3 * for * SENT from * to * at 1316051251.873952
VSSECHO_STAGE4 * for * SENT from * to * at 1316051251.874020
BEFORE_LOCK * for 4 SENT from 17 to 19 at 1316051251.874035 standard 1
AFTER_LOCK * for 4 SENT from 17 to 19 at 1316051251.874035 standard 1
AFTER_AFTER_LOCK * for 4 SENT from 17 to 19 at 1316051251.874045 standard 1
AFTER_LOCK2 * for 4 SENT from 17 to 19 at 1316051251.874046 standard 1
VSS_ECHO 130 for 4 SENT from 17 to 19 at 1316051251.874062 standard 1
VSSECHO_STAGE3 * for * SENT from * to * at 1316051251.874074
VSSECHO_STAGE4 * for * SENT from * to * at 1316051251.874147
BEFORE_LOCK * for 4 SENT from 17 to 20 at 1316051251.874152 standard 1
AFTER_LOCK * for 4 SENT from 17 to 20 at 1316051251.874153 standard 1
AFTER_AFTER_LOCK * for 4 SENT from 17 to 20 at 1316051251.874154 standard 1
AFTER_LOCK2 * for 4 SENT from 17 to 20 at 1316051251.874155 standard 1
VSS_ECHO 131 for 4 SENT from 17 to 20 at 1316051251.874169 standard 1
VSS_ECHO 128 for 4 RECEIVED from 17 to 17 at 1316051251.874190
VSS_READY 65 for 1 RECEIVED from 19 to 17 at 1316051251.884394
VSS_ECHO 46 for 1 RECEIVED from 4 to 17 at 1316051251.901917
VSS_READY 67 for 1 RECEIVED from 7 to 17 at 1316051251.912030
VSS_READY 84 for 1 RECEIVED from 4 to 17 at 1316051251.992257



*============================================
*2ENOUGH VSS_READY message for 17 at 1316051251.992257
*Threshold : Ready = 12
*Received Ready Message Num = 12
*VSS Share is complete for dealer 1
============================================

BEFORE_LOCK * for 1 SENT from 17 to 1 at 1316051252.010522 standard 1
AFTER_LOCK * for 1 SENT from 17 to 1 at 1316051252.010523 standard 1
AFTER_AFTER_LOCK * for 1 SENT from 17 to 1 at 1316051252.010580 standard 1
AFTER_LOCK2 * for 1 SENT from 17 to 1 at 1316051252.010581 standard 1
VSS_SHARED 157 for 1 SENT from 17 to 1 at 1316051252.010602 standard 1
VSS_ECHO 308 for 4 RECEIVED from 1 to 17 at 1316051252.010631
VSS_ECHO 141 for 4 RECEIVED from 14 to 17 at 1316051252.039358
VSS_ECHO 142 for 4 RECEIVED from 9 to 17 at 1316051252.094837
VSS_ECHO 134 for 4 RECEIVED from 12 to 17 at 1316051252.116776
VSS_ECHO 114 for 4 RECEIVED from 11 to 17 at 1316051252.278897
VSS_ECHO 144 for 4 RECEIVED from 16 to 17 at 1316051252.332881
VSS_READY 63 for 1 RECEIVED from 18 to 17 at 1316051252.380958
VSS_ECHO 144 for 4 RECEIVED from 15 to 17 at 1316051252.481697
VSS_ECHO 161 for 4 RECEIVED from 7 to 17 at 1316051252.535512
VSS_ECHO 133 for 4 RECEIVED from 19 to 17 at 1316051253.073215
VSS_ECHO 128 for 4 RECEIVED from 18 to 17 at 1316051253.817541



============================================
*ENOUGH VSS_ECHO message for 4 at 1316051253.817541
*Threshold : echo = 12
*Received Echo Message Num = 12
*Ready messages are sending out...
============================================

PRE_VSS_READY * for 4 SENT from 17 to 1 at 1316051253.832623 standard 1
BEFORE_LOCK * for 4 SENT from 17 to 1 at 1316051253.832632 standard 1
AFTER_LOCK * for 4 SENT from 17 to 1 at 1316051253.832633 standard 1
AFTER_AFTER_LOCK * for 4 SENT from 17 to 1 at 1316051253.832690 standard 1
AFTER_LOCK2 * for 4 SENT from 17 to 1 at 1316051253.832691 standard 1
VSS_READY 175 for 4 SENT from 17 to 1 at 1316051253.832691 standard 1
PRE_VSS_READY * for 4 SENT from 17 to 2 at 1316051253.834896 standard 1
BEFORE_LOCK * for 4 SENT from 17 to 2 at 1316051253.834903 standard 1
AFTER_LOCK * for 4 SENT from 17 to 2 at 1316051253.834904 standard 1
AFTER_AFTER_LOCK * for 4 SENT from 17 to 2 at 1316051253.834956 standard 1
AFTER_LOCK2 * for 4 SENT from 17 to 2 at 1316051253.834956 standard 1
VSS_READY 176 for 4 SENT from 17 to 2 at 1316051253.834957 standard 1
PRE_VSS_READY * for 4 SENT from 17 to 3 at 1316051253.837172 standard 1
BEFORE_LOCK * for 4 SENT from 17 to 3 at 1316051253.837180 standard 1
AFTER_LOCK * for 4 SENT from 17 to 3 at 1316051253.837181 standard 1
AFTER_AFTER_LOCK * for 4 SENT from 17 to 3 at 1316051253.837229 standard 1
AFTER_LOCK2 * for 4 SENT from 17 to 3 at 1316051253.837230 standard 1
VSS_READY 177 for 4 SENT from 17 to 3 at 1316051253.837231 standard 1
PRE_VSS_READY * for 4 SENT from 17 to 4 at 1316051253.839301 standard 1
BEFORE_LOCK * for 4 SENT from 17 to 4 at 1316051253.839308 standard 1
AFTER_LOCK * for 4 SENT from 17 to 4 at 1316051253.839309 standard 1
AFTER_AFTER_LOCK * for 4 SENT from 17 to 4 at 1316051253.839355 standard 1
AFTER_LOCK2 * for 4 SENT from 17 to 4 at 1316051253.839356 standard 1
VSS_READY 178 for 4 SENT from 17 to 4 at 1316051253.839356 standard 1
PRE_VSS_READY * for 4 SENT from 17 to 5 at 1316051253.841563 standard 1
BEFORE_LOCK * for 4 SENT from 17 to 5 at 1316051253.841570 standard 1
AFTER_LOCK * for 4 SENT from 17 to 5 at 1316051253.841571 standard 1
AFTER_AFTER_LOCK * for 4 SENT from 17 to 5 at 1316051253.841616 standard 1
AFTER_LOCK2 * for 4 SENT from 17 to 5 at 1316051253.841617 standard 1
VSS_READY 179 for 4 SENT from 17 to 5 at 1316051253.841618 standard 1
PRE_VSS_READY * for 4 SENT from 17 to 6 at 1316051253.843843 standard 1
BEFORE_LOCK * for 4 SENT from 17 to 6 at 1316051253.843851 standard 1
AFTER_LOCK * for 4 SENT from 17 to 6 at 1316051253.843852 standard 1
AFTER_AFTER_LOCK * for 4 SENT from 17 to 6 at 1316051253.843897 standard 1
AFTER_LOCK2 * for 4 SENT from 17 to 6 at 1316051253.843898 standard 1
VSS_READY 180 for 4 SENT from 17 to 6 at 1316051253.843899 standard 1
PRE_VSS_READY * for 4 SENT from 17 to 7 at 1316051253.846188 standard 1
BEFORE_LOCK * for 4 SENT from 17 to 7 at 1316051253.846195 standard 1
AFTER_LOCK * for 4 SENT from 17 to 7 at 1316051253.846196 standard 1
AFTER_AFTER_LOCK * for 4 SENT from 17 to 7 at 1316051253.846241 standard 1
AFTER_LOCK2 * for 4 SENT from 17 to 7 at 1316051253.846242 standard 1
VSS_READY 181 for 4 SENT from 17 to 7 at 1316051253.846243 standard 1
PRE_VSS_READY * for 4 SENT from 17 to 8 at 1316051253.848451 standard 1
BEFORE_LOCK * for 4 SENT from 17 to 8 at 1316051253.848458 standard 1
AFTER_LOCK * for 4 SENT from 17 to 8 at 1316051253.848459 standard 1
AFTER_AFTER_LOCK * for 4 SENT from 17 to 8 at 1316051253.848460 standard 1
AFTER_LOCK2 * for 4 SENT from 17 to 8 at 1316051253.848461 standard 1
VSS_READY 182 for 4 SENT from 17 to 8 at 1316051253.848461 standard 1
PRE_VSS_READY * for 4 SENT from 17 to 9 at 1316051253.850512 standard 1
BEFORE_LOCK * for 4 SENT from 17 to 9 at 1316051253.850520 standard 1
AFTER_LOCK * for 4 SENT from 17 to 9 at 1316051253.850521 standard 1
AFTER_AFTER_LOCK * for 4 SENT from 17 to 9 at 1316051253.850566 standard 1
AFTER_LOCK2 * for 4 SENT from 17 to 9 at 1316051253.850567 standard 1
VSS_READY 183 for 4 SENT from 17 to 9 at 1316051253.850568 standard 1
PRE_VSS_READY * for 4 SENT from 17 to 10 at 1316051253.852736 standard 1
BEFORE_LOCK * for 4 SENT from 17 to 10 at 1316051253.852743 standard 1
AFTER_LOCK * for 4 SENT from 17 to 10 at 1316051253.852744 standard 1
AFTER_AFTER_LOCK * for 4 SENT from 17 to 10 at 1316051253.852790 standard 1
AFTER_LOCK2 * for 4 SENT from 17 to 10 at 1316051253.852790 standard 1
VSS_READY 184 for 4 SENT from 17 to 10 at 1316051253.852791 standard 1
PRE_VSS_READY * for 4 SENT from 17 to 11 at 1316051253.854943 standard 1
BEFORE_LOCK * for 4 SENT from 17 to 11 at 1316051253.854950 standard 1
AFTER_LOCK * for 4 SENT from 17 to 11 at 1316051253.854951 standard 1
AFTER_AFTER_LOCK * for 4 SENT from 17 to 11 at 1316051253.854996 standard 1
AFTER_LOCK2 * for 4 SENT from 17 to 11 at 1316051253.854997 standard 1
VSS_READY 185 for 4 SENT from 17 to 11 at 1316051253.854998 standard 1
PRE_VSS_READY * for 4 SENT from 17 to 12 at 1316051253.857143 standard 1
BEFORE_LOCK * for 4 SENT from 17 to 12 at 1316051253.857150 standard 1
AFTER_LOCK * for 4 SENT from 17 to 12 at 1316051253.857151 standard 1
AFTER_AFTER_LOCK * for 4 SENT from 17 to 12 at 1316051253.857196 standard 1
AFTER_LOCK2 * for 4 SENT from 17 to 12 at 1316051253.857197 standard 1
VSS_READY 186 for 4 SENT from 17 to 12 at 1316051253.857198 standard 1
PRE_VSS_READY * for 4 SENT from 17 to 13 at 1316051253.859356 standard 1
BEFORE_LOCK * for 4 SENT from 17 to 13 at 1316051253.859363 standard 1
AFTER_LOCK * for 4 SENT from 17 to 13 at 1316051253.859364 standard 1
AFTER_AFTER_LOCK * for 4 SENT from 17 to 13 at 1316051253.859409 standard 1
AFTER_LOCK2 * for 4 SENT from 17 to 13 at 1316051253.859410 standard 1
VSS_READY 187 for 4 SENT from 17 to 13 at 1316051253.859410 standard 1
PRE_VSS_READY * for 4 SENT from 17 to 14 at 1316051253.861575 standard 1
BEFORE_LOCK * for 4 SENT from 17 to 14 at 1316051253.861583 standard 1
AFTER_LOCK * for 4 SENT from 17 to 14 at 1316051253.861584 standard 1
AFTER_AFTER_LOCK * for 4 SENT from 17 to 14 at 1316051253.861632 standard 1
AFTER_LOCK2 * for 4 SENT from 17 to 14 at 1316051253.861633 standard 1
VSS_READY 188 for 4 SENT from 17 to 14 at 1316051253.861634 standard 1
PRE_VSS_READY * for 4 SENT from 17 to 15 at 1316051253.863715 standard 1
BEFORE_LOCK * for 4 SENT from 17 to 15 at 1316051253.863722 standard 1
AFTER_LOCK * for 4 SENT from 17 to 15 at 1316051253.863723 standard 1
AFTER_AFTER_LOCK * for 4 SENT from 17 to 15 at 1316051253.863768 standard 1
AFTER_LOCK2 * for 4 SENT from 17 to 15 at 1316051253.863769 standard 1
VSS_READY 189 for 4 SENT from 17 to 15 at 1316051253.863770 standard 1
PRE_VSS_READY * for 4 SENT from 17 to 16 at 1316051253.865916 standard 1
BEFORE_LOCK * for 4 SENT from 17 to 16 at 1316051253.865929 standard 1
AFTER_LOCK * for 4 SENT from 17 to 16 at 1316051253.865930 standard 1
AFTER_AFTER_LOCK * for 4 SENT from 17 to 16 at 1316051253.865975 standard 1
AFTER_LOCK2 * for 4 SENT from 17 to 16 at 1316051253.865976 standard 1
VSS_READY 190 for 4 SENT from 17 to 16 at 1316051253.865977 standard 1
PRE_VSS_READY * for 4 SENT from 17 to 17 at 1316051253.868171 standard 1
BEFORE_LOCK * for 4 SENT from 17 to 17 at 1316051253.868178 standard 1
AFTER_LOCK * for 4 SENT from 17 to 17 at 1316051253.868179 standard 1
AFTER_AFTER_LOCK * for 4 SENT from 17 to 17 at 1316051253.868225 standard 1
AFTER_LOCK2 * for 4 SENT from 17 to 17 at 1316051253.868226 standard 1
VSS_READY 191 for 4 SENT from 17 to 17 at 1316051253.868226 standard 1
PRE_VSS_READY * for 4 SENT from 17 to 18 at 1316051253.870395 standard 1
BEFORE_LOCK * for 4 SENT from 17 to 18 at 1316051253.870402 standard 1
AFTER_LOCK * for 4 SENT from 17 to 18 at 1316051253.870403 standard 1
AFTER_AFTER_LOCK * for 4 SENT from 17 to 18 at 1316051253.870448 standard 1
AFTER_LOCK2 * for 4 SENT from 17 to 18 at 1316051253.870449 standard 1
VSS_READY 192 for 4 SENT from 17 to 18 at 1316051253.870450 standard 1
PRE_VSS_READY * for 4 SENT from 17 to 19 at 1316051253.872692 standard 1
BEFORE_LOCK * for 4 SENT from 17 to 19 at 1316051253.872699 standard 1
AFTER_LOCK * for 4 SENT from 17 to 19 at 1316051253.872700 standard 1
AFTER_AFTER_LOCK * for 4 SENT from 17 to 19 at 1316051253.872746 standard 1
AFTER_LOCK2 * for 4 SENT from 17 to 19 at 1316051253.872746 standard 1
VSS_READY 193 for 4 SENT from 17 to 19 at 1316051253.872747 standard 1
PRE_VSS_READY * for 4 SENT from 17 to 20 at 1316051253.874891 standard 1
BEFORE_LOCK * for 4 SENT from 17 to 20 at 1316051253.874898 standard 1
AFTER_LOCK * for 4 SENT from 17 to 20 at 1316051253.874899 standard 1
AFTER_AFTER_LOCK * for 4 SENT from 17 to 20 at 1316051253.874900 standard 1
AFTER_LOCK2 * for 4 SENT from 17 to 20 at 1316051253.874900 standard 1
VSS_READY 194 for 4 SENT from 17 to 20 at 1316051253.874901 standard 1
VSS_READY 369 for 4 RECEIVED from 1 to 17 at 1316051253.874941
VSS_READY 190 for 4 RECEIVED from 9 to 17 at 1316051253.892285
VSS_READY 190 for 4 RECEIVED from 10 to 17 at 1316051253.909775
VSS_READY 162 for 4 RECEIVED from 11 to 17 at 1316051253.927134
VSS_READY 191 for 4 RECEIVED from 14 to 17 at 1316051253.944519
VSS_READY 191 for 4 RECEIVED from 16 to 17 at 1316051253.961939
VSS_READY 191 for 4 RECEIVED from 17 to 17 at 1316051253.979464
VSS_READY 129 for 4 RECEIVED from 4 to 17 at 1316051253.997381
VSS_READY 212 for 4 RECEIVED from 12 to 17 at 1316051254.014844
VSS_READY 191 for 4 RECEIVED from 7 to 17 at 1316051254.032272
VSS_READY 198 for 4 RECEIVED from 19 to 17 at 1316051254.160360
VSS_READY 220 for 4 RECEIVED from 15 to 17 at 1316051254.315881



*============================================
*2ENOUGH VSS_READY message for 17 at 1316051254.315881
*Threshold : Ready = 12
*Received Ready Message Num = 12
*VSS Share is complete for dealer 4
============================================

BEFORE_LOCK * for 4 SENT from 17 to 1 at 1316051254.334348 standard 1
AFTER_LOCK * for 4 SENT from 17 to 1 at 1316051254.334349 standard 1
AFTER_AFTER_LOCK * for 4 SENT from 17 to 1 at 1316051254.334407 standard 1
AFTER_LOCK2 * for 4 SENT from 17 to 1 at 1316051254.334408 standard 1
VSS_SHARED 306 for 4 SENT from 17 to 1 at 1316051254.334425 standard 1
VSS_READY 161 for 4 RECEIVED from 18 to 17 at 1316051254.468873
VSS_ECHO 509 for 5 RECEIVED from 1 to 17 at 1316051254.821785
VSS_ECHO 47 for 1 RECEIVED from 5 to 17 at 1316051254.877450
VSS_ECHO 288 for 4 RECEIVED from 4 to 17 at 1316051255.051302
VSS_READY 103 for 1 RECEIVED from 5 to 17 at 1316051255.164985
VSS_ECHO 310 for 5 RECEIVED from 19 to 17 at 1316051255.234130
VSS_ECHO 307 for 5 RECEIVED from 11 to 17 at 1316051255.348848
VSS_ECHO 343 for 5 RECEIVED from 4 to 17 at 1316051255.369537
VSS_ECHO 335 for 5 RECEIVED from 16 to 17 at 1316051255.432830
VSS_ECHO 336 for 5 RECEIVED from 7 to 17 at 1316051255.517380
VSS_READY 178 for 4 RECEIVED from 5 to 17 at 1316051255.527680
VSS_ECHO 330 for 5 RECEIVED from 12 to 17 at 1316051255.545130
VSS_ECHO 347 for 5 RECEIVED from 9 to 17 at 1316051255.555252
VSS_ECHO 348 for 5 RECEIVED from 10 to 17 at 1316051255.565401
VSS_ECHO 349 for 5 RECEIVED from 14 to 17 at 1316051255.575540
VSS_ECHO 224 for 4 RECEIVED from 5 to 17 at 1316051256.045484
VSS_ECHO 559 for 2 RECEIVED from 1 to 17 at 1316051256.161660
VSS_ECHO 383 for 2 RECEIVED from 9 to 17 at 1316051256.250081
VSS_ECHO 47 for 1 RECEIVED from 2 to 17 at 1316051256.260279
VSS_ECHO 366 for 2 RECEIVED from 12 to 17 at 1316051256.270356
VSS_ECHO 384 for 2 RECEIVED from 10 to 17 at 1316051256.414994
VSS_ECHO 356 for 2 RECEIVED from 11 to 17 at 1316051256.425327
VSS_ECHO 384 for 2 RECEIVED from 16 to 17 at 1316051256.435539
VSS_ECHO 407 for 2 RECEIVED from 4 to 17 at 1316051256.445660
VSS_SEND 19 for * RECEIVED from 2 to 17 at 1316051256.455989
VSSECHO_STAGE3 * for * SENT from * to * at 1316051256.475050
VSSECHO_STAGE4 * for * SENT from * to * at 1316051256.475128
BEFORE_LOCK * for 2 SENT from 17 to 1 at 1316051256.475134 standard 1
AFTER_LOCK * for 2 SENT from 17 to 1 at 1316051256.475136 standard 1
AFTER_AFTER_LOCK * for 2 SENT from 17 to 1 at 1316051256.475195 standard 1
AFTER_LOCK2 * for 2 SENT from 17 to 1 at 1316051256.475196 standard 1
VSS_ECHO 354 for 2 SENT from 17 to 1 at 1316051256.475213 standard 1
VSSECHO_STAGE3 * for * SENT from * to * at 1316051256.475225
VSSECHO_STAGE4 * for * SENT from * to * at 1316051256.475304
BEFORE_LOCK * for 2 SENT from 17 to 2 at 1316051256.475309 standard 1
AFTER_LOCK * for 2 SENT from 17 to 2 at 1316051256.475310 standard 1
AFTER_AFTER_LOCK * for 2 SENT from 17 to 2 at 1316051256.475320 standard 1
AFTER_LOCK2 * for 2 SENT from 17 to 2 at 1316051256.475320 standard 1
VSS_ECHO 355 for 2 SENT from 17 to 2 at 1316051256.475336 standard 1
VSSECHO_STAGE3 * for * SENT from * to * at 1316051256.475348
VSSECHO_STAGE4 * for * SENT from * to * at 1316051256.475420
BEFORE_LOCK * for 2 SENT from 17 to 3 at 1316051256.475426 standard 1
AFTER_LOCK * for 2 SENT from 17 to 3 at 1316051256.475427 standard 1
AFTER_AFTER_LOCK * for 2 SENT from 17 to 3 at 1316051256.475436 standard 1
AFTER_LOCK2 * for 2 SENT from 17 to 3 at 1316051256.475437 standard 1
VSS_ECHO 356 for 2 SENT from 17 to 3 at 1316051256.475453 standard 1
VSSECHO_STAGE3 * for * SENT from * to * at 1316051256.475465
VSSECHO_STAGE4 * for * SENT from * to * at 1316051256.475534
BEFORE_LOCK * for 2 SENT from 17 to 4 at 1316051256.475539 standard 1
AFTER_LOCK * for 2 SENT from 17 to 4 at 1316051256.475540 standard 1
AFTER_AFTER_LOCK * for 2 SENT from 17 to 4 at 1316051256.475549 standard 1
AFTER_LOCK2 * for 2 SENT from 17 to 4 at 1316051256.475550 standard 1
VSS_ECHO 357 for 2 SENT from 17 to 4 at 1316051256.475566 standard 1
VSSECHO_STAGE3 * for * SENT from * to * at 1316051256.475578
VSSECHO_STAGE4 * for * SENT from * to * at 1316051256.475652
BEFORE_LOCK * for 2 SENT from 17 to 5 at 1316051256.475657 standard 1
AFTER_LOCK * for 2 SENT from 17 to 5 at 1316051256.475658 standard 1
AFTER_AFTER_LOCK * for 2 SENT from 17 to 5 at 1316051256.475706 standard 1
AFTER_LOCK2 * for 2 SENT from 17 to 5 at 1316051256.475707 standard 1
VSS_ECHO 358 for 2 SENT from 17 to 5 at 1316051256.475741 standard 1
VSSECHO_STAGE3 * for * SENT from * to * at 1316051256.475753
VSSECHO_STAGE4 * for * SENT from * to * at 1316051256.475829
BEFORE_LOCK * for 2 SENT from 17 to 6 at 1316051256.475835 standard 1
AFTER_LOCK * for 2 SENT from 17 to 6 at 1316051256.475836 standard 1
AFTER_AFTER_LOCK * for 2 SENT from 17 to 6 at 1316051256.475845 standard 1
AFTER_LOCK2 * for 2 SENT from 17 to 6 at 1316051256.475845 standard 1
VSS_ECHO 359 for 2 SENT from 17 to 6 at 1316051256.475861 standard 1
VSSECHO_STAGE3 * for * SENT from * to * at 1316051256.475873
VSSECHO_STAGE4 * for * SENT from * to * at 1316051256.475945
BEFORE_LOCK * for 2 SENT from 17 to 7 at 1316051256.475950 standard 1
AFTER_LOCK * for 2 SENT from 17 to 7 at 1316051256.475951 standard 1
AFTER_AFTER_LOCK * for 2 SENT from 17 to 7 at 1316051256.475961 standard 1
AFTER_LOCK2 * for 2 SENT from 17 to 7 at 1316051256.475961 standard 1
VSS_ECHO 360 for 2 SENT from 17 to 7 at 1316051256.475977 standard 1
VSSECHO_STAGE3 * for * SENT from * to * at 1316051256.475989
VSSECHO_STAGE4 * for * SENT from * to * at 1316051256.476062
BEFORE_LOCK * for 2 SENT from 17 to 8 at 1316051256.476067 standard 1
AFTER_LOCK * for 2 SENT from 17 to 8 at 1316051256.476068 standard 1
AFTER_AFTER_LOCK * for 2 SENT from 17 to 8 at 1316051256.476069 standard 1
AFTER_LOCK2 * for 2 SENT from 17 to 8 at 1316051256.476069 standard 1
VSS_ECHO 361 for 2 SENT from 17 to 8 at 1316051256.476084 standard 1
VSSECHO_STAGE3 * for * SENT from * to * at 1316051256.476094
VSSECHO_STAGE4 * for * SENT from * to * at 1316051256.476161
BEFORE_LOCK * for 2 SENT from 17 to 9 at 1316051256.476166 standard 1
AFTER_LOCK * for 2 SENT from 17 to 9 at 1316051256.476167 standard 1
AFTER_AFTER_LOCK * for 2 SENT from 17 to 9 at 1316051256.476213 standard 1
AFTER_LOCK2 * for 2 SENT from 17 to 9 at 1316051256.476214 standard 1
VSS_ECHO 362 for 2 SENT from 17 to 9 at 1316051256.476230 standard 1
VSSECHO_STAGE3 * for * SENT from * to * at 1316051256.476242
VSSECHO_STAGE4 * for * SENT from * to * at 1316051256.476311
BEFORE_LOCK * for 2 SENT from 17 to 10 at 1316051256.476316 standard 1
AFTER_LOCK * for 2 SENT from 17 to 10 at 1316051256.476317 standard 1
AFTER_AFTER_LOCK * for 2 SENT from 17 to 10 at 1316051256.476326 standard 1
AFTER_LOCK2 * for 2 SENT from 17 to 10 at 1316051256.476327 standard 1
VSS_ECHO 363 for 2 SENT from 17 to 10 at 1316051256.476343 standard 1
VSSECHO_STAGE3 * for * SENT from * to * at 1316051256.476354
VSSECHO_STAGE4 * for * SENT from * to * at 1316051256.476425
BEFORE_LOCK * for 2 SENT from 17 to 11 at 1316051256.476430 standard 1
AFTER_LOCK * for 2 SENT from 17 to 11 at 1316051256.476431 standard 1
AFTER_AFTER_LOCK * for 2 SENT from 17 to 11 at 1316051256.476441 standard 1
AFTER_LOCK2 * for 2 SENT from 17 to 11 at 1316051256.476441 standard 1
VSS_ECHO 364 for 2 SENT from 17 to 11 at 1316051256.476457 standard 1
VSSECHO_STAGE3 * for * SENT from * to * at 1316051256.476469
VSSECHO_STAGE4 * for * SENT from * to * at 1316051256.476537
BEFORE_LOCK * for 2 SENT from 17 to 12 at 1316051256.476542 standard 1
AFTER_LOCK * for 2 SENT from 17 to 12 at 1316051256.476543 standard 1
AFTER_AFTER_LOCK * for 2 SENT from 17 to 12 at 1316051256.476552 standard 1
AFTER_LOCK2 * for 2 SENT from 17 to 12 at 1316051256.476552 standard 1
VSS_ECHO 365 for 2 SENT from 17 to 12 at 1316051256.476568 standard 1
VSSECHO_STAGE3 * for * SENT from * to * at 1316051256.476580
VSSECHO_STAGE4 * for * SENT from * to * at 1316051256.476713
BEFORE_LOCK * for 2 SENT from 17 to 13 at 1316051256.476719 standard 1
AFTER_LOCK * for 2 SENT from 17 to 13 at 1316051256.476720 standard 1
AFTER_AFTER_LOCK * for 2 SENT from 17 to 13 at 1316051256.476767 standard 1
AFTER_LOCK2 * for 2 SENT from 17 to 13 at 1316051256.476768 standard 1
VSS_ECHO 366 for 2 SENT from 17 to 13 at 1316051256.476784 standard 1
VSSECHO_STAGE3 * for * SENT from * to * at 1316051256.476803
VSSECHO_STAGE4 * for * SENT from * to * at 1316051256.476888
BEFORE_LOCK * for 2 SENT from 17 to 14 at 1316051256.476894 standard 1
AFTER_LOCK * for 2 SENT from 17 to 14 at 1316051256.476895 standard 1
AFTER_AFTER_LOCK * for 2 SENT from 17 to 14 at 1316051256.476903 standard 1
AFTER_LOCK2 * for 2 SENT from 17 to 14 at 1316051256.476904 standard 1
VSS_ECHO 367 for 2 SENT from 17 to 14 at 1316051256.476921 standard 1
VSSECHO_STAGE3 * for * SENT from * to * at 1316051256.476934
VSSECHO_STAGE4 * for * SENT from * to * at 1316051256.477002
BEFORE_LOCK * for 2 SENT from 17 to 15 at 1316051256.477007 standard 1
AFTER_LOCK * for 2 SENT from 17 to 15 at 1316051256.477008 standard 1
AFTER_AFTER_LOCK * for 2 SENT from 17 to 15 at 1316051256.477017 standard 1
AFTER_LOCK2 * for 2 SENT from 17 to 15 at 1316051256.477017 standard 1
VSS_ECHO 368 for 2 SENT from 17 to 15 at 1316051256.477033 standard 1
VSSECHO_STAGE3 * for * SENT from * to * at 1316051256.477045
VSSECHO_STAGE4 * for * SENT from * to * at 1316051256.477116
BEFORE_LOCK * for 2 SENT from 17 to 16 at 1316051256.477121 standard 1
AFTER_LOCK * for 2 SENT from 17 to 16 at 1316051256.477122 standard 1
AFTER_AFTER_LOCK * for 2 SENT from 17 to 16 at 1316051256.477131 standard 1
AFTER_LOCK2 * for 2 SENT from 17 to 16 at 1316051256.477131 standard 1
VSS_ECHO 369 for 2 SENT from 17 to 16 at 1316051256.477147 standard 1
VSSECHO_STAGE3 * for * SENT from * to * at 1316051256.477159
VSSECHO_STAGE4 * for * SENT from * to * at 1316051256.477226
BEFORE_LOCK * for 2 SENT from 17 to 17 at 1316051256.477231 standard 1
AFTER_LOCK * for 2 SENT from 17 to 17 at 1316051256.477232 standard 1
AFTER_AFTER_LOCK * for 2 SENT from 17 to 17 at 1316051256.477277 standard 1
AFTER_LOCK2 * for 2 SENT from 17 to 17 at 1316051256.477278 standard 1
VSS_ECHO 370 for 2 SENT from 17 to 17 at 1316051256.477294 standard 1
VSSECHO_STAGE3 * for * SENT from * to * at 1316051256.477306
VSSECHO_STAGE4 * for * SENT from * to * at 1316051256.477373
BEFORE_LOCK * for 2 SENT from 17 to 18 at 1316051256.477378 standard 1
AFTER_LOCK * for 2 SENT from 17 to 18 at 1316051256.477379 standard 1
AFTER_AFTER_LOCK * for 2 SENT from 17 to 18 at 1316051256.477387 standard 1
AFTER_LOCK2 * for 2 SENT from 17 to 18 at 1316051256.477388 standard 1
VSS_ECHO 371 for 2 SENT from 17 to 18 at 1316051256.477404 standard 1
VSSECHO_STAGE3 * for * SENT from * to * at 1316051256.477416
VSSECHO_STAGE4 * for * SENT from * to * at 1316051256.477487
BEFORE_LOCK * for 2 SENT from 17 to 19 at 1316051256.477492 standard 1
AFTER_LOCK * for 2 SENT from 17 to 19 at 1316051256.477493 standard 1
AFTER_AFTER_LOCK * for 2 SENT from 17 to 19 at 1316051256.477501 standard 1
AFTER_LOCK2 * for 2 SENT from 17 to 19 at 1316051256.477502 standard 1
VSS_ECHO 372 for 2 SENT from 17 to 19 at 1316051256.477518 standard 1
VSSECHO_STAGE3 * for * SENT from * to * at 1316051256.477529
VSSECHO_STAGE4 * for * SENT from * to * at 1316051256.477597
BEFORE_LOCK * for 2 SENT from 17 to 20 at 1316051256.477601 standard 1
AFTER_LOCK * for 2 SENT from 17 to 20 at 1316051256.477602 standard 1
AFTER_AFTER_LOCK * for 2 SENT from 17 to 20 at 1316051256.477603 standard 1
AFTER_LOCK2 * for 2 SENT from 17 to 20 at 1316051256.477604 standard 1
VSS_ECHO 373 for 2 SENT from 17 to 20 at 1316051256.477618 standard 1
VSS_ECHO 385 for 2 RECEIVED from 7 to 17 at 1316051256.477636
VSS_ECHO 370 for 2 RECEIVED from 17 to 17 at 1316051256.487914
VSS_ECHO 392 for 2 RECEIVED from 14 to 17 at 1316051256.500772
VSS_ECHO 376 for 2 RECEIVED from 19 to 17 at 1316051256.533384
VSS_READY 437 for 2 RECEIVED from 4 to 17 at 1316051256.672013
VSS_READY 103 for 1 RECEIVED from 2 to 17 at 1316051256.689753
VSS_READY 415 for 2 RECEIVED from 9 to 17 at 1316051256.707106
VSS_READY 443 for 2 RECEIVED from 10 to 17 at 1316051256.724698



============================================
*1ENOUGH VSS_READY message for 17 at 1316051256.724698
*Threshold : Ready = 3
*Received Ready Message Num = 3
*Ready messages are sending out...
============================================

BEFORE_LOCK * for 2 SENT from 17 to 1 at 1316051256.744748 standard 1
AFTER_LOCK * for 2 SENT from 17 to 1 at 1316051256.744749 standard 1
AFTER_AFTER_LOCK * for 2 SENT from 17 to 1 at 1316051256.744812 standard 1
AFTER_LOCK2 * for 2 SENT from 17 to 1 at 1316051256.744813 standard 1
VSS_READY 422 for 2 SENT from 17 to 1 at 1316051256.744814 standard 1
BEFORE_LOCK * for 2 SENT from 17 to 2 at 1316051256.747021 standard 1
AFTER_LOCK * for 2 SENT from 17 to 2 at 1316051256.747022 standard 1
AFTER_AFTER_LOCK * for 2 SENT from 17 to 2 at 1316051256.747068 standard 1
AFTER_LOCK2 * for 2 SENT from 17 to 2 at 1316051256.747069 standard 1
VSS_READY 423 for 2 SENT from 17 to 2 at 1316051256.747070 standard 1
BEFORE_LOCK * for 2 SENT from 17 to 3 at 1316051256.749237 standard 1
AFTER_LOCK * for 2 SENT from 17 to 3 at 1316051256.749238 standard 1
AFTER_AFTER_LOCK * for 2 SENT from 17 to 3 at 1316051256.749283 standard 1
AFTER_LOCK2 * for 2 SENT from 17 to 3 at 1316051256.749284 standard 1
VSS_READY 424 for 2 SENT from 17 to 3 at 1316051256.749285 standard 1
BEFORE_LOCK * for 2 SENT from 17 to 4 at 1316051256.751572 standard 1
AFTER_LOCK * for 2 SENT from 17 to 4 at 1316051256.751573 standard 1
AFTER_AFTER_LOCK * for 2 SENT from 17 to 4 at 1316051256.751619 standard 1
AFTER_LOCK2 * for 2 SENT from 17 to 4 at 1316051256.751619 standard 1
VSS_READY 425 for 2 SENT from 17 to 4 at 1316051256.751620 standard 1
BEFORE_LOCK * for 2 SENT from 17 to 5 at 1316051256.753758 standard 1
AFTER_LOCK * for 2 SENT from 17 to 5 at 1316051256.753760 standard 1
AFTER_AFTER_LOCK * for 2 SENT from 17 to 5 at 1316051256.753812 standard 1
AFTER_LOCK2 * for 2 SENT from 17 to 5 at 1316051256.753812 standard 1
VSS_READY 426 for 2 SENT from 17 to 5 at 1316051256.753813 standard 1
BEFORE_LOCK * for 2 SENT from 17 to 6 at 1316051256.756084 standard 1
AFTER_LOCK * for 2 SENT from 17 to 6 at 1316051256.756085 standard 1
AFTER_AFTER_LOCK * for 2 SENT from 17 to 6 at 1316051256.756130 standard 1
AFTER_LOCK2 * for 2 SENT from 17 to 6 at 1316051256.756131 standard 1
VSS_READY 427 for 2 SENT from 17 to 6 at 1316051256.756132 standard 1
BEFORE_LOCK * for 2 SENT from 17 to 7 at 1316051256.758337 standard 1
AFTER_LOCK * for 2 SENT from 17 to 7 at 1316051256.758338 standard 1
AFTER_AFTER_LOCK * for 2 SENT from 17 to 7 at 1316051256.758383 standard 1
AFTER_LOCK2 * for 2 SENT from 17 to 7 at 1316051256.758384 standard 1
VSS_READY 428 for 2 SENT from 17 to 7 at 1316051256.758385 standard 1
BEFORE_LOCK * for 2 SENT from 17 to 8 at 1316051256.760580 standard 1
AFTER_LOCK * for 2 SENT from 17 to 8 at 1316051256.760581 standard 1
AFTER_AFTER_LOCK * for 2 SENT from 17 to 8 at 1316051256.760581 standard 1
AFTER_LOCK2 * for 2 SENT from 17 to 8 at 1316051256.760582 standard 1
VSS_READY 429 for 2 SENT from 17 to 8 at 1316051256.760583 standard 1
BEFORE_LOCK * for 2 SENT from 17 to 9 at 1316051256.762638 standard 1
AFTER_LOCK * for 2 SENT from 17 to 9 at 1316051256.762639 standard 1
AFTER_AFTER_LOCK * for 2 SENT from 17 to 9 at 1316051256.762684 standard 1
AFTER_LOCK2 * for 2 SENT from 17 to 9 at 1316051256.762685 standard 1
VSS_READY 430 for 2 SENT from 17 to 9 at 1316051256.762686 standard 1
BEFORE_LOCK * for 2 SENT from 17 to 10 at 1316051256.764956 standard 1
AFTER_LOCK * for 2 SENT from 17 to 10 at 1316051256.764957 standard 1
AFTER_AFTER_LOCK * for 2 SENT from 17 to 10 at 1316051256.765004 standard 1
AFTER_LOCK2 * for 2 SENT from 17 to 10 at 1316051256.765005 standard 1
VSS_READY 431 for 2 SENT from 17 to 10 at 1316051256.765005 standard 1
BEFORE_LOCK * for 2 SENT from 17 to 11 at 1316051256.767251 standard 1
AFTER_LOCK * for 2 SENT from 17 to 11 at 1316051256.767253 standard 1
AFTER_AFTER_LOCK * for 2 SENT from 17 to 11 at 1316051256.767298 standard 1
AFTER_LOCK2 * for 2 SENT from 17 to 11 at 1316051256.767299 standard 1
VSS_READY 432 for 2 SENT from 17 to 11 at 1316051256.767299 standard 1
BEFORE_LOCK * for 2 SENT from 17 to 12 at 1316051256.769450 standard 1
AFTER_LOCK * for 2 SENT from 17 to 12 at 1316051256.769452 standard 1
AFTER_AFTER_LOCK * for 2 SENT from 17 to 12 at 1316051256.769497 standard 1
AFTER_LOCK2 * for 2 SENT from 17 to 12 at 1316051256.769498 standard 1
VSS_READY 433 for 2 SENT from 17 to 12 at 1316051256.769499 standard 1
BEFORE_LOCK * for 2 SENT from 17 to 13 at 1316051256.771662 standard 1
AFTER_LOCK * for 2 SENT from 17 to 13 at 1316051256.771663 standard 1
AFTER_AFTER_LOCK * for 2 SENT from 17 to 13 at 1316051256.771708 standard 1
AFTER_LOCK2 * for 2 SENT from 17 to 13 at 1316051256.771709 standard 1
VSS_READY 434 for 2 SENT from 17 to 13 at 1316051256.771710 standard 1
BEFORE_LOCK * for 2 SENT from 17 to 14 at 1316051256.773858 standard 1
AFTER_LOCK * for 2 SENT from 17 to 14 at 1316051256.773859 standard 1
AFTER_AFTER_LOCK * for 2 SENT from 17 to 14 at 1316051256.773905 standard 1
AFTER_LOCK2 * for 2 SENT from 17 to 14 at 1316051256.773905 standard 1
VSS_READY 435 for 2 SENT from 17 to 14 at 1316051256.773906 standard 1
BEFORE_LOCK * for 2 SENT from 17 to 15 at 1316051256.776134 standard 1
AFTER_LOCK * for 2 SENT from 17 to 15 at 1316051256.776135 standard 1
AFTER_AFTER_LOCK * for 2 SENT from 17 to 15 at 1316051256.776180 standard 1
AFTER_LOCK2 * for 2 SENT from 17 to 15 at 1316051256.776181 standard 1
VSS_READY 436 for 2 SENT from 17 to 15 at 1316051256.776182 standard 1
BEFORE_LOCK * for 2 SENT from 17 to 16 at 1316051256.778282 standard 1
AFTER_LOCK * for 2 SENT from 17 to 16 at 1316051256.778283 standard 1
AFTER_AFTER_LOCK * for 2 SENT from 17 to 16 at 1316051256.778328 standard 1
AFTER_LOCK2 * for 2 SENT from 17 to 16 at 1316051256.778329 standard 1
VSS_READY 437 for 2 SENT from 17 to 16 at 1316051256.778330 standard 1
BEFORE_LOCK * for 2 SENT from 17 to 17 at 1316051256.780521 standard 1
AFTER_LOCK * for 2 SENT from 17 to 17 at 1316051256.780522 standard 1
AFTER_AFTER_LOCK * for 2 SENT from 17 to 17 at 1316051256.780568 standard 1
AFTER_LOCK2 * for 2 SENT from 17 to 17 at 1316051256.780569 standard 1
VSS_READY 438 for 2 SENT from 17 to 17 at 1316051256.780570 standard 1
BEFORE_LOCK * for 2 SENT from 17 to 18 at 1316051256.782649 standard 1
AFTER_LOCK * for 2 SENT from 17 to 18 at 1316051256.782650 standard 1
AFTER_AFTER_LOCK * for 2 SENT from 17 to 18 at 1316051256.782696 standard 1
AFTER_LOCK2 * for 2 SENT from 17 to 18 at 1316051256.782697 standard 1
VSS_READY 439 for 2 SENT from 17 to 18 at 1316051256.782697 standard 1
BEFORE_LOCK * for 2 SENT from 17 to 19 at 1316051256.784917 standard 1
AFTER_LOCK * for 2 SENT from 17 to 19 at 1316051256.784918 standard 1
AFTER_AFTER_LOCK * for 2 SENT from 17 to 19 at 1316051256.784966 standard 1
AFTER_LOCK2 * for 2 SENT from 17 to 19 at 1316051256.784967 standard 1
VSS_READY 440 for 2 SENT from 17 to 19 at 1316051256.784968 standard 1
BEFORE_LOCK * for 2 SENT from 17 to 20 at 1316051256.787179 standard 1
AFTER_LOCK * for 2 SENT from 17 to 20 at 1316051256.787181 standard 1
AFTER_AFTER_LOCK * for 2 SENT from 17 to 20 at 1316051256.787181 standard 1
AFTER_LOCK2 * for 2 SENT from 17 to 20 at 1316051256.787182 standard 1
VSS_READY 441 for 2 SENT from 17 to 20 at 1316051256.787183 standard 1
VSS_READY 395 for 2 RECEIVED from 11 to 17 at 1316051256.787224
VSS_READY 452 for 2 RECEIVED from 14 to 17 at 1316051256.804689
VSS_ECHO 347 for 2 RECEIVED from 15 to 17 at 1316051256.822171
VSS_READY 438 for 2 RECEIVED from 17 to 17 at 1316051256.832265
VSS_READY 600 for 2 RECEIVED from 1 to 17 at 1316051256.849982
VSS_READY 441 for 2 RECEIVED from 12 to 17 at 1316051256.867405
VSS_READY 416 for 2 RECEIVED from 7 to 17 at 1316051256.884888
VSS_READY 274 for 2 RECEIVED from 5 to 17 at 1316051256.902415
VSS_READY 405 for 2 RECEIVED from 19 to 17 at 1316051256.919817
VSS_READY 459 for 2 RECEIVED from 16 to 17 at 1316051256.937168



*============================================
*2ENOUGH VSS_READY message for 17 at 1316051256.937168
*Threshold : Ready = 12
*Received Ready Message Num = 12
*VSS Share is complete for dealer 2
============================================

BEFORE_LOCK * for 2 SENT from 17 to 1 at 1316051256.955738 standard 1
AFTER_LOCK * for 2 SENT from 17 to 1 at 1316051256.955740 standard 1
AFTER_AFTER_LOCK * for 2 SENT from 17 to 1 at 1316051256.955794 standard 1
AFTER_LOCK2 * for 2 SENT from 17 to 1 at 1316051256.955794 standard 1
VSS_SHARED 528 for 2 SENT from 17 to 1 at 1316051256.955835 standard 1
DKG_SEND 837 for * RECEIVED from 1 to 17 at 1316051256.979136
DKG_ECHO 565 for 1 SENT from 17 to 1 at 1316051257.108269 standard 1
DKG_ECHO 566 for 1 SENT from 17 to 2 at 1316051257.110539 standard 1
DKG_ECHO 567 for 1 SENT from 17 to 3 at 1316051257.112543 standard 1
DKG_ECHO 568 for 1 SENT from 17 to 4 at 1316051257.114622 standard 1
DKG_ECHO 569 for 1 SENT from 17 to 5 at 1316051257.116730 standard 1
DKG_ECHO 570 for 1 SENT from 17 to 6 at 1316051257.118838 standard 1
DKG_ECHO 571 for 1 SENT from 17 to 7 at 1316051257.121063 standard 1
DKG_ECHO 572 for 1 SENT from 17 to 8 at 1316051257.123179 standard 1
DKG_ECHO 573 for 1 SENT from 17 to 9 at 1316051257.125188 standard 1
DKG_ECHO 574 for 1 SENT from 17 to 10 at 1316051257.127302 standard 1
DKG_ECHO 575 for 1 SENT from 17 to 11 at 1316051257.129554 standard 1
DKG_ECHO 576 for 1 SENT from 17 to 12 at 1316051257.131527 standard 1
DKG_ECHO 577 for 1 SENT from 17 to 13 at 1316051257.133588 standard 1
DKG_ECHO 578 for 1 SENT from 17 to 14 at 1316051257.135651 standard 1
DKG_ECHO 579 for 1 SENT from 17 to 15 at 1316051257.137717 standard 1
DKG_ECHO 580 for 1 SENT from 17 to 16 at 1316051257.139711 standard 1
DKG_ECHO 581 for 1 SENT from 17 to 17 at 1316051257.141754 standard 1
DKG_ECHO 582 for 1 SENT from 17 to 18 at 1316051257.144123 standard 1
DKG_ECHO 583 for 1 SENT from 17 to 19 at 1316051257.146146 standard 1
DKG_ECHO 584 for 1 SENT from 17 to 20 at 1316051257.148305 standard 1
DKG_ECHO 601 for 1 RECEIVED from 9 to 17 at 1316051257.148324
DKG_ECHO 602 for 1 RECEIVED from 7 to 17 at 1316051257.150617
DKG_ECHO 601 for 1 RECEIVED from 10 to 17 at 1316051257.152989
DKG_ECHO 579 for 1 RECEIVED from 16 to 17 at 1316051257.155297
DKG_ECHO 581 for 1 RECEIVED from 17 to 17 at 1316051257.157698
DKG_ECHO 916 for 1 RECEIVED from 1 to 17 at 1316051257.160129
DKG_ECHO 552 for 1 RECEIVED from 12 to 17 at 1316051257.162558
DKG_ECHO 600 for 1 RECEIVED from 4 to 17 at 1316051257.186454
DKG_ECHO 602 for 1 RECEIVED from 14 to 17 at 1316051257.200617
VSS_READY 166 for 2 RECEIVED from 2 to 17 at 1316051257.285999
DKG_ECHO 573 for 1 RECEIVED from 11 to 17 at 1316051257.320378
DKG_ECHO 568 for 1 RECEIVED from 19 to 17 at 1316051257.380381
DKG_READY 1076 for 1 RECEIVED from 1 to 17 at 1316051257.524918
DKG_ECHO 429 for 1 RECEIVED from 5 to 17 at 1316051257.530399



============================================
*ENOUGH DKG_ECHO message for 17 at 1316051257.530399
*Threshold : Echo = 12
*Received Echo Message Num = 12
*DKG_Readys are sent out...
============================================

DKG_READY 750 for 1 SENT from 17 to 1 at 1316051257.534878 standard 1
DKG_READY 751 for 1 SENT from 17 to 2 at 1316051257.537016 standard 1
DKG_READY 752 for 1 SENT from 17 to 3 at 1316051257.539107 standard 1
DKG_READY 753 for 1 SENT from 17 to 4 at 1316051257.541173 standard 1
DKG_READY 754 for 1 SENT from 17 to 5 at 1316051257.543344 standard 1
DKG_READY 755 for 1 SENT from 17 to 6 at 1316051257.545333 standard 1
DKG_READY 756 for 1 SENT from 17 to 7 at 1316051257.547341 standard 1
DKG_READY 757 for 1 SENT from 17 to 8 at 1316051257.549367 standard 1
DKG_READY 758 for 1 SENT from 17 to 9 at 1316051257.551338 standard 1
DKG_READY 759 for 1 SENT from 17 to 10 at 1316051257.553345 standard 1
DKG_READY 760 for 1 SENT from 17 to 11 at 1316051257.555374 standard 1
DKG_READY 761 for 1 SENT from 17 to 12 at 1316051257.557461 standard 1
DKG_READY 762 for 1 SENT from 17 to 13 at 1316051257.559469 standard 1
DKG_READY 763 for 1 SENT from 17 to 14 at 1316051257.561476 standard 1
DKG_READY 764 for 1 SENT from 17 to 15 at 1316051257.563425 standard 1
DKG_READY 765 for 1 SENT from 17 to 16 at 1316051257.565561 standard 1
DKG_READY 766 for 1 SENT from 17 to 17 at 1316051257.567713 standard 1
DKG_READY 767 for 1 SENT from 17 to 18 at 1316051257.569696 standard 1
DKG_READY 768 for 1 SENT from 17 to 19 at 1316051257.571945 standard 1
DKG_READY 769 for 1 SENT from 17 to 20 at 1316051257.574038 standard 1
DKG_READY 787 for 1 RECEIVED from 16 to 17 at 1316051257.574080
DKG_READY 766 for 1 RECEIVED from 17 to 17 at 1316051257.576478
DKG_READY 783 for 1 RECEIVED from 4 to 17 at 1316051257.578824
DKG_READY 786 for 1 RECEIVED from 9 to 17 at 1316051257.581091
DKG_READY 762 for 1 RECEIVED from 7 to 17 at 1316051257.583350
DKG_READY 761 for 1 RECEIVED from 10 to 17 at 1316051257.585684
DKG_READY 733 for 1 RECEIVED from 11 to 17 at 1316051257.587974
DKG_READY 762 for 1 RECEIVED from 14 to 17 at 1316051257.597996
DKG_READY 779 for 1 RECEIVED from 12 to 17 at 1316051257.666610
DKG_READY 751 for 1 RECEIVED from 19 to 17 at 1316051257.695477
VSS_ECHO 1246 for 3 RECEIVED from 1 to 17 at 1316051257.718537
VSS_READY 408 for 2 RECEIVED from 15 to 17 at 1316051257.768725
VSS_ECHO 966 for 3 RECEIVED from 9 to 17 at 1316051257.788248
VSS_ECHO 914 for 3 RECEIVED from 12 to 17 at 1316051257.880321
DKG_READY 636 for 1 RECEIVED from 5 to 17 at 1316051257.890583



============================================
*2ENOUGH DKG_READY message for 17 at 1316051257.890583
*Threshold : Ready = 12
*Received Ready Message Num = 12
============================================

DKG_COMPLETE * for 1 RS from 17 to * at 1316051257.890583 :)
