-Run node 7 starting at 1316051239.272918 with version 5.2
-Function node 7 starting at 1316051249.273154
LEADER_CHANGE 1 for * SENT from 7 to 1 at 1316051249.275147 standard 1
VSS_SEND 9 for * RECEIVED from 1 to 7 at 1316051249.275977
VSSECHO_STAGE3 * for * SENT from * to * at 1316051249.292460
VSSECHO_STAGE4 * for * SENT from * to * at 1316051249.292523
BEFORE_LOCK * for 1 SENT from 7 to 1 at 1316051249.292528 standard 1
AFTER_LOCK * for 1 SENT from 7 to 1 at 1316051249.292529 standard 1
AFTER_AFTER_LOCK * for 1 SENT from 7 to 1 at 1316051249.292623 standard 1
AFTER_LOCK2 * for 1 SENT from 7 to 1 at 1316051249.292628 standard 1
VSS_ECHO 4 for 1 SENT from 7 to 1 at 1316051249.292654 standard 1
VSSECHO_STAGE3 * for * SENT from * to * at 1316051249.292667
VSSECHO_STAGE4 * for * SENT from * to * at 1316051249.292807
BEFORE_LOCK * for 1 SENT from 7 to 2 at 1316051249.292813 standard 1
AFTER_LOCK * for 1 SENT from 7 to 2 at 1316051249.292814 standard 1
AFTER_AFTER_LOCK * for 1 SENT from 7 to 2 at 1316051249.292850 standard 1
AFTER_LOCK2 * for 1 SENT from 7 to 2 at 1316051249.292851 standard 1
VSS_ECHO 5 for 1 SENT from 7 to 2 at 1316051249.292866 standard 1
VSSECHO_STAGE3 * for * SENT from * to * at 1316051249.292878
VSSECHO_STAGE4 * for * SENT from * to * at 1316051249.293166
BEFORE_LOCK * for 1 SENT from 7 to 3 at 1316051249.293171 standard 1
AFTER_LOCK * for 1 SENT from 7 to 3 at 1316051249.293172 standard 1
AFTER_AFTER_LOCK * for 1 SENT from 7 to 3 at 1316051249.293192 standard 1
AFTER_LOCK2 * for 1 SENT from 7 to 3 at 1316051249.293193 standard 1
VSS_ECHO 6 for 1 SENT from 7 to 3 at 1316051249.293208 standard 1
VSSECHO_STAGE3 * for * SENT from * to * at 1316051249.293222
VSSECHO_STAGE4 * for * SENT from * to * at 1316051249.293287
BEFORE_LOCK * for 1 SENT from 7 to 4 at 1316051249.293292 standard 1
AFTER_LOCK * for 1 SENT from 7 to 4 at 1316051249.293293 standard 1
AFTER_AFTER_LOCK * for 1 SENT from 7 to 4 at 1316051249.293416 standard 1
AFTER_LOCK2 * for 1 SENT from 7 to 4 at 1316051249.293416 standard 1
VSS_ECHO 7 for 1 SENT from 7 to 4 at 1316051249.293432 standard 1
VSSECHO_STAGE3 * for * SENT from * to * at 1316051249.293443
VSSECHO_STAGE4 * for * SENT from * to * at 1316051249.293507
BEFORE_LOCK * for 1 SENT from 7 to 5 at 1316051249.293512 standard 1
AFTER_LOCK * for 1 SENT from 7 to 5 at 1316051249.293513 standard 1
AFTER_AFTER_LOCK * for 1 SENT from 7 to 5 at 1316051249.293531 standard 1
AFTER_LOCK2 * for 1 SENT from 7 to 5 at 1316051249.293532 standard 1
VSS_ECHO 8 for 1 SENT from 7 to 5 at 1316051249.293547 standard 1
VSSECHO_STAGE3 * for * SENT from * to * at 1316051249.293558
VSSECHO_STAGE4 * for * SENT from * to * at 1316051249.293618
BEFORE_LOCK * for 1 SENT from 7 to 6 at 1316051249.293622 standard 1
AFTER_LOCK * for 1 SENT from 7 to 6 at 1316051249.293623 standard 1
AFTER_AFTER_LOCK * for 1 SENT from 7 to 6 at 1316051249.293640 standard 1
AFTER_LOCK2 * for 1 SENT from 7 to 6 at 1316051249.293643 standard 1
VSS_ECHO 9 for 1 SENT from 7 to 6 at 1316051249.293658 standard 1
VSSECHO_STAGE3 * for * SENT from * to * at 1316051249.293669
VSSECHO_STAGE4 * for * SENT from * to * at 1316051249.293729
BEFORE_LOCK * for 1 SENT from 7 to 7 at 1316051249.293734 standard 1
AFTER_LOCK * for 1 SENT from 7 to 7 at 1316051249.293735 standard 1
AFTER_AFTER_LOCK * for 1 SENT from 7 to 7 at 1316051249.293832 standard 1
AFTER_LOCK2 * for 1 SENT from 7 to 7 at 1316051249.293833 standard 1
VSS_ECHO 10 for 1 SENT from 7 to 7 at 1316051249.293848 standard 1
VSSECHO_STAGE3 * for * SENT from * to * at 1316051249.293858
VSSECHO_STAGE4 * for * SENT from * to * at 1316051249.293919
BEFORE_LOCK * for 1 SENT from 7 to 8 at 1316051249.293924 standard 1
AFTER_LOCK * for 1 SENT from 7 to 8 at 1316051249.293925 standard 1
AFTER_AFTER_LOCK * for 1 SENT from 7 to 8 at 1316051249.293943 standard 1
AFTER_LOCK2 * for 1 SENT from 7 to 8 at 1316051249.293944 standard 1
VSS_ECHO 11 for 1 SENT from 7 to 8 at 1316051249.293959 standard 1
VSSECHO_STAGE3 * for * SENT from * to * at 1316051249.293970
VSSECHO_STAGE4 * for * SENT from * to * at 1316051249.294035
BEFORE_LOCK * for 1 SENT from 7 to 9 at 1316051249.294056 standard 1
AFTER_LOCK * for 1 SENT from 7 to 9 at 1316051249.294056 standard 1
AFTER_AFTER_LOCK * for 1 SENT from 7 to 9 at 1316051249.294122 standard 1
AFTER_LOCK2 * for 1 SENT from 7 to 9 at 1316051249.294123 standard 1
VSS_ECHO 12 for 1 SENT from 7 to 9 at 1316051249.294138 standard 1
VSSECHO_STAGE3 * for * SENT from * to * at 1316051249.294149
VSSECHO_STAGE4 * for * SENT from * to * at 1316051249.294266
BEFORE_LOCK * for 1 SENT from 7 to 10 at 1316051249.294272 standard 1
AFTER_LOCK * for 1 SENT from 7 to 10 at 1316051249.294273 standard 1
AFTER_AFTER_LOCK * for 1 SENT from 7 to 10 at 1316051249.294290 standard 1
AFTER_LOCK2 * for 1 SENT from 7 to 10 at 1316051249.294291 standard 1
VSS_ECHO 13 for 1 SENT from 7 to 10 at 1316051249.294306 standard 1
VSSECHO_STAGE3 * for * SENT from * to * at 1316051249.294317
VSSECHO_STAGE4 * for * SENT from * to * at 1316051249.294377
BEFORE_LOCK * for 1 SENT from 7 to 11 at 1316051249.294382 standard 1
AFTER_LOCK * for 1 SENT from 7 to 11 at 1316051249.294383 standard 1
AFTER_AFTER_LOCK * for 1 SENT from 7 to 11 at 1316051249.294402 standard 1
AFTER_LOCK2 * for 1 SENT from 7 to 11 at 1316051249.294403 standard 1
VSS_ECHO 14 for 1 SENT from 7 to 11 at 1316051249.294421 standard 1
VSSECHO_STAGE3 * for * SENT from * to * at 1316051249.294432
VSSECHO_STAGE4 * for * SENT from * to * at 1316051249.294492
BEFORE_LOCK * for 1 SENT from 7 to 12 at 1316051249.294497 standard 1
AFTER_LOCK * for 1 SENT from 7 to 12 at 1316051249.294498 standard 1
AFTER_AFTER_LOCK * for 1 SENT from 7 to 12 at 1316051249.316138 standard 1
AFTER_LOCK2 * for 1 SENT from 7 to 12 at 1316051249.316139 standard 1
VSS_ECHO 15 for 1 SENT from 7 to 12 at 1316051249.316173 standard 1
VSSECHO_STAGE3 * for * SENT from * to * at 1316051249.316205
VSSECHO_STAGE4 * for * SENT from * to * at 1316051249.316298
BEFORE_LOCK * for 1 SENT from 7 to 13 at 1316051249.316306 standard 1
AFTER_LOCK * for 1 SENT from 7 to 13 at 1316051249.316307 standard 1
AFTER_AFTER_LOCK * for 1 SENT from 7 to 13 at 1316051249.316316 standard 1
AFTER_LOCK2 * for 1 SENT from 7 to 13 at 1316051249.316317 standard 1
VSS_ECHO 16 for 1 SENT from 7 to 13 at 1316051249.316332 standard 1
VSSECHO_STAGE3 * for * SENT from * to * at 1316051249.316343
VSSECHO_STAGE4 * for * SENT from * to * at 1316051249.316405
BEFORE_LOCK * for 1 SENT from 7 to 14 at 1316051249.316410 standard 1
AFTER_LOCK * for 1 SENT from 7 to 14 at 1316051249.316411 standard 1
AFTER_AFTER_LOCK * for 1 SENT from 7 to 14 at 1316051249.316421 standard 1
AFTER_LOCK2 * for 1 SENT from 7 to 14 at 1316051249.316422 standard 1
VSS_ECHO 17 for 1 SENT from 7 to 14 at 1316051249.316436 standard 1
VSSECHO_STAGE3 * for * SENT from * to * at 1316051249.316447
VSSECHO_STAGE4 * for * SENT from * to * at 1316051249.316508
BEFORE_LOCK * for 1 SENT from 7 to 15 at 1316051249.316513 standard 1
AFTER_LOCK * for 1 SENT from 7 to 15 at 1316051249.316514 standard 1
AFTER_AFTER_LOCK * for 1 SENT from 7 to 15 at 1316051249.316524 standard 1
AFTER_LOCK2 * for 1 SENT from 7 to 15 at 1316051249.316525 standard 1
VSS_ECHO 18 for 1 SENT from 7 to 15 at 1316051249.316539 standard 1
VSSECHO_STAGE3 * for * SENT from * to * at 1316051249.316550
VSSECHO_STAGE4 * for * SENT from * to * at 1316051249.316610
BEFORE_LOCK * for 1 SENT from 7 to 16 at 1316051249.316615 standard 1
AFTER_LOCK * for 1 SENT from 7 to 16 at 1316051249.316616 standard 1
AFTER_AFTER_LOCK * for 1 SENT from 7 to 16 at 1316051249.316671 standard 1
AFTER_LOCK2 * for 1 SENT from 7 to 16 at 1316051249.316672 standard 1
VSS_ECHO 19 for 1 SENT from 7 to 16 at 1316051249.316686 standard 1
VSSECHO_STAGE3 * for * SENT from * to * at 1316051249.316697
VSSECHO_STAGE4 * for * SENT from * to * at 1316051249.316764
BEFORE_LOCK * for 1 SENT from 7 to 17 at 1316051249.316769 standard 1
AFTER_LOCK * for 1 SENT from 7 to 17 at 1316051249.316770 standard 1
AFTER_AFTER_LOCK * for 1 SENT from 7 to 17 at 1316051249.316792 standard 1
AFTER_LOCK2 * for 1 SENT from 7 to 17 at 1316051249.316793 standard 1
VSS_ECHO 20 for 1 SENT from 7 to 17 at 1316051249.316808 standard 1
VSSECHO_STAGE3 * for * SENT from * to * at 1316051249.316839
VSSECHO_STAGE4 * for * SENT from * to * at 1316051249.316901
BEFORE_LOCK * for 1 SENT from 7 to 18 at 1316051249.316906 standard 1
AFTER_LOCK * for 1 SENT from 7 to 18 at 1316051249.316907 standard 1
AFTER_AFTER_LOCK * for 1 SENT from 7 to 18 at 1316051249.317081 standard 1
AFTER_LOCK2 * for 1 SENT from 7 to 18 at 1316051249.317082 standard 1
VSS_ECHO 21 for 1 SENT from 7 to 18 at 1316051249.317097 standard 1
VSSECHO_STAGE3 * for * SENT from * to * at 1316051249.317108
VSSECHO_STAGE4 * for * SENT from * to * at 1316051249.317178
BEFORE_LOCK * for 1 SENT from 7 to 19 at 1316051249.317183 standard 1
AFTER_LOCK * for 1 SENT from 7 to 19 at 1316051249.317184 standard 1
AFTER_AFTER_LOCK * for 1 SENT from 7 to 19 at 1316051249.318699 standard 1
AFTER_LOCK2 * for 1 SENT from 7 to 19 at 1316051249.318700 standard 1
VSS_ECHO 22 for 1 SENT from 7 to 19 at 1316051249.318719 standard 1
VSSECHO_STAGE3 * for * SENT from * to * at 1316051249.318731
VSSECHO_STAGE4 * for * SENT from * to * at 1316051249.318793
BEFORE_LOCK * for 1 SENT from 7 to 20 at 1316051249.318798 standard 1
AFTER_LOCK * for 1 SENT from 7 to 20 at 1316051249.318799 standard 1
AFTER_AFTER_LOCK * for 1 SENT from 7 to 20 at 1316051249.320236 standard 1
AFTER_LOCK2 * for 1 SENT from 7 to 20 at 1316051249.320237 standard 1
VSS_ECHO 23 for 1 SENT from 7 to 20 at 1316051249.320255 standard 1
VSS_ECHO 10 for 1 RECEIVED from 12 to 7 at 1316051249.320281
VSS_ECHO 10 for 1 RECEIVED from 9 to 7 at 1316051249.329670
VSS_ECHO 42 for 1 RECEIVED from 1 to 7 at 1316051249.338978
VSS_ECHO 10 for 1 RECEIVED from 7 to 7 at 1316051249.347632
VSS_ECHO 10 for 1 RECEIVED from 10 to 7 at 1316051249.439688
VSS_ECHO 10 for 1 RECEIVED from 17 to 7 at 1316051249.964198
VSS_ECHO 10 for 1 RECEIVED from 14 to 7 at 1316051250.320665
VSS_ECHO 10 for 1 RECEIVED from 16 to 7 at 1316051250.347530
VSS_ECHO 10 for 1 RECEIVED from 15 to 7 at 1316051251.288801
VSS_READY 208 for 1 RECEIVED from 1 to 7 at 1316051251.515276
VSS_READY 42 for 1 RECEIVED from 14 to 7 at 1316051251.530380
VSS_READY 42 for 1 RECEIVED from 17 to 7 at 1316051251.545591



============================================
*1ENOUGH VSS_READY message for 7 at 1316051251.545591
*Threshold : Ready = 3
*Received Ready Message Num = 3
*Ready messages are sending out...
============================================

BEFORE_LOCK * for 1 SENT from 7 to 1 at 1316051251.563173 standard 1
AFTER_LOCK * for 1 SENT from 7 to 1 at 1316051251.563174 standard 1
AFTER_AFTER_LOCK * for 1 SENT from 7 to 1 at 1316051251.563297 standard 1
AFTER_LOCK2 * for 1 SENT from 7 to 1 at 1316051251.563299 standard 1
VSS_READY 51 for 1 SENT from 7 to 1 at 1316051251.563299 standard 1
BEFORE_LOCK * for 1 SENT from 7 to 2 at 1316051251.565181 standard 1
AFTER_LOCK * for 1 SENT from 7 to 2 at 1316051251.565182 standard 1
AFTER_AFTER_LOCK * for 1 SENT from 7 to 2 at 1316051251.565235 standard 1
AFTER_LOCK2 * for 1 SENT from 7 to 2 at 1316051251.565247 standard 1
VSS_READY 52 for 1 SENT from 7 to 2 at 1316051251.565247 standard 1
BEFORE_LOCK * for 1 SENT from 7 to 3 at 1316051251.567108 standard 1
AFTER_LOCK * for 1 SENT from 7 to 3 at 1316051251.567109 standard 1
AFTER_AFTER_LOCK * for 1 SENT from 7 to 3 at 1316051251.567265 standard 1
AFTER_LOCK2 * for 1 SENT from 7 to 3 at 1316051251.567266 standard 1
VSS_READY 53 for 1 SENT from 7 to 3 at 1316051251.567267 standard 1
BEFORE_LOCK * for 1 SENT from 7 to 4 at 1316051251.569145 standard 1
AFTER_LOCK * for 1 SENT from 7 to 4 at 1316051251.569146 standard 1
AFTER_AFTER_LOCK * for 1 SENT from 7 to 4 at 1316051251.569217 standard 1
AFTER_LOCK2 * for 1 SENT from 7 to 4 at 1316051251.569223 standard 1
VSS_READY 54 for 1 SENT from 7 to 4 at 1316051251.569223 standard 1
BEFORE_LOCK * for 1 SENT from 7 to 5 at 1316051251.571163 standard 1
AFTER_LOCK * for 1 SENT from 7 to 5 at 1316051251.571164 standard 1
AFTER_AFTER_LOCK * for 1 SENT from 7 to 5 at 1316051251.571216 standard 1
AFTER_LOCK2 * for 1 SENT from 7 to 5 at 1316051251.571222 standard 1
VSS_READY 55 for 1 SENT from 7 to 5 at 1316051251.571223 standard 1
BEFORE_LOCK * for 1 SENT from 7 to 6 at 1316051251.573103 standard 1
AFTER_LOCK * for 1 SENT from 7 to 6 at 1316051251.573104 standard 1
AFTER_AFTER_LOCK * for 1 SENT from 7 to 6 at 1316051251.573161 standard 1
AFTER_LOCK2 * for 1 SENT from 7 to 6 at 1316051251.573167 standard 1
VSS_READY 56 for 1 SENT from 7 to 6 at 1316051251.573168 standard 1
BEFORE_LOCK * for 1 SENT from 7 to 7 at 1316051251.574932 standard 1
AFTER_LOCK * for 1 SENT from 7 to 7 at 1316051251.574933 standard 1
AFTER_AFTER_LOCK * for 1 SENT from 7 to 7 at 1316051251.574985 standard 1
AFTER_LOCK2 * for 1 SENT from 7 to 7 at 1316051251.574991 standard 1
VSS_READY 57 for 1 SENT from 7 to 7 at 1316051251.574993 standard 1
BEFORE_LOCK * for 1 SENT from 7 to 8 at 1316051251.576869 standard 1
AFTER_LOCK * for 1 SENT from 7 to 8 at 1316051251.576870 standard 1
AFTER_AFTER_LOCK * for 1 SENT from 7 to 8 at 1316051251.576871 standard 1
AFTER_LOCK2 * for 1 SENT from 7 to 8 at 1316051251.576871 standard 1
VSS_READY 58 for 1 SENT from 7 to 8 at 1316051251.576872 standard 1
BEFORE_LOCK * for 1 SENT from 7 to 9 at 1316051251.578641 standard 1
AFTER_LOCK * for 1 SENT from 7 to 9 at 1316051251.578642 standard 1
AFTER_AFTER_LOCK * for 1 SENT from 7 to 9 at 1316051251.578695 standard 1
AFTER_LOCK2 * for 1 SENT from 7 to 9 at 1316051251.578701 standard 1
VSS_READY 59 for 1 SENT from 7 to 9 at 1316051251.578701 standard 1
BEFORE_LOCK * for 1 SENT from 7 to 10 at 1316051251.580508 standard 1
AFTER_LOCK * for 1 SENT from 7 to 10 at 1316051251.580509 standard 1
AFTER_AFTER_LOCK * for 1 SENT from 7 to 10 at 1316051251.580562 standard 1
AFTER_LOCK2 * for 1 SENT from 7 to 10 at 1316051251.580568 standard 1
VSS_READY 60 for 1 SENT from 7 to 10 at 1316051251.580568 standard 1
BEFORE_LOCK * for 1 SENT from 7 to 11 at 1316051251.582463 standard 1
AFTER_LOCK * for 1 SENT from 7 to 11 at 1316051251.582464 standard 1
AFTER_AFTER_LOCK * for 1 SENT from 7 to 11 at 1316051251.582476 standard 1
AFTER_LOCK2 * for 1 SENT from 7 to 11 at 1316051251.582482 standard 1
VSS_READY 61 for 1 SENT from 7 to 11 at 1316051251.582482 standard 1
BEFORE_LOCK * for 1 SENT from 7 to 12 at 1316051251.584419 standard 1
AFTER_LOCK * for 1 SENT from 7 to 12 at 1316051251.584420 standard 1
AFTER_AFTER_LOCK * for 1 SENT from 7 to 12 at 1316051251.584475 standard 1
AFTER_LOCK2 * for 1 SENT from 7 to 12 at 1316051251.584481 standard 1
VSS_READY 62 for 1 SENT from 7 to 12 at 1316051251.584481 standard 1
BEFORE_LOCK * for 1 SENT from 7 to 13 at 1316051251.586280 standard 1
AFTER_LOCK * for 1 SENT from 7 to 13 at 1316051251.586281 standard 1
AFTER_AFTER_LOCK * for 1 SENT from 7 to 13 at 1316051251.586333 standard 1
AFTER_LOCK2 * for 1 SENT from 7 to 13 at 1316051251.586339 standard 1
VSS_READY 63 for 1 SENT from 7 to 13 at 1316051251.586339 standard 1
BEFORE_LOCK * for 1 SENT from 7 to 14 at 1316051251.588156 standard 1
AFTER_LOCK * for 1 SENT from 7 to 14 at 1316051251.588158 standard 1
AFTER_AFTER_LOCK * for 1 SENT from 7 to 14 at 1316051251.588355 standard 1
AFTER_LOCK2 * for 1 SENT from 7 to 14 at 1316051251.588361 standard 1
VSS_READY 64 for 1 SENT from 7 to 14 at 1316051251.588362 standard 1
BEFORE_LOCK * for 1 SENT from 7 to 15 at 1316051251.590175 standard 1
AFTER_LOCK * for 1 SENT from 7 to 15 at 1316051251.590176 standard 1
AFTER_AFTER_LOCK * for 1 SENT from 7 to 15 at 1316051251.590228 standard 1
AFTER_LOCK2 * for 1 SENT from 7 to 15 at 1316051251.590234 standard 1
VSS_READY 65 for 1 SENT from 7 to 15 at 1316051251.590235 standard 1
BEFORE_LOCK * for 1 SENT from 7 to 16 at 1316051251.592062 standard 1
AFTER_LOCK * for 1 SENT from 7 to 16 at 1316051251.592062 standard 1
AFTER_AFTER_LOCK * for 1 SENT from 7 to 16 at 1316051251.592165 standard 1
AFTER_LOCK2 * for 1 SENT from 7 to 16 at 1316051251.592166 standard 1
VSS_READY 66 for 1 SENT from 7 to 16 at 1316051251.592166 standard 1
BEFORE_LOCK * for 1 SENT from 7 to 17 at 1316051251.593927 standard 1
AFTER_LOCK * for 1 SENT from 7 to 17 at 1316051251.593928 standard 1
AFTER_AFTER_LOCK * for 1 SENT from 7 to 17 at 1316051251.593980 standard 1
AFTER_LOCK2 * for 1 SENT from 7 to 17 at 1316051251.593985 standard 1
VSS_READY 67 for 1 SENT from 7 to 17 at 1316051251.593986 standard 1
BEFORE_LOCK * for 1 SENT from 7 to 18 at 1316051251.595697 standard 1
AFTER_LOCK * for 1 SENT from 7 to 18 at 1316051251.595698 standard 1
AFTER_AFTER_LOCK * for 1 SENT from 7 to 18 at 1316051251.595750 standard 1
AFTER_LOCK2 * for 1 SENT from 7 to 18 at 1316051251.595756 standard 1
VSS_READY 68 for 1 SENT from 7 to 18 at 1316051251.595757 standard 1
BEFORE_LOCK * for 1 SENT from 7 to 19 at 1316051251.597664 standard 1
AFTER_LOCK * for 1 SENT from 7 to 19 at 1316051251.597665 standard 1
AFTER_AFTER_LOCK * for 1 SENT from 7 to 19 at 1316051251.597717 standard 1
AFTER_LOCK2 * for 1 SENT from 7 to 19 at 1316051251.597722 standard 1
VSS_READY 69 for 1 SENT from 7 to 19 at 1316051251.597723 standard 1
BEFORE_LOCK * for 1 SENT from 7 to 20 at 1316051251.599557 standard 1
AFTER_LOCK * for 1 SENT from 7 to 20 at 1316051251.599558 standard 1
AFTER_AFTER_LOCK * for 1 SENT from 7 to 20 at 1316051251.599559 standard 1
AFTER_LOCK2 * for 1 SENT from 7 to 20 at 1316051251.599560 standard 1
VSS_READY 70 for 1 SENT from 7 to 20 at 1316051251.599561 standard 1
VSS_ECHO 10 for 1 RECEIVED from 6 to 7 at 1316051251.599605
VSS_READY 57 for 1 RECEIVED from 7 to 7 at 1316051251.627460
VSS_READY 59 for 1 RECEIVED from 10 to 7 at 1316051251.642655
VSS_READY 56 for 1 RECEIVED from 16 to 7 at 1316051251.657703
VSS_ECHO 10 for 1 RECEIVED from 19 to 7 at 1316051251.672950
VSS_READY 59 for 1 RECEIVED from 9 to 7 at 1316051251.681817
VSS_READY 42 for 1 RECEIVED from 15 to 7 at 1316051251.696963
VSS_READY 58 for 1 RECEIVED from 12 to 7 at 1316051251.712222
VSS_READY 35 for 1 RECEIVED from 11 to 7 at 1316051251.727432
VSS_ECHO 298 for 4 RECEIVED from 1 to 7 at 1316051252.240167
VSS_ECHO 124 for 4 RECEIVED from 12 to 7 at 1316051252.249276
VSS_ECHO 132 for 4 RECEIVED from 9 to 7 at 1316051252.258106
VSS_ECHO 36 for 1 RECEIVED from 4 to 7 at 1316051252.266939
VSS_ECHO 122 for 4 RECEIVED from 10 to 7 at 1316051252.275716
VSS_ECHO 104 for 4 RECEIVED from 11 to 7 at 1316051252.284616
VSS_ECHO 131 for 4 RECEIVED from 14 to 7 at 1316051252.293545
VSS_ECHO 134 for 4 RECEIVED from 16 to 7 at 1316051252.302314
VSS_ECHO 118 for 4 RECEIVED from 17 to 7 at 1316051252.311065
VSS_READY 55 for 1 RECEIVED from 19 to 7 at 1316051252.319914
VSS_ECHO 10 for 1 RECEIVED from 18 to 7 at 1316051252.335021
VSS_READY 74 for 1 RECEIVED from 4 to 7 at 1316051252.344123



*============================================
*2ENOUGH VSS_READY message for 7 at 1316051252.344123
*Threshold : Ready = 12
*Received Ready Message Num = 12
*VSS Share is complete for dealer 1
============================================

BEFORE_LOCK * for 1 SENT from 7 to 1 at 1316051252.359925 standard 1
AFTER_LOCK * for 1 SENT from 7 to 1 at 1316051252.359927 standard 1
AFTER_AFTER_LOCK * for 1 SENT from 7 to 1 at 1316051252.360021 standard 1
AFTER_LOCK2 * for 1 SENT from 7 to 1 at 1316051252.360026 standard 1
VSS_SHARED 142 for 1 SENT from 7 to 1 at 1316051252.360043 standard 1
VSS_SEND 9 for * RECEIVED from 4 to 7 at 1316051252.360077
VSSECHO_STAGE3 * for * SENT from * to * at 1316051252.376503
VSSECHO_STAGE4 * for * SENT from * to * at 1316051252.376571
BEFORE_LOCK * for 4 SENT from 7 to 1 at 1316051252.376576 standard 1
AFTER_LOCK * for 4 SENT from 7 to 1 at 1316051252.376577 standard 1
AFTER_AFTER_LOCK * for 4 SENT from 7 to 1 at 1316051252.376634 standard 1
AFTER_LOCK2 * for 4 SENT from 7 to 1 at 1316051252.376635 standard 1
VSS_ECHO 145 for 4 SENT from 7 to 1 at 1316051252.376651 standard 1
VSSECHO_STAGE3 * for * SENT from * to * at 1316051252.376663
VSSECHO_STAGE4 * for * SENT from * to * at 1316051252.376724
BEFORE_LOCK * for 4 SENT from 7 to 2 at 1316051252.376729 standard 1
AFTER_LOCK * for 4 SENT from 7 to 2 at 1316051252.376730 standard 1
AFTER_AFTER_LOCK * for 4 SENT from 7 to 2 at 1316051252.376741 standard 1
AFTER_LOCK2 * for 4 SENT from 7 to 2 at 1316051252.376742 standard 1
VSS_ECHO 146 for 4 SENT from 7 to 2 at 1316051252.376758 standard 1
VSSECHO_STAGE3 * for * SENT from * to * at 1316051252.376800
VSSECHO_STAGE4 * for * SENT from * to * at 1316051252.376876
BEFORE_LOCK * for 4 SENT from 7 to 3 at 1316051252.376881 standard 1
AFTER_LOCK * for 4 SENT from 7 to 3 at 1316051252.376883 standard 1
AFTER_AFTER_LOCK * for 4 SENT from 7 to 3 at 1316051252.376895 standard 1
AFTER_LOCK2 * for 4 SENT from 7 to 3 at 1316051252.376896 standard 1
VSS_ECHO 147 for 4 SENT from 7 to 3 at 1316051252.376911 standard 1
VSSECHO_STAGE3 * for * SENT from * to * at 1316051252.376922
VSSECHO_STAGE4 * for * SENT from * to * at 1316051252.376984
BEFORE_LOCK * for 4 SENT from 7 to 4 at 1316051252.376989 standard 1
AFTER_LOCK * for 4 SENT from 7 to 4 at 1316051252.376990 standard 1
AFTER_AFTER_LOCK * for 4 SENT from 7 to 4 at 1316051252.377002 standard 1
AFTER_LOCK2 * for 4 SENT from 7 to 4 at 1316051252.377003 standard 1
VSS_ECHO 148 for 4 SENT from 7 to 4 at 1316051252.377018 standard 1
VSSECHO_STAGE3 * for * SENT from * to * at 1316051252.377028
VSSECHO_STAGE4 * for * SENT from * to * at 1316051252.377090
BEFORE_LOCK * for 4 SENT from 7 to 5 at 1316051252.377095 standard 1
AFTER_LOCK * for 4 SENT from 7 to 5 at 1316051252.377096 standard 1
AFTER_AFTER_LOCK * for 4 SENT from 7 to 5 at 1316051252.377106 standard 1
AFTER_LOCK2 * for 4 SENT from 7 to 5 at 1316051252.377107 standard 1
VSS_ECHO 149 for 4 SENT from 7 to 5 at 1316051252.377126 standard 1
VSSECHO_STAGE3 * for * SENT from * to * at 1316051252.377137
VSSECHO_STAGE4 * for * SENT from * to * at 1316051252.377197
BEFORE_LOCK * for 4 SENT from 7 to 6 at 1316051252.377202 standard 1
AFTER_LOCK * for 4 SENT from 7 to 6 at 1316051252.377203 standard 1
AFTER_AFTER_LOCK * for 4 SENT from 7 to 6 at 1316051252.377213 standard 1
AFTER_LOCK2 * for 4 SENT from 7 to 6 at 1316051252.377213 standard 1
VSS_ECHO 150 for 4 SENT from 7 to 6 at 1316051252.377228 standard 1
VSSECHO_STAGE3 * for * SENT from * to * at 1316051252.377239
VSSECHO_STAGE4 * for * SENT from * to * at 1316051252.377300
BEFORE_LOCK * for 4 SENT from 7 to 7 at 1316051252.377305 standard 1
AFTER_LOCK * for 4 SENT from 7 to 7 at 1316051252.377306 standard 1
AFTER_AFTER_LOCK * for 4 SENT from 7 to 7 at 1316051252.377315 standard 1
AFTER_LOCK2 * for 4 SENT from 7 to 7 at 1316051252.377316 standard 1
VSS_ECHO 151 for 4 SENT from 7 to 7 at 1316051252.377331 standard 1
VSSECHO_STAGE3 * for * SENT from * to * at 1316051252.377342
VSSECHO_STAGE4 * for * SENT from * to * at 1316051252.377410
BEFORE_LOCK * for 4 SENT from 7 to 8 at 1316051252.377415 standard 1
AFTER_LOCK * for 4 SENT from 7 to 8 at 1316051252.377416 standard 1
AFTER_AFTER_LOCK * for 4 SENT from 7 to 8 at 1316051252.377417 standard 1
AFTER_LOCK2 * for 4 SENT from 7 to 8 at 1316051252.377418 standard 1
VSS_ECHO 152 for 4 SENT from 7 to 8 at 1316051252.377431 standard 1
VSSECHO_STAGE3 * for * SENT from * to * at 1316051252.377440
VSSECHO_STAGE4 * for * SENT from * to * at 1316051252.377500
BEFORE_LOCK * for 4 SENT from 7 to 9 at 1316051252.377505 standard 1
AFTER_LOCK * for 4 SENT from 7 to 9 at 1316051252.377506 standard 1
AFTER_AFTER_LOCK * for 4 SENT from 7 to 9 at 1316051252.377639 standard 1
AFTER_LOCK2 * for 4 SENT from 7 to 9 at 1316051252.377640 standard 1
VSS_ECHO 153 for 4 SENT from 7 to 9 at 1316051252.377655 standard 1
VSSECHO_STAGE3 * for * SENT from * to * at 1316051252.377666
VSSECHO_STAGE4 * for * SENT from * to * at 1316051252.377727
BEFORE_LOCK * for 4 SENT from 7 to 10 at 1316051252.377731 standard 1
AFTER_LOCK * for 4 SENT from 7 to 10 at 1316051252.377733 standard 1
AFTER_AFTER_LOCK * for 4 SENT from 7 to 10 at 1316051252.377744 standard 1
AFTER_LOCK2 * for 4 SENT from 7 to 10 at 1316051252.377744 standard 1
VSS_ECHO 154 for 4 SENT from 7 to 10 at 1316051252.377759 standard 1
VSSECHO_STAGE3 * for * SENT from * to * at 1316051252.377769
VSSECHO_STAGE4 * for * SENT from * to * at 1316051252.377831
BEFORE_LOCK * for 4 SENT from 7 to 11 at 1316051252.377836 standard 1
AFTER_LOCK * for 4 SENT from 7 to 11 at 1316051252.377837 standard 1
AFTER_AFTER_LOCK * for 4 SENT from 7 to 11 at 1316051252.377847 standard 1
AFTER_LOCK2 * for 4 SENT from 7 to 11 at 1316051252.377847 standard 1
VSS_ECHO 155 for 4 SENT from 7 to 11 at 1316051252.377870 standard 1
VSSECHO_STAGE3 * for * SENT from * to * at 1316051252.377881
VSSECHO_STAGE4 * for * SENT from * to * at 1316051252.377944
BEFORE_LOCK * for 4 SENT from 7 to 12 at 1316051252.377949 standard 1
AFTER_LOCK * for 4 SENT from 7 to 12 at 1316051252.377950 standard 1
AFTER_AFTER_LOCK * for 4 SENT from 7 to 12 at 1316051252.377960 standard 1
AFTER_LOCK2 * for 4 SENT from 7 to 12 at 1316051252.377961 standard 1
VSS_ECHO 156 for 4 SENT from 7 to 12 at 1316051252.377978 standard 1
VSSECHO_STAGE3 * for * SENT from * to * at 1316051252.377990
VSSECHO_STAGE4 * for * SENT from * to * at 1316051252.378145
BEFORE_LOCK * for 4 SENT from 7 to 13 at 1316051252.378155 standard 1
AFTER_LOCK * for 4 SENT from 7 to 13 at 1316051252.378156 standard 1
AFTER_AFTER_LOCK * for 4 SENT from 7 to 13 at 1316051252.378166 standard 1
AFTER_LOCK2 * for 4 SENT from 7 to 13 at 1316051252.378171 standard 1
VSS_ECHO 157 for 4 SENT from 7 to 13 at 1316051252.378188 standard 1
VSSECHO_STAGE3 * for * SENT from * to * at 1316051252.378200
VSSECHO_STAGE4 * for * SENT from * to * at 1316051252.378263
BEFORE_LOCK * for 4 SENT from 7 to 14 at 1316051252.378269 standard 1
AFTER_LOCK * for 4 SENT from 7 to 14 at 1316051252.378270 standard 1
AFTER_AFTER_LOCK * for 4 SENT from 7 to 14 at 1316051252.378409 standard 1
AFTER_LOCK2 * for 4 SENT from 7 to 14 at 1316051252.378415 standard 1
VSS_ECHO 158 for 4 SENT from 7 to 14 at 1316051252.378433 standard 1
VSSECHO_STAGE3 * for * SENT from * to * at 1316051252.378445
VSSECHO_STAGE4 * for * SENT from * to * at 1316051252.378505
BEFORE_LOCK * for 4 SENT from 7 to 15 at 1316051252.378510 standard 1
AFTER_LOCK * for 4 SENT from 7 to 15 at 1316051252.378511 standard 1
AFTER_AFTER_LOCK * for 4 SENT from 7 to 15 at 1316051252.378522 standard 1
AFTER_LOCK2 * for 4 SENT from 7 to 15 at 1316051252.378523 standard 1
VSS_ECHO 159 for 4 SENT from 7 to 15 at 1316051252.378538 standard 1
VSSECHO_STAGE3 * for * SENT from * to * at 1316051252.378549
VSSECHO_STAGE4 * for * SENT from * to * at 1316051252.378613
BEFORE_LOCK * for 4 SENT from 7 to 16 at 1316051252.378618 standard 1
AFTER_LOCK * for 4 SENT from 7 to 16 at 1316051252.378619 standard 1
AFTER_AFTER_LOCK * for 4 SENT from 7 to 16 at 1316051252.378632 standard 1
AFTER_LOCK2 * for 4 SENT from 7 to 16 at 1316051252.378633 standard 1
VSS_ECHO 160 for 4 SENT from 7 to 16 at 1316051252.378653 standard 1
VSSECHO_STAGE3 * for * SENT from * to * at 1316051252.378667
VSSECHO_STAGE4 * for * SENT from * to * at 1316051252.378732
BEFORE_LOCK * for 4 SENT from 7 to 17 at 1316051252.378738 standard 1
AFTER_LOCK * for 4 SENT from 7 to 17 at 1316051252.378739 standard 1
AFTER_AFTER_LOCK * for 4 SENT from 7 to 17 at 1316051252.378752 standard 1
AFTER_LOCK2 * for 4 SENT from 7 to 17 at 1316051252.378753 standard 1
VSS_ECHO 161 for 4 SENT from 7 to 17 at 1316051252.378773 standard 1
VSSECHO_STAGE3 * for * SENT from * to * at 1316051252.378785
VSSECHO_STAGE4 * for * SENT from * to * at 1316051252.378846
BEFORE_LOCK * for 4 SENT from 7 to 18 at 1316051252.378852 standard 1
AFTER_LOCK * for 4 SENT from 7 to 18 at 1316051252.378853 standard 1
AFTER_AFTER_LOCK * for 4 SENT from 7 to 18 at 1316051252.378864 standard 1
AFTER_LOCK2 * for 4 SENT from 7 to 18 at 1316051252.378870 standard 1
VSS_ECHO 162 for 4 SENT from 7 to 18 at 1316051252.378890 standard 1
VSSECHO_STAGE3 * for * SENT from * to * at 1316051252.378901
VSSECHO_STAGE4 * for * SENT from * to * at 1316051252.378968
BEFORE_LOCK * for 4 SENT from 7 to 19 at 1316051252.378974 standard 1
AFTER_LOCK * for 4 SENT from 7 to 19 at 1316051252.378975 standard 1
AFTER_AFTER_LOCK * for 4 SENT from 7 to 19 at 1316051252.378986 standard 1
AFTER_LOCK2 * for 4 SENT from 7 to 19 at 1316051252.378992 standard 1
VSS_ECHO 163 for 4 SENT from 7 to 19 at 1316051252.379009 standard 1
VSSECHO_STAGE3 * for * SENT from * to * at 1316051252.379021
VSSECHO_STAGE4 * for * SENT from * to * at 1316051252.379089
BEFORE_LOCK * for 4 SENT from 7 to 20 at 1316051252.379102 standard 1
AFTER_LOCK * for 4 SENT from 7 to 20 at 1316051252.379103 standard 1
AFTER_AFTER_LOCK * for 4 SENT from 7 to 20 at 1316051252.379104 standard 1
AFTER_LOCK2 * for 4 SENT from 7 to 20 at 1316051252.379105 standard 1
VSS_ECHO 164 for 4 SENT from 7 to 20 at 1316051252.379118 standard 1
VSS_ECHO 151 for 4 RECEIVED from 7 to 7 at 1316051252.379144
VSS_ECHO 134 for 4 RECEIVED from 15 to 7 at 1316051252.387944
VSS_READY 53 for 1 RECEIVED from 18 to 7 at 1316051252.547432
VSS_ECHO 123 for 4 RECEIVED from 19 to 7 at 1316051253.057955
VSS_ECHO 118 for 4 RECEIVED from 18 to 7 at 1316051253.799187



============================================
*ENOUGH VSS_ECHO message for 4 at 1316051253.799187
*Threshold : echo = 12
*Received Echo Message Num = 12
*Ready messages are sending out...
============================================

PRE_VSS_READY * for 4 SENT from 7 to 1 at 1316051253.812247 standard 1
BEFORE_LOCK * for 4 SENT from 7 to 1 at 1316051253.812254 standard 1
AFTER_LOCK * for 4 SENT from 7 to 1 at 1316051253.812256 standard 1
AFTER_AFTER_LOCK * for 4 SENT from 7 to 1 at 1316051253.812350 standard 1
AFTER_LOCK2 * for 4 SENT from 7 to 1 at 1316051253.812355 standard 1
VSS_READY 175 for 4 SENT from 7 to 1 at 1316051253.812356 standard 1
PRE_VSS_READY * for 4 SENT from 7 to 2 at 1316051253.814158 standard 1
BEFORE_LOCK * for 4 SENT from 7 to 2 at 1316051253.814165 standard 1
AFTER_LOCK * for 4 SENT from 7 to 2 at 1316051253.814166 standard 1
AFTER_AFTER_LOCK * for 4 SENT from 7 to 2 at 1316051253.814251 standard 1
AFTER_LOCK2 * for 4 SENT from 7 to 2 at 1316051253.814256 standard 1
VSS_READY 176 for 4 SENT from 7 to 2 at 1316051253.814257 standard 1
PRE_VSS_READY * for 4 SENT from 7 to 3 at 1316051253.816054 standard 1
BEFORE_LOCK * for 4 SENT from 7 to 3 at 1316051253.816062 standard 1
AFTER_LOCK * for 4 SENT from 7 to 3 at 1316051253.816063 standard 1
AFTER_AFTER_LOCK * for 4 SENT from 7 to 3 at 1316051253.816163 standard 1
AFTER_LOCK2 * for 4 SENT from 7 to 3 at 1316051253.816164 standard 1
VSS_READY 177 for 4 SENT from 7 to 3 at 1316051253.816165 standard 1
PRE_VSS_READY * for 4 SENT from 7 to 4 at 1316051253.818051 standard 1
BEFORE_LOCK * for 4 SENT from 7 to 4 at 1316051253.818059 standard 1
AFTER_LOCK * for 4 SENT from 7 to 4 at 1316051253.818060 standard 1
AFTER_AFTER_LOCK * for 4 SENT from 7 to 4 at 1316051253.818117 standard 1
AFTER_LOCK2 * for 4 SENT from 7 to 4 at 1316051253.818118 standard 1
VSS_READY 178 for 4 SENT from 7 to 4 at 1316051253.818119 standard 1
PRE_VSS_READY * for 4 SENT from 7 to 5 at 1316051253.819989 standard 1
BEFORE_LOCK * for 4 SENT from 7 to 5 at 1316051253.819997 standard 1
AFTER_LOCK * for 4 SENT from 7 to 5 at 1316051253.819998 standard 1
AFTER_AFTER_LOCK * for 4 SENT from 7 to 5 at 1316051253.820078 standard 1
AFTER_LOCK2 * for 4 SENT from 7 to 5 at 1316051253.820083 standard 1
VSS_READY 179 for 4 SENT from 7 to 5 at 1316051253.820084 standard 1
PRE_VSS_READY * for 4 SENT from 7 to 6 at 1316051253.821967 standard 1
BEFORE_LOCK * for 4 SENT from 7 to 6 at 1316051253.821974 standard 1
AFTER_LOCK * for 4 SENT from 7 to 6 at 1316051253.821975 standard 1
AFTER_AFTER_LOCK * for 4 SENT from 7 to 6 at 1316051253.822054 standard 1
AFTER_LOCK2 * for 4 SENT from 7 to 6 at 1316051253.822059 standard 1
VSS_READY 180 for 4 SENT from 7 to 6 at 1316051253.822060 standard 1
PRE_VSS_READY * for 4 SENT from 7 to 7 at 1316051253.823905 standard 1
BEFORE_LOCK * for 4 SENT from 7 to 7 at 1316051253.823913 standard 1
AFTER_LOCK * for 4 SENT from 7 to 7 at 1316051253.823914 standard 1
AFTER_AFTER_LOCK * for 4 SENT from 7 to 7 at 1316051253.823994 standard 1
AFTER_LOCK2 * for 4 SENT from 7 to 7 at 1316051253.824000 standard 1
VSS_READY 181 for 4 SENT from 7 to 7 at 1316051253.824000 standard 1
PRE_VSS_READY * for 4 SENT from 7 to 8 at 1316051253.825919 standard 1
BEFORE_LOCK * for 4 SENT from 7 to 8 at 1316051253.825926 standard 1
AFTER_LOCK * for 4 SENT from 7 to 8 at 1316051253.825927 standard 1
AFTER_AFTER_LOCK * for 4 SENT from 7 to 8 at 1316051253.825927 standard 1
AFTER_LOCK2 * for 4 SENT from 7 to 8 at 1316051253.825928 standard 1
VSS_READY 182 for 4 SENT from 7 to 8 at 1316051253.825929 standard 1
PRE_VSS_READY * for 4 SENT from 7 to 9 at 1316051253.827829 standard 1
BEFORE_LOCK * for 4 SENT from 7 to 9 at 1316051253.827836 standard 1
AFTER_LOCK * for 4 SENT from 7 to 9 at 1316051253.827837 standard 1
AFTER_AFTER_LOCK * for 4 SENT from 7 to 9 at 1316051253.827959 standard 1
AFTER_LOCK2 * for 4 SENT from 7 to 9 at 1316051253.827959 standard 1
VSS_READY 183 for 4 SENT from 7 to 9 at 1316051253.827960 standard 1
PRE_VSS_READY * for 4 SENT from 7 to 10 at 1316051253.829795 standard 1
BEFORE_LOCK * for 4 SENT from 7 to 10 at 1316051253.829803 standard 1
AFTER_LOCK * for 4 SENT from 7 to 10 at 1316051253.829803 standard 1
AFTER_AFTER_LOCK * for 4 SENT from 7 to 10 at 1316051253.829911 standard 1
AFTER_LOCK2 * for 4 SENT from 7 to 10 at 1316051253.829917 standard 1
VSS_READY 184 for 4 SENT from 7 to 10 at 1316051253.829917 standard 1
PRE_VSS_READY * for 4 SENT from 7 to 11 at 1316051253.831767 standard 1
BEFORE_LOCK * for 4 SENT from 7 to 11 at 1316051253.831780 standard 1
AFTER_LOCK * for 4 SENT from 7 to 11 at 1316051253.831781 standard 1
AFTER_AFTER_LOCK * for 4 SENT from 7 to 11 at 1316051253.831862 standard 1
AFTER_LOCK2 * for 4 SENT from 7 to 11 at 1316051253.831867 standard 1
VSS_READY 185 for 4 SENT from 7 to 11 at 1316051253.831868 standard 1
PRE_VSS_READY * for 4 SENT from 7 to 12 at 1316051253.833675 standard 1
BEFORE_LOCK * for 4 SENT from 7 to 12 at 1316051253.833683 standard 1
AFTER_LOCK * for 4 SENT from 7 to 12 at 1316051253.833684 standard 1
AFTER_AFTER_LOCK * for 4 SENT from 7 to 12 at 1316051253.833769 standard 1
AFTER_LOCK2 * for 4 SENT from 7 to 12 at 1316051253.833774 standard 1
VSS_READY 186 for 4 SENT from 7 to 12 at 1316051253.833775 standard 1
PRE_VSS_READY * for 4 SENT from 7 to 13 at 1316051253.835579 standard 1
BEFORE_LOCK * for 4 SENT from 7 to 13 at 1316051253.835587 standard 1
AFTER_LOCK * for 4 SENT from 7 to 13 at 1316051253.835588 standard 1
AFTER_AFTER_LOCK * for 4 SENT from 7 to 13 at 1316051253.835671 standard 1
AFTER_LOCK2 * for 4 SENT from 7 to 13 at 1316051253.835677 standard 1
VSS_READY 187 for 4 SENT from 7 to 13 at 1316051253.835677 standard 1
PRE_VSS_READY * for 4 SENT from 7 to 14 at 1316051253.837495 standard 1
BEFORE_LOCK * for 4 SENT from 7 to 14 at 1316051253.837503 standard 1
AFTER_LOCK * for 4 SENT from 7 to 14 at 1316051253.837504 standard 1
AFTER_AFTER_LOCK * for 4 SENT from 7 to 14 at 1316051253.837587 standard 1
AFTER_LOCK2 * for 4 SENT from 7 to 14 at 1316051253.837592 standard 1
VSS_READY 188 for 4 SENT from 7 to 14 at 1316051253.837593 standard 1
PRE_VSS_READY * for 4 SENT from 7 to 15 at 1316051253.839374 standard 1
BEFORE_LOCK * for 4 SENT from 7 to 15 at 1316051253.839381 standard 1
AFTER_LOCK * for 4 SENT from 7 to 15 at 1316051253.839382 standard 1
AFTER_AFTER_LOCK * for 4 SENT from 7 to 15 at 1316051253.839465 standard 1
AFTER_LOCK2 * for 4 SENT from 7 to 15 at 1316051253.839470 standard 1
VSS_READY 189 for 4 SENT from 7 to 15 at 1316051253.839471 standard 1
PRE_VSS_READY * for 4 SENT from 7 to 16 at 1316051253.841249 standard 1
BEFORE_LOCK * for 4 SENT from 7 to 16 at 1316051253.841257 standard 1
AFTER_LOCK * for 4 SENT from 7 to 16 at 1316051253.841258 standard 1
AFTER_AFTER_LOCK * for 4 SENT from 7 to 16 at 1316051253.841341 standard 1
AFTER_LOCK2 * for 4 SENT from 7 to 16 at 1316051253.841346 standard 1
VSS_READY 190 for 4 SENT from 7 to 16 at 1316051253.841347 standard 1
PRE_VSS_READY * for 4 SENT from 7 to 17 at 1316051253.843256 standard 1
BEFORE_LOCK * for 4 SENT from 7 to 17 at 1316051253.843263 standard 1
AFTER_LOCK * for 4 SENT from 7 to 17 at 1316051253.843264 standard 1
AFTER_AFTER_LOCK * for 4 SENT from 7 to 17 at 1316051253.843368 standard 1
AFTER_LOCK2 * for 4 SENT from 7 to 17 at 1316051253.843368 standard 1
VSS_READY 191 for 4 SENT from 7 to 17 at 1316051253.843369 standard 1
PRE_VSS_READY * for 4 SENT from 7 to 18 at 1316051253.845154 standard 1
BEFORE_LOCK * for 4 SENT from 7 to 18 at 1316051253.845162 standard 1
AFTER_LOCK * for 4 SENT from 7 to 18 at 1316051253.845163 standard 1
AFTER_AFTER_LOCK * for 4 SENT from 7 to 18 at 1316051253.845279 standard 1
AFTER_LOCK2 * for 4 SENT from 7 to 18 at 1316051253.845280 standard 1
VSS_READY 192 for 4 SENT from 7 to 18 at 1316051253.845281 standard 1
PRE_VSS_READY * for 4 SENT from 7 to 19 at 1316051253.847243 standard 1
BEFORE_LOCK * for 4 SENT from 7 to 19 at 1316051253.847251 standard 1
AFTER_LOCK * for 4 SENT from 7 to 19 at 1316051253.847252 standard 1
AFTER_AFTER_LOCK * for 4 SENT from 7 to 19 at 1316051253.847338 standard 1
AFTER_LOCK2 * for 4 SENT from 7 to 19 at 1316051253.847344 standard 1
VSS_READY 193 for 4 SENT from 7 to 19 at 1316051253.847345 standard 1
PRE_VSS_READY * for 4 SENT from 7 to 20 at 1316051253.849190 standard 1
BEFORE_LOCK * for 4 SENT from 7 to 20 at 1316051253.849197 standard 1
AFTER_LOCK * for 4 SENT from 7 to 20 at 1316051253.849198 standard 1
AFTER_AFTER_LOCK * for 4 SENT from 7 to 20 at 1316051253.849198 standard 1
AFTER_LOCK2 * for 4 SENT from 7 to 20 at 1316051253.849199 standard 1
VSS_READY 194 for 4 SENT from 7 to 20 at 1316051253.849200 standard 1
VSS_READY 119 for 4 RECEIVED from 4 to 7 at 1316051253.849235
VSS_READY 359 for 4 RECEIVED from 1 to 7 at 1316051253.864495
VSS_READY 180 for 4 RECEIVED from 9 to 7 at 1316051253.879592
VSS_READY 181 for 4 RECEIVED from 7 to 7 at 1316051253.894742
VSS_READY 180 for 4 RECEIVED from 10 to 7 at 1316051253.910016
VSS_READY 152 for 4 RECEIVED from 11 to 7 at 1316051253.925260
VSS_READY 181 for 4 RECEIVED from 14 to 7 at 1316051253.940476
VSS_READY 181 for 4 RECEIVED from 16 to 7 at 1316051253.955601
VSS_READY 181 for 4 RECEIVED from 17 to 7 at 1316051253.970787
VSS_READY 202 for 4 RECEIVED from 12 to 7 at 1316051253.986204
VSS_READY 188 for 4 RECEIVED from 19 to 7 at 1316051254.118555
VSS_READY 210 for 4 RECEIVED from 15 to 7 at 1316051254.185069



*============================================
*2ENOUGH VSS_READY message for 7 at 1316051254.185069
*Threshold : Ready = 12
*Received Ready Message Num = 12
*VSS Share is complete for dealer 4
============================================

BEFORE_LOCK * for 4 SENT from 7 to 1 at 1316051254.201114 standard 1
AFTER_LOCK * for 4 SENT from 7 to 1 at 1316051254.201115 standard 1
AFTER_AFTER_LOCK * for 4 SENT from 7 to 1 at 1316051254.201261 standard 1
AFTER_LOCK2 * for 4 SENT from 7 to 1 at 1316051254.201262 standard 1
VSS_SHARED 306 for 4 SENT from 7 to 1 at 1316051254.201279 standard 1
VSS_READY 151 for 4 RECEIVED from 18 to 7 at 1316051254.319460
VSS_ECHO 499 for 5 RECEIVED from 1 to 7 at 1316051254.810209
VSS_ECHO 278 for 4 RECEIVED from 4 to 7 at 1316051255.015645
VSS_ECHO 300 for 5 RECEIVED from 19 to 7 at 1316051255.218092
VSS_SEND 9 for * RECEIVED from 5 to 7 at 1316051255.285191
VSSECHO_STAGE3 * for * SENT from * to * at 1316051255.301654
VSSECHO_STAGE4 * for * SENT from * to * at 1316051255.301719
BEFORE_LOCK * for 5 SENT from 7 to 1 at 1316051255.301724 standard 1
AFTER_LOCK * for 5 SENT from 7 to 1 at 1316051255.301726 standard 1
AFTER_AFTER_LOCK * for 5 SENT from 7 to 1 at 1316051255.301786 standard 1
AFTER_LOCK2 * for 5 SENT from 7 to 1 at 1316051255.301791 standard 1
VSS_ECHO 320 for 5 SENT from 7 to 1 at 1316051255.301809 standard 1
VSSECHO_STAGE3 * for * SENT from * to * at 1316051255.301822
VSSECHO_STAGE4 * for * SENT from * to * at 1316051255.301900
BEFORE_LOCK * for 5 SENT from 7 to 2 at 1316051255.301906 standard 1
AFTER_LOCK * for 5 SENT from 7 to 2 at 1316051255.301907 standard 1
AFTER_AFTER_LOCK * for 5 SENT from 7 to 2 at 1316051255.301920 standard 1
AFTER_LOCK2 * for 5 SENT from 7 to 2 at 1316051255.301920 standard 1
VSS_ECHO 321 for 5 SENT from 7 to 2 at 1316051255.301935 standard 1
VSSECHO_STAGE3 * for * SENT from * to * at 1316051255.301945
VSSECHO_STAGE4 * for * SENT from * to * at 1316051255.302121
BEFORE_LOCK * for 5 SENT from 7 to 3 at 1316051255.302127 standard 1
AFTER_LOCK * for 5 SENT from 7 to 3 at 1316051255.302128 standard 1
AFTER_AFTER_LOCK * for 5 SENT from 7 to 3 at 1316051255.302146 standard 1
AFTER_LOCK2 * for 5 SENT from 7 to 3 at 1316051255.302147 standard 1
VSS_ECHO 322 for 5 SENT from 7 to 3 at 1316051255.302189 standard 1
VSSECHO_STAGE3 * for * SENT from * to * at 1316051255.302202
VSSECHO_STAGE4 * for * SENT from * to * at 1316051255.302265
BEFORE_LOCK * for 5 SENT from 7 to 4 at 1316051255.302275 standard 1
AFTER_LOCK * for 5 SENT from 7 to 4 at 1316051255.302277 standard 1
AFTER_AFTER_LOCK * for 5 SENT from 7 to 4 at 1316051255.302293 standard 1
AFTER_LOCK2 * for 5 SENT from 7 to 4 at 1316051255.302299 standard 1
VSS_ECHO 323 for 5 SENT from 7 to 4 at 1316051255.302317 standard 1
VSSECHO_STAGE3 * for * SENT from * to * at 1316051255.302329
VSSECHO_STAGE4 * for * SENT from * to * at 1316051255.302398
BEFORE_LOCK * for 5 SENT from 7 to 5 at 1316051255.302404 standard 1
AFTER_LOCK * for 5 SENT from 7 to 5 at 1316051255.302405 standard 1
AFTER_AFTER_LOCK * for 5 SENT from 7 to 5 at 1316051255.302420 standard 1
AFTER_LOCK2 * for 5 SENT from 7 to 5 at 1316051255.302421 standard 1
VSS_ECHO 324 for 5 SENT from 7 to 5 at 1316051255.302435 standard 1
VSSECHO_STAGE3 * for * SENT from * to * at 1316051255.302445
VSSECHO_STAGE4 * for * SENT from * to * at 1316051255.302508
BEFORE_LOCK * for 5 SENT from 7 to 6 at 1316051255.302513 standard 1
AFTER_LOCK * for 5 SENT from 7 to 6 at 1316051255.302514 standard 1
AFTER_AFTER_LOCK * for 5 SENT from 7 to 6 at 1316051255.302628 standard 1
AFTER_LOCK2 * for 5 SENT from 7 to 6 at 1316051255.302633 standard 1
VSS_ECHO 325 for 5 SENT from 7 to 6 at 1316051255.302652 standard 1
VSSECHO_STAGE3 * for * SENT from * to * at 1316051255.302663
VSSECHO_STAGE4 * for * SENT from * to * at 1316051255.302728
BEFORE_LOCK * for 5 SENT from 7 to 7 at 1316051255.302733 standard 1
AFTER_LOCK * for 5 SENT from 7 to 7 at 1316051255.302735 standard 1
AFTER_AFTER_LOCK * for 5 SENT from 7 to 7 at 1316051255.302747 standard 1
AFTER_LOCK2 * for 5 SENT from 7 to 7 at 1316051255.302747 standard 1
VSS_ECHO 326 for 5 SENT from 7 to 7 at 1316051255.302761 standard 1
VSSECHO_STAGE3 * for * SENT from * to * at 1316051255.302772
VSSECHO_STAGE4 * for * SENT from * to * at 1316051255.302834
BEFORE_LOCK * for 5 SENT from 7 to 8 at 1316051255.302839 standard 1
AFTER_LOCK * for 5 SENT from 7 to 8 at 1316051255.302840 standard 1
AFTER_AFTER_LOCK * for 5 SENT from 7 to 8 at 1316051255.302840 standard 1
AFTER_LOCK2 * for 5 SENT from 7 to 8 at 1316051255.302841 standard 1
VSS_ECHO 327 for 5 SENT from 7 to 8 at 1316051255.302854 standard 1
VSSECHO_STAGE3 * for * SENT from * to * at 1316051255.302864
VSSECHO_STAGE4 * for * SENT from * to * at 1316051255.302924
BEFORE_LOCK * for 5 SENT from 7 to 9 at 1316051255.302930 standard 1
AFTER_LOCK * for 5 SENT from 7 to 9 at 1316051255.302931 standard 1
AFTER_AFTER_LOCK * for 5 SENT from 7 to 9 at 1316051255.302940 standard 1
AFTER_LOCK2 * for 5 SENT from 7 to 9 at 1316051255.302941 standard 1
VSS_ECHO 328 for 5 SENT from 7 to 9 at 1316051255.302957 standard 1
VSSECHO_STAGE3 * for * SENT from * to * at 1316051255.302971
VSSECHO_STAGE4 * for * SENT from * to * at 1316051255.303039
BEFORE_LOCK * for 5 SENT from 7 to 10 at 1316051255.303045 standard 1
AFTER_LOCK * for 5 SENT from 7 to 10 at 1316051255.303046 standard 1
AFTER_AFTER_LOCK * for 5 SENT from 7 to 10 at 1316051255.303055 standard 1
AFTER_LOCK2 * for 5 SENT from 7 to 10 at 1316051255.303060 standard 1
VSS_ECHO 329 for 5 SENT from 7 to 10 at 1316051255.303077 standard 1
VSSECHO_STAGE3 * for * SENT from * to * at 1316051255.303089
VSSECHO_STAGE4 * for * SENT from * to * at 1316051255.303153
BEFORE_LOCK * for 5 SENT from 7 to 11 at 1316051255.303159 standard 1
AFTER_LOCK * for 5 SENT from 7 to 11 at 1316051255.303160 standard 1
AFTER_AFTER_LOCK * for 5 SENT from 7 to 11 at 1316051255.303171 standard 1
AFTER_LOCK2 * for 5 SENT from 7 to 11 at 1316051255.303176 standard 1
VSS_ECHO 330 for 5 SENT from 7 to 11 at 1316051255.303194 standard 1
VSSECHO_STAGE3 * for * SENT from * to * at 1316051255.303205
VSSECHO_STAGE4 * for * SENT from * to * at 1316051255.303274
BEFORE_LOCK * for 5 SENT from 7 to 12 at 1316051255.303280 standard 1
AFTER_LOCK * for 5 SENT from 7 to 12 at 1316051255.303281 standard 1
AFTER_AFTER_LOCK * for 5 SENT from 7 to 12 at 1316051255.303334 standard 1
AFTER_LOCK2 * for 5 SENT from 7 to 12 at 1316051255.303339 standard 1
VSS_ECHO 331 for 5 SENT from 7 to 12 at 1316051255.303365 standard 1
VSSECHO_STAGE3 * for * SENT from * to * at 1316051255.303376
VSSECHO_STAGE4 * for * SENT from * to * at 1316051255.303442
BEFORE_LOCK * for 5 SENT from 7 to 13 at 1316051255.303448 standard 1
AFTER_LOCK * for 5 SENT from 7 to 13 at 1316051255.303449 standard 1
AFTER_AFTER_LOCK * for 5 SENT from 7 to 13 at 1316051255.303460 standard 1
AFTER_LOCK2 * for 5 SENT from 7 to 13 at 1316051255.303466 standard 1
VSS_ECHO 332 for 5 SENT from 7 to 13 at 1316051255.303483 standard 1
VSSECHO_STAGE3 * for * SENT from * to * at 1316051255.303495
VSSECHO_STAGE4 * for * SENT from * to * at 1316051255.303560
BEFORE_LOCK * for 5 SENT from 7 to 14 at 1316051255.303566 standard 1
AFTER_LOCK * for 5 SENT from 7 to 14 at 1316051255.303567 standard 1
AFTER_AFTER_LOCK * for 5 SENT from 7 to 14 at 1316051255.303579 standard 1
AFTER_LOCK2 * for 5 SENT from 7 to 14 at 1316051255.303579 standard 1
VSS_ECHO 333 for 5 SENT from 7 to 14 at 1316051255.303593 standard 1
VSSECHO_STAGE3 * for * SENT from * to * at 1316051255.303604
VSSECHO_STAGE4 * for * SENT from * to * at 1316051255.303664
BEFORE_LOCK * for 5 SENT from 7 to 15 at 1316051255.303669 standard 1
AFTER_LOCK * for 5 SENT from 7 to 15 at 1316051255.303670 standard 1
AFTER_AFTER_LOCK * for 5 SENT from 7 to 15 at 1316051255.303680 standard 1
AFTER_LOCK2 * for 5 SENT from 7 to 15 at 1316051255.303680 standard 1
VSS_ECHO 334 for 5 SENT from 7 to 15 at 1316051255.303698 standard 1
VSSECHO_STAGE3 * for * SENT from * to * at 1316051255.303709
VSSECHO_STAGE4 * for * SENT from * to * at 1316051255.303772
BEFORE_LOCK * for 5 SENT from 7 to 16 at 1316051255.303777 standard 1
AFTER_LOCK * for 5 SENT from 7 to 16 at 1316051255.303778 standard 1
AFTER_AFTER_LOCK * for 5 SENT from 7 to 16 at 1316051255.303790 standard 1
AFTER_LOCK2 * for 5 SENT from 7 to 16 at 1316051255.303791 standard 1
VSS_ECHO 335 for 5 SENT from 7 to 16 at 1316051255.303809 standard 1
VSSECHO_STAGE3 * for * SENT from * to * at 1316051255.303824
VSSECHO_STAGE4 * for * SENT from * to * at 1316051255.303963
BEFORE_LOCK * for 5 SENT from 7 to 17 at 1316051255.303970 standard 1
AFTER_LOCK * for 5 SENT from 7 to 17 at 1316051255.303971 standard 1
AFTER_AFTER_LOCK * for 5 SENT from 7 to 17 at 1316051255.303996 standard 1
AFTER_LOCK2 * for 5 SENT from 7 to 17 at 1316051255.303997 standard 1
VSS_ECHO 336 for 5 SENT from 7 to 17 at 1316051255.304015 standard 1
VSSECHO_STAGE3 * for * SENT from * to * at 1316051255.304026
VSSECHO_STAGE4 * for * SENT from * to * at 1316051255.304090
BEFORE_LOCK * for 5 SENT from 7 to 18 at 1316051255.304096 standard 1
AFTER_LOCK * for 5 SENT from 7 to 18 at 1316051255.304097 standard 1
AFTER_AFTER_LOCK * for 5 SENT from 7 to 18 at 1316051255.304203 standard 1
AFTER_LOCK2 * for 5 SENT from 7 to 18 at 1316051255.304209 standard 1
VSS_ECHO 337 for 5 SENT from 7 to 18 at 1316051255.304227 standard 1
VSSECHO_STAGE3 * for * SENT from * to * at 1316051255.304238
VSSECHO_STAGE4 * for * SENT from * to * at 1316051255.304300
BEFORE_LOCK * for 5 SENT from 7 to 19 at 1316051255.304306 standard 1
AFTER_LOCK * for 5 SENT from 7 to 19 at 1316051255.304307 standard 1
AFTER_AFTER_LOCK * for 5 SENT from 7 to 19 at 1316051255.304318 standard 1
AFTER_LOCK2 * for 5 SENT from 7 to 19 at 1316051255.304319 standard 1
VSS_ECHO 338 for 5 SENT from 7 to 19 at 1316051255.304333 standard 1
VSSECHO_STAGE3 * for * SENT from * to * at 1316051255.304343
VSSECHO_STAGE4 * for * SENT from * to * at 1316051255.304404
BEFORE_LOCK * for 5 SENT from 7 to 20 at 1316051255.304409 standard 1
AFTER_LOCK * for 5 SENT from 7 to 20 at 1316051255.304410 standard 1
AFTER_AFTER_LOCK * for 5 SENT from 7 to 20 at 1316051255.304410 standard 1
AFTER_LOCK2 * for 5 SENT from 7 to 20 at 1316051255.304411 standard 1
VSS_ECHO 339 for 5 SENT from 7 to 20 at 1316051255.304424 standard 1
VSS_ECHO 326 for 5 RECEIVED from 7 to 7 at 1316051255.304467
VSS_ECHO 37 for 1 RECEIVED from 5 to 7 at 1316051255.313278
VSS_ECHO 320 for 5 RECEIVED from 12 to 7 at 1316051255.572622
VSS_ECHO 337 for 5 RECEIVED from 9 to 7 at 1316051255.582123
VSS_ECHO 338 for 5 RECEIVED from 10 to 7 at 1316051255.591039
VSS_ECHO 297 for 5 RECEIVED from 11 to 7 at 1316051255.599892
VSS_ECHO 339 for 5 RECEIVED from 14 to 7 at 1316051255.608646
VSS_ECHO 325 for 5 RECEIVED from 16 to 7 at 1316051255.617500
VSS_ECHO 333 for 5 RECEIVED from 4 to 7 at 1316051255.626441
VSS_READY 93 for 1 RECEIVED from 5 to 7 at 1316051255.635181
VSS_READY 168 for 4 RECEIVED from 5 to 7 at 1316051255.650354
VSS_ECHO 214 for 4 RECEIVED from 5 to 7 at 1316051256.031566
VSS_ECHO 549 for 2 RECEIVED from 1 to 7 at 1316051256.148813
VSS_ECHO 373 for 2 RECEIVED from 9 to 7 at 1316051256.238417
VSS_SEND 9 for * RECEIVED from 2 to 7 at 1316051256.250358
VSSECHO_STAGE3 * for * SENT from * to * at 1316051256.266750
VSSECHO_STAGE4 * for * SENT from * to * at 1316051256.266814
BEFORE_LOCK * for 2 SENT from 7 to 1 at 1316051256.266819 standard 1
AFTER_LOCK * for 2 SENT from 7 to 1 at 1316051256.266820 standard 1
AFTER_AFTER_LOCK * for 2 SENT from 7 to 1 at 1316051256.266910 standard 1
AFTER_LOCK2 * for 2 SENT from 7 to 1 at 1316051256.266916 standard 1
VSS_ECHO 369 for 2 SENT from 7 to 1 at 1316051256.266932 standard 1
VSSECHO_STAGE3 * for * SENT from * to * at 1316051256.266946
VSSECHO_STAGE4 * for * SENT from * to * at 1316051256.267011
BEFORE_LOCK * for 2 SENT from 7 to 2 at 1316051256.267017 standard 1
AFTER_LOCK * for 2 SENT from 7 to 2 at 1316051256.267017 standard 1
AFTER_AFTER_LOCK * for 2 SENT from 7 to 2 at 1316051256.267030 standard 1
AFTER_LOCK2 * for 2 SENT from 7 to 2 at 1316051256.267030 standard 1
VSS_ECHO 370 for 2 SENT from 7 to 2 at 1316051256.267045 standard 1
VSSECHO_STAGE3 * for * SENT from * to * at 1316051256.267058
VSSECHO_STAGE4 * for * SENT from * to * at 1316051256.267126
BEFORE_LOCK * for 2 SENT from 7 to 3 at 1316051256.267131 standard 1
AFTER_LOCK * for 2 SENT from 7 to 3 at 1316051256.267132 standard 1
AFTER_AFTER_LOCK * for 2 SENT from 7 to 3 at 1316051256.267142 standard 1
AFTER_LOCK2 * for 2 SENT from 7 to 3 at 1316051256.267143 standard 1
VSS_ECHO 371 for 2 SENT from 7 to 3 at 1316051256.267158 standard 1
VSSECHO_STAGE3 * for * SENT from * to * at 1316051256.267170
VSSECHO_STAGE4 * for * SENT from * to * at 1316051256.267234
BEFORE_LOCK * for 2 SENT from 7 to 4 at 1316051256.267240 standard 1
AFTER_LOCK * for 2 SENT from 7 to 4 at 1316051256.267241 standard 1
AFTER_AFTER_LOCK * for 2 SENT from 7 to 4 at 1316051256.267253 standard 1
AFTER_LOCK2 * for 2 SENT from 7 to 4 at 1316051256.267259 standard 1
VSS_ECHO 372 for 2 SENT from 7 to 4 at 1316051256.267274 standard 1
VSSECHO_STAGE3 * for * SENT from * to * at 1316051256.267285
VSSECHO_STAGE4 * for * SENT from * to * at 1316051256.267368
BEFORE_LOCK * for 2 SENT from 7 to 5 at 1316051256.267374 standard 1
AFTER_LOCK * for 2 SENT from 7 to 5 at 1316051256.267375 standard 1
AFTER_AFTER_LOCK * for 2 SENT from 7 to 5 at 1316051256.267397 standard 1
AFTER_LOCK2 * for 2 SENT from 7 to 5 at 1316051256.267398 standard 1
VSS_ECHO 373 for 2 SENT from 7 to 5 at 1316051256.267417 standard 1
VSSECHO_STAGE3 * for * SENT from * to * at 1316051256.267429
VSSECHO_STAGE4 * for * SENT from * to * at 1316051256.267494
BEFORE_LOCK * for 2 SENT from 7 to 6 at 1316051256.267499 standard 1
AFTER_LOCK * for 2 SENT from 7 to 6 at 1316051256.267500 standard 1
AFTER_AFTER_LOCK * for 2 SENT from 7 to 6 at 1316051256.267511 standard 1
AFTER_LOCK2 * for 2 SENT from 7 to 6 at 1316051256.267517 standard 1
VSS_ECHO 374 for 2 SENT from 7 to 6 at 1316051256.267535 standard 1
VSSECHO_STAGE3 * for * SENT from * to * at 1316051256.267547
VSSECHO_STAGE4 * for * SENT from * to * at 1316051256.267616
BEFORE_LOCK * for 2 SENT from 7 to 7 at 1316051256.267622 standard 1
AFTER_LOCK * for 2 SENT from 7 to 7 at 1316051256.267623 standard 1
AFTER_AFTER_LOCK * for 2 SENT from 7 to 7 at 1316051256.267679 standard 1
AFTER_LOCK2 * for 2 SENT from 7 to 7 at 1316051256.267680 standard 1
VSS_ECHO 375 for 2 SENT from 7 to 7 at 1316051256.267720 standard 1
VSSECHO_STAGE3 * for * SENT from * to * at 1316051256.267732
VSSECHO_STAGE4 * for * SENT from * to * at 1316051256.267796
BEFORE_LOCK * for 2 SENT from 7 to 8 at 1316051256.267801 standard 1
AFTER_LOCK * for 2 SENT from 7 to 8 at 1316051256.267802 standard 1
AFTER_AFTER_LOCK * for 2 SENT from 7 to 8 at 1316051256.267803 standard 1
AFTER_LOCK2 * for 2 SENT from 7 to 8 at 1316051256.267804 standard 1
VSS_ECHO 376 for 2 SENT from 7 to 8 at 1316051256.267817 standard 1
VSSECHO_STAGE3 * for * SENT from * to * at 1316051256.267826
VSSECHO_STAGE4 * for * SENT from * to * at 1316051256.267887
BEFORE_LOCK * for 2 SENT from 7 to 9 at 1316051256.267892 standard 1
AFTER_LOCK * for 2 SENT from 7 to 9 at 1316051256.267893 standard 1
AFTER_AFTER_LOCK * for 2 SENT from 7 to 9 at 1316051256.267904 standard 1
AFTER_LOCK2 * for 2 SENT from 7 to 9 at 1316051256.267910 standard 1
VSS_ECHO 377 for 2 SENT from 7 to 9 at 1316051256.267929 standard 1
VSSECHO_STAGE3 * for * SENT from * to * at 1316051256.267940
VSSECHO_STAGE4 * for * SENT from * to * at 1316051256.268006
BEFORE_LOCK * for 2 SENT from 7 to 10 at 1316051256.268012 standard 1
AFTER_LOCK * for 2 SENT from 7 to 10 at 1316051256.268013 standard 1
AFTER_AFTER_LOCK * for 2 SENT from 7 to 10 at 1316051256.268023 standard 1
AFTER_LOCK2 * for 2 SENT from 7 to 10 at 1316051256.268024 standard 1
VSS_ECHO 378 for 2 SENT from 7 to 10 at 1316051256.268038 standard 1
VSSECHO_STAGE3 * for * SENT from * to * at 1316051256.268049
VSSECHO_STAGE4 * for * SENT from * to * at 1316051256.268109
BEFORE_LOCK * for 2 SENT from 7 to 11 at 1316051256.268122 standard 1
AFTER_LOCK * for 2 SENT from 7 to 11 at 1316051256.268123 standard 1
AFTER_AFTER_LOCK * for 2 SENT from 7 to 11 at 1316051256.268139 standard 1
AFTER_LOCK2 * for 2 SENT from 7 to 11 at 1316051256.268140 standard 1
VSS_ECHO 379 for 2 SENT from 7 to 11 at 1316051256.268156 standard 1
VSSECHO_STAGE3 * for * SENT from * to * at 1316051256.268168
VSSECHO_STAGE4 * for * SENT from * to * at 1316051256.268238
BEFORE_LOCK * for 2 SENT from 7 to 12 at 1316051256.268244 standard 1
AFTER_LOCK * for 2 SENT from 7 to 12 at 1316051256.268245 standard 1
AFTER_AFTER_LOCK * for 2 SENT from 7 to 12 at 1316051256.268256 standard 1
AFTER_LOCK2 * for 2 SENT from 7 to 12 at 1316051256.268262 standard 1
VSS_ECHO 380 for 2 SENT from 7 to 12 at 1316051256.268279 standard 1
VSSECHO_STAGE3 * for * SENT from * to * at 1316051256.268290
VSSECHO_STAGE4 * for * SENT from * to * at 1316051256.268355
BEFORE_LOCK * for 2 SENT from 7 to 13 at 1316051256.268361 standard 1
AFTER_LOCK * for 2 SENT from 7 to 13 at 1316051256.268362 standard 1
AFTER_AFTER_LOCK * for 2 SENT from 7 to 13 at 1316051256.268382 standard 1
AFTER_LOCK2 * for 2 SENT from 7 to 13 at 1316051256.268383 standard 1
VSS_ECHO 381 for 2 SENT from 7 to 13 at 1316051256.268405 standard 1
VSSECHO_STAGE3 * for * SENT from * to * at 1316051256.268417
VSSECHO_STAGE4 * for * SENT from * to * at 1316051256.268483
BEFORE_LOCK * for 2 SENT from 7 to 14 at 1316051256.268489 standard 1
AFTER_LOCK * for 2 SENT from 7 to 14 at 1316051256.268490 standard 1
AFTER_AFTER_LOCK * for 2 SENT from 7 to 14 at 1316051256.268570 standard 1
AFTER_LOCK2 * for 2 SENT from 7 to 14 at 1316051256.268575 standard 1
VSS_ECHO 382 for 2 SENT from 7 to 14 at 1316051256.268594 standard 1
VSSECHO_STAGE3 * for * SENT from * to * at 1316051256.268605
VSSECHO_STAGE4 * for * SENT from * to * at 1316051256.268672
BEFORE_LOCK * for 2 SENT from 7 to 15 at 1316051256.268678 standard 1
AFTER_LOCK * for 2 SENT from 7 to 15 at 1316051256.268679 standard 1
AFTER_AFTER_LOCK * for 2 SENT from 7 to 15 at 1316051256.268690 standard 1
AFTER_LOCK2 * for 2 SENT from 7 to 15 at 1316051256.268696 standard 1
VSS_ECHO 383 for 2 SENT from 7 to 15 at 1316051256.268715 standard 1
VSSECHO_STAGE3 * for * SENT from * to * at 1316051256.268726
VSSECHO_STAGE4 * for * SENT from * to * at 1316051256.268790
BEFORE_LOCK * for 2 SENT from 7 to 16 at 1316051256.268796 standard 1
AFTER_LOCK * for 2 SENT from 7 to 16 at 1316051256.268797 standard 1
AFTER_AFTER_LOCK * for 2 SENT from 7 to 16 at 1316051256.268808 standard 1
AFTER_LOCK2 * for 2 SENT from 7 to 16 at 1316051256.268809 standard 1
VSS_ECHO 384 for 2 SENT from 7 to 16 at 1316051256.268893 standard 1
VSSECHO_STAGE3 * for * SENT from * to * at 1316051256.268926
VSSECHO_STAGE4 * for * SENT from * to * at 1316051256.268989
BEFORE_LOCK * for 2 SENT from 7 to 17 at 1316051256.268994 standard 1
AFTER_LOCK * for 2 SENT from 7 to 17 at 1316051256.268995 standard 1
AFTER_AFTER_LOCK * for 2 SENT from 7 to 17 at 1316051256.269005 standard 1
AFTER_LOCK2 * for 2 SENT from 7 to 17 at 1316051256.269006 standard 1
VSS_ECHO 385 for 2 SENT from 7 to 17 at 1316051256.269026 standard 1
VSSECHO_STAGE3 * for * SENT from * to * at 1316051256.269038
VSSECHO_STAGE4 * for * SENT from * to * at 1316051256.269101
BEFORE_LOCK * for 2 SENT from 7 to 18 at 1316051256.269107 standard 1
AFTER_LOCK * for 2 SENT from 7 to 18 at 1316051256.269108 standard 1
AFTER_AFTER_LOCK * for 2 SENT from 7 to 18 at 1316051256.269131 standard 1
AFTER_LOCK2 * for 2 SENT from 7 to 18 at 1316051256.269132 standard 1
VSS_ECHO 386 for 2 SENT from 7 to 18 at 1316051256.269149 standard 1
VSSECHO_STAGE3 * for * SENT from * to * at 1316051256.269160
VSSECHO_STAGE4 * for * SENT from * to * at 1316051256.269224
BEFORE_LOCK * for 2 SENT from 7 to 19 at 1316051256.269229 standard 1
AFTER_LOCK * for 2 SENT from 7 to 19 at 1316051256.269231 standard 1
AFTER_AFTER_LOCK * for 2 SENT from 7 to 19 at 1316051256.269242 standard 1
AFTER_LOCK2 * for 2 SENT from 7 to 19 at 1316051256.269247 standard 1
VSS_ECHO 387 for 2 SENT from 7 to 19 at 1316051256.269264 standard 1
VSSECHO_STAGE3 * for * SENT from * to * at 1316051256.269275
VSSECHO_STAGE4 * for * SENT from * to * at 1316051256.269344
BEFORE_LOCK * for 2 SENT from 7 to 20 at 1316051256.269350 standard 1
AFTER_LOCK * for 2 SENT from 7 to 20 at 1316051256.269351 standard 1
AFTER_AFTER_LOCK * for 2 SENT from 7 to 20 at 1316051256.269351 standard 1
AFTER_LOCK2 * for 2 SENT from 7 to 20 at 1316051256.269352 standard 1
VSS_ECHO 388 for 2 SENT from 7 to 20 at 1316051256.269367 standard 1
VSS_ECHO 356 for 2 RECEIVED from 12 to 7 at 1316051256.269390
VSS_ECHO 375 for 2 RECEIVED from 7 to 7 at 1316051256.278165
VSS_ECHO 374 for 2 RECEIVED from 10 to 7 at 1316051256.286922
VSS_ECHO 37 for 1 RECEIVED from 2 to 7 at 1316051256.295658
VSS_ECHO 346 for 2 RECEIVED from 11 to 7 at 1316051256.387212
VSS_ECHO 374 for 2 RECEIVED from 16 to 7 at 1316051256.396275
VSS_ECHO 397 for 2 RECEIVED from 4 to 7 at 1316051256.405327
VSS_ECHO 360 for 2 RECEIVED from 17 to 7 at 1316051256.482564
VSS_ECHO 382 for 2 RECEIVED from 14 to 7 at 1316051256.504214
VSS_ECHO 366 for 2 RECEIVED from 19 to 7 at 1316051256.518781
VSS_ECHO 337 for 2 RECEIVED from 15 to 7 at 1316051256.616025



============================================
*ENOUGH VSS_ECHO message for 2 at 1316051256.616025
*Threshold : echo = 12
*Received Echo Message Num = 12
*Ready messages are sending out...
============================================

PRE_VSS_READY * for 2 SENT from 7 to 1 at 1316051256.628985 standard 1
BEFORE_LOCK * for 2 SENT from 7 to 1 at 1316051256.628993 standard 1
AFTER_LOCK * for 2 SENT from 7 to 1 at 1316051256.628994 standard 1
AFTER_AFTER_LOCK * for 2 SENT from 7 to 1 at 1316051256.629054 standard 1
AFTER_LOCK2 * for 2 SENT from 7 to 1 at 1316051256.629060 standard 1
VSS_READY 400 for 2 SENT from 7 to 1 at 1316051256.629061 standard 1
PRE_VSS_READY * for 2 SENT from 7 to 2 at 1316051256.630826 standard 1
BEFORE_LOCK * for 2 SENT from 7 to 2 at 1316051256.630834 standard 1
AFTER_LOCK * for 2 SENT from 7 to 2 at 1316051256.630835 standard 1
AFTER_AFTER_LOCK * for 2 SENT from 7 to 2 at 1316051256.630887 standard 1
AFTER_LOCK2 * for 2 SENT from 7 to 2 at 1316051256.630893 standard 1
VSS_READY 401 for 2 SENT from 7 to 2 at 1316051256.630893 standard 1
PRE_VSS_READY * for 2 SENT from 7 to 3 at 1316051256.632977 standard 1
BEFORE_LOCK * for 2 SENT from 7 to 3 at 1316051256.632985 standard 1
AFTER_LOCK * for 2 SENT from 7 to 3 at 1316051256.632985 standard 1
AFTER_AFTER_LOCK * for 2 SENT from 7 to 3 at 1316051256.633038 standard 1
AFTER_LOCK2 * for 2 SENT from 7 to 3 at 1316051256.633044 standard 1
VSS_READY 402 for 2 SENT from 7 to 3 at 1316051256.633045 standard 1
PRE_VSS_READY * for 2 SENT from 7 to 4 at 1316051256.634853 standard 1
BEFORE_LOCK * for 2 SENT from 7 to 4 at 1316051256.634859 standard 1
AFTER_LOCK * for 2 SENT from 7 to 4 at 1316051256.634860 standard 1
AFTER_AFTER_LOCK * for 2 SENT from 7 to 4 at 1316051256.634912 standard 1
AFTER_LOCK2 * for 2 SENT from 7 to 4 at 1316051256.634918 standard 1
VSS_READY 403 for 2 SENT from 7 to 4 at 1316051256.634919 standard 1
PRE_VSS_READY * for 2 SENT from 7 to 5 at 1316051256.636743 standard 1
BEFORE_LOCK * for 2 SENT from 7 to 5 at 1316051256.636750 standard 1
AFTER_LOCK * for 2 SENT from 7 to 5 at 1316051256.636751 standard 1
AFTER_AFTER_LOCK * for 2 SENT from 7 to 5 at 1316051256.636803 standard 1
AFTER_LOCK2 * for 2 SENT from 7 to 5 at 1316051256.636809 standard 1
VSS_READY 404 for 2 SENT from 7 to 5 at 1316051256.636810 standard 1
PRE_VSS_READY * for 2 SENT from 7 to 6 at 1316051256.638706 standard 1
BEFORE_LOCK * for 2 SENT from 7 to 6 at 1316051256.638713 standard 1
AFTER_LOCK * for 2 SENT from 7 to 6 at 1316051256.638714 standard 1
AFTER_AFTER_LOCK * for 2 SENT from 7 to 6 at 1316051256.638767 standard 1
AFTER_LOCK2 * for 2 SENT from 7 to 6 at 1316051256.638773 standard 1
VSS_READY 405 for 2 SENT from 7 to 6 at 1316051256.638774 standard 1
PRE_VSS_READY * for 2 SENT from 7 to 7 at 1316051256.640578 standard 1
BEFORE_LOCK * for 2 SENT from 7 to 7 at 1316051256.640586 standard 1
AFTER_LOCK * for 2 SENT from 7 to 7 at 1316051256.640587 standard 1
AFTER_AFTER_LOCK * for 2 SENT from 7 to 7 at 1316051256.640638 standard 1
AFTER_LOCK2 * for 2 SENT from 7 to 7 at 1316051256.640644 standard 1
VSS_READY 406 for 2 SENT from 7 to 7 at 1316051256.640645 standard 1
PRE_VSS_READY * for 2 SENT from 7 to 8 at 1316051256.642383 standard 1
BEFORE_LOCK * for 2 SENT from 7 to 8 at 1316051256.642390 standard 1
AFTER_LOCK * for 2 SENT from 7 to 8 at 1316051256.642391 standard 1
AFTER_AFTER_LOCK * for 2 SENT from 7 to 8 at 1316051256.642392 standard 1
AFTER_LOCK2 * for 2 SENT from 7 to 8 at 1316051256.642392 standard 1
VSS_READY 407 for 2 SENT from 7 to 8 at 1316051256.642393 standard 1
PRE_VSS_READY * for 2 SENT from 7 to 9 at 1316051256.644303 standard 1
BEFORE_LOCK * for 2 SENT from 7 to 9 at 1316051256.644310 standard 1
AFTER_LOCK * for 2 SENT from 7 to 9 at 1316051256.644311 standard 1
AFTER_AFTER_LOCK * for 2 SENT from 7 to 9 at 1316051256.644368 standard 1
AFTER_LOCK2 * for 2 SENT from 7 to 9 at 1316051256.644369 standard 1
VSS_READY 408 for 2 SENT from 7 to 9 at 1316051256.644370 standard 1
PRE_VSS_READY * for 2 SENT from 7 to 10 at 1316051256.646210 standard 1
BEFORE_LOCK * for 2 SENT from 7 to 10 at 1316051256.646217 standard 1
AFTER_LOCK * for 2 SENT from 7 to 10 at 1316051256.646218 standard 1
AFTER_AFTER_LOCK * for 2 SENT from 7 to 10 at 1316051256.646276 standard 1
AFTER_LOCK2 * for 2 SENT from 7 to 10 at 1316051256.646282 standard 1
VSS_READY 409 for 2 SENT from 7 to 10 at 1316051256.646283 standard 1
PRE_VSS_READY * for 2 SENT from 7 to 11 at 1316051256.648176 standard 1
BEFORE_LOCK * for 2 SENT from 7 to 11 at 1316051256.648184 standard 1
AFTER_LOCK * for 2 SENT from 7 to 11 at 1316051256.648185 standard 1
AFTER_AFTER_LOCK * for 2 SENT from 7 to 11 at 1316051256.648247 standard 1
AFTER_LOCK2 * for 2 SENT from 7 to 11 at 1316051256.648248 standard 1
VSS_READY 410 for 2 SENT from 7 to 11 at 1316051256.648249 standard 1
PRE_VSS_READY * for 2 SENT from 7 to 12 at 1316051256.649985 standard 1
BEFORE_LOCK * for 2 SENT from 7 to 12 at 1316051256.649997 standard 1
AFTER_LOCK * for 2 SENT from 7 to 12 at 1316051256.649998 standard 1
AFTER_AFTER_LOCK * for 2 SENT from 7 to 12 at 1316051256.650055 standard 1
AFTER_LOCK2 * for 2 SENT from 7 to 12 at 1316051256.650060 standard 1
VSS_READY 411 for 2 SENT from 7 to 12 at 1316051256.650061 standard 1
PRE_VSS_READY * for 2 SENT from 7 to 13 at 1316051256.651885 standard 1
BEFORE_LOCK * for 2 SENT from 7 to 13 at 1316051256.651904 standard 1
AFTER_LOCK * for 2 SENT from 7 to 13 at 1316051256.651905 standard 1
AFTER_AFTER_LOCK * for 2 SENT from 7 to 13 at 1316051256.651957 standard 1
AFTER_LOCK2 * for 2 SENT from 7 to 13 at 1316051256.651962 standard 1
VSS_READY 412 for 2 SENT from 7 to 13 at 1316051256.651963 standard 1
PRE_VSS_READY * for 2 SENT from 7 to 14 at 1316051256.653761 standard 1
BEFORE_LOCK * for 2 SENT from 7 to 14 at 1316051256.653768 standard 1
AFTER_LOCK * for 2 SENT from 7 to 14 at 1316051256.653769 standard 1
AFTER_AFTER_LOCK * for 2 SENT from 7 to 14 at 1316051256.653821 standard 1
AFTER_LOCK2 * for 2 SENT from 7 to 14 at 1316051256.653827 standard 1
VSS_READY 413 for 2 SENT from 7 to 14 at 1316051256.653828 standard 1
PRE_VSS_READY * for 2 SENT from 7 to 15 at 1316051256.655558 standard 1
BEFORE_LOCK * for 2 SENT from 7 to 15 at 1316051256.655565 standard 1
AFTER_LOCK * for 2 SENT from 7 to 15 at 1316051256.655566 standard 1
AFTER_AFTER_LOCK * for 2 SENT from 7 to 15 at 1316051256.655621 standard 1
AFTER_LOCK2 * for 2 SENT from 7 to 15 at 1316051256.655626 standard 1
VSS_READY 414 for 2 SENT from 7 to 15 at 1316051256.655627 standard 1
PRE_VSS_READY * for 2 SENT from 7 to 16 at 1316051256.657497 standard 1
BEFORE_LOCK * for 2 SENT from 7 to 16 at 1316051256.657504 standard 1
AFTER_LOCK * for 2 SENT from 7 to 16 at 1316051256.657505 standard 1
AFTER_AFTER_LOCK * for 2 SENT from 7 to 16 at 1316051256.657558 standard 1
AFTER_LOCK2 * for 2 SENT from 7 to 16 at 1316051256.657564 standard 1
VSS_READY 415 for 2 SENT from 7 to 16 at 1316051256.657564 standard 1
PRE_VSS_READY * for 2 SENT from 7 to 17 at 1316051256.659348 standard 1
BEFORE_LOCK * for 2 SENT from 7 to 17 at 1316051256.659355 standard 1
AFTER_LOCK * for 2 SENT from 7 to 17 at 1316051256.659356 standard 1
AFTER_AFTER_LOCK * for 2 SENT from 7 to 17 at 1316051256.659407 standard 1
AFTER_LOCK2 * for 2 SENT from 7 to 17 at 1316051256.659413 standard 1
VSS_READY 416 for 2 SENT from 7 to 17 at 1316051256.659414 standard 1
PRE_VSS_READY * for 2 SENT from 7 to 18 at 1316051256.661266 standard 1
BEFORE_LOCK * for 2 SENT from 7 to 18 at 1316051256.661279 standard 1
AFTER_LOCK * for 2 SENT from 7 to 18 at 1316051256.661280 standard 1
AFTER_AFTER_LOCK * for 2 SENT from 7 to 18 at 1316051256.661426 standard 1
AFTER_LOCK2 * for 2 SENT from 7 to 18 at 1316051256.661427 standard 1
VSS_READY 417 for 2 SENT from 7 to 18 at 1316051256.661428 standard 1
PRE_VSS_READY * for 2 SENT from 7 to 19 at 1316051256.663161 standard 1
BEFORE_LOCK * for 2 SENT from 7 to 19 at 1316051256.663169 standard 1
AFTER_LOCK * for 2 SENT from 7 to 19 at 1316051256.663170 standard 1
AFTER_AFTER_LOCK * for 2 SENT from 7 to 19 at 1316051256.663226 standard 1
AFTER_LOCK2 * for 2 SENT from 7 to 19 at 1316051256.663231 standard 1
VSS_READY 418 for 2 SENT from 7 to 19 at 1316051256.663232 standard 1
PRE_VSS_READY * for 2 SENT from 7 to 20 at 1316051256.665161 standard 1
BEFORE_LOCK * for 2 SENT from 7 to 20 at 1316051256.665168 standard 1
AFTER_LOCK * for 2 SENT from 7 to 20 at 1316051256.665169 standard 1
AFTER_AFTER_LOCK * for 2 SENT from 7 to 20 at 1316051256.665169 standard 1
AFTER_LOCK2 * for 2 SENT from 7 to 20 at 1316051256.665170 standard 1
VSS_READY 419 for 2 SENT from 7 to 20 at 1316051256.665171 standard 1
VSS_READY 427 for 2 RECEIVED from 4 to 7 at 1316051256.665210
VSS_READY 93 for 1 RECEIVED from 2 to 7 at 1316051256.680633
VSS_READY 590 for 2 RECEIVED from 1 to 7 at 1316051256.695796
VSS_READY 405 for 2 RECEIVED from 9 to 7 at 1316051256.710833
VSS_READY 406 for 2 RECEIVED from 7 to 7 at 1316051256.726062
VSS_READY 433 for 2 RECEIVED from 10 to 7 at 1316051256.741253
VSS_READY 385 for 2 RECEIVED from 11 to 7 at 1316051256.756445
VSS_READY 442 for 2 RECEIVED from 14 to 7 at 1316051256.771535
VSS_READY 428 for 2 RECEIVED from 17 to 7 at 1316051256.786713
VSS_READY 431 for 2 RECEIVED from 12 to 7 at 1316051256.801999
VSS_READY 449 for 2 RECEIVED from 16 to 7 at 1316051256.817132
VSS_READY 264 for 2 RECEIVED from 5 to 7 at 1316051256.841014
VSS_READY 395 for 2 RECEIVED from 19 to 7 at 1316051256.856419



*============================================
*2ENOUGH VSS_READY message for 7 at 1316051256.856419
*Threshold : Ready = 12
*Received Ready Message Num = 12
*VSS Share is complete for dealer 2
============================================

BEFORE_LOCK * for 2 SENT from 7 to 1 at 1316051256.872493 standard 1
AFTER_LOCK * for 2 SENT from 7 to 1 at 1316051256.872494 standard 1
AFTER_AFTER_LOCK * for 2 SENT from 7 to 1 at 1316051256.872553 standard 1
AFTER_LOCK2 * for 2 SENT from 7 to 1 at 1316051256.872559 standard 1
VSS_SHARED 549 for 2 SENT from 7 to 1 at 1316051256.872575 standard 1
DKG_SEND 767 for * RECEIVED from 1 to 7 at 1316051256.967340
DKG_ECHO 586 for 1 SENT from 7 to 1 at 1316051257.079652 standard 1
DKG_ECHO 587 for 1 SENT from 7 to 2 at 1316051257.081352 standard 1
DKG_ECHO 588 for 1 SENT from 7 to 3 at 1316051257.083154 standard 1
DKG_ECHO 589 for 1 SENT from 7 to 4 at 1316051257.084958 standard 1
DKG_ECHO 590 for 1 SENT from 7 to 5 at 1316051257.086873 standard 1
DKG_ECHO 591 for 1 SENT from 7 to 6 at 1316051257.088597 standard 1
DKG_ECHO 592 for 1 SENT from 7 to 7 at 1316051257.090305 standard 1
DKG_ECHO 593 for 1 SENT from 7 to 8 at 1316051257.091935 standard 1
DKG_ECHO 594 for 1 SENT from 7 to 9 at 1316051257.093782 standard 1
DKG_ECHO 595 for 1 SENT from 7 to 10 at 1316051257.095670 standard 1
DKG_ECHO 596 for 1 SENT from 7 to 11 at 1316051257.097398 standard 1
DKG_ECHO 597 for 1 SENT from 7 to 12 at 1316051257.099183 standard 1
DKG_ECHO 598 for 1 SENT from 7 to 13 at 1316051257.100893 standard 1
DKG_ECHO 599 for 1 SENT from 7 to 14 at 1316051257.102713 standard 1
DKG_ECHO 600 for 1 SENT from 7 to 15 at 1316051257.104460 standard 1
DKG_ECHO 601 for 1 SENT from 7 to 16 at 1316051257.106277 standard 1
DKG_ECHO 602 for 1 SENT from 7 to 17 at 1316051257.108053 standard 1
DKG_ECHO 603 for 1 SENT from 7 to 18 at 1316051257.109854 standard 1
DKG_ECHO 604 for 1 SENT from 7 to 19 at 1316051257.111632 standard 1
DKG_ECHO 605 for 1 SENT from 7 to 20 at 1316051257.113298 standard 1
DKG_ECHO 592 for 1 RECEIVED from 7 to 7 at 1316051257.113323
DKG_ECHO 591 for 1 RECEIVED from 10 to 7 at 1316051257.115378
DKG_ECHO 569 for 1 RECEIVED from 16 to 7 at 1316051257.117410
DKG_ECHO 542 for 1 RECEIVED from 12 to 7 at 1316051257.119451
DKG_ECHO 591 for 1 RECEIVED from 9 to 7 at 1316051257.121559
DKG_ECHO 906 for 1 RECEIVED from 1 to 7 at 1316051257.126040
DKG_ECHO 571 for 1 RECEIVED from 17 to 7 at 1316051257.128091
DKG_ECHO 590 for 1 RECEIVED from 4 to 7 at 1316051257.154060
DKG_ECHO 592 for 1 RECEIVED from 14 to 7 at 1316051257.186278
VSS_READY 156 for 2 RECEIVED from 2 to 7 at 1316051257.226173
DKG_ECHO 563 for 1 RECEIVED from 11 to 7 at 1316051257.283376
DKG_ECHO 558 for 1 RECEIVED from 19 to 7 at 1316051257.341118
DKG_ECHO 419 for 1 RECEIVED from 5 to 7 at 1316051257.475504



============================================
*ENOUGH DKG_ECHO message for 7 at 1316051257.475504
*Threshold : Echo = 12
*Received Echo Message Num = 12
*DKG_Readys are sent out...
============================================

DKG_READY 746 for 1 SENT from 7 to 1 at 1316051257.482366 standard 1
DKG_READY 747 for 1 SENT from 7 to 2 at 1316051257.484173 standard 1
DKG_READY 748 for 1 SENT from 7 to 3 at 1316051257.486034 standard 1
DKG_READY 749 for 1 SENT from 7 to 4 at 1316051257.487776 standard 1
DKG_READY 750 for 1 SENT from 7 to 5 at 1316051257.489479 standard 1
DKG_READY 751 for 1 SENT from 7 to 6 at 1316051257.491276 standard 1
DKG_READY 752 for 1 SENT from 7 to 7 at 1316051257.493004 standard 1
DKG_READY 753 for 1 SENT from 7 to 8 at 1316051257.494750 standard 1
DKG_READY 754 for 1 SENT from 7 to 9 at 1316051257.496513 standard 1
DKG_READY 755 for 1 SENT from 7 to 10 at 1316051257.498365 standard 1
DKG_READY 756 for 1 SENT from 7 to 11 at 1316051257.500148 standard 1
DKG_READY 757 for 1 SENT from 7 to 12 at 1316051257.501896 standard 1
DKG_READY 758 for 1 SENT from 7 to 13 at 1316051257.503812 standard 1
DKG_READY 759 for 1 SENT from 7 to 14 at 1316051257.505643 standard 1
DKG_READY 760 for 1 SENT from 7 to 15 at 1316051257.507467 standard 1
DKG_READY 761 for 1 SENT from 7 to 16 at 1316051257.509316 standard 1
DKG_READY 762 for 1 SENT from 7 to 17 at 1316051257.511216 standard 1
DKG_READY 763 for 1 SENT from 7 to 18 at 1316051257.513013 standard 1
DKG_READY 764 for 1 SENT from 7 to 19 at 1316051257.514861 standard 1
DKG_READY 765 for 1 SENT from 7 to 20 at 1316051257.516517 standard 1
DKG_READY 1066 for 1 RECEIVED from 1 to 7 at 1316051257.516546
DKG_READY 752 for 1 RECEIVED from 7 to 7 at 1316051257.518589
DKG_READY 751 for 1 RECEIVED from 10 to 7 at 1316051257.520608
DKG_READY 773 for 1 RECEIVED from 4 to 7 at 1316051257.522611
DKG_READY 776 for 1 RECEIVED from 9 to 7 at 1316051257.524687
DKG_READY 777 for 1 RECEIVED from 16 to 7 at 1316051257.536770
DKG_READY 723 for 1 RECEIVED from 11 to 7 at 1316051257.539539
DKG_READY 756 for 1 RECEIVED from 17 to 7 at 1316051257.553464
DKG_READY 752 for 1 RECEIVED from 14 to 7 at 1316051257.561474
DKG_READY 769 for 1 RECEIVED from 12 to 7 at 1316051257.635458
DKG_READY 741 for 1 RECEIVED from 19 to 7 at 1316051257.655515
VSS_READY 398 for 2 RECEIVED from 15 to 7 at 1316051257.657502
VSS_ECHO 1236 for 3 RECEIVED from 1 to 7 at 1316051257.707007
DKG_READY 626 for 1 RECEIVED from 5 to 7 at 1316051257.773832



============================================
*2ENOUGH DKG_READY message for 7 at 1316051257.773832
*Threshold : Ready = 12
*Received Ready Message Num = 12
============================================

DKG_COMPLETE * for 1 RS from 7 to * at 1316051257.773832 :)
