-Run node 13 starting at 1316051248.334141 with version 5.2
-Function node 13 starting at 1316051258.334353
LEADER_CHANGE 1 for * SENT from 13 to 1 at 1316051258.336803 standard 1
VSS_ECHO 16 for 1 RECEIVED from 17 to 13 at 1316051258.338877
VSS_ECHO 16 for 1 RECEIVED from 10 to 13 at 1316051258.350926
VSS_ECHO 16 for 1 RECEIVED from 14 to 13 at 1316051258.363994
VSS_ECHO 16 for 1 RECEIVED from 7 to 13 at 1316051258.376995
VSS_ECHO 16 for 1 RECEIVED from 16 to 13 at 1316051258.390218
VSS_ECHO 16 for 1 RECEIVED from 15 to 13 at 1316051258.402022
VSS_READY 48 for 1 RECEIVED from 17 to 13 at 1316051258.413745
VSS_READY 65 for 1 RECEIVED from 10 to 13 at 1316051258.433882
VSS_READY 48 for 1 RECEIVED from 14 to 13 at 1316051258.454233



============================================
*1ENOUGH VSS_READY message for 13 at 1316051258.454233
*Threshold : Ready = 3
*Received Ready Message Num = 3
*Ready messages are sending out...
============================================

BEFORE_LOCK * for 1 SENT from 13 to 1 at 1316051258.477676 standard 1
AFTER_LOCK * for 1 SENT from 13 to 1 at 1316051258.477678 standard 1
AFTER_AFTER_LOCK * for 1 SENT from 13 to 1 at 1316051258.477738 standard 1
AFTER_LOCK2 * for 1 SENT from 13 to 1 at 1316051258.477739 standard 1
VSS_READY 27 for 1 SENT from 13 to 1 at 1316051258.477740 standard 1
BEFORE_LOCK * for 1 SENT from 13 to 2 at 1316051258.480088 standard 1
AFTER_LOCK * for 1 SENT from 13 to 2 at 1316051258.480089 standard 1
AFTER_AFTER_LOCK * for 1 SENT from 13 to 2 at 1316051258.480137 standard 1
AFTER_LOCK2 * for 1 SENT from 13 to 2 at 1316051258.480138 standard 1
VSS_READY 28 for 1 SENT from 13 to 2 at 1316051258.480139 standard 1
BEFORE_LOCK * for 1 SENT from 13 to 3 at 1316051258.482476 standard 1
AFTER_LOCK * for 1 SENT from 13 to 3 at 1316051258.482477 standard 1
AFTER_AFTER_LOCK * for 1 SENT from 13 to 3 at 1316051258.482540 standard 1
AFTER_LOCK2 * for 1 SENT from 13 to 3 at 1316051258.482541 standard 1
VSS_READY 29 for 1 SENT from 13 to 3 at 1316051258.482541 standard 1
BEFORE_LOCK * for 1 SENT from 13 to 4 at 1316051258.484940 standard 1
AFTER_LOCK * for 1 SENT from 13 to 4 at 1316051258.484941 standard 1
AFTER_AFTER_LOCK * for 1 SENT from 13 to 4 at 1316051258.485000 standard 1
AFTER_LOCK2 * for 1 SENT from 13 to 4 at 1316051258.485001 standard 1
VSS_READY 30 for 1 SENT from 13 to 4 at 1316051258.485002 standard 1
BEFORE_LOCK * for 1 SENT from 13 to 5 at 1316051258.487432 standard 1
AFTER_LOCK * for 1 SENT from 13 to 5 at 1316051258.487433 standard 1
AFTER_AFTER_LOCK * for 1 SENT from 13 to 5 at 1316051258.487492 standard 1
AFTER_LOCK2 * for 1 SENT from 13 to 5 at 1316051258.487492 standard 1
VSS_READY 31 for 1 SENT from 13 to 5 at 1316051258.487493 standard 1
BEFORE_LOCK * for 1 SENT from 13 to 6 at 1316051258.489887 standard 1
AFTER_LOCK * for 1 SENT from 13 to 6 at 1316051258.489888 standard 1
AFTER_AFTER_LOCK * for 1 SENT from 13 to 6 at 1316051258.489946 standard 1
AFTER_LOCK2 * for 1 SENT from 13 to 6 at 1316051258.489947 standard 1
VSS_READY 32 for 1 SENT from 13 to 6 at 1316051258.489948 standard 1
BEFORE_LOCK * for 1 SENT from 13 to 7 at 1316051258.492293 standard 1
AFTER_LOCK * for 1 SENT from 13 to 7 at 1316051258.492294 standard 1
AFTER_AFTER_LOCK * for 1 SENT from 13 to 7 at 1316051258.492352 standard 1
AFTER_LOCK2 * for 1 SENT from 13 to 7 at 1316051258.492353 standard 1
VSS_READY 33 for 1 SENT from 13 to 7 at 1316051258.492353 standard 1
BEFORE_LOCK * for 1 SENT from 13 to 8 at 1316051258.495012 standard 1
AFTER_LOCK * for 1 SENT from 13 to 8 at 1316051258.495013 standard 1
AFTER_AFTER_LOCK * for 1 SENT from 13 to 8 at 1316051258.495066 standard 1
AFTER_LOCK2 * for 1 SENT from 13 to 8 at 1316051258.495066 standard 1
VSS_READY 34 for 1 SENT from 13 to 8 at 1316051258.495067 standard 1
BEFORE_LOCK * for 1 SENT from 13 to 9 at 1316051258.497467 standard 1
AFTER_LOCK * for 1 SENT from 13 to 9 at 1316051258.497468 standard 1
AFTER_AFTER_LOCK * for 1 SENT from 13 to 9 at 1316051258.497518 standard 1
AFTER_LOCK2 * for 1 SENT from 13 to 9 at 1316051258.497519 standard 1
VSS_READY 35 for 1 SENT from 13 to 9 at 1316051258.497520 standard 1
BEFORE_LOCK * for 1 SENT from 13 to 10 at 1316051258.499877 standard 1
AFTER_LOCK * for 1 SENT from 13 to 10 at 1316051258.499878 standard 1
AFTER_AFTER_LOCK * for 1 SENT from 13 to 10 at 1316051258.499940 standard 1
AFTER_LOCK2 * for 1 SENT from 13 to 10 at 1316051258.499941 standard 1
VSS_READY 36 for 1 SENT from 13 to 10 at 1316051258.499942 standard 1
BEFORE_LOCK * for 1 SENT from 13 to 11 at 1316051258.502179 standard 1
AFTER_LOCK * for 1 SENT from 13 to 11 at 1316051258.502181 standard 1
AFTER_AFTER_LOCK * for 1 SENT from 13 to 11 at 1316051258.502228 standard 1
AFTER_LOCK2 * for 1 SENT from 13 to 11 at 1316051258.502229 standard 1
VSS_READY 37 for 1 SENT from 13 to 11 at 1316051258.502230 standard 1
BEFORE_LOCK * for 1 SENT from 13 to 12 at 1316051258.910193 standard 1
AFTER_LOCK * for 1 SENT from 13 to 12 at 1316051258.910194 standard 1
AFTER_AFTER_LOCK * for 1 SENT from 13 to 12 at 1316051258.910217 standard 1
AFTER_LOCK2 * for 1 SENT from 13 to 12 at 1316051258.910218 standard 1
VSS_READY 38 for 1 SENT from 13 to 12 at 1316051258.910219 standard 1
BEFORE_LOCK * for 1 SENT from 13 to 13 at 1316051258.912629 standard 1
AFTER_LOCK * for 1 SENT from 13 to 13 at 1316051258.912630 standard 1
AFTER_AFTER_LOCK * for 1 SENT from 13 to 13 at 1316051258.912703 standard 1
AFTER_LOCK2 * for 1 SENT from 13 to 13 at 1316051258.912704 standard 1
VSS_READY 39 for 1 SENT from 13 to 13 at 1316051258.912705 standard 1
BEFORE_LOCK * for 1 SENT from 13 to 14 at 1316051258.915201 standard 1
AFTER_LOCK * for 1 SENT from 13 to 14 at 1316051258.915202 standard 1
AFTER_AFTER_LOCK * for 1 SENT from 13 to 14 at 1316051258.915253 standard 1
AFTER_LOCK2 * for 1 SENT from 13 to 14 at 1316051258.915254 standard 1
VSS_READY 40 for 1 SENT from 13 to 14 at 1316051258.915255 standard 1
BEFORE_LOCK * for 1 SENT from 13 to 15 at 1316051258.917725 standard 1
AFTER_LOCK * for 1 SENT from 13 to 15 at 1316051258.917726 standard 1
AFTER_AFTER_LOCK * for 1 SENT from 13 to 15 at 1316051258.917780 standard 1
AFTER_LOCK2 * for 1 SENT from 13 to 15 at 1316051258.917781 standard 1
VSS_READY 41 for 1 SENT from 13 to 15 at 1316051258.917782 standard 1
BEFORE_LOCK * for 1 SENT from 13 to 16 at 1316051258.921821 standard 1
AFTER_LOCK * for 1 SENT from 13 to 16 at 1316051258.921823 standard 1
AFTER_AFTER_LOCK * for 1 SENT from 13 to 16 at 1316051258.921873 standard 1
AFTER_LOCK2 * for 1 SENT from 13 to 16 at 1316051258.921874 standard 1
VSS_READY 42 for 1 SENT from 13 to 16 at 1316051258.921875 standard 1
BEFORE_LOCK * for 1 SENT from 13 to 17 at 1316051258.924443 standard 1
AFTER_LOCK * for 1 SENT from 13 to 17 at 1316051258.924444 standard 1
AFTER_AFTER_LOCK * for 1 SENT from 13 to 17 at 1316051258.924496 standard 1
AFTER_LOCK2 * for 1 SENT from 13 to 17 at 1316051258.924497 standard 1
VSS_READY 43 for 1 SENT from 13 to 17 at 1316051258.924498 standard 1
BEFORE_LOCK * for 1 SENT from 13 to 18 at 1316051258.927055 standard 1
AFTER_LOCK * for 1 SENT from 13 to 18 at 1316051258.927057 standard 1
AFTER_AFTER_LOCK * for 1 SENT from 13 to 18 at 1316051258.927155 standard 1
AFTER_LOCK2 * for 1 SENT from 13 to 18 at 1316051258.927156 standard 1
VSS_READY 44 for 1 SENT from 13 to 18 at 1316051258.927157 standard 1
BEFORE_LOCK * for 1 SENT from 13 to 19 at 1316051258.929884 standard 1
AFTER_LOCK * for 1 SENT from 13 to 19 at 1316051258.929886 standard 1
AFTER_AFTER_LOCK * for 1 SENT from 13 to 19 at 1316051258.929905 standard 1
AFTER_LOCK2 * for 1 SENT from 13 to 19 at 1316051258.929906 standard 1
VSS_READY 45 for 1 SENT from 13 to 19 at 1316051258.929907 standard 1
BEFORE_LOCK * for 1 SENT from 13 to 20 at 1316051258.932307 standard 1
AFTER_LOCK * for 1 SENT from 13 to 20 at 1316051258.932309 standard 1
AFTER_AFTER_LOCK * for 1 SENT from 13 to 20 at 1316051258.932415 standard 1
AFTER_LOCK2 * for 1 SENT from 13 to 20 at 1316051258.932416 standard 1
VSS_READY 46 for 1 SENT from 13 to 20 at 1316051258.932417 standard 1
VSS_READY 63 for 1 RECEIVED from 7 to 13 at 1316051258.932496
VSS_READY 62 for 1 RECEIVED from 16 to 13 at 1316051258.954529
VSS_READY 48 for 1 RECEIVED from 15 to 13 at 1316051258.975552
VSS_ECHO 124 for 4 RECEIVED from 17 to 13 at 1316051258.997426
VSS_ECHO 128 for 4 RECEIVED from 10 to 13 at 1316051259.009389
VSS_ECHO 137 for 4 RECEIVED from 14 to 13 at 1316051259.021142
VSS_ECHO 157 for 4 RECEIVED from 7 to 13 at 1316051259.033511
VSS_ECHO 140 for 4 RECEIVED from 16 to 13 at 1316051259.045425
VSS_ECHO 140 for 4 RECEIVED from 15 to 13 at 1316051259.057684
VSS_READY 39 for 1 RECEIVED from 13 to 13 at 1316051259.069422
VSS_READY 187 for 4 RECEIVED from 17 to 13 at 1316051259.090166
VSS_READY 186 for 4 RECEIVED from 10 to 13 at 1316051259.111043
VSS_READY 187 for 4 RECEIVED from 14 to 13 at 1316051259.131795



============================================
*1ENOUGH VSS_READY message for 13 at 1316051259.131795
*Threshold : Ready = 3
*Received Ready Message Num = 3
*Ready messages are sending out...
============================================

BEFORE_LOCK * for 4 SENT from 13 to 1 at 1316051259.155309 standard 1
AFTER_LOCK * for 4 SENT from 13 to 1 at 1316051259.155311 standard 1
AFTER_AFTER_LOCK * for 4 SENT from 13 to 1 at 1316051259.155372 standard 1
AFTER_LOCK2 * for 4 SENT from 13 to 1 at 1316051259.155372 standard 1
VSS_READY 107 for 4 SENT from 13 to 1 at 1316051259.155373 standard 1
BEFORE_LOCK * for 4 SENT from 13 to 2 at 1316051259.157690 standard 1
AFTER_LOCK * for 4 SENT from 13 to 2 at 1316051259.157691 standard 1
AFTER_AFTER_LOCK * for 4 SENT from 13 to 2 at 1316051259.157739 standard 1
AFTER_LOCK2 * for 4 SENT from 13 to 2 at 1316051259.157740 standard 1
VSS_READY 108 for 4 SENT from 13 to 2 at 1316051259.157741 standard 1
BEFORE_LOCK * for 4 SENT from 13 to 3 at 1316051259.160248 standard 1
AFTER_LOCK * for 4 SENT from 13 to 3 at 1316051259.160250 standard 1
AFTER_AFTER_LOCK * for 4 SENT from 13 to 3 at 1316051259.160298 standard 1
AFTER_LOCK2 * for 4 SENT from 13 to 3 at 1316051259.160299 standard 1
VSS_READY 109 for 4 SENT from 13 to 3 at 1316051259.160299 standard 1
BEFORE_LOCK * for 4 SENT from 13 to 4 at 1316051259.162634 standard 1
AFTER_LOCK * for 4 SENT from 13 to 4 at 1316051259.162635 standard 1
AFTER_AFTER_LOCK * for 4 SENT from 13 to 4 at 1316051259.162698 standard 1
AFTER_LOCK2 * for 4 SENT from 13 to 4 at 1316051259.162698 standard 1
VSS_READY 110 for 4 SENT from 13 to 4 at 1316051259.162699 standard 1
BEFORE_LOCK * for 4 SENT from 13 to 5 at 1316051259.166408 standard 1
AFTER_LOCK * for 4 SENT from 13 to 5 at 1316051259.166410 standard 1
AFTER_AFTER_LOCK * for 4 SENT from 13 to 5 at 1316051259.166466 standard 1
AFTER_LOCK2 * for 4 SENT from 13 to 5 at 1316051259.166467 standard 1
VSS_READY 111 for 4 SENT from 13 to 5 at 1316051259.166468 standard 1
BEFORE_LOCK * for 4 SENT from 13 to 6 at 1316051259.169021 standard 1
AFTER_LOCK * for 4 SENT from 13 to 6 at 1316051259.169023 standard 1
AFTER_AFTER_LOCK * for 4 SENT from 13 to 6 at 1316051259.169094 standard 1
AFTER_LOCK2 * for 4 SENT from 13 to 6 at 1316051259.169095 standard 1
VSS_READY 112 for 4 SENT from 13 to 6 at 1316051259.169096 standard 1
BEFORE_LOCK * for 4 SENT from 13 to 7 at 1316051259.171714 standard 1
AFTER_LOCK * for 4 SENT from 13 to 7 at 1316051259.171715 standard 1
AFTER_AFTER_LOCK * for 4 SENT from 13 to 7 at 1316051259.171729 standard 1
AFTER_LOCK2 * for 4 SENT from 13 to 7 at 1316051259.171730 standard 1
VSS_READY 113 for 4 SENT from 13 to 7 at 1316051259.171731 standard 1
BEFORE_LOCK * for 4 SENT from 13 to 8 at 1316051259.174179 standard 1
AFTER_LOCK * for 4 SENT from 13 to 8 at 1316051259.174180 standard 1
AFTER_AFTER_LOCK * for 4 SENT from 13 to 8 at 1316051259.174181 standard 1
AFTER_LOCK2 * for 4 SENT from 13 to 8 at 1316051259.174181 standard 1
VSS_READY 114 for 4 SENT from 13 to 8 at 1316051259.174182 standard 1
BEFORE_LOCK * for 4 SENT from 13 to 9 at 1316051259.178490 standard 1
AFTER_LOCK * for 4 SENT from 13 to 9 at 1316051259.178492 standard 1
AFTER_AFTER_LOCK * for 4 SENT from 13 to 9 at 1316051259.178512 standard 1
AFTER_LOCK2 * for 4 SENT from 13 to 9 at 1316051259.178513 standard 1
VSS_READY 115 for 4 SENT from 13 to 9 at 1316051259.178514 standard 1
BEFORE_LOCK * for 4 SENT from 13 to 10 at 1316051259.181234 standard 1
AFTER_LOCK * for 4 SENT from 13 to 10 at 1316051259.181236 standard 1
AFTER_AFTER_LOCK * for 4 SENT from 13 to 10 at 1316051259.181351 standard 1
AFTER_LOCK2 * for 4 SENT from 13 to 10 at 1316051259.181351 standard 1
VSS_READY 116 for 4 SENT from 13 to 10 at 1316051259.181352 standard 1
BEFORE_LOCK * for 4 SENT from 13 to 11 at 1316051259.186655 standard 1
AFTER_LOCK * for 4 SENT from 13 to 11 at 1316051259.186656 standard 1
AFTER_AFTER_LOCK * for 4 SENT from 13 to 11 at 1316051259.186676 standard 1
AFTER_LOCK2 * for 4 SENT from 13 to 11 at 1316051259.186676 standard 1
VSS_READY 117 for 4 SENT from 13 to 11 at 1316051259.186677 standard 1
BEFORE_LOCK * for 4 SENT from 13 to 12 at 1316051259.189279 standard 1
AFTER_LOCK * for 4 SENT from 13 to 12 at 1316051259.189280 standard 1
AFTER_AFTER_LOCK * for 4 SENT from 13 to 12 at 1316051259.189335 standard 1
AFTER_LOCK2 * for 4 SENT from 13 to 12 at 1316051259.189336 standard 1
VSS_READY 118 for 4 SENT from 13 to 12 at 1316051259.189336 standard 1
BEFORE_LOCK * for 4 SENT from 13 to 13 at 1316051259.191748 standard 1
AFTER_LOCK * for 4 SENT from 13 to 13 at 1316051259.191749 standard 1
AFTER_AFTER_LOCK * for 4 SENT from 13 to 13 at 1316051259.191830 standard 1
AFTER_LOCK2 * for 4 SENT from 13 to 13 at 1316051259.191831 standard 1
VSS_READY 119 for 4 SENT from 13 to 13 at 1316051259.191832 standard 1
BEFORE_LOCK * for 4 SENT from 13 to 14 at 1316051259.194346 standard 1
AFTER_LOCK * for 4 SENT from 13 to 14 at 1316051259.194348 standard 1
AFTER_AFTER_LOCK * for 4 SENT from 13 to 14 at 1316051259.194399 standard 1
AFTER_LOCK2 * for 4 SENT from 13 to 14 at 1316051259.194400 standard 1
VSS_READY 120 for 4 SENT from 13 to 14 at 1316051259.194401 standard 1
BEFORE_LOCK * for 4 SENT from 13 to 15 at 1316051259.196818 standard 1
AFTER_LOCK * for 4 SENT from 13 to 15 at 1316051259.196819 standard 1
AFTER_AFTER_LOCK * for 4 SENT from 13 to 15 at 1316051259.196867 standard 1
AFTER_LOCK2 * for 4 SENT from 13 to 15 at 1316051259.196868 standard 1
VSS_READY 121 for 4 SENT from 13 to 15 at 1316051259.196868 standard 1
BEFORE_LOCK * for 4 SENT from 13 to 16 at 1316051259.199725 standard 1
AFTER_LOCK * for 4 SENT from 13 to 16 at 1316051259.199726 standard 1
AFTER_AFTER_LOCK * for 4 SENT from 13 to 16 at 1316051259.199787 standard 1
AFTER_LOCK2 * for 4 SENT from 13 to 16 at 1316051259.199788 standard 1
VSS_READY 122 for 4 SENT from 13 to 16 at 1316051259.199788 standard 1
BEFORE_LOCK * for 4 SENT from 13 to 17 at 1316051259.203008 standard 1
AFTER_LOCK * for 4 SENT from 13 to 17 at 1316051259.203009 standard 1
AFTER_AFTER_LOCK * for 4 SENT from 13 to 17 at 1316051259.203064 standard 1
AFTER_LOCK2 * for 4 SENT from 13 to 17 at 1316051259.203065 standard 1
VSS_READY 123 for 4 SENT from 13 to 17 at 1316051259.203066 standard 1
BEFORE_LOCK * for 4 SENT from 13 to 18 at 1316051259.206474 standard 1
AFTER_LOCK * for 4 SENT from 13 to 18 at 1316051259.206475 standard 1
AFTER_AFTER_LOCK * for 4 SENT from 13 to 18 at 1316051259.206533 standard 1
AFTER_LOCK2 * for 4 SENT from 13 to 18 at 1316051259.206534 standard 1
VSS_READY 124 for 4 SENT from 13 to 18 at 1316051259.206534 standard 1
BEFORE_LOCK * for 4 SENT from 13 to 19 at 1316051259.209683 standard 1
AFTER_LOCK * for 4 SENT from 13 to 19 at 1316051259.209684 standard 1
AFTER_AFTER_LOCK * for 4 SENT from 13 to 19 at 1316051259.209698 standard 1
AFTER_LOCK2 * for 4 SENT from 13 to 19 at 1316051259.209699 standard 1
VSS_READY 125 for 4 SENT from 13 to 19 at 1316051259.209699 standard 1
BEFORE_LOCK * for 4 SENT from 13 to 20 at 1316051259.212700 standard 1
AFTER_LOCK * for 4 SENT from 13 to 20 at 1316051259.212702 standard 1
AFTER_AFTER_LOCK * for 4 SENT from 13 to 20 at 1316051259.212703 standard 1
AFTER_LOCK2 * for 4 SENT from 13 to 20 at 1316051259.212703 standard 1
VSS_READY 126 for 4 SENT from 13 to 20 at 1316051259.212704 standard 1
VSS_READY 187 for 4 RECEIVED from 7 to 13 at 1316051259.212766
VSS_READY 187 for 4 RECEIVED from 16 to 13 at 1316051259.240885
VSS_READY 216 for 4 RECEIVED from 15 to 13 at 1316051259.263403
VSS_READY 189 for 4 RECEIVED from 3 to 13 at 1316051259.284283
VSS_READY 119 for 4 RECEIVED from 13 to 13 at 1316051259.304961
VSS_ECHO 366 for 2 RECEIVED from 17 to 13 at 1316051259.346975
VSS_ECHO 344 for 5 RECEIVED from 10 to 13 at 1316051259.364314
VSS_ECHO 345 for 5 RECEIVED from 14 to 13 at 1316051259.376191
VSS_ECHO 332 for 5 RECEIVED from 7 to 13 at 1316051259.390333
VSS_ECHO 331 for 5 RECEIVED from 16 to 13 at 1316051259.403695
VSS_ECHO 343 for 2 RECEIVED from 15 to 13 at 1316051259.416280
VSS_SEND 15 for * RECEIVED from 2 to 13 at 1316051259.428333
VSSECHO_STAGE3 * for * SENT from * to * at 1316051259.450556
VSSECHO_STAGE4 * for * SENT from * to * at 1316051259.450656
BEFORE_LOCK * for 2 SENT from 13 to 1 at 1316051259.450663 standard 1
AFTER_LOCK * for 2 SENT from 13 to 1 at 1316051259.450665 standard 1
AFTER_AFTER_LOCK * for 2 SENT from 13 to 1 at 1316051259.450725 standard 1
AFTER_LOCK2 * for 2 SENT from 13 to 1 at 1316051259.450726 standard 1
VSS_ECHO 174 for 2 SENT from 13 to 1 at 1316051259.450746 standard 1
VSSECHO_STAGE3 * for * SENT from * to * at 1316051259.450760
VSSECHO_STAGE4 * for * SENT from * to * at 1316051259.450854
BEFORE_LOCK * for 2 SENT from 13 to 2 at 1316051259.450861 standard 1
AFTER_LOCK * for 2 SENT from 13 to 2 at 1316051259.450862 standard 1
AFTER_AFTER_LOCK * for 2 SENT from 13 to 2 at 1316051259.450873 standard 1
AFTER_LOCK2 * for 2 SENT from 13 to 2 at 1316051259.450874 standard 1
VSS_ECHO 175 for 2 SENT from 13 to 2 at 1316051259.450893 standard 1
VSSECHO_STAGE3 * for * SENT from * to * at 1316051259.450906
VSSECHO_STAGE4 * for * SENT from * to * at 1316051259.450992
BEFORE_LOCK * for 2 SENT from 13 to 3 at 1316051259.450998 standard 1
AFTER_LOCK * for 2 SENT from 13 to 3 at 1316051259.450999 standard 1
AFTER_AFTER_LOCK * for 2 SENT from 13 to 3 at 1316051259.451008 standard 1
AFTER_LOCK2 * for 2 SENT from 13 to 3 at 1316051259.451009 standard 1
VSS_ECHO 176 for 2 SENT from 13 to 3 at 1316051259.451028 standard 1
VSSECHO_STAGE3 * for * SENT from * to * at 1316051259.451041
VSSECHO_STAGE4 * for * SENT from * to * at 1316051259.451120
BEFORE_LOCK * for 2 SENT from 13 to 4 at 1316051259.451126 standard 1
AFTER_LOCK * for 2 SENT from 13 to 4 at 1316051259.451127 standard 1
AFTER_AFTER_LOCK * for 2 SENT from 13 to 4 at 1316051259.451136 standard 1
AFTER_LOCK2 * for 2 SENT from 13 to 4 at 1316051259.451136 standard 1
VSS_ECHO 177 for 2 SENT from 13 to 4 at 1316051259.451155 standard 1
VSSECHO_STAGE3 * for * SENT from * to * at 1316051259.451169
VSSECHO_STAGE4 * for * SENT from * to * at 1316051259.452068
BEFORE_LOCK * for 2 SENT from 13 to 5 at 1316051259.452082 standard 1
AFTER_LOCK * for 2 SENT from 13 to 5 at 1316051259.452084 standard 1
AFTER_AFTER_LOCK * for 2 SENT from 13 to 5 at 1316051259.452138 standard 1
AFTER_LOCK2 * for 2 SENT from 13 to 5 at 1316051259.452139 standard 1
VSS_ECHO 178 for 2 SENT from 13 to 5 at 1316051259.452159 standard 1
VSSECHO_STAGE3 * for * SENT from * to * at 1316051259.452176
VSSECHO_STAGE4 * for * SENT from * to * at 1316051259.452263
BEFORE_LOCK * for 2 SENT from 13 to 6 at 1316051259.452269 standard 1
AFTER_LOCK * for 2 SENT from 13 to 6 at 1316051259.452270 standard 1
AFTER_AFTER_LOCK * for 2 SENT from 13 to 6 at 1316051259.452281 standard 1
AFTER_LOCK2 * for 2 SENT from 13 to 6 at 1316051259.452281 standard 1
VSS_ECHO 179 for 2 SENT from 13 to 6 at 1316051259.452301 standard 1
VSSECHO_STAGE3 * for * SENT from * to * at 1316051259.452314
VSSECHO_STAGE4 * for * SENT from * to * at 1316051259.452393
BEFORE_LOCK * for 2 SENT from 13 to 7 at 1316051259.452399 standard 1
AFTER_LOCK * for 2 SENT from 13 to 7 at 1316051259.452400 standard 1
AFTER_AFTER_LOCK * for 2 SENT from 13 to 7 at 1316051259.452410 standard 1
AFTER_LOCK2 * for 2 SENT from 13 to 7 at 1316051259.452411 standard 1
VSS_ECHO 180 for 2 SENT from 13 to 7 at 1316051259.452429 standard 1
VSSECHO_STAGE3 * for * SENT from * to * at 1316051259.452443
VSSECHO_STAGE4 * for * SENT from * to * at 1316051259.452520
BEFORE_LOCK * for 2 SENT from 13 to 8 at 1316051259.452707 standard 1
AFTER_LOCK * for 2 SENT from 13 to 8 at 1316051259.452708 standard 1
AFTER_AFTER_LOCK * for 2 SENT from 13 to 8 at 1316051259.452709 standard 1
AFTER_LOCK2 * for 2 SENT from 13 to 8 at 1316051259.452710 standard 1
VSS_ECHO 181 for 2 SENT from 13 to 8 at 1316051259.452729 standard 1
VSSECHO_STAGE3 * for * SENT from * to * at 1316051259.452744
VSSECHO_STAGE4 * for * SENT from * to * at 1316051259.452823
BEFORE_LOCK * for 2 SENT from 13 to 9 at 1316051259.452829 standard 1
AFTER_LOCK * for 2 SENT from 13 to 9 at 1316051259.452830 standard 1
AFTER_AFTER_LOCK * for 2 SENT from 13 to 9 at 1316051259.452841 standard 1
AFTER_LOCK2 * for 2 SENT from 13 to 9 at 1316051259.452842 standard 1
VSS_ECHO 182 for 2 SENT from 13 to 9 at 1316051259.452861 standard 1
VSSECHO_STAGE3 * for * SENT from * to * at 1316051259.452875
VSSECHO_STAGE4 * for * SENT from * to * at 1316051259.452968
BEFORE_LOCK * for 2 SENT from 13 to 10 at 1316051259.452974 standard 1
AFTER_LOCK * for 2 SENT from 13 to 10 at 1316051259.452975 standard 1
AFTER_AFTER_LOCK * for 2 SENT from 13 to 10 at 1316051259.452984 standard 1
AFTER_LOCK2 * for 2 SENT from 13 to 10 at 1316051259.452985 standard 1
VSS_ECHO 183 for 2 SENT from 13 to 10 at 1316051259.453003 standard 1
VSSECHO_STAGE3 * for * SENT from * to * at 1316051259.453017
VSSECHO_STAGE4 * for * SENT from * to * at 1316051259.453097
BEFORE_LOCK * for 2 SENT from 13 to 11 at 1316051259.453103 standard 1
AFTER_LOCK * for 2 SENT from 13 to 11 at 1316051259.453104 standard 1
AFTER_AFTER_LOCK * for 2 SENT from 13 to 11 at 1316051259.453113 standard 1
AFTER_LOCK2 * for 2 SENT from 13 to 11 at 1316051259.453114 standard 1
VSS_ECHO 184 for 2 SENT from 13 to 11 at 1316051259.453132 standard 1
VSSECHO_STAGE3 * for * SENT from * to * at 1316051259.453146
VSSECHO_STAGE4 * for * SENT from * to * at 1316051259.453248
BEFORE_LOCK * for 2 SENT from 13 to 12 at 1316051259.453255 standard 1
AFTER_LOCK * for 2 SENT from 13 to 12 at 1316051259.453256 standard 1
AFTER_AFTER_LOCK * for 2 SENT from 13 to 12 at 1316051259.453304 standard 1
AFTER_LOCK2 * for 2 SENT from 13 to 12 at 1316051259.453305 standard 1
VSS_ECHO 185 for 2 SENT from 13 to 12 at 1316051259.453324 standard 1
VSSECHO_STAGE3 * for * SENT from * to * at 1316051259.453338
VSSECHO_STAGE4 * for * SENT from * to * at 1316051259.453422
BEFORE_LOCK * for 2 SENT from 13 to 13 at 1316051259.453428 standard 1
AFTER_LOCK * for 2 SENT from 13 to 13 at 1316051259.453429 standard 1
AFTER_AFTER_LOCK * for 2 SENT from 13 to 13 at 1316051259.453438 standard 1
AFTER_LOCK2 * for 2 SENT from 13 to 13 at 1316051259.453439 standard 1
VSS_ECHO 186 for 2 SENT from 13 to 13 at 1316051259.453458 standard 1
VSSECHO_STAGE3 * for * SENT from * to * at 1316051259.453471
VSSECHO_STAGE4 * for * SENT from * to * at 1316051259.453550
BEFORE_LOCK * for 2 SENT from 13 to 14 at 1316051259.453556 standard 1
AFTER_LOCK * for 2 SENT from 13 to 14 at 1316051259.453557 standard 1
AFTER_AFTER_LOCK * for 2 SENT from 13 to 14 at 1316051259.453566 standard 1
AFTER_LOCK2 * for 2 SENT from 13 to 14 at 1316051259.453566 standard 1
VSS_ECHO 187 for 2 SENT from 13 to 14 at 1316051259.453585 standard 1
VSSECHO_STAGE3 * for * SENT from * to * at 1316051259.453598
VSSECHO_STAGE4 * for * SENT from * to * at 1316051259.453681
BEFORE_LOCK * for 2 SENT from 13 to 15 at 1316051259.453687 standard 1
AFTER_LOCK * for 2 SENT from 13 to 15 at 1316051259.453688 standard 1
AFTER_AFTER_LOCK * for 2 SENT from 13 to 15 at 1316051259.453697 standard 1
AFTER_LOCK2 * for 2 SENT from 13 to 15 at 1316051259.453698 standard 1
VSS_ECHO 188 for 2 SENT from 13 to 15 at 1316051259.453717 standard 1
VSSECHO_STAGE3 * for * SENT from * to * at 1316051259.453730
VSSECHO_STAGE4 * for * SENT from * to * at 1316051259.453812
BEFORE_LOCK * for 2 SENT from 13 to 16 at 1316051259.453818 standard 1
AFTER_LOCK * for 2 SENT from 13 to 16 at 1316051259.453819 standard 1
AFTER_AFTER_LOCK * for 2 SENT from 13 to 16 at 1316051259.453866 standard 1
AFTER_LOCK2 * for 2 SENT from 13 to 16 at 1316051259.453866 standard 1
VSS_ECHO 189 for 2 SENT from 13 to 16 at 1316051259.453898 standard 1
VSSECHO_STAGE3 * for * SENT from * to * at 1316051259.453912
VSSECHO_STAGE4 * for * SENT from * to * at 1316051259.453997
BEFORE_LOCK * for 2 SENT from 13 to 17 at 1316051259.454003 standard 1
AFTER_LOCK * for 2 SENT from 13 to 17 at 1316051259.454005 standard 1
AFTER_AFTER_LOCK * for 2 SENT from 13 to 17 at 1316051259.454013 standard 1
AFTER_LOCK2 * for 2 SENT from 13 to 17 at 1316051259.454014 standard 1
VSS_ECHO 190 for 2 SENT from 13 to 17 at 1316051259.454032 standard 1
VSSECHO_STAGE3 * for * SENT from * to * at 1316051259.454045
VSSECHO_STAGE4 * for * SENT from * to * at 1316051259.454124
BEFORE_LOCK * for 2 SENT from 13 to 18 at 1316051259.454130 standard 1
AFTER_LOCK * for 2 SENT from 13 to 18 at 1316051259.454131 standard 1
AFTER_AFTER_LOCK * for 2 SENT from 13 to 18 at 1316051259.454140 standard 1
AFTER_LOCK2 * for 2 SENT from 13 to 18 at 1316051259.454141 standard 1
VSS_ECHO 191 for 2 SENT from 13 to 18 at 1316051259.454159 standard 1
VSSECHO_STAGE3 * for * SENT from * to * at 1316051259.454172
VSSECHO_STAGE4 * for * SENT from * to * at 1316051259.454249
BEFORE_LOCK * for 2 SENT from 13 to 19 at 1316051259.454255 standard 1
AFTER_LOCK * for 2 SENT from 13 to 19 at 1316051259.454256 standard 1
AFTER_AFTER_LOCK * for 2 SENT from 13 to 19 at 1316051259.454283 standard 1
AFTER_LOCK2 * for 2 SENT from 13 to 19 at 1316051259.454283 standard 1
VSS_ECHO 192 for 2 SENT from 13 to 19 at 1316051259.454302 standard 1
VSSECHO_STAGE3 * for * SENT from * to * at 1316051259.454316
VSSECHO_STAGE4 * for * SENT from * to * at 1316051259.454398
BEFORE_LOCK * for 2 SENT from 13 to 20 at 1316051259.454404 standard 1
AFTER_LOCK * for 2 SENT from 13 to 20 at 1316051259.454405 standard 1
AFTER_AFTER_LOCK * for 2 SENT from 13 to 20 at 1316051259.454406 standard 1
AFTER_LOCK2 * for 2 SENT from 13 to 20 at 1316051259.454407 standard 1
VSS_ECHO 193 for 2 SENT from 13 to 20 at 1316051259.454424 standard 1
VSS_SEND 15 for * RECEIVED from 4 to 13 at 1316051259.454448
VSSECHO_STAGE3 * for * SENT from * to * at 1316051259.477646
VSSECHO_STAGE4 * for * SENT from * to * at 1316051259.477742
BEFORE_LOCK * for 4 SENT from 13 to 1 at 1316051259.477750 standard 1
AFTER_LOCK * for 4 SENT from 13 to 1 at 1316051259.477751 standard 1
AFTER_AFTER_LOCK * for 4 SENT from 13 to 1 at 1316051259.477813 standard 1
AFTER_LOCK2 * for 4 SENT from 13 to 1 at 1316051259.477813 standard 1
VSS_ECHO 195 for 4 SENT from 13 to 1 at 1316051259.477833 standard 1
VSSECHO_STAGE3 * for * SENT from * to * at 1316051259.477848
VSSECHO_STAGE4 * for * SENT from * to * at 1316051259.477927
BEFORE_LOCK * for 4 SENT from 13 to 2 at 1316051259.477933 standard 1
AFTER_LOCK * for 4 SENT from 13 to 2 at 1316051259.477934 standard 1
AFTER_AFTER_LOCK * for 4 SENT from 13 to 2 at 1316051259.477943 standard 1
AFTER_LOCK2 * for 4 SENT from 13 to 2 at 1316051259.477944 standard 1
VSS_ECHO 196 for 4 SENT from 13 to 2 at 1316051259.477971 standard 1
VSSECHO_STAGE3 * for * SENT from * to * at 1316051259.477985
VSSECHO_STAGE4 * for * SENT from * to * at 1316051259.478064
BEFORE_LOCK * for 4 SENT from 13 to 3 at 1316051259.478070 standard 1
AFTER_LOCK * for 4 SENT from 13 to 3 at 1316051259.478071 standard 1
AFTER_AFTER_LOCK * for 4 SENT from 13 to 3 at 1316051259.478081 standard 1
AFTER_LOCK2 * for 4 SENT from 13 to 3 at 1316051259.478081 standard 1
VSS_ECHO 197 for 4 SENT from 13 to 3 at 1316051259.478100 standard 1
VSSECHO_STAGE3 * for * SENT from * to * at 1316051259.478114
VSSECHO_STAGE4 * for * SENT from * to * at 1316051259.478201
BEFORE_LOCK * for 4 SENT from 13 to 4 at 1316051259.478207 standard 1
AFTER_LOCK * for 4 SENT from 13 to 4 at 1316051259.478209 standard 1
AFTER_AFTER_LOCK * for 4 SENT from 13 to 4 at 1316051259.478219 standard 1
AFTER_LOCK2 * for 4 SENT from 13 to 4 at 1316051259.478220 standard 1
VSS_ECHO 198 for 4 SENT from 13 to 4 at 1316051259.478239 standard 1
VSSECHO_STAGE3 * for * SENT from * to * at 1316051259.478252
VSSECHO_STAGE4 * for * SENT from * to * at 1316051259.478331
BEFORE_LOCK * for 4 SENT from 13 to 5 at 1316051259.478358 standard 1
AFTER_LOCK * for 4 SENT from 13 to 5 at 1316051259.478359 standard 1
AFTER_AFTER_LOCK * for 4 SENT from 13 to 5 at 1316051259.478407 standard 1
AFTER_LOCK2 * for 4 SENT from 13 to 5 at 1316051259.478408 standard 1
VSS_ECHO 199 for 4 SENT from 13 to 5 at 1316051259.478427 standard 1
VSSECHO_STAGE3 * for * SENT from * to * at 1316051259.478441
VSSECHO_STAGE4 * for * SENT from * to * at 1316051259.478580
BEFORE_LOCK * for 4 SENT from 13 to 6 at 1316051259.478587 standard 1
AFTER_LOCK * for 4 SENT from 13 to 6 at 1316051259.478588 standard 1
AFTER_AFTER_LOCK * for 4 SENT from 13 to 6 at 1316051259.478597 standard 1
AFTER_LOCK2 * for 4 SENT from 13 to 6 at 1316051259.478598 standard 1
VSS_ECHO 200 for 4 SENT from 13 to 6 at 1316051259.478616 standard 1
VSSECHO_STAGE3 * for * SENT from * to * at 1316051259.478630
VSSECHO_STAGE4 * for * SENT from * to * at 1316051259.478712
BEFORE_LOCK * for 4 SENT from 13 to 7 at 1316051259.478718 standard 1
AFTER_LOCK * for 4 SENT from 13 to 7 at 1316051259.478719 standard 1
AFTER_AFTER_LOCK * for 4 SENT from 13 to 7 at 1316051259.478727 standard 1
AFTER_LOCK2 * for 4 SENT from 13 to 7 at 1316051259.478728 standard 1
VSS_ECHO 201 for 4 SENT from 13 to 7 at 1316051259.478746 standard 1
VSSECHO_STAGE3 * for * SENT from * to * at 1316051259.478759
VSSECHO_STAGE4 * for * SENT from * to * at 1316051259.478842
BEFORE_LOCK * for 4 SENT from 13 to 8 at 1316051259.478848 standard 1
AFTER_LOCK * for 4 SENT from 13 to 8 at 1316051259.478849 standard 1
AFTER_AFTER_LOCK * for 4 SENT from 13 to 8 at 1316051259.478849 standard 1
AFTER_LOCK2 * for 4 SENT from 13 to 8 at 1316051259.478850 standard 1
VSS_ECHO 202 for 4 SENT from 13 to 8 at 1316051259.478867 standard 1
VSSECHO_STAGE3 * for * SENT from * to * at 1316051259.478880
VSSECHO_STAGE4 * for * SENT from * to * at 1316051259.478965
BEFORE_LOCK * for 4 SENT from 13 to 9 at 1316051259.478972 standard 1
AFTER_LOCK * for 4 SENT from 13 to 9 at 1316051259.478973 standard 1
AFTER_AFTER_LOCK * for 4 SENT from 13 to 9 at 1316051259.479022 standard 1
AFTER_LOCK2 * for 4 SENT from 13 to 9 at 1316051259.479022 standard 1
VSS_ECHO 203 for 4 SENT from 13 to 9 at 1316051259.479041 standard 1
VSSECHO_STAGE3 * for * SENT from * to * at 1316051259.479054
VSSECHO_STAGE4 * for * SENT from * to * at 1316051259.479134
BEFORE_LOCK * for 4 SENT from 13 to 10 at 1316051259.479140 standard 1
AFTER_LOCK * for 4 SENT from 13 to 10 at 1316051259.479141 standard 1
AFTER_AFTER_LOCK * for 4 SENT from 13 to 10 at 1316051259.479190 standard 1
AFTER_LOCK2 * for 4 SENT from 13 to 10 at 1316051259.479190 standard 1
VSS_ECHO 204 for 4 SENT from 13 to 10 at 1316051259.479209 standard 1
VSSECHO_STAGE3 * for * SENT from * to * at 1316051259.479223
VSSECHO_STAGE4 * for * SENT from * to * at 1316051259.479327
BEFORE_LOCK * for 4 SENT from 13 to 11 at 1316051259.479334 standard 1
AFTER_LOCK * for 4 SENT from 13 to 11 at 1316051259.479335 standard 1
AFTER_AFTER_LOCK * for 4 SENT from 13 to 11 at 1316051259.479370 standard 1
AFTER_LOCK2 * for 4 SENT from 13 to 11 at 1316051259.479371 standard 1
VSS_ECHO 205 for 4 SENT from 13 to 11 at 1316051259.479390 standard 1
VSSECHO_STAGE3 * for * SENT from * to * at 1316051259.479405
VSSECHO_STAGE4 * for * SENT from * to * at 1316051259.479485
BEFORE_LOCK * for 4 SENT from 13 to 12 at 1316051259.479492 standard 1
AFTER_LOCK * for 4 SENT from 13 to 12 at 1316051259.479493 standard 1
AFTER_AFTER_LOCK * for 4 SENT from 13 to 12 at 1316051259.479502 standard 1
AFTER_LOCK2 * for 4 SENT from 13 to 12 at 1316051259.479503 standard 1
VSS_ECHO 206 for 4 SENT from 13 to 12 at 1316051259.479521 standard 1
VSSECHO_STAGE3 * for * SENT from * to * at 1316051259.479535
VSSECHO_STAGE4 * for * SENT from * to * at 1316051259.479613
BEFORE_LOCK * for 4 SENT from 13 to 13 at 1316051259.479619 standard 1
AFTER_LOCK * for 4 SENT from 13 to 13 at 1316051259.479620 standard 1
AFTER_AFTER_LOCK * for 4 SENT from 13 to 13 at 1316051259.479670 standard 1
AFTER_LOCK2 * for 4 SENT from 13 to 13 at 1316051259.479671 standard 1
VSS_ECHO 207 for 4 SENT from 13 to 13 at 1316051259.479707 standard 1
VSSECHO_STAGE3 * for * SENT from * to * at 1316051259.479722
VSSECHO_STAGE4 * for * SENT from * to * at 1316051259.479802
BEFORE_LOCK * for 4 SENT from 13 to 14 at 1316051259.479807 standard 1
AFTER_LOCK * for 4 SENT from 13 to 14 at 1316051259.479809 standard 1
AFTER_AFTER_LOCK * for 4 SENT from 13 to 14 at 1316051259.479817 standard 1
AFTER_LOCK2 * for 4 SENT from 13 to 14 at 1316051259.479818 standard 1
VSS_ECHO 208 for 4 SENT from 13 to 14 at 1316051259.479837 standard 1
VSSECHO_STAGE3 * for * SENT from * to * at 1316051259.479850
VSSECHO_STAGE4 * for * SENT from * to * at 1316051259.479929
BEFORE_LOCK * for 4 SENT from 13 to 15 at 1316051259.479935 standard 1
AFTER_LOCK * for 4 SENT from 13 to 15 at 1316051259.479936 standard 1
AFTER_AFTER_LOCK * for 4 SENT from 13 to 15 at 1316051259.479944 standard 1
AFTER_LOCK2 * for 4 SENT from 13 to 15 at 1316051259.479945 standard 1
VSS_ECHO 209 for 4 SENT from 13 to 15 at 1316051259.479964 standard 1
VSSECHO_STAGE3 * for * SENT from * to * at 1316051259.479977
VSSECHO_STAGE4 * for * SENT from * to * at 1316051259.480155
BEFORE_LOCK * for 4 SENT from 13 to 16 at 1316051259.480168 standard 1
AFTER_LOCK * for 4 SENT from 13 to 16 at 1316051259.480169 standard 1
AFTER_AFTER_LOCK * for 4 SENT from 13 to 16 at 1316051259.480216 standard 1
AFTER_LOCK2 * for 4 SENT from 13 to 16 at 1316051259.480217 standard 1
VSS_ECHO 210 for 4 SENT from 13 to 16 at 1316051259.480236 standard 1
VSSECHO_STAGE3 * for * SENT from * to * at 1316051259.480250
VSSECHO_STAGE4 * for * SENT from * to * at 1316051259.480329
BEFORE_LOCK * for 4 SENT from 13 to 17 at 1316051259.480334 standard 1
AFTER_LOCK * for 4 SENT from 13 to 17 at 1316051259.480335 standard 1
AFTER_AFTER_LOCK * for 4 SENT from 13 to 17 at 1316051259.480344 standard 1
AFTER_LOCK2 * for 4 SENT from 13 to 17 at 1316051259.480345 standard 1
VSS_ECHO 211 for 4 SENT from 13 to 17 at 1316051259.480364 standard 1
VSSECHO_STAGE3 * for * SENT from * to * at 1316051259.480377
VSSECHO_STAGE4 * for * SENT from * to * at 1316051259.480454
BEFORE_LOCK * for 4 SENT from 13 to 18 at 1316051259.480460 standard 1
AFTER_LOCK * for 4 SENT from 13 to 18 at 1316051259.480461 standard 1
AFTER_AFTER_LOCK * for 4 SENT from 13 to 18 at 1316051259.480469 standard 1
AFTER_LOCK2 * for 4 SENT from 13 to 18 at 1316051259.480470 standard 1
VSS_ECHO 212 for 4 SENT from 13 to 18 at 1316051259.480520 standard 1
VSSECHO_STAGE3 * for * SENT from * to * at 1316051259.480535
VSSECHO_STAGE4 * for * SENT from * to * at 1316051259.480613
BEFORE_LOCK * for 4 SENT from 13 to 19 at 1316051259.480619 standard 1
AFTER_LOCK * for 4 SENT from 13 to 19 at 1316051259.480620 standard 1
AFTER_AFTER_LOCK * for 4 SENT from 13 to 19 at 1316051259.480628 standard 1
AFTER_LOCK2 * for 4 SENT from 13 to 19 at 1316051259.480629 standard 1
VSS_ECHO 213 for 4 SENT from 13 to 19 at 1316051259.480648 standard 1
VSSECHO_STAGE3 * for * SENT from * to * at 1316051259.480661
VSSECHO_STAGE4 * for * SENT from * to * at 1316051259.480740
BEFORE_LOCK * for 4 SENT from 13 to 20 at 1316051259.480746 standard 1
AFTER_LOCK * for 4 SENT from 13 to 20 at 1316051259.480747 standard 1
AFTER_AFTER_LOCK * for 4 SENT from 13 to 20 at 1316051259.480748 standard 1
AFTER_LOCK2 * for 4 SENT from 13 to 20 at 1316051259.480748 standard 1
VSS_ECHO 214 for 4 SENT from 13 to 20 at 1316051259.480765 standard 1
VSS_READY 434 for 2 RECEIVED from 17 to 13 at 1316051259.480786
VSS_ECHO 380 for 2 RECEIVED from 10 to 13 at 1316051259.502203
VSS_ECHO 388 for 2 RECEIVED from 14 to 13 at 1316051259.514121
VSS_ECHO 381 for 2 RECEIVED from 7 to 13 at 1316051259.525973
VSS_ECHO 380 for 2 RECEIVED from 16 to 13 at 1316051259.537975
VSS_READY 404 for 2 RECEIVED from 15 to 13 at 1316051259.550002
VSS_ECHO 210 for 5 RECEIVED from 3 to 13 at 1316051259.570857
VSS_ECHO 186 for 2 RECEIVED from 13 to 13 at 1316051259.583403
VSS_ECHO 43 for 1 RECEIVED from 2 to 13 at 1316051259.596102
VSS_ECHO 42 for 1 RECEIVED from 4 to 13 at 1316051259.608410
DKG_ECHO 577 for 1 RECEIVED from 17 to 13 at 1316051259.953689
VSS_READY 439 for 2 RECEIVED from 10 to 13 at 1316051259.956573



============================================
*1ENOUGH VSS_READY message for 13 at 1316051259.956573
*Threshold : Ready = 3
*Received Ready Message Num = 3
*Ready messages are sending out...
============================================

BEFORE_LOCK * for 2 SENT from 13 to 1 at 1316051259.980322 standard 1
AFTER_LOCK * for 2 SENT from 13 to 1 at 1316051259.980323 standard 1
AFTER_AFTER_LOCK * for 2 SENT from 13 to 1 at 1316051259.980386 standard 1
AFTER_LOCK2 * for 2 SENT from 13 to 1 at 1316051259.980386 standard 1
VSS_READY 270 for 2 SENT from 13 to 1 at 1316051259.980387 standard 1
BEFORE_LOCK * for 2 SENT from 13 to 2 at 1316051259.982813 standard 1
AFTER_LOCK * for 2 SENT from 13 to 2 at 1316051259.982814 standard 1
AFTER_AFTER_LOCK * for 2 SENT from 13 to 2 at 1316051259.982863 standard 1
AFTER_LOCK2 * for 2 SENT from 13 to 2 at 1316051259.982864 standard 1
VSS_READY 271 for 2 SENT from 13 to 2 at 1316051259.982864 standard 1
BEFORE_LOCK * for 2 SENT from 13 to 3 at 1316051259.985328 standard 1
AFTER_LOCK * for 2 SENT from 13 to 3 at 1316051259.985329 standard 1
AFTER_AFTER_LOCK * for 2 SENT from 13 to 3 at 1316051259.985341 standard 1
AFTER_LOCK2 * for 2 SENT from 13 to 3 at 1316051259.985342 standard 1
VSS_READY 272 for 2 SENT from 13 to 3 at 1316051259.985342 standard 1
BEFORE_LOCK * for 2 SENT from 13 to 4 at 1316051259.987711 standard 1
AFTER_LOCK * for 2 SENT from 13 to 4 at 1316051259.987712 standard 1
AFTER_AFTER_LOCK * for 2 SENT from 13 to 4 at 1316051259.987759 standard 1
AFTER_LOCK2 * for 2 SENT from 13 to 4 at 1316051259.987760 standard 1
VSS_READY 273 for 2 SENT from 13 to 4 at 1316051259.987760 standard 1
BEFORE_LOCK * for 2 SENT from 13 to 5 at 1316051259.990775 standard 1
AFTER_LOCK * for 2 SENT from 13 to 5 at 1316051259.990777 standard 1
AFTER_AFTER_LOCK * for 2 SENT from 13 to 5 at 1316051259.990831 standard 1
AFTER_LOCK2 * for 2 SENT from 13 to 5 at 1316051259.990832 standard 1
VSS_READY 274 for 2 SENT from 13 to 5 at 1316051259.990833 standard 1
BEFORE_LOCK * for 2 SENT from 13 to 6 at 1316051259.993197 standard 1
AFTER_LOCK * for 2 SENT from 13 to 6 at 1316051259.993199 standard 1
AFTER_AFTER_LOCK * for 2 SENT from 13 to 6 at 1316051259.993211 standard 1
AFTER_LOCK2 * for 2 SENT from 13 to 6 at 1316051259.993211 standard 1
VSS_READY 275 for 2 SENT from 13 to 6 at 1316051259.993212 standard 1
BEFORE_LOCK * for 2 SENT from 13 to 7 at 1316051259.995643 standard 1
AFTER_LOCK * for 2 SENT from 13 to 7 at 1316051259.995645 standard 1
AFTER_AFTER_LOCK * for 2 SENT from 13 to 7 at 1316051259.995694 standard 1
AFTER_LOCK2 * for 2 SENT from 13 to 7 at 1316051259.995695 standard 1
VSS_READY 276 for 2 SENT from 13 to 7 at 1316051259.995696 standard 1
BEFORE_LOCK * for 2 SENT from 13 to 8 at 1316051259.998116 standard 1
AFTER_LOCK * for 2 SENT from 13 to 8 at 1316051259.998117 standard 1
AFTER_AFTER_LOCK * for 2 SENT from 13 to 8 at 1316051259.998118 standard 1
AFTER_LOCK2 * for 2 SENT from 13 to 8 at 1316051259.998119 standard 1
VSS_READY 277 for 2 SENT from 13 to 8 at 1316051259.998120 standard 1
BEFORE_LOCK * for 2 SENT from 13 to 9 at 1316051260.000678 standard 1
AFTER_LOCK * for 2 SENT from 13 to 9 at 1316051260.000679 standard 1
AFTER_AFTER_LOCK * for 2 SENT from 13 to 9 at 1316051260.000735 standard 1
AFTER_LOCK2 * for 2 SENT from 13 to 9 at 1316051260.000736 standard 1
VSS_READY 278 for 2 SENT from 13 to 9 at 1316051260.000737 standard 1
BEFORE_LOCK * for 2 SENT from 13 to 10 at 1316051260.003157 standard 1
AFTER_LOCK * for 2 SENT from 13 to 10 at 1316051260.003158 standard 1
AFTER_AFTER_LOCK * for 2 SENT from 13 to 10 at 1316051260.003206 standard 1
AFTER_LOCK2 * for 2 SENT from 13 to 10 at 1316051260.003206 standard 1
VSS_READY 279 for 2 SENT from 13 to 10 at 1316051260.003207 standard 1
BEFORE_LOCK * for 2 SENT from 13 to 11 at 1316051260.005772 standard 1
AFTER_LOCK * for 2 SENT from 13 to 11 at 1316051260.005773 standard 1
AFTER_AFTER_LOCK * for 2 SENT from 13 to 11 at 1316051260.005819 standard 1
AFTER_LOCK2 * for 2 SENT from 13 to 11 at 1316051260.005820 standard 1
VSS_READY 280 for 2 SENT from 13 to 11 at 1316051260.005821 standard 1
BEFORE_LOCK * for 2 SENT from 13 to 12 at 1316051260.008288 standard 1
AFTER_LOCK * for 2 SENT from 13 to 12 at 1316051260.008289 standard 1
AFTER_AFTER_LOCK * for 2 SENT from 13 to 12 at 1316051260.008336 standard 1
AFTER_LOCK2 * for 2 SENT from 13 to 12 at 1316051260.008337 standard 1
VSS_READY 281 for 2 SENT from 13 to 12 at 1316051260.008338 standard 1
BEFORE_LOCK * for 2 SENT from 13 to 13 at 1316051260.010786 standard 1
AFTER_LOCK * for 2 SENT from 13 to 13 at 1316051260.010788 standard 1
AFTER_AFTER_LOCK * for 2 SENT from 13 to 13 at 1316051260.010843 standard 1
AFTER_LOCK2 * for 2 SENT from 13 to 13 at 1316051260.010845 standard 1
VSS_READY 282 for 2 SENT from 13 to 13 at 1316051260.010845 standard 1
BEFORE_LOCK * for 2 SENT from 13 to 14 at 1316051260.013647 standard 1
AFTER_LOCK * for 2 SENT from 13 to 14 at 1316051260.013649 standard 1
AFTER_AFTER_LOCK * for 2 SENT from 13 to 14 at 1316051260.013710 standard 1
AFTER_LOCK2 * for 2 SENT from 13 to 14 at 1316051260.013711 standard 1
VSS_READY 283 for 2 SENT from 13 to 14 at 1316051260.013712 standard 1
BEFORE_LOCK * for 2 SENT from 13 to 15 at 1316051260.016221 standard 1
AFTER_LOCK * for 2 SENT from 13 to 15 at 1316051260.016223 standard 1
AFTER_AFTER_LOCK * for 2 SENT from 13 to 15 at 1316051260.016273 standard 1
AFTER_LOCK2 * for 2 SENT from 13 to 15 at 1316051260.016274 standard 1
VSS_READY 284 for 2 SENT from 13 to 15 at 1316051260.016274 standard 1
BEFORE_LOCK * for 2 SENT from 13 to 16 at 1316051260.018733 standard 1
AFTER_LOCK * for 2 SENT from 13 to 16 at 1316051260.018735 standard 1
AFTER_AFTER_LOCK * for 2 SENT from 13 to 16 at 1316051260.018784 standard 1
AFTER_LOCK2 * for 2 SENT from 13 to 16 at 1316051260.018784 standard 1
VSS_READY 285 for 2 SENT from 13 to 16 at 1316051260.018785 standard 1
BEFORE_LOCK * for 2 SENT from 13 to 17 at 1316051260.021230 standard 1
AFTER_LOCK * for 2 SENT from 13 to 17 at 1316051260.021231 standard 1
AFTER_AFTER_LOCK * for 2 SENT from 13 to 17 at 1316051260.021278 standard 1
AFTER_LOCK2 * for 2 SENT from 13 to 17 at 1316051260.021278 standard 1
VSS_READY 286 for 2 SENT from 13 to 17 at 1316051260.021279 standard 1
BEFORE_LOCK * for 2 SENT from 13 to 18 at 1316051260.023655 standard 1
AFTER_LOCK * for 2 SENT from 13 to 18 at 1316051260.023657 standard 1
AFTER_AFTER_LOCK * for 2 SENT from 13 to 18 at 1316051260.023706 standard 1
AFTER_LOCK2 * for 2 SENT from 13 to 18 at 1316051260.023707 standard 1
VSS_READY 287 for 2 SENT from 13 to 18 at 1316051260.023708 standard 1
BEFORE_LOCK * for 2 SENT from 13 to 19 at 1316051260.026211 standard 1
AFTER_LOCK * for 2 SENT from 13 to 19 at 1316051260.026212 standard 1
AFTER_AFTER_LOCK * for 2 SENT from 13 to 19 at 1316051260.026266 standard 1
AFTER_LOCK2 * for 2 SENT from 13 to 19 at 1316051260.026266 standard 1
VSS_READY 288 for 2 SENT from 13 to 19 at 1316051260.026267 standard 1
BEFORE_LOCK * for 2 SENT from 13 to 20 at 1316051260.029112 standard 1
AFTER_LOCK * for 2 SENT from 13 to 20 at 1316051260.029114 standard 1
AFTER_AFTER_LOCK * for 2 SENT from 13 to 20 at 1316051260.029114 standard 1
AFTER_LOCK2 * for 2 SENT from 13 to 20 at 1316051260.029115 standard 1
VSS_READY 289 for 2 SENT from 13 to 20 at 1316051260.029116 standard 1
VSS_READY 448 for 2 RECEIVED from 14 to 13 at 1316051260.029177
VSS_READY 412 for 2 RECEIVED from 7 to 13 at 1316051260.049806
VSS_READY 455 for 2 RECEIVED from 16 to 13 at 1316051260.071813
DKG_ECHO 512 for 1 RECEIVED from 15 to 13 at 1316051260.091851
VSS_ECHO 207 for 4 RECEIVED from 13 to 13 at 1316051260.094758
VSS_READY 99 for 1 RECEIVED from 2 to 13 at 1316051260.106725
VSS_READY 80 for 1 RECEIVED from 4 to 13 at 1316051260.127808
VSS_SEND 15 for * RECEIVED from 5 to 13 at 1316051260.148808
VSSECHO_STAGE3 * for * SENT from * to * at 1316051260.171710
VSSECHO_STAGE4 * for * SENT from * to * at 1316051260.171824
BEFORE_LOCK * for 5 SENT from 13 to 1 at 1316051260.171832 standard 1
AFTER_LOCK * for 5 SENT from 13 to 1 at 1316051260.171834 standard 1
AFTER_AFTER_LOCK * for 5 SENT from 13 to 1 at 1316051260.171906 standard 1
AFTER_LOCK2 * for 5 SENT from 13 to 1 at 1316051260.171907 standard 1
VSS_ECHO 343 for 5 SENT from 13 to 1 at 1316051260.171958 standard 1
VSSECHO_STAGE3 * for * SENT from * to * at 1316051260.171973
VSSECHO_STAGE4 * for * SENT from * to * at 1316051260.172051
BEFORE_LOCK * for 5 SENT from 13 to 2 at 1316051260.172058 standard 1
AFTER_LOCK * for 5 SENT from 13 to 2 at 1316051260.172059 standard 1
AFTER_AFTER_LOCK * for 5 SENT from 13 to 2 at 1316051260.172070 standard 1
AFTER_LOCK2 * for 5 SENT from 13 to 2 at 1316051260.172071 standard 1
VSS_ECHO 344 for 5 SENT from 13 to 2 at 1316051260.172089 standard 1
VSSECHO_STAGE3 * for * SENT from * to * at 1316051260.172102
VSSECHO_STAGE4 * for * SENT from * to * at 1316051260.172181
BEFORE_LOCK * for 5 SENT from 13 to 3 at 1316051260.172187 standard 1
AFTER_LOCK * for 5 SENT from 13 to 3 at 1316051260.172188 standard 1
AFTER_AFTER_LOCK * for 5 SENT from 13 to 3 at 1316051260.172198 standard 1
AFTER_LOCK2 * for 5 SENT from 13 to 3 at 1316051260.172199 standard 1
VSS_ECHO 345 for 5 SENT from 13 to 3 at 1316051260.172217 standard 1
VSSECHO_STAGE3 * for * SENT from * to * at 1316051260.172230
VSSECHO_STAGE4 * for * SENT from * to * at 1316051260.172307
BEFORE_LOCK * for 5 SENT from 13 to 4 at 1316051260.172313 standard 1
AFTER_LOCK * for 5 SENT from 13 to 4 at 1316051260.172314 standard 1
AFTER_AFTER_LOCK * for 5 SENT from 13 to 4 at 1316051260.172323 standard 1
AFTER_LOCK2 * for 5 SENT from 13 to 4 at 1316051260.172324 standard 1
VSS_ECHO 346 for 5 SENT from 13 to 4 at 1316051260.172342 standard 1
VSSECHO_STAGE3 * for * SENT from * to * at 1316051260.172355
VSSECHO_STAGE4 * for * SENT from * to * at 1316051260.172449
BEFORE_LOCK * for 5 SENT from 13 to 5 at 1316051260.172455 standard 1
AFTER_LOCK * for 5 SENT from 13 to 5 at 1316051260.172456 standard 1
AFTER_AFTER_LOCK * for 5 SENT from 13 to 5 at 1316051260.172514 standard 1
AFTER_LOCK2 * for 5 SENT from 13 to 5 at 1316051260.172515 standard 1
VSS_ECHO 347 for 5 SENT from 13 to 5 at 1316051260.172534 standard 1
VSSECHO_STAGE3 * for * SENT from * to * at 1316051260.172547
VSSECHO_STAGE4 * for * SENT from * to * at 1316051260.172633
BEFORE_LOCK * for 5 SENT from 13 to 6 at 1316051260.172640 standard 1
AFTER_LOCK * for 5 SENT from 13 to 6 at 1316051260.172641 standard 1
AFTER_AFTER_LOCK * for 5 SENT from 13 to 6 at 1316051260.172666 standard 1
AFTER_LOCK2 * for 5 SENT from 13 to 6 at 1316051260.172667 standard 1
VSS_ECHO 348 for 5 SENT from 13 to 6 at 1316051260.172686 standard 1
VSSECHO_STAGE3 * for * SENT from * to * at 1316051260.172700
VSSECHO_STAGE4 * for * SENT from * to * at 1316051260.172781
BEFORE_LOCK * for 5 SENT from 13 to 7 at 1316051260.172787 standard 1
AFTER_LOCK * for 5 SENT from 13 to 7 at 1316051260.172788 standard 1
AFTER_AFTER_LOCK * for 5 SENT from 13 to 7 at 1316051260.172808 standard 1
AFTER_LOCK2 * for 5 SENT from 13 to 7 at 1316051260.172809 standard 1
VSS_ECHO 349 for 5 SENT from 13 to 7 at 1316051260.172828 standard 1
VSSECHO_STAGE3 * for * SENT from * to * at 1316051260.172842
VSSECHO_STAGE4 * for * SENT from * to * at 1316051260.173018
BEFORE_LOCK * for 5 SENT from 13 to 8 at 1316051260.173026 standard 1
AFTER_LOCK * for 5 SENT from 13 to 8 at 1316051260.173027 standard 1
AFTER_AFTER_LOCK * for 5 SENT from 13 to 8 at 1316051260.173028 standard 1
AFTER_LOCK2 * for 5 SENT from 13 to 8 at 1316051260.173029 standard 1
VSS_ECHO 350 for 5 SENT from 13 to 8 at 1316051260.173051 standard 1
VSSECHO_STAGE3 * for * SENT from * to * at 1316051260.173065
VSSECHO_STAGE4 * for * SENT from * to * at 1316051260.173155
BEFORE_LOCK * for 5 SENT from 13 to 9 at 1316051260.173162 standard 1
AFTER_LOCK * for 5 SENT from 13 to 9 at 1316051260.173163 standard 1
AFTER_AFTER_LOCK * for 5 SENT from 13 to 9 at 1316051260.173211 standard 1
AFTER_LOCK2 * for 5 SENT from 13 to 9 at 1316051260.173212 standard 1
VSS_ECHO 351 for 5 SENT from 13 to 9 at 1316051260.173231 standard 1
VSSECHO_STAGE3 * for * SENT from * to * at 1316051260.173249
VSSECHO_STAGE4 * for * SENT from * to * at 1316051260.173351
BEFORE_LOCK * for 5 SENT from 13 to 10 at 1316051260.173358 standard 1
AFTER_LOCK * for 5 SENT from 13 to 10 at 1316051260.173359 standard 1
AFTER_AFTER_LOCK * for 5 SENT from 13 to 10 at 1316051260.173368 standard 1
AFTER_LOCK2 * for 5 SENT from 13 to 10 at 1316051260.173369 standard 1
VSS_ECHO 352 for 5 SENT from 13 to 10 at 1316051260.173388 standard 1
VSSECHO_STAGE3 * for * SENT from * to * at 1316051260.173401
VSSECHO_STAGE4 * for * SENT from * to * at 1316051260.173480
BEFORE_LOCK * for 5 SENT from 13 to 11 at 1316051260.173486 standard 1
AFTER_LOCK * for 5 SENT from 13 to 11 at 1316051260.173487 standard 1
AFTER_AFTER_LOCK * for 5 SENT from 13 to 11 at 1316051260.173496 standard 1
AFTER_LOCK2 * for 5 SENT from 13 to 11 at 1316051260.173497 standard 1
VSS_ECHO 353 for 5 SENT from 13 to 11 at 1316051260.173516 standard 1
VSSECHO_STAGE3 * for * SENT from * to * at 1316051260.173529
VSSECHO_STAGE4 * for * SENT from * to * at 1316051260.173613
BEFORE_LOCK * for 5 SENT from 13 to 12 at 1316051260.173625 standard 1
AFTER_LOCK * for 5 SENT from 13 to 12 at 1316051260.173626 standard 1
AFTER_AFTER_LOCK * for 5 SENT from 13 to 12 at 1316051260.173635 standard 1
AFTER_LOCK2 * for 5 SENT from 13 to 12 at 1316051260.173636 standard 1
VSS_ECHO 354 for 5 SENT from 13 to 12 at 1316051260.173655 standard 1
VSSECHO_STAGE3 * for * SENT from * to * at 1316051260.173668
VSSECHO_STAGE4 * for * SENT from * to * at 1316051260.173747
BEFORE_LOCK * for 5 SENT from 13 to 13 at 1316051260.173754 standard 1
AFTER_LOCK * for 5 SENT from 13 to 13 at 1316051260.173755 standard 1
AFTER_AFTER_LOCK * for 5 SENT from 13 to 13 at 1316051260.173800 standard 1
AFTER_LOCK2 * for 5 SENT from 13 to 13 at 1316051260.173800 standard 1
VSS_ECHO 355 for 5 SENT from 13 to 13 at 1316051260.173820 standard 1
VSSECHO_STAGE3 * for * SENT from * to * at 1316051260.173833
VSSECHO_STAGE4 * for * SENT from * to * at 1316051260.173911
BEFORE_LOCK * for 5 SENT from 13 to 14 at 1316051260.173917 standard 1
AFTER_LOCK * for 5 SENT from 13 to 14 at 1316051260.173918 standard 1
AFTER_AFTER_LOCK * for 5 SENT from 13 to 14 at 1316051260.173927 standard 1
AFTER_LOCK2 * for 5 SENT from 13 to 14 at 1316051260.173931 standard 1
VSS_ECHO 356 for 5 SENT from 13 to 14 at 1316051260.173950 standard 1
VSSECHO_STAGE3 * for * SENT from * to * at 1316051260.173963
VSSECHO_STAGE4 * for * SENT from * to * at 1316051260.174044
BEFORE_LOCK * for 5 SENT from 13 to 15 at 1316051260.174050 standard 1
AFTER_LOCK * for 5 SENT from 13 to 15 at 1316051260.174051 standard 1
AFTER_AFTER_LOCK * for 5 SENT from 13 to 15 at 1316051260.174060 standard 1
AFTER_LOCK2 * for 5 SENT from 13 to 15 at 1316051260.174060 standard 1
VSS_ECHO 357 for 5 SENT from 13 to 15 at 1316051260.174091 standard 1
VSSECHO_STAGE3 * for * SENT from * to * at 1316051260.174104
VSSECHO_STAGE4 * for * SENT from * to * at 1316051260.174180
BEFORE_LOCK * for 5 SENT from 13 to 16 at 1316051260.174186 standard 1
AFTER_LOCK * for 5 SENT from 13 to 16 at 1316051260.174187 standard 1
AFTER_AFTER_LOCK * for 5 SENT from 13 to 16 at 1316051260.174196 standard 1
AFTER_LOCK2 * for 5 SENT from 13 to 16 at 1316051260.174197 standard 1
VSS_ECHO 358 for 5 SENT from 13 to 16 at 1316051260.174216 standard 1
VSSECHO_STAGE3 * for * SENT from * to * at 1316051260.174229
VSSECHO_STAGE4 * for * SENT from * to * at 1316051260.174307
BEFORE_LOCK * for 5 SENT from 13 to 17 at 1316051260.174312 standard 1
AFTER_LOCK * for 5 SENT from 13 to 17 at 1316051260.174313 standard 1
AFTER_AFTER_LOCK * for 5 SENT from 13 to 17 at 1316051260.174359 standard 1
AFTER_LOCK2 * for 5 SENT from 13 to 17 at 1316051260.174359 standard 1
VSS_ECHO 359 for 5 SENT from 13 to 17 at 1316051260.174379 standard 1
VSSECHO_STAGE3 * for * SENT from * to * at 1316051260.174392
VSSECHO_STAGE4 * for * SENT from * to * at 1316051260.174475
BEFORE_LOCK * for 5 SENT from 13 to 18 at 1316051260.174481 standard 1
AFTER_LOCK * for 5 SENT from 13 to 18 at 1316051260.174482 standard 1
AFTER_AFTER_LOCK * for 5 SENT from 13 to 18 at 1316051260.174491 standard 1
AFTER_LOCK2 * for 5 SENT from 13 to 18 at 1316051260.174492 standard 1
VSS_ECHO 360 for 5 SENT from 13 to 18 at 1316051260.174530 standard 1
VSSECHO_STAGE3 * for * SENT from * to * at 1316051260.174546
VSSECHO_STAGE4 * for * SENT from * to * at 1316051260.174628
BEFORE_LOCK * for 5 SENT from 13 to 19 at 1316051260.174634 standard 1
AFTER_LOCK * for 5 SENT from 13 to 19 at 1316051260.174635 standard 1
AFTER_AFTER_LOCK * for 5 SENT from 13 to 19 at 1316051260.174644 standard 1
AFTER_LOCK2 * for 5 SENT from 13 to 19 at 1316051260.174644 standard 1
VSS_ECHO 361 for 5 SENT from 13 to 19 at 1316051260.174663 standard 1
VSSECHO_STAGE3 * for * SENT from * to * at 1316051260.174676
VSSECHO_STAGE4 * for * SENT from * to * at 1316051260.174758
BEFORE_LOCK * for 5 SENT from 13 to 20 at 1316051260.174764 standard 1
AFTER_LOCK * for 5 SENT from 13 to 20 at 1316051260.174765 standard 1
AFTER_AFTER_LOCK * for 5 SENT from 13 to 20 at 1316051260.174765 standard 1
AFTER_LOCK2 * for 5 SENT from 13 to 20 at 1316051260.174766 standard 1
VSS_ECHO 362 for 5 SENT from 13 to 20 at 1316051260.174783 standard 1
DKG_READY 762 for 1 RECEIVED from 17 to 13 at 1316051260.175525
DKG_ECHO 597 for 1 RECEIVED from 10 to 13 at 1316051260.178635
DKG_ECHO 598 for 1 RECEIVED from 14 to 13 at 1316051260.181554
DKG_ECHO 598 for 1 RECEIVED from 7 to 13 at 1316051260.184173
DKG_ECHO 575 for 1 RECEIVED from 16 to 13 at 1316051260.187183
DKG_READY 749 for 1 RECEIVED from 15 to 13 at 1316051260.190054
VSS_READY 282 for 2 RECEIVED from 13 to 13 at 1316051260.192969
VSS_READY 162 for 2 RECEIVED from 2 to 13 at 1316051260.213424
VSS_READY 125 for 4 RECEIVED from 4 to 13 at 1316051260.233827
VSS_ECHO 43 for 1 RECEIVED from 5 to 13 at 1316051260.254561
VSS_READY 41 for 1 RECEIVED from 11 to 13 at 1316051260.266506
VSS_READY 39 for 1 RECEIVED from 20 to 13 at 1316051260.293795
DKG_READY 757 for 1 RECEIVED from 10 to 13 at 1316051260.315244



============================================
*1ENOUGH DKG_READY message for 13 at 1316051260.315244
*Threshold : Ready = 3
*Received Ready Message Num = 3
*DKG_Readys are sent out...
============================================

DKG_READY 515 for 1 SENT from 13 to 1 at 1316051260.320477 standard 1
DKG_READY 516 for 1 SENT from 13 to 2 at 1316051260.322984 standard 1
DKG_READY 517 for 1 SENT from 13 to 3 at 1316051260.325186 standard 1
DKG_READY 518 for 1 SENT from 13 to 4 at 1316051260.328167 standard 1
DKG_READY 519 for 1 SENT from 13 to 5 at 1316051260.330494 standard 1
DKG_READY 520 for 1 SENT from 13 to 6 at 1316051260.332735 standard 1
DKG_READY 521 for 1 SENT from 13 to 7 at 1316051260.335089 standard 1
DKG_READY 522 for 1 SENT from 13 to 8 at 1316051260.337408 standard 1
DKG_READY 523 for 1 SENT from 13 to 9 at 1316051260.339806 standard 1
DKG_READY 524 for 1 SENT from 13 to 10 at 1316051260.342166 standard 1
DKG_READY 525 for 1 SENT from 13 to 11 at 1316051260.344586 standard 1
DKG_READY 526 for 1 SENT from 13 to 12 at 1316051260.346773 standard 1
DKG_READY 527 for 1 SENT from 13 to 13 at 1316051260.349572 standard 1
DKG_READY 528 for 1 SENT from 13 to 14 at 1316051260.351926 standard 1
DKG_READY 529 for 1 SENT from 13 to 15 at 1316051260.354233 standard 1
DKG_READY 530 for 1 SENT from 13 to 16 at 1316051260.356657 standard 1
DKG_READY 531 for 1 SENT from 13 to 17 at 1316051260.359032 standard 1
DKG_READY 532 for 1 SENT from 13 to 18 at 1316051260.361309 standard 1
DKG_READY 533 for 1 SENT from 13 to 19 at 1316051260.363584 standard 1
DKG_READY 534 for 1 SENT from 13 to 20 at 1316051260.365890 standard 1
DKG_READY 758 for 1 RECEIVED from 14 to 13 at 1316051260.365918
DKG_READY 758 for 1 RECEIVED from 7 to 13 at 1316051260.368742
DKG_READY 783 for 1 RECEIVED from 16 to 13 at 1316051260.371802
VSS_ECHO 890 for 3 RECEIVED from 15 to 13 at 1316051260.375166
VSS_ECHO 355 for 5 RECEIVED from 13 to 13 at 1316051260.387444
VSS_READY 301 for 4 RECEIVED from 2 to 13 at 1316051260.399541
VSS_ECHO 284 for 4 RECEIVED from 4 to 13 at 1316051260.420075
VSS_READY 99 for 1 RECEIVED from 5 to 13 at 1316051260.431765



*============================================
*2ENOUGH VSS_READY message for 13 at 1316051260.431765
*Threshold : Ready = 12
*Received Ready Message Num = 12
*VSS Share is complete for dealer 1
============================================

BEFORE_LOCK * for 1 SENT from 13 to 1 at 1316051260.453424 standard 1
AFTER_LOCK * for 1 SENT from 13 to 1 at 1316051260.453426 standard 1
AFTER_AFTER_LOCK * for 1 SENT from 13 to 1 at 1316051260.453448 standard 1
AFTER_LOCK2 * for 1 SENT from 13 to 1 at 1316051260.453449 standard 1
VSS_SHARED 604 for 1 SENT from 13 to 1 at 1316051260.453470 standard 1
VSS_ECHO 110 for 4 RECEIVED from 11 to 13 at 1316051260.453513
VSS_READY 112 for 4 RECEIVED from 20 to 13 at 1316051260.465385
VSS_ECHO 911 for 5 RECEIVED from 15 to 13 at 1316051260.485976
DKG_READY 527 for 1 RECEIVED from 13 to 13 at 1316051260.498006
DKG_READY 477 for 1 RECEIVED from 2 to 13 at 1316051260.500891
VSS_ECHO 339 for 5 RECEIVED from 4 to 13 at 1316051260.503785
VSS_READY 174 for 4 RECEIVED from 5 to 13 at 1316051260.517610



*============================================
*2ENOUGH VSS_READY message for 13 at 1316051260.517610
*Threshold : Ready = 12
*Received Ready Message Num = 12
*VSS Share is complete for dealer 4
============================================

BEFORE_LOCK * for 4 SENT from 13 to 1 at 1316051260.540692 standard 1
AFTER_LOCK * for 4 SENT from 13 to 1 at 1316051260.540693 standard 1
AFTER_AFTER_LOCK * for 4 SENT from 13 to 1 at 1316051260.540756 standard 1
AFTER_LOCK2 * for 4 SENT from 13 to 1 at 1316051260.540757 standard 1
VSS_SHARED 664 for 4 SENT from 13 to 1 at 1316051260.540777 standard 1
VSS_READY 158 for 4 RECEIVED from 11 to 13 at 1316051260.540825
VSS_READY 200 for 2 RECEIVED from 20 to 13 at 1316051260.561149
VSS_ECHO 280 for 2 RECEIVED from 3 to 13 at 1316051260.897370
VSS_ECHO 538 for 3 RECEIVED from 2 to 13 at 1316051260.909491
VSS_ECHO 403 for 2 RECEIVED from 4 to 13 at 1316051260.921592
VSS_ECHO 220 for 4 RECEIVED from 5 to 13 at 1316051260.933356
VSS_ECHO 303 for 5 RECEIVED from 11 to 13 at 1316051260.945382
DKG_READY 343 for 1 RECEIVED from 20 to 13 at 1316051260.957245
VSS_ECHO 16 for 1 RECEIVED from 6 to 13 at 1316051260.959932
DKG_ECHO 593 for 1 RECEIVED from 2 to 13 at 1316051260.973692
VSS_READY 433 for 2 RECEIVED from 4 to 13 at 1316051260.976556
VSS_READY 270 for 2 RECEIVED from 5 to 13 at 1316051260.998184
VSS_ECHO 352 for 2 RECEIVED from 11 to 13 at 1316051261.018351
VSS_ECHO 395 for 4 RECEIVED from 20 to 13 at 1316051261.030248
VSS_ECHO 16 for 1 RECEIVED from 18 to 13 at 1316051261.042340
VSS_SEND 15 for * RECEIVED from 3 to 13 at 1316051261.054100
VSSECHO_STAGE3 * for * SENT from * to * at 1316051261.076420
VSSECHO_STAGE4 * for * SENT from * to * at 1316051261.076525
BEFORE_LOCK * for 3 SENT from 13 to 1 at 1316051261.076532 standard 1
AFTER_LOCK * for 3 SENT from 13 to 1 at 1316051261.076534 standard 1
AFTER_AFTER_LOCK * for 3 SENT from 13 to 1 at 1316051261.076596 standard 1
AFTER_LOCK2 * for 3 SENT from 13 to 1 at 1316051261.076597 standard 1
VSS_ECHO 738 for 3 SENT from 13 to 1 at 1316051261.076618 standard 1
VSSECHO_STAGE3 * for * SENT from * to * at 1316051261.076633
VSSECHO_STAGE4 * for * SENT from * to * at 1316051261.076710
BEFORE_LOCK * for 3 SENT from 13 to 2 at 1316051261.076716 standard 1
AFTER_LOCK * for 3 SENT from 13 to 2 at 1316051261.076718 standard 1
AFTER_AFTER_LOCK * for 3 SENT from 13 to 2 at 1316051261.076728 standard 1
AFTER_LOCK2 * for 3 SENT from 13 to 2 at 1316051261.076729 standard 1
VSS_ECHO 739 for 3 SENT from 13 to 2 at 1316051261.076750 standard 1
VSSECHO_STAGE3 * for * SENT from * to * at 1316051261.076763
VSSECHO_STAGE4 * for * SENT from * to * at 1316051261.076841
BEFORE_LOCK * for 3 SENT from 13 to 3 at 1316051261.076847 standard 1
AFTER_LOCK * for 3 SENT from 13 to 3 at 1316051261.076848 standard 1
AFTER_AFTER_LOCK * for 3 SENT from 13 to 3 at 1316051261.076857 standard 1
AFTER_LOCK2 * for 3 SENT from 13 to 3 at 1316051261.076857 standard 1
VSS_ECHO 740 for 3 SENT from 13 to 3 at 1316051261.076876 standard 1
VSSECHO_STAGE3 * for * SENT from * to * at 1316051261.076889
VSSECHO_STAGE4 * for * SENT from * to * at 1316051261.077044
BEFORE_LOCK * for 3 SENT from 13 to 4 at 1316051261.077051 standard 1
AFTER_LOCK * for 3 SENT from 13 to 4 at 1316051261.077052 standard 1
AFTER_AFTER_LOCK * for 3 SENT from 13 to 4 at 1316051261.077140 standard 1
AFTER_LOCK2 * for 3 SENT from 13 to 4 at 1316051261.077141 standard 1
VSS_ECHO 741 for 3 SENT from 13 to 4 at 1316051261.077161 standard 1
VSSECHO_STAGE3 * for * SENT from * to * at 1316051261.077175
VSSECHO_STAGE4 * for * SENT from * to * at 1316051261.077257
BEFORE_LOCK * for 3 SENT from 13 to 5 at 1316051261.077263 standard 1
AFTER_LOCK * for 3 SENT from 13 to 5 at 1316051261.077265 standard 1
AFTER_AFTER_LOCK * for 3 SENT from 13 to 5 at 1316051261.077274 standard 1
AFTER_LOCK2 * for 3 SENT from 13 to 5 at 1316051261.077275 standard 1
VSS_ECHO 742 for 3 SENT from 13 to 5 at 1316051261.077294 standard 1
VSSECHO_STAGE3 * for * SENT from * to * at 1316051261.077308
VSSECHO_STAGE4 * for * SENT from * to * at 1316051261.077396
BEFORE_LOCK * for 3 SENT from 13 to 6 at 1316051261.077403 standard 1
AFTER_LOCK * for 3 SENT from 13 to 6 at 1316051261.077404 standard 1
AFTER_AFTER_LOCK * for 3 SENT from 13 to 6 at 1316051261.077413 standard 1
AFTER_LOCK2 * for 3 SENT from 13 to 6 at 1316051261.077414 standard 1
VSS_ECHO 743 for 3 SENT from 13 to 6 at 1316051261.077433 standard 1
VSSECHO_STAGE3 * for * SENT from * to * at 1316051261.077447
VSSECHO_STAGE4 * for * SENT from * to * at 1316051261.077525
BEFORE_LOCK * for 3 SENT from 13 to 7 at 1316051261.077531 standard 1
AFTER_LOCK * for 3 SENT from 13 to 7 at 1316051261.077532 standard 1
AFTER_AFTER_LOCK * for 3 SENT from 13 to 7 at 1316051261.077541 standard 1
AFTER_LOCK2 * for 3 SENT from 13 to 7 at 1316051261.077542 standard 1
VSS_ECHO 744 for 3 SENT from 13 to 7 at 1316051261.077561 standard 1
VSSECHO_STAGE3 * for * SENT from * to * at 1316051261.077575
VSSECHO_STAGE4 * for * SENT from * to * at 1316051261.077670
BEFORE_LOCK * for 3 SENT from 13 to 8 at 1316051261.077676 standard 1
AFTER_LOCK * for 3 SENT from 13 to 8 at 1316051261.077677 standard 1
AFTER_AFTER_LOCK * for 3 SENT from 13 to 8 at 1316051261.077678 standard 1
AFTER_LOCK2 * for 3 SENT from 13 to 8 at 1316051261.077679 standard 1
VSS_ECHO 745 for 3 SENT from 13 to 8 at 1316051261.077697 standard 1
VSSECHO_STAGE3 * for * SENT from * to * at 1316051261.077709
VSSECHO_STAGE4 * for * SENT from * to * at 1316051261.077785
BEFORE_LOCK * for 3 SENT from 13 to 9 at 1316051261.077791 standard 1
AFTER_LOCK * for 3 SENT from 13 to 9 at 1316051261.077792 standard 1
AFTER_AFTER_LOCK * for 3 SENT from 13 to 9 at 1316051261.077840 standard 1
AFTER_LOCK2 * for 3 SENT from 13 to 9 at 1316051261.077841 standard 1
VSS_ECHO 746 for 3 SENT from 13 to 9 at 1316051261.077860 standard 1
VSSECHO_STAGE3 * for * SENT from * to * at 1316051261.077874
VSSECHO_STAGE4 * for * SENT from * to * at 1316051261.077962
BEFORE_LOCK * for 3 SENT from 13 to 10 at 1316051261.077968 standard 1
AFTER_LOCK * for 3 SENT from 13 to 10 at 1316051261.077969 standard 1
AFTER_AFTER_LOCK * for 3 SENT from 13 to 10 at 1316051261.077978 standard 1
AFTER_LOCK2 * for 3 SENT from 13 to 10 at 1316051261.077978 standard 1
VSS_ECHO 747 for 3 SENT from 13 to 10 at 1316051261.077998 standard 1
VSSECHO_STAGE3 * for * SENT from * to * at 1316051261.078011
VSSECHO_STAGE4 * for * SENT from * to * at 1316051261.078089
BEFORE_LOCK * for 3 SENT from 13 to 11 at 1316051261.078095 standard 1
AFTER_LOCK * for 3 SENT from 13 to 11 at 1316051261.078096 standard 1
AFTER_AFTER_LOCK * for 3 SENT from 13 to 11 at 1316051261.078105 standard 1
AFTER_LOCK2 * for 3 SENT from 13 to 11 at 1316051261.078105 standard 1
VSS_ECHO 748 for 3 SENT from 13 to 11 at 1316051261.078125 standard 1
VSSECHO_STAGE3 * for * SENT from * to * at 1316051261.078138
VSSECHO_STAGE4 * for * SENT from * to * at 1316051261.078219
BEFORE_LOCK * for 3 SENT from 13 to 12 at 1316051261.078225 standard 1
AFTER_LOCK * for 3 SENT from 13 to 12 at 1316051261.078226 standard 1
AFTER_AFTER_LOCK * for 3 SENT from 13 to 12 at 1316051261.078237 standard 1
AFTER_LOCK2 * for 3 SENT from 13 to 12 at 1316051261.078238 standard 1
VSS_ECHO 749 for 3 SENT from 13 to 12 at 1316051261.078272 standard 1
VSSECHO_STAGE3 * for * SENT from * to * at 1316051261.078285
VSSECHO_STAGE4 * for * SENT from * to * at 1316051261.078363
BEFORE_LOCK * for 3 SENT from 13 to 13 at 1316051261.078369 standard 1
AFTER_LOCK * for 3 SENT from 13 to 13 at 1316051261.078370 standard 1
AFTER_AFTER_LOCK * for 3 SENT from 13 to 13 at 1316051261.078421 standard 1
AFTER_LOCK2 * for 3 SENT from 13 to 13 at 1316051261.078422 standard 1
VSS_ECHO 750 for 3 SENT from 13 to 13 at 1316051261.078441 standard 1
VSSECHO_STAGE3 * for * SENT from * to * at 1316051261.078454
VSSECHO_STAGE4 * for * SENT from * to * at 1316051261.078535
BEFORE_LOCK * for 3 SENT from 13 to 14 at 1316051261.078541 standard 1
AFTER_LOCK * for 3 SENT from 13 to 14 at 1316051261.078542 standard 1
AFTER_AFTER_LOCK * for 3 SENT from 13 to 14 at 1316051261.078552 standard 1
AFTER_LOCK2 * for 3 SENT from 13 to 14 at 1316051261.078552 standard 1
VSS_ECHO 751 for 3 SENT from 13 to 14 at 1316051261.078571 standard 1
VSSECHO_STAGE3 * for * SENT from * to * at 1316051261.078585
VSSECHO_STAGE4 * for * SENT from * to * at 1316051261.078665
BEFORE_LOCK * for 3 SENT from 13 to 15 at 1316051261.078671 standard 1
AFTER_LOCK * for 3 SENT from 13 to 15 at 1316051261.078672 standard 1
AFTER_AFTER_LOCK * for 3 SENT from 13 to 15 at 1316051261.078682 standard 1
AFTER_LOCK2 * for 3 SENT from 13 to 15 at 1316051261.078682 standard 1
VSS_ECHO 752 for 3 SENT from 13 to 15 at 1316051261.078702 standard 1
VSSECHO_STAGE3 * for * SENT from * to * at 1316051261.078715
VSSECHO_STAGE4 * for * SENT from * to * at 1316051261.078797
BEFORE_LOCK * for 3 SENT from 13 to 16 at 1316051261.078803 standard 1
AFTER_LOCK * for 3 SENT from 13 to 16 at 1316051261.078804 standard 1
AFTER_AFTER_LOCK * for 3 SENT from 13 to 16 at 1316051261.078813 standard 1
AFTER_LOCK2 * for 3 SENT from 13 to 16 at 1316051261.078814 standard 1
VSS_ECHO 753 for 3 SENT from 13 to 16 at 1316051261.078833 standard 1
VSSECHO_STAGE3 * for * SENT from * to * at 1316051261.078847
VSSECHO_STAGE4 * for * SENT from * to * at 1316051261.078924
BEFORE_LOCK * for 3 SENT from 13 to 17 at 1316051261.078930 standard 1
AFTER_LOCK * for 3 SENT from 13 to 17 at 1316051261.078932 standard 1
AFTER_AFTER_LOCK * for 3 SENT from 13 to 17 at 1316051261.078987 standard 1
AFTER_LOCK2 * for 3 SENT from 13 to 17 at 1316051261.078988 standard 1
VSS_ECHO 754 for 3 SENT from 13 to 17 at 1316051261.079009 standard 1
VSSECHO_STAGE3 * for * SENT from * to * at 1316051261.079022
VSSECHO_STAGE4 * for * SENT from * to * at 1316051261.079104
BEFORE_LOCK * for 3 SENT from 13 to 18 at 1316051261.079111 standard 1
AFTER_LOCK * for 3 SENT from 13 to 18 at 1316051261.079112 standard 1
AFTER_AFTER_LOCK * for 3 SENT from 13 to 18 at 1316051261.079120 standard 1
AFTER_LOCK2 * for 3 SENT from 13 to 18 at 1316051261.079121 standard 1
VSS_ECHO 755 for 3 SENT from 13 to 18 at 1316051261.079140 standard 1
VSSECHO_STAGE3 * for * SENT from * to * at 1316051261.079153
VSSECHO_STAGE4 * for * SENT from * to * at 1316051261.079230
BEFORE_LOCK * for 3 SENT from 13 to 19 at 1316051261.079236 standard 1
AFTER_LOCK * for 3 SENT from 13 to 19 at 1316051261.079237 standard 1
AFTER_AFTER_LOCK * for 3 SENT from 13 to 19 at 1316051261.079246 standard 1
AFTER_LOCK2 * for 3 SENT from 13 to 19 at 1316051261.079246 standard 1
VSS_ECHO 756 for 3 SENT from 13 to 19 at 1316051261.079265 standard 1
VSSECHO_STAGE3 * for * SENT from * to * at 1316051261.079278
VSSECHO_STAGE4 * for * SENT from * to * at 1316051261.079354
BEFORE_LOCK * for 3 SENT from 13 to 20 at 1316051261.079360 standard 1
AFTER_LOCK * for 3 SENT from 13 to 20 at 1316051261.079361 standard 1
AFTER_AFTER_LOCK * for 3 SENT from 13 to 20 at 1316051261.079370 standard 1
AFTER_LOCK2 * for 3 SENT from 13 to 20 at 1316051261.079371 standard 1
VSS_ECHO 757 for 3 SENT from 13 to 20 at 1316051261.079389 standard 1
VSS_ECHO 750 for 3 RECEIVED from 13 to 13 at 1316051261.079420
VSS_ECHO 739 for 5 RECEIVED from 2 to 13 at 1316051261.091872
DKG_ECHO 596 for 1 RECEIVED from 4 to 13 at 1316051261.103401
DKG_ECHO 425 for 1 RECEIVED from 5 to 13 at 1316051261.106269
VSS_READY 391 for 2 RECEIVED from 11 to 13 at 1316051261.109124



*============================================
*2ENOUGH VSS_READY message for 13 at 1316051261.109124
*Threshold : Ready = 12
*Received Ready Message Num = 12
*VSS Share is complete for dealer 2
============================================

BEFORE_LOCK * for 2 SENT from 13 to 1 at 1316051261.131903 standard 1
AFTER_LOCK * for 2 SENT from 13 to 1 at 1316051261.131905 standard 1
AFTER_AFTER_LOCK * for 2 SENT from 13 to 1 at 1316051261.131974 standard 1
AFTER_LOCK2 * for 2 SENT from 13 to 1 at 1316051261.131974 standard 1
VSS_SHARED 811 for 2 SENT from 13 to 1 at 1316051261.131995 standard 1
VSS_ECHO 452 for 3 RECEIVED from 20 to 13 at 1316051261.132052
VSS_READY 59 for 1 RECEIVED from 18 to 13 at 1316051261.145628
VSS_ECHO 43 for 1 RECEIVED from 3 to 13 at 1316051261.170458
VSS_ECHO 794 for 2 RECEIVED from 2 to 13 at 1316051261.183168
DKG_READY 779 for 1 RECEIVED from 4 to 13 at 1316051261.199245
DKG_READY 632 for 1 RECEIVED from 5 to 13 at 1316051261.202092
DKG_ECHO 569 for 1 RECEIVED from 11 to 13 at 1316051261.205450
VSS_ECHO 124 for 4 RECEIVED from 18 to 13 at 1316051261.209110
VSS_READY 98 for 1 RECEIVED from 3 to 13 at 1316051261.237431
VSS_ECHO 773 for 5 RECEIVED from 5 to 13 at 1316051261.259944
DKG_READY 729 for 1 RECEIVED from 11 to 13 at 1316051261.273350



============================================
*2ENOUGH DKG_READY message for 13 at 1316051261.273350
*Threshold : Ready = 12
*Received Ready Message Num = 12
============================================

DKG_COMPLETE * for 1 RS from 13 to * at 1316051261.273350 :)
