-Run node 18 starting at 1316051241.090025 with version 5.2
-Function node 18 starting at 1316051251.090768
LEADER_CHANGE 1 for * SENT from 18 to 1 at 1316051251.094963 standard 1
VSS_SEND 20 for * RECEIVED from 1 to 18 at 1316051251.106674
VSSECHO_STAGE3 * for * SENT from * to * at 1316051251.259527
VSSECHO_STAGE4 * for * SENT from * to * at 1316051251.259680
BEFORE_LOCK * for 1 SENT from 18 to 1 at 1316051251.259693 standard 1
AFTER_LOCK * for 1 SENT from 18 to 1 at 1316051251.259695 standard 1
AFTER_AFTER_LOCK * for 1 SENT from 18 to 1 at 1316051251.259846 standard 1
AFTER_LOCK2 * for 1 SENT from 18 to 1 at 1316051251.259847 standard 1
VSS_ECHO 4 for 1 SENT from 18 to 1 at 1316051251.259881 standard 1
VSSECHO_STAGE3 * for * SENT from * to * at 1316051251.259903
VSSECHO_STAGE4 * for * SENT from * to * at 1316051251.260021
BEFORE_LOCK * for 1 SENT from 18 to 2 at 1316051251.260029 standard 1
AFTER_LOCK * for 1 SENT from 18 to 2 at 1316051251.260030 standard 1
AFTER_AFTER_LOCK * for 1 SENT from 18 to 2 at 1316051251.260068 standard 1
AFTER_LOCK2 * for 1 SENT from 18 to 2 at 1316051251.260069 standard 1
VSS_ECHO 5 for 1 SENT from 18 to 2 at 1316051251.260099 standard 1
VSSECHO_STAGE3 * for * SENT from * to * at 1316051251.260120
VSSECHO_STAGE4 * for * SENT from * to * at 1316051251.260238
BEFORE_LOCK * for 1 SENT from 18 to 3 at 1316051251.260247 standard 1
AFTER_LOCK * for 1 SENT from 18 to 3 at 1316051251.260248 standard 1
AFTER_AFTER_LOCK * for 1 SENT from 18 to 3 at 1316051251.261718 standard 1
AFTER_LOCK2 * for 1 SENT from 18 to 3 at 1316051251.261719 standard 1
VSS_ECHO 6 for 1 SENT from 18 to 3 at 1316051251.261765 standard 1
VSSECHO_STAGE3 * for * SENT from * to * at 1316051251.262068
VSSECHO_STAGE4 * for * SENT from * to * at 1316051251.262200
BEFORE_LOCK * for 1 SENT from 18 to 4 at 1316051251.262210 standard 1
AFTER_LOCK * for 1 SENT from 18 to 4 at 1316051251.262211 standard 1
AFTER_AFTER_LOCK * for 1 SENT from 18 to 4 at 1316051251.262257 standard 1
AFTER_LOCK2 * for 1 SENT from 18 to 4 at 1316051251.262258 standard 1
VSS_ECHO 7 for 1 SENT from 18 to 4 at 1316051251.262289 standard 1
VSSECHO_STAGE3 * for * SENT from * to * at 1316051251.262310
VSSECHO_STAGE4 * for * SENT from * to * at 1316051251.262453
BEFORE_LOCK * for 1 SENT from 18 to 5 at 1316051251.262462 standard 1
AFTER_LOCK * for 1 SENT from 18 to 5 at 1316051251.262463 standard 1
AFTER_AFTER_LOCK * for 1 SENT from 18 to 5 at 1316051251.262577 standard 1
AFTER_LOCK2 * for 1 SENT from 18 to 5 at 1316051251.262577 standard 1
VSS_ECHO 8 for 1 SENT from 18 to 5 at 1316051251.266107 standard 1
VSSECHO_STAGE3 * for * SENT from * to * at 1316051251.266146
VSSECHO_STAGE4 * for * SENT from * to * at 1316051251.266282
BEFORE_LOCK * for 1 SENT from 18 to 6 at 1316051251.268481 standard 1
AFTER_LOCK * for 1 SENT from 18 to 6 at 1316051251.268482 standard 1
AFTER_AFTER_LOCK * for 1 SENT from 18 to 6 at 1316051251.268536 standard 1
AFTER_LOCK2 * for 1 SENT from 18 to 6 at 1316051251.268537 standard 1
VSS_ECHO 9 for 1 SENT from 18 to 6 at 1316051251.268579 standard 1
VSSECHO_STAGE3 * for * SENT from * to * at 1316051251.268614
VSSECHO_STAGE4 * for * SENT from * to * at 1316051251.268753
BEFORE_LOCK * for 1 SENT from 18 to 7 at 1316051251.268762 standard 1
AFTER_LOCK * for 1 SENT from 18 to 7 at 1316051251.268763 standard 1
AFTER_AFTER_LOCK * for 1 SENT from 18 to 7 at 1316051251.268903 standard 1
AFTER_LOCK2 * for 1 SENT from 18 to 7 at 1316051251.268904 standard 1
VSS_ECHO 10 for 1 SENT from 18 to 7 at 1316051251.268935 standard 1
VSSECHO_STAGE3 * for * SENT from * to * at 1316051251.268957
VSSECHO_STAGE4 * for * SENT from * to * at 1316051251.269074
BEFORE_LOCK * for 1 SENT from 18 to 8 at 1316051251.269083 standard 1
AFTER_LOCK * for 1 SENT from 18 to 8 at 1316051251.269083 standard 1
AFTER_AFTER_LOCK * for 1 SENT from 18 to 8 at 1316051251.269111 standard 1
AFTER_LOCK2 * for 1 SENT from 18 to 8 at 1316051251.269111 standard 1
VSS_ECHO 11 for 1 SENT from 18 to 8 at 1316051251.269142 standard 1
VSSECHO_STAGE3 * for * SENT from * to * at 1316051251.269163
VSSECHO_STAGE4 * for * SENT from * to * at 1316051251.269279
BEFORE_LOCK * for 1 SENT from 18 to 9 at 1316051251.269314 standard 1
AFTER_LOCK * for 1 SENT from 18 to 9 at 1316051251.269315 standard 1
AFTER_AFTER_LOCK * for 1 SENT from 18 to 9 at 1316051251.269426 standard 1
AFTER_LOCK2 * for 1 SENT from 18 to 9 at 1316051251.269426 standard 1
VSS_ECHO 12 for 1 SENT from 18 to 9 at 1316051251.269458 standard 1
VSSECHO_STAGE3 * for * SENT from * to * at 1316051251.269479
VSSECHO_STAGE4 * for * SENT from * to * at 1316051251.278415
BEFORE_LOCK * for 1 SENT from 18 to 10 at 1316051251.278431 standard 1
AFTER_LOCK * for 1 SENT from 18 to 10 at 1316051251.278432 standard 1
AFTER_AFTER_LOCK * for 1 SENT from 18 to 10 at 1316051251.278485 standard 1
AFTER_LOCK2 * for 1 SENT from 18 to 10 at 1316051251.278485 standard 1
VSS_ECHO 13 for 1 SENT from 18 to 10 at 1316051251.278526 standard 1
VSSECHO_STAGE3 * for * SENT from * to * at 1316051251.278556
VSSECHO_STAGE4 * for * SENT from * to * at 1316051251.278716
BEFORE_LOCK * for 1 SENT from 18 to 11 at 1316051251.278727 standard 1
AFTER_LOCK * for 1 SENT from 18 to 11 at 1316051251.278728 standard 1
AFTER_AFTER_LOCK * for 1 SENT from 18 to 11 at 1316051251.283907 standard 1
AFTER_LOCK2 * for 1 SENT from 18 to 11 at 1316051251.283908 standard 1
VSS_ECHO 14 for 1 SENT from 18 to 11 at 1316051251.283962 standard 1
VSSECHO_STAGE3 * for * SENT from * to * at 1316051251.284001
VSSECHO_STAGE4 * for * SENT from * to * at 1316051251.284137
BEFORE_LOCK * for 1 SENT from 18 to 12 at 1316051251.284148 standard 1
AFTER_LOCK * for 1 SENT from 18 to 12 at 1316051251.284150 standard 1
AFTER_AFTER_LOCK * for 1 SENT from 18 to 12 at 1316051251.284184 standard 1
AFTER_LOCK2 * for 1 SENT from 18 to 12 at 1316051251.284185 standard 1
VSS_ECHO 15 for 1 SENT from 18 to 12 at 1316051251.284216 standard 1
VSSECHO_STAGE3 * for * SENT from * to * at 1316051251.284237
VSSECHO_STAGE4 * for * SENT from * to * at 1316051251.284361
BEFORE_LOCK * for 1 SENT from 18 to 13 at 1316051251.284370 standard 1
AFTER_LOCK * for 1 SENT from 18 to 13 at 1316051251.284371 standard 1
AFTER_AFTER_LOCK * for 1 SENT from 18 to 13 at 1316051251.286733 standard 1
AFTER_LOCK2 * for 1 SENT from 18 to 13 at 1316051251.286735 standard 1
VSS_ECHO 16 for 1 SENT from 18 to 13 at 1316051251.286787 standard 1
VSSECHO_STAGE3 * for * SENT from * to * at 1316051251.286829
VSSECHO_STAGE4 * for * SENT from * to * at 1316051251.286968
BEFORE_LOCK * for 1 SENT from 18 to 14 at 1316051251.286978 standard 1
AFTER_LOCK * for 1 SENT from 18 to 14 at 1316051251.286980 standard 1
AFTER_AFTER_LOCK * for 1 SENT from 18 to 14 at 1316051251.287025 standard 1
AFTER_LOCK2 * for 1 SENT from 18 to 14 at 1316051251.287025 standard 1
VSS_ECHO 17 for 1 SENT from 18 to 14 at 1316051251.287057 standard 1
VSSECHO_STAGE3 * for * SENT from * to * at 1316051251.287078
VSSECHO_STAGE4 * for * SENT from * to * at 1316051251.287195
BEFORE_LOCK * for 1 SENT from 18 to 15 at 1316051251.287204 standard 1
AFTER_LOCK * for 1 SENT from 18 to 15 at 1316051251.287205 standard 1
AFTER_AFTER_LOCK * for 1 SENT from 18 to 15 at 1316051251.287322 standard 1
AFTER_LOCK2 * for 1 SENT from 18 to 15 at 1316051251.287322 standard 1
VSS_ECHO 18 for 1 SENT from 18 to 15 at 1316051251.287353 standard 1
VSSECHO_STAGE3 * for * SENT from * to * at 1316051251.287375
VSSECHO_STAGE4 * for * SENT from * to * at 1316051251.287492
BEFORE_LOCK * for 1 SENT from 18 to 16 at 1316051251.287501 standard 1
AFTER_LOCK * for 1 SENT from 18 to 16 at 1316051251.287502 standard 1
AFTER_AFTER_LOCK * for 1 SENT from 18 to 16 at 1316051251.287529 standard 1
AFTER_LOCK2 * for 1 SENT from 18 to 16 at 1316051251.287530 standard 1
VSS_ECHO 19 for 1 SENT from 18 to 16 at 1316051251.287561 standard 1
VSSECHO_STAGE3 * for * SENT from * to * at 1316051251.287582
VSSECHO_STAGE4 * for * SENT from * to * at 1316051251.287705
BEFORE_LOCK * for 1 SENT from 18 to 17 at 1316051251.287715 standard 1
AFTER_LOCK * for 1 SENT from 18 to 17 at 1316051251.287716 standard 1
AFTER_AFTER_LOCK * for 1 SENT from 18 to 17 at 1316051251.298939 standard 1
AFTER_LOCK2 * for 1 SENT from 18 to 17 at 1316051251.298939 standard 1
VSS_ECHO 20 for 1 SENT from 18 to 17 at 1316051251.299008 standard 1
VSSECHO_STAGE3 * for * SENT from * to * at 1316051251.299047
VSSECHO_STAGE4 * for * SENT from * to * at 1316051251.299186
BEFORE_LOCK * for 1 SENT from 18 to 18 at 1316051251.299197 standard 1
AFTER_LOCK * for 1 SENT from 18 to 18 at 1316051251.299198 standard 1
AFTER_AFTER_LOCK * for 1 SENT from 18 to 18 at 1316051251.300783 standard 1
AFTER_LOCK2 * for 1 SENT from 18 to 18 at 1316051251.300784 standard 1
VSS_ECHO 21 for 1 SENT from 18 to 18 at 1316051251.300841 standard 1
VSSECHO_STAGE3 * for * SENT from * to * at 1316051251.300870
VSSECHO_STAGE4 * for * SENT from * to * at 1316051251.301001
BEFORE_LOCK * for 1 SENT from 18 to 19 at 1316051251.301011 standard 1
AFTER_LOCK * for 1 SENT from 18 to 19 at 1316051251.301012 standard 1
AFTER_AFTER_LOCK * for 1 SENT from 18 to 19 at 1316051251.301027 standard 1
AFTER_LOCK2 * for 1 SENT from 18 to 19 at 1316051251.301028 standard 1
VSS_ECHO 22 for 1 SENT from 18 to 19 at 1316051251.301058 standard 1
VSSECHO_STAGE3 * for * SENT from * to * at 1316051251.301078
VSSECHO_STAGE4 * for * SENT from * to * at 1316051251.301195
BEFORE_LOCK * for 1 SENT from 18 to 20 at 1316051251.301204 standard 1
AFTER_LOCK * for 1 SENT from 18 to 20 at 1316051251.301204 standard 1
AFTER_AFTER_LOCK * for 1 SENT from 18 to 20 at 1316051251.301305 standard 1
AFTER_LOCK2 * for 1 SENT from 18 to 20 at 1316051251.301305 standard 1
VSS_ECHO 23 for 1 SENT from 18 to 20 at 1316051251.301336 standard 1
VSS_ECHO 21 for 1 RECEIVED from 12 to 18 at 1316051251.301369
VSS_ECHO 21 for 1 RECEIVED from 9 to 18 at 1316051251.381219
VSS_ECHO 21 for 1 RECEIVED from 17 to 18 at 1316051251.457308
VSS_ECHO 21 for 1 RECEIVED from 10 to 18 at 1316051251.534083
VSS_ECHO 21 for 1 RECEIVED from 14 to 18 at 1316051251.614021
VSS_READY 53 for 1 RECEIVED from 15 to 18 at 1316051251.683012
VSS_READY 69 for 1 RECEIVED from 12 to 18 at 1316051251.814546
VSS_READY 70 for 1 RECEIVED from 9 to 18 at 1316051251.926437



============================================
*1ENOUGH VSS_READY message for 18 at 1316051251.926437
*Threshold : Ready = 3
*Received Ready Message Num = 3
*Ready messages are sending out...
============================================

BEFORE_LOCK * for 1 SENT from 18 to 1 at 1316051252.035037 standard 1
AFTER_LOCK * for 1 SENT from 18 to 1 at 1316051252.035039 standard 1
AFTER_AFTER_LOCK * for 1 SENT from 18 to 1 at 1316051252.035065 standard 1
AFTER_LOCK2 * for 1 SENT from 18 to 1 at 1316051252.035065 standard 1
VSS_READY 47 for 1 SENT from 18 to 1 at 1316051252.035066 standard 1
BEFORE_LOCK * for 1 SENT from 18 to 2 at 1316051252.053364 standard 1
AFTER_LOCK * for 1 SENT from 18 to 2 at 1316051252.053366 standard 1
AFTER_AFTER_LOCK * for 1 SENT from 18 to 2 at 1316051252.053367 standard 1
AFTER_LOCK2 * for 1 SENT from 18 to 2 at 1316051252.053367 standard 1
VSS_READY 48 for 1 SENT from 18 to 2 at 1316051252.053368 standard 1
BEFORE_LOCK * for 1 SENT from 18 to 3 at 1316051252.065203 standard 1
AFTER_LOCK * for 1 SENT from 18 to 3 at 1316051252.065205 standard 1
AFTER_AFTER_LOCK * for 1 SENT from 18 to 3 at 1316051252.065206 standard 1
AFTER_LOCK2 * for 1 SENT from 18 to 3 at 1316051252.065206 standard 1
VSS_READY 49 for 1 SENT from 18 to 3 at 1316051252.065207 standard 1
BEFORE_LOCK * for 1 SENT from 18 to 4 at 1316051252.078990 standard 1
AFTER_LOCK * for 1 SENT from 18 to 4 at 1316051252.078992 standard 1
AFTER_AFTER_LOCK * for 1 SENT from 18 to 4 at 1316051252.078993 standard 1
AFTER_LOCK2 * for 1 SENT from 18 to 4 at 1316051252.078993 standard 1
VSS_READY 50 for 1 SENT from 18 to 4 at 1316051252.078994 standard 1
BEFORE_LOCK * for 1 SENT from 18 to 5 at 1316051252.095097 standard 1
AFTER_LOCK * for 1 SENT from 18 to 5 at 1316051252.095099 standard 1
AFTER_AFTER_LOCK * for 1 SENT from 18 to 5 at 1316051252.095099 standard 1
AFTER_LOCK2 * for 1 SENT from 18 to 5 at 1316051252.095100 standard 1
VSS_READY 51 for 1 SENT from 18 to 5 at 1316051252.095100 standard 1
BEFORE_LOCK * for 1 SENT from 18 to 6 at 1316051252.104749 standard 1
AFTER_LOCK * for 1 SENT from 18 to 6 at 1316051252.104751 standard 1
AFTER_AFTER_LOCK * for 1 SENT from 18 to 6 at 1316051252.104895 standard 1
AFTER_LOCK2 * for 1 SENT from 18 to 6 at 1316051252.104896 standard 1
VSS_READY 52 for 1 SENT from 18 to 6 at 1316051252.104896 standard 1
BEFORE_LOCK * for 1 SENT from 18 to 7 at 1316051252.113053 standard 1
AFTER_LOCK * for 1 SENT from 18 to 7 at 1316051252.113054 standard 1
AFTER_AFTER_LOCK * for 1 SENT from 18 to 7 at 1316051252.113160 standard 1
AFTER_LOCK2 * for 1 SENT from 18 to 7 at 1316051252.113160 standard 1
VSS_READY 53 for 1 SENT from 18 to 7 at 1316051252.113161 standard 1
BEFORE_LOCK * for 1 SENT from 18 to 8 at 1316051252.126396 standard 1
AFTER_LOCK * for 1 SENT from 18 to 8 at 1316051252.126398 standard 1
AFTER_AFTER_LOCK * for 1 SENT from 18 to 8 at 1316051252.126398 standard 1
AFTER_LOCK2 * for 1 SENT from 18 to 8 at 1316051252.126399 standard 1
VSS_READY 54 for 1 SENT from 18 to 8 at 1316051252.126399 standard 1
BEFORE_LOCK * for 1 SENT from 18 to 9 at 1316051252.133513 standard 1
AFTER_LOCK * for 1 SENT from 18 to 9 at 1316051252.133515 standard 1
AFTER_AFTER_LOCK * for 1 SENT from 18 to 9 at 1316051252.133649 standard 1
AFTER_LOCK2 * for 1 SENT from 18 to 9 at 1316051252.133650 standard 1
VSS_READY 55 for 1 SENT from 18 to 9 at 1316051252.133650 standard 1
BEFORE_LOCK * for 1 SENT from 18 to 10 at 1316051252.148095 standard 1
AFTER_LOCK * for 1 SENT from 18 to 10 at 1316051252.148097 standard 1
AFTER_AFTER_LOCK * for 1 SENT from 18 to 10 at 1316051252.148126 standard 1
AFTER_LOCK2 * for 1 SENT from 18 to 10 at 1316051252.148126 standard 1
VSS_READY 56 for 1 SENT from 18 to 10 at 1316051252.148127 standard 1
BEFORE_LOCK * for 1 SENT from 18 to 11 at 1316051252.158303 standard 1
AFTER_LOCK * for 1 SENT from 18 to 11 at 1316051252.158304 standard 1
AFTER_AFTER_LOCK * for 1 SENT from 18 to 11 at 1316051252.158428 standard 1
AFTER_LOCK2 * for 1 SENT from 18 to 11 at 1316051252.158428 standard 1
VSS_READY 57 for 1 SENT from 18 to 11 at 1316051252.158429 standard 1
BEFORE_LOCK * for 1 SENT from 18 to 12 at 1316051252.166224 standard 1
AFTER_LOCK * for 1 SENT from 18 to 12 at 1316051252.166226 standard 1
AFTER_AFTER_LOCK * for 1 SENT from 18 to 12 at 1316051252.166342 standard 1
AFTER_LOCK2 * for 1 SENT from 18 to 12 at 1316051252.166343 standard 1
VSS_READY 58 for 1 SENT from 18 to 12 at 1316051252.166343 standard 1
BEFORE_LOCK * for 1 SENT from 18 to 13 at 1316051252.175403 standard 1
AFTER_LOCK * for 1 SENT from 18 to 13 at 1316051252.175405 standard 1
AFTER_AFTER_LOCK * for 1 SENT from 18 to 13 at 1316051252.175405 standard 1
AFTER_LOCK2 * for 1 SENT from 18 to 13 at 1316051252.175406 standard 1
VSS_READY 59 for 1 SENT from 18 to 13 at 1316051252.175406 standard 1
BEFORE_LOCK * for 1 SENT from 18 to 14 at 1316051252.181609 standard 1
AFTER_LOCK * for 1 SENT from 18 to 14 at 1316051252.181610 standard 1
AFTER_AFTER_LOCK * for 1 SENT from 18 to 14 at 1316051252.181731 standard 1
AFTER_LOCK2 * for 1 SENT from 18 to 14 at 1316051252.181732 standard 1
VSS_READY 60 for 1 SENT from 18 to 14 at 1316051252.181732 standard 1
BEFORE_LOCK * for 1 SENT from 18 to 15 at 1316051252.191526 standard 1
AFTER_LOCK * for 1 SENT from 18 to 15 at 1316051252.191528 standard 1
AFTER_AFTER_LOCK * for 1 SENT from 18 to 15 at 1316051252.191640 standard 1
AFTER_LOCK2 * for 1 SENT from 18 to 15 at 1316051252.191641 standard 1
VSS_READY 61 for 1 SENT from 18 to 15 at 1316051252.191641 standard 1
BEFORE_LOCK * for 1 SENT from 18 to 16 at 1316051252.200672 standard 1
AFTER_LOCK * for 1 SENT from 18 to 16 at 1316051252.200674 standard 1
AFTER_AFTER_LOCK * for 1 SENT from 18 to 16 at 1316051252.203626 standard 1
AFTER_LOCK2 * for 1 SENT from 18 to 16 at 1316051252.203627 standard 1
VSS_READY 62 for 1 SENT from 18 to 16 at 1316051252.203628 standard 1
BEFORE_LOCK * for 1 SENT from 18 to 17 at 1316051252.212336 standard 1
AFTER_LOCK * for 1 SENT from 18 to 17 at 1316051252.212337 standard 1
AFTER_AFTER_LOCK * for 1 SENT from 18 to 17 at 1316051252.212444 standard 1
AFTER_LOCK2 * for 1 SENT from 18 to 17 at 1316051252.212445 standard 1
VSS_READY 63 for 1 SENT from 18 to 17 at 1316051252.212446 standard 1
BEFORE_LOCK * for 1 SENT from 18 to 18 at 1316051252.220845 standard 1
AFTER_LOCK * for 1 SENT from 18 to 18 at 1316051252.220847 standard 1
AFTER_AFTER_LOCK * for 1 SENT from 18 to 18 at 1316051252.220968 standard 1
AFTER_LOCK2 * for 1 SENT from 18 to 18 at 1316051252.220968 standard 1
VSS_READY 64 for 1 SENT from 18 to 18 at 1316051252.220969 standard 1
BEFORE_LOCK * for 1 SENT from 18 to 19 at 1316051252.234004 standard 1
AFTER_LOCK * for 1 SENT from 18 to 19 at 1316051252.234006 standard 1
AFTER_AFTER_LOCK * for 1 SENT from 18 to 19 at 1316051252.234143 standard 1
AFTER_LOCK2 * for 1 SENT from 18 to 19 at 1316051252.234144 standard 1
VSS_READY 65 for 1 SENT from 18 to 19 at 1316051252.234144 standard 1
BEFORE_LOCK * for 1 SENT from 18 to 20 at 1316051252.242341 standard 1
AFTER_LOCK * for 1 SENT from 18 to 20 at 1316051252.242342 standard 1
AFTER_AFTER_LOCK * for 1 SENT from 18 to 20 at 1316051252.242459 standard 1
AFTER_LOCK2 * for 1 SENT from 18 to 20 at 1316051252.242460 standard 1
VSS_READY 66 for 1 SENT from 18 to 20 at 1316051252.242461 standard 1
VSS_READY 53 for 1 RECEIVED from 17 to 18 at 1316051252.242550
VSS_READY 70 for 1 RECEIVED from 10 to 18 at 1316051252.314390
VSS_READY 53 for 1 RECEIVED from 14 to 18 at 1316051252.374244
VSS_ECHO 115 for 4 RECEIVED from 11 to 18 at 1316051252.559742
VSS_ECHO 145 for 4 RECEIVED from 15 to 18 at 1316051252.593508
VSS_ECHO 145 for 4 RECEIVED from 16 to 18 at 1316051252.632575
VSS_READY 64 for 1 RECEIVED from 18 to 18 at 1316051252.671899
VSS_ECHO 21 for 1 RECEIVED from 18 to 18 at 1316051252.733376
VSS_ECHO 21 for 1 RECEIVED from 19 to 18 at 1316051252.772932
VSS_ECHO 309 for 4 RECEIVED from 1 to 18 at 1316051252.828059
VSS_ECHO 135 for 4 RECEIVED from 12 to 18 at 1316051252.864856
VSS_ECHO 143 for 4 RECEIVED from 9 to 18 at 1316051252.928300
VSS_ECHO 129 for 4 RECEIVED from 17 to 18 at 1316051252.994231
VSS_ECHO 133 for 4 RECEIVED from 10 to 18 at 1316051253.046844
VSS_ECHO 142 for 4 RECEIVED from 14 to 18 at 1316051253.123838
VSS_ECHO 162 for 4 RECEIVED from 7 to 18 at 1316051253.189639
VSS_ECHO 21 for 1 RECEIVED from 16 to 18 at 1316051253.261074
VSS_ECHO 134 for 4 RECEIVED from 19 to 18 at 1316051253.336636
VSS_READY 66 for 1 RECEIVED from 19 to 18 at 1316051253.397773
VSS_SEND 20 for * RECEIVED from 4 to 18 at 1316051253.514055
VSSECHO_STAGE3 * for * SENT from * to * at 1316051253.633719
VSSECHO_STAGE4 * for * SENT from * to * at 1316051253.635995
BEFORE_LOCK * for 4 SENT from 18 to 1 at 1316051253.636024 standard 1
AFTER_LOCK * for 4 SENT from 18 to 1 at 1316051253.636026 standard 1
AFTER_AFTER_LOCK * for 4 SENT from 18 to 1 at 1316051253.636056 standard 1
AFTER_LOCK2 * for 4 SENT from 18 to 1 at 1316051253.636056 standard 1
VSS_ECHO 112 for 4 SENT from 18 to 1 at 1316051253.636091 standard 1
VSSECHO_STAGE3 * for * SENT from * to * at 1316051253.636118
VSSECHO_STAGE4 * for * SENT from * to * at 1316051253.636239
BEFORE_LOCK * for 4 SENT from 18 to 2 at 1316051253.636247 standard 1
AFTER_LOCK * for 4 SENT from 18 to 2 at 1316051253.636248 standard 1
AFTER_AFTER_LOCK * for 4 SENT from 18 to 2 at 1316051253.636249 standard 1
AFTER_LOCK2 * for 4 SENT from 18 to 2 at 1316051253.636249 standard 1
VSS_ECHO 113 for 4 SENT from 18 to 2 at 1316051253.636278 standard 1
VSSECHO_STAGE3 * for * SENT from * to * at 1316051253.636298
VSSECHO_STAGE4 * for * SENT from * to * at 1316051253.636414
BEFORE_LOCK * for 4 SENT from 18 to 3 at 1316051253.636423 standard 1
AFTER_LOCK * for 4 SENT from 18 to 3 at 1316051253.636424 standard 1
AFTER_AFTER_LOCK * for 4 SENT from 18 to 3 at 1316051253.636424 standard 1
AFTER_LOCK2 * for 4 SENT from 18 to 3 at 1316051253.636425 standard 1
VSS_ECHO 114 for 4 SENT from 18 to 3 at 1316051253.636454 standard 1
VSSECHO_STAGE3 * for * SENT from * to * at 1316051253.636474
VSSECHO_STAGE4 * for * SENT from * to * at 1316051253.636589
BEFORE_LOCK * for 4 SENT from 18 to 4 at 1316051253.636598 standard 1
AFTER_LOCK * for 4 SENT from 18 to 4 at 1316051253.636599 standard 1
AFTER_AFTER_LOCK * for 4 SENT from 18 to 4 at 1316051253.636696 standard 1
AFTER_LOCK2 * for 4 SENT from 18 to 4 at 1316051253.636697 standard 1
VSS_ECHO 115 for 4 SENT from 18 to 4 at 1316051253.636765 standard 1
VSSECHO_STAGE3 * for * SENT from * to * at 1316051253.636786
VSSECHO_STAGE4 * for * SENT from * to * at 1316051253.636911
BEFORE_LOCK * for 4 SENT from 18 to 5 at 1316051253.636920 standard 1
AFTER_LOCK * for 4 SENT from 18 to 5 at 1316051253.636921 standard 1
AFTER_AFTER_LOCK * for 4 SENT from 18 to 5 at 1316051253.636922 standard 1
AFTER_LOCK2 * for 4 SENT from 18 to 5 at 1316051253.636922 standard 1
VSS_ECHO 116 for 4 SENT from 18 to 5 at 1316051253.636950 standard 1
VSSECHO_STAGE3 * for * SENT from * to * at 1316051253.636970
VSSECHO_STAGE4 * for * SENT from * to * at 1316051253.637084
BEFORE_LOCK * for 4 SENT from 18 to 6 at 1316051253.637093 standard 1
AFTER_LOCK * for 4 SENT from 18 to 6 at 1316051253.637094 standard 1
AFTER_AFTER_LOCK * for 4 SENT from 18 to 6 at 1316051253.637107 standard 1
AFTER_LOCK2 * for 4 SENT from 18 to 6 at 1316051253.637107 standard 1
VSS_ECHO 117 for 4 SENT from 18 to 6 at 1316051253.637138 standard 1
VSSECHO_STAGE3 * for * SENT from * to * at 1316051253.637159
VSSECHO_STAGE4 * for * SENT from * to * at 1316051253.637273
BEFORE_LOCK * for 4 SENT from 18 to 7 at 1316051253.637282 standard 1
AFTER_LOCK * for 4 SENT from 18 to 7 at 1316051253.637283 standard 1
AFTER_AFTER_LOCK * for 4 SENT from 18 to 7 at 1316051253.637377 standard 1
AFTER_LOCK2 * for 4 SENT from 18 to 7 at 1316051253.637377 standard 1
VSS_ECHO 118 for 4 SENT from 18 to 7 at 1316051253.637408 standard 1
VSSECHO_STAGE3 * for * SENT from * to * at 1316051253.637428
VSSECHO_STAGE4 * for * SENT from * to * at 1316051253.637543
BEFORE_LOCK * for 4 SENT from 18 to 8 at 1316051253.637551 standard 1
AFTER_LOCK * for 4 SENT from 18 to 8 at 1316051253.637552 standard 1
AFTER_AFTER_LOCK * for 4 SENT from 18 to 8 at 1316051253.637553 standard 1
AFTER_LOCK2 * for 4 SENT from 18 to 8 at 1316051253.637553 standard 1
VSS_ECHO 119 for 4 SENT from 18 to 8 at 1316051253.637582 standard 1
VSSECHO_STAGE3 * for * SENT from * to * at 1316051253.637601
VSSECHO_STAGE4 * for * SENT from * to * at 1316051253.637715
BEFORE_LOCK * for 4 SENT from 18 to 9 at 1316051253.637724 standard 1
AFTER_LOCK * for 4 SENT from 18 to 9 at 1316051253.637725 standard 1
AFTER_AFTER_LOCK * for 4 SENT from 18 to 9 at 1316051253.637758 standard 1
AFTER_LOCK2 * for 4 SENT from 18 to 9 at 1316051253.637759 standard 1
VSS_ECHO 120 for 4 SENT from 18 to 9 at 1316051253.637789 standard 1
VSSECHO_STAGE3 * for * SENT from * to * at 1316051253.645228
VSSECHO_STAGE4 * for * SENT from * to * at 1316051253.645384
BEFORE_LOCK * for 4 SENT from 18 to 10 at 1316051253.645395 standard 1
AFTER_LOCK * for 4 SENT from 18 to 10 at 1316051253.645397 standard 1
AFTER_AFTER_LOCK * for 4 SENT from 18 to 10 at 1316051253.645428 standard 1
AFTER_LOCK2 * for 4 SENT from 18 to 10 at 1316051253.645429 standard 1
VSS_ECHO 121 for 4 SENT from 18 to 10 at 1316051253.645462 standard 1
VSSECHO_STAGE3 * for * SENT from * to * at 1316051253.645484
VSSECHO_STAGE4 * for * SENT from * to * at 1316051253.645603
BEFORE_LOCK * for 4 SENT from 18 to 11 at 1316051253.645612 standard 1
AFTER_LOCK * for 4 SENT from 18 to 11 at 1316051253.645613 standard 1
AFTER_AFTER_LOCK * for 4 SENT from 18 to 11 at 1316051253.645719 standard 1
AFTER_LOCK2 * for 4 SENT from 18 to 11 at 1316051253.645719 standard 1
VSS_ECHO 122 for 4 SENT from 18 to 11 at 1316051253.645750 standard 1
VSSECHO_STAGE3 * for * SENT from * to * at 1316051253.645771
VSSECHO_STAGE4 * for * SENT from * to * at 1316051253.649485
BEFORE_LOCK * for 4 SENT from 18 to 12 at 1316051253.649499 standard 1
AFTER_LOCK * for 4 SENT from 18 to 12 at 1316051253.649500 standard 1
AFTER_AFTER_LOCK * for 4 SENT from 18 to 12 at 1316051253.649527 standard 1
AFTER_LOCK2 * for 4 SENT from 18 to 12 at 1316051253.649528 standard 1
VSS_ECHO 123 for 4 SENT from 18 to 12 at 1316051253.649560 standard 1
VSSECHO_STAGE3 * for * SENT from * to * at 1316051253.649619
VSSECHO_STAGE4 * for * SENT from * to * at 1316051253.649741
BEFORE_LOCK * for 4 SENT from 18 to 13 at 1316051253.649750 standard 1
AFTER_LOCK * for 4 SENT from 18 to 13 at 1316051253.649751 standard 1
AFTER_AFTER_LOCK * for 4 SENT from 18 to 13 at 1316051253.649751 standard 1
AFTER_LOCK2 * for 4 SENT from 18 to 13 at 1316051253.649752 standard 1
VSS_ECHO 124 for 4 SENT from 18 to 13 at 1316051253.649781 standard 1
VSSECHO_STAGE3 * for * SENT from * to * at 1316051253.649811
VSSECHO_STAGE4 * for * SENT from * to * at 1316051253.649927
BEFORE_LOCK * for 4 SENT from 18 to 14 at 1316051253.649935 standard 1
AFTER_LOCK * for 4 SENT from 18 to 14 at 1316051253.649936 standard 1
AFTER_AFTER_LOCK * for 4 SENT from 18 to 14 at 1316051253.654207 standard 1
AFTER_LOCK2 * for 4 SENT from 18 to 14 at 1316051253.654208 standard 1
VSS_ECHO 125 for 4 SENT from 18 to 14 at 1316051253.654246 standard 1
VSSECHO_STAGE3 * for * SENT from * to * at 1316051253.654290
VSSECHO_STAGE4 * for * SENT from * to * at 1316051253.654429
BEFORE_LOCK * for 4 SENT from 18 to 15 at 1316051253.654441 standard 1
AFTER_LOCK * for 4 SENT from 18 to 15 at 1316051253.654442 standard 1
AFTER_AFTER_LOCK * for 4 SENT from 18 to 15 at 1316051253.654571 standard 1
AFTER_LOCK2 * for 4 SENT from 18 to 15 at 1316051253.654572 standard 1
VSS_ECHO 126 for 4 SENT from 18 to 15 at 1316051253.654602 standard 1
VSSECHO_STAGE3 * for * SENT from * to * at 1316051253.654624
VSSECHO_STAGE4 * for * SENT from * to * at 1316051253.654749
BEFORE_LOCK * for 4 SENT from 18 to 16 at 1316051253.654758 standard 1
AFTER_LOCK * for 4 SENT from 18 to 16 at 1316051253.654759 standard 1
AFTER_AFTER_LOCK * for 4 SENT from 18 to 16 at 1316051253.654772 standard 1
AFTER_LOCK2 * for 4 SENT from 18 to 16 at 1316051253.654772 standard 1
VSS_ECHO 127 for 4 SENT from 18 to 16 at 1316051253.654823 standard 1
VSSECHO_STAGE3 * for * SENT from * to * at 1316051253.654844
VSSECHO_STAGE4 * for * SENT from * to * at 1316051253.654963
BEFORE_LOCK * for 4 SENT from 18 to 17 at 1316051253.654972 standard 1
AFTER_LOCK * for 4 SENT from 18 to 17 at 1316051253.654972 standard 1
AFTER_AFTER_LOCK * for 4 SENT from 18 to 17 at 1316051253.655069 standard 1
AFTER_LOCK2 * for 4 SENT from 18 to 17 at 1316051253.655070 standard 1
VSS_ECHO 128 for 4 SENT from 18 to 17 at 1316051253.655100 standard 1
VSSECHO_STAGE3 * for * SENT from * to * at 1316051253.655121
VSSECHO_STAGE4 * for * SENT from * to * at 1316051253.659000
BEFORE_LOCK * for 4 SENT from 18 to 18 at 1316051253.659036 standard 1
AFTER_LOCK * for 4 SENT from 18 to 18 at 1316051253.659038 standard 1
AFTER_AFTER_LOCK * for 4 SENT from 18 to 18 at 1316051253.659070 standard 1
AFTER_LOCK2 * for 4 SENT from 18 to 18 at 1316051253.659070 standard 1
VSS_ECHO 129 for 4 SENT from 18 to 18 at 1316051253.659103 standard 1
VSSECHO_STAGE3 * for * SENT from * to * at 1316051253.659136
VSSECHO_STAGE4 * for * SENT from * to * at 1316051253.659265
BEFORE_LOCK * for 4 SENT from 18 to 19 at 1316051253.659274 standard 1
AFTER_LOCK * for 4 SENT from 18 to 19 at 1316051253.659275 standard 1
AFTER_AFTER_LOCK * for 4 SENT from 18 to 19 at 1316051253.663693 standard 1
AFTER_LOCK2 * for 4 SENT from 18 to 19 at 1316051253.663694 standard 1
VSS_ECHO 130 for 4 SENT from 18 to 19 at 1316051253.663750 standard 1
VSSECHO_STAGE3 * for * SENT from * to * at 1316051253.663792
VSSECHO_STAGE4 * for * SENT from * to * at 1316051253.663943
BEFORE_LOCK * for 4 SENT from 18 to 20 at 1316051253.663955 standard 1
AFTER_LOCK * for 4 SENT from 18 to 20 at 1316051253.663957 standard 1
AFTER_AFTER_LOCK * for 4 SENT from 18 to 20 at 1316051253.664062 standard 1
AFTER_LOCK2 * for 4 SENT from 18 to 20 at 1316051253.664063 standard 1
VSS_ECHO 131 for 4 SENT from 18 to 20 at 1316051253.664095 standard 1
VSS_READY 46 for 1 RECEIVED from 11 to 18 at 1316051253.664140
VSS_READY 67 for 1 RECEIVED from 16 to 18 at 1316051253.840535
VSS_ECHO 129 for 4 RECEIVED from 18 to 18 at 1316051253.968926



============================================
*ENOUGH VSS_ECHO message for 4 at 1316051253.968926
*Threshold : echo = 12
*Received Echo Message Num = 12
*Ready messages are sending out...
============================================

PRE_VSS_READY * for 4 SENT from 18 to 1 at 1316051254.075839 standard 1
BEFORE_LOCK * for 4 SENT from 18 to 1 at 1316051254.075870 standard 1
AFTER_LOCK * for 4 SENT from 18 to 1 at 1316051254.075872 standard 1
AFTER_AFTER_LOCK * for 4 SENT from 18 to 1 at 1316051254.075902 standard 1
AFTER_LOCK2 * for 4 SENT from 18 to 1 at 1316051254.075903 standard 1
VSS_READY 145 for 4 SENT from 18 to 1 at 1316051254.075904 standard 1
PRE_VSS_READY * for 4 SENT from 18 to 2 at 1316051254.088098 standard 1
BEFORE_LOCK * for 4 SENT from 18 to 2 at 1316051254.088127 standard 1
AFTER_LOCK * for 4 SENT from 18 to 2 at 1316051254.088129 standard 1
AFTER_AFTER_LOCK * for 4 SENT from 18 to 2 at 1316051254.088129 standard 1
AFTER_LOCK2 * for 4 SENT from 18 to 2 at 1316051254.088130 standard 1
VSS_READY 146 for 4 SENT from 18 to 2 at 1316051254.088130 standard 1
PRE_VSS_READY * for 4 SENT from 18 to 3 at 1316051254.103139 standard 1
BEFORE_LOCK * for 4 SENT from 18 to 3 at 1316051254.103167 standard 1
AFTER_LOCK * for 4 SENT from 18 to 3 at 1316051254.103169 standard 1
AFTER_AFTER_LOCK * for 4 SENT from 18 to 3 at 1316051254.103170 standard 1
AFTER_LOCK2 * for 4 SENT from 18 to 3 at 1316051254.103170 standard 1
VSS_READY 147 for 4 SENT from 18 to 3 at 1316051254.103171 standard 1
PRE_VSS_READY * for 4 SENT from 18 to 4 at 1316051254.119141 standard 1
BEFORE_LOCK * for 4 SENT from 18 to 4 at 1316051254.119170 standard 1
AFTER_LOCK * for 4 SENT from 18 to 4 at 1316051254.119172 standard 1
AFTER_AFTER_LOCK * for 4 SENT from 18 to 4 at 1316051254.119203 standard 1
AFTER_LOCK2 * for 4 SENT from 18 to 4 at 1316051254.119204 standard 1
VSS_READY 148 for 4 SENT from 18 to 4 at 1316051254.119204 standard 1
PRE_VSS_READY * for 4 SENT from 18 to 5 at 1316051254.131951 standard 1
BEFORE_LOCK * for 4 SENT from 18 to 5 at 1316051254.131975 standard 1
AFTER_LOCK * for 4 SENT from 18 to 5 at 1316051254.131977 standard 1
AFTER_AFTER_LOCK * for 4 SENT from 18 to 5 at 1316051254.131977 standard 1
AFTER_LOCK2 * for 4 SENT from 18 to 5 at 1316051254.131977 standard 1
VSS_READY 149 for 4 SENT from 18 to 5 at 1316051254.131978 standard 1
PRE_VSS_READY * for 4 SENT from 18 to 6 at 1316051254.152811 standard 1
BEFORE_LOCK * for 4 SENT from 18 to 6 at 1316051254.152839 standard 1
AFTER_LOCK * for 4 SENT from 18 to 6 at 1316051254.152841 standard 1
AFTER_AFTER_LOCK * for 4 SENT from 18 to 6 at 1316051254.152876 standard 1
AFTER_LOCK2 * for 4 SENT from 18 to 6 at 1316051254.152876 standard 1
VSS_READY 150 for 4 SENT from 18 to 6 at 1316051254.152877 standard 1
PRE_VSS_READY * for 4 SENT from 18 to 7 at 1316051254.167274 standard 1
BEFORE_LOCK * for 4 SENT from 18 to 7 at 1316051254.167303 standard 1
AFTER_LOCK * for 4 SENT from 18 to 7 at 1316051254.167305 standard 1
AFTER_AFTER_LOCK * for 4 SENT from 18 to 7 at 1316051254.167422 standard 1
AFTER_LOCK2 * for 4 SENT from 18 to 7 at 1316051254.167423 standard 1
VSS_READY 151 for 4 SENT from 18 to 7 at 1316051254.167423 standard 1
PRE_VSS_READY * for 4 SENT from 18 to 8 at 1316051254.173195 standard 1
BEFORE_LOCK * for 4 SENT from 18 to 8 at 1316051254.173218 standard 1
AFTER_LOCK * for 4 SENT from 18 to 8 at 1316051254.173220 standard 1
AFTER_AFTER_LOCK * for 4 SENT from 18 to 8 at 1316051254.173220 standard 1
AFTER_LOCK2 * for 4 SENT from 18 to 8 at 1316051254.173221 standard 1
VSS_READY 152 for 4 SENT from 18 to 8 at 1316051254.173221 standard 1
PRE_VSS_READY * for 4 SENT from 18 to 9 at 1316051254.183985 standard 1
BEFORE_LOCK * for 4 SENT from 18 to 9 at 1316051254.184021 standard 1
AFTER_LOCK * for 4 SENT from 18 to 9 at 1316051254.184023 standard 1
AFTER_AFTER_LOCK * for 4 SENT from 18 to 9 at 1316051254.184213 standard 1
AFTER_LOCK2 * for 4 SENT from 18 to 9 at 1316051254.184213 standard 1
VSS_READY 153 for 4 SENT from 18 to 9 at 1316051254.184214 standard 1
PRE_VSS_READY * for 4 SENT from 18 to 10 at 1316051254.190110 standard 1
BEFORE_LOCK * for 4 SENT from 18 to 10 at 1316051254.190141 standard 1
AFTER_LOCK * for 4 SENT from 18 to 10 at 1316051254.190142 standard 1
AFTER_AFTER_LOCK * for 4 SENT from 18 to 10 at 1316051254.190252 standard 1
AFTER_LOCK2 * for 4 SENT from 18 to 10 at 1316051254.190253 standard 1
VSS_READY 154 for 4 SENT from 18 to 10 at 1316051254.190253 standard 1
PRE_VSS_READY * for 4 SENT from 18 to 11 at 1316051254.210171 standard 1
BEFORE_LOCK * for 4 SENT from 18 to 11 at 1316051254.210213 standard 1
AFTER_LOCK * for 4 SENT from 18 to 11 at 1316051254.210215 standard 1
AFTER_AFTER_LOCK * for 4 SENT from 18 to 11 at 1316051254.210249 standard 1
AFTER_LOCK2 * for 4 SENT from 18 to 11 at 1316051254.210250 standard 1
VSS_READY 155 for 4 SENT from 18 to 11 at 1316051254.210251 standard 1
PRE_VSS_READY * for 4 SENT from 18 to 12 at 1316051254.231645 standard 1
BEFORE_LOCK * for 4 SENT from 18 to 12 at 1316051254.231685 standard 1
AFTER_LOCK * for 4 SENT from 18 to 12 at 1316051254.231687 standard 1
AFTER_AFTER_LOCK * for 4 SENT from 18 to 12 at 1316051254.231813 standard 1
AFTER_LOCK2 * for 4 SENT from 18 to 12 at 1316051254.231813 standard 1
VSS_READY 156 for 4 SENT from 18 to 12 at 1316051254.231814 standard 1
PRE_VSS_READY * for 4 SENT from 18 to 13 at 1316051254.244919 standard 1
BEFORE_LOCK * for 4 SENT from 18 to 13 at 1316051254.244958 standard 1
AFTER_LOCK * for 4 SENT from 18 to 13 at 1316051254.244960 standard 1
AFTER_AFTER_LOCK * for 4 SENT from 18 to 13 at 1316051254.244961 standard 1
AFTER_LOCK2 * for 4 SENT from 18 to 13 at 1316051254.244961 standard 1
VSS_READY 157 for 4 SENT from 18 to 13 at 1316051254.244962 standard 1
PRE_VSS_READY * for 4 SENT from 18 to 14 at 1316051254.264604 standard 1
BEFORE_LOCK * for 4 SENT from 18 to 14 at 1316051254.264645 standard 1
AFTER_LOCK * for 4 SENT from 18 to 14 at 1316051254.264647 standard 1
AFTER_AFTER_LOCK * for 4 SENT from 18 to 14 at 1316051254.264771 standard 1
AFTER_LOCK2 * for 4 SENT from 18 to 14 at 1316051254.264772 standard 1
VSS_READY 158 for 4 SENT from 18 to 14 at 1316051254.264772 standard 1
PRE_VSS_READY * for 4 SENT from 18 to 15 at 1316051254.282333 standard 1
BEFORE_LOCK * for 4 SENT from 18 to 15 at 1316051254.282369 standard 1
AFTER_LOCK * for 4 SENT from 18 to 15 at 1316051254.282372 standard 1
AFTER_AFTER_LOCK * for 4 SENT from 18 to 15 at 1316051254.282491 standard 1
AFTER_LOCK2 * for 4 SENT from 18 to 15 at 1316051254.282491 standard 1
VSS_READY 159 for 4 SENT from 18 to 15 at 1316051254.282492 standard 1
PRE_VSS_READY * for 4 SENT from 18 to 16 at 1316051254.293942 standard 1
BEFORE_LOCK * for 4 SENT from 18 to 16 at 1316051254.293959 standard 1
AFTER_LOCK * for 4 SENT from 18 to 16 at 1316051254.293960 standard 1
AFTER_AFTER_LOCK * for 4 SENT from 18 to 16 at 1316051254.294071 standard 1
AFTER_LOCK2 * for 4 SENT from 18 to 16 at 1316051254.294072 standard 1
VSS_READY 160 for 4 SENT from 18 to 16 at 1316051254.294072 standard 1
PRE_VSS_READY * for 4 SENT from 18 to 17 at 1316051254.311029 standard 1
BEFORE_LOCK * for 4 SENT from 18 to 17 at 1316051254.311046 standard 1
AFTER_LOCK * for 4 SENT from 18 to 17 at 1316051254.311047 standard 1
AFTER_AFTER_LOCK * for 4 SENT from 18 to 17 at 1316051254.311182 standard 1
AFTER_LOCK2 * for 4 SENT from 18 to 17 at 1316051254.311183 standard 1
VSS_READY 161 for 4 SENT from 18 to 17 at 1316051254.311183 standard 1
PRE_VSS_READY * for 4 SENT from 18 to 18 at 1316051254.322509 standard 1
BEFORE_LOCK * for 4 SENT from 18 to 18 at 1316051254.326828 standard 1
AFTER_LOCK * for 4 SENT from 18 to 18 at 1316051254.326830 standard 1
AFTER_AFTER_LOCK * for 4 SENT from 18 to 18 at 1316051254.326973 standard 1
AFTER_LOCK2 * for 4 SENT from 18 to 18 at 1316051254.326974 standard 1
VSS_READY 162 for 4 SENT from 18 to 18 at 1316051254.326974 standard 1
PRE_VSS_READY * for 4 SENT from 18 to 19 at 1316051254.333457 standard 1
BEFORE_LOCK * for 4 SENT from 18 to 19 at 1316051254.333483 standard 1
AFTER_LOCK * for 4 SENT from 18 to 19 at 1316051254.333484 standard 1
AFTER_AFTER_LOCK * for 4 SENT from 18 to 19 at 1316051254.333508 standard 1
AFTER_LOCK2 * for 4 SENT from 18 to 19 at 1316051254.333509 standard 1
VSS_READY 163 for 4 SENT from 18 to 19 at 1316051254.333509 standard 1
PRE_VSS_READY * for 4 SENT from 18 to 20 at 1316051254.349135 standard 1
BEFORE_LOCK * for 4 SENT from 18 to 20 at 1316051254.349167 standard 1
AFTER_LOCK * for 4 SENT from 18 to 20 at 1316051254.349169 standard 1
AFTER_AFTER_LOCK * for 4 SENT from 18 to 20 at 1316051254.349286 standard 1
AFTER_LOCK2 * for 4 SENT from 18 to 20 at 1316051254.349287 standard 1
VSS_READY 164 for 4 SENT from 18 to 20 at 1316051254.349288 standard 1
VSS_READY 199 for 4 RECEIVED from 19 to 18 at 1316051254.349384
VSS_ECHO 47 for 1 RECEIVED from 4 to 18 at 1316051254.442908
VSS_ECHO 21 for 1 RECEIVED from 7 to 18 at 1316051254.499989
VSS_ECHO 21 for 1 RECEIVED from 15 to 18 at 1316051254.553148
VSS_READY 370 for 4 RECEIVED from 1 to 18 at 1316051254.620639
VSS_READY 213 for 4 RECEIVED from 12 to 18 at 1316051254.715714
VSS_READY 191 for 4 RECEIVED from 9 to 18 at 1316051254.824413
VSS_READY 192 for 4 RECEIVED from 17 to 18 at 1316051254.935654
VSS_READY 191 for 4 RECEIVED from 10 to 18 at 1316051255.062168
VSS_READY 192 for 4 RECEIVED from 14 to 18 at 1316051255.167862
VSS_ECHO 289 for 4 RECEIVED from 4 to 18 at 1316051255.277156
VSS_READY 192 for 4 RECEIVED from 7 to 18 at 1316051255.340021
VSS_READY 163 for 4 RECEIVED from 11 to 18 at 1316051255.437282
VSS_READY 192 for 4 RECEIVED from 16 to 18 at 1316051255.549286
VSS_READY 162 for 4 RECEIVED from 18 to 18 at 1316051255.661650
VSS_ECHO 311 for 5 RECEIVED from 19 to 18 at 1316051255.756558
VSS_READY 68 for 1 RECEIVED from 7 to 18 at 1316051255.818170
VSS_READY 221 for 4 RECEIVED from 15 to 18 at 1316051256.041172



*============================================
*2ENOUGH VSS_READY message for 18 at 1316051256.041172
*Threshold : Ready = 12
*Received Ready Message Num = 12
*VSS Share is complete for dealer 4
============================================

BEFORE_LOCK * for 4 SENT from 18 to 1 at 1316051256.132580 standard 1
AFTER_LOCK * for 4 SENT from 18 to 1 at 1316051256.132581 standard 1
AFTER_AFTER_LOCK * for 4 SENT from 18 to 1 at 1316051256.132737 standard 1
AFTER_LOCK2 * for 4 SENT from 18 to 1 at 1316051256.132738 standard 1
VSS_SHARED 285 for 4 SENT from 18 to 1 at 1316051256.132770 standard 1
VSS_ECHO 21 for 1 RECEIVED from 6 to 18 at 1316051256.137720
VSS_ECHO 510 for 5 RECEIVED from 1 to 18 at 1316051256.220372
VSS_ECHO 331 for 5 RECEIVED from 12 to 18 at 1316051256.263529
VSS_ECHO 348 for 5 RECEIVED from 9 to 18 at 1316051256.348205
VSS_ECHO 349 for 5 RECEIVED from 10 to 18 at 1316051256.459791
VSS_ECHO 350 for 5 RECEIVED from 14 to 18 at 1316051256.533335
VSS_ECHO 344 for 5 RECEIVED from 4 to 18 at 1316051256.645461
VSS_ECHO 337 for 5 RECEIVED from 7 to 18 at 1316051256.716317
VSS_ECHO 308 for 5 RECEIVED from 11 to 18 at 1316051256.797575
VSS_ECHO 336 for 5 RECEIVED from 16 to 18 at 1316051256.924549
VSS_ECHO 377 for 2 RECEIVED from 19 to 18 at 1316051256.997684
VSS_ECHO 348 for 2 RECEIVED from 15 to 18 at 1316051257.074659
VSS_ECHO 560 for 2 RECEIVED from 1 to 18 at 1316051257.139408
VSS_ECHO 367 for 2 RECEIVED from 12 to 18 at 1316051257.197543
VSS_ECHO 384 for 2 RECEIVED from 9 to 18 at 1316051257.390011
VSS_ECHO 371 for 2 RECEIVED from 17 to 18 at 1316051257.453257
VSS_ECHO 385 for 2 RECEIVED from 10 to 18 at 1316051257.508376
VSS_ECHO 393 for 2 RECEIVED from 14 to 18 at 1316051257.580848
VSS_ECHO 408 for 2 RECEIVED from 4 to 18 at 1316051257.646871
VSS_ECHO 386 for 2 RECEIVED from 7 to 18 at 1316051257.706228
VSS_ECHO 357 for 2 RECEIVED from 11 to 18 at 1316051257.761260
VSS_ECHO 385 for 2 RECEIVED from 16 to 18 at 1316051257.824068



============================================
*ENOUGH VSS_ECHO message for 2 at 1316051257.824068
*Threshold : echo = 12
*Received Echo Message Num = 12
*Ready messages are sending out...
============================================

PRE_VSS_READY * for 2 SENT from 18 to 1 at 1316051257.909625 standard 1
BEFORE_LOCK * for 2 SENT from 18 to 1 at 1316051257.909663 standard 1
AFTER_LOCK * for 2 SENT from 18 to 1 at 1316051257.909665 standard 1
AFTER_AFTER_LOCK * for 2 SENT from 18 to 1 at 1316051257.909782 standard 1
AFTER_LOCK2 * for 2 SENT from 18 to 1 at 1316051257.909783 standard 1
VSS_READY 309 for 2 SENT from 18 to 1 at 1316051257.909783 standard 1
PRE_VSS_READY * for 2 SENT from 18 to 2 at 1316051257.930021 standard 1
BEFORE_LOCK * for 2 SENT from 18 to 2 at 1316051257.930045 standard 1
AFTER_LOCK * for 2 SENT from 18 to 2 at 1316051257.930047 standard 1
AFTER_AFTER_LOCK * for 2 SENT from 18 to 2 at 1316051257.930074 standard 1
AFTER_LOCK2 * for 2 SENT from 18 to 2 at 1316051257.930074 standard 1
VSS_READY 310 for 2 SENT from 18 to 2 at 1316051257.930075 standard 1
PRE_VSS_READY * for 2 SENT from 18 to 3 at 1316051257.943784 standard 1
BEFORE_LOCK * for 2 SENT from 18 to 3 at 1316051257.943827 standard 1
AFTER_LOCK * for 2 SENT from 18 to 3 at 1316051257.943829 standard 1
AFTER_AFTER_LOCK * for 2 SENT from 18 to 3 at 1316051257.943829 standard 1
AFTER_LOCK2 * for 2 SENT from 18 to 3 at 1316051257.943830 standard 1
VSS_READY 311 for 2 SENT from 18 to 3 at 1316051257.943830 standard 1
PRE_VSS_READY * for 2 SENT from 18 to 4 at 1316051257.962312 standard 1
BEFORE_LOCK * for 2 SENT from 18 to 4 at 1316051257.962355 standard 1
AFTER_LOCK * for 2 SENT from 18 to 4 at 1316051257.962357 standard 1
AFTER_AFTER_LOCK * for 2 SENT from 18 to 4 at 1316051257.962487 standard 1
AFTER_LOCK2 * for 2 SENT from 18 to 4 at 1316051257.962488 standard 1
VSS_READY 312 for 2 SENT from 18 to 4 at 1316051257.962488 standard 1
PRE_VSS_READY * for 2 SENT from 18 to 5 at 1316051257.981451 standard 1
BEFORE_LOCK * for 2 SENT from 18 to 5 at 1316051257.981494 standard 1
AFTER_LOCK * for 2 SENT from 18 to 5 at 1316051257.981495 standard 1
AFTER_AFTER_LOCK * for 2 SENT from 18 to 5 at 1316051257.981496 standard 1
AFTER_LOCK2 * for 2 SENT from 18 to 5 at 1316051257.981496 standard 1
VSS_READY 313 for 2 SENT from 18 to 5 at 1316051257.981497 standard 1
PRE_VSS_READY * for 2 SENT from 18 to 6 at 1316051258.004195 standard 1
BEFORE_LOCK * for 2 SENT from 18 to 6 at 1316051258.004235 standard 1
AFTER_LOCK * for 2 SENT from 18 to 6 at 1316051258.004237 standard 1
AFTER_AFTER_LOCK * for 2 SENT from 18 to 6 at 1316051258.004472 standard 1
AFTER_LOCK2 * for 2 SENT from 18 to 6 at 1316051258.004472 standard 1
VSS_READY 314 for 2 SENT from 18 to 6 at 1316051258.004473 standard 1
PRE_VSS_READY * for 2 SENT from 18 to 7 at 1316051258.028847 standard 1
BEFORE_LOCK * for 2 SENT from 18 to 7 at 1316051258.028888 standard 1
AFTER_LOCK * for 2 SENT from 18 to 7 at 1316051258.028890 standard 1
AFTER_AFTER_LOCK * for 2 SENT from 18 to 7 at 1316051258.029022 standard 1
AFTER_LOCK2 * for 2 SENT from 18 to 7 at 1316051258.029022 standard 1
VSS_READY 315 for 2 SENT from 18 to 7 at 1316051258.029023 standard 1
PRE_VSS_READY * for 2 SENT from 18 to 8 at 1316051258.041529 standard 1
BEFORE_LOCK * for 2 SENT from 18 to 8 at 1316051258.041571 standard 1
AFTER_LOCK * for 2 SENT from 18 to 8 at 1316051258.041573 standard 1
AFTER_AFTER_LOCK * for 2 SENT from 18 to 8 at 1316051258.041573 standard 1
AFTER_LOCK2 * for 2 SENT from 18 to 8 at 1316051258.041574 standard 1
VSS_READY 316 for 2 SENT from 18 to 8 at 1316051258.041574 standard 1
PRE_VSS_READY * for 2 SENT from 18 to 9 at 1316051258.063715 standard 1
BEFORE_LOCK * for 2 SENT from 18 to 9 at 1316051258.063761 standard 1
AFTER_LOCK * for 2 SENT from 18 to 9 at 1316051258.063763 standard 1
AFTER_AFTER_LOCK * for 2 SENT from 18 to 9 at 1316051258.063808 standard 1
AFTER_LOCK2 * for 2 SENT from 18 to 9 at 1316051258.063808 standard 1
VSS_READY 317 for 2 SENT from 18 to 9 at 1316051258.063809 standard 1
PRE_VSS_READY * for 2 SENT from 18 to 10 at 1316051258.081080 standard 1
BEFORE_LOCK * for 2 SENT from 18 to 10 at 1316051258.081098 standard 1
AFTER_LOCK * for 2 SENT from 18 to 10 at 1316051258.081099 standard 1
AFTER_AFTER_LOCK * for 2 SENT from 18 to 10 at 1316051258.081255 standard 1
AFTER_LOCK2 * for 2 SENT from 18 to 10 at 1316051258.081255 standard 1
VSS_READY 318 for 2 SENT from 18 to 10 at 1316051258.081256 standard 1
PRE_VSS_READY * for 2 SENT from 18 to 11 at 1316051258.099421 standard 1
BEFORE_LOCK * for 2 SENT from 18 to 11 at 1316051258.099494 standard 1
AFTER_LOCK * for 2 SENT from 18 to 11 at 1316051258.099496 standard 1
AFTER_AFTER_LOCK * for 2 SENT from 18 to 11 at 1316051258.099529 standard 1
AFTER_LOCK2 * for 2 SENT from 18 to 11 at 1316051258.099529 standard 1
VSS_READY 319 for 2 SENT from 18 to 11 at 1316051258.099530 standard 1
PRE_VSS_READY * for 2 SENT from 18 to 12 at 1316051258.121746 standard 1
BEFORE_LOCK * for 2 SENT from 18 to 12 at 1316051258.121803 standard 1
AFTER_LOCK * for 2 SENT from 18 to 12 at 1316051258.121805 standard 1
AFTER_AFTER_LOCK * for 2 SENT from 18 to 12 at 1316051258.121930 standard 1
AFTER_LOCK2 * for 2 SENT from 18 to 12 at 1316051258.121930 standard 1
VSS_READY 320 for 2 SENT from 18 to 12 at 1316051258.121931 standard 1
PRE_VSS_READY * for 2 SENT from 18 to 13 at 1316051258.133885 standard 1
BEFORE_LOCK * for 2 SENT from 18 to 13 at 1316051258.133923 standard 1
AFTER_LOCK * for 2 SENT from 18 to 13 at 1316051258.133925 standard 1
AFTER_AFTER_LOCK * for 2 SENT from 18 to 13 at 1316051258.133925 standard 1
AFTER_LOCK2 * for 2 SENT from 18 to 13 at 1316051258.133926 standard 1
VSS_READY 321 for 2 SENT from 18 to 13 at 1316051258.133926 standard 1
PRE_VSS_READY * for 2 SENT from 18 to 14 at 1316051258.158233 standard 1
BEFORE_LOCK * for 2 SENT from 18 to 14 at 1316051258.158281 standard 1
AFTER_LOCK * for 2 SENT from 18 to 14 at 1316051258.158283 standard 1
AFTER_AFTER_LOCK * for 2 SENT from 18 to 14 at 1316051258.158444 standard 1
AFTER_LOCK2 * for 2 SENT from 18 to 14 at 1316051258.158444 standard 1
VSS_READY 322 for 2 SENT from 18 to 14 at 1316051258.158445 standard 1
PRE_VSS_READY * for 2 SENT from 18 to 15 at 1316051258.177546 standard 1
BEFORE_LOCK * for 2 SENT from 18 to 15 at 1316051258.177578 standard 1
AFTER_LOCK * for 2 SENT from 18 to 15 at 1316051258.177580 standard 1
AFTER_AFTER_LOCK * for 2 SENT from 18 to 15 at 1316051258.177717 standard 1
AFTER_LOCK2 * for 2 SENT from 18 to 15 at 1316051258.177717 standard 1
VSS_READY 323 for 2 SENT from 18 to 15 at 1316051258.177718 standard 1
PRE_VSS_READY * for 2 SENT from 18 to 16 at 1316051258.197348 standard 1
BEFORE_LOCK * for 2 SENT from 18 to 16 at 1316051258.197387 standard 1
AFTER_LOCK * for 2 SENT from 18 to 16 at 1316051258.197389 standard 1
AFTER_AFTER_LOCK * for 2 SENT from 18 to 16 at 1316051258.197507 standard 1
AFTER_LOCK2 * for 2 SENT from 18 to 16 at 1316051258.197507 standard 1
VSS_READY 324 for 2 SENT from 18 to 16 at 1316051258.197508 standard 1
PRE_VSS_READY * for 2 SENT from 18 to 17 at 1316051258.206507 standard 1
BEFORE_LOCK * for 2 SENT from 18 to 17 at 1316051258.206532 standard 1
AFTER_LOCK * for 2 SENT from 18 to 17 at 1316051258.206533 standard 1
AFTER_AFTER_LOCK * for 2 SENT from 18 to 17 at 1316051258.206642 standard 1
AFTER_LOCK2 * for 2 SENT from 18 to 17 at 1316051258.206642 standard 1
VSS_READY 325 for 2 SENT from 18 to 17 at 1316051258.206643 standard 1
PRE_VSS_READY * for 2 SENT from 18 to 18 at 1316051258.238846 standard 1
BEFORE_LOCK * for 2 SENT from 18 to 18 at 1316051258.238873 standard 1
AFTER_LOCK * for 2 SENT from 18 to 18 at 1316051258.238874 standard 1
AFTER_AFTER_LOCK * for 2 SENT from 18 to 18 at 1316051258.238988 standard 1
AFTER_LOCK2 * for 2 SENT from 18 to 18 at 1316051258.238989 standard 1
VSS_READY 326 for 2 SENT from 18 to 18 at 1316051258.238989 standard 1
PRE_VSS_READY * for 2 SENT from 18 to 19 at 1316051258.266768 standard 1
BEFORE_LOCK * for 2 SENT from 18 to 19 at 1316051258.266817 standard 1
AFTER_LOCK * for 2 SENT from 18 to 19 at 1316051258.266818 standard 1
AFTER_AFTER_LOCK * for 2 SENT from 18 to 19 at 1316051258.266982 standard 1
AFTER_LOCK2 * for 2 SENT from 18 to 19 at 1316051258.266983 standard 1
VSS_READY 327 for 2 SENT from 18 to 19 at 1316051258.266983 standard 1
PRE_VSS_READY * for 2 SENT from 18 to 20 at 1316051258.284963 standard 1
BEFORE_LOCK * for 2 SENT from 18 to 20 at 1316051258.284998 standard 1
AFTER_LOCK * for 2 SENT from 18 to 20 at 1316051258.285000 standard 1
AFTER_AFTER_LOCK * for 2 SENT from 18 to 20 at 1316051258.285029 standard 1
AFTER_LOCK2 * for 2 SENT from 18 to 20 at 1316051258.285030 standard 1
VSS_READY 328 for 2 SENT from 18 to 20 at 1316051258.285030 standard 1
VSS_READY 326 for 2 RECEIVED from 18 to 18 at 1316051258.285164
VSS_READY 406 for 2 RECEIVED from 19 to 18 at 1316051258.431232
VSS_READY 409 for 2 RECEIVED from 15 to 18 at 1316051258.566235
VSS_SEND 20 for * RECEIVED from 2 to 18 at 1316051258.708913
VSSECHO_STAGE3 * for * SENT from * to * at 1316051258.878204
VSSECHO_STAGE4 * for * SENT from * to * at 1316051258.878354
BEFORE_LOCK * for 2 SENT from 18 to 1 at 1316051258.878366 standard 1
AFTER_LOCK * for 2 SENT from 18 to 1 at 1316051258.878368 standard 1
AFTER_AFTER_LOCK * for 2 SENT from 18 to 1 at 1316051258.878498 standard 1
AFTER_LOCK2 * for 2 SENT from 18 to 1 at 1316051258.878499 standard 1
VSS_ECHO 366 for 2 SENT from 18 to 1 at 1316051258.878536 standard 1
VSSECHO_STAGE3 * for * SENT from * to * at 1316051258.878560
VSSECHO_STAGE4 * for * SENT from * to * at 1316051258.878690
BEFORE_LOCK * for 2 SENT from 18 to 2 at 1316051258.878700 standard 1
AFTER_LOCK * for 2 SENT from 18 to 2 at 1316051258.878701 standard 1
AFTER_AFTER_LOCK * for 2 SENT from 18 to 2 at 1316051258.878720 standard 1
AFTER_LOCK2 * for 2 SENT from 18 to 2 at 1316051258.878721 standard 1
VSS_ECHO 367 for 2 SENT from 18 to 2 at 1316051258.878752 standard 1
VSSECHO_STAGE3 * for * SENT from * to * at 1316051258.878773
VSSECHO_STAGE4 * for * SENT from * to * at 1316051258.883247
BEFORE_LOCK * for 2 SENT from 18 to 3 at 1316051258.883275 standard 1
AFTER_LOCK * for 2 SENT from 18 to 3 at 1316051258.883277 standard 1
AFTER_AFTER_LOCK * for 2 SENT from 18 to 3 at 1316051258.883277 standard 1
AFTER_LOCK2 * for 2 SENT from 18 to 3 at 1316051258.883278 standard 1
VSS_ECHO 368 for 2 SENT from 18 to 3 at 1316051258.883309 standard 1
VSSECHO_STAGE3 * for * SENT from * to * at 1316051258.883334
VSSECHO_STAGE4 * for * SENT from * to * at 1316051258.883456
BEFORE_LOCK * for 2 SENT from 18 to 4 at 1316051258.883465 standard 1
AFTER_LOCK * for 2 SENT from 18 to 4 at 1316051258.883466 standard 1
AFTER_AFTER_LOCK * for 2 SENT from 18 to 4 at 1316051258.883580 standard 1
AFTER_LOCK2 * for 2 SENT from 18 to 4 at 1316051258.883580 standard 1
VSS_ECHO 369 for 2 SENT from 18 to 4 at 1316051258.883614 standard 1
VSSECHO_STAGE3 * for * SENT from * to * at 1316051258.883641
VSSECHO_STAGE4 * for * SENT from * to * at 1316051258.883760
BEFORE_LOCK * for 2 SENT from 18 to 5 at 1316051258.883769 standard 1
AFTER_LOCK * for 2 SENT from 18 to 5 at 1316051258.883770 standard 1
AFTER_AFTER_LOCK * for 2 SENT from 18 to 5 at 1316051258.883770 standard 1
AFTER_LOCK2 * for 2 SENT from 18 to 5 at 1316051258.883771 standard 1
VSS_ECHO 370 for 2 SENT from 18 to 5 at 1316051258.883842 standard 1
VSSECHO_STAGE3 * for * SENT from * to * at 1316051258.883863
VSSECHO_STAGE4 * for * SENT from * to * at 1316051258.883980
BEFORE_LOCK * for 2 SENT from 18 to 6 at 1316051258.883989 standard 1
AFTER_LOCK * for 2 SENT from 18 to 6 at 1316051258.883990 standard 1
AFTER_AFTER_LOCK * for 2 SENT from 18 to 6 at 1316051258.884091 standard 1
AFTER_LOCK2 * for 2 SENT from 18 to 6 at 1316051258.884092 standard 1
VSS_ECHO 371 for 2 SENT from 18 to 6 at 1316051258.884127 standard 1
VSSECHO_STAGE3 * for * SENT from * to * at 1316051258.884148
VSSECHO_STAGE4 * for * SENT from * to * at 1316051258.884276
BEFORE_LOCK * for 2 SENT from 18 to 7 at 1316051258.884285 standard 1
AFTER_LOCK * for 2 SENT from 18 to 7 at 1316051258.884286 standard 1
AFTER_AFTER_LOCK * for 2 SENT from 18 to 7 at 1316051258.884302 standard 1
AFTER_LOCK2 * for 2 SENT from 18 to 7 at 1316051258.884303 standard 1
VSS_ECHO 372 for 2 SENT from 18 to 7 at 1316051258.884335 standard 1
VSSECHO_STAGE3 * for * SENT from * to * at 1316051258.884356
VSSECHO_STAGE4 * for * SENT from * to * at 1316051258.884478
BEFORE_LOCK * for 2 SENT from 18 to 8 at 1316051258.884487 standard 1
AFTER_LOCK * for 2 SENT from 18 to 8 at 1316051258.884488 standard 1
AFTER_AFTER_LOCK * for 2 SENT from 18 to 8 at 1316051258.884488 standard 1
AFTER_LOCK2 * for 2 SENT from 18 to 8 at 1316051258.884489 standard 1
VSS_ECHO 373 for 2 SENT from 18 to 8 at 1316051258.884551 standard 1
VSSECHO_STAGE3 * for * SENT from * to * at 1316051258.884571
VSSECHO_STAGE4 * for * SENT from * to * at 1316051258.884688
BEFORE_LOCK * for 2 SENT from 18 to 9 at 1316051258.884697 standard 1
AFTER_LOCK * for 2 SENT from 18 to 9 at 1316051258.884698 standard 1
AFTER_AFTER_LOCK * for 2 SENT from 18 to 9 at 1316051258.884803 standard 1
AFTER_LOCK2 * for 2 SENT from 18 to 9 at 1316051258.884804 standard 1
VSS_ECHO 374 for 2 SENT from 18 to 9 at 1316051258.884837 standard 1
VSSECHO_STAGE3 * for * SENT from * to * at 1316051258.884859
VSSECHO_STAGE4 * for * SENT from * to * at 1316051258.884983
BEFORE_LOCK * for 2 SENT from 18 to 10 at 1316051258.884992 standard 1
AFTER_LOCK * for 2 SENT from 18 to 10 at 1316051258.884993 standard 1
AFTER_AFTER_LOCK * for 2 SENT from 18 to 10 at 1316051258.885010 standard 1
AFTER_LOCK2 * for 2 SENT from 18 to 10 at 1316051258.885011 standard 1
VSS_ECHO 375 for 2 SENT from 18 to 10 at 1316051258.885041 standard 1
VSSECHO_STAGE3 * for * SENT from * to * at 1316051258.885062
VSSECHO_STAGE4 * for * SENT from * to * at 1316051258.885180
BEFORE_LOCK * for 2 SENT from 18 to 11 at 1316051258.885189 standard 1
AFTER_LOCK * for 2 SENT from 18 to 11 at 1316051258.885190 standard 1
AFTER_AFTER_LOCK * for 2 SENT from 18 to 11 at 1316051258.885204 standard 1
AFTER_LOCK2 * for 2 SENT from 18 to 11 at 1316051258.885205 standard 1
VSS_ECHO 376 for 2 SENT from 18 to 11 at 1316051258.885237 standard 1
VSSECHO_STAGE3 * for * SENT from * to * at 1316051258.885258
VSSECHO_STAGE4 * for * SENT from * to * at 1316051258.885380
BEFORE_LOCK * for 2 SENT from 18 to 12 at 1316051258.885389 standard 1
AFTER_LOCK * for 2 SENT from 18 to 12 at 1316051258.885390 standard 1
AFTER_AFTER_LOCK * for 2 SENT from 18 to 12 at 1316051258.885490 standard 1
AFTER_LOCK2 * for 2 SENT from 18 to 12 at 1316051258.885491 standard 1
VSS_ECHO 377 for 2 SENT from 18 to 12 at 1316051258.885524 standard 1
VSSECHO_STAGE3 * for * SENT from * to * at 1316051258.885546
VSSECHO_STAGE4 * for * SENT from * to * at 1316051258.885666
BEFORE_LOCK * for 2 SENT from 18 to 13 at 1316051258.885676 standard 1
AFTER_LOCK * for 2 SENT from 18 to 13 at 1316051258.885677 standard 1
AFTER_AFTER_LOCK * for 2 SENT from 18 to 13 at 1316051258.885677 standard 1
AFTER_LOCK2 * for 2 SENT from 18 to 13 at 1316051258.885678 standard 1
VSS_ECHO 378 for 2 SENT from 18 to 13 at 1316051258.885708 standard 1
VSSECHO_STAGE3 * for * SENT from * to * at 1316051258.885728
VSSECHO_STAGE4 * for * SENT from * to * at 1316051258.895080
BEFORE_LOCK * for 2 SENT from 18 to 14 at 1316051258.895119 standard 1
AFTER_LOCK * for 2 SENT from 18 to 14 at 1316051258.895121 standard 1
AFTER_AFTER_LOCK * for 2 SENT from 18 to 14 at 1316051258.895154 standard 1
AFTER_LOCK2 * for 2 SENT from 18 to 14 at 1316051258.895154 standard 1
VSS_ECHO 379 for 2 SENT from 18 to 14 at 1316051258.895187 standard 1
VSSECHO_STAGE3 * for * SENT from * to * at 1316051258.895224
VSSECHO_STAGE4 * for * SENT from * to * at 1316051258.895355
BEFORE_LOCK * for 2 SENT from 18 to 15 at 1316051258.895363 standard 1
AFTER_LOCK * for 2 SENT from 18 to 15 at 1316051258.895364 standard 1
AFTER_AFTER_LOCK * for 2 SENT from 18 to 15 at 1316051258.895469 standard 1
AFTER_LOCK2 * for 2 SENT from 18 to 15 at 1316051258.895469 standard 1
VSS_ECHO 380 for 2 SENT from 18 to 15 at 1316051258.895500 standard 1
VSSECHO_STAGE3 * for * SENT from * to * at 1316051258.895521
VSSECHO_STAGE4 * for * SENT from * to * at 1316051258.895642
BEFORE_LOCK * for 2 SENT from 18 to 16 at 1316051258.895651 standard 1
AFTER_LOCK * for 2 SENT from 18 to 16 at 1316051258.895652 standard 1
AFTER_AFTER_LOCK * for 2 SENT from 18 to 16 at 1316051258.895664 standard 1
AFTER_LOCK2 * for 2 SENT from 18 to 16 at 1316051258.895665 standard 1
VSS_ECHO 381 for 2 SENT from 18 to 16 at 1316051258.895695 standard 1
VSSECHO_STAGE3 * for * SENT from * to * at 1316051258.895716
VSSECHO_STAGE4 * for * SENT from * to * at 1316051258.898112
BEFORE_LOCK * for 2 SENT from 18 to 17 at 1316051258.899143 standard 1
AFTER_LOCK * for 2 SENT from 18 to 17 at 1316051258.899145 standard 1
AFTER_AFTER_LOCK * for 2 SENT from 18 to 17 at 1316051258.899175 standard 1
AFTER_LOCK2 * for 2 SENT from 18 to 17 at 1316051258.899176 standard 1
VSS_ECHO 382 for 2 SENT from 18 to 17 at 1316051258.899210 standard 1
VSSECHO_STAGE3 * for * SENT from * to * at 1316051258.899248
VSSECHO_STAGE4 * for * SENT from * to * at 1316051258.899381
BEFORE_LOCK * for 2 SENT from 18 to 18 at 1316051258.899389 standard 1
AFTER_LOCK * for 2 SENT from 18 to 18 at 1316051258.899390 standard 1
AFTER_AFTER_LOCK * for 2 SENT from 18 to 18 at 1316051258.899429 standard 1
AFTER_LOCK2 * for 2 SENT from 18 to 18 at 1316051258.899430 standard 1
VSS_ECHO 383 for 2 SENT from 18 to 18 at 1316051258.902260 standard 1
VSSECHO_STAGE3 * for * SENT from * to * at 1316051258.902303
VSSECHO_STAGE4 * for * SENT from * to * at 1316051258.902445
BEFORE_LOCK * for 2 SENT from 18 to 19 at 1316051258.902456 standard 1
AFTER_LOCK * for 2 SENT from 18 to 19 at 1316051258.902457 standard 1
AFTER_AFTER_LOCK * for 2 SENT from 18 to 19 at 1316051258.902588 standard 1
AFTER_LOCK2 * for 2 SENT from 18 to 19 at 1316051258.902588 standard 1
VSS_ECHO 384 for 2 SENT from 18 to 19 at 1316051258.902627 standard 1
VSSECHO_STAGE3 * for * SENT from * to * at 1316051258.902650
VSSECHO_STAGE4 * for * SENT from * to * at 1316051258.902897
BEFORE_LOCK * for 2 SENT from 18 to 20 at 1316051258.902911 standard 1
AFTER_LOCK * for 2 SENT from 18 to 20 at 1316051258.902912 standard 1
AFTER_AFTER_LOCK * for 2 SENT from 18 to 20 at 1316051258.903033 standard 1
AFTER_LOCK2 * for 2 SENT from 18 to 20 at 1316051258.903034 standard 1
VSS_ECHO 385 for 2 SENT from 18 to 20 at 1316051258.903066 standard 1
VSS_READY 601 for 2 RECEIVED from 1 to 18 at 1316051258.903659
VSS_READY 442 for 2 RECEIVED from 12 to 18 at 1316051259.031497
VSS_READY 416 for 2 RECEIVED from 9 to 18 at 1316051259.174923
VSS_READY 439 for 2 RECEIVED from 17 to 18 at 1316051259.365289
VSS_READY 444 for 2 RECEIVED from 10 to 18 at 1316051259.522970
VSS_READY 453 for 2 RECEIVED from 14 to 18 at 1316051259.681292
VSS_READY 438 for 2 RECEIVED from 4 to 18 at 1316051259.815005
VSS_READY 417 for 2 RECEIVED from 7 to 18 at 1316051259.931697
VSS_READY 396 for 2 RECEIVED from 11 to 18 at 1316051260.058682



*============================================
*2ENOUGH VSS_READY message for 18 at 1316051260.058682
*Threshold : Ready = 12
*Received Ready Message Num = 12
*VSS Share is complete for dealer 2
============================================

BEFORE_LOCK * for 2 SENT from 18 to 1 at 1316051260.216961 standard 1
AFTER_LOCK * for 2 SENT from 18 to 1 at 1316051260.216963 standard 1
AFTER_AFTER_LOCK * for 2 SENT from 18 to 1 at 1316051260.221749 standard 1
AFTER_LOCK2 * for 2 SENT from 18 to 1 at 1316051260.221750 standard 1
VSS_SHARED 469 for 2 SENT from 18 to 1 at 1316051260.221809 standard 1
VSS_READY 460 for 2 RECEIVED from 16 to 18 at 1316051260.221905
VSS_ECHO 383 for 2 RECEIVED from 18 to 18 at 1316051260.381748
VSS_READY 44 for 1 RECEIVED from 20 to 18 at 1316051260.489841



*============================================
*2ENOUGH VSS_READY message for 18 at 1316051260.489841
*Threshold : Ready = 12
*Received Ready Message Num = 12
*VSS Share is complete for dealer 1
============================================

BEFORE_LOCK * for 1 SENT from 18 to 1 at 1316051260.657050 standard 1
AFTER_LOCK * for 1 SENT from 18 to 1 at 1316051260.657052 standard 1
AFTER_AFTER_LOCK * for 1 SENT from 18 to 1 at 1316051260.657173 standard 1
AFTER_LOCK2 * for 1 SENT from 18 to 1 at 1316051260.657174 standard 1
VSS_SHARED 501 for 1 SENT from 18 to 1 at 1316051260.657207 standard 1
DKG_ECHO 569 for 1 RECEIVED from 19 to 18 at 1316051260.657280
DKG_ECHO 517 for 1 RECEIVED from 15 to 18 at 1316051260.689804
DKG_SEND 844 for * RECEIVED from 1 to 18 at 1316051260.720888
DKG_ECHO 560 for 1 SENT from 18 to 1 at 1316051261.956235 standard 1
DKG_ECHO 561 for 1 SENT from 18 to 2 at 1316051261.978035 standard 1
DKG_ECHO 562 for 1 SENT from 18 to 3 at 1316051261.997777 standard 1
DKG_ECHO 563 for 1 SENT from 18 to 4 at 1316051262.023444 standard 1
DKG_ECHO 564 for 1 SENT from 18 to 5 at 1316051262.047656 standard 1
DKG_ECHO 565 for 1 SENT from 18 to 6 at 1316051262.069583 standard 1
DKG_ECHO 566 for 1 SENT from 18 to 7 at 1316051262.102334 standard 1
DKG_ECHO 567 for 1 SENT from 18 to 8 at 1316051262.120582 standard 1
DKG_ECHO 568 for 1 SENT from 18 to 9 at 1316051262.140868 standard 1
DKG_ECHO 569 for 1 SENT from 18 to 10 at 1316051262.161362 standard 1
DKG_ECHO 570 for 1 SENT from 18 to 11 at 1316051262.171640 standard 1
DKG_ECHO 571 for 1 SENT from 18 to 12 at 1316051262.181527 standard 1
DKG_ECHO 572 for 1 SENT from 18 to 13 at 1316051262.214171 standard 1
DKG_ECHO 573 for 1 SENT from 18 to 14 at 1316051262.230494 standard 1
DKG_ECHO 574 for 1 SENT from 18 to 15 at 1316051262.252462 standard 1
DKG_ECHO 575 for 1 SENT from 18 to 16 at 1316051262.376811 standard 1
DKG_ECHO 576 for 1 SENT from 18 to 17 at 1316051262.390414 standard 1
DKG_ECHO 577 for 1 SENT from 18 to 18 at 1316051262.404204 standard 1
DKG_ECHO 578 for 1 SENT from 18 to 19 at 1316051262.422124 standard 1
DKG_ECHO 579 for 1 SENT from 18 to 20 at 1316051262.437391 standard 1
DKG_ECHO 553 for 1 RECEIVED from 12 to 18 at 1316051262.437462
DKG_ECHO 602 for 1 RECEIVED from 9 to 18 at 1316051262.458609
DKG_ECHO 582 for 1 RECEIVED from 17 to 18 at 1316051262.483646
DKG_ECHO 602 for 1 RECEIVED from 10 to 18 at 1316051262.501672
DKG_ECHO 603 for 1 RECEIVED from 14 to 18 at 1316051262.521979
VSS_ECHO 979 for 4 RECEIVED from 2 to 18 at 1316051262.540323
VSS_READY 421 for 2 RECEIVED from 3 to 18 at 1316051262.619700
DKG_ECHO 601 for 1 RECEIVED from 4 to 18 at 1316051262.757284
VSS_ECHO 1013 for 2 RECEIVED from 5 to 18 at 1316051262.855886
DKG_ECHO 603 for 1 RECEIVED from 7 to 18 at 1316051262.916234
DKG_ECHO 574 for 1 RECEIVED from 11 to 18 at 1316051262.941609
VSS_ECHO 755 for 3 RECEIVED from 13 to 18 at 1316051262.966547
DKG_ECHO 580 for 1 RECEIVED from 16 to 18 at 1316051263.040631
DKG_ECHO 577 for 1 RECEIVED from 18 to 18 at 1316051263.063131



============================================
*ENOUGH DKG_ECHO message for 18 at 1316051263.063131
*Threshold : Echo = 12
*Received Echo Message Num = 12
*DKG_Readys are sent out...
============================================

DKG_READY 701 for 1 SENT from 18 to 1 at 1316051263.108023 standard 1
DKG_READY 702 for 1 SENT from 18 to 2 at 1316051263.126256 standard 1
DKG_READY 703 for 1 SENT from 18 to 3 at 1316051263.142456 standard 1
DKG_READY 704 for 1 SENT from 18 to 4 at 1316051263.160103 standard 1
DKG_READY 705 for 1 SENT from 18 to 5 at 1316051263.175586 standard 1
DKG_READY 706 for 1 SENT from 18 to 6 at 1316051263.199664 standard 1
DKG_READY 707 for 1 SENT from 18 to 7 at 1316051263.215267 standard 1
DKG_READY 708 for 1 SENT from 18 to 8 at 1316051263.225686 standard 1
DKG_READY 709 for 1 SENT from 18 to 9 at 1316051263.246054 standard 1
DKG_READY 710 for 1 SENT from 18 to 10 at 1316051263.260758 standard 1
DKG_READY 711 for 1 SENT from 18 to 11 at 1316051263.283156 standard 1
DKG_READY 712 for 1 SENT from 18 to 12 at 1316051263.302619 standard 1
DKG_READY 713 for 1 SENT from 18 to 13 at 1316051263.315209 standard 1
DKG_READY 714 for 1 SENT from 18 to 14 at 1316051263.340408 standard 1
DKG_READY 715 for 1 SENT from 18 to 15 at 1316051263.358089 standard 1
DKG_READY 716 for 1 SENT from 18 to 16 at 1316051263.369539 standard 1
DKG_READY 717 for 1 SENT from 18 to 17 at 1316051263.386876 standard 1
DKG_READY 718 for 1 SENT from 18 to 18 at 1316051263.411022 standard 1
DKG_READY 719 for 1 SENT from 18 to 19 at 1316051263.423464 standard 1
DKG_READY 720 for 1 SENT from 18 to 20 at 1316051263.442783 standard 1
VSS_READY 117 for 4 RECEIVED from 20 to 18 at 1316051263.442877
DKG_READY 752 for 1 RECEIVED from 19 to 18 at 1316051263.569130
DKG_READY 754 for 1 RECEIVED from 15 to 18 at 1316051263.592867
VSS_READY 68 for 1 RECEIVED from 6 to 18 at 1316051263.607588
VSS_READY 44 for 1 RECEIVED from 13 to 18 at 1316051263.734263
VSS_SEND 20 for * RECEIVED from 5 to 18 at 1316051263.832418
VSSECHO_STAGE3 * for * SENT from * to * at 1316051263.963031
VSSECHO_STAGE4 * for * SENT from * to * at 1316051263.963204
BEFORE_LOCK * for 5 SENT from 18 to 1 at 1316051263.963216 standard 1
AFTER_LOCK * for 5 SENT from 18 to 1 at 1316051263.963218 standard 1
AFTER_AFTER_LOCK * for 5 SENT from 18 to 1 at 1316051263.963354 standard 1
AFTER_LOCK2 * for 5 SENT from 18 to 1 at 1316051263.963355 standard 1
VSS_ECHO 782 for 5 SENT from 18 to 1 at 1316051263.963387 standard 1
VSSECHO_STAGE3 * for * SENT from * to * at 1316051263.963409
VSSECHO_STAGE4 * for * SENT from * to * at 1316051263.966324
BEFORE_LOCK * for 5 SENT from 18 to 2 at 1316051263.966354 standard 1
AFTER_LOCK * for 5 SENT from 18 to 2 at 1316051263.966356 standard 1
AFTER_AFTER_LOCK * for 5 SENT from 18 to 2 at 1316051263.966380 standard 1
AFTER_LOCK2 * for 5 SENT from 18 to 2 at 1316051263.966381 standard 1
VSS_ECHO 783 for 5 SENT from 18 to 2 at 1316051263.966414 standard 1
VSSECHO_STAGE3 * for * SENT from * to * at 1316051263.966502
VSSECHO_STAGE4 * for * SENT from * to * at 1316051263.966633
BEFORE_LOCK * for 5 SENT from 18 to 3 at 1316051263.966642 standard 1
AFTER_LOCK * for 5 SENT from 18 to 3 at 1316051263.966643 standard 1
AFTER_AFTER_LOCK * for 5 SENT from 18 to 3 at 1316051263.966656 standard 1
AFTER_LOCK2 * for 5 SENT from 18 to 3 at 1316051263.966656 standard 1
VSS_ECHO 784 for 5 SENT from 18 to 3 at 1316051263.966688 standard 1
VSSECHO_STAGE3 * for * SENT from * to * at 1316051263.966709
VSSECHO_STAGE4 * for * SENT from * to * at 1316051263.966835
BEFORE_LOCK * for 5 SENT from 18 to 4 at 1316051263.966844 standard 1
AFTER_LOCK * for 5 SENT from 18 to 4 at 1316051263.966845 standard 1
AFTER_AFTER_LOCK * for 5 SENT from 18 to 4 at 1316051263.966944 standard 1
AFTER_LOCK2 * for 5 SENT from 18 to 4 at 1316051263.966944 standard 1
VSS_ECHO 785 for 5 SENT from 18 to 4 at 1316051263.966977 standard 1
VSSECHO_STAGE3 * for * SENT from * to * at 1316051263.966998
VSSECHO_STAGE4 * for * SENT from * to * at 1316051263.967125
BEFORE_LOCK * for 5 SENT from 18 to 5 at 1316051263.967135 standard 1
AFTER_LOCK * for 5 SENT from 18 to 5 at 1316051263.967136 standard 1
AFTER_AFTER_LOCK * for 5 SENT from 18 to 5 at 1316051263.967164 standard 1
AFTER_LOCK2 * for 5 SENT from 18 to 5 at 1316051263.967164 standard 1
VSS_ECHO 786 for 5 SENT from 18 to 5 at 1316051263.967196 standard 1
VSSECHO_STAGE3 * for * SENT from * to * at 1316051263.967217
VSSECHO_STAGE4 * for * SENT from * to * at 1316051263.967333
BEFORE_LOCK * for 5 SENT from 18 to 6 at 1316051263.967342 standard 1
AFTER_LOCK * for 5 SENT from 18 to 6 at 1316051263.967343 standard 1
AFTER_AFTER_LOCK * for 5 SENT from 18 to 6 at 1316051263.967453 standard 1
AFTER_LOCK2 * for 5 SENT from 18 to 6 at 1316051263.967454 standard 1
VSS_ECHO 787 for 5 SENT from 18 to 6 at 1316051263.967486 standard 1
VSSECHO_STAGE3 * for * SENT from * to * at 1316051263.967507
VSSECHO_STAGE4 * for * SENT from * to * at 1316051263.967622
BEFORE_LOCK * for 5 SENT from 18 to 7 at 1316051263.967631 standard 1
AFTER_LOCK * for 5 SENT from 18 to 7 at 1316051263.967632 standard 1
AFTER_AFTER_LOCK * for 5 SENT from 18 to 7 at 1316051263.967658 standard 1
AFTER_LOCK2 * for 5 SENT from 18 to 7 at 1316051263.967659 standard 1
VSS_ECHO 788 for 5 SENT from 18 to 7 at 1316051263.967690 standard 1
VSSECHO_STAGE3 * for * SENT from * to * at 1316051263.967711
VSSECHO_STAGE4 * for * SENT from * to * at 1316051263.974037
BEFORE_LOCK * for 5 SENT from 18 to 8 at 1316051263.974052 standard 1
AFTER_LOCK * for 5 SENT from 18 to 8 at 1316051263.974053 standard 1
AFTER_AFTER_LOCK * for 5 SENT from 18 to 8 at 1316051263.974053 standard 1
AFTER_LOCK2 * for 5 SENT from 18 to 8 at 1316051263.974054 standard 1
VSS_ECHO 789 for 5 SENT from 18 to 8 at 1316051263.974085 standard 1
VSSECHO_STAGE3 * for * SENT from * to * at 1316051263.974118
VSSECHO_STAGE4 * for * SENT from * to * at 1316051263.974243
BEFORE_LOCK * for 5 SENT from 18 to 9 at 1316051263.974252 standard 1
AFTER_LOCK * for 5 SENT from 18 to 9 at 1316051263.974253 standard 1
AFTER_AFTER_LOCK * for 5 SENT from 18 to 9 at 1316051263.974280 standard 1
AFTER_LOCK2 * for 5 SENT from 18 to 9 at 1316051263.974281 standard 1
VSS_ECHO 790 for 5 SENT from 18 to 9 at 1316051263.996155 standard 1
VSSECHO_STAGE3 * for * SENT from * to * at 1316051263.996199
VSSECHO_STAGE4 * for * SENT from * to * at 1316051263.996340
BEFORE_LOCK * for 5 SENT from 18 to 10 at 1316051263.996352 standard 1
AFTER_LOCK * for 5 SENT from 18 to 10 at 1316051263.996354 standard 1
AFTER_AFTER_LOCK * for 5 SENT from 18 to 10 at 1316051263.996485 standard 1
AFTER_LOCK2 * for 5 SENT from 18 to 10 at 1316051263.996485 standard 1
VSS_ECHO 791 for 5 SENT from 18 to 10 at 1316051263.996525 standard 1
VSSECHO_STAGE3 * for * SENT from * to * at 1316051263.996547
VSSECHO_STAGE4 * for * SENT from * to * at 1316051263.996705
BEFORE_LOCK * for 5 SENT from 18 to 11 at 1316051263.996714 standard 1
AFTER_LOCK * for 5 SENT from 18 to 11 at 1316051263.996715 standard 1
AFTER_AFTER_LOCK * for 5 SENT from 18 to 11 at 1316051263.996732 standard 1
AFTER_LOCK2 * for 5 SENT from 18 to 11 at 1316051263.996733 standard 1
VSS_ECHO 792 for 5 SENT from 18 to 11 at 1316051263.996765 standard 1
VSSECHO_STAGE3 * for * SENT from * to * at 1316051263.996787
VSSECHO_STAGE4 * for * SENT from * to * at 1316051263.996919
BEFORE_LOCK * for 5 SENT from 18 to 12 at 1316051263.996929 standard 1
AFTER_LOCK * for 5 SENT from 18 to 12 at 1316051263.996930 standard 1
AFTER_AFTER_LOCK * for 5 SENT from 18 to 12 at 1316051263.997038 standard 1
AFTER_LOCK2 * for 5 SENT from 18 to 12 at 1316051263.997039 standard 1
VSS_ECHO 793 for 5 SENT from 18 to 12 at 1316051263.997074 standard 1
VSSECHO_STAGE3 * for * SENT from * to * at 1316051263.997096
VSSECHO_STAGE4 * for * SENT from * to * at 1316051263.997215
BEFORE_LOCK * for 5 SENT from 18 to 13 at 1316051263.997225 standard 1
AFTER_LOCK * for 5 SENT from 18 to 13 at 1316051263.997225 standard 1
AFTER_AFTER_LOCK * for 5 SENT from 18 to 13 at 1316051263.997242 standard 1
AFTER_LOCK2 * for 5 SENT from 18 to 13 at 1316051263.997243 standard 1
VSS_ECHO 794 for 5 SENT from 18 to 13 at 1316051263.997278 standard 1
VSSECHO_STAGE3 * for * SENT from * to * at 1316051263.997299
VSSECHO_STAGE4 * for * SENT from * to * at 1316051263.997414
BEFORE_LOCK * for 5 SENT from 18 to 14 at 1316051263.997424 standard 1
AFTER_LOCK * for 5 SENT from 18 to 14 at 1316051263.997425 standard 1
AFTER_AFTER_LOCK * for 5 SENT from 18 to 14 at 1316051263.997440 standard 1
AFTER_LOCK2 * for 5 SENT from 18 to 14 at 1316051263.997441 standard 1
VSS_ECHO 795 for 5 SENT from 18 to 14 at 1316051263.997473 standard 1
VSSECHO_STAGE3 * for * SENT from * to * at 1316051263.997494
VSSECHO_STAGE4 * for * SENT from * to * at 1316051263.997611
BEFORE_LOCK * for 5 SENT from 18 to 15 at 1316051263.997620 standard 1
AFTER_LOCK * for 5 SENT from 18 to 15 at 1316051263.997621 standard 1
AFTER_AFTER_LOCK * for 5 SENT from 18 to 15 at 1316051263.997722 standard 1
AFTER_LOCK2 * for 5 SENT from 18 to 15 at 1316051263.997723 standard 1
VSS_ECHO 796 for 5 SENT from 18 to 15 at 1316051263.997756 standard 1
VSSECHO_STAGE3 * for * SENT from * to * at 1316051263.997780
VSSECHO_STAGE4 * for * SENT from * to * at 1316051263.997907
BEFORE_LOCK * for 5 SENT from 18 to 16 at 1316051263.997916 standard 1
AFTER_LOCK * for 5 SENT from 18 to 16 at 1316051263.997917 standard 1
AFTER_AFTER_LOCK * for 5 SENT from 18 to 16 at 1316051263.997937 standard 1
AFTER_LOCK2 * for 5 SENT from 18 to 16 at 1316051263.997937 standard 1
VSS_ECHO 797 for 5 SENT from 18 to 16 at 1316051263.997971 standard 1
VSSECHO_STAGE3 * for * SENT from * to * at 1316051263.997992
VSSECHO_STAGE4 * for * SENT from * to * at 1316051263.998111
BEFORE_LOCK * for 5 SENT from 18 to 17 at 1316051263.998121 standard 1
AFTER_LOCK * for 5 SENT from 18 to 17 at 1316051263.998122 standard 1
AFTER_AFTER_LOCK * for 5 SENT from 18 to 17 at 1316051263.998220 standard 1
AFTER_LOCK2 * for 5 SENT from 18 to 17 at 1316051263.998221 standard 1
VSS_ECHO 798 for 5 SENT from 18 to 17 at 1316051263.998254 standard 1
VSSECHO_STAGE3 * for * SENT from * to * at 1316051263.998275
VSSECHO_STAGE4 * for * SENT from * to * at 1316051263.998415
BEFORE_LOCK * for 5 SENT from 18 to 18 at 1316051263.998425 standard 1
AFTER_LOCK * for 5 SENT from 18 to 18 at 1316051263.998426 standard 1
AFTER_AFTER_LOCK * for 5 SENT from 18 to 18 at 1316051263.998445 standard 1
AFTER_LOCK2 * for 5 SENT from 18 to 18 at 1316051263.998446 standard 1
VSS_ECHO 799 for 5 SENT from 18 to 18 at 1316051263.998477 standard 1
VSSECHO_STAGE3 * for * SENT from * to * at 1316051263.998498
VSSECHO_STAGE4 * for * SENT from * to * at 1316051263.998613
BEFORE_LOCK * for 5 SENT from 18 to 19 at 1316051263.998622 standard 1
AFTER_LOCK * for 5 SENT from 18 to 19 at 1316051263.998623 standard 1
AFTER_AFTER_LOCK * for 5 SENT from 18 to 19 at 1316051263.998637 standard 1
AFTER_LOCK2 * for 5 SENT from 18 to 19 at 1316051263.998638 standard 1
VSS_ECHO 800 for 5 SENT from 18 to 19 at 1316051263.998674 standard 1
VSSECHO_STAGE3 * for * SENT from * to * at 1316051263.998696
VSSECHO_STAGE4 * for * SENT from * to * at 1316051263.998882
BEFORE_LOCK * for 5 SENT from 18 to 20 at 1316051263.998892 standard 1
AFTER_LOCK * for 5 SENT from 18 to 20 at 1316051263.998893 standard 1
AFTER_AFTER_LOCK * for 5 SENT from 18 to 20 at 1316051263.998996 standard 1
AFTER_LOCK2 * for 5 SENT from 18 to 20 at 1316051263.998997 standard 1
VSS_ECHO 801 for 5 SENT from 18 to 20 at 1316051263.999028 standard 1
DKG_ECHO 917 for 1 RECEIVED from 1 to 18 at 1316051263.999076
DKG_READY 780 for 1 RECEIVED from 12 to 18 at 1316051264.008269
DKG_READY 787 for 1 RECEIVED from 9 to 18 at 1316051264.027163
DKG_READY 767 for 1 RECEIVED from 17 to 18 at 1316051264.044101
DKG_READY 762 for 1 RECEIVED from 10 to 18 at 1316051264.061075
DKG_READY 763 for 1 RECEIVED from 14 to 18 at 1316051264.079569
VSS_ECHO 484 for 4 RECEIVED from 3 to 18 at 1316051264.102527
DKG_READY 784 for 1 RECEIVED from 4 to 18 at 1316051264.169691
DKG_READY 763 for 1 RECEIVED from 7 to 18 at 1316051264.186871
DKG_READY 734 for 1 RECEIVED from 11 to 18 at 1316051264.208005
DKG_READY 788 for 1 RECEIVED from 16 to 18 at 1316051264.227225
DKG_READY 718 for 1 RECEIVED from 18 to 18 at 1316051264.246387



============================================
*2ENOUGH DKG_READY message for 18 at 1316051264.246387
*Threshold : Ready = 12
*Received Ready Message Num = 12
============================================

DKG_COMPLETE * for 1 RS from 18 to * at 1316051264.246387 :)
