-Run node 15 starting at 1316051240.484921 with version 5.2
-Function node 15 starting at 1316051250.485228
LEADER_CHANGE 1 for * SENT from 15 to 1 at 1316051250.488318 standard 1
VSS_SEND 17 for * RECEIVED from 1 to 15 at 1316051250.490667
VSSECHO_STAGE3 * for * SENT from * to * at 1316051250.516483
VSSECHO_STAGE4 * for * SENT from * to * at 1316051250.516592
BEFORE_LOCK * for 1 SENT from 15 to 1 at 1316051250.516600 standard 1
AFTER_LOCK * for 1 SENT from 15 to 1 at 1316051250.516602 standard 1
AFTER_AFTER_LOCK * for 1 SENT from 15 to 1 at 1316051250.516772 standard 1
AFTER_LOCK2 * for 1 SENT from 15 to 1 at 1316051250.516772 standard 1
VSS_ECHO 4 for 1 SENT from 15 to 1 at 1316051250.516800 standard 1
VSSECHO_STAGE3 * for * SENT from * to * at 1316051250.516818
VSSECHO_STAGE4 * for * SENT from * to * at 1316051250.516981
BEFORE_LOCK * for 1 SENT from 15 to 2 at 1316051250.516990 standard 1
AFTER_LOCK * for 1 SENT from 15 to 2 at 1316051250.516991 standard 1
AFTER_AFTER_LOCK * for 1 SENT from 15 to 2 at 1316051250.517016 standard 1
AFTER_LOCK2 * for 1 SENT from 15 to 2 at 1316051250.517017 standard 1
VSS_ECHO 5 for 1 SENT from 15 to 2 at 1316051250.517039 standard 1
VSSECHO_STAGE3 * for * SENT from * to * at 1316051250.517055
VSSECHO_STAGE4 * for * SENT from * to * at 1316051250.517203
BEFORE_LOCK * for 1 SENT from 15 to 3 at 1316051250.517211 standard 1
AFTER_LOCK * for 1 SENT from 15 to 3 at 1316051250.517212 standard 1
AFTER_AFTER_LOCK * for 1 SENT from 15 to 3 at 1316051250.517237 standard 1
AFTER_LOCK2 * for 1 SENT from 15 to 3 at 1316051250.517237 standard 1
VSS_ECHO 6 for 1 SENT from 15 to 3 at 1316051250.517260 standard 1
VSSECHO_STAGE3 * for * SENT from * to * at 1316051250.517276
VSSECHO_STAGE4 * for * SENT from * to * at 1316051250.517378
BEFORE_LOCK * for 1 SENT from 15 to 4 at 1316051250.517386 standard 1
AFTER_LOCK * for 1 SENT from 15 to 4 at 1316051250.517387 standard 1
AFTER_AFTER_LOCK * for 1 SENT from 15 to 4 at 1316051250.517587 standard 1
AFTER_LOCK2 * for 1 SENT from 15 to 4 at 1316051250.517587 standard 1
VSS_ECHO 7 for 1 SENT from 15 to 4 at 1316051250.517610 standard 1
VSSECHO_STAGE3 * for * SENT from * to * at 1316051250.517626
VSSECHO_STAGE4 * for * SENT from * to * at 1316051250.517902
BEFORE_LOCK * for 1 SENT from 15 to 5 at 1316051250.517910 standard 1
AFTER_LOCK * for 1 SENT from 15 to 5 at 1316051250.517910 standard 1
AFTER_AFTER_LOCK * for 1 SENT from 15 to 5 at 1316051250.517936 standard 1
AFTER_LOCK2 * for 1 SENT from 15 to 5 at 1316051250.517936 standard 1
VSS_ECHO 8 for 1 SENT from 15 to 5 at 1316051250.517958 standard 1
VSSECHO_STAGE3 * for * SENT from * to * at 1316051250.517974
VSSECHO_STAGE4 * for * SENT from * to * at 1316051250.518066
BEFORE_LOCK * for 1 SENT from 15 to 6 at 1316051250.518073 standard 1
AFTER_LOCK * for 1 SENT from 15 to 6 at 1316051250.518074 standard 1
AFTER_AFTER_LOCK * for 1 SENT from 15 to 6 at 1316051250.518097 standard 1
AFTER_LOCK2 * for 1 SENT from 15 to 6 at 1316051250.518098 standard 1
VSS_ECHO 9 for 1 SENT from 15 to 6 at 1316051250.518120 standard 1
VSSECHO_STAGE3 * for * SENT from * to * at 1316051250.518135
VSSECHO_STAGE4 * for * SENT from * to * at 1316051250.518227
BEFORE_LOCK * for 1 SENT from 15 to 7 at 1316051250.518234 standard 1
AFTER_LOCK * for 1 SENT from 15 to 7 at 1316051250.518234 standard 1
AFTER_AFTER_LOCK * for 1 SENT from 15 to 7 at 1316051250.519048 standard 1
AFTER_LOCK2 * for 1 SENT from 15 to 7 at 1316051250.519048 standard 1
VSS_ECHO 10 for 1 SENT from 15 to 7 at 1316051250.519072 standard 1
VSSECHO_STAGE3 * for * SENT from * to * at 1316051250.519090
VSSECHO_STAGE4 * for * SENT from * to * at 1316051250.519192
BEFORE_LOCK * for 1 SENT from 15 to 8 at 1316051250.519199 standard 1
AFTER_LOCK * for 1 SENT from 15 to 8 at 1316051250.519200 standard 1
AFTER_AFTER_LOCK * for 1 SENT from 15 to 8 at 1316051250.519276 standard 1
AFTER_LOCK2 * for 1 SENT from 15 to 8 at 1316051250.519277 standard 1
VSS_ECHO 11 for 1 SENT from 15 to 8 at 1316051250.519306 standard 1
VSSECHO_STAGE3 * for * SENT from * to * at 1316051250.519691
VSSECHO_STAGE4 * for * SENT from * to * at 1316051250.519791
BEFORE_LOCK * for 1 SENT from 15 to 9 at 1316051250.519820 standard 1
AFTER_LOCK * for 1 SENT from 15 to 9 at 1316051250.519821 standard 1
AFTER_AFTER_LOCK * for 1 SENT from 15 to 9 at 1316051250.520057 standard 1
AFTER_LOCK2 * for 1 SENT from 15 to 9 at 1316051250.520057 standard 1
VSS_ECHO 12 for 1 SENT from 15 to 9 at 1316051250.520085 standard 1
VSSECHO_STAGE3 * for * SENT from * to * at 1316051250.520102
VSSECHO_STAGE4 * for * SENT from * to * at 1316051250.520330
BEFORE_LOCK * for 1 SENT from 15 to 10 at 1316051250.520339 standard 1
AFTER_LOCK * for 1 SENT from 15 to 10 at 1316051250.520340 standard 1
AFTER_AFTER_LOCK * for 1 SENT from 15 to 10 at 1316051250.520353 standard 1
AFTER_LOCK2 * for 1 SENT from 15 to 10 at 1316051250.520353 standard 1
VSS_ECHO 13 for 1 SENT from 15 to 10 at 1316051250.520379 standard 1
VSSECHO_STAGE3 * for * SENT from * to * at 1316051250.520394
VSSECHO_STAGE4 * for * SENT from * to * at 1316051250.520508
BEFORE_LOCK * for 1 SENT from 15 to 11 at 1316051250.520517 standard 1
AFTER_LOCK * for 1 SENT from 15 to 11 at 1316051250.520518 standard 1
AFTER_AFTER_LOCK * for 1 SENT from 15 to 11 at 1316051250.520530 standard 1
AFTER_LOCK2 * for 1 SENT from 15 to 11 at 1316051250.520531 standard 1
VSS_ECHO 14 for 1 SENT from 15 to 11 at 1316051250.520552 standard 1
VSSECHO_STAGE3 * for * SENT from * to * at 1316051250.520568
VSSECHO_STAGE4 * for * SENT from * to * at 1316051250.520660
BEFORE_LOCK * for 1 SENT from 15 to 12 at 1316051250.520667 standard 1
AFTER_LOCK * for 1 SENT from 15 to 12 at 1316051250.520668 standard 1
AFTER_AFTER_LOCK * for 1 SENT from 15 to 12 at 1316051250.520787 standard 1
AFTER_LOCK2 * for 1 SENT from 15 to 12 at 1316051250.520787 standard 1
VSS_ECHO 15 for 1 SENT from 15 to 12 at 1316051250.520813 standard 1
VSSECHO_STAGE3 * for * SENT from * to * at 1316051250.520830
VSSECHO_STAGE4 * for * SENT from * to * at 1316051250.520931
BEFORE_LOCK * for 1 SENT from 15 to 13 at 1316051250.520940 standard 1
AFTER_LOCK * for 1 SENT from 15 to 13 at 1316051250.520940 standard 1
AFTER_AFTER_LOCK * for 1 SENT from 15 to 13 at 1316051250.520957 standard 1
AFTER_LOCK2 * for 1 SENT from 15 to 13 at 1316051250.520957 standard 1
VSS_ECHO 16 for 1 SENT from 15 to 13 at 1316051250.521103 standard 1
VSSECHO_STAGE3 * for * SENT from * to * at 1316051250.521118
VSSECHO_STAGE4 * for * SENT from * to * at 1316051250.521209
BEFORE_LOCK * for 1 SENT from 15 to 14 at 1316051250.521216 standard 1
AFTER_LOCK * for 1 SENT from 15 to 14 at 1316051250.521217 standard 1
AFTER_AFTER_LOCK * for 1 SENT from 15 to 14 at 1316051250.521241 standard 1
AFTER_LOCK2 * for 1 SENT from 15 to 14 at 1316051250.521242 standard 1
VSS_ECHO 17 for 1 SENT from 15 to 14 at 1316051250.521263 standard 1
VSSECHO_STAGE3 * for * SENT from * to * at 1316051250.521279
VSSECHO_STAGE4 * for * SENT from * to * at 1316051250.522563
BEFORE_LOCK * for 1 SENT from 15 to 15 at 1316051250.522574 standard 1
AFTER_LOCK * for 1 SENT from 15 to 15 at 1316051250.522575 standard 1
AFTER_AFTER_LOCK * for 1 SENT from 15 to 15 at 1316051250.522736 standard 1
AFTER_LOCK2 * for 1 SENT from 15 to 15 at 1316051250.522737 standard 1
VSS_ECHO 18 for 1 SENT from 15 to 15 at 1316051250.522759 standard 1
VSSECHO_STAGE3 * for * SENT from * to * at 1316051250.522777
VSSECHO_STAGE4 * for * SENT from * to * at 1316051250.523036
BEFORE_LOCK * for 1 SENT from 15 to 16 at 1316051250.523045 standard 1
AFTER_LOCK * for 1 SENT from 15 to 16 at 1316051250.523046 standard 1
AFTER_AFTER_LOCK * for 1 SENT from 15 to 16 at 1316051250.523059 standard 1
AFTER_LOCK2 * for 1 SENT from 15 to 16 at 1316051250.523060 standard 1
VSS_ECHO 19 for 1 SENT from 15 to 16 at 1316051250.523081 standard 1
VSSECHO_STAGE3 * for * SENT from * to * at 1316051250.523097
VSSECHO_STAGE4 * for * SENT from * to * at 1316051250.523190
BEFORE_LOCK * for 1 SENT from 15 to 17 at 1316051250.523197 standard 1
AFTER_LOCK * for 1 SENT from 15 to 17 at 1316051250.523198 standard 1
AFTER_AFTER_LOCK * for 1 SENT from 15 to 17 at 1316051250.523223 standard 1
AFTER_LOCK2 * for 1 SENT from 15 to 17 at 1316051250.523223 standard 1
VSS_ECHO 20 for 1 SENT from 15 to 17 at 1316051250.523272 standard 1
VSSECHO_STAGE3 * for * SENT from * to * at 1316051250.523292
VSSECHO_STAGE4 * for * SENT from * to * at 1316051250.523394
BEFORE_LOCK * for 1 SENT from 15 to 18 at 1316051250.523401 standard 1
AFTER_LOCK * for 1 SENT from 15 to 18 at 1316051250.523401 standard 1
AFTER_AFTER_LOCK * for 1 SENT from 15 to 18 at 1316051250.523480 standard 1
AFTER_LOCK2 * for 1 SENT from 15 to 18 at 1316051250.523481 standard 1
VSS_ECHO 21 for 1 SENT from 15 to 18 at 1316051250.523502 standard 1
VSSECHO_STAGE3 * for * SENT from * to * at 1316051250.523517
VSSECHO_STAGE4 * for * SENT from * to * at 1316051250.523611
BEFORE_LOCK * for 1 SENT from 15 to 19 at 1316051250.523618 standard 1
AFTER_LOCK * for 1 SENT from 15 to 19 at 1316051250.523619 standard 1
AFTER_AFTER_LOCK * for 1 SENT from 15 to 19 at 1316051250.523710 standard 1
AFTER_LOCK2 * for 1 SENT from 15 to 19 at 1316051250.523710 standard 1
VSS_ECHO 22 for 1 SENT from 15 to 19 at 1316051250.523732 standard 1
VSSECHO_STAGE3 * for * SENT from * to * at 1316051250.523748
VSSECHO_STAGE4 * for * SENT from * to * at 1316051250.523839
BEFORE_LOCK * for 1 SENT from 15 to 20 at 1316051250.523846 standard 1
AFTER_LOCK * for 1 SENT from 15 to 20 at 1316051250.523847 standard 1
AFTER_AFTER_LOCK * for 1 SENT from 15 to 20 at 1316051250.523869 standard 1
AFTER_LOCK2 * for 1 SENT from 15 to 20 at 1316051250.523870 standard 1
VSS_ECHO 23 for 1 SENT from 15 to 20 at 1316051250.523892 standard 1
VSS_ECHO 18 for 1 RECEIVED from 12 to 15 at 1316051250.523917
VSS_ECHO 18 for 1 RECEIVED from 9 to 15 at 1316051250.537685
VSS_ECHO 18 for 1 RECEIVED from 17 to 15 at 1316051250.551560
VSS_ECHO 18 for 1 RECEIVED from 10 to 15 at 1316051250.565024
VSS_ECHO 18 for 1 RECEIVED from 14 to 15 at 1316051250.578800
VSS_ECHO 50 for 1 RECEIVED from 1 to 15 at 1316051250.592589
VSS_ECHO 18 for 1 RECEIVED from 15 to 15 at 1316051250.605867
VSS_ECHO 18 for 1 RECEIVED from 7 to 15 at 1316051251.466794
VSS_ECHO 18 for 1 RECEIVED from 6 to 15 at 1316051251.481942
VSS_ECHO 18 for 1 RECEIVED from 16 to 15 at 1316051251.495679
VSS_ECHO 18 for 1 RECEIVED from 19 to 15 at 1316051251.509084
VSS_ECHO 18 for 1 RECEIVED from 18 to 15 at 1316051251.522706



============================================
*ENOUGH VSS_ECHO message for 1 at 1316051251.522706
*Threshold : echo = 12
*Received Echo Message Num = 12
*Ready messages are sending out...
============================================

PRE_VSS_READY * for 1 SENT from 15 to 1 at 1316051251.542583 standard 1
BEFORE_LOCK * for 1 SENT from 15 to 1 at 1316051251.542593 standard 1
AFTER_LOCK * for 1 SENT from 15 to 1 at 1316051251.542594 standard 1
AFTER_AFTER_LOCK * for 1 SENT from 15 to 1 at 1316051251.542723 standard 1
AFTER_LOCK2 * for 1 SENT from 15 to 1 at 1316051251.542723 standard 1
VSS_READY 36 for 1 SENT from 15 to 1 at 1316051251.542724 standard 1
PRE_VSS_READY * for 1 SENT from 15 to 2 at 1316051251.545516 standard 1
BEFORE_LOCK * for 1 SENT from 15 to 2 at 1316051251.545527 standard 1
AFTER_LOCK * for 1 SENT from 15 to 2 at 1316051251.545528 standard 1
AFTER_AFTER_LOCK * for 1 SENT from 15 to 2 at 1316051251.545528 standard 1
AFTER_LOCK2 * for 1 SENT from 15 to 2 at 1316051251.545528 standard 1
VSS_READY 37 for 1 SENT from 15 to 2 at 1316051251.545529 standard 1
PRE_VSS_READY * for 1 SENT from 15 to 3 at 1316051251.548428 standard 1
BEFORE_LOCK * for 1 SENT from 15 to 3 at 1316051251.548438 standard 1
AFTER_LOCK * for 1 SENT from 15 to 3 at 1316051251.548438 standard 1
AFTER_AFTER_LOCK * for 1 SENT from 15 to 3 at 1316051251.548439 standard 1
AFTER_LOCK2 * for 1 SENT from 15 to 3 at 1316051251.548439 standard 1
VSS_READY 38 for 1 SENT from 15 to 3 at 1316051251.548440 standard 1
PRE_VSS_READY * for 1 SENT from 15 to 4 at 1316051251.551175 standard 1
BEFORE_LOCK * for 1 SENT from 15 to 4 at 1316051251.551185 standard 1
AFTER_LOCK * for 1 SENT from 15 to 4 at 1316051251.551186 standard 1
AFTER_AFTER_LOCK * for 1 SENT from 15 to 4 at 1316051251.551186 standard 1
AFTER_LOCK2 * for 1 SENT from 15 to 4 at 1316051251.551186 standard 1
VSS_READY 39 for 1 SENT from 15 to 4 at 1316051251.551187 standard 1
PRE_VSS_READY * for 1 SENT from 15 to 5 at 1316051251.554046 standard 1
BEFORE_LOCK * for 1 SENT from 15 to 5 at 1316051251.554056 standard 1
AFTER_LOCK * for 1 SENT from 15 to 5 at 1316051251.554057 standard 1
AFTER_AFTER_LOCK * for 1 SENT from 15 to 5 at 1316051251.554057 standard 1
AFTER_LOCK2 * for 1 SENT from 15 to 5 at 1316051251.554058 standard 1
VSS_READY 40 for 1 SENT from 15 to 5 at 1316051251.554058 standard 1
PRE_VSS_READY * for 1 SENT from 15 to 6 at 1316051251.556788 standard 1
BEFORE_LOCK * for 1 SENT from 15 to 6 at 1316051251.556799 standard 1
AFTER_LOCK * for 1 SENT from 15 to 6 at 1316051251.556799 standard 1
AFTER_AFTER_LOCK * for 1 SENT from 15 to 6 at 1316051251.556920 standard 1
AFTER_LOCK2 * for 1 SENT from 15 to 6 at 1316051251.556921 standard 1
VSS_READY 41 for 1 SENT from 15 to 6 at 1316051251.556921 standard 1
PRE_VSS_READY * for 1 SENT from 15 to 7 at 1316051251.559711 standard 1
BEFORE_LOCK * for 1 SENT from 15 to 7 at 1316051251.559723 standard 1
AFTER_LOCK * for 1 SENT from 15 to 7 at 1316051251.559724 standard 1
AFTER_AFTER_LOCK * for 1 SENT from 15 to 7 at 1316051251.559842 standard 1
AFTER_LOCK2 * for 1 SENT from 15 to 7 at 1316051251.559842 standard 1
VSS_READY 42 for 1 SENT from 15 to 7 at 1316051251.559843 standard 1
PRE_VSS_READY * for 1 SENT from 15 to 8 at 1316051251.562735 standard 1
BEFORE_LOCK * for 1 SENT from 15 to 8 at 1316051251.562746 standard 1
AFTER_LOCK * for 1 SENT from 15 to 8 at 1316051251.562747 standard 1
AFTER_AFTER_LOCK * for 1 SENT from 15 to 8 at 1316051251.562747 standard 1
AFTER_LOCK2 * for 1 SENT from 15 to 8 at 1316051251.562748 standard 1
VSS_READY 43 for 1 SENT from 15 to 8 at 1316051251.562748 standard 1
PRE_VSS_READY * for 1 SENT from 15 to 9 at 1316051251.565585 standard 1
BEFORE_LOCK * for 1 SENT from 15 to 9 at 1316051251.565595 standard 1
AFTER_LOCK * for 1 SENT from 15 to 9 at 1316051251.565596 standard 1
AFTER_AFTER_LOCK * for 1 SENT from 15 to 9 at 1316051251.565714 standard 1
AFTER_LOCK2 * for 1 SENT from 15 to 9 at 1316051251.565714 standard 1
VSS_READY 44 for 1 SENT from 15 to 9 at 1316051251.565714 standard 1
PRE_VSS_READY * for 1 SENT from 15 to 10 at 1316051251.568531 standard 1
BEFORE_LOCK * for 1 SENT from 15 to 10 at 1316051251.568542 standard 1
AFTER_LOCK * for 1 SENT from 15 to 10 at 1316051251.568543 standard 1
AFTER_AFTER_LOCK * for 1 SENT from 15 to 10 at 1316051251.568661 standard 1
AFTER_LOCK2 * for 1 SENT from 15 to 10 at 1316051251.568662 standard 1
VSS_READY 45 for 1 SENT from 15 to 10 at 1316051251.568662 standard 1
PRE_VSS_READY * for 1 SENT from 15 to 11 at 1316051251.571340 standard 1
BEFORE_LOCK * for 1 SENT from 15 to 11 at 1316051251.571350 standard 1
AFTER_LOCK * for 1 SENT from 15 to 11 at 1316051251.571351 standard 1
AFTER_AFTER_LOCK * for 1 SENT from 15 to 11 at 1316051251.571716 standard 1
AFTER_LOCK2 * for 1 SENT from 15 to 11 at 1316051251.571716 standard 1
VSS_READY 46 for 1 SENT from 15 to 11 at 1316051251.571717 standard 1
PRE_VSS_READY * for 1 SENT from 15 to 12 at 1316051251.574501 standard 1
BEFORE_LOCK * for 1 SENT from 15 to 12 at 1316051251.574511 standard 1
AFTER_LOCK * for 1 SENT from 15 to 12 at 1316051251.574512 standard 1
AFTER_AFTER_LOCK * for 1 SENT from 15 to 12 at 1316051251.574630 standard 1
AFTER_LOCK2 * for 1 SENT from 15 to 12 at 1316051251.574630 standard 1
VSS_READY 47 for 1 SENT from 15 to 12 at 1316051251.574631 standard 1
PRE_VSS_READY * for 1 SENT from 15 to 13 at 1316051251.577243 standard 1
BEFORE_LOCK * for 1 SENT from 15 to 13 at 1316051251.577254 standard 1
AFTER_LOCK * for 1 SENT from 15 to 13 at 1316051251.577254 standard 1
AFTER_AFTER_LOCK * for 1 SENT from 15 to 13 at 1316051251.577373 standard 1
AFTER_LOCK2 * for 1 SENT from 15 to 13 at 1316051251.577374 standard 1
VSS_READY 48 for 1 SENT from 15 to 13 at 1316051251.577374 standard 1
PRE_VSS_READY * for 1 SENT from 15 to 14 at 1316051251.580108 standard 1
BEFORE_LOCK * for 1 SENT from 15 to 14 at 1316051251.580119 standard 1
AFTER_LOCK * for 1 SENT from 15 to 14 at 1316051251.580120 standard 1
AFTER_AFTER_LOCK * for 1 SENT from 15 to 14 at 1316051251.580270 standard 1
AFTER_LOCK2 * for 1 SENT from 15 to 14 at 1316051251.580270 standard 1
VSS_READY 49 for 1 SENT from 15 to 14 at 1316051251.580270 standard 1
PRE_VSS_READY * for 1 SENT from 15 to 15 at 1316051251.583271 standard 1
BEFORE_LOCK * for 1 SENT from 15 to 15 at 1316051251.583280 standard 1
AFTER_LOCK * for 1 SENT from 15 to 15 at 1316051251.583281 standard 1
AFTER_AFTER_LOCK * for 1 SENT from 15 to 15 at 1316051251.583405 standard 1
AFTER_LOCK2 * for 1 SENT from 15 to 15 at 1316051251.583405 standard 1
VSS_READY 50 for 1 SENT from 15 to 15 at 1316051251.583406 standard 1
PRE_VSS_READY * for 1 SENT from 15 to 16 at 1316051251.586096 standard 1
BEFORE_LOCK * for 1 SENT from 15 to 16 at 1316051251.586107 standard 1
AFTER_LOCK * for 1 SENT from 15 to 16 at 1316051251.586108 standard 1
AFTER_AFTER_LOCK * for 1 SENT from 15 to 16 at 1316051251.586224 standard 1
AFTER_LOCK2 * for 1 SENT from 15 to 16 at 1316051251.586225 standard 1
VSS_READY 51 for 1 SENT from 15 to 16 at 1316051251.586225 standard 1
PRE_VSS_READY * for 1 SENT from 15 to 17 at 1316051251.589166 standard 1
BEFORE_LOCK * for 1 SENT from 15 to 17 at 1316051251.589176 standard 1
AFTER_LOCK * for 1 SENT from 15 to 17 at 1316051251.589177 standard 1
AFTER_AFTER_LOCK * for 1 SENT from 15 to 17 at 1316051251.589444 standard 1
AFTER_LOCK2 * for 1 SENT from 15 to 17 at 1316051251.589445 standard 1
VSS_READY 52 for 1 SENT from 15 to 17 at 1316051251.589445 standard 1
PRE_VSS_READY * for 1 SENT from 15 to 18 at 1316051251.592346 standard 1
BEFORE_LOCK * for 1 SENT from 15 to 18 at 1316051251.592357 standard 1
AFTER_LOCK * for 1 SENT from 15 to 18 at 1316051251.592357 standard 1
AFTER_AFTER_LOCK * for 1 SENT from 15 to 18 at 1316051251.592496 standard 1
AFTER_LOCK2 * for 1 SENT from 15 to 18 at 1316051251.592496 standard 1
VSS_READY 53 for 1 SENT from 15 to 18 at 1316051251.592496 standard 1
PRE_VSS_READY * for 1 SENT from 15 to 19 at 1316051251.595468 standard 1
BEFORE_LOCK * for 1 SENT from 15 to 19 at 1316051251.595485 standard 1
AFTER_LOCK * for 1 SENT from 15 to 19 at 1316051251.595486 standard 1
AFTER_AFTER_LOCK * for 1 SENT from 15 to 19 at 1316051251.595612 standard 1
AFTER_LOCK2 * for 1 SENT from 15 to 19 at 1316051251.595613 standard 1
VSS_READY 54 for 1 SENT from 15 to 19 at 1316051251.595613 standard 1
PRE_VSS_READY * for 1 SENT from 15 to 20 at 1316051251.598397 standard 1
BEFORE_LOCK * for 1 SENT from 15 to 20 at 1316051251.598407 standard 1
AFTER_LOCK * for 1 SENT from 15 to 20 at 1316051251.598408 standard 1
AFTER_AFTER_LOCK * for 1 SENT from 15 to 20 at 1316051251.598772 standard 1
AFTER_LOCK2 * for 1 SENT from 15 to 20 at 1316051251.598772 standard 1
VSS_READY 55 for 1 SENT from 15 to 20 at 1316051251.598773 standard 1
VSS_READY 216 for 1 RECEIVED from 1 to 15 at 1316051251.598827
VSS_READY 50 for 1 RECEIVED from 15 to 15 at 1316051251.621560
VSS_READY 50 for 1 RECEIVED from 17 to 15 at 1316051251.646379
VSS_READY 50 for 1 RECEIVED from 14 to 15 at 1316051251.692715
VSS_READY 67 for 1 RECEIVED from 10 to 15 at 1316051251.724956
VSS_READY 67 for 1 RECEIVED from 9 to 15 at 1316051251.748019
VSS_READY 66 for 1 RECEIVED from 12 to 15 at 1316051251.772227
VSS_READY 63 for 1 RECEIVED from 19 to 15 at 1316051251.810882
VSS_READY 43 for 1 RECEIVED from 11 to 15 at 1316051251.868941
VSS_READY 64 for 1 RECEIVED from 16 to 15 at 1316051251.891939
VSS_READY 65 for 1 RECEIVED from 7 to 15 at 1316051251.978304
VSS_ECHO 130 for 4 RECEIVED from 10 to 15 at 1316051252.008045
VSS_ECHO 126 for 4 RECEIVED from 17 to 15 at 1316051252.021638
VSS_ECHO 306 for 4 RECEIVED from 1 to 15 at 1316051252.044312
VSS_ECHO 140 for 4 RECEIVED from 9 to 15 at 1316051252.135793
VSS_ECHO 132 for 4 RECEIVED from 12 to 15 at 1316051252.157464
VSS_SEND 17 for * RECEIVED from 4 to 15 at 1316051252.176247
VSSECHO_STAGE3 * for * SENT from * to * at 1316051252.201993
VSSECHO_STAGE4 * for * SENT from * to * at 1316051252.202099
BEFORE_LOCK * for 4 SENT from 15 to 1 at 1316051252.202130 standard 1
AFTER_LOCK * for 4 SENT from 15 to 1 at 1316051252.202131 standard 1
AFTER_AFTER_LOCK * for 4 SENT from 15 to 1 at 1316051252.202254 standard 1
AFTER_LOCK2 * for 4 SENT from 15 to 1 at 1316051252.202255 standard 1
VSS_ECHO 128 for 4 SENT from 15 to 1 at 1316051252.202282 standard 1
VSSECHO_STAGE3 * for * SENT from * to * at 1316051252.202299
VSSECHO_STAGE4 * for * SENT from * to * at 1316051252.202416
BEFORE_LOCK * for 4 SENT from 15 to 2 at 1316051252.202426 standard 1
AFTER_LOCK * for 4 SENT from 15 to 2 at 1316051252.202427 standard 1
AFTER_AFTER_LOCK * for 4 SENT from 15 to 2 at 1316051252.202427 standard 1
AFTER_LOCK2 * for 4 SENT from 15 to 2 at 1316051252.202428 standard 1
VSS_ECHO 129 for 4 SENT from 15 to 2 at 1316051252.202447 standard 1
VSSECHO_STAGE3 * for * SENT from * to * at 1316051252.202461
VSSECHO_STAGE4 * for * SENT from * to * at 1316051252.202552
BEFORE_LOCK * for 4 SENT from 15 to 3 at 1316051252.202558 standard 1
AFTER_LOCK * for 4 SENT from 15 to 3 at 1316051252.202559 standard 1
AFTER_AFTER_LOCK * for 4 SENT from 15 to 3 at 1316051252.202560 standard 1
AFTER_LOCK2 * for 4 SENT from 15 to 3 at 1316051252.202560 standard 1
VSS_ECHO 130 for 4 SENT from 15 to 3 at 1316051252.202579 standard 1
VSSECHO_STAGE3 * for * SENT from * to * at 1316051252.202593
VSSECHO_STAGE4 * for * SENT from * to * at 1316051252.202683
BEFORE_LOCK * for 4 SENT from 15 to 4 at 1316051252.202690 standard 1
AFTER_LOCK * for 4 SENT from 15 to 4 at 1316051252.202690 standard 1
AFTER_AFTER_LOCK * for 4 SENT from 15 to 4 at 1316051252.202704 standard 1
AFTER_LOCK2 * for 4 SENT from 15 to 4 at 1316051252.202704 standard 1
VSS_ECHO 131 for 4 SENT from 15 to 4 at 1316051252.202729 standard 1
VSSECHO_STAGE3 * for * SENT from * to * at 1316051252.202744
VSSECHO_STAGE4 * for * SENT from * to * at 1316051252.202949
BEFORE_LOCK * for 4 SENT from 15 to 5 at 1316051252.202958 standard 1
AFTER_LOCK * for 4 SENT from 15 to 5 at 1316051252.202958 standard 1
AFTER_AFTER_LOCK * for 4 SENT from 15 to 5 at 1316051252.202959 standard 1
AFTER_LOCK2 * for 4 SENT from 15 to 5 at 1316051252.202959 standard 1
VSS_ECHO 132 for 4 SENT from 15 to 5 at 1316051252.202978 standard 1
VSSECHO_STAGE3 * for * SENT from * to * at 1316051252.202992
VSSECHO_STAGE4 * for * SENT from * to * at 1316051252.203081
BEFORE_LOCK * for 4 SENT from 15 to 6 at 1316051252.203088 standard 1
AFTER_LOCK * for 4 SENT from 15 to 6 at 1316051252.203088 standard 1
AFTER_AFTER_LOCK * for 4 SENT from 15 to 6 at 1316051252.203231 standard 1
AFTER_LOCK2 * for 4 SENT from 15 to 6 at 1316051252.203232 standard 1
VSS_ECHO 133 for 4 SENT from 15 to 6 at 1316051252.203261 standard 1
VSSECHO_STAGE3 * for * SENT from * to * at 1316051252.203276
VSSECHO_STAGE4 * for * SENT from * to * at 1316051252.203379
BEFORE_LOCK * for 4 SENT from 15 to 7 at 1316051252.203388 standard 1
AFTER_LOCK * for 4 SENT from 15 to 7 at 1316051252.203389 standard 1
AFTER_AFTER_LOCK * for 4 SENT from 15 to 7 at 1316051252.203402 standard 1
AFTER_LOCK2 * for 4 SENT from 15 to 7 at 1316051252.203402 standard 1
VSS_ECHO 134 for 4 SENT from 15 to 7 at 1316051252.203423 standard 1
VSSECHO_STAGE3 * for * SENT from * to * at 1316051252.203439
VSSECHO_STAGE4 * for * SENT from * to * at 1316051252.203534
BEFORE_LOCK * for 4 SENT from 15 to 8 at 1316051252.203542 standard 1
AFTER_LOCK * for 4 SENT from 15 to 8 at 1316051252.203542 standard 1
AFTER_AFTER_LOCK * for 4 SENT from 15 to 8 at 1316051252.203543 standard 1
AFTER_LOCK2 * for 4 SENT from 15 to 8 at 1316051252.203543 standard 1
VSS_ECHO 135 for 4 SENT from 15 to 8 at 1316051252.203563 standard 1
VSSECHO_STAGE3 * for * SENT from * to * at 1316051252.203576
VSSECHO_STAGE4 * for * SENT from * to * at 1316051252.203666
BEFORE_LOCK * for 4 SENT from 15 to 9 at 1316051252.203673 standard 1
AFTER_LOCK * for 4 SENT from 15 to 9 at 1316051252.203673 standard 1
AFTER_AFTER_LOCK * for 4 SENT from 15 to 9 at 1316051252.203685 standard 1
AFTER_LOCK2 * for 4 SENT from 15 to 9 at 1316051252.203686 standard 1
VSS_ECHO 136 for 4 SENT from 15 to 9 at 1316051252.203728 standard 1
VSSECHO_STAGE3 * for * SENT from * to * at 1316051252.203747
VSSECHO_STAGE4 * for * SENT from * to * at 1316051252.203836
BEFORE_LOCK * for 4 SENT from 15 to 10 at 1316051252.203843 standard 1
AFTER_LOCK * for 4 SENT from 15 to 10 at 1316051252.203843 standard 1
AFTER_AFTER_LOCK * for 4 SENT from 15 to 10 at 1316051252.203917 standard 1
AFTER_LOCK2 * for 4 SENT from 15 to 10 at 1316051252.203918 standard 1
VSS_ECHO 137 for 4 SENT from 15 to 10 at 1316051252.203948 standard 1
VSSECHO_STAGE3 * for * SENT from * to * at 1316051252.203963
VSSECHO_STAGE4 * for * SENT from * to * at 1316051252.204054
BEFORE_LOCK * for 4 SENT from 15 to 11 at 1316051252.204061 standard 1
AFTER_LOCK * for 4 SENT from 15 to 11 at 1316051252.204062 standard 1
AFTER_AFTER_LOCK * for 4 SENT from 15 to 11 at 1316051252.204074 standard 1
AFTER_LOCK2 * for 4 SENT from 15 to 11 at 1316051252.204075 standard 1
VSS_ECHO 138 for 4 SENT from 15 to 11 at 1316051252.204100 standard 1
VSSECHO_STAGE3 * for * SENT from * to * at 1316051252.204115
VSSECHO_STAGE4 * for * SENT from * to * at 1316051252.204207
BEFORE_LOCK * for 4 SENT from 15 to 12 at 1316051252.204215 standard 1
AFTER_LOCK * for 4 SENT from 15 to 12 at 1316051252.204216 standard 1
AFTER_AFTER_LOCK * for 4 SENT from 15 to 12 at 1316051252.204229 standard 1
AFTER_LOCK2 * for 4 SENT from 15 to 12 at 1316051252.204230 standard 1
VSS_ECHO 139 for 4 SENT from 15 to 12 at 1316051252.204251 standard 1
VSSECHO_STAGE3 * for * SENT from * to * at 1316051252.204265
VSSECHO_STAGE4 * for * SENT from * to * at 1316051252.204361
BEFORE_LOCK * for 4 SENT from 15 to 13 at 1316051252.204368 standard 1
AFTER_LOCK * for 4 SENT from 15 to 13 at 1316051252.204369 standard 1
AFTER_AFTER_LOCK * for 4 SENT from 15 to 13 at 1316051252.204380 standard 1
AFTER_LOCK2 * for 4 SENT from 15 to 13 at 1316051252.204380 standard 1
VSS_ECHO 140 for 4 SENT from 15 to 13 at 1316051252.204408 standard 1
VSSECHO_STAGE3 * for * SENT from * to * at 1316051252.204424
VSSECHO_STAGE4 * for * SENT from * to * at 1316051252.204626
BEFORE_LOCK * for 4 SENT from 15 to 14 at 1316051252.204633 standard 1
AFTER_LOCK * for 4 SENT from 15 to 14 at 1316051252.204634 standard 1
AFTER_AFTER_LOCK * for 4 SENT from 15 to 14 at 1316051252.204833 standard 1
AFTER_LOCK2 * for 4 SENT from 15 to 14 at 1316051252.204834 standard 1
VSS_ECHO 141 for 4 SENT from 15 to 14 at 1316051252.204863 standard 1
VSSECHO_STAGE3 * for * SENT from * to * at 1316051252.204879
VSSECHO_STAGE4 * for * SENT from * to * at 1316051252.204982
BEFORE_LOCK * for 4 SENT from 15 to 15 at 1316051252.204990 standard 1
AFTER_LOCK * for 4 SENT from 15 to 15 at 1316051252.204991 standard 1
AFTER_AFTER_LOCK * for 4 SENT from 15 to 15 at 1316051252.205004 standard 1
AFTER_LOCK2 * for 4 SENT from 15 to 15 at 1316051252.205004 standard 1
VSS_ECHO 142 for 4 SENT from 15 to 15 at 1316051252.205025 standard 1
VSSECHO_STAGE3 * for * SENT from * to * at 1316051252.205040
VSSECHO_STAGE4 * for * SENT from * to * at 1316051252.205131
BEFORE_LOCK * for 4 SENT from 15 to 16 at 1316051252.205139 standard 1
AFTER_LOCK * for 4 SENT from 15 to 16 at 1316051252.205139 standard 1
AFTER_AFTER_LOCK * for 4 SENT from 15 to 16 at 1316051252.205150 standard 1
AFTER_LOCK2 * for 4 SENT from 15 to 16 at 1316051252.205150 standard 1
VSS_ECHO 143 for 4 SENT from 15 to 16 at 1316051252.205176 standard 1
VSSECHO_STAGE3 * for * SENT from * to * at 1316051252.205192
VSSECHO_STAGE4 * for * SENT from * to * at 1316051252.205287
BEFORE_LOCK * for 4 SENT from 15 to 17 at 1316051252.205294 standard 1
AFTER_LOCK * for 4 SENT from 15 to 17 at 1316051252.205295 standard 1
AFTER_AFTER_LOCK * for 4 SENT from 15 to 17 at 1316051252.205305 standard 1
AFTER_LOCK2 * for 4 SENT from 15 to 17 at 1316051252.205306 standard 1
VSS_ECHO 144 for 4 SENT from 15 to 17 at 1316051252.205331 standard 1
VSSECHO_STAGE3 * for * SENT from * to * at 1316051252.205346
VSSECHO_STAGE4 * for * SENT from * to * at 1316051252.205445
BEFORE_LOCK * for 4 SENT from 15 to 18 at 1316051252.205453 standard 1
AFTER_LOCK * for 4 SENT from 15 to 18 at 1316051252.205454 standard 1
AFTER_AFTER_LOCK * for 4 SENT from 15 to 18 at 1316051252.205571 standard 1
AFTER_LOCK2 * for 4 SENT from 15 to 18 at 1316051252.205571 standard 1
VSS_ECHO 145 for 4 SENT from 15 to 18 at 1316051252.205612 standard 1
VSSECHO_STAGE3 * for * SENT from * to * at 1316051252.205628
VSSECHO_STAGE4 * for * SENT from * to * at 1316051252.205721
BEFORE_LOCK * for 4 SENT from 15 to 19 at 1316051252.205728 standard 1
AFTER_LOCK * for 4 SENT from 15 to 19 at 1316051252.205729 standard 1
AFTER_AFTER_LOCK * for 4 SENT from 15 to 19 at 1316051252.205741 standard 1
AFTER_LOCK2 * for 4 SENT from 15 to 19 at 1316051252.205741 standard 1
VSS_ECHO 146 for 4 SENT from 15 to 19 at 1316051252.205764 standard 1
VSSECHO_STAGE3 * for * SENT from * to * at 1316051252.205779
VSSECHO_STAGE4 * for * SENT from * to * at 1316051252.205871
BEFORE_LOCK * for 4 SENT from 15 to 20 at 1316051252.205878 standard 1
AFTER_LOCK * for 4 SENT from 15 to 20 at 1316051252.205879 standard 1
AFTER_AFTER_LOCK * for 4 SENT from 15 to 20 at 1316051252.205889 standard 1
AFTER_LOCK2 * for 4 SENT from 15 to 20 at 1316051252.205890 standard 1
VSS_ECHO 147 for 4 SENT from 15 to 20 at 1316051252.205910 standard 1
VSS_ECHO 139 for 4 RECEIVED from 14 to 15 at 1316051252.205940
VSS_ECHO 142 for 4 RECEIVED from 15 to 15 at 1316051252.219500
VSS_READY 61 for 1 RECEIVED from 18 to 15 at 1316051252.232928



*============================================
*2ENOUGH VSS_READY message for 15 at 1316051252.232928
*Threshold : Ready = 12
*Received Ready Message Num = 12
*VSS Share is complete for dealer 1
============================================

BEFORE_LOCK * for 1 SENT from 15 to 1 at 1316051252.257468 standard 1
AFTER_LOCK * for 1 SENT from 15 to 1 at 1316051252.257470 standard 1
AFTER_AFTER_LOCK * for 1 SENT from 15 to 1 at 1316051252.257648 standard 1
AFTER_LOCK2 * for 1 SENT from 15 to 1 at 1316051252.257648 standard 1
VSS_SHARED 161 for 1 SENT from 15 to 1 at 1316051252.257671 standard 1
VSS_ECHO 44 for 1 RECEIVED from 4 to 15 at 1316051252.257712
VSS_ECHO 112 for 4 RECEIVED from 11 to 15 at 1316051252.454799
VSS_ECHO 142 for 4 RECEIVED from 16 to 15 at 1316051252.468478
VSS_READY 82 for 1 RECEIVED from 4 to 15 at 1316051252.482372
VSS_ECHO 159 for 4 RECEIVED from 7 to 15 at 1316051252.629205
VSS_ECHO 131 for 4 RECEIVED from 19 to 15 at 1316051253.015927
VSS_READY 188 for 4 RECEIVED from 9 to 15 at 1316051253.900608
VSS_READY 367 for 4 RECEIVED from 1 to 15 at 1316051253.925032
VSS_READY 188 for 4 RECEIVED from 10 to 15 at 1316051253.985822



============================================
*1ENOUGH VSS_READY message for 15 at 1316051253.985822
*Threshold : Ready = 3
*Received Ready Message Num = 3
*Ready messages are sending out...
============================================

BEFORE_LOCK * for 4 SENT from 15 to 1 at 1316051254.013256 standard 1
AFTER_LOCK * for 4 SENT from 15 to 1 at 1316051254.013258 standard 1
AFTER_AFTER_LOCK * for 4 SENT from 15 to 1 at 1316051254.013655 standard 1
AFTER_LOCK2 * for 4 SENT from 15 to 1 at 1316051254.013655 standard 1
VSS_READY 204 for 4 SENT from 15 to 1 at 1316051254.013656 standard 1
BEFORE_LOCK * for 4 SENT from 15 to 2 at 1316051254.016510 standard 1
AFTER_LOCK * for 4 SENT from 15 to 2 at 1316051254.016511 standard 1
AFTER_AFTER_LOCK * for 4 SENT from 15 to 2 at 1316051254.016632 standard 1
AFTER_LOCK2 * for 4 SENT from 15 to 2 at 1316051254.016632 standard 1
VSS_READY 205 for 4 SENT from 15 to 2 at 1316051254.016633 standard 1
BEFORE_LOCK * for 4 SENT from 15 to 3 at 1316051254.019494 standard 1
AFTER_LOCK * for 4 SENT from 15 to 3 at 1316051254.019495 standard 1
AFTER_AFTER_LOCK * for 4 SENT from 15 to 3 at 1316051254.019496 standard 1
AFTER_LOCK2 * for 4 SENT from 15 to 3 at 1316051254.019496 standard 1
VSS_READY 206 for 4 SENT from 15 to 3 at 1316051254.019496 standard 1
BEFORE_LOCK * for 4 SENT from 15 to 4 at 1316051254.022196 standard 1
AFTER_LOCK * for 4 SENT from 15 to 4 at 1316051254.022197 standard 1
AFTER_AFTER_LOCK * for 4 SENT from 15 to 4 at 1316051254.022309 standard 1
AFTER_LOCK2 * for 4 SENT from 15 to 4 at 1316051254.022309 standard 1
VSS_READY 207 for 4 SENT from 15 to 4 at 1316051254.022310 standard 1
BEFORE_LOCK * for 4 SENT from 15 to 5 at 1316051254.025242 standard 1
AFTER_LOCK * for 4 SENT from 15 to 5 at 1316051254.025243 standard 1
AFTER_AFTER_LOCK * for 4 SENT from 15 to 5 at 1316051254.025347 standard 1
AFTER_LOCK2 * for 4 SENT from 15 to 5 at 1316051254.025347 standard 1
VSS_READY 208 for 4 SENT from 15 to 5 at 1316051254.025348 standard 1
BEFORE_LOCK * for 4 SENT from 15 to 6 at 1316051254.028297 standard 1
AFTER_LOCK * for 4 SENT from 15 to 6 at 1316051254.028298 standard 1
AFTER_AFTER_LOCK * for 4 SENT from 15 to 6 at 1316051254.028372 standard 1
AFTER_LOCK2 * for 4 SENT from 15 to 6 at 1316051254.028372 standard 1
VSS_READY 209 for 4 SENT from 15 to 6 at 1316051254.028372 standard 1
BEFORE_LOCK * for 4 SENT from 15 to 7 at 1316051254.031202 standard 1
AFTER_LOCK * for 4 SENT from 15 to 7 at 1316051254.031203 standard 1
AFTER_AFTER_LOCK * for 4 SENT from 15 to 7 at 1316051254.031335 standard 1
AFTER_LOCK2 * for 4 SENT from 15 to 7 at 1316051254.031335 standard 1
VSS_READY 210 for 4 SENT from 15 to 7 at 1316051254.031336 standard 1
BEFORE_LOCK * for 4 SENT from 15 to 8 at 1316051254.034031 standard 1
AFTER_LOCK * for 4 SENT from 15 to 8 at 1316051254.034032 standard 1
AFTER_AFTER_LOCK * for 4 SENT from 15 to 8 at 1316051254.034032 standard 1
AFTER_LOCK2 * for 4 SENT from 15 to 8 at 1316051254.034033 standard 1
VSS_READY 211 for 4 SENT from 15 to 8 at 1316051254.034033 standard 1
BEFORE_LOCK * for 4 SENT from 15 to 9 at 1316051254.036813 standard 1
AFTER_LOCK * for 4 SENT from 15 to 9 at 1316051254.036814 standard 1
AFTER_AFTER_LOCK * for 4 SENT from 15 to 9 at 1316051254.036938 standard 1
AFTER_LOCK2 * for 4 SENT from 15 to 9 at 1316051254.036939 standard 1
VSS_READY 212 for 4 SENT from 15 to 9 at 1316051254.036939 standard 1
BEFORE_LOCK * for 4 SENT from 15 to 10 at 1316051254.039759 standard 1
AFTER_LOCK * for 4 SENT from 15 to 10 at 1316051254.039760 standard 1
AFTER_AFTER_LOCK * for 4 SENT from 15 to 10 at 1316051254.039835 standard 1
AFTER_LOCK2 * for 4 SENT from 15 to 10 at 1316051254.039835 standard 1
VSS_READY 213 for 4 SENT from 15 to 10 at 1316051254.039836 standard 1
BEFORE_LOCK * for 4 SENT from 15 to 11 at 1316051254.042683 standard 1
AFTER_LOCK * for 4 SENT from 15 to 11 at 1316051254.042684 standard 1
AFTER_AFTER_LOCK * for 4 SENT from 15 to 11 at 1316051254.042757 standard 1
AFTER_LOCK2 * for 4 SENT from 15 to 11 at 1316051254.042757 standard 1
VSS_READY 214 for 4 SENT from 15 to 11 at 1316051254.042758 standard 1
BEFORE_LOCK * for 4 SENT from 15 to 12 at 1316051254.045646 standard 1
AFTER_LOCK * for 4 SENT from 15 to 12 at 1316051254.045647 standard 1
AFTER_AFTER_LOCK * for 4 SENT from 15 to 12 at 1316051254.045766 standard 1
AFTER_LOCK2 * for 4 SENT from 15 to 12 at 1316051254.045767 standard 1
VSS_READY 215 for 4 SENT from 15 to 12 at 1316051254.045767 standard 1
BEFORE_LOCK * for 4 SENT from 15 to 13 at 1316051254.048626 standard 1
AFTER_LOCK * for 4 SENT from 15 to 13 at 1316051254.048626 standard 1
AFTER_AFTER_LOCK * for 4 SENT from 15 to 13 at 1316051254.048750 standard 1
AFTER_LOCK2 * for 4 SENT from 15 to 13 at 1316051254.048750 standard 1
VSS_READY 216 for 4 SENT from 15 to 13 at 1316051254.048751 standard 1
BEFORE_LOCK * for 4 SENT from 15 to 14 at 1316051254.051720 standard 1
AFTER_LOCK * for 4 SENT from 15 to 14 at 1316051254.051721 standard 1
AFTER_AFTER_LOCK * for 4 SENT from 15 to 14 at 1316051254.051794 standard 1
AFTER_LOCK2 * for 4 SENT from 15 to 14 at 1316051254.051795 standard 1
VSS_READY 217 for 4 SENT from 15 to 14 at 1316051254.051795 standard 1
BEFORE_LOCK * for 4 SENT from 15 to 15 at 1316051254.054693 standard 1
AFTER_LOCK * for 4 SENT from 15 to 15 at 1316051254.054694 standard 1
AFTER_AFTER_LOCK * for 4 SENT from 15 to 15 at 1316051254.054768 standard 1
AFTER_LOCK2 * for 4 SENT from 15 to 15 at 1316051254.054769 standard 1
VSS_READY 218 for 4 SENT from 15 to 15 at 1316051254.054769 standard 1
BEFORE_LOCK * for 4 SENT from 15 to 16 at 1316051254.057506 standard 1
AFTER_LOCK * for 4 SENT from 15 to 16 at 1316051254.057507 standard 1
AFTER_AFTER_LOCK * for 4 SENT from 15 to 16 at 1316051254.057762 standard 1
AFTER_LOCK2 * for 4 SENT from 15 to 16 at 1316051254.057763 standard 1
VSS_READY 219 for 4 SENT from 15 to 16 at 1316051254.057763 standard 1
BEFORE_LOCK * for 4 SENT from 15 to 17 at 1316051254.060519 standard 1
AFTER_LOCK * for 4 SENT from 15 to 17 at 1316051254.060520 standard 1
AFTER_AFTER_LOCK * for 4 SENT from 15 to 17 at 1316051254.060639 standard 1
AFTER_LOCK2 * for 4 SENT from 15 to 17 at 1316051254.060639 standard 1
VSS_READY 220 for 4 SENT from 15 to 17 at 1316051254.060640 standard 1
BEFORE_LOCK * for 4 SENT from 15 to 18 at 1316051254.063826 standard 1
AFTER_LOCK * for 4 SENT from 15 to 18 at 1316051254.063827 standard 1
AFTER_AFTER_LOCK * for 4 SENT from 15 to 18 at 1316051254.063941 standard 1
AFTER_LOCK2 * for 4 SENT from 15 to 18 at 1316051254.063941 standard 1
VSS_READY 221 for 4 SENT from 15 to 18 at 1316051254.063941 standard 1
BEFORE_LOCK * for 4 SENT from 15 to 19 at 1316051254.067014 standard 1
AFTER_LOCK * for 4 SENT from 15 to 19 at 1316051254.067015 standard 1
AFTER_AFTER_LOCK * for 4 SENT from 15 to 19 at 1316051254.067093 standard 1
AFTER_LOCK2 * for 4 SENT from 15 to 19 at 1316051254.067094 standard 1
VSS_READY 222 for 4 SENT from 15 to 19 at 1316051254.067094 standard 1
BEFORE_LOCK * for 4 SENT from 15 to 20 at 1316051254.069816 standard 1
AFTER_LOCK * for 4 SENT from 15 to 20 at 1316051254.069817 standard 1
AFTER_AFTER_LOCK * for 4 SENT from 15 to 20 at 1316051254.069936 standard 1
AFTER_LOCK2 * for 4 SENT from 15 to 20 at 1316051254.069936 standard 1
VSS_READY 223 for 4 SENT from 15 to 20 at 1316051254.069937 standard 1
VSS_READY 189 for 4 RECEIVED from 14 to 15 at 1316051254.070010
VSS_READY 160 for 4 RECEIVED from 11 to 15 at 1316051254.093540
VSS_READY 218 for 4 RECEIVED from 15 to 15 at 1316051254.117097
VSS_READY 189 for 4 RECEIVED from 16 to 15 at 1316051254.140696
VSS_READY 196 for 4 RECEIVED from 19 to 15 at 1316051254.164255
VSS_READY 210 for 4 RECEIVED from 12 to 15 at 1316051254.188592
VSS_READY 189 for 4 RECEIVED from 17 to 15 at 1316051254.210044
VSS_READY 189 for 4 RECEIVED from 7 to 15 at 1316051254.227467
VSS_READY 159 for 4 RECEIVED from 18 to 15 at 1316051254.309239



*============================================
*2ENOUGH VSS_READY message for 15 at 1316051254.309239
*Threshold : Ready = 12
*Received Ready Message Num = 12
*VSS Share is complete for dealer 4
============================================

BEFORE_LOCK * for 4 SENT from 15 to 1 at 1316051254.327679 standard 1
AFTER_LOCK * for 4 SENT from 15 to 1 at 1316051254.327680 standard 1
AFTER_AFTER_LOCK * for 4 SENT from 15 to 1 at 1316051254.327831 standard 1
AFTER_LOCK2 * for 4 SENT from 15 to 1 at 1316051254.327831 standard 1
VSS_SHARED 305 for 4 SENT from 15 to 1 at 1316051254.327851 standard 1
VSS_ECHO 507 for 5 RECEIVED from 1 to 15 at 1316051254.862696
VSS_ECHO 308 for 5 RECEIVED from 19 to 15 at 1316051255.175857
VSS_ECHO 286 for 4 RECEIVED from 4 to 15 at 1316051255.219455
VSS_READY 176 for 4 RECEIVED from 5 to 15 at 1316051255.367173
VSS_ECHO 305 for 5 RECEIVED from 11 to 15 at 1316051255.467604
VSS_ECHO 341 for 5 RECEIVED from 4 to 15 at 1316051255.517942
VSS_ECHO 328 for 5 RECEIVED from 12 to 15 at 1316051255.558859
VSS_ECHO 334 for 5 RECEIVED from 7 to 15 at 1316051255.572727
VSS_ECHO 333 for 5 RECEIVED from 16 to 15 at 1316051255.586187
VSS_ECHO 345 for 5 RECEIVED from 9 to 15 at 1316051255.599884
VSS_ECHO 346 for 5 RECEIVED from 10 to 15 at 1316051255.676898
VSS_ECHO 347 for 5 RECEIVED from 14 to 15 at 1316051255.712240
VSS_ECHO 222 for 4 RECEIVED from 5 to 15 at 1316051255.901646
VSS_ECHO 557 for 2 RECEIVED from 1 to 15 at 1316051256.203079
VSS_ECHO 381 for 2 RECEIVED from 9 to 15 at 1316051256.290285
VSS_ECHO 364 for 2 RECEIVED from 12 to 15 at 1316051256.310848
VSS_SEND 17 for * RECEIVED from 2 to 15 at 1316051256.411019
VSSECHO_STAGE3 * for * SENT from * to * at 1316051256.436132
VSSECHO_STAGE4 * for * SENT from * to * at 1316051256.436230
BEFORE_LOCK * for 2 SENT from 15 to 1 at 1316051256.436264 standard 1
AFTER_LOCK * for 2 SENT from 15 to 1 at 1316051256.436265 standard 1
AFTER_AFTER_LOCK * for 2 SENT from 15 to 1 at 1316051256.436350 standard 1
AFTER_LOCK2 * for 2 SENT from 15 to 1 at 1316051256.436350 standard 1
VSS_ECHO 331 for 2 SENT from 15 to 1 at 1316051256.436380 standard 1
VSSECHO_STAGE3 * for * SENT from * to * at 1316051256.436397
VSSECHO_STAGE4 * for * SENT from * to * at 1316051256.436497
BEFORE_LOCK * for 2 SENT from 15 to 2 at 1316051256.436509 standard 1
AFTER_LOCK * for 2 SENT from 15 to 2 at 1316051256.436510 standard 1
AFTER_AFTER_LOCK * for 2 SENT from 15 to 2 at 1316051256.436523 standard 1
AFTER_LOCK2 * for 2 SENT from 15 to 2 at 1316051256.436524 standard 1
VSS_ECHO 332 for 2 SENT from 15 to 2 at 1316051256.436545 standard 1
VSSECHO_STAGE3 * for * SENT from * to * at 1316051256.436560
VSSECHO_STAGE4 * for * SENT from * to * at 1316051256.436649
BEFORE_LOCK * for 2 SENT from 15 to 3 at 1316051256.436656 standard 1
AFTER_LOCK * for 2 SENT from 15 to 3 at 1316051256.436657 standard 1
AFTER_AFTER_LOCK * for 2 SENT from 15 to 3 at 1316051256.436657 standard 1
AFTER_LOCK2 * for 2 SENT from 15 to 3 at 1316051256.436658 standard 1
VSS_ECHO 333 for 2 SENT from 15 to 3 at 1316051256.436677 standard 1
VSSECHO_STAGE3 * for * SENT from * to * at 1316051256.436690
VSSECHO_STAGE4 * for * SENT from * to * at 1316051256.436780
BEFORE_LOCK * for 2 SENT from 15 to 4 at 1316051256.436788 standard 1
AFTER_LOCK * for 2 SENT from 15 to 4 at 1316051256.436788 standard 1
AFTER_AFTER_LOCK * for 2 SENT from 15 to 4 at 1316051256.436801 standard 1
AFTER_LOCK2 * for 2 SENT from 15 to 4 at 1316051256.436801 standard 1
VSS_ECHO 334 for 2 SENT from 15 to 4 at 1316051256.436827 standard 1
VSSECHO_STAGE3 * for * SENT from * to * at 1316051256.436842
VSSECHO_STAGE4 * for * SENT from * to * at 1316051256.436934
BEFORE_LOCK * for 2 SENT from 15 to 5 at 1316051256.436942 standard 1
AFTER_LOCK * for 2 SENT from 15 to 5 at 1316051256.436943 standard 1
AFTER_AFTER_LOCK * for 2 SENT from 15 to 5 at 1316051256.436955 standard 1
AFTER_LOCK2 * for 2 SENT from 15 to 5 at 1316051256.436956 standard 1
VSS_ECHO 335 for 2 SENT from 15 to 5 at 1316051256.436981 standard 1
VSSECHO_STAGE3 * for * SENT from * to * at 1316051256.436996
VSSECHO_STAGE4 * for * SENT from * to * at 1316051256.437100
BEFORE_LOCK * for 2 SENT from 15 to 6 at 1316051256.437108 standard 1
AFTER_LOCK * for 2 SENT from 15 to 6 at 1316051256.437109 standard 1
AFTER_AFTER_LOCK * for 2 SENT from 15 to 6 at 1316051256.437228 standard 1
AFTER_LOCK2 * for 2 SENT from 15 to 6 at 1316051256.437228 standard 1
VSS_ECHO 336 for 2 SENT from 15 to 6 at 1316051256.437256 standard 1
VSSECHO_STAGE3 * for * SENT from * to * at 1316051256.437272
VSSECHO_STAGE4 * for * SENT from * to * at 1316051256.437366
BEFORE_LOCK * for 2 SENT from 15 to 7 at 1316051256.437374 standard 1
AFTER_LOCK * for 2 SENT from 15 to 7 at 1316051256.437375 standard 1
AFTER_AFTER_LOCK * for 2 SENT from 15 to 7 at 1316051256.437388 standard 1
AFTER_LOCK2 * for 2 SENT from 15 to 7 at 1316051256.437388 standard 1
VSS_ECHO 337 for 2 SENT from 15 to 7 at 1316051256.437409 standard 1
VSSECHO_STAGE3 * for * SENT from * to * at 1316051256.437424
VSSECHO_STAGE4 * for * SENT from * to * at 1316051256.437520
BEFORE_LOCK * for 2 SENT from 15 to 8 at 1316051256.437528 standard 1
AFTER_LOCK * for 2 SENT from 15 to 8 at 1316051256.437529 standard 1
AFTER_AFTER_LOCK * for 2 SENT from 15 to 8 at 1316051256.437529 standard 1
AFTER_LOCK2 * for 2 SENT from 15 to 8 at 1316051256.437529 standard 1
VSS_ECHO 338 for 2 SENT from 15 to 8 at 1316051256.437554 standard 1
VSSECHO_STAGE3 * for * SENT from * to * at 1316051256.437568
VSSECHO_STAGE4 * for * SENT from * to * at 1316051256.437658
BEFORE_LOCK * for 2 SENT from 15 to 9 at 1316051256.437665 standard 1
AFTER_LOCK * for 2 SENT from 15 to 9 at 1316051256.437666 standard 1
AFTER_AFTER_LOCK * for 2 SENT from 15 to 9 at 1316051256.437679 standard 1
AFTER_LOCK2 * for 2 SENT from 15 to 9 at 1316051256.437679 standard 1
VSS_ECHO 339 for 2 SENT from 15 to 9 at 1316051256.437720 standard 1
VSSECHO_STAGE3 * for * SENT from * to * at 1316051256.437738
VSSECHO_STAGE4 * for * SENT from * to * at 1316051256.437829
BEFORE_LOCK * for 2 SENT from 15 to 10 at 1316051256.437836 standard 1
AFTER_LOCK * for 2 SENT from 15 to 10 at 1316051256.437837 standard 1
AFTER_AFTER_LOCK * for 2 SENT from 15 to 10 at 1316051256.437849 standard 1
AFTER_LOCK2 * for 2 SENT from 15 to 10 at 1316051256.437849 standard 1
VSS_ECHO 340 for 2 SENT from 15 to 10 at 1316051256.437874 standard 1
VSSECHO_STAGE3 * for * SENT from * to * at 1316051256.437889
VSSECHO_STAGE4 * for * SENT from * to * at 1316051256.437982
BEFORE_LOCK * for 2 SENT from 15 to 11 at 1316051256.437989 standard 1
AFTER_LOCK * for 2 SENT from 15 to 11 at 1316051256.437990 standard 1
AFTER_AFTER_LOCK * for 2 SENT from 15 to 11 at 1316051256.438333 standard 1
AFTER_LOCK2 * for 2 SENT from 15 to 11 at 1316051256.438333 standard 1
VSS_ECHO 341 for 2 SENT from 15 to 11 at 1316051256.438356 standard 1
VSSECHO_STAGE3 * for * SENT from * to * at 1316051256.438371
VSSECHO_STAGE4 * for * SENT from * to * at 1316051256.438462
BEFORE_LOCK * for 2 SENT from 15 to 12 at 1316051256.438469 standard 1
AFTER_LOCK * for 2 SENT from 15 to 12 at 1316051256.438470 standard 1
AFTER_AFTER_LOCK * for 2 SENT from 15 to 12 at 1316051256.438484 standard 1
AFTER_LOCK2 * for 2 SENT from 15 to 12 at 1316051256.438485 standard 1
VSS_ECHO 342 for 2 SENT from 15 to 12 at 1316051256.438512 standard 1
VSSECHO_STAGE3 * for * SENT from * to * at 1316051256.438528
VSSECHO_STAGE4 * for * SENT from * to * at 1316051256.438621
BEFORE_LOCK * for 2 SENT from 15 to 13 at 1316051256.438629 standard 1
AFTER_LOCK * for 2 SENT from 15 to 13 at 1316051256.438630 standard 1
AFTER_AFTER_LOCK * for 2 SENT from 15 to 13 at 1316051256.438644 standard 1
AFTER_LOCK2 * for 2 SENT from 15 to 13 at 1316051256.438644 standard 1
VSS_ECHO 343 for 2 SENT from 15 to 13 at 1316051256.438669 standard 1
VSSECHO_STAGE3 * for * SENT from * to * at 1316051256.438684
VSSECHO_STAGE4 * for * SENT from * to * at 1316051256.438777
BEFORE_LOCK * for 2 SENT from 15 to 14 at 1316051256.438785 standard 1
AFTER_LOCK * for 2 SENT from 15 to 14 at 1316051256.438786 standard 1
AFTER_AFTER_LOCK * for 2 SENT from 15 to 14 at 1316051256.438860 standard 1
AFTER_LOCK2 * for 2 SENT from 15 to 14 at 1316051256.438860 standard 1
VSS_ECHO 344 for 2 SENT from 15 to 14 at 1316051256.438891 standard 1
VSSECHO_STAGE3 * for * SENT from * to * at 1316051256.438906
VSSECHO_STAGE4 * for * SENT from * to * at 1316051256.438998
BEFORE_LOCK * for 2 SENT from 15 to 15 at 1316051256.439006 standard 1
AFTER_LOCK * for 2 SENT from 15 to 15 at 1316051256.439007 standard 1
AFTER_AFTER_LOCK * for 2 SENT from 15 to 15 at 1316051256.439020 standard 1
AFTER_LOCK2 * for 2 SENT from 15 to 15 at 1316051256.439020 standard 1
VSS_ECHO 345 for 2 SENT from 15 to 15 at 1316051256.439047 standard 1
VSSECHO_STAGE3 * for * SENT from * to * at 1316051256.439063
VSSECHO_STAGE4 * for * SENT from * to * at 1316051256.439155
BEFORE_LOCK * for 2 SENT from 15 to 16 at 1316051256.439163 standard 1
AFTER_LOCK * for 2 SENT from 15 to 16 at 1316051256.439164 standard 1
AFTER_AFTER_LOCK * for 2 SENT from 15 to 16 at 1316051256.439177 standard 1
AFTER_LOCK2 * for 2 SENT from 15 to 16 at 1316051256.439177 standard 1
VSS_ECHO 346 for 2 SENT from 15 to 16 at 1316051256.439198 standard 1
VSSECHO_STAGE3 * for * SENT from * to * at 1316051256.439213
VSSECHO_STAGE4 * for * SENT from * to * at 1316051256.439304
BEFORE_LOCK * for 2 SENT from 15 to 17 at 1316051256.439312 standard 1
AFTER_LOCK * for 2 SENT from 15 to 17 at 1316051256.439313 standard 1
AFTER_AFTER_LOCK * for 2 SENT from 15 to 17 at 1316051256.439325 standard 1
AFTER_LOCK2 * for 2 SENT from 15 to 17 at 1316051256.439326 standard 1
VSS_ECHO 347 for 2 SENT from 15 to 17 at 1316051256.439351 standard 1
VSSECHO_STAGE3 * for * SENT from * to * at 1316051256.439366
VSSECHO_STAGE4 * for * SENT from * to * at 1316051256.439456
BEFORE_LOCK * for 2 SENT from 15 to 18 at 1316051256.439463 standard 1
AFTER_LOCK * for 2 SENT from 15 to 18 at 1316051256.439464 standard 1
AFTER_AFTER_LOCK * for 2 SENT from 15 to 18 at 1316051256.439476 standard 1
AFTER_LOCK2 * for 2 SENT from 15 to 18 at 1316051256.439477 standard 1
VSS_ECHO 348 for 2 SENT from 15 to 18 at 1316051256.439537 standard 1
VSSECHO_STAGE3 * for * SENT from * to * at 1316051256.439553
VSSECHO_STAGE4 * for * SENT from * to * at 1316051256.439642
BEFORE_LOCK * for 2 SENT from 15 to 19 at 1316051256.439649 standard 1
AFTER_LOCK * for 2 SENT from 15 to 19 at 1316051256.439650 standard 1
AFTER_AFTER_LOCK * for 2 SENT from 15 to 19 at 1316051256.439766 standard 1
AFTER_LOCK2 * for 2 SENT from 15 to 19 at 1316051256.439766 standard 1
VSS_ECHO 349 for 2 SENT from 15 to 19 at 1316051256.439793 standard 1
VSSECHO_STAGE3 * for * SENT from * to * at 1316051256.439808
VSSECHO_STAGE4 * for * SENT from * to * at 1316051256.439899
BEFORE_LOCK * for 2 SENT from 15 to 20 at 1316051256.439907 standard 1
AFTER_LOCK * for 2 SENT from 15 to 20 at 1316051256.439908 standard 1
AFTER_AFTER_LOCK * for 2 SENT from 15 to 20 at 1316051256.439923 standard 1
AFTER_LOCK2 * for 2 SENT from 15 to 20 at 1316051256.439923 standard 1
VSS_ECHO 350 for 2 SENT from 15 to 20 at 1316051256.439944 standard 1
VSS_ECHO 382 for 2 RECEIVED from 10 to 15 at 1316051256.439976
VSS_ECHO 354 for 2 RECEIVED from 11 to 15 at 1316051256.453642
VSS_ECHO 345 for 2 RECEIVED from 15 to 15 at 1316051256.467183
VSS_ECHO 374 for 2 RECEIVED from 19 to 15 at 1316051256.480715
VSS_ECHO 45 for 1 RECEIVED from 2 to 15 at 1316051256.494353
VSS_READY 598 for 2 RECEIVED from 1 to 15 at 1316051257.384581
VSS_READY 439 for 2 RECEIVED from 12 to 15 at 1316051257.408347
VSS_READY 413 for 2 RECEIVED from 9 to 15 at 1316051257.431345



============================================
*1ENOUGH VSS_READY message for 15 at 1316051257.431345
*Threshold : Ready = 3
*Received Ready Message Num = 3
*Ready messages are sending out...
============================================

BEFORE_LOCK * for 2 SENT from 15 to 1 at 1316051257.458617 standard 1
AFTER_LOCK * for 2 SENT from 15 to 1 at 1316051257.458619 standard 1
AFTER_AFTER_LOCK * for 2 SENT from 15 to 1 at 1316051257.458747 standard 1
AFTER_LOCK2 * for 2 SENT from 15 to 1 at 1316051257.458747 standard 1
VSS_READY 392 for 2 SENT from 15 to 1 at 1316051257.458748 standard 1
BEFORE_LOCK * for 2 SENT from 15 to 2 at 1316051257.461596 standard 1
AFTER_LOCK * for 2 SENT from 15 to 2 at 1316051257.461597 standard 1
AFTER_AFTER_LOCK * for 2 SENT from 15 to 2 at 1316051257.461885 standard 1
AFTER_LOCK2 * for 2 SENT from 15 to 2 at 1316051257.461885 standard 1
VSS_READY 393 for 2 SENT from 15 to 2 at 1316051257.461886 standard 1
BEFORE_LOCK * for 2 SENT from 15 to 3 at 1316051257.464744 standard 1
AFTER_LOCK * for 2 SENT from 15 to 3 at 1316051257.464744 standard 1
AFTER_AFTER_LOCK * for 2 SENT from 15 to 3 at 1316051257.464745 standard 1
AFTER_LOCK2 * for 2 SENT from 15 to 3 at 1316051257.464745 standard 1
VSS_READY 394 for 2 SENT from 15 to 3 at 1316051257.464746 standard 1
BEFORE_LOCK * for 2 SENT from 15 to 4 at 1316051257.467437 standard 1
AFTER_LOCK * for 2 SENT from 15 to 4 at 1316051257.467438 standard 1
AFTER_AFTER_LOCK * for 2 SENT from 15 to 4 at 1316051257.467560 standard 1
AFTER_LOCK2 * for 2 SENT from 15 to 4 at 1316051257.467561 standard 1
VSS_READY 395 for 2 SENT from 15 to 4 at 1316051257.467561 standard 1
BEFORE_LOCK * for 2 SENT from 15 to 5 at 1316051257.470351 standard 1
AFTER_LOCK * for 2 SENT from 15 to 5 at 1316051257.470352 standard 1
AFTER_AFTER_LOCK * for 2 SENT from 15 to 5 at 1316051257.470476 standard 1
AFTER_LOCK2 * for 2 SENT from 15 to 5 at 1316051257.470477 standard 1
VSS_READY 396 for 2 SENT from 15 to 5 at 1316051257.470477 standard 1
BEFORE_LOCK * for 2 SENT from 15 to 6 at 1316051257.473264 standard 1
AFTER_LOCK * for 2 SENT from 15 to 6 at 1316051257.473265 standard 1
AFTER_AFTER_LOCK * for 2 SENT from 15 to 6 at 1316051257.473427 standard 1
AFTER_LOCK2 * for 2 SENT from 15 to 6 at 1316051257.473427 standard 1
VSS_READY 397 for 2 SENT from 15 to 6 at 1316051257.473428 standard 1
BEFORE_LOCK * for 2 SENT from 15 to 7 at 1316051257.476306 standard 1
AFTER_LOCK * for 2 SENT from 15 to 7 at 1316051257.476307 standard 1
AFTER_AFTER_LOCK * for 2 SENT from 15 to 7 at 1316051257.476425 standard 1
AFTER_LOCK2 * for 2 SENT from 15 to 7 at 1316051257.476425 standard 1
VSS_READY 398 for 2 SENT from 15 to 7 at 1316051257.476426 standard 1
BEFORE_LOCK * for 2 SENT from 15 to 8 at 1316051257.479092 standard 1
AFTER_LOCK * for 2 SENT from 15 to 8 at 1316051257.479092 standard 1
AFTER_AFTER_LOCK * for 2 SENT from 15 to 8 at 1316051257.479093 standard 1
AFTER_LOCK2 * for 2 SENT from 15 to 8 at 1316051257.479093 standard 1
VSS_READY 399 for 2 SENT from 15 to 8 at 1316051257.479094 standard 1
BEFORE_LOCK * for 2 SENT from 15 to 9 at 1316051257.482083 standard 1
AFTER_LOCK * for 2 SENT from 15 to 9 at 1316051257.482084 standard 1
AFTER_AFTER_LOCK * for 2 SENT from 15 to 9 at 1316051257.482199 standard 1
AFTER_LOCK2 * for 2 SENT from 15 to 9 at 1316051257.482200 standard 1
VSS_READY 400 for 2 SENT from 15 to 9 at 1316051257.482200 standard 1
BEFORE_LOCK * for 2 SENT from 15 to 10 at 1316051257.484839 standard 1
AFTER_LOCK * for 2 SENT from 15 to 10 at 1316051257.484840 standard 1
AFTER_AFTER_LOCK * for 2 SENT from 15 to 10 at 1316051257.484914 standard 1
AFTER_LOCK2 * for 2 SENT from 15 to 10 at 1316051257.484914 standard 1
VSS_READY 401 for 2 SENT from 15 to 10 at 1316051257.484915 standard 1
BEFORE_LOCK * for 2 SENT from 15 to 11 at 1316051257.487664 standard 1
AFTER_LOCK * for 2 SENT from 15 to 11 at 1316051257.487665 standard 1
AFTER_AFTER_LOCK * for 2 SENT from 15 to 11 at 1316051257.487785 standard 1
AFTER_LOCK2 * for 2 SENT from 15 to 11 at 1316051257.487785 standard 1
VSS_READY 402 for 2 SENT from 15 to 11 at 1316051257.487786 standard 1
BEFORE_LOCK * for 2 SENT from 15 to 12 at 1316051257.490585 standard 1
AFTER_LOCK * for 2 SENT from 15 to 12 at 1316051257.490586 standard 1
AFTER_AFTER_LOCK * for 2 SENT from 15 to 12 at 1316051257.490702 standard 1
AFTER_LOCK2 * for 2 SENT from 15 to 12 at 1316051257.490702 standard 1
VSS_READY 403 for 2 SENT from 15 to 12 at 1316051257.490702 standard 1
BEFORE_LOCK * for 2 SENT from 15 to 13 at 1316051257.493589 standard 1
AFTER_LOCK * for 2 SENT from 15 to 13 at 1316051257.493590 standard 1
AFTER_AFTER_LOCK * for 2 SENT from 15 to 13 at 1316051257.493707 standard 1
AFTER_LOCK2 * for 2 SENT from 15 to 13 at 1316051257.493707 standard 1
VSS_READY 404 for 2 SENT from 15 to 13 at 1316051257.493708 standard 1
BEFORE_LOCK * for 2 SENT from 15 to 14 at 1316051257.496509 standard 1
AFTER_LOCK * for 2 SENT from 15 to 14 at 1316051257.496510 standard 1
AFTER_AFTER_LOCK * for 2 SENT from 15 to 14 at 1316051257.496626 standard 1
AFTER_LOCK2 * for 2 SENT from 15 to 14 at 1316051257.496626 standard 1
VSS_READY 405 for 2 SENT from 15 to 14 at 1316051257.496627 standard 1
BEFORE_LOCK * for 2 SENT from 15 to 15 at 1316051257.499398 standard 1
AFTER_LOCK * for 2 SENT from 15 to 15 at 1316051257.499399 standard 1
AFTER_AFTER_LOCK * for 2 SENT from 15 to 15 at 1316051257.499572 standard 1
AFTER_LOCK2 * for 2 SENT from 15 to 15 at 1316051257.499573 standard 1
VSS_READY 406 for 2 SENT from 15 to 15 at 1316051257.499573 standard 1
BEFORE_LOCK * for 2 SENT from 15 to 16 at 1316051257.502339 standard 1
AFTER_LOCK * for 2 SENT from 15 to 16 at 1316051257.502340 standard 1
AFTER_AFTER_LOCK * for 2 SENT from 15 to 16 at 1316051257.502461 standard 1
AFTER_LOCK2 * for 2 SENT from 15 to 16 at 1316051257.502462 standard 1
VSS_READY 407 for 2 SENT from 15 to 16 at 1316051257.502462 standard 1
BEFORE_LOCK * for 2 SENT from 15 to 17 at 1316051257.505269 standard 1
AFTER_LOCK * for 2 SENT from 15 to 17 at 1316051257.505270 standard 1
AFTER_AFTER_LOCK * for 2 SENT from 15 to 17 at 1316051257.505593 standard 1
AFTER_LOCK2 * for 2 SENT from 15 to 17 at 1316051257.505594 standard 1
VSS_READY 408 for 2 SENT from 15 to 17 at 1316051257.505594 standard 1
BEFORE_LOCK * for 2 SENT from 15 to 18 at 1316051257.508281 standard 1
AFTER_LOCK * for 2 SENT from 15 to 18 at 1316051257.508282 standard 1
AFTER_AFTER_LOCK * for 2 SENT from 15 to 18 at 1316051257.508400 standard 1
AFTER_LOCK2 * for 2 SENT from 15 to 18 at 1316051257.508400 standard 1
VSS_READY 409 for 2 SENT from 15 to 18 at 1316051257.508401 standard 1
BEFORE_LOCK * for 2 SENT from 15 to 19 at 1316051257.511252 standard 1
AFTER_LOCK * for 2 SENT from 15 to 19 at 1316051257.511254 standard 1
AFTER_AFTER_LOCK * for 2 SENT from 15 to 19 at 1316051257.511608 standard 1
AFTER_LOCK2 * for 2 SENT from 15 to 19 at 1316051257.511608 standard 1
VSS_READY 410 for 2 SENT from 15 to 19 at 1316051257.511609 standard 1
BEFORE_LOCK * for 2 SENT from 15 to 20 at 1316051257.514434 standard 1
AFTER_LOCK * for 2 SENT from 15 to 20 at 1316051257.514435 standard 1
AFTER_AFTER_LOCK * for 2 SENT from 15 to 20 at 1316051257.514561 standard 1
AFTER_LOCK2 * for 2 SENT from 15 to 20 at 1316051257.514562 standard 1
VSS_READY 411 for 2 SENT from 15 to 20 at 1316051257.514562 standard 1
VSS_ECHO 368 for 2 RECEIVED from 17 to 15 at 1316051257.514625
VSS_READY 441 for 2 RECEIVED from 10 to 15 at 1316051257.528157
VSS_ECHO 390 for 2 RECEIVED from 14 to 15 at 1316051257.551114
VSS_ECHO 405 for 2 RECEIVED from 4 to 15 at 1316051257.564624
VSS_READY 272 for 2 RECEIVED from 5 to 15 at 1316051257.578016
VSS_ECHO 383 for 2 RECEIVED from 7 to 15 at 1316051257.601808
VSS_READY 393 for 2 RECEIVED from 11 to 15 at 1316051257.615262
VSS_READY 406 for 2 RECEIVED from 15 to 15 at 1316051257.638998
VSS_ECHO 382 for 2 RECEIVED from 16 to 15 at 1316051257.662556
VSS_READY 403 for 2 RECEIVED from 19 to 15 at 1316051257.676098
VSS_READY 101 for 1 RECEIVED from 2 to 15 at 1316051257.699701
DKG_SEND 823 for * RECEIVED from 1 to 15 at 1316051257.722378
DKG_ECHO 500 for 1 SENT from 15 to 1 at 1316051257.847707 standard 1
DKG_ECHO 501 for 1 SENT from 15 to 2 at 1316051257.849734 standard 1
DKG_ECHO 502 for 1 SENT from 15 to 3 at 1316051257.851605 standard 1
DKG_ECHO 503 for 1 SENT from 15 to 4 at 1316051257.853822 standard 1
DKG_ECHO 504 for 1 SENT from 15 to 5 at 1316051257.855982 standard 1
DKG_ECHO 505 for 1 SENT from 15 to 6 at 1316051257.858134 standard 1
DKG_ECHO 506 for 1 SENT from 15 to 7 at 1316051257.860224 standard 1
DKG_ECHO 507 for 1 SENT from 15 to 8 at 1316051257.862118 standard 1
DKG_ECHO 508 for 1 SENT from 15 to 9 at 1316051257.864079 standard 1
DKG_ECHO 509 for 1 SENT from 15 to 10 at 1316051257.865946 standard 1
DKG_ECHO 510 for 1 SENT from 15 to 11 at 1316051257.868329 standard 1
DKG_ECHO 511 for 1 SENT from 15 to 12 at 1316051257.870408 standard 1
DKG_ECHO 512 for 1 SENT from 15 to 13 at 1316051257.872466 standard 1
DKG_ECHO 513 for 1 SENT from 15 to 14 at 1316051257.874697 standard 1
DKG_ECHO 514 for 1 SENT from 15 to 15 at 1316051257.876713 standard 1
DKG_ECHO 515 for 1 SENT from 15 to 16 at 1316051257.878851 standard 1
DKG_ECHO 516 for 1 SENT from 15 to 17 at 1316051257.880959 standard 1
DKG_ECHO 517 for 1 SENT from 15 to 18 at 1316051257.883075 standard 1
DKG_ECHO 518 for 1 SENT from 15 to 19 at 1316051257.885284 standard 1
DKG_ECHO 519 for 1 SENT from 15 to 20 at 1316051257.887293 standard 1
DKG_ECHO 550 for 1 RECEIVED from 12 to 15 at 1316051257.887320
DKG_ECHO 599 for 1 RECEIVED from 9 to 15 at 1316051257.889635
VSS_READY 436 for 2 RECEIVED from 17 to 15 at 1316051257.891854
DKG_ECHO 599 for 1 RECEIVED from 10 to 15 at 1316051257.909582
VSS_READY 450 for 2 RECEIVED from 14 to 15 at 1316051257.912032
VSS_READY 435 for 2 RECEIVED from 4 to 15 at 1316051257.929277
DKG_ECHO 427 for 1 RECEIVED from 5 to 15 at 1316051257.946505
VSS_READY 414 for 2 RECEIVED from 7 to 15 at 1316051257.948796



*============================================
*2ENOUGH VSS_READY message for 15 at 1316051257.948796
*Threshold : Ready = 12
*Received Ready Message Num = 12
*VSS Share is complete for dealer 2
============================================

BEFORE_LOCK * for 2 SENT from 15 to 1 at 1316051257.967253 standard 1
AFTER_LOCK * for 2 SENT from 15 to 1 at 1316051257.967254 standard 1
AFTER_AFTER_LOCK * for 2 SENT from 15 to 1 at 1316051257.967408 standard 1
AFTER_LOCK2 * for 2 SENT from 15 to 1 at 1316051257.967409 standard 1
VSS_SHARED 609 for 2 SENT from 15 to 1 at 1316051257.967451 standard 1
DKG_ECHO 571 for 1 RECEIVED from 11 to 15 at 1316051257.967494
DKG_ECHO 514 for 1 RECEIVED from 15 to 15 at 1316051257.969716
VSS_READY 457 for 2 RECEIVED from 16 to 15 at 1316051257.972133
DKG_ECHO 566 for 1 RECEIVED from 19 to 15 at 1316051257.989467
VSS_READY 164 for 2 RECEIVED from 2 to 15 at 1316051257.991898
DKG_ECHO 914 for 1 RECEIVED from 1 to 15 at 1316051258.009524
DKG_READY 777 for 1 RECEIVED from 12 to 15 at 1316051258.011794
DKG_READY 784 for 1 RECEIVED from 9 to 15 at 1316051258.014011
DKG_ECHO 579 for 1 RECEIVED from 17 to 15 at 1316051258.016238
DKG_READY 759 for 1 RECEIVED from 10 to 15 at 1316051258.018555



============================================
*1ENOUGH DKG_READY message for 15 at 1316051258.018555
*Threshold : Ready = 3
*Received Ready Message Num = 3
*DKG_Readys are sent out...
============================================

DKG_READY 737 for 1 SENT from 15 to 1 at 1316051258.022985 standard 1
DKG_READY 738 for 1 SENT from 15 to 2 at 1316051258.025203 standard 1
DKG_READY 739 for 1 SENT from 15 to 3 at 1316051258.027310 standard 1
DKG_READY 740 for 1 SENT from 15 to 4 at 1316051258.029193 standard 1
DKG_READY 741 for 1 SENT from 15 to 5 at 1316051258.031287 standard 1
DKG_READY 742 for 1 SENT from 15 to 6 at 1316051258.033396 standard 1
DKG_READY 743 for 1 SENT from 15 to 7 at 1316051258.035378 standard 1
DKG_READY 744 for 1 SENT from 15 to 8 at 1316051258.037328 standard 1
DKG_READY 745 for 1 SENT from 15 to 9 at 1316051258.039413 standard 1
DKG_READY 746 for 1 SENT from 15 to 10 at 1316051258.041685 standard 1
DKG_READY 747 for 1 SENT from 15 to 11 at 1316051258.043708 standard 1
DKG_READY 748 for 1 SENT from 15 to 12 at 1316051258.046073 standard 1
DKG_READY 749 for 1 SENT from 15 to 13 at 1316051258.048075 standard 1
DKG_READY 750 for 1 SENT from 15 to 14 at 1316051258.050063 standard 1
DKG_READY 751 for 1 SENT from 15 to 15 at 1316051258.052128 standard 1
DKG_READY 752 for 1 SENT from 15 to 16 at 1316051258.054074 standard 1
DKG_READY 753 for 1 SENT from 15 to 17 at 1316051258.056171 standard 1
DKG_READY 754 for 1 SENT from 15 to 18 at 1316051258.058188 standard 1
DKG_READY 755 for 1 SENT from 15 to 19 at 1316051258.060249 standard 1
DKG_READY 756 for 1 SENT from 15 to 20 at 1316051258.062597 standard 1
DKG_ECHO 600 for 1 RECEIVED from 14 to 15 at 1316051258.062629
DKG_ECHO 598 for 1 RECEIVED from 4 to 15 at 1316051258.064819
DKG_READY 634 for 1 RECEIVED from 5 to 15 at 1316051258.067258
DKG_ECHO 600 for 1 RECEIVED from 7 to 15 at 1316051258.069692
DKG_READY 731 for 1 RECEIVED from 11 to 15 at 1316051258.072051
DKG_READY 751 for 1 RECEIVED from 15 to 15 at 1316051258.074223
DKG_ECHO 577 for 1 RECEIVED from 16 to 15 at 1316051258.076807
DKG_READY 749 for 1 RECEIVED from 19 to 15 at 1316051258.079130
VSS_SEND 17 for * RECEIVED from 3 to 15 at 1316051258.081314
VSSECHO_STAGE3 * for * SENT from * to * at 1316051258.099932
VSSECHO_STAGE4 * for * SENT from * to * at 1316051258.100009
BEFORE_LOCK * for 3 SENT from 15 to 1 at 1316051258.100015 standard 1
AFTER_LOCK * for 3 SENT from 15 to 1 at 1316051258.100016 standard 1
AFTER_AFTER_LOCK * for 3 SENT from 15 to 1 at 1316051258.100083 standard 1
AFTER_LOCK2 * for 3 SENT from 15 to 1 at 1316051258.100084 standard 1
VSS_ECHO 878 for 3 SENT from 15 to 1 at 1316051258.100103 standard 1
VSSECHO_STAGE3 * for * SENT from * to * at 1316051258.100118
VSSECHO_STAGE4 * for * SENT from * to * at 1316051258.100289
BEFORE_LOCK * for 3 SENT from 15 to 2 at 1316051258.100296 standard 1
AFTER_LOCK * for 3 SENT from 15 to 2 at 1316051258.100296 standard 1
AFTER_AFTER_LOCK * for 3 SENT from 15 to 2 at 1316051258.100308 standard 1
AFTER_LOCK2 * for 3 SENT from 15 to 2 at 1316051258.100308 standard 1
VSS_ECHO 879 for 3 SENT from 15 to 2 at 1316051258.100330 standard 1
VSSECHO_STAGE3 * for * SENT from * to * at 1316051258.100343
VSSECHO_STAGE4 * for * SENT from * to * at 1316051258.100428
BEFORE_LOCK * for 3 SENT from 15 to 3 at 1316051258.100434 standard 1
AFTER_LOCK * for 3 SENT from 15 to 3 at 1316051258.100435 standard 1
AFTER_AFTER_LOCK * for 3 SENT from 15 to 3 at 1316051258.100447 standard 1
AFTER_LOCK2 * for 3 SENT from 15 to 3 at 1316051258.100447 standard 1
VSS_ECHO 880 for 3 SENT from 15 to 3 at 1316051258.100490 standard 1
VSSECHO_STAGE3 * for * SENT from * to * at 1316051258.100502
VSSECHO_STAGE4 * for * SENT from * to * at 1316051258.100571
BEFORE_LOCK * for 3 SENT from 15 to 4 at 1316051258.100578 standard 1
AFTER_LOCK * for 3 SENT from 15 to 4 at 1316051258.100578 standard 1
AFTER_AFTER_LOCK * for 3 SENT from 15 to 4 at 1316051258.100588 standard 1
AFTER_LOCK2 * for 3 SENT from 15 to 4 at 1316051258.100588 standard 1
VSS_ECHO 881 for 3 SENT from 15 to 4 at 1316051258.100606 standard 1
VSSECHO_STAGE3 * for * SENT from * to * at 1316051258.100618
VSSECHO_STAGE4 * for * SENT from * to * at 1316051258.100687
BEFORE_LOCK * for 3 SENT from 15 to 5 at 1316051258.100692 standard 1
AFTER_LOCK * for 3 SENT from 15 to 5 at 1316051258.100693 standard 1
AFTER_AFTER_LOCK * for 3 SENT from 15 to 5 at 1316051258.100702 standard 1
AFTER_LOCK2 * for 3 SENT from 15 to 5 at 1316051258.100702 standard 1
VSS_ECHO 882 for 3 SENT from 15 to 5 at 1316051258.100724 standard 1
VSSECHO_STAGE3 * for * SENT from * to * at 1316051258.100737
VSSECHO_STAGE4 * for * SENT from * to * at 1316051258.100820
BEFORE_LOCK * for 3 SENT from 15 to 6 at 1316051258.100826 standard 1
AFTER_LOCK * for 3 SENT from 15 to 6 at 1316051258.100827 standard 1
AFTER_AFTER_LOCK * for 3 SENT from 15 to 6 at 1316051258.100918 standard 1
AFTER_LOCK2 * for 3 SENT from 15 to 6 at 1316051258.100919 standard 1
VSS_ECHO 883 for 3 SENT from 15 to 6 at 1316051258.100935 standard 1
VSSECHO_STAGE3 * for * SENT from * to * at 1316051258.100947
VSSECHO_STAGE4 * for * SENT from * to * at 1316051258.101015
BEFORE_LOCK * for 3 SENT from 15 to 7 at 1316051258.101020 standard 1
AFTER_LOCK * for 3 SENT from 15 to 7 at 1316051258.101021 standard 1
AFTER_AFTER_LOCK * for 3 SENT from 15 to 7 at 1316051258.101029 standard 1
AFTER_LOCK2 * for 3 SENT from 15 to 7 at 1316051258.101029 standard 1
VSS_ECHO 884 for 3 SENT from 15 to 7 at 1316051258.101046 standard 1
VSSECHO_STAGE3 * for * SENT from * to * at 1316051258.101058
VSSECHO_STAGE4 * for * SENT from * to * at 1316051258.101125
BEFORE_LOCK * for 3 SENT from 15 to 8 at 1316051258.101130 standard 1
AFTER_LOCK * for 3 SENT from 15 to 8 at 1316051258.101131 standard 1
AFTER_AFTER_LOCK * for 3 SENT from 15 to 8 at 1316051258.101131 standard 1
AFTER_LOCK2 * for 3 SENT from 15 to 8 at 1316051258.101132 standard 1
VSS_ECHO 885 for 3 SENT from 15 to 8 at 1316051258.101146 standard 1
VSSECHO_STAGE3 * for * SENT from * to * at 1316051258.101157
VSSECHO_STAGE4 * for * SENT from * to * at 1316051258.101223
BEFORE_LOCK * for 3 SENT from 15 to 9 at 1316051258.101228 standard 1
AFTER_LOCK * for 3 SENT from 15 to 9 at 1316051258.101229 standard 1
AFTER_AFTER_LOCK * for 3 SENT from 15 to 9 at 1316051258.101238 standard 1
AFTER_LOCK2 * for 3 SENT from 15 to 9 at 1316051258.101238 standard 1
VSS_ECHO 886 for 3 SENT from 15 to 9 at 1316051258.101255 standard 1
VSSECHO_STAGE3 * for * SENT from * to * at 1316051258.101267
VSSECHO_STAGE4 * for * SENT from * to * at 1316051258.101334
BEFORE_LOCK * for 3 SENT from 15 to 10 at 1316051258.101339 standard 1
AFTER_LOCK * for 3 SENT from 15 to 10 at 1316051258.101340 standard 1
AFTER_AFTER_LOCK * for 3 SENT from 15 to 10 at 1316051258.101349 standard 1
AFTER_LOCK2 * for 3 SENT from 15 to 10 at 1316051258.101349 standard 1
VSS_ECHO 887 for 3 SENT from 15 to 10 at 1316051258.101366 standard 1
VSSECHO_STAGE3 * for * SENT from * to * at 1316051258.101377
VSSECHO_STAGE4 * for * SENT from * to * at 1316051258.101445
BEFORE_LOCK * for 3 SENT from 15 to 11 at 1316051258.101450 standard 1
AFTER_LOCK * for 3 SENT from 15 to 11 at 1316051258.101451 standard 1
AFTER_AFTER_LOCK * for 3 SENT from 15 to 11 at 1316051258.101462 standard 1
AFTER_LOCK2 * for 3 SENT from 15 to 11 at 1316051258.101462 standard 1
VSS_ECHO 888 for 3 SENT from 15 to 11 at 1316051258.101478 standard 1
VSSECHO_STAGE3 * for * SENT from * to * at 1316051258.101506
VSSECHO_STAGE4 * for * SENT from * to * at 1316051258.101577
BEFORE_LOCK * for 3 SENT from 15 to 12 at 1316051258.101583 standard 1
AFTER_LOCK * for 3 SENT from 15 to 12 at 1316051258.101583 standard 1
AFTER_AFTER_LOCK * for 3 SENT from 15 to 12 at 1316051258.101721 standard 1
AFTER_LOCK2 * for 3 SENT from 15 to 12 at 1316051258.101722 standard 1
VSS_ECHO 889 for 3 SENT from 15 to 12 at 1316051258.101738 standard 1
VSSECHO_STAGE3 * for * SENT from * to * at 1316051258.101749
VSSECHO_STAGE4 * for * SENT from * to * at 1316051258.101824
BEFORE_LOCK * for 3 SENT from 15 to 13 at 1316051258.101832 standard 1
AFTER_LOCK * for 3 SENT from 15 to 13 at 1316051258.101832 standard 1
AFTER_AFTER_LOCK * for 3 SENT from 15 to 13 at 1316051258.101847 standard 1
AFTER_LOCK2 * for 3 SENT from 15 to 13 at 1316051258.101847 standard 1
VSS_ECHO 890 for 3 SENT from 15 to 13 at 1316051258.101863 standard 1
VSSECHO_STAGE3 * for * SENT from * to * at 1316051258.101875
VSSECHO_STAGE4 * for * SENT from * to * at 1316051258.101943
BEFORE_LOCK * for 3 SENT from 15 to 14 at 1316051258.101949 standard 1
AFTER_LOCK * for 3 SENT from 15 to 14 at 1316051258.101949 standard 1
AFTER_AFTER_LOCK * for 3 SENT from 15 to 14 at 1316051258.101957 standard 1
AFTER_LOCK2 * for 3 SENT from 15 to 14 at 1316051258.101957 standard 1
VSS_ECHO 891 for 3 SENT from 15 to 14 at 1316051258.101974 standard 1
VSSECHO_STAGE3 * for * SENT from * to * at 1316051258.101985
VSSECHO_STAGE4 * for * SENT from * to * at 1316051258.102053
BEFORE_LOCK * for 3 SENT from 15 to 15 at 1316051258.102058 standard 1
AFTER_LOCK * for 3 SENT from 15 to 15 at 1316051258.102059 standard 1
AFTER_AFTER_LOCK * for 3 SENT from 15 to 15 at 1316051258.102067 standard 1
AFTER_LOCK2 * for 3 SENT from 15 to 15 at 1316051258.102067 standard 1
VSS_ECHO 892 for 3 SENT from 15 to 15 at 1316051258.102084 standard 1
VSSECHO_STAGE3 * for * SENT from * to * at 1316051258.102095
VSSECHO_STAGE4 * for * SENT from * to * at 1316051258.102164
BEFORE_LOCK * for 3 SENT from 15 to 16 at 1316051258.102169 standard 1
AFTER_LOCK * for 3 SENT from 15 to 16 at 1316051258.102170 standard 1
AFTER_AFTER_LOCK * for 3 SENT from 15 to 16 at 1316051258.102178 standard 1
AFTER_LOCK2 * for 3 SENT from 15 to 16 at 1316051258.102178 standard 1
VSS_ECHO 893 for 3 SENT from 15 to 16 at 1316051258.102200 standard 1
VSSECHO_STAGE3 * for * SENT from * to * at 1316051258.102211
VSSECHO_STAGE4 * for * SENT from * to * at 1316051258.102279
BEFORE_LOCK * for 3 SENT from 15 to 17 at 1316051258.102284 standard 1
AFTER_LOCK * for 3 SENT from 15 to 17 at 1316051258.102285 standard 1
AFTER_AFTER_LOCK * for 3 SENT from 15 to 17 at 1316051258.102293 standard 1
AFTER_LOCK2 * for 3 SENT from 15 to 17 at 1316051258.102293 standard 1
VSS_ECHO 894 for 3 SENT from 15 to 17 at 1316051258.102309 standard 1
VSSECHO_STAGE3 * for * SENT from * to * at 1316051258.102320
VSSECHO_STAGE4 * for * SENT from * to * at 1316051258.102388
BEFORE_LOCK * for 3 SENT from 15 to 18 at 1316051258.102395 standard 1
AFTER_LOCK * for 3 SENT from 15 to 18 at 1316051258.102396 standard 1
AFTER_AFTER_LOCK * for 3 SENT from 15 to 18 at 1316051258.102666 standard 1
AFTER_LOCK2 * for 3 SENT from 15 to 18 at 1316051258.102666 standard 1
VSS_ECHO 895 for 3 SENT from 15 to 18 at 1316051258.102684 standard 1
VSSECHO_STAGE3 * for * SENT from * to * at 1316051258.102695
VSSECHO_STAGE4 * for * SENT from * to * at 1316051258.102764
BEFORE_LOCK * for 3 SENT from 15 to 19 at 1316051258.102770 standard 1
AFTER_LOCK * for 3 SENT from 15 to 19 at 1316051258.102770 standard 1
AFTER_AFTER_LOCK * for 3 SENT from 15 to 19 at 1316051258.102779 standard 1
AFTER_LOCK2 * for 3 SENT from 15 to 19 at 1316051258.102779 standard 1
VSS_ECHO 896 for 3 SENT from 15 to 19 at 1316051258.102796 standard 1
VSSECHO_STAGE3 * for * SENT from * to * at 1316051258.102808
VSSECHO_STAGE4 * for * SENT from * to * at 1316051258.102876
BEFORE_LOCK * for 3 SENT from 15 to 20 at 1316051258.102881 standard 1
AFTER_LOCK * for 3 SENT from 15 to 20 at 1316051258.102882 standard 1
AFTER_AFTER_LOCK * for 3 SENT from 15 to 20 at 1316051258.102890 standard 1
AFTER_LOCK2 * for 3 SENT from 15 to 20 at 1316051258.102890 standard 1
VSS_ECHO 897 for 3 SENT from 15 to 20 at 1316051258.102919 standard 1
VSS_SEND 17 for * RECEIVED from 5 to 15 at 1316051258.102940
VSSECHO_STAGE3 * for * SENT from * to * at 1316051258.121904
VSSECHO_STAGE4 * for * SENT from * to * at 1316051258.121983
BEFORE_LOCK * for 5 SENT from 15 to 1 at 1316051258.121988 standard 1
AFTER_LOCK * for 5 SENT from 15 to 1 at 1316051258.121989 standard 1
AFTER_AFTER_LOCK * for 5 SENT from 15 to 1 at 1316051258.122140 standard 1
AFTER_LOCK2 * for 5 SENT from 15 to 1 at 1316051258.122140 standard 1
VSS_ECHO 899 for 5 SENT from 15 to 1 at 1316051258.122161 standard 1
VSSECHO_STAGE3 * for * SENT from * to * at 1316051258.122174
VSSECHO_STAGE4 * for * SENT from * to * at 1316051258.122316
BEFORE_LOCK * for 5 SENT from 15 to 2 at 1316051258.122323 standard 1
AFTER_LOCK * for 5 SENT from 15 to 2 at 1316051258.122323 standard 1
AFTER_AFTER_LOCK * for 5 SENT from 15 to 2 at 1316051258.122333 standard 1
AFTER_LOCK2 * for 5 SENT from 15 to 2 at 1316051258.122334 standard 1
VSS_ECHO 900 for 5 SENT from 15 to 2 at 1316051258.122356 standard 1
VSSECHO_STAGE3 * for * SENT from * to * at 1316051258.122368
VSSECHO_STAGE4 * for * SENT from * to * at 1316051258.122731
BEFORE_LOCK * for 5 SENT from 15 to 3 at 1316051258.122738 standard 1
AFTER_LOCK * for 5 SENT from 15 to 3 at 1316051258.122739 standard 1
AFTER_AFTER_LOCK * for 5 SENT from 15 to 3 at 1316051258.122749 standard 1
AFTER_LOCK2 * for 5 SENT from 15 to 3 at 1316051258.122749 standard 1
VSS_ECHO 901 for 5 SENT from 15 to 3 at 1316051258.122769 standard 1
VSSECHO_STAGE3 * for * SENT from * to * at 1316051258.122781
VSSECHO_STAGE4 * for * SENT from * to * at 1316051258.122892
BEFORE_LOCK * for 5 SENT from 15 to 4 at 1316051258.122901 standard 1
AFTER_LOCK * for 5 SENT from 15 to 4 at 1316051258.122901 standard 1
AFTER_AFTER_LOCK * for 5 SENT from 15 to 4 at 1316051258.123087 standard 1
AFTER_LOCK2 * for 5 SENT from 15 to 4 at 1316051258.123087 standard 1
VSS_ECHO 902 for 5 SENT from 15 to 4 at 1316051258.123110 standard 1
VSSECHO_STAGE3 * for * SENT from * to * at 1316051258.123122
VSSECHO_STAGE4 * for * SENT from * to * at 1316051258.123196
BEFORE_LOCK * for 5 SENT from 15 to 5 at 1316051258.123202 standard 1
AFTER_LOCK * for 5 SENT from 15 to 5 at 1316051258.123203 standard 1
AFTER_AFTER_LOCK * for 5 SENT from 15 to 5 at 1316051258.123213 standard 1
AFTER_LOCK2 * for 5 SENT from 15 to 5 at 1316051258.123213 standard 1
VSS_ECHO 903 for 5 SENT from 15 to 5 at 1316051258.123235 standard 1
VSSECHO_STAGE3 * for * SENT from * to * at 1316051258.123247
VSSECHO_STAGE4 * for * SENT from * to * at 1316051258.123317
BEFORE_LOCK * for 5 SENT from 15 to 6 at 1316051258.123323 standard 1
AFTER_LOCK * for 5 SENT from 15 to 6 at 1316051258.123324 standard 1
AFTER_AFTER_LOCK * for 5 SENT from 15 to 6 at 1316051258.123335 standard 1
AFTER_LOCK2 * for 5 SENT from 15 to 6 at 1316051258.123335 standard 1
VSS_ECHO 904 for 5 SENT from 15 to 6 at 1316051258.123356 standard 1
VSSECHO_STAGE3 * for * SENT from * to * at 1316051258.123369
VSSECHO_STAGE4 * for * SENT from * to * at 1316051258.123442
BEFORE_LOCK * for 5 SENT from 15 to 7 at 1316051258.123448 standard 1
AFTER_LOCK * for 5 SENT from 15 to 7 at 1316051258.123449 standard 1
AFTER_AFTER_LOCK * for 5 SENT from 15 to 7 at 1316051258.123459 standard 1
AFTER_LOCK2 * for 5 SENT from 15 to 7 at 1316051258.123459 standard 1
VSS_ECHO 905 for 5 SENT from 15 to 7 at 1316051258.123490 standard 1
VSSECHO_STAGE3 * for * SENT from * to * at 1316051258.123504
VSSECHO_STAGE4 * for * SENT from * to * at 1316051258.123576
BEFORE_LOCK * for 5 SENT from 15 to 8 at 1316051258.123582 standard 1
AFTER_LOCK * for 5 SENT from 15 to 8 at 1316051258.123583 standard 1
AFTER_AFTER_LOCK * for 5 SENT from 15 to 8 at 1316051258.123583 standard 1
AFTER_LOCK2 * for 5 SENT from 15 to 8 at 1316051258.123584 standard 1
VSS_ECHO 906 for 5 SENT from 15 to 8 at 1316051258.123598 standard 1
VSSECHO_STAGE3 * for * SENT from * to * at 1316051258.123623
VSSECHO_STAGE4 * for * SENT from * to * at 1316051258.123690
BEFORE_LOCK * for 5 SENT from 15 to 9 at 1316051258.123695 standard 1
AFTER_LOCK * for 5 SENT from 15 to 9 at 1316051258.123696 standard 1
AFTER_AFTER_LOCK * for 5 SENT from 15 to 9 at 1316051258.123753 standard 1
AFTER_LOCK2 * for 5 SENT from 15 to 9 at 1316051258.123753 standard 1
VSS_ECHO 907 for 5 SENT from 15 to 9 at 1316051258.123775 standard 1
VSSECHO_STAGE3 * for * SENT from * to * at 1316051258.123787
VSSECHO_STAGE4 * for * SENT from * to * at 1316051258.123855
BEFORE_LOCK * for 5 SENT from 15 to 10 at 1316051258.123860 standard 1
AFTER_LOCK * for 5 SENT from 15 to 10 at 1316051258.123861 standard 1
AFTER_AFTER_LOCK * for 5 SENT from 15 to 10 at 1316051258.123869 standard 1
AFTER_LOCK2 * for 5 SENT from 15 to 10 at 1316051258.123869 standard 1
VSS_ECHO 908 for 5 SENT from 15 to 10 at 1316051258.123885 standard 1
VSSECHO_STAGE3 * for * SENT from * to * at 1316051258.123896
VSSECHO_STAGE4 * for * SENT from * to * at 1316051258.123968
BEFORE_LOCK * for 5 SENT from 15 to 11 at 1316051258.123974 standard 1
AFTER_LOCK * for 5 SENT from 15 to 11 at 1316051258.123974 standard 1
AFTER_AFTER_LOCK * for 5 SENT from 15 to 11 at 1316051258.123983 standard 1
AFTER_LOCK2 * for 5 SENT from 15 to 11 at 1316051258.123983 standard 1
VSS_ECHO 909 for 5 SENT from 15 to 11 at 1316051258.124002 standard 1
VSSECHO_STAGE3 * for * SENT from * to * at 1316051258.124018
VSSECHO_STAGE4 * for * SENT from * to * at 1316051258.124088
BEFORE_LOCK * for 5 SENT from 15 to 12 at 1316051258.124094 standard 1
AFTER_LOCK * for 5 SENT from 15 to 12 at 1316051258.124094 standard 1
AFTER_AFTER_LOCK * for 5 SENT from 15 to 12 at 1316051258.124104 standard 1
AFTER_LOCK2 * for 5 SENT from 15 to 12 at 1316051258.124105 standard 1
VSS_ECHO 910 for 5 SENT from 15 to 12 at 1316051258.124127 standard 1
VSSECHO_STAGE3 * for * SENT from * to * at 1316051258.124139
VSSECHO_STAGE4 * for * SENT from * to * at 1316051258.124210
BEFORE_LOCK * for 5 SENT from 15 to 13 at 1316051258.124216 standard 1
AFTER_LOCK * for 5 SENT from 15 to 13 at 1316051258.124217 standard 1
AFTER_AFTER_LOCK * for 5 SENT from 15 to 13 at 1316051258.124227 standard 1
AFTER_LOCK2 * for 5 SENT from 15 to 13 at 1316051258.124227 standard 1
VSS_ECHO 911 for 5 SENT from 15 to 13 at 1316051258.124247 standard 1
VSSECHO_STAGE3 * for * SENT from * to * at 1316051258.124260
VSSECHO_STAGE4 * for * SENT from * to * at 1316051258.124333
BEFORE_LOCK * for 5 SENT from 15 to 14 at 1316051258.124339 standard 1
AFTER_LOCK * for 5 SENT from 15 to 14 at 1316051258.124340 standard 1
AFTER_AFTER_LOCK * for 5 SENT from 15 to 14 at 1316051258.124350 standard 1
AFTER_LOCK2 * for 5 SENT from 15 to 14 at 1316051258.124350 standard 1
VSS_ECHO 912 for 5 SENT from 15 to 14 at 1316051258.124372 standard 1
VSSECHO_STAGE3 * for * SENT from * to * at 1316051258.124385
VSSECHO_STAGE4 * for * SENT from * to * at 1316051258.124454
BEFORE_LOCK * for 5 SENT from 15 to 15 at 1316051258.124460 standard 1
AFTER_LOCK * for 5 SENT from 15 to 15 at 1316051258.124461 standard 1
AFTER_AFTER_LOCK * for 5 SENT from 15 to 15 at 1316051258.124522 standard 1
AFTER_LOCK2 * for 5 SENT from 15 to 15 at 1316051258.124522 standard 1
VSS_ECHO 913 for 5 SENT from 15 to 15 at 1316051258.124542 standard 1
VSSECHO_STAGE3 * for * SENT from * to * at 1316051258.124554
VSSECHO_STAGE4 * for * SENT from * to * at 1316051258.124624
BEFORE_LOCK * for 5 SENT from 15 to 16 at 1316051258.124631 standard 1
AFTER_LOCK * for 5 SENT from 15 to 16 at 1316051258.124631 standard 1
AFTER_AFTER_LOCK * for 5 SENT from 15 to 16 at 1316051258.124641 standard 1
AFTER_LOCK2 * for 5 SENT from 15 to 16 at 1316051258.124641 standard 1
VSS_ECHO 914 for 5 SENT from 15 to 16 at 1316051258.124662 standard 1
VSSECHO_STAGE3 * for * SENT from * to * at 1316051258.124675
VSSECHO_STAGE4 * for * SENT from * to * at 1316051258.124747
BEFORE_LOCK * for 5 SENT from 15 to 17 at 1316051258.124753 standard 1
AFTER_LOCK * for 5 SENT from 15 to 17 at 1316051258.124754 standard 1
AFTER_AFTER_LOCK * for 5 SENT from 15 to 17 at 1316051258.124764 standard 1
AFTER_LOCK2 * for 5 SENT from 15 to 17 at 1316051258.124764 standard 1
VSS_ECHO 915 for 5 SENT from 15 to 17 at 1316051258.124803 standard 1
VSSECHO_STAGE3 * for * SENT from * to * at 1316051258.124817
VSSECHO_STAGE4 * for * SENT from * to * at 1316051258.124884
BEFORE_LOCK * for 5 SENT from 15 to 18 at 1316051258.124889 standard 1
AFTER_LOCK * for 5 SENT from 15 to 18 at 1316051258.124889 standard 1
AFTER_AFTER_LOCK * for 5 SENT from 15 to 18 at 1316051258.124900 standard 1
AFTER_LOCK2 * for 5 SENT from 15 to 18 at 1316051258.124900 standard 1
VSS_ECHO 916 for 5 SENT from 15 to 18 at 1316051258.124921 standard 1
VSSECHO_STAGE3 * for * SENT from * to * at 1316051258.124934
VSSECHO_STAGE4 * for * SENT from * to * at 1316051258.125006
BEFORE_LOCK * for 5 SENT from 15 to 19 at 1316051258.125012 standard 1
AFTER_LOCK * for 5 SENT from 15 to 19 at 1316051258.125012 standard 1
AFTER_AFTER_LOCK * for 5 SENT from 15 to 19 at 1316051258.125023 standard 1
AFTER_LOCK2 * for 5 SENT from 15 to 19 at 1316051258.125023 standard 1
VSS_ECHO 917 for 5 SENT from 15 to 19 at 1316051258.125048 standard 1
VSSECHO_STAGE3 * for * SENT from * to * at 1316051258.125060
VSSECHO_STAGE4 * for * SENT from * to * at 1316051258.125131
BEFORE_LOCK * for 5 SENT from 15 to 20 at 1316051258.125137 standard 1
AFTER_LOCK * for 5 SENT from 15 to 20 at 1316051258.125138 standard 1
AFTER_AFTER_LOCK * for 5 SENT from 15 to 20 at 1316051258.125149 standard 1
AFTER_LOCK2 * for 5 SENT from 15 to 20 at 1316051258.125150 standard 1
VSS_ECHO 918 for 5 SENT from 15 to 20 at 1316051258.125171 standard 1
DKG_READY 1074 for 1 RECEIVED from 1 to 15 at 1316051258.125196
VSS_ECHO 912 for 3 RECEIVED from 12 to 15 at 1316051258.127718
VSS_ECHO 964 for 3 RECEIVED from 9 to 15 at 1316051258.137765
DKG_READY 764 for 1 RECEIVED from 17 to 15 at 1316051258.147806
DKG_READY 760 for 1 RECEIVED from 14 to 15 at 1316051258.150319
DKG_READY 781 for 1 RECEIVED from 4 to 15 at 1316051258.152490
VSS_ECHO 775 for 5 RECEIVED from 5 to 15 at 1316051258.154724
DKG_READY 760 for 1 RECEIVED from 7 to 15 at 1316051258.164798



============================================
*2ENOUGH DKG_READY message for 15 at 1316051258.164798
*Threshold : Ready = 12
*Received Ready Message Num = 12
============================================

DKG_COMPLETE * for 1 RS from 15 to * at 1316051258.164798 :)
