-Run node 16 starting at 1316051240.323865 with version 5.2
-Function node 16 starting at 1316051250.324163
LEADER_CHANGE 1 for * SENT from 16 to 1 at 1316051250.325922 standard 1
VSS_SEND 18 for * RECEIVED from 1 to 16 at 1316051250.327251
VSSECHO_STAGE3 * for * SENT from * to * at 1316051250.342813
VSSECHO_STAGE4 * for * SENT from * to * at 1316051250.342867
BEFORE_LOCK * for 1 SENT from 16 to 1 at 1316051250.342871 standard 1
AFTER_LOCK * for 1 SENT from 16 to 1 at 1316051250.342872 standard 1
AFTER_AFTER_LOCK * for 1 SENT from 16 to 1 at 1316051250.342942 standard 1
AFTER_LOCK2 * for 1 SENT from 16 to 1 at 1316051250.342942 standard 1
VSS_ECHO 4 for 1 SENT from 16 to 1 at 1316051250.342960 standard 1
VSSECHO_STAGE3 * for * SENT from * to * at 1316051250.342971
VSSECHO_STAGE4 * for * SENT from * to * at 1316051250.343025
BEFORE_LOCK * for 1 SENT from 16 to 2 at 1316051250.343029 standard 1
AFTER_LOCK * for 1 SENT from 16 to 2 at 1316051250.343030 standard 1
AFTER_AFTER_LOCK * for 1 SENT from 16 to 2 at 1316051250.343045 standard 1
AFTER_LOCK2 * for 1 SENT from 16 to 2 at 1316051250.343045 standard 1
VSS_ECHO 5 for 1 SENT from 16 to 2 at 1316051250.343058 standard 1
VSSECHO_STAGE3 * for * SENT from * to * at 1316051250.343068
VSSECHO_STAGE4 * for * SENT from * to * at 1316051250.343123
BEFORE_LOCK * for 1 SENT from 16 to 3 at 1316051250.343127 standard 1
AFTER_LOCK * for 1 SENT from 16 to 3 at 1316051250.343127 standard 1
AFTER_AFTER_LOCK * for 1 SENT from 16 to 3 at 1316051250.343306 standard 1
AFTER_LOCK2 * for 1 SENT from 16 to 3 at 1316051250.343306 standard 1
VSS_ECHO 6 for 1 SENT from 16 to 3 at 1316051250.343335 standard 1
VSSECHO_STAGE3 * for * SENT from * to * at 1316051250.343357
VSSECHO_STAGE4 * for * SENT from * to * at 1316051250.343417
BEFORE_LOCK * for 1 SENT from 16 to 4 at 1316051250.343421 standard 1
AFTER_LOCK * for 1 SENT from 16 to 4 at 1316051250.343422 standard 1
AFTER_AFTER_LOCK * for 1 SENT from 16 to 4 at 1316051250.343482 standard 1
AFTER_LOCK2 * for 1 SENT from 16 to 4 at 1316051250.343482 standard 1
VSS_ECHO 7 for 1 SENT from 16 to 4 at 1316051250.343495 standard 1
VSSECHO_STAGE3 * for * SENT from * to * at 1316051250.343575
VSSECHO_STAGE4 * for * SENT from * to * at 1316051250.343640
BEFORE_LOCK * for 1 SENT from 16 to 5 at 1316051250.343645 standard 1
AFTER_LOCK * for 1 SENT from 16 to 5 at 1316051250.343645 standard 1
AFTER_AFTER_LOCK * for 1 SENT from 16 to 5 at 1316051250.343661 standard 1
AFTER_LOCK2 * for 1 SENT from 16 to 5 at 1316051250.343661 standard 1
VSS_ECHO 8 for 1 SENT from 16 to 5 at 1316051250.343675 standard 1
VSSECHO_STAGE3 * for * SENT from * to * at 1316051250.343685
VSSECHO_STAGE4 * for * SENT from * to * at 1316051250.343735
BEFORE_LOCK * for 1 SENT from 16 to 6 at 1316051250.343739 standard 1
AFTER_LOCK * for 1 SENT from 16 to 6 at 1316051250.343739 standard 1
AFTER_AFTER_LOCK * for 1 SENT from 16 to 6 at 1316051250.343753 standard 1
AFTER_LOCK2 * for 1 SENT from 16 to 6 at 1316051250.343753 standard 1
VSS_ECHO 9 for 1 SENT from 16 to 6 at 1316051250.343766 standard 1
VSSECHO_STAGE3 * for * SENT from * to * at 1316051250.343775
VSSECHO_STAGE4 * for * SENT from * to * at 1316051250.343825
BEFORE_LOCK * for 1 SENT from 16 to 7 at 1316051250.343828 standard 1
AFTER_LOCK * for 1 SENT from 16 to 7 at 1316051250.343829 standard 1
AFTER_AFTER_LOCK * for 1 SENT from 16 to 7 at 1316051250.343881 standard 1
AFTER_LOCK2 * for 1 SENT from 16 to 7 at 1316051250.343881 standard 1
VSS_ECHO 10 for 1 SENT from 16 to 7 at 1316051250.343893 standard 1
VSSECHO_STAGE3 * for * SENT from * to * at 1316051250.343905
VSSECHO_STAGE4 * for * SENT from * to * at 1316051250.343957
BEFORE_LOCK * for 1 SENT from 16 to 8 at 1316051250.343961 standard 1
AFTER_LOCK * for 1 SENT from 16 to 8 at 1316051250.343961 standard 1
AFTER_AFTER_LOCK * for 1 SENT from 16 to 8 at 1316051250.344020 standard 1
AFTER_LOCK2 * for 1 SENT from 16 to 8 at 1316051250.344020 standard 1
VSS_ECHO 11 for 1 SENT from 16 to 8 at 1316051250.344033 standard 1
VSSECHO_STAGE3 * for * SENT from * to * at 1316051250.344048
VSSECHO_STAGE4 * for * SENT from * to * at 1316051250.344101
BEFORE_LOCK * for 1 SENT from 16 to 9 at 1316051250.344115 standard 1
AFTER_LOCK * for 1 SENT from 16 to 9 at 1316051250.344116 standard 1
AFTER_AFTER_LOCK * for 1 SENT from 16 to 9 at 1316051250.344192 standard 1
AFTER_LOCK2 * for 1 SENT from 16 to 9 at 1316051250.344192 standard 1
VSS_ECHO 12 for 1 SENT from 16 to 9 at 1316051250.344205 standard 1
VSSECHO_STAGE3 * for * SENT from * to * at 1316051250.344216
VSSECHO_STAGE4 * for * SENT from * to * at 1316051250.344266
BEFORE_LOCK * for 1 SENT from 16 to 10 at 1316051250.344270 standard 1
AFTER_LOCK * for 1 SENT from 16 to 10 at 1316051250.344271 standard 1
AFTER_AFTER_LOCK * for 1 SENT from 16 to 10 at 1316051250.344364 standard 1
AFTER_LOCK2 * for 1 SENT from 16 to 10 at 1316051250.344364 standard 1
VSS_ECHO 13 for 1 SENT from 16 to 10 at 1316051250.344379 standard 1
VSSECHO_STAGE3 * for * SENT from * to * at 1316051250.344390
VSSECHO_STAGE4 * for * SENT from * to * at 1316051250.344440
BEFORE_LOCK * for 1 SENT from 16 to 11 at 1316051250.344444 standard 1
AFTER_LOCK * for 1 SENT from 16 to 11 at 1316051250.344445 standard 1
AFTER_AFTER_LOCK * for 1 SENT from 16 to 11 at 1316051250.344462 standard 1
AFTER_LOCK2 * for 1 SENT from 16 to 11 at 1316051250.344462 standard 1
VSS_ECHO 14 for 1 SENT from 16 to 11 at 1316051250.344475 standard 1
VSSECHO_STAGE3 * for * SENT from * to * at 1316051250.344485
VSSECHO_STAGE4 * for * SENT from * to * at 1316051250.344537
BEFORE_LOCK * for 1 SENT from 16 to 12 at 1316051250.344541 standard 1
AFTER_LOCK * for 1 SENT from 16 to 12 at 1316051250.344541 standard 1
AFTER_AFTER_LOCK * for 1 SENT from 16 to 12 at 1316051250.344555 standard 1
AFTER_LOCK2 * for 1 SENT from 16 to 12 at 1316051250.344556 standard 1
VSS_ECHO 15 for 1 SENT from 16 to 12 at 1316051250.344568 standard 1
VSSECHO_STAGE3 * for * SENT from * to * at 1316051250.344578
VSSECHO_STAGE4 * for * SENT from * to * at 1316051250.344627
BEFORE_LOCK * for 1 SENT from 16 to 13 at 1316051250.344631 standard 1
AFTER_LOCK * for 1 SENT from 16 to 13 at 1316051250.344632 standard 1
AFTER_AFTER_LOCK * for 1 SENT from 16 to 13 at 1316051250.344645 standard 1
AFTER_LOCK2 * for 1 SENT from 16 to 13 at 1316051250.344645 standard 1
VSS_ECHO 16 for 1 SENT from 16 to 13 at 1316051250.344658 standard 1
VSSECHO_STAGE3 * for * SENT from * to * at 1316051250.344667
VSSECHO_STAGE4 * for * SENT from * to * at 1316051250.344717
BEFORE_LOCK * for 1 SENT from 16 to 14 at 1316051250.344721 standard 1
AFTER_LOCK * for 1 SENT from 16 to 14 at 1316051250.344722 standard 1
AFTER_AFTER_LOCK * for 1 SENT from 16 to 14 at 1316051250.344782 standard 1
AFTER_LOCK2 * for 1 SENT from 16 to 14 at 1316051250.344782 standard 1
VSS_ECHO 17 for 1 SENT from 16 to 14 at 1316051250.344795 standard 1
VSSECHO_STAGE3 * for * SENT from * to * at 1316051250.344804
VSSECHO_STAGE4 * for * SENT from * to * at 1316051250.344857
BEFORE_LOCK * for 1 SENT from 16 to 15 at 1316051250.344861 standard 1
AFTER_LOCK * for 1 SENT from 16 to 15 at 1316051250.344862 standard 1
AFTER_AFTER_LOCK * for 1 SENT from 16 to 15 at 1316051250.344876 standard 1
AFTER_LOCK2 * for 1 SENT from 16 to 15 at 1316051250.344877 standard 1
VSS_ECHO 18 for 1 SENT from 16 to 15 at 1316051250.344889 standard 1
VSSECHO_STAGE3 * for * SENT from * to * at 1316051250.344899
VSSECHO_STAGE4 * for * SENT from * to * at 1316051250.344948
BEFORE_LOCK * for 1 SENT from 16 to 16 at 1316051250.344952 standard 1
AFTER_LOCK * for 1 SENT from 16 to 16 at 1316051250.344952 standard 1
AFTER_AFTER_LOCK * for 1 SENT from 16 to 16 at 1316051250.344967 standard 1
AFTER_LOCK2 * for 1 SENT from 16 to 16 at 1316051250.344967 standard 1
VSS_ECHO 19 for 1 SENT from 16 to 16 at 1316051250.344979 standard 1
VSSECHO_STAGE3 * for * SENT from * to * at 1316051250.344989
VSSECHO_STAGE4 * for * SENT from * to * at 1316051250.345045
BEFORE_LOCK * for 1 SENT from 16 to 17 at 1316051250.345049 standard 1
AFTER_LOCK * for 1 SENT from 16 to 17 at 1316051250.345050 standard 1
AFTER_AFTER_LOCK * for 1 SENT from 16 to 17 at 1316051250.345065 standard 1
AFTER_LOCK2 * for 1 SENT from 16 to 17 at 1316051250.345066 standard 1
VSS_ECHO 20 for 1 SENT from 16 to 17 at 1316051250.345087 standard 1
VSSECHO_STAGE3 * for * SENT from * to * at 1316051250.345098
VSSECHO_STAGE4 * for * SENT from * to * at 1316051250.345149
BEFORE_LOCK * for 1 SENT from 16 to 18 at 1316051250.345153 standard 1
AFTER_LOCK * for 1 SENT from 16 to 18 at 1316051250.345154 standard 1
AFTER_AFTER_LOCK * for 1 SENT from 16 to 18 at 1316051250.345244 standard 1
AFTER_LOCK2 * for 1 SENT from 16 to 18 at 1316051250.345244 standard 1
VSS_ECHO 21 for 1 SENT from 16 to 18 at 1316051250.345259 standard 1
VSSECHO_STAGE3 * for * SENT from * to * at 1316051250.345271
VSSECHO_STAGE4 * for * SENT from * to * at 1316051250.345324
BEFORE_LOCK * for 1 SENT from 16 to 19 at 1316051250.345329 standard 1
AFTER_LOCK * for 1 SENT from 16 to 19 at 1316051250.345329 standard 1
AFTER_AFTER_LOCK * for 1 SENT from 16 to 19 at 1316051250.345382 standard 1
AFTER_LOCK2 * for 1 SENT from 16 to 19 at 1316051250.345383 standard 1
VSS_ECHO 22 for 1 SENT from 16 to 19 at 1316051250.345399 standard 1
VSSECHO_STAGE3 * for * SENT from * to * at 1316051250.345412
VSSECHO_STAGE4 * for * SENT from * to * at 1316051250.345465
BEFORE_LOCK * for 1 SENT from 16 to 20 at 1316051250.345469 standard 1
AFTER_LOCK * for 1 SENT from 16 to 20 at 1316051250.345469 standard 1
AFTER_AFTER_LOCK * for 1 SENT from 16 to 20 at 1316051250.345476 standard 1
AFTER_LOCK2 * for 1 SENT from 16 to 20 at 1316051250.345476 standard 1
VSS_ECHO 23 for 1 SENT from 16 to 20 at 1316051250.345488 standard 1
VSS_ECHO 19 for 1 RECEIVED from 12 to 16 at 1316051250.345499
VSS_ECHO 19 for 1 RECEIVED from 9 to 16 at 1316051250.353729
VSS_ECHO 19 for 1 RECEIVED from 17 to 16 at 1316051250.361920
VSS_ECHO 19 for 1 RECEIVED from 10 to 16 at 1316051250.370206
VSS_ECHO 19 for 1 RECEIVED from 7 to 16 at 1316051250.378438
VSS_ECHO 51 for 1 RECEIVED from 1 to 16 at 1316051250.386794
VSS_ECHO 19 for 1 RECEIVED from 16 to 16 at 1316051250.394841
VSS_ECHO 19 for 1 RECEIVED from 15 to 16 at 1316051251.504694
VSS_READY 217 for 1 RECEIVED from 1 to 16 at 1316051251.598685
VSS_READY 51 for 1 RECEIVED from 17 to 16 at 1316051251.612384
VSS_READY 68 for 1 RECEIVED from 10 to 16 at 1316051251.626327



============================================
*1ENOUGH VSS_READY message for 16 at 1316051251.626327
*Threshold : Ready = 3
*Received Ready Message Num = 3
*Ready messages are sending out...
============================================

BEFORE_LOCK * for 1 SENT from 16 to 1 at 1316051251.642311 standard 1
AFTER_LOCK * for 1 SENT from 16 to 1 at 1316051251.642312 standard 1
AFTER_AFTER_LOCK * for 1 SENT from 16 to 1 at 1316051251.642355 standard 1
AFTER_LOCK2 * for 1 SENT from 16 to 1 at 1316051251.642355 standard 1
VSS_READY 50 for 1 SENT from 16 to 1 at 1316051251.642355 standard 1
BEFORE_LOCK * for 1 SENT from 16 to 2 at 1316051251.644044 standard 1
AFTER_LOCK * for 1 SENT from 16 to 2 at 1316051251.644044 standard 1
AFTER_AFTER_LOCK * for 1 SENT from 16 to 2 at 1316051251.644089 standard 1
AFTER_LOCK2 * for 1 SENT from 16 to 2 at 1316051251.644090 standard 1
VSS_READY 51 for 1 SENT from 16 to 2 at 1316051251.644090 standard 1
BEFORE_LOCK * for 1 SENT from 16 to 3 at 1316051251.645822 standard 1
AFTER_LOCK * for 1 SENT from 16 to 3 at 1316051251.645823 standard 1
AFTER_AFTER_LOCK * for 1 SENT from 16 to 3 at 1316051251.645863 standard 1
AFTER_LOCK2 * for 1 SENT from 16 to 3 at 1316051251.645863 standard 1
VSS_READY 52 for 1 SENT from 16 to 3 at 1316051251.645863 standard 1
BEFORE_LOCK * for 1 SENT from 16 to 4 at 1316051251.647646 standard 1
AFTER_LOCK * for 1 SENT from 16 to 4 at 1316051251.647647 standard 1
AFTER_AFTER_LOCK * for 1 SENT from 16 to 4 at 1316051251.647687 standard 1
AFTER_LOCK2 * for 1 SENT from 16 to 4 at 1316051251.647688 standard 1
VSS_READY 53 for 1 SENT from 16 to 4 at 1316051251.647688 standard 1
BEFORE_LOCK * for 1 SENT from 16 to 5 at 1316051251.649510 standard 1
AFTER_LOCK * for 1 SENT from 16 to 5 at 1316051251.649511 standard 1
AFTER_AFTER_LOCK * for 1 SENT from 16 to 5 at 1316051251.649553 standard 1
AFTER_LOCK2 * for 1 SENT from 16 to 5 at 1316051251.649553 standard 1
VSS_READY 54 for 1 SENT from 16 to 5 at 1316051251.649553 standard 1
BEFORE_LOCK * for 1 SENT from 16 to 6 at 1316051251.651418 standard 1
AFTER_LOCK * for 1 SENT from 16 to 6 at 1316051251.651419 standard 1
AFTER_AFTER_LOCK * for 1 SENT from 16 to 6 at 1316051251.651460 standard 1
AFTER_LOCK2 * for 1 SENT from 16 to 6 at 1316051251.651460 standard 1
VSS_READY 55 for 1 SENT from 16 to 6 at 1316051251.651461 standard 1
BEFORE_LOCK * for 1 SENT from 16 to 7 at 1316051251.653238 standard 1
AFTER_LOCK * for 1 SENT from 16 to 7 at 1316051251.653238 standard 1
AFTER_AFTER_LOCK * for 1 SENT from 16 to 7 at 1316051251.653282 standard 1
AFTER_LOCK2 * for 1 SENT from 16 to 7 at 1316051251.653282 standard 1
VSS_READY 56 for 1 SENT from 16 to 7 at 1316051251.653283 standard 1
BEFORE_LOCK * for 1 SENT from 16 to 8 at 1316051251.654983 standard 1
AFTER_LOCK * for 1 SENT from 16 to 8 at 1316051251.654983 standard 1
AFTER_AFTER_LOCK * for 1 SENT from 16 to 8 at 1316051251.654983 standard 1
AFTER_LOCK2 * for 1 SENT from 16 to 8 at 1316051251.654984 standard 1
VSS_READY 57 for 1 SENT from 16 to 8 at 1316051251.654984 standard 1
BEFORE_LOCK * for 1 SENT from 16 to 9 at 1316051251.656838 standard 1
AFTER_LOCK * for 1 SENT from 16 to 9 at 1316051251.656838 standard 1
AFTER_AFTER_LOCK * for 1 SENT from 16 to 9 at 1316051251.656879 standard 1
AFTER_LOCK2 * for 1 SENT from 16 to 9 at 1316051251.656879 standard 1
VSS_READY 58 for 1 SENT from 16 to 9 at 1316051251.656879 standard 1
BEFORE_LOCK * for 1 SENT from 16 to 10 at 1316051251.658637 standard 1
AFTER_LOCK * for 1 SENT from 16 to 10 at 1316051251.658637 standard 1
AFTER_AFTER_LOCK * for 1 SENT from 16 to 10 at 1316051251.658677 standard 1
AFTER_LOCK2 * for 1 SENT from 16 to 10 at 1316051251.658677 standard 1
VSS_READY 59 for 1 SENT from 16 to 10 at 1316051251.658678 standard 1
BEFORE_LOCK * for 1 SENT from 16 to 11 at 1316051251.660314 standard 1
AFTER_LOCK * for 1 SENT from 16 to 11 at 1316051251.660314 standard 1
AFTER_AFTER_LOCK * for 1 SENT from 16 to 11 at 1316051251.660354 standard 1
AFTER_LOCK2 * for 1 SENT from 16 to 11 at 1316051251.660354 standard 1
VSS_READY 60 for 1 SENT from 16 to 11 at 1316051251.660354 standard 1
BEFORE_LOCK * for 1 SENT from 16 to 12 at 1316051251.662100 standard 1
AFTER_LOCK * for 1 SENT from 16 to 12 at 1316051251.662100 standard 1
AFTER_AFTER_LOCK * for 1 SENT from 16 to 12 at 1316051251.662145 standard 1
AFTER_LOCK2 * for 1 SENT from 16 to 12 at 1316051251.662145 standard 1
VSS_READY 61 for 1 SENT from 16 to 12 at 1316051251.662145 standard 1
BEFORE_LOCK * for 1 SENT from 16 to 13 at 1316051251.663968 standard 1
AFTER_LOCK * for 1 SENT from 16 to 13 at 1316051251.663969 standard 1
AFTER_AFTER_LOCK * for 1 SENT from 16 to 13 at 1316051251.664008 standard 1
AFTER_LOCK2 * for 1 SENT from 16 to 13 at 1316051251.664009 standard 1
VSS_READY 62 for 1 SENT from 16 to 13 at 1316051251.664009 standard 1
BEFORE_LOCK * for 1 SENT from 16 to 14 at 1316051251.665920 standard 1
AFTER_LOCK * for 1 SENT from 16 to 14 at 1316051251.665920 standard 1
AFTER_AFTER_LOCK * for 1 SENT from 16 to 14 at 1316051251.665962 standard 1
AFTER_LOCK2 * for 1 SENT from 16 to 14 at 1316051251.665962 standard 1
VSS_READY 63 for 1 SENT from 16 to 14 at 1316051251.665962 standard 1
BEFORE_LOCK * for 1 SENT from 16 to 15 at 1316051251.667751 standard 1
AFTER_LOCK * for 1 SENT from 16 to 15 at 1316051251.667752 standard 1
AFTER_AFTER_LOCK * for 1 SENT from 16 to 15 at 1316051251.667792 standard 1
AFTER_LOCK2 * for 1 SENT from 16 to 15 at 1316051251.667792 standard 1
VSS_READY 64 for 1 SENT from 16 to 15 at 1316051251.667792 standard 1
BEFORE_LOCK * for 1 SENT from 16 to 16 at 1316051251.669564 standard 1
AFTER_LOCK * for 1 SENT from 16 to 16 at 1316051251.669565 standard 1
AFTER_AFTER_LOCK * for 1 SENT from 16 to 16 at 1316051251.669572 standard 1
AFTER_LOCK2 * for 1 SENT from 16 to 16 at 1316051251.669572 standard 1
VSS_READY 65 for 1 SENT from 16 to 16 at 1316051251.669573 standard 1
BEFORE_LOCK * for 1 SENT from 16 to 17 at 1316051251.671383 standard 1
AFTER_LOCK * for 1 SENT from 16 to 17 at 1316051251.671384 standard 1
AFTER_AFTER_LOCK * for 1 SENT from 16 to 17 at 1316051251.671423 standard 1
AFTER_LOCK2 * for 1 SENT from 16 to 17 at 1316051251.671424 standard 1
VSS_READY 66 for 1 SENT from 16 to 17 at 1316051251.671424 standard 1
BEFORE_LOCK * for 1 SENT from 16 to 18 at 1316051251.673121 standard 1
AFTER_LOCK * for 1 SENT from 16 to 18 at 1316051251.673122 standard 1
AFTER_AFTER_LOCK * for 1 SENT from 16 to 18 at 1316051251.673163 standard 1
AFTER_LOCK2 * for 1 SENT from 16 to 18 at 1316051251.673164 standard 1
VSS_READY 67 for 1 SENT from 16 to 18 at 1316051251.673164 standard 1
BEFORE_LOCK * for 1 SENT from 16 to 19 at 1316051251.674964 standard 1
AFTER_LOCK * for 1 SENT from 16 to 19 at 1316051251.674964 standard 1
AFTER_AFTER_LOCK * for 1 SENT from 16 to 19 at 1316051251.675004 standard 1
AFTER_LOCK2 * for 1 SENT from 16 to 19 at 1316051251.675004 standard 1
VSS_READY 68 for 1 SENT from 16 to 19 at 1316051251.675005 standard 1
BEFORE_LOCK * for 1 SENT from 16 to 20 at 1316051251.676771 standard 1
AFTER_LOCK * for 1 SENT from 16 to 20 at 1316051251.676771 standard 1
AFTER_AFTER_LOCK * for 1 SENT from 16 to 20 at 1316051251.676778 standard 1
AFTER_LOCK2 * for 1 SENT from 16 to 20 at 1316051251.676779 standard 1
VSS_READY 69 for 1 SENT from 16 to 20 at 1316051251.676779 standard 1
VSS_READY 51 for 1 RECEIVED from 14 to 16 at 1316051251.676815
VSS_READY 65 for 1 RECEIVED from 16 to 16 at 1316051251.690673
VSS_ECHO 19 for 1 RECEIVED from 14 to 16 at 1316051251.704639
VSS_ECHO 19 for 1 RECEIVED from 6 to 16 at 1316051251.712869
VSS_READY 67 for 1 RECEIVED from 12 to 16 at 1316051251.946929
VSS_READY 68 for 1 RECEIVED from 9 to 16 at 1316051251.960902
VSS_ECHO 127 for 4 RECEIVED from 17 to 16 at 1316051251.974807
VSS_ECHO 131 for 4 RECEIVED from 10 to 16 at 1316051251.983219
VSS_READY 66 for 1 RECEIVED from 7 to 16 at 1316051251.991413
VSS_READY 44 for 1 RECEIVED from 11 to 16 at 1316051252.005426
VSS_READY 51 for 1 RECEIVED from 15 to 16 at 1316051252.019435
VSS_ECHO 19 for 1 RECEIVED from 19 to 16 at 1316051252.033281
VSS_ECHO 307 for 4 RECEIVED from 1 to 16 at 1316051252.110953
VSS_ECHO 141 for 4 RECEIVED from 9 to 16 at 1316051252.118991
VSS_ECHO 140 for 4 RECEIVED from 14 to 16 at 1316051252.127155
VSS_READY 64 for 1 RECEIVED from 19 to 16 at 1316051252.135487
VSS_ECHO 19 for 1 RECEIVED from 18 to 16 at 1316051252.196154
VSS_SEND 18 for * RECEIVED from 4 to 16 at 1316051252.204111
VSSECHO_STAGE3 * for * SENT from * to * at 1316051252.219529
VSSECHO_STAGE4 * for * SENT from * to * at 1316051252.219581
BEFORE_LOCK * for 4 SENT from 16 to 1 at 1316051252.219586 standard 1
AFTER_LOCK * for 4 SENT from 16 to 1 at 1316051252.219586 standard 1
AFTER_AFTER_LOCK * for 4 SENT from 16 to 1 at 1316051252.219628 standard 1
AFTER_LOCK2 * for 4 SENT from 16 to 1 at 1316051252.219629 standard 1
VSS_ECHO 128 for 4 SENT from 16 to 1 at 1316051252.219643 standard 1
VSSECHO_STAGE3 * for * SENT from * to * at 1316051252.219657
VSSECHO_STAGE4 * for * SENT from * to * at 1316051252.219706
BEFORE_LOCK * for 4 SENT from 16 to 2 at 1316051252.219710 standard 1
AFTER_LOCK * for 4 SENT from 16 to 2 at 1316051252.219711 standard 1
AFTER_AFTER_LOCK * for 4 SENT from 16 to 2 at 1316051252.219718 standard 1
AFTER_LOCK2 * for 4 SENT from 16 to 2 at 1316051252.219718 standard 1
VSS_ECHO 129 for 4 SENT from 16 to 2 at 1316051252.219730 standard 1
VSSECHO_STAGE3 * for * SENT from * to * at 1316051252.219738
VSSECHO_STAGE4 * for * SENT from * to * at 1316051252.219787
BEFORE_LOCK * for 4 SENT from 16 to 3 at 1316051252.219791 standard 1
AFTER_LOCK * for 4 SENT from 16 to 3 at 1316051252.219792 standard 1
AFTER_AFTER_LOCK * for 4 SENT from 16 to 3 at 1316051252.219797 standard 1
AFTER_LOCK2 * for 4 SENT from 16 to 3 at 1316051252.219797 standard 1
VSS_ECHO 130 for 4 SENT from 16 to 3 at 1316051252.219809 standard 1
VSSECHO_STAGE3 * for * SENT from * to * at 1316051252.219818
VSSECHO_STAGE4 * for * SENT from * to * at 1316051252.219873
BEFORE_LOCK * for 4 SENT from 16 to 4 at 1316051252.219877 standard 1
AFTER_LOCK * for 4 SENT from 16 to 4 at 1316051252.219877 standard 1
AFTER_AFTER_LOCK * for 4 SENT from 16 to 4 at 1316051252.219883 standard 1
AFTER_LOCK2 * for 4 SENT from 16 to 4 at 1316051252.219883 standard 1
VSS_ECHO 131 for 4 SENT from 16 to 4 at 1316051252.219905 standard 1
VSSECHO_STAGE3 * for * SENT from * to * at 1316051252.219914
VSSECHO_STAGE4 * for * SENT from * to * at 1316051252.219964
BEFORE_LOCK * for 4 SENT from 16 to 5 at 1316051252.219968 standard 1
AFTER_LOCK * for 4 SENT from 16 to 5 at 1316051252.219968 standard 1
AFTER_AFTER_LOCK * for 4 SENT from 16 to 5 at 1316051252.219974 standard 1
AFTER_LOCK2 * for 4 SENT from 16 to 5 at 1316051252.219974 standard 1
VSS_ECHO 132 for 4 SENT from 16 to 5 at 1316051252.219986 standard 1
VSSECHO_STAGE3 * for * SENT from * to * at 1316051252.219994
VSSECHO_STAGE4 * for * SENT from * to * at 1316051252.220050
BEFORE_LOCK * for 4 SENT from 16 to 6 at 1316051252.220054 standard 1
AFTER_LOCK * for 4 SENT from 16 to 6 at 1316051252.220055 standard 1
AFTER_AFTER_LOCK * for 4 SENT from 16 to 6 at 1316051252.220061 standard 1
AFTER_LOCK2 * for 4 SENT from 16 to 6 at 1316051252.220061 standard 1
VSS_ECHO 133 for 4 SENT from 16 to 6 at 1316051252.220072 standard 1
VSSECHO_STAGE3 * for * SENT from * to * at 1316051252.220081
VSSECHO_STAGE4 * for * SENT from * to * at 1316051252.220130
BEFORE_LOCK * for 4 SENT from 16 to 7 at 1316051252.220134 standard 1
AFTER_LOCK * for 4 SENT from 16 to 7 at 1316051252.220135 standard 1
AFTER_AFTER_LOCK * for 4 SENT from 16 to 7 at 1316051252.220140 standard 1
AFTER_LOCK2 * for 4 SENT from 16 to 7 at 1316051252.220140 standard 1
VSS_ECHO 134 for 4 SENT from 16 to 7 at 1316051252.220153 standard 1
VSSECHO_STAGE3 * for * SENT from * to * at 1316051252.220161
VSSECHO_STAGE4 * for * SENT from * to * at 1316051252.220215
BEFORE_LOCK * for 4 SENT from 16 to 8 at 1316051252.220219 standard 1
AFTER_LOCK * for 4 SENT from 16 to 8 at 1316051252.220220 standard 1
AFTER_AFTER_LOCK * for 4 SENT from 16 to 8 at 1316051252.220220 standard 1
AFTER_LOCK2 * for 4 SENT from 16 to 8 at 1316051252.220220 standard 1
VSS_ECHO 135 for 4 SENT from 16 to 8 at 1316051252.220231 standard 1
VSSECHO_STAGE3 * for * SENT from * to * at 1316051252.220239
VSSECHO_STAGE4 * for * SENT from * to * at 1316051252.220288
BEFORE_LOCK * for 4 SENT from 16 to 9 at 1316051252.220292 standard 1
AFTER_LOCK * for 4 SENT from 16 to 9 at 1316051252.220292 standard 1
AFTER_AFTER_LOCK * for 4 SENT from 16 to 9 at 1316051252.220299 standard 1
AFTER_LOCK2 * for 4 SENT from 16 to 9 at 1316051252.220299 standard 1
VSS_ECHO 136 for 4 SENT from 16 to 9 at 1316051252.220311 standard 1
VSSECHO_STAGE3 * for * SENT from * to * at 1316051252.220319
VSSECHO_STAGE4 * for * SENT from * to * at 1316051252.220367
BEFORE_LOCK * for 4 SENT from 16 to 10 at 1316051252.220371 standard 1
AFTER_LOCK * for 4 SENT from 16 to 10 at 1316051252.220371 standard 1
AFTER_AFTER_LOCK * for 4 SENT from 16 to 10 at 1316051252.220412 standard 1
AFTER_LOCK2 * for 4 SENT from 16 to 10 at 1316051252.220412 standard 1
VSS_ECHO 137 for 4 SENT from 16 to 10 at 1316051252.220428 standard 1
VSSECHO_STAGE3 * for * SENT from * to * at 1316051252.220437
VSSECHO_STAGE4 * for * SENT from * to * at 1316051252.220488
BEFORE_LOCK * for 4 SENT from 16 to 11 at 1316051252.220492 standard 1
AFTER_LOCK * for 4 SENT from 16 to 11 at 1316051252.220493 standard 1
AFTER_AFTER_LOCK * for 4 SENT from 16 to 11 at 1316051252.220499 standard 1
AFTER_LOCK2 * for 4 SENT from 16 to 11 at 1316051252.220499 standard 1
VSS_ECHO 138 for 4 SENT from 16 to 11 at 1316051252.220511 standard 1
VSSECHO_STAGE3 * for * SENT from * to * at 1316051252.220519
VSSECHO_STAGE4 * for * SENT from * to * at 1316051252.220569
BEFORE_LOCK * for 4 SENT from 16 to 12 at 1316051252.220572 standard 1
AFTER_LOCK * for 4 SENT from 16 to 12 at 1316051252.220573 standard 1
AFTER_AFTER_LOCK * for 4 SENT from 16 to 12 at 1316051252.220579 standard 1
AFTER_LOCK2 * for 4 SENT from 16 to 12 at 1316051252.220579 standard 1
VSS_ECHO 139 for 4 SENT from 16 to 12 at 1316051252.220590 standard 1
VSSECHO_STAGE3 * for * SENT from * to * at 1316051252.220606
VSSECHO_STAGE4 * for * SENT from * to * at 1316051252.220656
BEFORE_LOCK * for 4 SENT from 16 to 13 at 1316051252.220660 standard 1
AFTER_LOCK * for 4 SENT from 16 to 13 at 1316051252.220660 standard 1
AFTER_AFTER_LOCK * for 4 SENT from 16 to 13 at 1316051252.220666 standard 1
AFTER_LOCK2 * for 4 SENT from 16 to 13 at 1316051252.220666 standard 1
VSS_ECHO 140 for 4 SENT from 16 to 13 at 1316051252.220678 standard 1
VSSECHO_STAGE3 * for * SENT from * to * at 1316051252.220686
VSSECHO_STAGE4 * for * SENT from * to * at 1316051252.220734
BEFORE_LOCK * for 4 SENT from 16 to 14 at 1316051252.220738 standard 1
AFTER_LOCK * for 4 SENT from 16 to 14 at 1316051252.220738 standard 1
AFTER_AFTER_LOCK * for 4 SENT from 16 to 14 at 1316051252.220744 standard 1
AFTER_LOCK2 * for 4 SENT from 16 to 14 at 1316051252.220744 standard 1
VSS_ECHO 141 for 4 SENT from 16 to 14 at 1316051252.220755 standard 1
VSSECHO_STAGE3 * for * SENT from * to * at 1316051252.220763
VSSECHO_STAGE4 * for * SENT from * to * at 1316051252.220813
BEFORE_LOCK * for 4 SENT from 16 to 15 at 1316051252.220816 standard 1
AFTER_LOCK * for 4 SENT from 16 to 15 at 1316051252.220817 standard 1
AFTER_AFTER_LOCK * for 4 SENT from 16 to 15 at 1316051252.220823 standard 1
AFTER_LOCK2 * for 4 SENT from 16 to 15 at 1316051252.220823 standard 1
VSS_ECHO 142 for 4 SENT from 16 to 15 at 1316051252.220835 standard 1
VSSECHO_STAGE3 * for * SENT from * to * at 1316051252.220844
VSSECHO_STAGE4 * for * SENT from * to * at 1316051252.220892
BEFORE_LOCK * for 4 SENT from 16 to 16 at 1316051252.220896 standard 1
AFTER_LOCK * for 4 SENT from 16 to 16 at 1316051252.220896 standard 1
AFTER_AFTER_LOCK * for 4 SENT from 16 to 16 at 1316051252.220902 standard 1
AFTER_LOCK2 * for 4 SENT from 16 to 16 at 1316051252.220902 standard 1
VSS_ECHO 143 for 4 SENT from 16 to 16 at 1316051252.220914 standard 1
VSSECHO_STAGE3 * for * SENT from * to * at 1316051252.220922
VSSECHO_STAGE4 * for * SENT from * to * at 1316051252.220971
BEFORE_LOCK * for 4 SENT from 16 to 17 at 1316051252.220975 standard 1
AFTER_LOCK * for 4 SENT from 16 to 17 at 1316051252.220976 standard 1
AFTER_AFTER_LOCK * for 4 SENT from 16 to 17 at 1316051252.220981 standard 1
AFTER_LOCK2 * for 4 SENT from 16 to 17 at 1316051252.220982 standard 1
VSS_ECHO 144 for 4 SENT from 16 to 17 at 1316051252.220993 standard 1
VSSECHO_STAGE3 * for * SENT from * to * at 1316051252.221002
VSSECHO_STAGE4 * for * SENT from * to * at 1316051252.221054
BEFORE_LOCK * for 4 SENT from 16 to 18 at 1316051252.221058 standard 1
AFTER_LOCK * for 4 SENT from 16 to 18 at 1316051252.221059 standard 1
AFTER_AFTER_LOCK * for 4 SENT from 16 to 18 at 1316051252.221065 standard 1
AFTER_LOCK2 * for 4 SENT from 16 to 18 at 1316051252.221065 standard 1
VSS_ECHO 145 for 4 SENT from 16 to 18 at 1316051252.221077 standard 1
VSSECHO_STAGE3 * for * SENT from * to * at 1316051252.221085
VSSECHO_STAGE4 * for * SENT from * to * at 1316051252.221133
BEFORE_LOCK * for 4 SENT from 16 to 19 at 1316051252.221137 standard 1
AFTER_LOCK * for 4 SENT from 16 to 19 at 1316051252.221137 standard 1
AFTER_AFTER_LOCK * for 4 SENT from 16 to 19 at 1316051252.221177 standard 1
AFTER_LOCK2 * for 4 SENT from 16 to 19 at 1316051252.221177 standard 1
VSS_ECHO 146 for 4 SENT from 16 to 19 at 1316051252.221191 standard 1
VSSECHO_STAGE3 * for * SENT from * to * at 1316051252.221201
VSSECHO_STAGE4 * for * SENT from * to * at 1316051252.221250
BEFORE_LOCK * for 4 SENT from 16 to 20 at 1316051252.221253 standard 1
AFTER_LOCK * for 4 SENT from 16 to 20 at 1316051252.221254 standard 1
AFTER_AFTER_LOCK * for 4 SENT from 16 to 20 at 1316051252.221262 standard 1
AFTER_LOCK2 * for 4 SENT from 16 to 20 at 1316051252.221262 standard 1
VSS_ECHO 147 for 4 SENT from 16 to 20 at 1316051252.221274 standard 1
VSS_ECHO 133 for 4 RECEIVED from 12 to 16 at 1316051252.221286
VSS_ECHO 143 for 4 RECEIVED from 16 to 16 at 1316051252.229658
VSS_ECHO 45 for 1 RECEIVED from 4 to 16 at 1316051252.237831
VSS_READY 83 for 1 RECEIVED from 4 to 16 at 1316051252.245968



*============================================
*2ENOUGH VSS_READY message for 16 at 1316051252.245968
*Threshold : Ready = 12
*Received Ready Message Num = 12
*VSS Share is complete for dealer 1
============================================

BEFORE_LOCK * for 1 SENT from 16 to 1 at 1316051252.260180 standard 1
AFTER_LOCK * for 1 SENT from 16 to 1 at 1316051252.260181 standard 1
AFTER_AFTER_LOCK * for 1 SENT from 16 to 1 at 1316051252.260225 standard 1
AFTER_LOCK2 * for 1 SENT from 16 to 1 at 1316051252.260225 standard 1
VSS_SHARED 162 for 1 SENT from 16 to 1 at 1316051252.260241 standard 1
VSS_ECHO 113 for 4 RECEIVED from 11 to 16 at 1316051252.281436
VSS_READY 62 for 1 RECEIVED from 18 to 16 at 1316051252.398483
VSS_ECHO 143 for 4 RECEIVED from 15 to 16 at 1316051252.470449
VSS_ECHO 160 for 4 RECEIVED from 7 to 16 at 1316051252.532475
VSS_ECHO 132 for 4 RECEIVED from 19 to 16 at 1316051253.141525
VSS_ECHO 127 for 4 RECEIVED from 18 to 16 at 1316051253.811529



============================================
*ENOUGH VSS_ECHO message for 4 at 1316051253.811529
*Threshold : echo = 12
*Received Echo Message Num = 12
*Ready messages are sending out...
============================================

PRE_VSS_READY * for 4 SENT from 16 to 1 at 1316051253.823309 standard 1
BEFORE_LOCK * for 4 SENT from 16 to 1 at 1316051253.823317 standard 1
AFTER_LOCK * for 4 SENT from 16 to 1 at 1316051253.823317 standard 1
AFTER_AFTER_LOCK * for 4 SENT from 16 to 1 at 1316051253.823361 standard 1
AFTER_LOCK2 * for 4 SENT from 16 to 1 at 1316051253.823361 standard 1
VSS_READY 175 for 4 SENT from 16 to 1 at 1316051253.823361 standard 1
PRE_VSS_READY * for 4 SENT from 16 to 2 at 1316051253.825107 standard 1
BEFORE_LOCK * for 4 SENT from 16 to 2 at 1316051253.825114 standard 1
AFTER_LOCK * for 4 SENT from 16 to 2 at 1316051253.825115 standard 1
AFTER_AFTER_LOCK * for 4 SENT from 16 to 2 at 1316051253.825159 standard 1
AFTER_LOCK2 * for 4 SENT from 16 to 2 at 1316051253.825160 standard 1
VSS_READY 176 for 4 SENT from 16 to 2 at 1316051253.825160 standard 1
PRE_VSS_READY * for 4 SENT from 16 to 3 at 1316051253.826966 standard 1
BEFORE_LOCK * for 4 SENT from 16 to 3 at 1316051253.826973 standard 1
AFTER_LOCK * for 4 SENT from 16 to 3 at 1316051253.826973 standard 1
AFTER_AFTER_LOCK * for 4 SENT from 16 to 3 at 1316051253.827014 standard 1
AFTER_LOCK2 * for 4 SENT from 16 to 3 at 1316051253.827014 standard 1
VSS_READY 177 for 4 SENT from 16 to 3 at 1316051253.827014 standard 1
PRE_VSS_READY * for 4 SENT from 16 to 4 at 1316051253.828785 standard 1
BEFORE_LOCK * for 4 SENT from 16 to 4 at 1316051253.828795 standard 1
AFTER_LOCK * for 4 SENT from 16 to 4 at 1316051253.828796 standard 1
AFTER_AFTER_LOCK * for 4 SENT from 16 to 4 at 1316051253.828837 standard 1
AFTER_LOCK2 * for 4 SENT from 16 to 4 at 1316051253.828838 standard 1
VSS_READY 178 for 4 SENT from 16 to 4 at 1316051253.828838 standard 1
PRE_VSS_READY * for 4 SENT from 16 to 5 at 1316051253.830790 standard 1
BEFORE_LOCK * for 4 SENT from 16 to 5 at 1316051253.830799 standard 1
AFTER_LOCK * for 4 SENT from 16 to 5 at 1316051253.830800 standard 1
AFTER_AFTER_LOCK * for 4 SENT from 16 to 5 at 1316051253.830841 standard 1
AFTER_LOCK2 * for 4 SENT from 16 to 5 at 1316051253.830842 standard 1
VSS_READY 179 for 4 SENT from 16 to 5 at 1316051253.830842 standard 1
PRE_VSS_READY * for 4 SENT from 16 to 6 at 1316051253.832752 standard 1
BEFORE_LOCK * for 4 SENT from 16 to 6 at 1316051253.832761 standard 1
AFTER_LOCK * for 4 SENT from 16 to 6 at 1316051253.832761 standard 1
AFTER_AFTER_LOCK * for 4 SENT from 16 to 6 at 1316051253.832806 standard 1
AFTER_LOCK2 * for 4 SENT from 16 to 6 at 1316051253.832806 standard 1
VSS_READY 180 for 4 SENT from 16 to 6 at 1316051253.832806 standard 1
PRE_VSS_READY * for 4 SENT from 16 to 7 at 1316051253.834781 standard 1
BEFORE_LOCK * for 4 SENT from 16 to 7 at 1316051253.834789 standard 1
AFTER_LOCK * for 4 SENT from 16 to 7 at 1316051253.834790 standard 1
AFTER_AFTER_LOCK * for 4 SENT from 16 to 7 at 1316051253.834831 standard 1
AFTER_LOCK2 * for 4 SENT from 16 to 7 at 1316051253.834831 standard 1
VSS_READY 181 for 4 SENT from 16 to 7 at 1316051253.834832 standard 1
PRE_VSS_READY * for 4 SENT from 16 to 8 at 1316051253.836610 standard 1
BEFORE_LOCK * for 4 SENT from 16 to 8 at 1316051253.836617 standard 1
AFTER_LOCK * for 4 SENT from 16 to 8 at 1316051253.836617 standard 1
AFTER_AFTER_LOCK * for 4 SENT from 16 to 8 at 1316051253.836617 standard 1
AFTER_LOCK2 * for 4 SENT from 16 to 8 at 1316051253.836618 standard 1
VSS_READY 182 for 4 SENT from 16 to 8 at 1316051253.836618 standard 1
PRE_VSS_READY * for 4 SENT from 16 to 9 at 1316051253.838335 standard 1
BEFORE_LOCK * for 4 SENT from 16 to 9 at 1316051253.838342 standard 1
AFTER_LOCK * for 4 SENT from 16 to 9 at 1316051253.838342 standard 1
AFTER_AFTER_LOCK * for 4 SENT from 16 to 9 at 1316051253.838383 standard 1
AFTER_LOCK2 * for 4 SENT from 16 to 9 at 1316051253.838383 standard 1
VSS_READY 183 for 4 SENT from 16 to 9 at 1316051253.838383 standard 1
PRE_VSS_READY * for 4 SENT from 16 to 10 at 1316051253.840072 standard 1
BEFORE_LOCK * for 4 SENT from 16 to 10 at 1316051253.840078 standard 1
AFTER_LOCK * for 4 SENT from 16 to 10 at 1316051253.840079 standard 1
AFTER_AFTER_LOCK * for 4 SENT from 16 to 10 at 1316051253.840119 standard 1
AFTER_LOCK2 * for 4 SENT from 16 to 10 at 1316051253.840119 standard 1
VSS_READY 184 for 4 SENT from 16 to 10 at 1316051253.840119 standard 1
PRE_VSS_READY * for 4 SENT from 16 to 11 at 1316051253.841893 standard 1
BEFORE_LOCK * for 4 SENT from 16 to 11 at 1316051253.841901 standard 1
AFTER_LOCK * for 4 SENT from 16 to 11 at 1316051253.841901 standard 1
AFTER_AFTER_LOCK * for 4 SENT from 16 to 11 at 1316051253.841944 standard 1
AFTER_LOCK2 * for 4 SENT from 16 to 11 at 1316051253.841944 standard 1
VSS_READY 185 for 4 SENT from 16 to 11 at 1316051253.841945 standard 1
PRE_VSS_READY * for 4 SENT from 16 to 12 at 1316051253.843692 standard 1
BEFORE_LOCK * for 4 SENT from 16 to 12 at 1316051253.843699 standard 1
AFTER_LOCK * for 4 SENT from 16 to 12 at 1316051253.843699 standard 1
AFTER_AFTER_LOCK * for 4 SENT from 16 to 12 at 1316051253.843739 standard 1
AFTER_LOCK2 * for 4 SENT from 16 to 12 at 1316051253.843740 standard 1
VSS_READY 186 for 4 SENT from 16 to 12 at 1316051253.843740 standard 1
PRE_VSS_READY * for 4 SENT from 16 to 13 at 1316051253.845514 standard 1
BEFORE_LOCK * for 4 SENT from 16 to 13 at 1316051253.845521 standard 1
AFTER_LOCK * for 4 SENT from 16 to 13 at 1316051253.845521 standard 1
AFTER_AFTER_LOCK * for 4 SENT from 16 to 13 at 1316051253.845561 standard 1
AFTER_LOCK2 * for 4 SENT from 16 to 13 at 1316051253.845561 standard 1
VSS_READY 187 for 4 SENT from 16 to 13 at 1316051253.845562 standard 1
PRE_VSS_READY * for 4 SENT from 16 to 14 at 1316051253.847260 standard 1
BEFORE_LOCK * for 4 SENT from 16 to 14 at 1316051253.847267 standard 1
AFTER_LOCK * for 4 SENT from 16 to 14 at 1316051253.847267 standard 1
AFTER_AFTER_LOCK * for 4 SENT from 16 to 14 at 1316051253.847310 standard 1
AFTER_LOCK2 * for 4 SENT from 16 to 14 at 1316051253.847311 standard 1
VSS_READY 188 for 4 SENT from 16 to 14 at 1316051253.847311 standard 1
PRE_VSS_READY * for 4 SENT from 16 to 15 at 1316051253.849037 standard 1
BEFORE_LOCK * for 4 SENT from 16 to 15 at 1316051253.849044 standard 1
AFTER_LOCK * for 4 SENT from 16 to 15 at 1316051253.849045 standard 1
AFTER_AFTER_LOCK * for 4 SENT from 16 to 15 at 1316051253.849087 standard 1
AFTER_LOCK2 * for 4 SENT from 16 to 15 at 1316051253.849087 standard 1
VSS_READY 189 for 4 SENT from 16 to 15 at 1316051253.849088 standard 1
PRE_VSS_READY * for 4 SENT from 16 to 16 at 1316051253.850791 standard 1
BEFORE_LOCK * for 4 SENT from 16 to 16 at 1316051253.850798 standard 1
AFTER_LOCK * for 4 SENT from 16 to 16 at 1316051253.850799 standard 1
AFTER_AFTER_LOCK * for 4 SENT from 16 to 16 at 1316051253.850841 standard 1
AFTER_LOCK2 * for 4 SENT from 16 to 16 at 1316051253.850841 standard 1
VSS_READY 190 for 4 SENT from 16 to 16 at 1316051253.850841 standard 1
PRE_VSS_READY * for 4 SENT from 16 to 17 at 1316051253.852553 standard 1
BEFORE_LOCK * for 4 SENT from 16 to 17 at 1316051253.852570 standard 1
AFTER_LOCK * for 4 SENT from 16 to 17 at 1316051253.852570 standard 1
AFTER_AFTER_LOCK * for 4 SENT from 16 to 17 at 1316051253.852611 standard 1
AFTER_LOCK2 * for 4 SENT from 16 to 17 at 1316051253.852611 standard 1
VSS_READY 191 for 4 SENT from 16 to 17 at 1316051253.852611 standard 1
PRE_VSS_READY * for 4 SENT from 16 to 18 at 1316051253.854272 standard 1
BEFORE_LOCK * for 4 SENT from 16 to 18 at 1316051253.854279 standard 1
AFTER_LOCK * for 4 SENT from 16 to 18 at 1316051253.854280 standard 1
AFTER_AFTER_LOCK * for 4 SENT from 16 to 18 at 1316051253.854320 standard 1
AFTER_LOCK2 * for 4 SENT from 16 to 18 at 1316051253.854321 standard 1
VSS_READY 192 for 4 SENT from 16 to 18 at 1316051253.854321 standard 1
PRE_VSS_READY * for 4 SENT from 16 to 19 at 1316051253.856072 standard 1
BEFORE_LOCK * for 4 SENT from 16 to 19 at 1316051253.856082 standard 1
AFTER_LOCK * for 4 SENT from 16 to 19 at 1316051253.856083 standard 1
AFTER_AFTER_LOCK * for 4 SENT from 16 to 19 at 1316051253.856122 standard 1
AFTER_LOCK2 * for 4 SENT from 16 to 19 at 1316051253.856123 standard 1
VSS_READY 193 for 4 SENT from 16 to 19 at 1316051253.856123 standard 1
PRE_VSS_READY * for 4 SENT from 16 to 20 at 1316051253.857859 standard 1
BEFORE_LOCK * for 4 SENT from 16 to 20 at 1316051253.857865 standard 1
AFTER_LOCK * for 4 SENT from 16 to 20 at 1316051253.857866 standard 1
AFTER_AFTER_LOCK * for 4 SENT from 16 to 20 at 1316051253.857905 standard 1
AFTER_LOCK2 * for 4 SENT from 16 to 20 at 1316051253.857906 standard 1
VSS_READY 194 for 4 SENT from 16 to 20 at 1316051253.857906 standard 1
VSS_READY 190 for 4 RECEIVED from 16 to 16 at 1316051253.857946
VSS_READY 368 for 4 RECEIVED from 1 to 16 at 1316051253.872060
VSS_READY 189 for 4 RECEIVED from 9 to 16 at 1316051253.885887
VSS_READY 190 for 4 RECEIVED from 17 to 16 at 1316051253.899782
VSS_READY 189 for 4 RECEIVED from 10 to 16 at 1316051253.913712
VSS_READY 128 for 4 RECEIVED from 4 to 16 at 1316051253.927735
VSS_READY 161 for 4 RECEIVED from 11 to 16 at 1316051253.941825
VSS_READY 190 for 4 RECEIVED from 14 to 16 at 1316051253.955830
VSS_READY 190 for 4 RECEIVED from 7 to 16 at 1316051254.000614
VSS_READY 211 for 4 RECEIVED from 12 to 16 at 1316051254.018624
VSS_READY 197 for 4 RECEIVED from 19 to 16 at 1316051254.225610
VSS_READY 219 for 4 RECEIVED from 15 to 16 at 1316051254.288665



*============================================
*2ENOUGH VSS_READY message for 16 at 1316051254.288665
*Threshold : Ready = 12
*Received Ready Message Num = 12
*VSS Share is complete for dealer 4
============================================

BEFORE_LOCK * for 4 SENT from 16 to 1 at 1316051254.303264 standard 1
AFTER_LOCK * for 4 SENT from 16 to 1 at 1316051254.303265 standard 1
AFTER_AFTER_LOCK * for 4 SENT from 16 to 1 at 1316051254.303309 standard 1
AFTER_LOCK2 * for 4 SENT from 16 to 1 at 1316051254.303310 standard 1
VSS_SHARED 306 for 4 SENT from 16 to 1 at 1316051254.303325 standard 1
VSS_READY 160 for 4 RECEIVED from 18 to 16 at 1316051254.454689
VSS_ECHO 508 for 5 RECEIVED from 1 to 16 at 1316051254.821703
VSS_ECHO 287 for 4 RECEIVED from 4 to 16 at 1316051255.047682
VSS_SEND 18 for * RECEIVED from 5 to 16 at 1316051255.302203
VSSECHO_STAGE3 * for * SENT from * to * at 1316051255.317919
VSSECHO_STAGE4 * for * SENT from * to * at 1316051255.317974
BEFORE_LOCK * for 5 SENT from 16 to 1 at 1316051255.317979 standard 1
AFTER_LOCK * for 5 SENT from 16 to 1 at 1316051255.317979 standard 1
AFTER_AFTER_LOCK * for 5 SENT from 16 to 1 at 1316051255.318026 standard 1
AFTER_LOCK2 * for 5 SENT from 16 to 1 at 1316051255.318026 standard 1
VSS_ECHO 319 for 5 SENT from 16 to 1 at 1316051255.318042 standard 1
VSSECHO_STAGE3 * for * SENT from * to * at 1316051255.318056
VSSECHO_STAGE4 * for * SENT from * to * at 1316051255.318106
BEFORE_LOCK * for 5 SENT from 16 to 2 at 1316051255.318110 standard 1
AFTER_LOCK * for 5 SENT from 16 to 2 at 1316051255.318110 standard 1
AFTER_AFTER_LOCK * for 5 SENT from 16 to 2 at 1316051255.318117 standard 1
AFTER_LOCK2 * for 5 SENT from 16 to 2 at 1316051255.318118 standard 1
VSS_ECHO 320 for 5 SENT from 16 to 2 at 1316051255.318144 standard 1
VSSECHO_STAGE3 * for * SENT from * to * at 1316051255.318153
VSSECHO_STAGE4 * for * SENT from * to * at 1316051255.318203
BEFORE_LOCK * for 5 SENT from 16 to 3 at 1316051255.318206 standard 1
AFTER_LOCK * for 5 SENT from 16 to 3 at 1316051255.318207 standard 1
AFTER_AFTER_LOCK * for 5 SENT from 16 to 3 at 1316051255.318215 standard 1
AFTER_LOCK2 * for 5 SENT from 16 to 3 at 1316051255.318216 standard 1
VSS_ECHO 321 for 5 SENT from 16 to 3 at 1316051255.318227 standard 1
VSSECHO_STAGE3 * for * SENT from * to * at 1316051255.318236
VSSECHO_STAGE4 * for * SENT from * to * at 1316051255.318286
BEFORE_LOCK * for 5 SENT from 16 to 4 at 1316051255.318290 standard 1
AFTER_LOCK * for 5 SENT from 16 to 4 at 1316051255.318290 standard 1
AFTER_AFTER_LOCK * for 5 SENT from 16 to 4 at 1316051255.318297 standard 1
AFTER_LOCK2 * for 5 SENT from 16 to 4 at 1316051255.318297 standard 1
VSS_ECHO 322 for 5 SENT from 16 to 4 at 1316051255.318308 standard 1
VSSECHO_STAGE3 * for * SENT from * to * at 1316051255.318316
VSSECHO_STAGE4 * for * SENT from * to * at 1316051255.318364
BEFORE_LOCK * for 5 SENT from 16 to 5 at 1316051255.318368 standard 1
AFTER_LOCK * for 5 SENT from 16 to 5 at 1316051255.318368 standard 1
AFTER_AFTER_LOCK * for 5 SENT from 16 to 5 at 1316051255.318375 standard 1
AFTER_LOCK2 * for 5 SENT from 16 to 5 at 1316051255.318375 standard 1
VSS_ECHO 323 for 5 SENT from 16 to 5 at 1316051255.318386 standard 1
VSSECHO_STAGE3 * for * SENT from * to * at 1316051255.318395
VSSECHO_STAGE4 * for * SENT from * to * at 1316051255.318444
BEFORE_LOCK * for 5 SENT from 16 to 6 at 1316051255.318448 standard 1
AFTER_LOCK * for 5 SENT from 16 to 6 at 1316051255.318449 standard 1
AFTER_AFTER_LOCK * for 5 SENT from 16 to 6 at 1316051255.318454 standard 1
AFTER_LOCK2 * for 5 SENT from 16 to 6 at 1316051255.318455 standard 1
VSS_ECHO 324 for 5 SENT from 16 to 6 at 1316051255.318467 standard 1
VSSECHO_STAGE3 * for * SENT from * to * at 1316051255.318475
VSSECHO_STAGE4 * for * SENT from * to * at 1316051255.318533
BEFORE_LOCK * for 5 SENT from 16 to 7 at 1316051255.318538 standard 1
AFTER_LOCK * for 5 SENT from 16 to 7 at 1316051255.318539 standard 1
AFTER_AFTER_LOCK * for 5 SENT from 16 to 7 at 1316051255.318545 standard 1
AFTER_LOCK2 * for 5 SENT from 16 to 7 at 1316051255.318545 standard 1
VSS_ECHO 325 for 5 SENT from 16 to 7 at 1316051255.318557 standard 1
VSSECHO_STAGE3 * for * SENT from * to * at 1316051255.318568
VSSECHO_STAGE4 * for * SENT from * to * at 1316051255.318621
BEFORE_LOCK * for 5 SENT from 16 to 8 at 1316051255.318625 standard 1
AFTER_LOCK * for 5 SENT from 16 to 8 at 1316051255.318626 standard 1
AFTER_AFTER_LOCK * for 5 SENT from 16 to 8 at 1316051255.318626 standard 1
AFTER_LOCK2 * for 5 SENT from 16 to 8 at 1316051255.318626 standard 1
VSS_ECHO 326 for 5 SENT from 16 to 8 at 1316051255.318637 standard 1
VSSECHO_STAGE3 * for * SENT from * to * at 1316051255.318644
VSSECHO_STAGE4 * for * SENT from * to * at 1316051255.318695
BEFORE_LOCK * for 5 SENT from 16 to 9 at 1316051255.318698 standard 1
AFTER_LOCK * for 5 SENT from 16 to 9 at 1316051255.318699 standard 1
AFTER_AFTER_LOCK * for 5 SENT from 16 to 9 at 1316051255.318705 standard 1
AFTER_LOCK2 * for 5 SENT from 16 to 9 at 1316051255.318705 standard 1
VSS_ECHO 327 for 5 SENT from 16 to 9 at 1316051255.318717 standard 1
VSSECHO_STAGE3 * for * SENT from * to * at 1316051255.318725
VSSECHO_STAGE4 * for * SENT from * to * at 1316051255.318775
BEFORE_LOCK * for 5 SENT from 16 to 10 at 1316051255.318779 standard 1
AFTER_LOCK * for 5 SENT from 16 to 10 at 1316051255.318780 standard 1
AFTER_AFTER_LOCK * for 5 SENT from 16 to 10 at 1316051255.318820 standard 1
AFTER_LOCK2 * for 5 SENT from 16 to 10 at 1316051255.318820 standard 1
VSS_ECHO 328 for 5 SENT from 16 to 10 at 1316051255.318834 standard 1
VSSECHO_STAGE3 * for * SENT from * to * at 1316051255.318844
VSSECHO_STAGE4 * for * SENT from * to * at 1316051255.318896
BEFORE_LOCK * for 5 SENT from 16 to 11 at 1316051255.318900 standard 1
AFTER_LOCK * for 5 SENT from 16 to 11 at 1316051255.318901 standard 1
AFTER_AFTER_LOCK * for 5 SENT from 16 to 11 at 1316051255.318908 standard 1
AFTER_LOCK2 * for 5 SENT from 16 to 11 at 1316051255.318908 standard 1
VSS_ECHO 329 for 5 SENT from 16 to 11 at 1316051255.318927 standard 1
VSSECHO_STAGE3 * for * SENT from * to * at 1316051255.318937
VSSECHO_STAGE4 * for * SENT from * to * at 1316051255.318987
BEFORE_LOCK * for 5 SENT from 16 to 12 at 1316051255.318991 standard 1
AFTER_LOCK * for 5 SENT from 16 to 12 at 1316051255.318991 standard 1
AFTER_AFTER_LOCK * for 5 SENT from 16 to 12 at 1316051255.318998 standard 1
AFTER_LOCK2 * for 5 SENT from 16 to 12 at 1316051255.318998 standard 1
VSS_ECHO 330 for 5 SENT from 16 to 12 at 1316051255.319010 standard 1
VSSECHO_STAGE3 * for * SENT from * to * at 1316051255.319018
VSSECHO_STAGE4 * for * SENT from * to * at 1316051255.319078
BEFORE_LOCK * for 5 SENT from 16 to 13 at 1316051255.319083 standard 1
AFTER_LOCK * for 5 SENT from 16 to 13 at 1316051255.319084 standard 1
AFTER_AFTER_LOCK * for 5 SENT from 16 to 13 at 1316051255.319091 standard 1
AFTER_LOCK2 * for 5 SENT from 16 to 13 at 1316051255.319091 standard 1
VSS_ECHO 331 for 5 SENT from 16 to 13 at 1316051255.319103 standard 1
VSSECHO_STAGE3 * for * SENT from * to * at 1316051255.319112
VSSECHO_STAGE4 * for * SENT from * to * at 1316051255.319162
BEFORE_LOCK * for 5 SENT from 16 to 14 at 1316051255.319166 standard 1
AFTER_LOCK * for 5 SENT from 16 to 14 at 1316051255.319166 standard 1
AFTER_AFTER_LOCK * for 5 SENT from 16 to 14 at 1316051255.319172 standard 1
AFTER_LOCK2 * for 5 SENT from 16 to 14 at 1316051255.319172 standard 1
VSS_ECHO 332 for 5 SENT from 16 to 14 at 1316051255.319184 standard 1
VSSECHO_STAGE3 * for * SENT from * to * at 1316051255.319192
VSSECHO_STAGE4 * for * SENT from * to * at 1316051255.319250
BEFORE_LOCK * for 5 SENT from 16 to 15 at 1316051255.319254 standard 1
AFTER_LOCK * for 5 SENT from 16 to 15 at 1316051255.319255 standard 1
AFTER_AFTER_LOCK * for 5 SENT from 16 to 15 at 1316051255.319261 standard 1
AFTER_LOCK2 * for 5 SENT from 16 to 15 at 1316051255.319261 standard 1
VSS_ECHO 333 for 5 SENT from 16 to 15 at 1316051255.319273 standard 1
VSSECHO_STAGE3 * for * SENT from * to * at 1316051255.319283
VSSECHO_STAGE4 * for * SENT from * to * at 1316051255.319332
BEFORE_LOCK * for 5 SENT from 16 to 16 at 1316051255.319336 standard 1
AFTER_LOCK * for 5 SENT from 16 to 16 at 1316051255.319337 standard 1
AFTER_AFTER_LOCK * for 5 SENT from 16 to 16 at 1316051255.319342 standard 1
AFTER_LOCK2 * for 5 SENT from 16 to 16 at 1316051255.319343 standard 1
VSS_ECHO 334 for 5 SENT from 16 to 16 at 1316051255.319354 standard 1
VSSECHO_STAGE3 * for * SENT from * to * at 1316051255.319363
VSSECHO_STAGE4 * for * SENT from * to * at 1316051255.319416
BEFORE_LOCK * for 5 SENT from 16 to 17 at 1316051255.319420 standard 1
AFTER_LOCK * for 5 SENT from 16 to 17 at 1316051255.319421 standard 1
AFTER_AFTER_LOCK * for 5 SENT from 16 to 17 at 1316051255.319427 standard 1
AFTER_LOCK2 * for 5 SENT from 16 to 17 at 1316051255.319427 standard 1
VSS_ECHO 335 for 5 SENT from 16 to 17 at 1316051255.319439 standard 1
VSSECHO_STAGE3 * for * SENT from * to * at 1316051255.319447
VSSECHO_STAGE4 * for * SENT from * to * at 1316051255.319497
BEFORE_LOCK * for 5 SENT from 16 to 18 at 1316051255.319501 standard 1
AFTER_LOCK * for 5 SENT from 16 to 18 at 1316051255.319501 standard 1
AFTER_AFTER_LOCK * for 5 SENT from 16 to 18 at 1316051255.319507 standard 1
AFTER_LOCK2 * for 5 SENT from 16 to 18 at 1316051255.319507 standard 1
VSS_ECHO 336 for 5 SENT from 16 to 18 at 1316051255.319519 standard 1
VSSECHO_STAGE3 * for * SENT from * to * at 1316051255.319527
VSSECHO_STAGE4 * for * SENT from * to * at 1316051255.319583
BEFORE_LOCK * for 5 SENT from 16 to 19 at 1316051255.319587 standard 1
AFTER_LOCK * for 5 SENT from 16 to 19 at 1316051255.319588 standard 1
AFTER_AFTER_LOCK * for 5 SENT from 16 to 19 at 1316051255.319629 standard 1
AFTER_LOCK2 * for 5 SENT from 16 to 19 at 1316051255.319629 standard 1
VSS_ECHO 337 for 5 SENT from 16 to 19 at 1316051255.319643 standard 1
VSSECHO_STAGE3 * for * SENT from * to * at 1316051255.319668
VSSECHO_STAGE4 * for * SENT from * to * at 1316051255.319720
BEFORE_LOCK * for 5 SENT from 16 to 20 at 1316051255.319724 standard 1
AFTER_LOCK * for 5 SENT from 16 to 20 at 1316051255.319724 standard 1
AFTER_AFTER_LOCK * for 5 SENT from 16 to 20 at 1316051255.319731 standard 1
AFTER_LOCK2 * for 5 SENT from 16 to 20 at 1316051255.319732 standard 1
VSS_ECHO 338 for 5 SENT from 16 to 20 at 1316051255.319744 standard 1
VSS_ECHO 334 for 5 RECEIVED from 16 to 16 at 1316051255.319758
VSS_ECHO 309 for 5 RECEIVED from 19 to 16 at 1316051255.328256
VSS_ECHO 46 for 1 RECEIVED from 5 to 16 at 1316051255.336542
VSS_ECHO 329 for 5 RECEIVED from 12 to 16 at 1316051255.594341
VSS_ECHO 346 for 5 RECEIVED from 9 to 16 at 1316051255.602487
VSS_ECHO 347 for 5 RECEIVED from 10 to 16 at 1316051255.610727
VSS_ECHO 335 for 5 RECEIVED from 7 to 16 at 1316051255.618954
VSS_ECHO 342 for 5 RECEIVED from 4 to 16 at 1316051255.626961
VSS_ECHO 306 for 5 RECEIVED from 11 to 16 at 1316051255.635040
VSS_ECHO 348 for 5 RECEIVED from 14 to 16 at 1316051255.643199
VSS_READY 102 for 1 RECEIVED from 5 to 16 at 1316051255.651535
VSS_READY 177 for 4 RECEIVED from 5 to 16 at 1316051255.665705
VSS_ECHO 223 for 4 RECEIVED from 5 to 16 at 1316051256.043833
VSS_ECHO 558 for 2 RECEIVED from 1 to 16 at 1316051256.161822
VSS_SEND 18 for * RECEIVED from 2 to 16 at 1316051256.256305
VSSECHO_STAGE3 * for * SENT from * to * at 1316051256.272325
VSSECHO_STAGE4 * for * SENT from * to * at 1316051256.272375
BEFORE_LOCK * for 2 SENT from 16 to 1 at 1316051256.272380 standard 1
AFTER_LOCK * for 2 SENT from 16 to 1 at 1316051256.272380 standard 1
AFTER_AFTER_LOCK * for 2 SENT from 16 to 1 at 1316051256.272426 standard 1
AFTER_LOCK2 * for 2 SENT from 16 to 1 at 1316051256.272426 standard 1
VSS_ECHO 368 for 2 SENT from 16 to 1 at 1316051256.272440 standard 1
VSSECHO_STAGE3 * for * SENT from * to * at 1316051256.272453
VSSECHO_STAGE4 * for * SENT from * to * at 1316051256.272503
BEFORE_LOCK * for 2 SENT from 16 to 2 at 1316051256.272507 standard 1
AFTER_LOCK * for 2 SENT from 16 to 2 at 1316051256.272507 standard 1
AFTER_AFTER_LOCK * for 2 SENT from 16 to 2 at 1316051256.272515 standard 1
AFTER_LOCK2 * for 2 SENT from 16 to 2 at 1316051256.272515 standard 1
VSS_ECHO 369 for 2 SENT from 16 to 2 at 1316051256.272528 standard 1
VSSECHO_STAGE3 * for * SENT from * to * at 1316051256.272536
VSSECHO_STAGE4 * for * SENT from * to * at 1316051256.272698
BEFORE_LOCK * for 2 SENT from 16 to 3 at 1316051256.272714 standard 1
AFTER_LOCK * for 2 SENT from 16 to 3 at 1316051256.272714 standard 1
AFTER_AFTER_LOCK * for 2 SENT from 16 to 3 at 1316051256.272724 standard 1
AFTER_LOCK2 * for 2 SENT from 16 to 3 at 1316051256.272724 standard 1
VSS_ECHO 370 for 2 SENT from 16 to 3 at 1316051256.272743 standard 1
VSSECHO_STAGE3 * for * SENT from * to * at 1316051256.272756
VSSECHO_STAGE4 * for * SENT from * to * at 1316051256.272811
BEFORE_LOCK * for 2 SENT from 16 to 4 at 1316051256.272817 standard 1
AFTER_LOCK * for 2 SENT from 16 to 4 at 1316051256.272817 standard 1
AFTER_AFTER_LOCK * for 2 SENT from 16 to 4 at 1316051256.272825 standard 1
AFTER_LOCK2 * for 2 SENT from 16 to 4 at 1316051256.272825 standard 1
VSS_ECHO 371 for 2 SENT from 16 to 4 at 1316051256.272837 standard 1
VSSECHO_STAGE3 * for * SENT from * to * at 1316051256.272846
VSSECHO_STAGE4 * for * SENT from * to * at 1316051256.272895
BEFORE_LOCK * for 2 SENT from 16 to 5 at 1316051256.272899 standard 1
AFTER_LOCK * for 2 SENT from 16 to 5 at 1316051256.272899 standard 1
AFTER_AFTER_LOCK * for 2 SENT from 16 to 5 at 1316051256.272906 standard 1
AFTER_LOCK2 * for 2 SENT from 16 to 5 at 1316051256.272906 standard 1
VSS_ECHO 372 for 2 SENT from 16 to 5 at 1316051256.272918 standard 1
VSSECHO_STAGE3 * for * SENT from * to * at 1316051256.272926
VSSECHO_STAGE4 * for * SENT from * to * at 1316051256.272977
BEFORE_LOCK * for 2 SENT from 16 to 6 at 1316051256.272981 standard 1
AFTER_LOCK * for 2 SENT from 16 to 6 at 1316051256.272982 standard 1
AFTER_AFTER_LOCK * for 2 SENT from 16 to 6 at 1316051256.272987 standard 1
AFTER_LOCK2 * for 2 SENT from 16 to 6 at 1316051256.272987 standard 1
VSS_ECHO 373 for 2 SENT from 16 to 6 at 1316051256.273015 standard 1
VSSECHO_STAGE3 * for * SENT from * to * at 1316051256.273024
VSSECHO_STAGE4 * for * SENT from * to * at 1316051256.273077
BEFORE_LOCK * for 2 SENT from 16 to 7 at 1316051256.273082 standard 1
AFTER_LOCK * for 2 SENT from 16 to 7 at 1316051256.273082 standard 1
AFTER_AFTER_LOCK * for 2 SENT from 16 to 7 at 1316051256.273088 standard 1
AFTER_LOCK2 * for 2 SENT from 16 to 7 at 1316051256.273089 standard 1
VSS_ECHO 374 for 2 SENT from 16 to 7 at 1316051256.273103 standard 1
VSSECHO_STAGE3 * for * SENT from * to * at 1316051256.273112
VSSECHO_STAGE4 * for * SENT from * to * at 1316051256.273162
BEFORE_LOCK * for 2 SENT from 16 to 8 at 1316051256.273166 standard 1
AFTER_LOCK * for 2 SENT from 16 to 8 at 1316051256.273166 standard 1
AFTER_AFTER_LOCK * for 2 SENT from 16 to 8 at 1316051256.273166 standard 1
AFTER_LOCK2 * for 2 SENT from 16 to 8 at 1316051256.273167 standard 1
VSS_ECHO 375 for 2 SENT from 16 to 8 at 1316051256.273177 standard 1
VSSECHO_STAGE3 * for * SENT from * to * at 1316051256.273184
VSSECHO_STAGE4 * for * SENT from * to * at 1316051256.273232
BEFORE_LOCK * for 2 SENT from 16 to 9 at 1316051256.273235 standard 1
AFTER_LOCK * for 2 SENT from 16 to 9 at 1316051256.273236 standard 1
AFTER_AFTER_LOCK * for 2 SENT from 16 to 9 at 1316051256.273278 standard 1
AFTER_LOCK2 * for 2 SENT from 16 to 9 at 1316051256.273278 standard 1
VSS_ECHO 376 for 2 SENT from 16 to 9 at 1316051256.273292 standard 1
VSSECHO_STAGE3 * for * SENT from * to * at 1316051256.273302
VSSECHO_STAGE4 * for * SENT from * to * at 1316051256.273353
BEFORE_LOCK * for 2 SENT from 16 to 10 at 1316051256.273357 standard 1
AFTER_LOCK * for 2 SENT from 16 to 10 at 1316051256.273358 standard 1
AFTER_AFTER_LOCK * for 2 SENT from 16 to 10 at 1316051256.273365 standard 1
AFTER_LOCK2 * for 2 SENT from 16 to 10 at 1316051256.273366 standard 1
VSS_ECHO 377 for 2 SENT from 16 to 10 at 1316051256.273377 standard 1
VSSECHO_STAGE3 * for * SENT from * to * at 1316051256.273386
VSSECHO_STAGE4 * for * SENT from * to * at 1316051256.273434
BEFORE_LOCK * for 2 SENT from 16 to 11 at 1316051256.273438 standard 1
AFTER_LOCK * for 2 SENT from 16 to 11 at 1316051256.273438 standard 1
AFTER_AFTER_LOCK * for 2 SENT from 16 to 11 at 1316051256.273444 standard 1
AFTER_LOCK2 * for 2 SENT from 16 to 11 at 1316051256.273444 standard 1
VSS_ECHO 378 for 2 SENT from 16 to 11 at 1316051256.273456 standard 1
VSSECHO_STAGE3 * for * SENT from * to * at 1316051256.273464
VSSECHO_STAGE4 * for * SENT from * to * at 1316051256.273512
BEFORE_LOCK * for 2 SENT from 16 to 12 at 1316051256.273515 standard 1
AFTER_LOCK * for 2 SENT from 16 to 12 at 1316051256.273516 standard 1
AFTER_AFTER_LOCK * for 2 SENT from 16 to 12 at 1316051256.273522 standard 1
AFTER_LOCK2 * for 2 SENT from 16 to 12 at 1316051256.273523 standard 1
VSS_ECHO 379 for 2 SENT from 16 to 12 at 1316051256.273534 standard 1
VSSECHO_STAGE3 * for * SENT from * to * at 1316051256.273542
VSSECHO_STAGE4 * for * SENT from * to * at 1316051256.273590
BEFORE_LOCK * for 2 SENT from 16 to 13 at 1316051256.273594 standard 1
AFTER_LOCK * for 2 SENT from 16 to 13 at 1316051256.273594 standard 1
AFTER_AFTER_LOCK * for 2 SENT from 16 to 13 at 1316051256.273600 standard 1
AFTER_LOCK2 * for 2 SENT from 16 to 13 at 1316051256.273600 standard 1
VSS_ECHO 380 for 2 SENT from 16 to 13 at 1316051256.273612 standard 1
VSSECHO_STAGE3 * for * SENT from * to * at 1316051256.273620
VSSECHO_STAGE4 * for * SENT from * to * at 1316051256.273668
BEFORE_LOCK * for 2 SENT from 16 to 14 at 1316051256.273671 standard 1
AFTER_LOCK * for 2 SENT from 16 to 14 at 1316051256.273672 standard 1
AFTER_AFTER_LOCK * for 2 SENT from 16 to 14 at 1316051256.273700 standard 1
AFTER_LOCK2 * for 2 SENT from 16 to 14 at 1316051256.273700 standard 1
VSS_ECHO 381 for 2 SENT from 16 to 14 at 1316051256.273712 standard 1
VSSECHO_STAGE3 * for * SENT from * to * at 1316051256.273722
VSSECHO_STAGE4 * for * SENT from * to * at 1316051256.273782
BEFORE_LOCK * for 2 SENT from 16 to 15 at 1316051256.273786 standard 1
AFTER_LOCK * for 2 SENT from 16 to 15 at 1316051256.273786 standard 1
AFTER_AFTER_LOCK * for 2 SENT from 16 to 15 at 1316051256.273792 standard 1
AFTER_LOCK2 * for 2 SENT from 16 to 15 at 1316051256.273792 standard 1
VSS_ECHO 382 for 2 SENT from 16 to 15 at 1316051256.273804 standard 1
VSSECHO_STAGE3 * for * SENT from * to * at 1316051256.273812
VSSECHO_STAGE4 * for * SENT from * to * at 1316051256.273861
BEFORE_LOCK * for 2 SENT from 16 to 16 at 1316051256.273865 standard 1
AFTER_LOCK * for 2 SENT from 16 to 16 at 1316051256.273865 standard 1
AFTER_AFTER_LOCK * for 2 SENT from 16 to 16 at 1316051256.273870 standard 1
AFTER_LOCK2 * for 2 SENT from 16 to 16 at 1316051256.273871 standard 1
VSS_ECHO 383 for 2 SENT from 16 to 16 at 1316051256.273883 standard 1
VSSECHO_STAGE3 * for * SENT from * to * at 1316051256.273891
VSSECHO_STAGE4 * for * SENT from * to * at 1316051256.273939
BEFORE_LOCK * for 2 SENT from 16 to 17 at 1316051256.273943 standard 1
AFTER_LOCK * for 2 SENT from 16 to 17 at 1316051256.273944 standard 1
AFTER_AFTER_LOCK * for 2 SENT from 16 to 17 at 1316051256.273949 standard 1
AFTER_LOCK2 * for 2 SENT from 16 to 17 at 1316051256.273950 standard 1
VSS_ECHO 384 for 2 SENT from 16 to 17 at 1316051256.273962 standard 1
VSSECHO_STAGE3 * for * SENT from * to * at 1316051256.273970
VSSECHO_STAGE4 * for * SENT from * to * at 1316051256.274021
BEFORE_LOCK * for 2 SENT from 16 to 18 at 1316051256.274024 standard 1
AFTER_LOCK * for 2 SENT from 16 to 18 at 1316051256.274025 standard 1
AFTER_AFTER_LOCK * for 2 SENT from 16 to 18 at 1316051256.274071 standard 1
AFTER_LOCK2 * for 2 SENT from 16 to 18 at 1316051256.274072 standard 1
VSS_ECHO 385 for 2 SENT from 16 to 18 at 1316051256.274086 standard 1
VSSECHO_STAGE3 * for * SENT from * to * at 1316051256.274103
VSSECHO_STAGE4 * for * SENT from * to * at 1316051256.274156
BEFORE_LOCK * for 2 SENT from 16 to 19 at 1316051256.274160 standard 1
AFTER_LOCK * for 2 SENT from 16 to 19 at 1316051256.274161 standard 1
AFTER_AFTER_LOCK * for 2 SENT from 16 to 19 at 1316051256.274167 standard 1
AFTER_LOCK2 * for 2 SENT from 16 to 19 at 1316051256.274168 standard 1
VSS_ECHO 386 for 2 SENT from 16 to 19 at 1316051256.274179 standard 1
VSSECHO_STAGE3 * for * SENT from * to * at 1316051256.274188
VSSECHO_STAGE4 * for * SENT from * to * at 1316051256.274236
BEFORE_LOCK * for 2 SENT from 16 to 20 at 1316051256.274240 standard 1
AFTER_LOCK * for 2 SENT from 16 to 20 at 1316051256.274240 standard 1
AFTER_AFTER_LOCK * for 2 SENT from 16 to 20 at 1316051256.274246 standard 1
AFTER_LOCK2 * for 2 SENT from 16 to 20 at 1316051256.274246 standard 1
VSS_ECHO 387 for 2 SENT from 16 to 20 at 1316051256.274258 standard 1
VSS_ECHO 382 for 2 RECEIVED from 9 to 16 at 1316051256.274273
VSS_ECHO 383 for 2 RECEIVED from 16 to 16 at 1316051256.282461
VSS_ECHO 46 for 1 RECEIVED from 2 to 16 at 1316051256.290748
VSS_ECHO 365 for 2 RECEIVED from 12 to 16 at 1316051256.388876
VSS_ECHO 383 for 2 RECEIVED from 10 to 16 at 1316051256.397109
VSS_ECHO 384 for 2 RECEIVED from 7 to 16 at 1316051256.405343
VSS_ECHO 406 for 2 RECEIVED from 4 to 16 at 1316051256.413522
VSS_ECHO 355 for 2 RECEIVED from 11 to 16 at 1316051256.421663
VSS_ECHO 369 for 2 RECEIVED from 17 to 16 at 1316051256.496874
VSS_ECHO 391 for 2 RECEIVED from 14 to 16 at 1316051256.518850
VSS_ECHO 375 for 2 RECEIVED from 19 to 16 at 1316051256.601823
VSS_READY 436 for 2 RECEIVED from 4 to 16 at 1316051256.664910
VSS_READY 102 for 1 RECEIVED from 2 to 16 at 1316051256.679056
VSS_READY 414 for 2 RECEIVED from 9 to 16 at 1316051256.704883
VSS_READY 442 for 2 RECEIVED from 10 to 16 at 1316051256.718790



============================================
*1ENOUGH VSS_READY message for 16 at 1316051256.718790
*Threshold : Ready = 3
*Received Ready Message Num = 3
*Ready messages are sending out...
============================================

BEFORE_LOCK * for 2 SENT from 16 to 1 at 1316051256.734733 standard 1
AFTER_LOCK * for 2 SENT from 16 to 1 at 1316051256.734734 standard 1
AFTER_AFTER_LOCK * for 2 SENT from 16 to 1 at 1316051256.734779 standard 1
AFTER_LOCK2 * for 2 SENT from 16 to 1 at 1316051256.734779 standard 1
VSS_READY 443 for 2 SENT from 16 to 1 at 1316051256.734779 standard 1
BEFORE_LOCK * for 2 SENT from 16 to 2 at 1316051256.736587 standard 1
AFTER_LOCK * for 2 SENT from 16 to 2 at 1316051256.736588 standard 1
AFTER_AFTER_LOCK * for 2 SENT from 16 to 2 at 1316051256.736629 standard 1
AFTER_LOCK2 * for 2 SENT from 16 to 2 at 1316051256.736629 standard 1
VSS_READY 444 for 2 SENT from 16 to 2 at 1316051256.736629 standard 1
BEFORE_LOCK * for 2 SENT from 16 to 3 at 1316051256.738329 standard 1
AFTER_LOCK * for 2 SENT from 16 to 3 at 1316051256.738329 standard 1
AFTER_AFTER_LOCK * for 2 SENT from 16 to 3 at 1316051256.738373 standard 1
AFTER_LOCK2 * for 2 SENT from 16 to 3 at 1316051256.738374 standard 1
VSS_READY 445 for 2 SENT from 16 to 3 at 1316051256.738374 standard 1
BEFORE_LOCK * for 2 SENT from 16 to 4 at 1316051256.740329 standard 1
AFTER_LOCK * for 2 SENT from 16 to 4 at 1316051256.740330 standard 1
AFTER_AFTER_LOCK * for 2 SENT from 16 to 4 at 1316051256.740370 standard 1
AFTER_LOCK2 * for 2 SENT from 16 to 4 at 1316051256.740370 standard 1
VSS_READY 446 for 2 SENT from 16 to 4 at 1316051256.740370 standard 1
BEFORE_LOCK * for 2 SENT from 16 to 5 at 1316051256.742182 standard 1
AFTER_LOCK * for 2 SENT from 16 to 5 at 1316051256.742183 standard 1
AFTER_AFTER_LOCK * for 2 SENT from 16 to 5 at 1316051256.742226 standard 1
AFTER_LOCK2 * for 2 SENT from 16 to 5 at 1316051256.742226 standard 1
VSS_READY 447 for 2 SENT from 16 to 5 at 1316051256.742227 standard 1
BEFORE_LOCK * for 2 SENT from 16 to 6 at 1316051256.743983 standard 1
AFTER_LOCK * for 2 SENT from 16 to 6 at 1316051256.743983 standard 1
AFTER_AFTER_LOCK * for 2 SENT from 16 to 6 at 1316051256.744023 standard 1
AFTER_LOCK2 * for 2 SENT from 16 to 6 at 1316051256.744024 standard 1
VSS_READY 448 for 2 SENT from 16 to 6 at 1316051256.744024 standard 1
BEFORE_LOCK * for 2 SENT from 16 to 7 at 1316051256.745808 standard 1
AFTER_LOCK * for 2 SENT from 16 to 7 at 1316051256.745809 standard 1
AFTER_AFTER_LOCK * for 2 SENT from 16 to 7 at 1316051256.745816 standard 1
AFTER_LOCK2 * for 2 SENT from 16 to 7 at 1316051256.745816 standard 1
VSS_READY 449 for 2 SENT from 16 to 7 at 1316051256.745816 standard 1
BEFORE_LOCK * for 2 SENT from 16 to 8 at 1316051256.747631 standard 1
AFTER_LOCK * for 2 SENT from 16 to 8 at 1316051256.747631 standard 1
AFTER_AFTER_LOCK * for 2 SENT from 16 to 8 at 1316051256.747632 standard 1
AFTER_LOCK2 * for 2 SENT from 16 to 8 at 1316051256.747632 standard 1
VSS_READY 450 for 2 SENT from 16 to 8 at 1316051256.747632 standard 1
BEFORE_LOCK * for 2 SENT from 16 to 9 at 1316051256.749361 standard 1
AFTER_LOCK * for 2 SENT from 16 to 9 at 1316051256.749361 standard 1
AFTER_AFTER_LOCK * for 2 SENT from 16 to 9 at 1316051256.749401 standard 1
AFTER_LOCK2 * for 2 SENT from 16 to 9 at 1316051256.749401 standard 1
VSS_READY 451 for 2 SENT from 16 to 9 at 1316051256.749402 standard 1
BEFORE_LOCK * for 2 SENT from 16 to 10 at 1316051256.751208 standard 1
AFTER_LOCK * for 2 SENT from 16 to 10 at 1316051256.751209 standard 1
AFTER_AFTER_LOCK * for 2 SENT from 16 to 10 at 1316051256.751252 standard 1
AFTER_LOCK2 * for 2 SENT from 16 to 10 at 1316051256.751253 standard 1
VSS_READY 452 for 2 SENT from 16 to 10 at 1316051256.751253 standard 1
BEFORE_LOCK * for 2 SENT from 16 to 11 at 1316051256.752987 standard 1
AFTER_LOCK * for 2 SENT from 16 to 11 at 1316051256.752987 standard 1
AFTER_AFTER_LOCK * for 2 SENT from 16 to 11 at 1316051256.753027 standard 1
AFTER_LOCK2 * for 2 SENT from 16 to 11 at 1316051256.753027 standard 1
VSS_READY 453 for 2 SENT from 16 to 11 at 1316051256.753028 standard 1
BEFORE_LOCK * for 2 SENT from 16 to 12 at 1316051256.754753 standard 1
AFTER_LOCK * for 2 SENT from 16 to 12 at 1316051256.754753 standard 1
AFTER_AFTER_LOCK * for 2 SENT from 16 to 12 at 1316051256.754794 standard 1
AFTER_LOCK2 * for 2 SENT from 16 to 12 at 1316051256.754794 standard 1
VSS_READY 454 for 2 SENT from 16 to 12 at 1316051256.754794 standard 1
BEFORE_LOCK * for 2 SENT from 16 to 13 at 1316051256.756714 standard 1
AFTER_LOCK * for 2 SENT from 16 to 13 at 1316051256.756715 standard 1
AFTER_AFTER_LOCK * for 2 SENT from 16 to 13 at 1316051256.756755 standard 1
AFTER_LOCK2 * for 2 SENT from 16 to 13 at 1316051256.756755 standard 1
VSS_READY 455 for 2 SENT from 16 to 13 at 1316051256.756756 standard 1
BEFORE_LOCK * for 2 SENT from 16 to 14 at 1316051256.758487 standard 1
AFTER_LOCK * for 2 SENT from 16 to 14 at 1316051256.758488 standard 1
AFTER_AFTER_LOCK * for 2 SENT from 16 to 14 at 1316051256.758532 standard 1
AFTER_LOCK2 * for 2 SENT from 16 to 14 at 1316051256.758532 standard 1
VSS_READY 456 for 2 SENT from 16 to 14 at 1316051256.758533 standard 1
BEFORE_LOCK * for 2 SENT from 16 to 15 at 1316051256.760314 standard 1
AFTER_LOCK * for 2 SENT from 16 to 15 at 1316051256.760314 standard 1
AFTER_AFTER_LOCK * for 2 SENT from 16 to 15 at 1316051256.760321 standard 1
AFTER_LOCK2 * for 2 SENT from 16 to 15 at 1316051256.760321 standard 1
VSS_READY 457 for 2 SENT from 16 to 15 at 1316051256.760322 standard 1
BEFORE_LOCK * for 2 SENT from 16 to 16 at 1316051256.762017 standard 1
AFTER_LOCK * for 2 SENT from 16 to 16 at 1316051256.762018 standard 1
AFTER_AFTER_LOCK * for 2 SENT from 16 to 16 at 1316051256.762063 standard 1
AFTER_LOCK2 * for 2 SENT from 16 to 16 at 1316051256.762063 standard 1
VSS_READY 458 for 2 SENT from 16 to 16 at 1316051256.762063 standard 1
BEFORE_LOCK * for 2 SENT from 16 to 17 at 1316051256.763814 standard 1
AFTER_LOCK * for 2 SENT from 16 to 17 at 1316051256.763815 standard 1
AFTER_AFTER_LOCK * for 2 SENT from 16 to 17 at 1316051256.763855 standard 1
AFTER_LOCK2 * for 2 SENT from 16 to 17 at 1316051256.763855 standard 1
VSS_READY 459 for 2 SENT from 16 to 17 at 1316051256.763855 standard 1
BEFORE_LOCK * for 2 SENT from 16 to 18 at 1316051256.765697 standard 1
AFTER_LOCK * for 2 SENT from 16 to 18 at 1316051256.765697 standard 1
AFTER_AFTER_LOCK * for 2 SENT from 16 to 18 at 1316051256.765737 standard 1
AFTER_LOCK2 * for 2 SENT from 16 to 18 at 1316051256.765737 standard 1
VSS_READY 460 for 2 SENT from 16 to 18 at 1316051256.765737 standard 1
BEFORE_LOCK * for 2 SENT from 16 to 19 at 1316051256.767504 standard 1
AFTER_LOCK * for 2 SENT from 16 to 19 at 1316051256.767505 standard 1
AFTER_AFTER_LOCK * for 2 SENT from 16 to 19 at 1316051256.767545 standard 1
AFTER_LOCK2 * for 2 SENT from 16 to 19 at 1316051256.767545 standard 1
VSS_READY 461 for 2 SENT from 16 to 19 at 1316051256.767545 standard 1
BEFORE_LOCK * for 2 SENT from 16 to 20 at 1316051256.769417 standard 1
AFTER_LOCK * for 2 SENT from 16 to 20 at 1316051256.769417 standard 1
AFTER_AFTER_LOCK * for 2 SENT from 16 to 20 at 1316051256.769459 standard 1
AFTER_LOCK2 * for 2 SENT from 16 to 20 at 1316051256.769460 standard 1
VSS_READY 462 for 2 SENT from 16 to 20 at 1316051256.769460 standard 1
VSS_READY 415 for 2 RECEIVED from 7 to 16 at 1316051256.769499
VSS_READY 394 for 2 RECEIVED from 11 to 16 at 1316051256.783447
VSS_ECHO 346 for 2 RECEIVED from 15 to 16 at 1316051256.797453
VSS_READY 458 for 2 RECEIVED from 16 to 16 at 1316051256.805640
VSS_READY 599 for 2 RECEIVED from 1 to 16 at 1316051256.819683
VSS_READY 437 for 2 RECEIVED from 17 to 16 at 1316051256.833504
VSS_READY 451 for 2 RECEIVED from 14 to 16 at 1316051256.847384
VSS_READY 440 for 2 RECEIVED from 12 to 16 at 1316051256.861361
VSS_READY 273 for 2 RECEIVED from 5 to 16 at 1316051256.886958
DKG_SEND 830 for * RECEIVED from 1 to 16 at 1316051256.981192
DKG_ECHO 563 for 1 SENT from 16 to 1 at 1316051257.090665 standard 1
DKG_ECHO 564 for 1 SENT from 16 to 2 at 1316051257.092669 standard 1
DKG_ECHO 565 for 1 SENT from 16 to 3 at 1316051257.094439 standard 1
DKG_ECHO 566 for 1 SENT from 16 to 4 at 1316051257.096232 standard 1
DKG_ECHO 567 for 1 SENT from 16 to 5 at 1316051257.097925 standard 1
DKG_ECHO 568 for 1 SENT from 16 to 6 at 1316051257.099625 standard 1
DKG_ECHO 569 for 1 SENT from 16 to 7 at 1316051257.101379 standard 1
DKG_ECHO 570 for 1 SENT from 16 to 8 at 1316051257.103028 standard 1
DKG_ECHO 571 for 1 SENT from 16 to 9 at 1316051257.104722 standard 1
DKG_ECHO 572 for 1 SENT from 16 to 10 at 1316051257.106425 standard 1
DKG_ECHO 573 for 1 SENT from 16 to 11 at 1316051257.108165 standard 1
DKG_ECHO 574 for 1 SENT from 16 to 12 at 1316051257.109964 standard 1
DKG_ECHO 575 for 1 SENT from 16 to 13 at 1316051257.111724 standard 1
DKG_ECHO 576 for 1 SENT from 16 to 14 at 1316051257.113323 standard 1
DKG_ECHO 577 for 1 SENT from 16 to 15 at 1316051257.115089 standard 1
DKG_ECHO 578 for 1 SENT from 16 to 16 at 1316051257.116741 standard 1
DKG_ECHO 579 for 1 SENT from 16 to 17 at 1316051257.118426 standard 1
DKG_ECHO 580 for 1 SENT from 16 to 18 at 1316051257.120066 standard 1
DKG_ECHO 581 for 1 SENT from 16 to 19 at 1316051257.121789 standard 1
DKG_ECHO 582 for 1 SENT from 16 to 20 at 1316051257.123588 standard 1
DKG_ECHO 600 for 1 RECEIVED from 10 to 16 at 1316051257.123605
DKG_ECHO 601 for 1 RECEIVED from 7 to 16 at 1316051257.125584
DKG_ECHO 578 for 1 RECEIVED from 16 to 16 at 1316051257.127593
VSS_READY 404 for 2 RECEIVED from 19 to 16 at 1316051257.129535



*============================================
*2ENOUGH VSS_READY message for 16 at 1316051257.129535
*Threshold : Ready = 12
*Received Ready Message Num = 12
*VSS Share is complete for dealer 2
============================================

BEFORE_LOCK * for 2 SENT from 16 to 1 at 1316051257.144271 standard 1
AFTER_LOCK * for 2 SENT from 16 to 1 at 1316051257.144271 standard 1
AFTER_AFTER_LOCK * for 2 SENT from 16 to 1 at 1316051257.144312 standard 1
AFTER_LOCK2 * for 2 SENT from 16 to 1 at 1316051257.144312 standard 1
VSS_SHARED 637 for 2 SENT from 16 to 1 at 1316051257.144327 standard 1
DKG_ECHO 600 for 1 RECEIVED from 9 to 16 at 1316051257.152835
DKG_ECHO 580 for 1 RECEIVED from 17 to 16 at 1316051257.157794
DKG_ECHO 551 for 1 RECEIVED from 12 to 16 at 1316051257.172660
DKG_ECHO 599 for 1 RECEIVED from 4 to 16 at 1316051257.178739
DKG_ECHO 915 for 1 RECEIVED from 1 to 16 at 1316051257.207711
DKG_ECHO 601 for 1 RECEIVED from 14 to 16 at 1316051257.214824
VSS_READY 165 for 2 RECEIVED from 2 to 16 at 1316051257.280935
DKG_ECHO 572 for 1 RECEIVED from 11 to 16 at 1316051257.319742
DKG_ECHO 567 for 1 RECEIVED from 19 to 16 at 1316051257.443660
DKG_READY 1075 for 1 RECEIVED from 1 to 16 at 1316051257.520852
DKG_ECHO 428 for 1 RECEIVED from 5 to 16 at 1316051257.522864



============================================
*ENOUGH DKG_ECHO message for 16 at 1316051257.522864
*Threshold : Echo = 12
*Received Echo Message Num = 12
*DKG_Readys are sent out...
============================================

DKG_READY 771 for 1 SENT from 16 to 1 at 1316051257.526608 standard 1
DKG_READY 772 for 1 SENT from 16 to 2 at 1316051257.528319 standard 1
DKG_READY 773 for 1 SENT from 16 to 3 at 1316051257.529948 standard 1
DKG_READY 774 for 1 SENT from 16 to 4 at 1316051257.531723 standard 1
DKG_READY 775 for 1 SENT from 16 to 5 at 1316051257.533385 standard 1
DKG_READY 776 for 1 SENT from 16 to 6 at 1316051257.535132 standard 1
DKG_READY 777 for 1 SENT from 16 to 7 at 1316051257.536814 standard 1
DKG_READY 778 for 1 SENT from 16 to 8 at 1316051257.538512 standard 1
DKG_READY 779 for 1 SENT from 16 to 9 at 1316051257.540151 standard 1
DKG_READY 780 for 1 SENT from 16 to 10 at 1316051257.541818 standard 1
DKG_READY 781 for 1 SENT from 16 to 11 at 1316051257.543613 standard 1
DKG_READY 782 for 1 SENT from 16 to 12 at 1316051257.545292 standard 1
DKG_READY 783 for 1 SENT from 16 to 13 at 1316051257.546946 standard 1
DKG_READY 784 for 1 SENT from 16 to 14 at 1316051257.548638 standard 1
DKG_READY 785 for 1 SENT from 16 to 15 at 1316051257.550289 standard 1
DKG_READY 786 for 1 SENT from 16 to 16 at 1316051257.552034 standard 1
DKG_READY 787 for 1 SENT from 16 to 17 at 1316051257.553663 standard 1
DKG_READY 788 for 1 SENT from 16 to 18 at 1316051257.555321 standard 1
DKG_READY 789 for 1 SENT from 16 to 19 at 1316051257.556971 standard 1
DKG_READY 790 for 1 SENT from 16 to 20 at 1316051257.558785 standard 1
DKG_READY 785 for 1 RECEIVED from 9 to 16 at 1316051257.558803
DKG_READY 760 for 1 RECEIVED from 10 to 16 at 1316051257.560726
DKG_READY 761 for 1 RECEIVED from 7 to 16 at 1316051257.562676
DKG_READY 782 for 1 RECEIVED from 4 to 16 at 1316051257.564683
DKG_READY 786 for 1 RECEIVED from 16 to 16 at 1316051257.566612
DKG_READY 732 for 1 RECEIVED from 11 to 16 at 1316051257.575800
DKG_READY 765 for 1 RECEIVED from 17 to 16 at 1316051257.583818
DKG_READY 761 for 1 RECEIVED from 14 to 16 at 1316051257.609818
DKG_READY 778 for 1 RECEIVED from 12 to 16 at 1316051257.671769
VSS_ECHO 1245 for 3 RECEIVED from 1 to 16 at 1316051257.718002
VSS_READY 407 for 2 RECEIVED from 15 to 16 at 1316051257.751992
VSS_ECHO 913 for 3 RECEIVED from 12 to 16 at 1316051257.877524
VSS_ECHO 965 for 3 RECEIVED from 9 to 16 at 1316051257.885826
DKG_READY 750 for 1 RECEIVED from 19 to 16 at 1316051257.894094
DKG_READY 635 for 1 RECEIVED from 5 to 16 at 1316051257.896058



============================================
*2ENOUGH DKG_READY message for 16 at 1316051257.896058
*Threshold : Ready = 12
*Received Ready Message Num = 12
============================================

DKG_COMPLETE * for 1 RS from 16 to * at 1316051257.896058 :)
