\BOOKMARK [1][-]{section.1}{Security Model}{}
\BOOKMARK [2][-]{subsection.1.1}{Parties in the Model}{section.1}
\BOOKMARK [3][-]{section*.1}{User}{subsection.1.1}
\BOOKMARK [4][-]{section*.2}{Sender}{section*.1}
\BOOKMARK [4][-]{section*.3}{OSN}{section*.1}
\BOOKMARK [4][-]{section*.4}{PKG}{section*.1}
\BOOKMARK [4][-]{section*.5}{Friends of the sender}{section*.1}
\BOOKMARK [4][-]{section*.6}{Parties that are given access to the OSN}{section*.1}
\BOOKMARK [4][-]{section*.7}{Parties that are given access to user content}{section*.1}
\BOOKMARK [4][-]{section*.8}{Intended receivers}{section*.1}
\BOOKMARK [2][-]{subsection.1.2}{Desired Requirements of the Architecture}{section.1}
\BOOKMARK [3][-]{subsubsection.1.2.1}{Requirements on S}{subsection.1.2}
\BOOKMARK [3][-]{subsubsection.1.2.2}{Requirements on PKG}{subsection.1.2}
\BOOKMARK [2][-]{subsection.1.3}{Adversaries}{section.1}
\BOOKMARK [3][-]{subsubsection.1.3.1}{Passive Adversaries}{subsection.1.3}
\BOOKMARK [4][-]{section*.9}{OSN}{subsubsection.1.3.1}
\BOOKMARK [4][-]{section*.10}{PKG}{subsubsection.1.3.1}
\BOOKMARK [4][-]{section*.11}{Other parties}{subsubsection.1.3.1}
\BOOKMARK [3][-]{subsubsection.1.3.2}{Active Adversaries}{subsection.1.3}
\BOOKMARK [4][-]{section*.12}{OSN}{subsubsection.1.3.2}
\BOOKMARK [4][-]{section*.13}{PKG}{subsubsection.1.3.2}
\BOOKMARK [4][-]{section*.14}{Other parties actively attacking the OSN}{subsubsection.1.3.2}
\BOOKMARK [4][-]{section*.15}{Other parties actively attacking the PKG}{subsubsection.1.3.2}
\BOOKMARK [4][-]{section*.16}{Other parties actively attacking a user}{subsubsection.1.3.2}
\BOOKMARK [4][-]{section*.17}{Intended receivers breaking the social contract}{subsubsection.1.3.2}
